<?xml version="1.0" encoding="UTF-8"?>
<testsuite name="shoppingmall.paging.PagingTest" tests="1" skipped="0" failures="0" errors="0" timestamp="2024-04-29T10:41:38" hostname="hanjihun-ui-MacBookAir.local" time="1.618">
  <properties/>
  <testcase name="pageTest()" classname="shoppingmall.paging.PagingTest" time="1.618"/>
  <system-out><![CDATA[
  .   ____          _            __ _ _
 /\\ / ___'_ __ _ _(_)_ __  __ _ \ \ \ \
( ( )\___ | '_ | '_| | '_ \/ _` | \ \ \ \
 \\/  ___)| |_)| | | | | || (_| |  ) ) ) )
  '  |____| .__|_| |_|_| |_\__, | / / / /
 =========|_|==============|___/=/_/_/_/
 :: Spring Boot ::                (v3.2.3)

2024-04-29T19:41:27.162+09:00  INFO 58944 --- [project] [    Test worker] shoppingmall.paging.PagingTest           : Starting PagingTest using Java 21.0.1 with PID 58944 (started by hanjihoon in /Users/hanjihoon/Desktop/devel/project)
2024-04-29T19:41:27.166+09:00  INFO 58944 --- [project] [    Test worker] shoppingmall.paging.PagingTest           : No active profile set, falling back to 1 default profile: "default"
2024-04-29T19:41:28.926+09:00  INFO 58944 --- [project] [    Test worker] .s.d.r.c.RepositoryConfigurationDelegate : Bootstrapping Spring Data JPA repositories in DEFAULT mode.
2024-04-29T19:41:29.080+09:00  INFO 58944 --- [project] [    Test worker] .s.d.r.c.RepositoryConfigurationDelegate : Finished Spring Data repository scanning in 145 ms. Found 6 JPA repository interfaces.
2024-04-29T19:41:30.683+09:00  INFO 58944 --- [project] [    Test worker] o.hibernate.jpa.internal.util.LogHelper  : HHH000204: Processing PersistenceUnitInfo [name: default]
2024-04-29T19:41:30.741+09:00  INFO 58944 --- [project] [    Test worker] org.hibernate.Version                    : HHH000412: Hibernate ORM core version 6.4.4.Final
2024-04-29T19:41:30.781+09:00  INFO 58944 --- [project] [    Test worker] o.h.c.internal.RegionFactoryInitiator    : HHH000026: Second-level cache disabled
2024-04-29T19:41:31.004+09:00  INFO 58944 --- [project] [    Test worker] o.s.o.j.p.SpringPersistenceUnitInfo      : No LoadTimeWeaver setup: ignoring JPA class transformer
2024-04-29T19:41:31.032+09:00  INFO 58944 --- [project] [    Test worker] com.zaxxer.hikari.HikariDataSource       : HikariPool-1 - Starting...
2024-04-29T19:41:31.472+09:00  INFO 58944 --- [project] [    Test worker] com.zaxxer.hikari.pool.HikariPool        : HikariPool-1 - Added connection com.mysql.cj.jdbc.ConnectionImpl@25e796fe
2024-04-29T19:41:31.474+09:00  INFO 58944 --- [project] [    Test worker] com.zaxxer.hikari.HikariDataSource       : HikariPool-1 - Start completed.
2024-04-29T19:41:31.527+09:00  WARN 58944 --- [project] [    Test worker] org.hibernate.orm.deprecation            : HHH90000025: MySQLDialect does not need to be specified explicitly using 'hibernate.dialect' (remove the property setting and it will be selected by default)
2024-04-29T19:41:31.560+09:00 DEBUG 58944 --- [project] [    Test worker] o.h.t.d.sql.spi.DdlTypeRegistry          : addDescriptor(12, org.hibernate.type.descriptor.sql.internal.CapacityDependentDdlType@1835b783) replaced previous registration(org.hibernate.type.descriptor.sql.internal.CapacityDependentDdlType@456b140f)
2024-04-29T19:41:31.560+09:00 DEBUG 58944 --- [project] [    Test worker] o.h.t.d.sql.spi.DdlTypeRegistry          : addDescriptor(-9, org.hibernate.type.descriptor.sql.internal.CapacityDependentDdlType@2459333a) replaced previous registration(org.hibernate.type.descriptor.sql.internal.CapacityDependentDdlType@1e6bd367)
2024-04-29T19:41:31.560+09:00 DEBUG 58944 --- [project] [    Test worker] o.h.t.d.sql.spi.DdlTypeRegistry          : addDescriptor(-3, org.hibernate.type.descriptor.sql.internal.CapacityDependentDdlType@2bd7f686) replaced previous registration(org.hibernate.type.descriptor.sql.internal.CapacityDependentDdlType@3601549f)
2024-04-29T19:41:31.561+09:00 DEBUG 58944 --- [project] [    Test worker] o.h.t.d.sql.spi.DdlTypeRegistry          : addDescriptor(4003, org.hibernate.type.descriptor.sql.internal.DdlTypeImpl@5b2c7186) replaced previous registration(org.hibernate.type.descriptor.sql.internal.DdlTypeImpl@1b9c716f)
2024-04-29T19:41:31.561+09:00 DEBUG 58944 --- [project] [    Test worker] o.h.t.d.sql.spi.DdlTypeRegistry          : addDescriptor(4001, org.hibernate.type.descriptor.sql.internal.DdlTypeImpl@f6bc75c) replaced previous registration(org.hibernate.type.descriptor.sql.internal.DdlTypeImpl@33f2cf82)
2024-04-29T19:41:31.562+09:00 DEBUG 58944 --- [project] [    Test worker] o.h.t.d.sql.spi.DdlTypeRegistry          : addDescriptor(4002, org.hibernate.type.descriptor.sql.internal.DdlTypeImpl@bea283b) replaced previous registration(org.hibernate.type.descriptor.sql.internal.DdlTypeImpl@73852720)
2024-04-29T19:41:31.562+09:00 DEBUG 58944 --- [project] [    Test worker] o.h.t.d.sql.spi.DdlTypeRegistry          : addDescriptor(2004, org.hibernate.type.descriptor.sql.internal.CapacityDependentDdlType@22854f2b) replaced previous registration(org.hibernate.type.descriptor.sql.internal.DdlTypeImpl@7ae0a26)
2024-04-29T19:41:31.563+09:00 DEBUG 58944 --- [project] [    Test worker] o.h.t.d.sql.spi.DdlTypeRegistry          : addDescriptor(2005, org.hibernate.type.descriptor.sql.internal.CapacityDependentDdlType@5ddf5118) replaced previous registration(org.hibernate.type.descriptor.sql.internal.DdlTypeImpl@7b9d1a4)
2024-04-29T19:41:31.563+09:00 DEBUG 58944 --- [project] [    Test worker] o.h.t.d.sql.spi.DdlTypeRegistry          : addDescriptor(2011, org.hibernate.type.descriptor.sql.internal.CapacityDependentDdlType@fcd3a6f) replaced previous registration(org.hibernate.type.descriptor.sql.internal.DdlTypeImpl@7845ee8a)
2024-04-29T19:41:31.802+09:00  WARN 58944 --- [project] [    Test worker] o.h.boot.model.internal.EntityBinder     : HHH000457: Joined inheritance hierarchy [shoppingmall.project.domain.item.Item] defined explicit @DiscriminatorColumn.  Legacy Hibernate behavior was to ignore the @DiscriminatorColumn.  However, as part of issue HHH-6911 we now apply the explicit @DiscriminatorColumn.  If you would prefer the legacy behavior, enable the `hibernate.discriminator.ignore_explicit_for_joined` setting (hibernate.discriminator.ignore_explicit_for_joined=true)
2024-04-29T19:41:33.269+09:00  INFO 58944 --- [project] [    Test worker] o.h.e.t.j.p.i.JtaPlatformInitiator       : HHH000489: No JTA platform available (set 'hibernate.transaction.jta.platform' to enable JTA platform integration)
2024-04-29T19:41:33.293+09:00 DEBUG 58944 --- [project] [    Test worker] org.hibernate.SQL                        : 
    alter table book 
       drop 
       foreign key FKgohd8evkxf3j9a0p4jk5evpiv
Hibernate: 
    alter table book 
       drop 
       foreign key FKgohd8evkxf3j9a0p4jk5evpiv
2024-04-29T19:41:33.328+09:00  INFO 58944 --- [project] [    Test worker] p6spy                                    : #1714387293328 | took 17ms | statement | connection 1| url jdbc:mysql://127.0.0.1:3306/project?serverTimezone=Asia/Seoul

    alter table book 
       drop 
       foreign key FKgohd8evkxf3j9a0p4jk5evpiv

    alter table book 
       drop 
       foreign key FKgohd8evkxf3j9a0p4jk5evpiv;
2024-04-29T19:41:33.329+09:00 DEBUG 58944 --- [project] [    Test worker] org.hibernate.SQL                        : 
    alter table clothes 
       drop 
       foreign key FKfrrypr5bounfnme0otnw6ntnj
Hibernate: 
    alter table clothes 
       drop 
       foreign key FKfrrypr5bounfnme0otnw6ntnj
2024-04-29T19:41:33.336+09:00  INFO 58944 --- [project] [    Test worker] p6spy                                    : #1714387293336 | took 6ms | statement | connection 1| url jdbc:mysql://127.0.0.1:3306/project?serverTimezone=Asia/Seoul

    alter table clothes 
       drop 
       foreign key FKfrrypr5bounfnme0otnw6ntnj

    alter table clothes 
       drop 
       foreign key FKfrrypr5bounfnme0otnw6ntnj;
2024-04-29T19:41:33.338+09:00 DEBUG 58944 --- [project] [    Test worker] org.hibernate.SQL                        : 
    alter table delivery 
       drop 
       foreign key FKrj4x1c3g9p0sokuwtxhl9531o
Hibernate: 
    alter table delivery 
       drop 
       foreign key FKrj4x1c3g9p0sokuwtxhl9531o
2024-04-29T19:41:33.352+09:00  INFO 58944 --- [project] [    Test worker] p6spy                                    : #1714387293352 | took 13ms | statement | connection 1| url jdbc:mysql://127.0.0.1:3306/project?serverTimezone=Asia/Seoul

    alter table delivery 
       drop 
       foreign key FKrj4x1c3g9p0sokuwtxhl9531o

    alter table delivery 
       drop 
       foreign key FKrj4x1c3g9p0sokuwtxhl9531o;
2024-04-29T19:41:33.352+09:00 DEBUG 58944 --- [project] [    Test worker] org.hibernate.SQL                        : 
    alter table electronics 
       drop 
       foreign key FK8kyxyeb1taaggxitjp8ggykur
Hibernate: 
    alter table electronics 
       drop 
       foreign key FK8kyxyeb1taaggxitjp8ggykur
2024-04-29T19:41:33.356+09:00  INFO 58944 --- [project] [    Test worker] p6spy                                    : #1714387293356 | took 3ms | statement | connection 1| url jdbc:mysql://127.0.0.1:3306/project?serverTimezone=Asia/Seoul

    alter table electronics 
       drop 
       foreign key FK8kyxyeb1taaggxitjp8ggykur

    alter table electronics 
       drop 
       foreign key FK8kyxyeb1taaggxitjp8ggykur;
2024-04-29T19:41:33.357+09:00 DEBUG 58944 --- [project] [    Test worker] org.hibernate.SQL                        : 
    alter table food 
       drop 
       foreign key FKgw9gw7sxmirs8u5hdgqu5pvdy
Hibernate: 
    alter table food 
       drop 
       foreign key FKgw9gw7sxmirs8u5hdgqu5pvdy
2024-04-29T19:41:33.361+09:00  INFO 58944 --- [project] [    Test worker] p6spy                                    : #1714387293361 | took 3ms | statement | connection 1| url jdbc:mysql://127.0.0.1:3306/project?serverTimezone=Asia/Seoul

    alter table food 
       drop 
       foreign key FKgw9gw7sxmirs8u5hdgqu5pvdy

    alter table food 
       drop 
       foreign key FKgw9gw7sxmirs8u5hdgqu5pvdy;
2024-04-29T19:41:33.363+09:00 DEBUG 58944 --- [project] [    Test worker] org.hibernate.SQL                        : 
    alter table market 
       drop 
       foreign key FKowhcoktbhmu9etvo6hlvlwfx4
Hibernate: 
    alter table market 
       drop 
       foreign key FKowhcoktbhmu9etvo6hlvlwfx4
2024-04-29T19:41:33.370+09:00  INFO 58944 --- [project] [    Test worker] p6spy                                    : #1714387293370 | took 6ms | statement | connection 1| url jdbc:mysql://127.0.0.1:3306/project?serverTimezone=Asia/Seoul

    alter table market 
       drop 
       foreign key FKowhcoktbhmu9etvo6hlvlwfx4

    alter table market 
       drop 
       foreign key FKowhcoktbhmu9etvo6hlvlwfx4;
2024-04-29T19:41:33.371+09:00 DEBUG 58944 --- [project] [    Test worker] org.hibernate.SQL                        : 
    alter table market 
       drop 
       foreign key FK5oeg9umhsehgqdg9xdc604ncs
Hibernate: 
    alter table market 
       drop 
       foreign key FK5oeg9umhsehgqdg9xdc604ncs
2024-04-29T19:41:33.374+09:00  INFO 58944 --- [project] [    Test worker] p6spy                                    : #1714387293374 | took 3ms | statement | connection 1| url jdbc:mysql://127.0.0.1:3306/project?serverTimezone=Asia/Seoul

    alter table market 
       drop 
       foreign key FK5oeg9umhsehgqdg9xdc604ncs

    alter table market 
       drop 
       foreign key FK5oeg9umhsehgqdg9xdc604ncs;
2024-04-29T19:41:33.375+09:00 DEBUG 58944 --- [project] [    Test worker] org.hibernate.SQL                        : 
    alter table market 
       drop 
       foreign key FKnc9o1jahbb6fhmsvvnt33xb5r
Hibernate: 
    alter table market 
       drop 
       foreign key FKnc9o1jahbb6fhmsvvnt33xb5r
2024-04-29T19:41:33.378+09:00  INFO 58944 --- [project] [    Test worker] p6spy                                    : #1714387293378 | took 2ms | statement | connection 1| url jdbc:mysql://127.0.0.1:3306/project?serverTimezone=Asia/Seoul

    alter table market 
       drop 
       foreign key FKnc9o1jahbb6fhmsvvnt33xb5r

    alter table market 
       drop 
       foreign key FKnc9o1jahbb6fhmsvvnt33xb5r;
2024-04-29T19:41:33.379+09:00 DEBUG 58944 --- [project] [    Test worker] org.hibernate.SQL                        : 
    alter table purchase 
       drop 
       foreign key FKl6vafu62b771btlc33ihwh78t
Hibernate: 
    alter table purchase 
       drop 
       foreign key FKl6vafu62b771btlc33ihwh78t
2024-04-29T19:41:33.383+09:00  INFO 58944 --- [project] [    Test worker] p6spy                                    : #1714387293383 | took 3ms | statement | connection 1| url jdbc:mysql://127.0.0.1:3306/project?serverTimezone=Asia/Seoul

    alter table purchase 
       drop 
       foreign key FKl6vafu62b771btlc33ihwh78t

    alter table purchase 
       drop 
       foreign key FKl6vafu62b771btlc33ihwh78t;
2024-04-29T19:41:33.386+09:00 DEBUG 58944 --- [project] [    Test worker] org.hibernate.SQL                        : 
    alter table upload_file 
       drop 
       foreign key FKp2rhly1wcbh80jlxl2b4w8ed8
Hibernate: 
    alter table upload_file 
       drop 
       foreign key FKp2rhly1wcbh80jlxl2b4w8ed8
2024-04-29T19:41:33.390+09:00  INFO 58944 --- [project] [    Test worker] p6spy                                    : #1714387293390 | took 3ms | statement | connection 1| url jdbc:mysql://127.0.0.1:3306/project?serverTimezone=Asia/Seoul

    alter table upload_file 
       drop 
       foreign key FKp2rhly1wcbh80jlxl2b4w8ed8

    alter table upload_file 
       drop 
       foreign key FKp2rhly1wcbh80jlxl2b4w8ed8;
2024-04-29T19:41:33.390+09:00 DEBUG 58944 --- [project] [    Test worker] org.hibernate.SQL                        : 
    drop table if exists book
Hibernate: 
    drop table if exists book
2024-04-29T19:41:33.394+09:00  INFO 58944 --- [project] [    Test worker] p6spy                                    : #1714387293394 | took 3ms | statement | connection 1| url jdbc:mysql://127.0.0.1:3306/project?serverTimezone=Asia/Seoul

    drop table if exists book

    drop table if exists book;
2024-04-29T19:41:33.395+09:00 DEBUG 58944 --- [project] [    Test worker] org.hibernate.SQL                        : 
    drop table if exists clothes
Hibernate: 
    drop table if exists clothes
2024-04-29T19:41:33.399+09:00  INFO 58944 --- [project] [    Test worker] p6spy                                    : #1714387293399 | took 3ms | statement | connection 1| url jdbc:mysql://127.0.0.1:3306/project?serverTimezone=Asia/Seoul

    drop table if exists clothes

    drop table if exists clothes;
2024-04-29T19:41:33.400+09:00 DEBUG 58944 --- [project] [    Test worker] org.hibernate.SQL                        : 
    drop table if exists delivery
Hibernate: 
    drop table if exists delivery
2024-04-29T19:41:33.404+09:00  INFO 58944 --- [project] [    Test worker] p6spy                                    : #1714387293404 | took 4ms | statement | connection 1| url jdbc:mysql://127.0.0.1:3306/project?serverTimezone=Asia/Seoul

    drop table if exists delivery

    drop table if exists delivery;
2024-04-29T19:41:33.407+09:00 DEBUG 58944 --- [project] [    Test worker] org.hibernate.SQL                        : 
    drop table if exists delivery_seq
Hibernate: 
    drop table if exists delivery_seq
2024-04-29T19:41:33.411+09:00  INFO 58944 --- [project] [    Test worker] p6spy                                    : #1714387293411 | took 3ms | statement | connection 1| url jdbc:mysql://127.0.0.1:3306/project?serverTimezone=Asia/Seoul

    drop table if exists delivery_seq

    drop table if exists delivery_seq;
2024-04-29T19:41:33.411+09:00 DEBUG 58944 --- [project] [    Test worker] org.hibernate.SQL                        : 
    drop table if exists electronics
Hibernate: 
    drop table if exists electronics
2024-04-29T19:41:33.415+09:00  INFO 58944 --- [project] [    Test worker] p6spy                                    : #1714387293415 | took 3ms | statement | connection 1| url jdbc:mysql://127.0.0.1:3306/project?serverTimezone=Asia/Seoul

    drop table if exists electronics

    drop table if exists electronics;
2024-04-29T19:41:33.416+09:00 DEBUG 58944 --- [project] [    Test worker] org.hibernate.SQL                        : 
    drop table if exists food
Hibernate: 
    drop table if exists food
2024-04-29T19:41:33.418+09:00  INFO 58944 --- [project] [    Test worker] p6spy                                    : #1714387293418 | took 2ms | statement | connection 1| url jdbc:mysql://127.0.0.1:3306/project?serverTimezone=Asia/Seoul

    drop table if exists food

    drop table if exists food;
2024-04-29T19:41:33.420+09:00 DEBUG 58944 --- [project] [    Test worker] org.hibernate.SQL                        : 
    drop table if exists item
Hibernate: 
    drop table if exists item
2024-04-29T19:41:33.424+09:00  INFO 58944 --- [project] [    Test worker] p6spy                                    : #1714387293424 | took 3ms | statement | connection 1| url jdbc:mysql://127.0.0.1:3306/project?serverTimezone=Asia/Seoul

    drop table if exists item

    drop table if exists item;
2024-04-29T19:41:33.425+09:00 DEBUG 58944 --- [project] [    Test worker] org.hibernate.SQL                        : 
    drop table if exists item_seq
Hibernate: 
    drop table if exists item_seq
2024-04-29T19:41:33.428+09:00  INFO 58944 --- [project] [    Test worker] p6spy                                    : #1714387293428 | took 1ms | statement | connection 1| url jdbc:mysql://127.0.0.1:3306/project?serverTimezone=Asia/Seoul

    drop table if exists item_seq

    drop table if exists item_seq;
2024-04-29T19:41:33.431+09:00 DEBUG 58944 --- [project] [    Test worker] org.hibernate.SQL                        : 
    drop table if exists market
Hibernate: 
    drop table if exists market
2024-04-29T19:41:33.433+09:00  INFO 58944 --- [project] [    Test worker] p6spy                                    : #1714387293433 | took 2ms | statement | connection 1| url jdbc:mysql://127.0.0.1:3306/project?serverTimezone=Asia/Seoul

    drop table if exists market

    drop table if exists market;
2024-04-29T19:41:33.434+09:00 DEBUG 58944 --- [project] [    Test worker] org.hibernate.SQL                        : 
    drop table if exists market_seq
Hibernate: 
    drop table if exists market_seq
2024-04-29T19:41:33.437+09:00  INFO 58944 --- [project] [    Test worker] p6spy                                    : #1714387293437 | took 2ms | statement | connection 1| url jdbc:mysql://127.0.0.1:3306/project?serverTimezone=Asia/Seoul

    drop table if exists market_seq

    drop table if exists market_seq;
2024-04-29T19:41:33.437+09:00 DEBUG 58944 --- [project] [    Test worker] org.hibernate.SQL                        : 
    drop table if exists purchase
Hibernate: 
    drop table if exists purchase
2024-04-29T19:41:33.440+09:00  INFO 58944 --- [project] [    Test worker] p6spy                                    : #1714387293440 | took 2ms | statement | connection 1| url jdbc:mysql://127.0.0.1:3306/project?serverTimezone=Asia/Seoul

    drop table if exists purchase

    drop table if exists purchase;
2024-04-29T19:41:33.442+09:00 DEBUG 58944 --- [project] [    Test worker] org.hibernate.SQL                        : 
    drop table if exists purchase_seq
Hibernate: 
    drop table if exists purchase_seq
2024-04-29T19:41:33.444+09:00  INFO 58944 --- [project] [    Test worker] p6spy                                    : #1714387293444 | took 2ms | statement | connection 1| url jdbc:mysql://127.0.0.1:3306/project?serverTimezone=Asia/Seoul

    drop table if exists purchase_seq

    drop table if exists purchase_seq;
2024-04-29T19:41:33.445+09:00 DEBUG 58944 --- [project] [    Test worker] org.hibernate.SQL                        : 
    drop table if exists upload_file_seq
Hibernate: 
    drop table if exists upload_file_seq
2024-04-29T19:41:33.448+09:00  INFO 58944 --- [project] [    Test worker] p6spy                                    : #1714387293448 | took 2ms | statement | connection 1| url jdbc:mysql://127.0.0.1:3306/project?serverTimezone=Asia/Seoul

    drop table if exists upload_file_seq

    drop table if exists upload_file_seq;
2024-04-29T19:41:33.449+09:00 DEBUG 58944 --- [project] [    Test worker] org.hibernate.SQL                        : 
    drop table if exists upload_file
Hibernate: 
    drop table if exists upload_file
2024-04-29T19:41:33.452+09:00  INFO 58944 --- [project] [    Test worker] p6spy                                    : #1714387293452 | took 2ms | statement | connection 1| url jdbc:mysql://127.0.0.1:3306/project?serverTimezone=Asia/Seoul

    drop table if exists upload_file

    drop table if exists upload_file;
2024-04-29T19:41:33.452+09:00 DEBUG 58944 --- [project] [    Test worker] org.hibernate.SQL                        : 
    drop table if exists users
Hibernate: 
    drop table if exists users
2024-04-29T19:41:33.455+09:00  INFO 58944 --- [project] [    Test worker] p6spy                                    : #1714387293455 | took 3ms | statement | connection 1| url jdbc:mysql://127.0.0.1:3306/project?serverTimezone=Asia/Seoul

    drop table if exists users

    drop table if exists users;
2024-04-29T19:41:33.456+09:00 DEBUG 58944 --- [project] [    Test worker] org.hibernate.SQL                        : 
    drop table if exists users_seq
Hibernate: 
    drop table if exists users_seq
2024-04-29T19:41:33.459+09:00  INFO 58944 --- [project] [    Test worker] p6spy                                    : #1714387293459 | took 3ms | statement | connection 1| url jdbc:mysql://127.0.0.1:3306/project?serverTimezone=Asia/Seoul

    drop table if exists users_seq

    drop table if exists users_seq;
2024-04-29T19:41:33.468+09:00 DEBUG 58944 --- [project] [    Test worker] org.hibernate.SQL                        : 
    create table book (
        item_id bigint not null,
        author varchar(255),
        isbn varchar(255),
        primary key (item_id)
    ) engine=InnoDB
Hibernate: 
    create table book (
        item_id bigint not null,
        author varchar(255),
        isbn varchar(255),
        primary key (item_id)
    ) engine=InnoDB
2024-04-29T19:41:33.472+09:00  INFO 58944 --- [project] [    Test worker] p6spy                                    : #1714387293472 | took 3ms | statement | connection 2| url jdbc:mysql://127.0.0.1:3306/project?serverTimezone=Asia/Seoul

    create table book (
        item_id bigint not null,
        author varchar(255),
        isbn varchar(255),
        primary key (item_id)
    ) engine=InnoDB

    create table book (
        item_id bigint not null,
        author varchar(255),
        isbn varchar(255),
        primary key (item_id)
    ) engine=InnoDB;
2024-04-29T19:41:33.473+09:00 DEBUG 58944 --- [project] [    Test worker] org.hibernate.SQL                        : 
    create table clothes (
        size integer not null,
        item_id bigint not null,
        brand varchar(255),
        clothes_type enum ('PANTS','SHIRTS'),
        primary key (item_id)
    ) engine=InnoDB
Hibernate: 
    create table clothes (
        size integer not null,
        item_id bigint not null,
        brand varchar(255),
        clothes_type enum ('PANTS','SHIRTS'),
        primary key (item_id)
    ) engine=InnoDB
2024-04-29T19:41:33.476+09:00  INFO 58944 --- [project] [    Test worker] p6spy                                    : #1714387293476 | took 2ms | statement | connection 2| url jdbc:mysql://127.0.0.1:3306/project?serverTimezone=Asia/Seoul

    create table clothes (
        size integer not null,
        item_id bigint not null,
        brand varchar(255),
        clothes_type enum ('PANTS','SHIRTS'),
        primary key (item_id)
    ) engine=InnoDB

    create table clothes (
        size integer not null,
        item_id bigint not null,
        brand varchar(255),
        clothes_type enum ('PANTS','SHIRTS'),
        primary key (item_id)
    ) engine=InnoDB;
2024-04-29T19:41:33.479+09:00 DEBUG 58944 --- [project] [    Test worker] org.hibernate.SQL                        : 
    create table delivery (
        delivery_id bigint not null,
        order_time datetime(6),
        users_id bigint,
        city varchar(255),
        street varchar(255),
        zipcode varchar(255),
        status enum ('WAIT','CANCEL','DELIVERY'),
        primary key (delivery_id)
    ) engine=InnoDB
Hibernate: 
    create table delivery (
        delivery_id bigint not null,
        order_time datetime(6),
        users_id bigint,
        city varchar(255),
        street varchar(255),
        zipcode varchar(255),
        status enum ('WAIT','CANCEL','DELIVERY'),
        primary key (delivery_id)
    ) engine=InnoDB
2024-04-29T19:41:33.493+09:00  INFO 58944 --- [project] [    Test worker] p6spy                                    : #1714387293493 | took 13ms | statement | connection 2| url jdbc:mysql://127.0.0.1:3306/project?serverTimezone=Asia/Seoul

    create table delivery (
        delivery_id bigint not null,
        order_time datetime(6),
        users_id bigint,
        city varchar(255),
        street varchar(255),
        zipcode varchar(255),
        status enum ('WAIT','CANCEL','DELIVERY'),
        primary key (delivery_id)
    ) engine=InnoDB

    create table delivery (
        delivery_id bigint not null,
        order_time datetime(6),
        users_id bigint,
        city varchar(255),
        street varchar(255),
        zipcode varchar(255),
        status enum ('WAIT','CANCEL','DELIVERY'),
        primary key (delivery_id)
    ) engine=InnoDB;
2024-04-29T19:41:33.497+09:00 DEBUG 58944 --- [project] [    Test worker] org.hibernate.SQL                        : 
    create table delivery_seq (
        next_val bigint
    ) engine=InnoDB
Hibernate: 
    create table delivery_seq (
        next_val bigint
    ) engine=InnoDB
2024-04-29T19:41:33.502+09:00  INFO 58944 --- [project] [    Test worker] p6spy                                    : #1714387293502 | took 4ms | statement | connection 2| url jdbc:mysql://127.0.0.1:3306/project?serverTimezone=Asia/Seoul

    create table delivery_seq (
        next_val bigint
    ) engine=InnoDB

    create table delivery_seq (
        next_val bigint
    ) engine=InnoDB;
2024-04-29T19:41:33.502+09:00 DEBUG 58944 --- [project] [    Test worker] org.hibernate.SQL                        : 
    insert into delivery_seq values ( 1 )
Hibernate: 
    insert into delivery_seq values ( 1 )
2024-04-29T19:41:33.503+09:00  INFO 58944 --- [project] [    Test worker] p6spy                                    : #1714387293503 | took 0ms | statement | connection 2| url jdbc:mysql://127.0.0.1:3306/project?serverTimezone=Asia/Seoul

    insert into delivery_seq values ( 1 )

    insert into delivery_seq values ( 1 );
2024-04-29T19:41:33.504+09:00 DEBUG 58944 --- [project] [    Test worker] org.hibernate.SQL                        : 
    create table electronics (
        item_id bigint not null,
        brand varchar(255),
        primary key (item_id)
    ) engine=InnoDB
Hibernate: 
    create table electronics (
        item_id bigint not null,
        brand varchar(255),
        primary key (item_id)
    ) engine=InnoDB
2024-04-29T19:41:33.507+09:00  INFO 58944 --- [project] [    Test worker] p6spy                                    : #1714387293507 | took 2ms | statement | connection 2| url jdbc:mysql://127.0.0.1:3306/project?serverTimezone=Asia/Seoul

    create table electronics (
        item_id bigint not null,
        brand varchar(255),
        primary key (item_id)
    ) engine=InnoDB

    create table electronics (
        item_id bigint not null,
        brand varchar(255),
        primary key (item_id)
    ) engine=InnoDB;
2024-04-29T19:41:33.508+09:00 DEBUG 58944 --- [project] [    Test worker] org.hibernate.SQL                        : 
    create table food (
        item_id bigint not null,
        brand varchar(255),
        primary key (item_id)
    ) engine=InnoDB
Hibernate: 
    create table food (
        item_id bigint not null,
        brand varchar(255),
        primary key (item_id)
    ) engine=InnoDB
2024-04-29T19:41:33.511+09:00  INFO 58944 --- [project] [    Test worker] p6spy                                    : #1714387293511 | took 3ms | statement | connection 2| url jdbc:mysql://127.0.0.1:3306/project?serverTimezone=Asia/Seoul

    create table food (
        item_id bigint not null,
        brand varchar(255),
        primary key (item_id)
    ) engine=InnoDB

    create table food (
        item_id bigint not null,
        brand varchar(255),
        primary key (item_id)
    ) engine=InnoDB;
2024-04-29T19:41:33.514+09:00 DEBUG 58944 --- [project] [    Test worker] org.hibernate.SQL                        : 
    create table item (
        price integer not null,
        quantity integer not null,
        item_id bigint not null,
        dtype varchar(31) not null,
        name varchar(255),
        primary key (item_id)
    ) engine=InnoDB
Hibernate: 
    create table item (
        price integer not null,
        quantity integer not null,
        item_id bigint not null,
        dtype varchar(31) not null,
        name varchar(255),
        primary key (item_id)
    ) engine=InnoDB
2024-04-29T19:41:33.518+09:00  INFO 58944 --- [project] [    Test worker] p6spy                                    : #1714387293518 | took 2ms | statement | connection 2| url jdbc:mysql://127.0.0.1:3306/project?serverTimezone=Asia/Seoul

    create table item (
        price integer not null,
        quantity integer not null,
        item_id bigint not null,
        dtype varchar(31) not null,
        name varchar(255),
        primary key (item_id)
    ) engine=InnoDB

    create table item (
        price integer not null,
        quantity integer not null,
        item_id bigint not null,
        dtype varchar(31) not null,
        name varchar(255),
        primary key (item_id)
    ) engine=InnoDB;
2024-04-29T19:41:33.518+09:00 DEBUG 58944 --- [project] [    Test worker] org.hibernate.SQL                        : 
    create table item_seq (
        next_val bigint
    ) engine=InnoDB
Hibernate: 
    create table item_seq (
        next_val bigint
    ) engine=InnoDB
2024-04-29T19:41:33.521+09:00  INFO 58944 --- [project] [    Test worker] p6spy                                    : #1714387293521 | took 2ms | statement | connection 2| url jdbc:mysql://127.0.0.1:3306/project?serverTimezone=Asia/Seoul

    create table item_seq (
        next_val bigint
    ) engine=InnoDB

    create table item_seq (
        next_val bigint
    ) engine=InnoDB;
2024-04-29T19:41:33.523+09:00 DEBUG 58944 --- [project] [    Test worker] org.hibernate.SQL                        : 
    insert into item_seq values ( 1 )
Hibernate: 
    insert into item_seq values ( 1 )
2024-04-29T19:41:33.524+09:00  INFO 58944 --- [project] [    Test worker] p6spy                                    : #1714387293524 | took 1ms | statement | connection 2| url jdbc:mysql://127.0.0.1:3306/project?serverTimezone=Asia/Seoul

    insert into item_seq values ( 1 )

    insert into item_seq values ( 1 );
2024-04-29T19:41:33.532+09:00 DEBUG 58944 --- [project] [    Test worker] org.hibernate.SQL                        : 
    create table market (
        order_quantity integer not null,
        delivery_id bigint,
        item_id bigint,
        market_id bigint not null,
        user_id bigint,
        primary key (market_id)
    ) engine=InnoDB
Hibernate: 
    create table market (
        order_quantity integer not null,
        delivery_id bigint,
        item_id bigint,
        market_id bigint not null,
        user_id bigint,
        primary key (market_id)
    ) engine=InnoDB
2024-04-29T19:41:33.535+09:00  INFO 58944 --- [project] [    Test worker] p6spy                                    : #1714387293535 | took 3ms | statement | connection 2| url jdbc:mysql://127.0.0.1:3306/project?serverTimezone=Asia/Seoul

    create table market (
        order_quantity integer not null,
        delivery_id bigint,
        item_id bigint,
        market_id bigint not null,
        user_id bigint,
        primary key (market_id)
    ) engine=InnoDB

    create table market (
        order_quantity integer not null,
        delivery_id bigint,
        item_id bigint,
        market_id bigint not null,
        user_id bigint,
        primary key (market_id)
    ) engine=InnoDB;
2024-04-29T19:41:33.536+09:00 DEBUG 58944 --- [project] [    Test worker] org.hibernate.SQL                        : 
    create table market_seq (
        next_val bigint
    ) engine=InnoDB
Hibernate: 
    create table market_seq (
        next_val bigint
    ) engine=InnoDB
2024-04-29T19:41:33.539+09:00  INFO 58944 --- [project] [    Test worker] p6spy                                    : #1714387293539 | took 2ms | statement | connection 2| url jdbc:mysql://127.0.0.1:3306/project?serverTimezone=Asia/Seoul

    create table market_seq (
        next_val bigint
    ) engine=InnoDB

    create table market_seq (
        next_val bigint
    ) engine=InnoDB;
2024-04-29T19:41:33.540+09:00 DEBUG 58944 --- [project] [    Test worker] org.hibernate.SQL                        : 
    insert into market_seq values ( 1 )
Hibernate: 
    insert into market_seq values ( 1 )
2024-04-29T19:41:33.541+09:00  INFO 58944 --- [project] [    Test worker] p6spy                                    : #1714387293541 | took 1ms | statement | connection 2| url jdbc:mysql://127.0.0.1:3306/project?serverTimezone=Asia/Seoul

    insert into market_seq values ( 1 )

    insert into market_seq values ( 1 );
2024-04-29T19:41:33.542+09:00 DEBUG 58944 --- [project] [    Test worker] org.hibernate.SQL                        : 
    create table purchase (
        order_price integer not null,
        order_quantity integer not null,
        delivery_id bigint,
        purchase_id bigint not null,
        item_name varchar(255),
        primary key (purchase_id)
    ) engine=InnoDB
Hibernate: 
    create table purchase (
        order_price integer not null,
        order_quantity integer not null,
        delivery_id bigint,
        purchase_id bigint not null,
        item_name varchar(255),
        primary key (purchase_id)
    ) engine=InnoDB
2024-04-29T19:41:33.545+09:00  INFO 58944 --- [project] [    Test worker] p6spy                                    : #1714387293545 | took 3ms | statement | connection 2| url jdbc:mysql://127.0.0.1:3306/project?serverTimezone=Asia/Seoul

    create table purchase (
        order_price integer not null,
        order_quantity integer not null,
        delivery_id bigint,
        purchase_id bigint not null,
        item_name varchar(255),
        primary key (purchase_id)
    ) engine=InnoDB

    create table purchase (
        order_price integer not null,
        order_quantity integer not null,
        delivery_id bigint,
        purchase_id bigint not null,
        item_name varchar(255),
        primary key (purchase_id)
    ) engine=InnoDB;
2024-04-29T19:41:33.546+09:00 DEBUG 58944 --- [project] [    Test worker] org.hibernate.SQL                        : 
    create table purchase_seq (
        next_val bigint
    ) engine=InnoDB
Hibernate: 
    create table purchase_seq (
        next_val bigint
    ) engine=InnoDB
2024-04-29T19:41:33.549+09:00  INFO 58944 --- [project] [    Test worker] p6spy                                    : #1714387293549 | took 3ms | statement | connection 2| url jdbc:mysql://127.0.0.1:3306/project?serverTimezone=Asia/Seoul

    create table purchase_seq (
        next_val bigint
    ) engine=InnoDB

    create table purchase_seq (
        next_val bigint
    ) engine=InnoDB;
2024-04-29T19:41:33.551+09:00 DEBUG 58944 --- [project] [    Test worker] org.hibernate.SQL                        : 
    insert into purchase_seq values ( 1 )
Hibernate: 
    insert into purchase_seq values ( 1 )
2024-04-29T19:41:33.554+09:00  INFO 58944 --- [project] [    Test worker] p6spy                                    : #1714387293554 | took 2ms | statement | connection 2| url jdbc:mysql://127.0.0.1:3306/project?serverTimezone=Asia/Seoul

    insert into purchase_seq values ( 1 )

    insert into purchase_seq values ( 1 );
2024-04-29T19:41:33.554+09:00 DEBUG 58944 --- [project] [    Test worker] org.hibernate.SQL                        : 
    create table upload_file_seq (
        next_val bigint
    ) engine=InnoDB
Hibernate: 
    create table upload_file_seq (
        next_val bigint
    ) engine=InnoDB
2024-04-29T19:41:33.558+09:00  INFO 58944 --- [project] [    Test worker] p6spy                                    : #1714387293558 | took 3ms | statement | connection 2| url jdbc:mysql://127.0.0.1:3306/project?serverTimezone=Asia/Seoul

    create table upload_file_seq (
        next_val bigint
    ) engine=InnoDB

    create table upload_file_seq (
        next_val bigint
    ) engine=InnoDB;
2024-04-29T19:41:33.558+09:00 DEBUG 58944 --- [project] [    Test worker] org.hibernate.SQL                        : 
    insert into upload_file_seq values ( 1 )
Hibernate: 
    insert into upload_file_seq values ( 1 )
2024-04-29T19:41:33.560+09:00  INFO 58944 --- [project] [    Test worker] p6spy                                    : #1714387293560 | took 1ms | statement | connection 2| url jdbc:mysql://127.0.0.1:3306/project?serverTimezone=Asia/Seoul

    insert into upload_file_seq values ( 1 )

    insert into upload_file_seq values ( 1 );
2024-04-29T19:41:33.561+09:00 DEBUG 58944 --- [project] [    Test worker] org.hibernate.SQL                        : 
    create table upload_file (
        file_id bigint not null,
        item_id bigint,
        store_file_name tinytext,
        upload_file_name tinytext,
        primary key (file_id)
    ) engine=InnoDB
Hibernate: 
    create table upload_file (
        file_id bigint not null,
        item_id bigint,
        store_file_name tinytext,
        upload_file_name tinytext,
        primary key (file_id)
    ) engine=InnoDB
2024-04-29T19:41:33.567+09:00  INFO 58944 --- [project] [    Test worker] p6spy                                    : #1714387293567 | took 6ms | statement | connection 2| url jdbc:mysql://127.0.0.1:3306/project?serverTimezone=Asia/Seoul

    create table upload_file (
        file_id bigint not null,
        item_id bigint,
        store_file_name tinytext,
        upload_file_name tinytext,
        primary key (file_id)
    ) engine=InnoDB

    create table upload_file (
        file_id bigint not null,
        item_id bigint,
        store_file_name tinytext,
        upload_file_name tinytext,
        primary key (file_id)
    ) engine=InnoDB;
2024-04-29T19:41:33.569+09:00 DEBUG 58944 --- [project] [    Test worker] org.hibernate.SQL                        : 
    create table users (
        accumulated_amount integer not null,
        age integer,
        users_id bigint not null,
        city varchar(255),
        email varchar(255) not null,
        login_id varchar(255),
        name varchar(255),
        password varchar(255),
        street varchar(255),
        zipcode varchar(255),
        tier enum ('BRONZE','SILVER','GOLD','NORMAL'),
        primary key (users_id)
    ) engine=InnoDB
Hibernate: 
    create table users (
        accumulated_amount integer not null,
        age integer,
        users_id bigint not null,
        city varchar(255),
        email varchar(255) not null,
        login_id varchar(255),
        name varchar(255),
        password varchar(255),
        street varchar(255),
        zipcode varchar(255),
        tier enum ('BRONZE','SILVER','GOLD','NORMAL'),
        primary key (users_id)
    ) engine=InnoDB
2024-04-29T19:41:33.574+09:00  INFO 58944 --- [project] [    Test worker] p6spy                                    : #1714387293574 | took 4ms | statement | connection 2| url jdbc:mysql://127.0.0.1:3306/project?serverTimezone=Asia/Seoul

    create table users (
        accumulated_amount integer not null,
        age integer,
        users_id bigint not null,
        city varchar(255),
        email varchar(255) not null,
        login_id varchar(255),
        name varchar(255),
        password varchar(255),
        street varchar(255),
        zipcode varchar(255),
        tier enum ('BRONZE','SILVER','GOLD','NORMAL'),
        primary key (users_id)
    ) engine=InnoDB

    create table users (
        accumulated_amount integer not null,
        age integer,
        users_id bigint not null,
        city varchar(255),
        email varchar(255) not null,
        login_id varchar(255),
        name varchar(255),
        password varchar(255),
        street varchar(255),
        zipcode varchar(255),
        tier enum ('BRONZE','SILVER','GOLD','NORMAL'),
        primary key (users_id)
    ) engine=InnoDB;
2024-04-29T19:41:33.575+09:00 DEBUG 58944 --- [project] [    Test worker] org.hibernate.SQL                        : 
    create table users_seq (
        next_val bigint
    ) engine=InnoDB
Hibernate: 
    create table users_seq (
        next_val bigint
    ) engine=InnoDB
2024-04-29T19:41:33.579+09:00  INFO 58944 --- [project] [    Test worker] p6spy                                    : #1714387293579 | took 3ms | statement | connection 2| url jdbc:mysql://127.0.0.1:3306/project?serverTimezone=Asia/Seoul

    create table users_seq (
        next_val bigint
    ) engine=InnoDB

    create table users_seq (
        next_val bigint
    ) engine=InnoDB;
2024-04-29T19:41:33.579+09:00 DEBUG 58944 --- [project] [    Test worker] org.hibernate.SQL                        : 
    insert into users_seq values ( 1 )
Hibernate: 
    insert into users_seq values ( 1 )
2024-04-29T19:41:33.580+09:00  INFO 58944 --- [project] [    Test worker] p6spy                                    : #1714387293580 | took 1ms | statement | connection 2| url jdbc:mysql://127.0.0.1:3306/project?serverTimezone=Asia/Seoul

    insert into users_seq values ( 1 )

    insert into users_seq values ( 1 );
2024-04-29T19:41:33.581+09:00 DEBUG 58944 --- [project] [    Test worker] org.hibernate.SQL                        : 
    alter table market 
       add constraint UK_nyyn0kuks3fw6bsmccnjf1v6r unique (delivery_id)
Hibernate: 
    alter table market 
       add constraint UK_nyyn0kuks3fw6bsmccnjf1v6r unique (delivery_id)
2024-04-29T19:41:33.585+09:00  INFO 58944 --- [project] [    Test worker] p6spy                                    : #1714387293585 | took 3ms | statement | connection 2| url jdbc:mysql://127.0.0.1:3306/project?serverTimezone=Asia/Seoul

    alter table market 
       add constraint UK_nyyn0kuks3fw6bsmccnjf1v6r unique (delivery_id)

    alter table market 
       add constraint UK_nyyn0kuks3fw6bsmccnjf1v6r unique (delivery_id);
2024-04-29T19:41:33.585+09:00 DEBUG 58944 --- [project] [    Test worker] org.hibernate.SQL                        : 
    alter table users 
       add constraint UK_6dotkott2kjsp8vw4d0m25fb7 unique (email)
Hibernate: 
    alter table users 
       add constraint UK_6dotkott2kjsp8vw4d0m25fb7 unique (email)
2024-04-29T19:41:33.590+09:00  INFO 58944 --- [project] [    Test worker] p6spy                                    : #1714387293590 | took 4ms | statement | connection 2| url jdbc:mysql://127.0.0.1:3306/project?serverTimezone=Asia/Seoul

    alter table users 
       add constraint UK_6dotkott2kjsp8vw4d0m25fb7 unique (email)

    alter table users 
       add constraint UK_6dotkott2kjsp8vw4d0m25fb7 unique (email);
2024-04-29T19:41:33.591+09:00 DEBUG 58944 --- [project] [    Test worker] org.hibernate.SQL                        : 
    alter table book 
       add constraint FKgohd8evkxf3j9a0p4jk5evpiv 
       foreign key (item_id) 
       references item (item_id)
Hibernate: 
    alter table book 
       add constraint FKgohd8evkxf3j9a0p4jk5evpiv 
       foreign key (item_id) 
       references item (item_id)
2024-04-29T19:41:33.600+09:00  INFO 58944 --- [project] [    Test worker] p6spy                                    : #1714387293600 | took 8ms | statement | connection 2| url jdbc:mysql://127.0.0.1:3306/project?serverTimezone=Asia/Seoul

    alter table book 
       add constraint FKgohd8evkxf3j9a0p4jk5evpiv 
       foreign key (item_id) 
       references item (item_id)

    alter table book 
       add constraint FKgohd8evkxf3j9a0p4jk5evpiv 
       foreign key (item_id) 
       references item (item_id);
2024-04-29T19:41:33.601+09:00 DEBUG 58944 --- [project] [    Test worker] org.hibernate.SQL                        : 
    alter table clothes 
       add constraint FKfrrypr5bounfnme0otnw6ntnj 
       foreign key (item_id) 
       references item (item_id)
Hibernate: 
    alter table clothes 
       add constraint FKfrrypr5bounfnme0otnw6ntnj 
       foreign key (item_id) 
       references item (item_id)
2024-04-29T19:41:33.608+09:00  INFO 58944 --- [project] [    Test worker] p6spy                                    : #1714387293608 | took 6ms | statement | connection 2| url jdbc:mysql://127.0.0.1:3306/project?serverTimezone=Asia/Seoul

    alter table clothes 
       add constraint FKfrrypr5bounfnme0otnw6ntnj 
       foreign key (item_id) 
       references item (item_id)

    alter table clothes 
       add constraint FKfrrypr5bounfnme0otnw6ntnj 
       foreign key (item_id) 
       references item (item_id);
2024-04-29T19:41:33.608+09:00 DEBUG 58944 --- [project] [    Test worker] org.hibernate.SQL                        : 
    alter table delivery 
       add constraint FKrj4x1c3g9p0sokuwtxhl9531o 
       foreign key (users_id) 
       references users (users_id)
Hibernate: 
    alter table delivery 
       add constraint FKrj4x1c3g9p0sokuwtxhl9531o 
       foreign key (users_id) 
       references users (users_id)
2024-04-29T19:41:33.619+09:00  INFO 58944 --- [project] [    Test worker] p6spy                                    : #1714387293619 | took 10ms | statement | connection 2| url jdbc:mysql://127.0.0.1:3306/project?serverTimezone=Asia/Seoul

    alter table delivery 
       add constraint FKrj4x1c3g9p0sokuwtxhl9531o 
       foreign key (users_id) 
       references users (users_id)

    alter table delivery 
       add constraint FKrj4x1c3g9p0sokuwtxhl9531o 
       foreign key (users_id) 
       references users (users_id);
2024-04-29T19:41:33.620+09:00 DEBUG 58944 --- [project] [    Test worker] org.hibernate.SQL                        : 
    alter table electronics 
       add constraint FK8kyxyeb1taaggxitjp8ggykur 
       foreign key (item_id) 
       references item (item_id)
Hibernate: 
    alter table electronics 
       add constraint FK8kyxyeb1taaggxitjp8ggykur 
       foreign key (item_id) 
       references item (item_id)
2024-04-29T19:41:33.627+09:00  INFO 58944 --- [project] [    Test worker] p6spy                                    : #1714387293627 | took 7ms | statement | connection 2| url jdbc:mysql://127.0.0.1:3306/project?serverTimezone=Asia/Seoul

    alter table electronics 
       add constraint FK8kyxyeb1taaggxitjp8ggykur 
       foreign key (item_id) 
       references item (item_id)

    alter table electronics 
       add constraint FK8kyxyeb1taaggxitjp8ggykur 
       foreign key (item_id) 
       references item (item_id);
2024-04-29T19:41:33.628+09:00 DEBUG 58944 --- [project] [    Test worker] org.hibernate.SQL                        : 
    alter table food 
       add constraint FKgw9gw7sxmirs8u5hdgqu5pvdy 
       foreign key (item_id) 
       references item (item_id)
Hibernate: 
    alter table food 
       add constraint FKgw9gw7sxmirs8u5hdgqu5pvdy 
       foreign key (item_id) 
       references item (item_id)
2024-04-29T19:41:33.634+09:00  INFO 58944 --- [project] [    Test worker] p6spy                                    : #1714387293634 | took 6ms | statement | connection 2| url jdbc:mysql://127.0.0.1:3306/project?serverTimezone=Asia/Seoul

    alter table food 
       add constraint FKgw9gw7sxmirs8u5hdgqu5pvdy 
       foreign key (item_id) 
       references item (item_id)

    alter table food 
       add constraint FKgw9gw7sxmirs8u5hdgqu5pvdy 
       foreign key (item_id) 
       references item (item_id);
2024-04-29T19:41:33.636+09:00 DEBUG 58944 --- [project] [    Test worker] org.hibernate.SQL                        : 
    alter table market 
       add constraint FKowhcoktbhmu9etvo6hlvlwfx4 
       foreign key (delivery_id) 
       references delivery (delivery_id)
Hibernate: 
    alter table market 
       add constraint FKowhcoktbhmu9etvo6hlvlwfx4 
       foreign key (delivery_id) 
       references delivery (delivery_id)
2024-04-29T19:41:33.646+09:00  INFO 58944 --- [project] [    Test worker] p6spy                                    : #1714387293646 | took 8ms | statement | connection 2| url jdbc:mysql://127.0.0.1:3306/project?serverTimezone=Asia/Seoul

    alter table market 
       add constraint FKowhcoktbhmu9etvo6hlvlwfx4 
       foreign key (delivery_id) 
       references delivery (delivery_id)

    alter table market 
       add constraint FKowhcoktbhmu9etvo6hlvlwfx4 
       foreign key (delivery_id) 
       references delivery (delivery_id);
2024-04-29T19:41:33.647+09:00 DEBUG 58944 --- [project] [    Test worker] org.hibernate.SQL                        : 
    alter table market 
       add constraint FK5oeg9umhsehgqdg9xdc604ncs 
       foreign key (item_id) 
       references item (item_id)
Hibernate: 
    alter table market 
       add constraint FK5oeg9umhsehgqdg9xdc604ncs 
       foreign key (item_id) 
       references item (item_id)
2024-04-29T19:41:33.656+09:00  INFO 58944 --- [project] [    Test worker] p6spy                                    : #1714387293656 | took 8ms | statement | connection 2| url jdbc:mysql://127.0.0.1:3306/project?serverTimezone=Asia/Seoul

    alter table market 
       add constraint FK5oeg9umhsehgqdg9xdc604ncs 
       foreign key (item_id) 
       references item (item_id)

    alter table market 
       add constraint FK5oeg9umhsehgqdg9xdc604ncs 
       foreign key (item_id) 
       references item (item_id);
2024-04-29T19:41:33.657+09:00 DEBUG 58944 --- [project] [    Test worker] org.hibernate.SQL                        : 
    alter table market 
       add constraint FKnc9o1jahbb6fhmsvvnt33xb5r 
       foreign key (user_id) 
       references users (users_id)
Hibernate: 
    alter table market 
       add constraint FKnc9o1jahbb6fhmsvvnt33xb5r 
       foreign key (user_id) 
       references users (users_id)
2024-04-29T19:41:33.666+09:00  INFO 58944 --- [project] [    Test worker] p6spy                                    : #1714387293665 | took 7ms | statement | connection 2| url jdbc:mysql://127.0.0.1:3306/project?serverTimezone=Asia/Seoul

    alter table market 
       add constraint FKnc9o1jahbb6fhmsvvnt33xb5r 
       foreign key (user_id) 
       references users (users_id)

    alter table market 
       add constraint FKnc9o1jahbb6fhmsvvnt33xb5r 
       foreign key (user_id) 
       references users (users_id);
2024-04-29T19:41:33.666+09:00 DEBUG 58944 --- [project] [    Test worker] org.hibernate.SQL                        : 
    alter table purchase 
       add constraint FKl6vafu62b771btlc33ihwh78t 
       foreign key (delivery_id) 
       references delivery (delivery_id)
Hibernate: 
    alter table purchase 
       add constraint FKl6vafu62b771btlc33ihwh78t 
       foreign key (delivery_id) 
       references delivery (delivery_id)
2024-04-29T19:41:33.672+09:00  INFO 58944 --- [project] [    Test worker] p6spy                                    : #1714387293672 | took 5ms | statement | connection 2| url jdbc:mysql://127.0.0.1:3306/project?serverTimezone=Asia/Seoul

    alter table purchase 
       add constraint FKl6vafu62b771btlc33ihwh78t 
       foreign key (delivery_id) 
       references delivery (delivery_id)

    alter table purchase 
       add constraint FKl6vafu62b771btlc33ihwh78t 
       foreign key (delivery_id) 
       references delivery (delivery_id);
2024-04-29T19:41:33.672+09:00 DEBUG 58944 --- [project] [    Test worker] org.hibernate.SQL                        : 
    alter table upload_file 
       add constraint FKp2rhly1wcbh80jlxl2b4w8ed8 
       foreign key (item_id) 
       references item (item_id)
Hibernate: 
    alter table upload_file 
       add constraint FKp2rhly1wcbh80jlxl2b4w8ed8 
       foreign key (item_id) 
       references item (item_id)
2024-04-29T19:41:33.679+09:00  INFO 58944 --- [project] [    Test worker] p6spy                                    : #1714387293679 | took 6ms | statement | connection 2| url jdbc:mysql://127.0.0.1:3306/project?serverTimezone=Asia/Seoul

    alter table upload_file 
       add constraint FKp2rhly1wcbh80jlxl2b4w8ed8 
       foreign key (item_id) 
       references item (item_id)

    alter table upload_file 
       add constraint FKp2rhly1wcbh80jlxl2b4w8ed8 
       foreign key (item_id) 
       references item (item_id);
2024-04-29T19:41:33.684+09:00  INFO 58944 --- [project] [    Test worker] j.LocalContainerEntityManagerFactoryBean : Initialized JPA EntityManagerFactory for persistence unit 'default'
2024-04-29T19:41:34.574+09:00 DEBUG 58944 --- [project] [    Test worker] cResourceLocalTransactionCoordinatorImpl : JDBC transaction marked for rollback-only (exception provided for stack trace)

java.lang.Exception: exception just for purpose of providing stack trace
	at org.hibernate.resource.transaction.backend.jdbc.internal.JdbcResourceLocalTransactionCoordinatorImpl$TransactionDriverControlImpl.markRollbackOnly(JdbcResourceLocalTransactionCoordinatorImpl.java:310) ~[hibernate-core-6.4.4.Final.jar:6.4.4.Final]
	at org.hibernate.internal.AbstractSharedSessionContract.buildNamedQuery(AbstractSharedSessionContract.java:1097) ~[hibernate-core-6.4.4.Final.jar:6.4.4.Final]
	at org.hibernate.internal.AbstractSharedSessionContract.createNamedQuery(AbstractSharedSessionContract.java:975) ~[hibernate-core-6.4.4.Final.jar:6.4.4.Final]
	at org.hibernate.internal.AbstractSharedSessionContract.createNamedQuery(AbstractSharedSessionContract.java:136) ~[hibernate-core-6.4.4.Final.jar:6.4.4.Final]
	at java.base/jdk.internal.reflect.DirectMethodHandleAccessor.invoke(DirectMethodHandleAccessor.java:103) ~[na:na]
	at java.base/java.lang.reflect.Method.invoke(Method.java:580) ~[na:na]
	at org.springframework.orm.jpa.ExtendedEntityManagerCreator$ExtendedEntityManagerInvocationHandler.invoke(ExtendedEntityManagerCreator.java:364) ~[spring-orm-6.1.4.jar:6.1.4]
	at jdk.proxy3/jdk.proxy3.$Proxy145.createNamedQuery(Unknown Source) ~[na:na]
	at org.springframework.data.jpa.repository.query.NamedQuery.hasNamedQuery(NamedQuery.java:113) ~[spring-data-jpa-3.2.3.jar:3.2.3]
	at org.springframework.data.jpa.repository.query.NamedQuery.lookupFrom(NamedQuery.java:141) ~[spring-data-jpa-3.2.3.jar:3.2.3]
	at org.springframework.data.jpa.repository.query.JpaQueryLookupStrategy$DeclaredQueryLookupStrategy.resolveQuery(JpaQueryLookupStrategy.java:180) ~[spring-data-jpa-3.2.3.jar:3.2.3]
	at org.springframework.data.jpa.repository.query.JpaQueryLookupStrategy$CreateIfNotFoundQueryLookupStrategy.resolveQuery(JpaQueryLookupStrategy.java:252) ~[spring-data-jpa-3.2.3.jar:3.2.3]
	at org.springframework.data.jpa.repository.query.JpaQueryLookupStrategy$AbstractQueryLookupStrategy.resolveQuery(JpaQueryLookupStrategy.java:95) ~[spring-data-jpa-3.2.3.jar:3.2.3]
	at org.springframework.data.repository.core.support.QueryExecutorMethodInterceptor.lookupQuery(QueryExecutorMethodInterceptor.java:111) ~[spring-data-commons-3.2.3.jar:3.2.3]
	at org.springframework.data.repository.core.support.QueryExecutorMethodInterceptor.mapMethodsToQuery(QueryExecutorMethodInterceptor.java:99) ~[spring-data-commons-3.2.3.jar:3.2.3]
	at org.springframework.data.repository.core.support.QueryExecutorMethodInterceptor.lambda$new$0(QueryExecutorMethodInterceptor.java:88) ~[spring-data-commons-3.2.3.jar:3.2.3]
	at java.base/java.util.Optional.map(Optional.java:260) ~[na:na]
	at org.springframework.data.repository.core.support.QueryExecutorMethodInterceptor.<init>(QueryExecutorMethodInterceptor.java:88) ~[spring-data-commons-3.2.3.jar:3.2.3]
	at org.springframework.data.repository.core.support.RepositoryFactorySupport.getRepository(RepositoryFactorySupport.java:357) ~[spring-data-commons-3.2.3.jar:3.2.3]
	at org.springframework.data.repository.core.support.RepositoryFactoryBeanSupport.lambda$afterPropertiesSet$5(RepositoryFactoryBeanSupport.java:279) ~[spring-data-commons-3.2.3.jar:3.2.3]
	at org.springframework.data.util.Lazy.getNullable(Lazy.java:135) ~[spring-data-commons-3.2.3.jar:3.2.3]
	at org.springframework.data.util.Lazy.get(Lazy.java:113) ~[spring-data-commons-3.2.3.jar:3.2.3]
	at org.springframework.data.repository.core.support.RepositoryFactoryBeanSupport.afterPropertiesSet(RepositoryFactoryBeanSupport.java:285) ~[spring-data-commons-3.2.3.jar:3.2.3]
	at org.springframework.data.jpa.repository.support.JpaRepositoryFactoryBean.afterPropertiesSet(JpaRepositoryFactoryBean.java:132) ~[spring-data-jpa-3.2.3.jar:3.2.3]
	at org.springframework.beans.factory.support.AbstractAutowireCapableBeanFactory.invokeInitMethods(AbstractAutowireCapableBeanFactory.java:1833) ~[spring-beans-6.1.4.jar:6.1.4]
	at org.springframework.beans.factory.support.AbstractAutowireCapableBeanFactory.initializeBean(AbstractAutowireCapableBeanFactory.java:1782) ~[spring-beans-6.1.4.jar:6.1.4]
	at org.springframework.beans.factory.support.AbstractAutowireCapableBeanFactory.doCreateBean(AbstractAutowireCapableBeanFactory.java:600) ~[spring-beans-6.1.4.jar:6.1.4]
	at org.springframework.beans.factory.support.AbstractAutowireCapableBeanFactory.createBean(AbstractAutowireCapableBeanFactory.java:522) ~[spring-beans-6.1.4.jar:6.1.4]
	at org.springframework.beans.factory.support.AbstractBeanFactory.lambda$doGetBean$0(AbstractBeanFactory.java:325) ~[spring-beans-6.1.4.jar:6.1.4]
	at org.springframework.beans.factory.support.DefaultSingletonBeanRegistry.getSingleton(DefaultSingletonBeanRegistry.java:234) ~[spring-beans-6.1.4.jar:6.1.4]
	at org.springframework.beans.factory.support.AbstractBeanFactory.doGetBean(AbstractBeanFactory.java:323) ~[spring-beans-6.1.4.jar:6.1.4]
	at org.springframework.beans.factory.support.AbstractBeanFactory.getBean(AbstractBeanFactory.java:199) ~[spring-beans-6.1.4.jar:6.1.4]
	at org.springframework.beans.factory.config.DependencyDescriptor.resolveCandidate(DependencyDescriptor.java:254) ~[spring-beans-6.1.4.jar:6.1.4]
	at org.springframework.beans.factory.support.DefaultListableBeanFactory.doResolveDependency(DefaultListableBeanFactory.java:1443) ~[spring-beans-6.1.4.jar:6.1.4]
	at org.springframework.beans.factory.support.DefaultListableBeanFactory.resolveDependency(DefaultListableBeanFactory.java:1353) ~[spring-beans-6.1.4.jar:6.1.4]
	at org.springframework.beans.factory.support.ConstructorResolver.resolveAutowiredArgument(ConstructorResolver.java:907) ~[spring-beans-6.1.4.jar:6.1.4]
	at org.springframework.beans.factory.support.ConstructorResolver.createArgumentArray(ConstructorResolver.java:785) ~[spring-beans-6.1.4.jar:6.1.4]
	at org.springframework.beans.factory.support.ConstructorResolver.autowireConstructor(ConstructorResolver.java:237) ~[spring-beans-6.1.4.jar:6.1.4]
	at org.springframework.beans.factory.support.AbstractAutowireCapableBeanFactory.autowireConstructor(AbstractAutowireCapableBeanFactory.java:1355) ~[spring-beans-6.1.4.jar:6.1.4]
	at org.springframework.beans.factory.support.AbstractAutowireCapableBeanFactory.createBeanInstance(AbstractAutowireCapableBeanFactory.java:1192) ~[spring-beans-6.1.4.jar:6.1.4]
	at org.springframework.beans.factory.support.AbstractAutowireCapableBeanFactory.doCreateBean(AbstractAutowireCapableBeanFactory.java:562) ~[spring-beans-6.1.4.jar:6.1.4]
	at org.springframework.beans.factory.support.AbstractAutowireCapableBeanFactory.createBean(AbstractAutowireCapableBeanFactory.java:522) ~[spring-beans-6.1.4.jar:6.1.4]
	at org.springframework.beans.factory.support.AbstractBeanFactory.lambda$doGetBean$0(AbstractBeanFactory.java:325) ~[spring-beans-6.1.4.jar:6.1.4]
	at org.springframework.beans.factory.support.DefaultSingletonBeanRegistry.getSingleton(DefaultSingletonBeanRegistry.java:234) ~[spring-beans-6.1.4.jar:6.1.4]
	at org.springframework.beans.factory.support.AbstractBeanFactory.doGetBean(AbstractBeanFactory.java:323) ~[spring-beans-6.1.4.jar:6.1.4]
	at org.springframework.beans.factory.support.AbstractBeanFactory.getBean(AbstractBeanFactory.java:199) ~[spring-beans-6.1.4.jar:6.1.4]
	at org.springframework.beans.factory.support.DefaultListableBeanFactory.preInstantiateSingletons(DefaultListableBeanFactory.java:975) ~[spring-beans-6.1.4.jar:6.1.4]
	at org.springframework.context.support.AbstractApplicationContext.finishBeanFactoryInitialization(AbstractApplicationContext.java:959) ~[spring-context-6.1.4.jar:6.1.4]
	at org.springframework.context.support.AbstractApplicationContext.refresh(AbstractApplicationContext.java:624) ~[spring-context-6.1.4.jar:6.1.4]
	at org.springframework.boot.SpringApplication.refresh(SpringApplication.java:754) ~[spring-boot-3.2.3.jar:3.2.3]
	at org.springframework.boot.SpringApplication.refreshContext(SpringApplication.java:456) ~[spring-boot-3.2.3.jar:3.2.3]
	at org.springframework.boot.SpringApplication.run(SpringApplication.java:334) ~[spring-boot-3.2.3.jar:3.2.3]
	at org.springframework.boot.test.context.SpringBootContextLoader.lambda$loadContext$3(SpringBootContextLoader.java:137) ~[spring-boot-test-3.2.3.jar:3.2.3]
	at org.springframework.util.function.ThrowingSupplier.get(ThrowingSupplier.java:58) ~[spring-core-6.1.4.jar:6.1.4]
	at org.springframework.util.function.ThrowingSupplier.get(ThrowingSupplier.java:46) ~[spring-core-6.1.4.jar:6.1.4]
	at org.springframework.boot.SpringApplication.withHook(SpringApplication.java:1454) ~[spring-boot-3.2.3.jar:3.2.3]
	at org.springframework.boot.test.context.SpringBootContextLoader$ContextLoaderHook.run(SpringBootContextLoader.java:553) ~[spring-boot-test-3.2.3.jar:3.2.3]
	at org.springframework.boot.test.context.SpringBootContextLoader.loadContext(SpringBootContextLoader.java:137) ~[spring-boot-test-3.2.3.jar:3.2.3]
	at org.springframework.boot.test.context.SpringBootContextLoader.loadContext(SpringBootContextLoader.java:108) ~[spring-boot-test-3.2.3.jar:3.2.3]
	at org.springframework.test.context.cache.DefaultCacheAwareContextLoaderDelegate.loadContextInternal(DefaultCacheAwareContextLoaderDelegate.java:225) ~[spring-test-6.1.4.jar:6.1.4]
	at org.springframework.test.context.cache.DefaultCacheAwareContextLoaderDelegate.loadContext(DefaultCacheAwareContextLoaderDelegate.java:152) ~[spring-test-6.1.4.jar:6.1.4]
	at org.springframework.test.context.support.DefaultTestContext.getApplicationContext(DefaultTestContext.java:130) ~[spring-test-6.1.4.jar:6.1.4]
	at org.springframework.test.context.web.ServletTestExecutionListener.setUpRequestContextIfNecessary(ServletTestExecutionListener.java:191) ~[spring-test-6.1.4.jar:6.1.4]
	at org.springframework.test.context.web.ServletTestExecutionListener.prepareTestInstance(ServletTestExecutionListener.java:130) ~[spring-test-6.1.4.jar:6.1.4]
	at org.springframework.test.context.TestContextManager.prepareTestInstance(TestContextManager.java:260) ~[spring-test-6.1.4.jar:6.1.4]
	at org.springframework.test.context.junit.jupiter.SpringExtension.postProcessTestInstance(SpringExtension.java:163) ~[spring-test-6.1.4.jar:6.1.4]
	at org.junit.jupiter.engine.descriptor.ClassBasedTestDescriptor.lambda$invokeTestInstancePostProcessors$10(ClassBasedTestDescriptor.java:378) ~[junit-jupiter-engine-5.10.2.jar:5.10.2]
	at org.junit.jupiter.engine.descriptor.ClassBasedTestDescriptor.executeAndMaskThrowable(ClassBasedTestDescriptor.java:383) ~[junit-jupiter-engine-5.10.2.jar:5.10.2]
	at org.junit.jupiter.engine.descriptor.ClassBasedTestDescriptor.lambda$invokeTestInstancePostProcessors$11(ClassBasedTestDescriptor.java:378) ~[junit-jupiter-engine-5.10.2.jar:5.10.2]
	at java.base/java.util.stream.ReferencePipeline$3$1.accept(ReferencePipeline.java:197) ~[na:na]
	at java.base/java.util.stream.ReferencePipeline$2$1.accept(ReferencePipeline.java:179) ~[na:na]
	at java.base/java.util.ArrayList$ArrayListSpliterator.forEachRemaining(ArrayList.java:1708) ~[na:na]
	at java.base/java.util.stream.AbstractPipeline.copyInto(AbstractPipeline.java:509) ~[na:na]
	at java.base/java.util.stream.AbstractPipeline.wrapAndCopyInto(AbstractPipeline.java:499) ~[na:na]
	at java.base/java.util.stream.StreamSpliterators$WrappingSpliterator.forEachRemaining(StreamSpliterators.java:310) ~[na:na]
	at java.base/java.util.stream.Streams$ConcatSpliterator.forEachRemaining(Streams.java:735) ~[na:na]
	at java.base/java.util.stream.Streams$ConcatSpliterator.forEachRemaining(Streams.java:734) ~[na:na]
	at java.base/java.util.stream.ReferencePipeline$Head.forEach(ReferencePipeline.java:762) ~[na:na]
	at org.junit.jupiter.engine.descriptor.ClassBasedTestDescriptor.invokeTestInstancePostProcessors(ClassBasedTestDescriptor.java:377) ~[junit-jupiter-engine-5.10.2.jar:5.10.2]
	at org.junit.jupiter.engine.descriptor.ClassBasedTestDescriptor.lambda$instantiateAndPostProcessTestInstance$6(ClassBasedTestDescriptor.java:290) ~[junit-jupiter-engine-5.10.2.jar:5.10.2]
	at org.junit.platform.engine.support.hierarchical.ThrowableCollector.execute(ThrowableCollector.java:73) ~[junit-platform-engine-1.10.2.jar:1.10.2]
	at org.junit.jupiter.engine.descriptor.ClassBasedTestDescriptor.instantiateAndPostProcessTestInstance(ClassBasedTestDescriptor.java:289) ~[junit-jupiter-engine-5.10.2.jar:5.10.2]
	at org.junit.jupiter.engine.descriptor.ClassBasedTestDescriptor.lambda$testInstancesProvider$4(ClassBasedTestDescriptor.java:279) ~[junit-jupiter-engine-5.10.2.jar:5.10.2]
	at java.base/java.util.Optional.orElseGet(Optional.java:364) ~[na:na]
	at org.junit.jupiter.engine.descriptor.ClassBasedTestDescriptor.lambda$testInstancesProvider$5(ClassBasedTestDescriptor.java:278) ~[junit-jupiter-engine-5.10.2.jar:5.10.2]
	at org.junit.jupiter.engine.execution.TestInstancesProvider.getTestInstances(TestInstancesProvider.java:31) ~[junit-jupiter-engine-5.10.2.jar:5.10.2]
	at org.junit.jupiter.engine.descriptor.TestMethodTestDescriptor.lambda$prepare$0(TestMethodTestDescriptor.java:106) ~[junit-jupiter-engine-5.10.2.jar:5.10.2]
	at org.junit.platform.engine.support.hierarchical.ThrowableCollector.execute(ThrowableCollector.java:73) ~[junit-platform-engine-1.10.2.jar:1.10.2]
	at org.junit.jupiter.engine.descriptor.TestMethodTestDescriptor.prepare(TestMethodTestDescriptor.java:105) ~[junit-jupiter-engine-5.10.2.jar:5.10.2]
	at org.junit.jupiter.engine.descriptor.TestMethodTestDescriptor.prepare(TestMethodTestDescriptor.java:69) ~[junit-jupiter-engine-5.10.2.jar:5.10.2]
	at org.junit.platform.engine.support.hierarchical.NodeTestTask.lambda$prepare$2(NodeTestTask.java:123) ~[junit-platform-engine-1.10.2.jar:1.10.2]
	at org.junit.platform.engine.support.hierarchical.ThrowableCollector.execute(ThrowableCollector.java:73) ~[junit-platform-engine-1.10.2.jar:1.10.2]
	at org.junit.platform.engine.support.hierarchical.NodeTestTask.prepare(NodeTestTask.java:123) ~[junit-platform-engine-1.10.2.jar:1.10.2]
	at org.junit.platform.engine.support.hierarchical.NodeTestTask.execute(NodeTestTask.java:90) ~[junit-platform-engine-1.10.2.jar:1.10.2]
	at java.base/java.util.ArrayList.forEach(ArrayList.java:1596) ~[na:na]
	at org.junit.platform.engine.support.hierarchical.SameThreadHierarchicalTestExecutorService.invokeAll(SameThreadHierarchicalTestExecutorService.java:41) ~[junit-platform-engine-1.10.2.jar:1.10.2]
	at org.junit.platform.engine.support.hierarchical.NodeTestTask.lambda$executeRecursively$6(NodeTestTask.java:155) ~[junit-platform-engine-1.10.2.jar:1.10.2]
	at org.junit.platform.engine.support.hierarchical.ThrowableCollector.execute(ThrowableCollector.java:73) ~[junit-platform-engine-1.10.2.jar:1.10.2]
	at org.junit.platform.engine.support.hierarchical.NodeTestTask.lambda$executeRecursively$8(NodeTestTask.java:141) ~[junit-platform-engine-1.10.2.jar:1.10.2]
	at org.junit.platform.engine.support.hierarchical.Node.around(Node.java:137) ~[junit-platform-engine-1.10.2.jar:1.10.2]
	at org.junit.platform.engine.support.hierarchical.NodeTestTask.lambda$executeRecursively$9(NodeTestTask.java:139) ~[junit-platform-engine-1.10.2.jar:1.10.2]
	at org.junit.platform.engine.support.hierarchical.ThrowableCollector.execute(ThrowableCollector.java:73) ~[junit-platform-engine-1.10.2.jar:1.10.2]
	at org.junit.platform.engine.support.hierarchical.NodeTestTask.executeRecursively(NodeTestTask.java:138) ~[junit-platform-engine-1.10.2.jar:1.10.2]
	at org.junit.platform.engine.support.hierarchical.NodeTestTask.execute(NodeTestTask.java:95) ~[junit-platform-engine-1.10.2.jar:1.10.2]
	at java.base/java.util.ArrayList.forEach(ArrayList.java:1596) ~[na:na]
	at org.junit.platform.engine.support.hierarchical.SameThreadHierarchicalTestExecutorService.invokeAll(SameThreadHierarchicalTestExecutorService.java:41) ~[junit-platform-engine-1.10.2.jar:1.10.2]
	at org.junit.platform.engine.support.hierarchical.NodeTestTask.lambda$executeRecursively$6(NodeTestTask.java:155) ~[junit-platform-engine-1.10.2.jar:1.10.2]
	at org.junit.platform.engine.support.hierarchical.ThrowableCollector.execute(ThrowableCollector.java:73) ~[junit-platform-engine-1.10.2.jar:1.10.2]
	at org.junit.platform.engine.support.hierarchical.NodeTestTask.lambda$executeRecursively$8(NodeTestTask.java:141) ~[junit-platform-engine-1.10.2.jar:1.10.2]
	at org.junit.platform.engine.support.hierarchical.Node.around(Node.java:137) ~[junit-platform-engine-1.10.2.jar:1.10.2]
	at org.junit.platform.engine.support.hierarchical.NodeTestTask.lambda$executeRecursively$9(NodeTestTask.java:139) ~[junit-platform-engine-1.10.2.jar:1.10.2]
	at org.junit.platform.engine.support.hierarchical.ThrowableCollector.execute(ThrowableCollector.java:73) ~[junit-platform-engine-1.10.2.jar:1.10.2]
	at org.junit.platform.engine.support.hierarchical.NodeTestTask.executeRecursively(NodeTestTask.java:138) ~[junit-platform-engine-1.10.2.jar:1.10.2]
	at org.junit.platform.engine.support.hierarchical.NodeTestTask.execute(NodeTestTask.java:95) ~[junit-platform-engine-1.10.2.jar:1.10.2]
	at org.junit.platform.engine.support.hierarchical.SameThreadHierarchicalTestExecutorService.submit(SameThreadHierarchicalTestExecutorService.java:35) ~[junit-platform-engine-1.10.2.jar:1.10.2]
	at org.junit.platform.engine.support.hierarchical.HierarchicalTestExecutor.execute(HierarchicalTestExecutor.java:57) ~[junit-platform-engine-1.10.2.jar:1.10.2]
	at org.junit.platform.engine.support.hierarchical.HierarchicalTestEngine.execute(HierarchicalTestEngine.java:54) ~[junit-platform-engine-1.10.2.jar:1.10.2]
	at org.junit.platform.launcher.core.EngineExecutionOrchestrator.execute(EngineExecutionOrchestrator.java:107) ~[junit-platform-launcher-1.8.2.jar:1.8.2]
	at org.junit.platform.launcher.core.EngineExecutionOrchestrator.execute(EngineExecutionOrchestrator.java:88) ~[junit-platform-launcher-1.8.2.jar:1.8.2]
	at org.junit.platform.launcher.core.EngineExecutionOrchestrator.lambda$execute$0(EngineExecutionOrchestrator.java:54) ~[junit-platform-launcher-1.8.2.jar:1.8.2]
	at org.junit.platform.launcher.core.EngineExecutionOrchestrator.withInterceptedStreams(EngineExecutionOrchestrator.java:67) ~[junit-platform-launcher-1.8.2.jar:1.8.2]
	at org.junit.platform.launcher.core.EngineExecutionOrchestrator.execute(EngineExecutionOrchestrator.java:52) ~[junit-platform-launcher-1.8.2.jar:1.8.2]
	at org.junit.platform.launcher.core.DefaultLauncher.execute(DefaultLauncher.java:114) ~[junit-platform-launcher-1.8.2.jar:1.8.2]
	at org.junit.platform.launcher.core.DefaultLauncher.execute(DefaultLauncher.java:86) ~[junit-platform-launcher-1.8.2.jar:1.8.2]
	at org.junit.platform.launcher.core.DefaultLauncherSession$DelegatingLauncher.execute(DefaultLauncherSession.java:86) ~[junit-platform-launcher-1.8.2.jar:1.8.2]
	at org.gradle.api.internal.tasks.testing.junitplatform.JUnitPlatformTestClassProcessor$CollectAllTestClassesExecutor.processAllTestClasses(JUnitPlatformTestClassProcessor.java:119) ~[na:na]
	at org.gradle.api.internal.tasks.testing.junitplatform.JUnitPlatformTestClassProcessor$CollectAllTestClassesExecutor.access$000(JUnitPlatformTestClassProcessor.java:94) ~[na:na]
	at org.gradle.api.internal.tasks.testing.junitplatform.JUnitPlatformTestClassProcessor.stop(JUnitPlatformTestClassProcessor.java:89) ~[na:na]
	at org.gradle.api.internal.tasks.testing.SuiteTestClassProcessor.stop(SuiteTestClassProcessor.java:62) ~[na:na]
	at java.base/jdk.internal.reflect.DirectMethodHandleAccessor.invoke(DirectMethodHandleAccessor.java:103) ~[na:na]
	at java.base/java.lang.reflect.Method.invoke(Method.java:580) ~[na:na]
	at org.gradle.internal.dispatch.ReflectionDispatch.dispatch(ReflectionDispatch.java:36) ~[na:na]
	at org.gradle.internal.dispatch.ReflectionDispatch.dispatch(ReflectionDispatch.java:24) ~[na:na]
	at org.gradle.internal.dispatch.ContextClassLoaderDispatch.dispatch(ContextClassLoaderDispatch.java:33) ~[na:na]
	at org.gradle.internal.dispatch.ProxyDispatchAdapter$DispatchingInvocationHandler.invoke(ProxyDispatchAdapter.java:94) ~[na:na]
	at jdk.proxy1/jdk.proxy1.$Proxy2.stop(Unknown Source) ~[na:na]
	at org.gradle.api.internal.tasks.testing.worker.TestWorker$3.run(TestWorker.java:193) ~[na:na]
	at org.gradle.api.internal.tasks.testing.worker.TestWorker.executeAndMaintainThreadName(TestWorker.java:129) ~[na:na]
	at org.gradle.api.internal.tasks.testing.worker.TestWorker.execute(TestWorker.java:100) ~[na:na]
	at org.gradle.api.internal.tasks.testing.worker.TestWorker.execute(TestWorker.java:60) ~[na:na]
	at org.gradle.process.internal.worker.child.ActionExecutionWorker.execute(ActionExecutionWorker.java:56) ~[na:na]
	at org.gradle.process.internal.worker.child.SystemApplicationClassLoaderWorker.call(SystemApplicationClassLoaderWorker.java:113) ~[na:na]
	at org.gradle.process.internal.worker.child.SystemApplicationClassLoaderWorker.call(SystemApplicationClassLoaderWorker.java:65) ~[na:na]
	at worker.org.gradle.process.internal.worker.GradleWorkerMain.run(GradleWorkerMain.java:69) ~[gradle-worker.jar:na]
	at worker.org.gradle.process.internal.worker.GradleWorkerMain.main(GradleWorkerMain.java:74) ~[gradle-worker.jar:na]

2024-04-29T19:41:34.679+09:00 DEBUG 58944 --- [project] [    Test worker] cResourceLocalTransactionCoordinatorImpl : JDBC transaction marked for rollback-only (exception provided for stack trace)

java.lang.Exception: exception just for purpose of providing stack trace
	at org.hibernate.resource.transaction.backend.jdbc.internal.JdbcResourceLocalTransactionCoordinatorImpl$TransactionDriverControlImpl.markRollbackOnly(JdbcResourceLocalTransactionCoordinatorImpl.java:310) ~[hibernate-core-6.4.4.Final.jar:6.4.4.Final]
	at org.hibernate.internal.AbstractSharedSessionContract.buildNamedQuery(AbstractSharedSessionContract.java:1097) ~[hibernate-core-6.4.4.Final.jar:6.4.4.Final]
	at org.hibernate.internal.AbstractSharedSessionContract.createNamedQuery(AbstractSharedSessionContract.java:975) ~[hibernate-core-6.4.4.Final.jar:6.4.4.Final]
	at org.hibernate.internal.AbstractSharedSessionContract.createNamedQuery(AbstractSharedSessionContract.java:136) ~[hibernate-core-6.4.4.Final.jar:6.4.4.Final]
	at java.base/jdk.internal.reflect.DirectMethodHandleAccessor.invoke(DirectMethodHandleAccessor.java:103) ~[na:na]
	at java.base/java.lang.reflect.Method.invoke(Method.java:580) ~[na:na]
	at org.springframework.orm.jpa.ExtendedEntityManagerCreator$ExtendedEntityManagerInvocationHandler.invoke(ExtendedEntityManagerCreator.java:364) ~[spring-orm-6.1.4.jar:6.1.4]
	at jdk.proxy3/jdk.proxy3.$Proxy145.createNamedQuery(Unknown Source) ~[na:na]
	at org.springframework.data.jpa.repository.query.NamedQuery.hasNamedQuery(NamedQuery.java:113) ~[spring-data-jpa-3.2.3.jar:3.2.3]
	at org.springframework.data.jpa.repository.query.NamedQuery.lookupFrom(NamedQuery.java:141) ~[spring-data-jpa-3.2.3.jar:3.2.3]
	at org.springframework.data.jpa.repository.query.JpaQueryLookupStrategy$DeclaredQueryLookupStrategy.resolveQuery(JpaQueryLookupStrategy.java:180) ~[spring-data-jpa-3.2.3.jar:3.2.3]
	at org.springframework.data.jpa.repository.query.JpaQueryLookupStrategy$CreateIfNotFoundQueryLookupStrategy.resolveQuery(JpaQueryLookupStrategy.java:252) ~[spring-data-jpa-3.2.3.jar:3.2.3]
	at org.springframework.data.jpa.repository.query.JpaQueryLookupStrategy$AbstractQueryLookupStrategy.resolveQuery(JpaQueryLookupStrategy.java:95) ~[spring-data-jpa-3.2.3.jar:3.2.3]
	at org.springframework.data.repository.core.support.QueryExecutorMethodInterceptor.lookupQuery(QueryExecutorMethodInterceptor.java:111) ~[spring-data-commons-3.2.3.jar:3.2.3]
	at org.springframework.data.repository.core.support.QueryExecutorMethodInterceptor.mapMethodsToQuery(QueryExecutorMethodInterceptor.java:99) ~[spring-data-commons-3.2.3.jar:3.2.3]
	at org.springframework.data.repository.core.support.QueryExecutorMethodInterceptor.lambda$new$0(QueryExecutorMethodInterceptor.java:88) ~[spring-data-commons-3.2.3.jar:3.2.3]
	at java.base/java.util.Optional.map(Optional.java:260) ~[na:na]
	at org.springframework.data.repository.core.support.QueryExecutorMethodInterceptor.<init>(QueryExecutorMethodInterceptor.java:88) ~[spring-data-commons-3.2.3.jar:3.2.3]
	at org.springframework.data.repository.core.support.RepositoryFactorySupport.getRepository(RepositoryFactorySupport.java:357) ~[spring-data-commons-3.2.3.jar:3.2.3]
	at org.springframework.data.repository.core.support.RepositoryFactoryBeanSupport.lambda$afterPropertiesSet$5(RepositoryFactoryBeanSupport.java:279) ~[spring-data-commons-3.2.3.jar:3.2.3]
	at org.springframework.data.util.Lazy.getNullable(Lazy.java:135) ~[spring-data-commons-3.2.3.jar:3.2.3]
	at org.springframework.data.util.Lazy.get(Lazy.java:113) ~[spring-data-commons-3.2.3.jar:3.2.3]
	at org.springframework.data.repository.core.support.RepositoryFactoryBeanSupport.afterPropertiesSet(RepositoryFactoryBeanSupport.java:285) ~[spring-data-commons-3.2.3.jar:3.2.3]
	at org.springframework.data.jpa.repository.support.JpaRepositoryFactoryBean.afterPropertiesSet(JpaRepositoryFactoryBean.java:132) ~[spring-data-jpa-3.2.3.jar:3.2.3]
	at org.springframework.beans.factory.support.AbstractAutowireCapableBeanFactory.invokeInitMethods(AbstractAutowireCapableBeanFactory.java:1833) ~[spring-beans-6.1.4.jar:6.1.4]
	at org.springframework.beans.factory.support.AbstractAutowireCapableBeanFactory.initializeBean(AbstractAutowireCapableBeanFactory.java:1782) ~[spring-beans-6.1.4.jar:6.1.4]
	at org.springframework.beans.factory.support.AbstractAutowireCapableBeanFactory.doCreateBean(AbstractAutowireCapableBeanFactory.java:600) ~[spring-beans-6.1.4.jar:6.1.4]
	at org.springframework.beans.factory.support.AbstractAutowireCapableBeanFactory.createBean(AbstractAutowireCapableBeanFactory.java:522) ~[spring-beans-6.1.4.jar:6.1.4]
	at org.springframework.beans.factory.support.AbstractBeanFactory.lambda$doGetBean$0(AbstractBeanFactory.java:325) ~[spring-beans-6.1.4.jar:6.1.4]
	at org.springframework.beans.factory.support.DefaultSingletonBeanRegistry.getSingleton(DefaultSingletonBeanRegistry.java:234) ~[spring-beans-6.1.4.jar:6.1.4]
	at org.springframework.beans.factory.support.AbstractBeanFactory.doGetBean(AbstractBeanFactory.java:323) ~[spring-beans-6.1.4.jar:6.1.4]
	at org.springframework.beans.factory.support.AbstractBeanFactory.getBean(AbstractBeanFactory.java:199) ~[spring-beans-6.1.4.jar:6.1.4]
	at org.springframework.beans.factory.config.DependencyDescriptor.resolveCandidate(DependencyDescriptor.java:254) ~[spring-beans-6.1.4.jar:6.1.4]
	at org.springframework.beans.factory.support.DefaultListableBeanFactory.doResolveDependency(DefaultListableBeanFactory.java:1443) ~[spring-beans-6.1.4.jar:6.1.4]
	at org.springframework.beans.factory.support.DefaultListableBeanFactory.resolveDependency(DefaultListableBeanFactory.java:1353) ~[spring-beans-6.1.4.jar:6.1.4]
	at org.springframework.beans.factory.support.ConstructorResolver.resolveAutowiredArgument(ConstructorResolver.java:907) ~[spring-beans-6.1.4.jar:6.1.4]
	at org.springframework.beans.factory.support.ConstructorResolver.createArgumentArray(ConstructorResolver.java:785) ~[spring-beans-6.1.4.jar:6.1.4]
	at org.springframework.beans.factory.support.ConstructorResolver.autowireConstructor(ConstructorResolver.java:237) ~[spring-beans-6.1.4.jar:6.1.4]
	at org.springframework.beans.factory.support.AbstractAutowireCapableBeanFactory.autowireConstructor(AbstractAutowireCapableBeanFactory.java:1355) ~[spring-beans-6.1.4.jar:6.1.4]
	at org.springframework.beans.factory.support.AbstractAutowireCapableBeanFactory.createBeanInstance(AbstractAutowireCapableBeanFactory.java:1192) ~[spring-beans-6.1.4.jar:6.1.4]
	at org.springframework.beans.factory.support.AbstractAutowireCapableBeanFactory.doCreateBean(AbstractAutowireCapableBeanFactory.java:562) ~[spring-beans-6.1.4.jar:6.1.4]
	at org.springframework.beans.factory.support.AbstractAutowireCapableBeanFactory.createBean(AbstractAutowireCapableBeanFactory.java:522) ~[spring-beans-6.1.4.jar:6.1.4]
	at org.springframework.beans.factory.support.AbstractBeanFactory.lambda$doGetBean$0(AbstractBeanFactory.java:325) ~[spring-beans-6.1.4.jar:6.1.4]
	at org.springframework.beans.factory.support.DefaultSingletonBeanRegistry.getSingleton(DefaultSingletonBeanRegistry.java:234) ~[spring-beans-6.1.4.jar:6.1.4]
	at org.springframework.beans.factory.support.AbstractBeanFactory.doGetBean(AbstractBeanFactory.java:323) ~[spring-beans-6.1.4.jar:6.1.4]
	at org.springframework.beans.factory.support.AbstractBeanFactory.getBean(AbstractBeanFactory.java:199) ~[spring-beans-6.1.4.jar:6.1.4]
	at org.springframework.beans.factory.support.DefaultListableBeanFactory.preInstantiateSingletons(DefaultListableBeanFactory.java:975) ~[spring-beans-6.1.4.jar:6.1.4]
	at org.springframework.context.support.AbstractApplicationContext.finishBeanFactoryInitialization(AbstractApplicationContext.java:959) ~[spring-context-6.1.4.jar:6.1.4]
	at org.springframework.context.support.AbstractApplicationContext.refresh(AbstractApplicationContext.java:624) ~[spring-context-6.1.4.jar:6.1.4]
	at org.springframework.boot.SpringApplication.refresh(SpringApplication.java:754) ~[spring-boot-3.2.3.jar:3.2.3]
	at org.springframework.boot.SpringApplication.refreshContext(SpringApplication.java:456) ~[spring-boot-3.2.3.jar:3.2.3]
	at org.springframework.boot.SpringApplication.run(SpringApplication.java:334) ~[spring-boot-3.2.3.jar:3.2.3]
	at org.springframework.boot.test.context.SpringBootContextLoader.lambda$loadContext$3(SpringBootContextLoader.java:137) ~[spring-boot-test-3.2.3.jar:3.2.3]
	at org.springframework.util.function.ThrowingSupplier.get(ThrowingSupplier.java:58) ~[spring-core-6.1.4.jar:6.1.4]
	at org.springframework.util.function.ThrowingSupplier.get(ThrowingSupplier.java:46) ~[spring-core-6.1.4.jar:6.1.4]
	at org.springframework.boot.SpringApplication.withHook(SpringApplication.java:1454) ~[spring-boot-3.2.3.jar:3.2.3]
	at org.springframework.boot.test.context.SpringBootContextLoader$ContextLoaderHook.run(SpringBootContextLoader.java:553) ~[spring-boot-test-3.2.3.jar:3.2.3]
	at org.springframework.boot.test.context.SpringBootContextLoader.loadContext(SpringBootContextLoader.java:137) ~[spring-boot-test-3.2.3.jar:3.2.3]
	at org.springframework.boot.test.context.SpringBootContextLoader.loadContext(SpringBootContextLoader.java:108) ~[spring-boot-test-3.2.3.jar:3.2.3]
	at org.springframework.test.context.cache.DefaultCacheAwareContextLoaderDelegate.loadContextInternal(DefaultCacheAwareContextLoaderDelegate.java:225) ~[spring-test-6.1.4.jar:6.1.4]
	at org.springframework.test.context.cache.DefaultCacheAwareContextLoaderDelegate.loadContext(DefaultCacheAwareContextLoaderDelegate.java:152) ~[spring-test-6.1.4.jar:6.1.4]
	at org.springframework.test.context.support.DefaultTestContext.getApplicationContext(DefaultTestContext.java:130) ~[spring-test-6.1.4.jar:6.1.4]
	at org.springframework.test.context.web.ServletTestExecutionListener.setUpRequestContextIfNecessary(ServletTestExecutionListener.java:191) ~[spring-test-6.1.4.jar:6.1.4]
	at org.springframework.test.context.web.ServletTestExecutionListener.prepareTestInstance(ServletTestExecutionListener.java:130) ~[spring-test-6.1.4.jar:6.1.4]
	at org.springframework.test.context.TestContextManager.prepareTestInstance(TestContextManager.java:260) ~[spring-test-6.1.4.jar:6.1.4]
	at org.springframework.test.context.junit.jupiter.SpringExtension.postProcessTestInstance(SpringExtension.java:163) ~[spring-test-6.1.4.jar:6.1.4]
	at org.junit.jupiter.engine.descriptor.ClassBasedTestDescriptor.lambda$invokeTestInstancePostProcessors$10(ClassBasedTestDescriptor.java:378) ~[junit-jupiter-engine-5.10.2.jar:5.10.2]
	at org.junit.jupiter.engine.descriptor.ClassBasedTestDescriptor.executeAndMaskThrowable(ClassBasedTestDescriptor.java:383) ~[junit-jupiter-engine-5.10.2.jar:5.10.2]
	at org.junit.jupiter.engine.descriptor.ClassBasedTestDescriptor.lambda$invokeTestInstancePostProcessors$11(ClassBasedTestDescriptor.java:378) ~[junit-jupiter-engine-5.10.2.jar:5.10.2]
	at java.base/java.util.stream.ReferencePipeline$3$1.accept(ReferencePipeline.java:197) ~[na:na]
	at java.base/java.util.stream.ReferencePipeline$2$1.accept(ReferencePipeline.java:179) ~[na:na]
	at java.base/java.util.ArrayList$ArrayListSpliterator.forEachRemaining(ArrayList.java:1708) ~[na:na]
	at java.base/java.util.stream.AbstractPipeline.copyInto(AbstractPipeline.java:509) ~[na:na]
	at java.base/java.util.stream.AbstractPipeline.wrapAndCopyInto(AbstractPipeline.java:499) ~[na:na]
	at java.base/java.util.stream.StreamSpliterators$WrappingSpliterator.forEachRemaining(StreamSpliterators.java:310) ~[na:na]
	at java.base/java.util.stream.Streams$ConcatSpliterator.forEachRemaining(Streams.java:735) ~[na:na]
	at java.base/java.util.stream.Streams$ConcatSpliterator.forEachRemaining(Streams.java:734) ~[na:na]
	at java.base/java.util.stream.ReferencePipeline$Head.forEach(ReferencePipeline.java:762) ~[na:na]
	at org.junit.jupiter.engine.descriptor.ClassBasedTestDescriptor.invokeTestInstancePostProcessors(ClassBasedTestDescriptor.java:377) ~[junit-jupiter-engine-5.10.2.jar:5.10.2]
	at org.junit.jupiter.engine.descriptor.ClassBasedTestDescriptor.lambda$instantiateAndPostProcessTestInstance$6(ClassBasedTestDescriptor.java:290) ~[junit-jupiter-engine-5.10.2.jar:5.10.2]
	at org.junit.platform.engine.support.hierarchical.ThrowableCollector.execute(ThrowableCollector.java:73) ~[junit-platform-engine-1.10.2.jar:1.10.2]
	at org.junit.jupiter.engine.descriptor.ClassBasedTestDescriptor.instantiateAndPostProcessTestInstance(ClassBasedTestDescriptor.java:289) ~[junit-jupiter-engine-5.10.2.jar:5.10.2]
	at org.junit.jupiter.engine.descriptor.ClassBasedTestDescriptor.lambda$testInstancesProvider$4(ClassBasedTestDescriptor.java:279) ~[junit-jupiter-engine-5.10.2.jar:5.10.2]
	at java.base/java.util.Optional.orElseGet(Optional.java:364) ~[na:na]
	at org.junit.jupiter.engine.descriptor.ClassBasedTestDescriptor.lambda$testInstancesProvider$5(ClassBasedTestDescriptor.java:278) ~[junit-jupiter-engine-5.10.2.jar:5.10.2]
	at org.junit.jupiter.engine.execution.TestInstancesProvider.getTestInstances(TestInstancesProvider.java:31) ~[junit-jupiter-engine-5.10.2.jar:5.10.2]
	at org.junit.jupiter.engine.descriptor.TestMethodTestDescriptor.lambda$prepare$0(TestMethodTestDescriptor.java:106) ~[junit-jupiter-engine-5.10.2.jar:5.10.2]
	at org.junit.platform.engine.support.hierarchical.ThrowableCollector.execute(ThrowableCollector.java:73) ~[junit-platform-engine-1.10.2.jar:1.10.2]
	at org.junit.jupiter.engine.descriptor.TestMethodTestDescriptor.prepare(TestMethodTestDescriptor.java:105) ~[junit-jupiter-engine-5.10.2.jar:5.10.2]
	at org.junit.jupiter.engine.descriptor.TestMethodTestDescriptor.prepare(TestMethodTestDescriptor.java:69) ~[junit-jupiter-engine-5.10.2.jar:5.10.2]
	at org.junit.platform.engine.support.hierarchical.NodeTestTask.lambda$prepare$2(NodeTestTask.java:123) ~[junit-platform-engine-1.10.2.jar:1.10.2]
	at org.junit.platform.engine.support.hierarchical.ThrowableCollector.execute(ThrowableCollector.java:73) ~[junit-platform-engine-1.10.2.jar:1.10.2]
	at org.junit.platform.engine.support.hierarchical.NodeTestTask.prepare(NodeTestTask.java:123) ~[junit-platform-engine-1.10.2.jar:1.10.2]
	at org.junit.platform.engine.support.hierarchical.NodeTestTask.execute(NodeTestTask.java:90) ~[junit-platform-engine-1.10.2.jar:1.10.2]
	at java.base/java.util.ArrayList.forEach(ArrayList.java:1596) ~[na:na]
	at org.junit.platform.engine.support.hierarchical.SameThreadHierarchicalTestExecutorService.invokeAll(SameThreadHierarchicalTestExecutorService.java:41) ~[junit-platform-engine-1.10.2.jar:1.10.2]
	at org.junit.platform.engine.support.hierarchical.NodeTestTask.lambda$executeRecursively$6(NodeTestTask.java:155) ~[junit-platform-engine-1.10.2.jar:1.10.2]
	at org.junit.platform.engine.support.hierarchical.ThrowableCollector.execute(ThrowableCollector.java:73) ~[junit-platform-engine-1.10.2.jar:1.10.2]
	at org.junit.platform.engine.support.hierarchical.NodeTestTask.lambda$executeRecursively$8(NodeTestTask.java:141) ~[junit-platform-engine-1.10.2.jar:1.10.2]
	at org.junit.platform.engine.support.hierarchical.Node.around(Node.java:137) ~[junit-platform-engine-1.10.2.jar:1.10.2]
	at org.junit.platform.engine.support.hierarchical.NodeTestTask.lambda$executeRecursively$9(NodeTestTask.java:139) ~[junit-platform-engine-1.10.2.jar:1.10.2]
	at org.junit.platform.engine.support.hierarchical.ThrowableCollector.execute(ThrowableCollector.java:73) ~[junit-platform-engine-1.10.2.jar:1.10.2]
	at org.junit.platform.engine.support.hierarchical.NodeTestTask.executeRecursively(NodeTestTask.java:138) ~[junit-platform-engine-1.10.2.jar:1.10.2]
	at org.junit.platform.engine.support.hierarchical.NodeTestTask.execute(NodeTestTask.java:95) ~[junit-platform-engine-1.10.2.jar:1.10.2]
	at java.base/java.util.ArrayList.forEach(ArrayList.java:1596) ~[na:na]
	at org.junit.platform.engine.support.hierarchical.SameThreadHierarchicalTestExecutorService.invokeAll(SameThreadHierarchicalTestExecutorService.java:41) ~[junit-platform-engine-1.10.2.jar:1.10.2]
	at org.junit.platform.engine.support.hierarchical.NodeTestTask.lambda$executeRecursively$6(NodeTestTask.java:155) ~[junit-platform-engine-1.10.2.jar:1.10.2]
	at org.junit.platform.engine.support.hierarchical.ThrowableCollector.execute(ThrowableCollector.java:73) ~[junit-platform-engine-1.10.2.jar:1.10.2]
	at org.junit.platform.engine.support.hierarchical.NodeTestTask.lambda$executeRecursively$8(NodeTestTask.java:141) ~[junit-platform-engine-1.10.2.jar:1.10.2]
	at org.junit.platform.engine.support.hierarchical.Node.around(Node.java:137) ~[junit-platform-engine-1.10.2.jar:1.10.2]
	at org.junit.platform.engine.support.hierarchical.NodeTestTask.lambda$executeRecursively$9(NodeTestTask.java:139) ~[junit-platform-engine-1.10.2.jar:1.10.2]
	at org.junit.platform.engine.support.hierarchical.ThrowableCollector.execute(ThrowableCollector.java:73) ~[junit-platform-engine-1.10.2.jar:1.10.2]
	at org.junit.platform.engine.support.hierarchical.NodeTestTask.executeRecursively(NodeTestTask.java:138) ~[junit-platform-engine-1.10.2.jar:1.10.2]
	at org.junit.platform.engine.support.hierarchical.NodeTestTask.execute(NodeTestTask.java:95) ~[junit-platform-engine-1.10.2.jar:1.10.2]
	at org.junit.platform.engine.support.hierarchical.SameThreadHierarchicalTestExecutorService.submit(SameThreadHierarchicalTestExecutorService.java:35) ~[junit-platform-engine-1.10.2.jar:1.10.2]
	at org.junit.platform.engine.support.hierarchical.HierarchicalTestExecutor.execute(HierarchicalTestExecutor.java:57) ~[junit-platform-engine-1.10.2.jar:1.10.2]
	at org.junit.platform.engine.support.hierarchical.HierarchicalTestEngine.execute(HierarchicalTestEngine.java:54) ~[junit-platform-engine-1.10.2.jar:1.10.2]
	at org.junit.platform.launcher.core.EngineExecutionOrchestrator.execute(EngineExecutionOrchestrator.java:107) ~[junit-platform-launcher-1.8.2.jar:1.8.2]
	at org.junit.platform.launcher.core.EngineExecutionOrchestrator.execute(EngineExecutionOrchestrator.java:88) ~[junit-platform-launcher-1.8.2.jar:1.8.2]
	at org.junit.platform.launcher.core.EngineExecutionOrchestrator.lambda$execute$0(EngineExecutionOrchestrator.java:54) ~[junit-platform-launcher-1.8.2.jar:1.8.2]
	at org.junit.platform.launcher.core.EngineExecutionOrchestrator.withInterceptedStreams(EngineExecutionOrchestrator.java:67) ~[junit-platform-launcher-1.8.2.jar:1.8.2]
	at org.junit.platform.launcher.core.EngineExecutionOrchestrator.execute(EngineExecutionOrchestrator.java:52) ~[junit-platform-launcher-1.8.2.jar:1.8.2]
	at org.junit.platform.launcher.core.DefaultLauncher.execute(DefaultLauncher.java:114) ~[junit-platform-launcher-1.8.2.jar:1.8.2]
	at org.junit.platform.launcher.core.DefaultLauncher.execute(DefaultLauncher.java:86) ~[junit-platform-launcher-1.8.2.jar:1.8.2]
	at org.junit.platform.launcher.core.DefaultLauncherSession$DelegatingLauncher.execute(DefaultLauncherSession.java:86) ~[junit-platform-launcher-1.8.2.jar:1.8.2]
	at org.gradle.api.internal.tasks.testing.junitplatform.JUnitPlatformTestClassProcessor$CollectAllTestClassesExecutor.processAllTestClasses(JUnitPlatformTestClassProcessor.java:119) ~[na:na]
	at org.gradle.api.internal.tasks.testing.junitplatform.JUnitPlatformTestClassProcessor$CollectAllTestClassesExecutor.access$000(JUnitPlatformTestClassProcessor.java:94) ~[na:na]
	at org.gradle.api.internal.tasks.testing.junitplatform.JUnitPlatformTestClassProcessor.stop(JUnitPlatformTestClassProcessor.java:89) ~[na:na]
	at org.gradle.api.internal.tasks.testing.SuiteTestClassProcessor.stop(SuiteTestClassProcessor.java:62) ~[na:na]
	at java.base/jdk.internal.reflect.DirectMethodHandleAccessor.invoke(DirectMethodHandleAccessor.java:103) ~[na:na]
	at java.base/java.lang.reflect.Method.invoke(Method.java:580) ~[na:na]
	at org.gradle.internal.dispatch.ReflectionDispatch.dispatch(ReflectionDispatch.java:36) ~[na:na]
	at org.gradle.internal.dispatch.ReflectionDispatch.dispatch(ReflectionDispatch.java:24) ~[na:na]
	at org.gradle.internal.dispatch.ContextClassLoaderDispatch.dispatch(ContextClassLoaderDispatch.java:33) ~[na:na]
	at org.gradle.internal.dispatch.ProxyDispatchAdapter$DispatchingInvocationHandler.invoke(ProxyDispatchAdapter.java:94) ~[na:na]
	at jdk.proxy1/jdk.proxy1.$Proxy2.stop(Unknown Source) ~[na:na]
	at org.gradle.api.internal.tasks.testing.worker.TestWorker$3.run(TestWorker.java:193) ~[na:na]
	at org.gradle.api.internal.tasks.testing.worker.TestWorker.executeAndMaintainThreadName(TestWorker.java:129) ~[na:na]
	at org.gradle.api.internal.tasks.testing.worker.TestWorker.execute(TestWorker.java:100) ~[na:na]
	at org.gradle.api.internal.tasks.testing.worker.TestWorker.execute(TestWorker.java:60) ~[na:na]
	at org.gradle.process.internal.worker.child.ActionExecutionWorker.execute(ActionExecutionWorker.java:56) ~[na:na]
	at org.gradle.process.internal.worker.child.SystemApplicationClassLoaderWorker.call(SystemApplicationClassLoaderWorker.java:113) ~[na:na]
	at org.gradle.process.internal.worker.child.SystemApplicationClassLoaderWorker.call(SystemApplicationClassLoaderWorker.java:65) ~[na:na]
	at worker.org.gradle.process.internal.worker.GradleWorkerMain.run(GradleWorkerMain.java:69) ~[gradle-worker.jar:na]
	at worker.org.gradle.process.internal.worker.GradleWorkerMain.main(GradleWorkerMain.java:74) ~[gradle-worker.jar:na]

2024-04-29T19:41:35.037+09:00 DEBUG 58944 --- [project] [    Test worker] cResourceLocalTransactionCoordinatorImpl : JDBC transaction marked for rollback-only (exception provided for stack trace)

java.lang.Exception: exception just for purpose of providing stack trace
	at org.hibernate.resource.transaction.backend.jdbc.internal.JdbcResourceLocalTransactionCoordinatorImpl$TransactionDriverControlImpl.markRollbackOnly(JdbcResourceLocalTransactionCoordinatorImpl.java:310) ~[hibernate-core-6.4.4.Final.jar:6.4.4.Final]
	at org.hibernate.internal.AbstractSharedSessionContract.buildNamedQuery(AbstractSharedSessionContract.java:1097) ~[hibernate-core-6.4.4.Final.jar:6.4.4.Final]
	at org.hibernate.internal.AbstractSharedSessionContract.createNamedQuery(AbstractSharedSessionContract.java:975) ~[hibernate-core-6.4.4.Final.jar:6.4.4.Final]
	at org.hibernate.internal.AbstractSharedSessionContract.createNamedQuery(AbstractSharedSessionContract.java:136) ~[hibernate-core-6.4.4.Final.jar:6.4.4.Final]
	at java.base/jdk.internal.reflect.DirectMethodHandleAccessor.invoke(DirectMethodHandleAccessor.java:103) ~[na:na]
	at java.base/java.lang.reflect.Method.invoke(Method.java:580) ~[na:na]
	at org.springframework.orm.jpa.ExtendedEntityManagerCreator$ExtendedEntityManagerInvocationHandler.invoke(ExtendedEntityManagerCreator.java:364) ~[spring-orm-6.1.4.jar:6.1.4]
	at jdk.proxy3/jdk.proxy3.$Proxy145.createNamedQuery(Unknown Source) ~[na:na]
	at org.springframework.data.jpa.repository.query.NamedQuery.hasNamedQuery(NamedQuery.java:113) ~[spring-data-jpa-3.2.3.jar:3.2.3]
	at org.springframework.data.jpa.repository.query.NamedQuery.lookupFrom(NamedQuery.java:141) ~[spring-data-jpa-3.2.3.jar:3.2.3]
	at org.springframework.data.jpa.repository.query.JpaQueryLookupStrategy$DeclaredQueryLookupStrategy.resolveQuery(JpaQueryLookupStrategy.java:180) ~[spring-data-jpa-3.2.3.jar:3.2.3]
	at org.springframework.data.jpa.repository.query.JpaQueryLookupStrategy$CreateIfNotFoundQueryLookupStrategy.resolveQuery(JpaQueryLookupStrategy.java:252) ~[spring-data-jpa-3.2.3.jar:3.2.3]
	at org.springframework.data.jpa.repository.query.JpaQueryLookupStrategy$AbstractQueryLookupStrategy.resolveQuery(JpaQueryLookupStrategy.java:95) ~[spring-data-jpa-3.2.3.jar:3.2.3]
	at org.springframework.data.repository.core.support.QueryExecutorMethodInterceptor.lookupQuery(QueryExecutorMethodInterceptor.java:111) ~[spring-data-commons-3.2.3.jar:3.2.3]
	at org.springframework.data.repository.core.support.QueryExecutorMethodInterceptor.mapMethodsToQuery(QueryExecutorMethodInterceptor.java:99) ~[spring-data-commons-3.2.3.jar:3.2.3]
	at org.springframework.data.repository.core.support.QueryExecutorMethodInterceptor.lambda$new$0(QueryExecutorMethodInterceptor.java:88) ~[spring-data-commons-3.2.3.jar:3.2.3]
	at java.base/java.util.Optional.map(Optional.java:260) ~[na:na]
	at org.springframework.data.repository.core.support.QueryExecutorMethodInterceptor.<init>(QueryExecutorMethodInterceptor.java:88) ~[spring-data-commons-3.2.3.jar:3.2.3]
	at org.springframework.data.repository.core.support.RepositoryFactorySupport.getRepository(RepositoryFactorySupport.java:357) ~[spring-data-commons-3.2.3.jar:3.2.3]
	at org.springframework.data.repository.core.support.RepositoryFactoryBeanSupport.lambda$afterPropertiesSet$5(RepositoryFactoryBeanSupport.java:279) ~[spring-data-commons-3.2.3.jar:3.2.3]
	at org.springframework.data.util.Lazy.getNullable(Lazy.java:135) ~[spring-data-commons-3.2.3.jar:3.2.3]
	at org.springframework.data.util.Lazy.get(Lazy.java:113) ~[spring-data-commons-3.2.3.jar:3.2.3]
	at org.springframework.data.repository.core.support.RepositoryFactoryBeanSupport.afterPropertiesSet(RepositoryFactoryBeanSupport.java:285) ~[spring-data-commons-3.2.3.jar:3.2.3]
	at org.springframework.data.jpa.repository.support.JpaRepositoryFactoryBean.afterPropertiesSet(JpaRepositoryFactoryBean.java:132) ~[spring-data-jpa-3.2.3.jar:3.2.3]
	at org.springframework.beans.factory.support.AbstractAutowireCapableBeanFactory.invokeInitMethods(AbstractAutowireCapableBeanFactory.java:1833) ~[spring-beans-6.1.4.jar:6.1.4]
	at org.springframework.beans.factory.support.AbstractAutowireCapableBeanFactory.initializeBean(AbstractAutowireCapableBeanFactory.java:1782) ~[spring-beans-6.1.4.jar:6.1.4]
	at org.springframework.beans.factory.support.AbstractAutowireCapableBeanFactory.doCreateBean(AbstractAutowireCapableBeanFactory.java:600) ~[spring-beans-6.1.4.jar:6.1.4]
	at org.springframework.beans.factory.support.AbstractAutowireCapableBeanFactory.createBean(AbstractAutowireCapableBeanFactory.java:522) ~[spring-beans-6.1.4.jar:6.1.4]
	at org.springframework.beans.factory.support.AbstractBeanFactory.lambda$doGetBean$0(AbstractBeanFactory.java:325) ~[spring-beans-6.1.4.jar:6.1.4]
	at org.springframework.beans.factory.support.DefaultSingletonBeanRegistry.getSingleton(DefaultSingletonBeanRegistry.java:234) ~[spring-beans-6.1.4.jar:6.1.4]
	at org.springframework.beans.factory.support.AbstractBeanFactory.doGetBean(AbstractBeanFactory.java:323) ~[spring-beans-6.1.4.jar:6.1.4]
	at org.springframework.beans.factory.support.AbstractBeanFactory.getBean(AbstractBeanFactory.java:199) ~[spring-beans-6.1.4.jar:6.1.4]
	at org.springframework.beans.factory.config.DependencyDescriptor.resolveCandidate(DependencyDescriptor.java:254) ~[spring-beans-6.1.4.jar:6.1.4]
	at org.springframework.beans.factory.support.DefaultListableBeanFactory.doResolveDependency(DefaultListableBeanFactory.java:1443) ~[spring-beans-6.1.4.jar:6.1.4]
	at org.springframework.beans.factory.support.DefaultListableBeanFactory.resolveDependency(DefaultListableBeanFactory.java:1353) ~[spring-beans-6.1.4.jar:6.1.4]
	at org.springframework.beans.factory.support.ConstructorResolver.resolveAutowiredArgument(ConstructorResolver.java:907) ~[spring-beans-6.1.4.jar:6.1.4]
	at org.springframework.beans.factory.support.ConstructorResolver.createArgumentArray(ConstructorResolver.java:785) ~[spring-beans-6.1.4.jar:6.1.4]
	at org.springframework.beans.factory.support.ConstructorResolver.autowireConstructor(ConstructorResolver.java:237) ~[spring-beans-6.1.4.jar:6.1.4]
	at org.springframework.beans.factory.support.AbstractAutowireCapableBeanFactory.autowireConstructor(AbstractAutowireCapableBeanFactory.java:1355) ~[spring-beans-6.1.4.jar:6.1.4]
	at org.springframework.beans.factory.support.AbstractAutowireCapableBeanFactory.createBeanInstance(AbstractAutowireCapableBeanFactory.java:1192) ~[spring-beans-6.1.4.jar:6.1.4]
	at org.springframework.beans.factory.support.AbstractAutowireCapableBeanFactory.doCreateBean(AbstractAutowireCapableBeanFactory.java:562) ~[spring-beans-6.1.4.jar:6.1.4]
	at org.springframework.beans.factory.support.AbstractAutowireCapableBeanFactory.createBean(AbstractAutowireCapableBeanFactory.java:522) ~[spring-beans-6.1.4.jar:6.1.4]
	at org.springframework.beans.factory.support.AbstractBeanFactory.lambda$doGetBean$0(AbstractBeanFactory.java:325) ~[spring-beans-6.1.4.jar:6.1.4]
	at org.springframework.beans.factory.support.DefaultSingletonBeanRegistry.getSingleton(DefaultSingletonBeanRegistry.java:234) ~[spring-beans-6.1.4.jar:6.1.4]
	at org.springframework.beans.factory.support.AbstractBeanFactory.doGetBean(AbstractBeanFactory.java:323) ~[spring-beans-6.1.4.jar:6.1.4]
	at org.springframework.beans.factory.support.AbstractBeanFactory.getBean(AbstractBeanFactory.java:199) ~[spring-beans-6.1.4.jar:6.1.4]
	at org.springframework.beans.factory.support.DefaultListableBeanFactory.preInstantiateSingletons(DefaultListableBeanFactory.java:975) ~[spring-beans-6.1.4.jar:6.1.4]
	at org.springframework.context.support.AbstractApplicationContext.finishBeanFactoryInitialization(AbstractApplicationContext.java:959) ~[spring-context-6.1.4.jar:6.1.4]
	at org.springframework.context.support.AbstractApplicationContext.refresh(AbstractApplicationContext.java:624) ~[spring-context-6.1.4.jar:6.1.4]
	at org.springframework.boot.SpringApplication.refresh(SpringApplication.java:754) ~[spring-boot-3.2.3.jar:3.2.3]
	at org.springframework.boot.SpringApplication.refreshContext(SpringApplication.java:456) ~[spring-boot-3.2.3.jar:3.2.3]
	at org.springframework.boot.SpringApplication.run(SpringApplication.java:334) ~[spring-boot-3.2.3.jar:3.2.3]
	at org.springframework.boot.test.context.SpringBootContextLoader.lambda$loadContext$3(SpringBootContextLoader.java:137) ~[spring-boot-test-3.2.3.jar:3.2.3]
	at org.springframework.util.function.ThrowingSupplier.get(ThrowingSupplier.java:58) ~[spring-core-6.1.4.jar:6.1.4]
	at org.springframework.util.function.ThrowingSupplier.get(ThrowingSupplier.java:46) ~[spring-core-6.1.4.jar:6.1.4]
	at org.springframework.boot.SpringApplication.withHook(SpringApplication.java:1454) ~[spring-boot-3.2.3.jar:3.2.3]
	at org.springframework.boot.test.context.SpringBootContextLoader$ContextLoaderHook.run(SpringBootContextLoader.java:553) ~[spring-boot-test-3.2.3.jar:3.2.3]
	at org.springframework.boot.test.context.SpringBootContextLoader.loadContext(SpringBootContextLoader.java:137) ~[spring-boot-test-3.2.3.jar:3.2.3]
	at org.springframework.boot.test.context.SpringBootContextLoader.loadContext(SpringBootContextLoader.java:108) ~[spring-boot-test-3.2.3.jar:3.2.3]
	at org.springframework.test.context.cache.DefaultCacheAwareContextLoaderDelegate.loadContextInternal(DefaultCacheAwareContextLoaderDelegate.java:225) ~[spring-test-6.1.4.jar:6.1.4]
	at org.springframework.test.context.cache.DefaultCacheAwareContextLoaderDelegate.loadContext(DefaultCacheAwareContextLoaderDelegate.java:152) ~[spring-test-6.1.4.jar:6.1.4]
	at org.springframework.test.context.support.DefaultTestContext.getApplicationContext(DefaultTestContext.java:130) ~[spring-test-6.1.4.jar:6.1.4]
	at org.springframework.test.context.web.ServletTestExecutionListener.setUpRequestContextIfNecessary(ServletTestExecutionListener.java:191) ~[spring-test-6.1.4.jar:6.1.4]
	at org.springframework.test.context.web.ServletTestExecutionListener.prepareTestInstance(ServletTestExecutionListener.java:130) ~[spring-test-6.1.4.jar:6.1.4]
	at org.springframework.test.context.TestContextManager.prepareTestInstance(TestContextManager.java:260) ~[spring-test-6.1.4.jar:6.1.4]
	at org.springframework.test.context.junit.jupiter.SpringExtension.postProcessTestInstance(SpringExtension.java:163) ~[spring-test-6.1.4.jar:6.1.4]
	at org.junit.jupiter.engine.descriptor.ClassBasedTestDescriptor.lambda$invokeTestInstancePostProcessors$10(ClassBasedTestDescriptor.java:378) ~[junit-jupiter-engine-5.10.2.jar:5.10.2]
	at org.junit.jupiter.engine.descriptor.ClassBasedTestDescriptor.executeAndMaskThrowable(ClassBasedTestDescriptor.java:383) ~[junit-jupiter-engine-5.10.2.jar:5.10.2]
	at org.junit.jupiter.engine.descriptor.ClassBasedTestDescriptor.lambda$invokeTestInstancePostProcessors$11(ClassBasedTestDescriptor.java:378) ~[junit-jupiter-engine-5.10.2.jar:5.10.2]
	at java.base/java.util.stream.ReferencePipeline$3$1.accept(ReferencePipeline.java:197) ~[na:na]
	at java.base/java.util.stream.ReferencePipeline$2$1.accept(ReferencePipeline.java:179) ~[na:na]
	at java.base/java.util.ArrayList$ArrayListSpliterator.forEachRemaining(ArrayList.java:1708) ~[na:na]
	at java.base/java.util.stream.AbstractPipeline.copyInto(AbstractPipeline.java:509) ~[na:na]
	at java.base/java.util.stream.AbstractPipeline.wrapAndCopyInto(AbstractPipeline.java:499) ~[na:na]
	at java.base/java.util.stream.StreamSpliterators$WrappingSpliterator.forEachRemaining(StreamSpliterators.java:310) ~[na:na]
	at java.base/java.util.stream.Streams$ConcatSpliterator.forEachRemaining(Streams.java:735) ~[na:na]
	at java.base/java.util.stream.Streams$ConcatSpliterator.forEachRemaining(Streams.java:734) ~[na:na]
	at java.base/java.util.stream.ReferencePipeline$Head.forEach(ReferencePipeline.java:762) ~[na:na]
	at org.junit.jupiter.engine.descriptor.ClassBasedTestDescriptor.invokeTestInstancePostProcessors(ClassBasedTestDescriptor.java:377) ~[junit-jupiter-engine-5.10.2.jar:5.10.2]
	at org.junit.jupiter.engine.descriptor.ClassBasedTestDescriptor.lambda$instantiateAndPostProcessTestInstance$6(ClassBasedTestDescriptor.java:290) ~[junit-jupiter-engine-5.10.2.jar:5.10.2]
	at org.junit.platform.engine.support.hierarchical.ThrowableCollector.execute(ThrowableCollector.java:73) ~[junit-platform-engine-1.10.2.jar:1.10.2]
	at org.junit.jupiter.engine.descriptor.ClassBasedTestDescriptor.instantiateAndPostProcessTestInstance(ClassBasedTestDescriptor.java:289) ~[junit-jupiter-engine-5.10.2.jar:5.10.2]
	at org.junit.jupiter.engine.descriptor.ClassBasedTestDescriptor.lambda$testInstancesProvider$4(ClassBasedTestDescriptor.java:279) ~[junit-jupiter-engine-5.10.2.jar:5.10.2]
	at java.base/java.util.Optional.orElseGet(Optional.java:364) ~[na:na]
	at org.junit.jupiter.engine.descriptor.ClassBasedTestDescriptor.lambda$testInstancesProvider$5(ClassBasedTestDescriptor.java:278) ~[junit-jupiter-engine-5.10.2.jar:5.10.2]
	at org.junit.jupiter.engine.execution.TestInstancesProvider.getTestInstances(TestInstancesProvider.java:31) ~[junit-jupiter-engine-5.10.2.jar:5.10.2]
	at org.junit.jupiter.engine.descriptor.TestMethodTestDescriptor.lambda$prepare$0(TestMethodTestDescriptor.java:106) ~[junit-jupiter-engine-5.10.2.jar:5.10.2]
	at org.junit.platform.engine.support.hierarchical.ThrowableCollector.execute(ThrowableCollector.java:73) ~[junit-platform-engine-1.10.2.jar:1.10.2]
	at org.junit.jupiter.engine.descriptor.TestMethodTestDescriptor.prepare(TestMethodTestDescriptor.java:105) ~[junit-jupiter-engine-5.10.2.jar:5.10.2]
	at org.junit.jupiter.engine.descriptor.TestMethodTestDescriptor.prepare(TestMethodTestDescriptor.java:69) ~[junit-jupiter-engine-5.10.2.jar:5.10.2]
	at org.junit.platform.engine.support.hierarchical.NodeTestTask.lambda$prepare$2(NodeTestTask.java:123) ~[junit-platform-engine-1.10.2.jar:1.10.2]
	at org.junit.platform.engine.support.hierarchical.ThrowableCollector.execute(ThrowableCollector.java:73) ~[junit-platform-engine-1.10.2.jar:1.10.2]
	at org.junit.platform.engine.support.hierarchical.NodeTestTask.prepare(NodeTestTask.java:123) ~[junit-platform-engine-1.10.2.jar:1.10.2]
	at org.junit.platform.engine.support.hierarchical.NodeTestTask.execute(NodeTestTask.java:90) ~[junit-platform-engine-1.10.2.jar:1.10.2]
	at java.base/java.util.ArrayList.forEach(ArrayList.java:1596) ~[na:na]
	at org.junit.platform.engine.support.hierarchical.SameThreadHierarchicalTestExecutorService.invokeAll(SameThreadHierarchicalTestExecutorService.java:41) ~[junit-platform-engine-1.10.2.jar:1.10.2]
	at org.junit.platform.engine.support.hierarchical.NodeTestTask.lambda$executeRecursively$6(NodeTestTask.java:155) ~[junit-platform-engine-1.10.2.jar:1.10.2]
	at org.junit.platform.engine.support.hierarchical.ThrowableCollector.execute(ThrowableCollector.java:73) ~[junit-platform-engine-1.10.2.jar:1.10.2]
	at org.junit.platform.engine.support.hierarchical.NodeTestTask.lambda$executeRecursively$8(NodeTestTask.java:141) ~[junit-platform-engine-1.10.2.jar:1.10.2]
	at org.junit.platform.engine.support.hierarchical.Node.around(Node.java:137) ~[junit-platform-engine-1.10.2.jar:1.10.2]
	at org.junit.platform.engine.support.hierarchical.NodeTestTask.lambda$executeRecursively$9(NodeTestTask.java:139) ~[junit-platform-engine-1.10.2.jar:1.10.2]
	at org.junit.platform.engine.support.hierarchical.ThrowableCollector.execute(ThrowableCollector.java:73) ~[junit-platform-engine-1.10.2.jar:1.10.2]
	at org.junit.platform.engine.support.hierarchical.NodeTestTask.executeRecursively(NodeTestTask.java:138) ~[junit-platform-engine-1.10.2.jar:1.10.2]
	at org.junit.platform.engine.support.hierarchical.NodeTestTask.execute(NodeTestTask.java:95) ~[junit-platform-engine-1.10.2.jar:1.10.2]
	at java.base/java.util.ArrayList.forEach(ArrayList.java:1596) ~[na:na]
	at org.junit.platform.engine.support.hierarchical.SameThreadHierarchicalTestExecutorService.invokeAll(SameThreadHierarchicalTestExecutorService.java:41) ~[junit-platform-engine-1.10.2.jar:1.10.2]
	at org.junit.platform.engine.support.hierarchical.NodeTestTask.lambda$executeRecursively$6(NodeTestTask.java:155) ~[junit-platform-engine-1.10.2.jar:1.10.2]
	at org.junit.platform.engine.support.hierarchical.ThrowableCollector.execute(ThrowableCollector.java:73) ~[junit-platform-engine-1.10.2.jar:1.10.2]
	at org.junit.platform.engine.support.hierarchical.NodeTestTask.lambda$executeRecursively$8(NodeTestTask.java:141) ~[junit-platform-engine-1.10.2.jar:1.10.2]
	at org.junit.platform.engine.support.hierarchical.Node.around(Node.java:137) ~[junit-platform-engine-1.10.2.jar:1.10.2]
	at org.junit.platform.engine.support.hierarchical.NodeTestTask.lambda$executeRecursively$9(NodeTestTask.java:139) ~[junit-platform-engine-1.10.2.jar:1.10.2]
	at org.junit.platform.engine.support.hierarchical.ThrowableCollector.execute(ThrowableCollector.java:73) ~[junit-platform-engine-1.10.2.jar:1.10.2]
	at org.junit.platform.engine.support.hierarchical.NodeTestTask.executeRecursively(NodeTestTask.java:138) ~[junit-platform-engine-1.10.2.jar:1.10.2]
	at org.junit.platform.engine.support.hierarchical.NodeTestTask.execute(NodeTestTask.java:95) ~[junit-platform-engine-1.10.2.jar:1.10.2]
	at org.junit.platform.engine.support.hierarchical.SameThreadHierarchicalTestExecutorService.submit(SameThreadHierarchicalTestExecutorService.java:35) ~[junit-platform-engine-1.10.2.jar:1.10.2]
	at org.junit.platform.engine.support.hierarchical.HierarchicalTestExecutor.execute(HierarchicalTestExecutor.java:57) ~[junit-platform-engine-1.10.2.jar:1.10.2]
	at org.junit.platform.engine.support.hierarchical.HierarchicalTestEngine.execute(HierarchicalTestEngine.java:54) ~[junit-platform-engine-1.10.2.jar:1.10.2]
	at org.junit.platform.launcher.core.EngineExecutionOrchestrator.execute(EngineExecutionOrchestrator.java:107) ~[junit-platform-launcher-1.8.2.jar:1.8.2]
	at org.junit.platform.launcher.core.EngineExecutionOrchestrator.execute(EngineExecutionOrchestrator.java:88) ~[junit-platform-launcher-1.8.2.jar:1.8.2]
	at org.junit.platform.launcher.core.EngineExecutionOrchestrator.lambda$execute$0(EngineExecutionOrchestrator.java:54) ~[junit-platform-launcher-1.8.2.jar:1.8.2]
	at org.junit.platform.launcher.core.EngineExecutionOrchestrator.withInterceptedStreams(EngineExecutionOrchestrator.java:67) ~[junit-platform-launcher-1.8.2.jar:1.8.2]
	at org.junit.platform.launcher.core.EngineExecutionOrchestrator.execute(EngineExecutionOrchestrator.java:52) ~[junit-platform-launcher-1.8.2.jar:1.8.2]
	at org.junit.platform.launcher.core.DefaultLauncher.execute(DefaultLauncher.java:114) ~[junit-platform-launcher-1.8.2.jar:1.8.2]
	at org.junit.platform.launcher.core.DefaultLauncher.execute(DefaultLauncher.java:86) ~[junit-platform-launcher-1.8.2.jar:1.8.2]
	at org.junit.platform.launcher.core.DefaultLauncherSession$DelegatingLauncher.execute(DefaultLauncherSession.java:86) ~[junit-platform-launcher-1.8.2.jar:1.8.2]
	at org.gradle.api.internal.tasks.testing.junitplatform.JUnitPlatformTestClassProcessor$CollectAllTestClassesExecutor.processAllTestClasses(JUnitPlatformTestClassProcessor.java:119) ~[na:na]
	at org.gradle.api.internal.tasks.testing.junitplatform.JUnitPlatformTestClassProcessor$CollectAllTestClassesExecutor.access$000(JUnitPlatformTestClassProcessor.java:94) ~[na:na]
	at org.gradle.api.internal.tasks.testing.junitplatform.JUnitPlatformTestClassProcessor.stop(JUnitPlatformTestClassProcessor.java:89) ~[na:na]
	at org.gradle.api.internal.tasks.testing.SuiteTestClassProcessor.stop(SuiteTestClassProcessor.java:62) ~[na:na]
	at java.base/jdk.internal.reflect.DirectMethodHandleAccessor.invoke(DirectMethodHandleAccessor.java:103) ~[na:na]
	at java.base/java.lang.reflect.Method.invoke(Method.java:580) ~[na:na]
	at org.gradle.internal.dispatch.ReflectionDispatch.dispatch(ReflectionDispatch.java:36) ~[na:na]
	at org.gradle.internal.dispatch.ReflectionDispatch.dispatch(ReflectionDispatch.java:24) ~[na:na]
	at org.gradle.internal.dispatch.ContextClassLoaderDispatch.dispatch(ContextClassLoaderDispatch.java:33) ~[na:na]
	at org.gradle.internal.dispatch.ProxyDispatchAdapter$DispatchingInvocationHandler.invoke(ProxyDispatchAdapter.java:94) ~[na:na]
	at jdk.proxy1/jdk.proxy1.$Proxy2.stop(Unknown Source) ~[na:na]
	at org.gradle.api.internal.tasks.testing.worker.TestWorker$3.run(TestWorker.java:193) ~[na:na]
	at org.gradle.api.internal.tasks.testing.worker.TestWorker.executeAndMaintainThreadName(TestWorker.java:129) ~[na:na]
	at org.gradle.api.internal.tasks.testing.worker.TestWorker.execute(TestWorker.java:100) ~[na:na]
	at org.gradle.api.internal.tasks.testing.worker.TestWorker.execute(TestWorker.java:60) ~[na:na]
	at org.gradle.process.internal.worker.child.ActionExecutionWorker.execute(ActionExecutionWorker.java:56) ~[na:na]
	at org.gradle.process.internal.worker.child.SystemApplicationClassLoaderWorker.call(SystemApplicationClassLoaderWorker.java:113) ~[na:na]
	at org.gradle.process.internal.worker.child.SystemApplicationClassLoaderWorker.call(SystemApplicationClassLoaderWorker.java:65) ~[na:na]
	at worker.org.gradle.process.internal.worker.GradleWorkerMain.run(GradleWorkerMain.java:69) ~[gradle-worker.jar:na]
	at worker.org.gradle.process.internal.worker.GradleWorkerMain.main(GradleWorkerMain.java:74) ~[gradle-worker.jar:na]

2024-04-29T19:41:36.224+09:00  WARN 58944 --- [project] [    Test worker] JpaBaseConfiguration$JpaWebConfiguration : spring.jpa.open-in-view is enabled by default. Therefore, database queries may be performed during view rendering. Explicitly configure spring.jpa.open-in-view to disable this warning
2024-04-29T19:41:37.107+09:00  INFO 58944 --- [project] [    Test worker] shoppingmall.paging.PagingTest           : Started PagingTest in 10.516 seconds (process running for 12.022)
2024-04-29T19:41:37.115+09:00 DEBUG 58944 --- [project] [    Test worker] o.s.orm.jpa.JpaTransactionManager        : Creating new transaction with name [shoppingmall.project.InitData.initUser]: PROPAGATION_REQUIRED,ISOLATION_DEFAULT
2024-04-29T19:41:37.116+09:00 DEBUG 58944 --- [project] [    Test worker] o.s.orm.jpa.JpaTransactionManager        : Opened new EntityManager [SessionImpl(25859938<open>)] for JPA transaction
2024-04-29T19:41:37.143+09:00 DEBUG 58944 --- [project] [    Test worker] o.s.orm.jpa.JpaTransactionManager        : Exposing JPA transaction as JDBC [org.springframework.orm.jpa.vendor.HibernateJpaDialect$HibernateConnectionHandle@656dc20f]
2024-04-29T19:41:37.144+09:00 TRACE 58944 --- [project] [    Test worker] o.s.t.i.TransactionInterceptor           : Getting transaction for [shoppingmall.project.InitData.initUser]
2024-04-29T19:41:37.149+09:00  INFO 58944 --- [project] [    Test worker] s.project.aop.TransactionAspect          : Transaction =  started
2024-04-29T19:41:37.153+09:00 DEBUG 58944 --- [project] [    Test worker] o.s.orm.jpa.JpaTransactionManager        : Found thread-bound EntityManager [SessionImpl(25859938<open>)] for JPA transaction
2024-04-29T19:41:37.154+09:00 DEBUG 58944 --- [project] [    Test worker] o.s.orm.jpa.JpaTransactionManager        : Participating in existing transaction
2024-04-29T19:41:37.154+09:00 TRACE 58944 --- [project] [    Test worker] o.s.t.i.TransactionInterceptor           : Getting transaction for [org.springframework.data.jpa.repository.support.SimpleJpaRepository.save]
2024-04-29T19:41:37.167+09:00 DEBUG 58944 --- [project] [    Test worker] org.hibernate.SQL                        : 
    select
        next_val as id_val 
    from
        users_seq for update
Hibernate: 
    select
        next_val as id_val 
    from
        users_seq for update
2024-04-29T19:41:37.186+09:00  INFO 58944 --- [project] [    Test worker] p6spy                                    : #1714387297185 | took 6ms | statement | connection 4| url jdbc:mysql://127.0.0.1:3306/project?serverTimezone=Asia/Seoul
select next_val as id_val from users_seq for update
select next_val as id_val from users_seq for update;
2024-04-29T19:41:37.188+09:00 DEBUG 58944 --- [project] [    Test worker] org.hibernate.SQL                        : 
    update
        users_seq 
    set
        next_val= ? 
    where
        next_val=?
Hibernate: 
    update
        users_seq 
    set
        next_val= ? 
    where
        next_val=?
2024-04-29T19:41:37.190+09:00  INFO 58944 --- [project] [    Test worker] p6spy                                    : #1714387297190 | took 1ms | statement | connection 4| url jdbc:mysql://127.0.0.1:3306/project?serverTimezone=Asia/Seoul
update users_seq set next_val= ? where next_val=?
update users_seq set next_val= 51 where next_val=1;
2024-04-29T19:41:37.191+09:00  INFO 58944 --- [project] [    Test worker] p6spy                                    : #1714387297191 | took 0ms | commit | connection 4| url jdbc:mysql://127.0.0.1:3306/project?serverTimezone=Asia/Seoul

;
2024-04-29T19:41:37.209+09:00 TRACE 58944 --- [project] [    Test worker] o.s.t.i.TransactionInterceptor           : Completing transaction for [org.springframework.data.jpa.repository.support.SimpleJpaRepository.save]
2024-04-29T19:41:37.210+09:00 DEBUG 58944 --- [project] [    Test worker] o.s.orm.jpa.JpaTransactionManager        : Found thread-bound EntityManager [SessionImpl(25859938<open>)] for JPA transaction
2024-04-29T19:41:37.210+09:00 DEBUG 58944 --- [project] [    Test worker] o.s.orm.jpa.JpaTransactionManager        : Participating in existing transaction
2024-04-29T19:41:37.210+09:00 TRACE 58944 --- [project] [    Test worker] o.s.t.i.TransactionInterceptor           : Getting transaction for [org.springframework.data.jpa.repository.support.SimpleJpaRepository.save]
2024-04-29T19:41:37.211+09:00 DEBUG 58944 --- [project] [    Test worker] org.hibernate.SQL                        : 
    select
        next_val as id_val 
    from
        users_seq for update
Hibernate: 
    select
        next_val as id_val 
    from
        users_seq for update
2024-04-29T19:41:37.216+09:00  INFO 58944 --- [project] [    Test worker] p6spy                                    : #1714387297216 | took 1ms | statement | connection 5| url jdbc:mysql://127.0.0.1:3306/project?serverTimezone=Asia/Seoul
select next_val as id_val from users_seq for update
select next_val as id_val from users_seq for update;
2024-04-29T19:41:37.217+09:00 DEBUG 58944 --- [project] [    Test worker] org.hibernate.SQL                        : 
    update
        users_seq 
    set
        next_val= ? 
    where
        next_val=?
Hibernate: 
    update
        users_seq 
    set
        next_val= ? 
    where
        next_val=?
2024-04-29T19:41:37.218+09:00  INFO 58944 --- [project] [    Test worker] p6spy                                    : #1714387297218 | took 0ms | statement | connection 5| url jdbc:mysql://127.0.0.1:3306/project?serverTimezone=Asia/Seoul
update users_seq set next_val= ? where next_val=?
update users_seq set next_val= 101 where next_val=51;
2024-04-29T19:41:37.220+09:00  INFO 58944 --- [project] [    Test worker] p6spy                                    : #1714387297220 | took 0ms | commit | connection 5| url jdbc:mysql://127.0.0.1:3306/project?serverTimezone=Asia/Seoul

;
2024-04-29T19:41:37.221+09:00 TRACE 58944 --- [project] [    Test worker] o.s.t.i.TransactionInterceptor           : Completing transaction for [org.springframework.data.jpa.repository.support.SimpleJpaRepository.save]
2024-04-29T19:41:37.221+09:00  INFO 58944 --- [project] [    Test worker] s.project.aop.TransactionAspect          : Transaction =  completed successfully
2024-04-29T19:41:37.221+09:00 TRACE 58944 --- [project] [    Test worker] o.s.t.i.TransactionInterceptor           : Completing transaction for [shoppingmall.project.InitData.initUser]
2024-04-29T19:41:37.221+09:00 DEBUG 58944 --- [project] [    Test worker] o.s.orm.jpa.JpaTransactionManager        : Initiating transaction commit
2024-04-29T19:41:37.221+09:00 DEBUG 58944 --- [project] [    Test worker] o.s.orm.jpa.JpaTransactionManager        : Committing JPA transaction on EntityManager [SessionImpl(25859938<open>)]
2024-04-29T19:41:37.233+09:00 DEBUG 58944 --- [project] [    Test worker] org.hibernate.SQL                        : 
    insert 
    into
        users
        (accumulated_amount, city, street, zipcode, age, email, login_id, name, password, tier, users_id) 
    values
        (?, ?, ?, ?, ?, ?, ?, ?, ?, ?, ?)
Hibernate: 
    insert 
    into
        users
        (accumulated_amount, city, street, zipcode, age, email, login_id, name, password, tier, users_id) 
    values
        (?, ?, ?, ?, ?, ?, ?, ?, ?, ?, ?)
2024-04-29T19:41:37.239+09:00  INFO 58944 --- [project] [    Test worker] p6spy                                    : #1714387297239 | took 2ms | statement | connection 3| url jdbc:mysql://127.0.0.1:3306/project?serverTimezone=Asia/Seoul
insert into users (accumulated_amount,city,street,zipcode,age,email,login_id,name,password,tier,users_id) values (?,?,?,?,?,?,?,?,?,?,?)
insert into users (accumulated_amount,city,street,zipcode,age,email,login_id,name,password,tier,users_id) values (0,'1','1','1',1,'1@1','1','1','1','NORMAL',1);
2024-04-29T19:41:37.241+09:00 DEBUG 58944 --- [project] [    Test worker] org.hibernate.SQL                        : 
    insert 
    into
        users
        (accumulated_amount, city, street, zipcode, age, email, login_id, name, password, tier, users_id) 
    values
        (?, ?, ?, ?, ?, ?, ?, ?, ?, ?, ?)
Hibernate: 
    insert 
    into
        users
        (accumulated_amount, city, street, zipcode, age, email, login_id, name, password, tier, users_id) 
    values
        (?, ?, ?, ?, ?, ?, ?, ?, ?, ?, ?)
2024-04-29T19:41:37.243+09:00  INFO 58944 --- [project] [    Test worker] p6spy                                    : #1714387297243 | took 0ms | statement | connection 3| url jdbc:mysql://127.0.0.1:3306/project?serverTimezone=Asia/Seoul
insert into users (accumulated_amount,city,street,zipcode,age,email,login_id,name,password,tier,users_id) values (?,?,?,?,?,?,?,?,?,?,?)
insert into users (accumulated_amount,city,street,zipcode,age,email,login_id,name,password,tier,users_id) values (0,'1','1','1',1,'2@2','admin','1','1','NORMAL',2);
2024-04-29T19:41:37.246+09:00  INFO 58944 --- [project] [    Test worker] p6spy                                    : #1714387297246 | took 0ms | commit | connection 3| url jdbc:mysql://127.0.0.1:3306/project?serverTimezone=Asia/Seoul

;
2024-04-29T19:41:37.247+09:00 DEBUG 58944 --- [project] [    Test worker] o.s.orm.jpa.JpaTransactionManager        : Closing JPA EntityManager [SessionImpl(25859938<open>)] after transaction
2024-04-29T19:41:37.248+09:00 DEBUG 58944 --- [project] [    Test worker] o.s.orm.jpa.JpaTransactionManager        : Creating new transaction with name [shoppingmall.project.InitData.initBook]: PROPAGATION_REQUIRED,ISOLATION_DEFAULT
2024-04-29T19:41:37.248+09:00 DEBUG 58944 --- [project] [    Test worker] o.s.orm.jpa.JpaTransactionManager        : Opened new EntityManager [SessionImpl(1742749668<open>)] for JPA transaction
2024-04-29T19:41:37.249+09:00 DEBUG 58944 --- [project] [    Test worker] o.s.orm.jpa.JpaTransactionManager        : Exposing JPA transaction as JDBC [org.springframework.orm.jpa.vendor.HibernateJpaDialect$HibernateConnectionHandle@1ffcb4bb]
2024-04-29T19:41:37.249+09:00 TRACE 58944 --- [project] [    Test worker] o.s.t.i.TransactionInterceptor           : Getting transaction for [shoppingmall.project.InitData.initBook]
2024-04-29T19:41:37.249+09:00  INFO 58944 --- [project] [    Test worker] s.project.aop.TransactionAspect          : Transaction =  started
2024-04-29T19:41:37.251+09:00 DEBUG 58944 --- [project] [    Test worker] o.s.orm.jpa.JpaTransactionManager        : Found thread-bound EntityManager [SessionImpl(1742749668<open>)] for JPA transaction
2024-04-29T19:41:37.251+09:00 DEBUG 58944 --- [project] [    Test worker] o.s.orm.jpa.JpaTransactionManager        : Participating in existing transaction
2024-04-29T19:41:37.251+09:00 TRACE 58944 --- [project] [    Test worker] o.s.t.i.TransactionInterceptor           : Getting transaction for [org.springframework.data.jpa.repository.support.SimpleJpaRepository.save]
2024-04-29T19:41:37.253+09:00 DEBUG 58944 --- [project] [    Test worker] org.hibernate.SQL                        : 
    select
        next_val as id_val 
    from
        item_seq for update
Hibernate: 
    select
        next_val as id_val 
    from
        item_seq for update
2024-04-29T19:41:37.254+09:00  INFO 58944 --- [project] [    Test worker] p6spy                                    : #1714387297254 | took 0ms | statement | connection 7| url jdbc:mysql://127.0.0.1:3306/project?serverTimezone=Asia/Seoul
select next_val as id_val from item_seq for update
select next_val as id_val from item_seq for update;
2024-04-29T19:41:37.254+09:00 DEBUG 58944 --- [project] [    Test worker] org.hibernate.SQL                        : 
    update
        item_seq 
    set
        next_val= ? 
    where
        next_val=?
Hibernate: 
    update
        item_seq 
    set
        next_val= ? 
    where
        next_val=?
2024-04-29T19:41:37.256+09:00  INFO 58944 --- [project] [    Test worker] p6spy                                    : #1714387297255 | took 0ms | statement | connection 7| url jdbc:mysql://127.0.0.1:3306/project?serverTimezone=Asia/Seoul
update item_seq set next_val= ? where next_val=?
update item_seq set next_val= 51 where next_val=1;
2024-04-29T19:41:37.256+09:00  INFO 58944 --- [project] [    Test worker] p6spy                                    : #1714387297256 | took 0ms | commit | connection 7| url jdbc:mysql://127.0.0.1:3306/project?serverTimezone=Asia/Seoul

;
2024-04-29T19:41:37.257+09:00 TRACE 58944 --- [project] [    Test worker] o.s.t.i.TransactionInterceptor           : Completing transaction for [org.springframework.data.jpa.repository.support.SimpleJpaRepository.save]
2024-04-29T19:41:37.258+09:00 DEBUG 58944 --- [project] [    Test worker] o.s.orm.jpa.JpaTransactionManager        : Found thread-bound EntityManager [SessionImpl(1742749668<open>)] for JPA transaction
2024-04-29T19:41:37.258+09:00 DEBUG 58944 --- [project] [    Test worker] o.s.orm.jpa.JpaTransactionManager        : Participating in existing transaction
2024-04-29T19:41:37.258+09:00 TRACE 58944 --- [project] [    Test worker] o.s.t.i.TransactionInterceptor           : Getting transaction for [org.springframework.data.jpa.repository.support.SimpleJpaRepository.save]
2024-04-29T19:41:37.259+09:00 DEBUG 58944 --- [project] [    Test worker] org.hibernate.SQL                        : 
    select
        next_val as id_val 
    from
        upload_file_seq for update
Hibernate: 
    select
        next_val as id_val 
    from
        upload_file_seq for update
2024-04-29T19:41:37.260+09:00  INFO 58944 --- [project] [    Test worker] p6spy                                    : #1714387297260 | took 0ms | statement | connection 8| url jdbc:mysql://127.0.0.1:3306/project?serverTimezone=Asia/Seoul
select next_val as id_val from upload_file_seq for update
select next_val as id_val from upload_file_seq for update;
2024-04-29T19:41:37.261+09:00 DEBUG 58944 --- [project] [    Test worker] org.hibernate.SQL                        : 
    update
        upload_file_seq 
    set
        next_val= ? 
    where
        next_val=?
Hibernate: 
    update
        upload_file_seq 
    set
        next_val= ? 
    where
        next_val=?
2024-04-29T19:41:37.262+09:00  INFO 58944 --- [project] [    Test worker] p6spy                                    : #1714387297262 | took 0ms | statement | connection 8| url jdbc:mysql://127.0.0.1:3306/project?serverTimezone=Asia/Seoul
update upload_file_seq set next_val= ? where next_val=?
update upload_file_seq set next_val= 51 where next_val=1;
2024-04-29T19:41:37.263+09:00  INFO 58944 --- [project] [    Test worker] p6spy                                    : #1714387297263 | took 0ms | commit | connection 8| url jdbc:mysql://127.0.0.1:3306/project?serverTimezone=Asia/Seoul

;
2024-04-29T19:41:37.264+09:00 TRACE 58944 --- [project] [    Test worker] o.s.t.i.TransactionInterceptor           : Completing transaction for [org.springframework.data.jpa.repository.support.SimpleJpaRepository.save]
2024-04-29T19:41:37.264+09:00 DEBUG 58944 --- [project] [    Test worker] o.s.orm.jpa.JpaTransactionManager        : Found thread-bound EntityManager [SessionImpl(1742749668<open>)] for JPA transaction
2024-04-29T19:41:37.264+09:00 DEBUG 58944 --- [project] [    Test worker] o.s.orm.jpa.JpaTransactionManager        : Participating in existing transaction
2024-04-29T19:41:37.264+09:00 TRACE 58944 --- [project] [    Test worker] o.s.t.i.TransactionInterceptor           : Getting transaction for [org.springframework.data.jpa.repository.support.SimpleJpaRepository.save]
2024-04-29T19:41:37.265+09:00 DEBUG 58944 --- [project] [    Test worker] org.hibernate.SQL                        : 
    select
        next_val as id_val 
    from
        item_seq for update
Hibernate: 
    select
        next_val as id_val 
    from
        item_seq for update
2024-04-29T19:41:37.266+09:00  INFO 58944 --- [project] [    Test worker] p6spy                                    : #1714387297266 | took 0ms | statement | connection 9| url jdbc:mysql://127.0.0.1:3306/project?serverTimezone=Asia/Seoul
select next_val as id_val from item_seq for update
select next_val as id_val from item_seq for update;
2024-04-29T19:41:37.266+09:00 DEBUG 58944 --- [project] [    Test worker] org.hibernate.SQL                        : 
    update
        item_seq 
    set
        next_val= ? 
    where
        next_val=?
Hibernate: 
    update
        item_seq 
    set
        next_val= ? 
    where
        next_val=?
2024-04-29T19:41:37.266+09:00  INFO 58944 --- [project] [    Test worker] p6spy                                    : #1714387297266 | took 0ms | statement | connection 9| url jdbc:mysql://127.0.0.1:3306/project?serverTimezone=Asia/Seoul
update item_seq set next_val= ? where next_val=?
update item_seq set next_val= 101 where next_val=51;
2024-04-29T19:41:37.269+09:00  INFO 58944 --- [project] [    Test worker] p6spy                                    : #1714387297269 | took 2ms | commit | connection 9| url jdbc:mysql://127.0.0.1:3306/project?serverTimezone=Asia/Seoul

;
2024-04-29T19:41:37.270+09:00 TRACE 58944 --- [project] [    Test worker] o.s.t.i.TransactionInterceptor           : Completing transaction for [org.springframework.data.jpa.repository.support.SimpleJpaRepository.save]
2024-04-29T19:41:37.270+09:00 DEBUG 58944 --- [project] [    Test worker] o.s.orm.jpa.JpaTransactionManager        : Found thread-bound EntityManager [SessionImpl(1742749668<open>)] for JPA transaction
2024-04-29T19:41:37.270+09:00 DEBUG 58944 --- [project] [    Test worker] o.s.orm.jpa.JpaTransactionManager        : Participating in existing transaction
2024-04-29T19:41:37.270+09:00 TRACE 58944 --- [project] [    Test worker] o.s.t.i.TransactionInterceptor           : Getting transaction for [org.springframework.data.jpa.repository.support.SimpleJpaRepository.save]
2024-04-29T19:41:37.271+09:00 DEBUG 58944 --- [project] [    Test worker] org.hibernate.SQL                        : 
    select
        next_val as id_val 
    from
        upload_file_seq for update
Hibernate: 
    select
        next_val as id_val 
    from
        upload_file_seq for update
2024-04-29T19:41:37.272+09:00  INFO 58944 --- [project] [    Test worker] p6spy                                    : #1714387297272 | took 0ms | statement | connection 10| url jdbc:mysql://127.0.0.1:3306/project?serverTimezone=Asia/Seoul
select next_val as id_val from upload_file_seq for update
select next_val as id_val from upload_file_seq for update;
2024-04-29T19:41:37.272+09:00 DEBUG 58944 --- [project] [    Test worker] org.hibernate.SQL                        : 
    update
        upload_file_seq 
    set
        next_val= ? 
    where
        next_val=?
Hibernate: 
    update
        upload_file_seq 
    set
        next_val= ? 
    where
        next_val=?
2024-04-29T19:41:37.273+09:00  INFO 58944 --- [project] [    Test worker] p6spy                                    : #1714387297273 | took 0ms | statement | connection 10| url jdbc:mysql://127.0.0.1:3306/project?serverTimezone=Asia/Seoul
update upload_file_seq set next_val= ? where next_val=?
update upload_file_seq set next_val= 101 where next_val=51;
2024-04-29T19:41:37.274+09:00  INFO 58944 --- [project] [    Test worker] p6spy                                    : #1714387297274 | took 0ms | commit | connection 10| url jdbc:mysql://127.0.0.1:3306/project?serverTimezone=Asia/Seoul

;
2024-04-29T19:41:37.275+09:00 TRACE 58944 --- [project] [    Test worker] o.s.t.i.TransactionInterceptor           : Completing transaction for [org.springframework.data.jpa.repository.support.SimpleJpaRepository.save]
2024-04-29T19:41:37.275+09:00 DEBUG 58944 --- [project] [    Test worker] o.s.orm.jpa.JpaTransactionManager        : Found thread-bound EntityManager [SessionImpl(1742749668<open>)] for JPA transaction
2024-04-29T19:41:37.275+09:00 DEBUG 58944 --- [project] [    Test worker] o.s.orm.jpa.JpaTransactionManager        : Participating in existing transaction
2024-04-29T19:41:37.275+09:00 TRACE 58944 --- [project] [    Test worker] o.s.t.i.TransactionInterceptor           : Getting transaction for [org.springframework.data.jpa.repository.support.SimpleJpaRepository.save]
2024-04-29T19:41:37.275+09:00 TRACE 58944 --- [project] [    Test worker] o.s.t.i.TransactionInterceptor           : Completing transaction for [org.springframework.data.jpa.repository.support.SimpleJpaRepository.save]
2024-04-29T19:41:37.275+09:00 DEBUG 58944 --- [project] [    Test worker] o.s.orm.jpa.JpaTransactionManager        : Found thread-bound EntityManager [SessionImpl(1742749668<open>)] for JPA transaction
2024-04-29T19:41:37.275+09:00 DEBUG 58944 --- [project] [    Test worker] o.s.orm.jpa.JpaTransactionManager        : Participating in existing transaction
2024-04-29T19:41:37.275+09:00 TRACE 58944 --- [project] [    Test worker] o.s.t.i.TransactionInterceptor           : Getting transaction for [org.springframework.data.jpa.repository.support.SimpleJpaRepository.save]
2024-04-29T19:41:37.276+09:00 TRACE 58944 --- [project] [    Test worker] o.s.t.i.TransactionInterceptor           : Completing transaction for [org.springframework.data.jpa.repository.support.SimpleJpaRepository.save]
2024-04-29T19:41:37.276+09:00 DEBUG 58944 --- [project] [    Test worker] o.s.orm.jpa.JpaTransactionManager        : Found thread-bound EntityManager [SessionImpl(1742749668<open>)] for JPA transaction
2024-04-29T19:41:37.276+09:00 DEBUG 58944 --- [project] [    Test worker] o.s.orm.jpa.JpaTransactionManager        : Participating in existing transaction
2024-04-29T19:41:37.276+09:00 TRACE 58944 --- [project] [    Test worker] o.s.t.i.TransactionInterceptor           : Getting transaction for [org.springframework.data.jpa.repository.support.SimpleJpaRepository.save]
2024-04-29T19:41:37.277+09:00 TRACE 58944 --- [project] [    Test worker] o.s.t.i.TransactionInterceptor           : Completing transaction for [org.springframework.data.jpa.repository.support.SimpleJpaRepository.save]
2024-04-29T19:41:37.277+09:00 DEBUG 58944 --- [project] [    Test worker] o.s.orm.jpa.JpaTransactionManager        : Found thread-bound EntityManager [SessionImpl(1742749668<open>)] for JPA transaction
2024-04-29T19:41:37.277+09:00 DEBUG 58944 --- [project] [    Test worker] o.s.orm.jpa.JpaTransactionManager        : Participating in existing transaction
2024-04-29T19:41:37.277+09:00 TRACE 58944 --- [project] [    Test worker] o.s.t.i.TransactionInterceptor           : Getting transaction for [org.springframework.data.jpa.repository.support.SimpleJpaRepository.save]
2024-04-29T19:41:37.277+09:00 TRACE 58944 --- [project] [    Test worker] o.s.t.i.TransactionInterceptor           : Completing transaction for [org.springframework.data.jpa.repository.support.SimpleJpaRepository.save]
2024-04-29T19:41:37.277+09:00 DEBUG 58944 --- [project] [    Test worker] o.s.orm.jpa.JpaTransactionManager        : Found thread-bound EntityManager [SessionImpl(1742749668<open>)] for JPA transaction
2024-04-29T19:41:37.277+09:00 DEBUG 58944 --- [project] [    Test worker] o.s.orm.jpa.JpaTransactionManager        : Participating in existing transaction
2024-04-29T19:41:37.277+09:00 TRACE 58944 --- [project] [    Test worker] o.s.t.i.TransactionInterceptor           : Getting transaction for [org.springframework.data.jpa.repository.support.SimpleJpaRepository.save]
2024-04-29T19:41:37.278+09:00 TRACE 58944 --- [project] [    Test worker] o.s.t.i.TransactionInterceptor           : Completing transaction for [org.springframework.data.jpa.repository.support.SimpleJpaRepository.save]
2024-04-29T19:41:37.278+09:00 DEBUG 58944 --- [project] [    Test worker] o.s.orm.jpa.JpaTransactionManager        : Found thread-bound EntityManager [SessionImpl(1742749668<open>)] for JPA transaction
2024-04-29T19:41:37.278+09:00 DEBUG 58944 --- [project] [    Test worker] o.s.orm.jpa.JpaTransactionManager        : Participating in existing transaction
2024-04-29T19:41:37.278+09:00 TRACE 58944 --- [project] [    Test worker] o.s.t.i.TransactionInterceptor           : Getting transaction for [org.springframework.data.jpa.repository.support.SimpleJpaRepository.save]
2024-04-29T19:41:37.279+09:00 TRACE 58944 --- [project] [    Test worker] o.s.t.i.TransactionInterceptor           : Completing transaction for [org.springframework.data.jpa.repository.support.SimpleJpaRepository.save]
2024-04-29T19:41:37.279+09:00 DEBUG 58944 --- [project] [    Test worker] o.s.orm.jpa.JpaTransactionManager        : Found thread-bound EntityManager [SessionImpl(1742749668<open>)] for JPA transaction
2024-04-29T19:41:37.279+09:00 DEBUG 58944 --- [project] [    Test worker] o.s.orm.jpa.JpaTransactionManager        : Participating in existing transaction
2024-04-29T19:41:37.279+09:00 TRACE 58944 --- [project] [    Test worker] o.s.t.i.TransactionInterceptor           : Getting transaction for [org.springframework.data.jpa.repository.support.SimpleJpaRepository.save]
2024-04-29T19:41:37.280+09:00 TRACE 58944 --- [project] [    Test worker] o.s.t.i.TransactionInterceptor           : Completing transaction for [org.springframework.data.jpa.repository.support.SimpleJpaRepository.save]
2024-04-29T19:41:37.280+09:00 DEBUG 58944 --- [project] [    Test worker] o.s.orm.jpa.JpaTransactionManager        : Found thread-bound EntityManager [SessionImpl(1742749668<open>)] for JPA transaction
2024-04-29T19:41:37.280+09:00 DEBUG 58944 --- [project] [    Test worker] o.s.orm.jpa.JpaTransactionManager        : Participating in existing transaction
2024-04-29T19:41:37.280+09:00 TRACE 58944 --- [project] [    Test worker] o.s.t.i.TransactionInterceptor           : Getting transaction for [org.springframework.data.jpa.repository.support.SimpleJpaRepository.save]
2024-04-29T19:41:37.280+09:00 TRACE 58944 --- [project] [    Test worker] o.s.t.i.TransactionInterceptor           : Completing transaction for [org.springframework.data.jpa.repository.support.SimpleJpaRepository.save]
2024-04-29T19:41:37.280+09:00 DEBUG 58944 --- [project] [    Test worker] o.s.orm.jpa.JpaTransactionManager        : Found thread-bound EntityManager [SessionImpl(1742749668<open>)] for JPA transaction
2024-04-29T19:41:37.280+09:00 DEBUG 58944 --- [project] [    Test worker] o.s.orm.jpa.JpaTransactionManager        : Participating in existing transaction
2024-04-29T19:41:37.280+09:00 TRACE 58944 --- [project] [    Test worker] o.s.t.i.TransactionInterceptor           : Getting transaction for [org.springframework.data.jpa.repository.support.SimpleJpaRepository.save]
2024-04-29T19:41:37.281+09:00 TRACE 58944 --- [project] [    Test worker] o.s.t.i.TransactionInterceptor           : Completing transaction for [org.springframework.data.jpa.repository.support.SimpleJpaRepository.save]
2024-04-29T19:41:37.281+09:00 DEBUG 58944 --- [project] [    Test worker] o.s.orm.jpa.JpaTransactionManager        : Found thread-bound EntityManager [SessionImpl(1742749668<open>)] for JPA transaction
2024-04-29T19:41:37.281+09:00 DEBUG 58944 --- [project] [    Test worker] o.s.orm.jpa.JpaTransactionManager        : Participating in existing transaction
2024-04-29T19:41:37.281+09:00 TRACE 58944 --- [project] [    Test worker] o.s.t.i.TransactionInterceptor           : Getting transaction for [org.springframework.data.jpa.repository.support.SimpleJpaRepository.save]
2024-04-29T19:41:37.281+09:00 TRACE 58944 --- [project] [    Test worker] o.s.t.i.TransactionInterceptor           : Completing transaction for [org.springframework.data.jpa.repository.support.SimpleJpaRepository.save]
2024-04-29T19:41:37.281+09:00 DEBUG 58944 --- [project] [    Test worker] o.s.orm.jpa.JpaTransactionManager        : Found thread-bound EntityManager [SessionImpl(1742749668<open>)] for JPA transaction
2024-04-29T19:41:37.281+09:00 DEBUG 58944 --- [project] [    Test worker] o.s.orm.jpa.JpaTransactionManager        : Participating in existing transaction
2024-04-29T19:41:37.281+09:00 TRACE 58944 --- [project] [    Test worker] o.s.t.i.TransactionInterceptor           : Getting transaction for [org.springframework.data.jpa.repository.support.SimpleJpaRepository.save]
2024-04-29T19:41:37.281+09:00 TRACE 58944 --- [project] [    Test worker] o.s.t.i.TransactionInterceptor           : Completing transaction for [org.springframework.data.jpa.repository.support.SimpleJpaRepository.save]
2024-04-29T19:41:37.281+09:00 DEBUG 58944 --- [project] [    Test worker] o.s.orm.jpa.JpaTransactionManager        : Found thread-bound EntityManager [SessionImpl(1742749668<open>)] for JPA transaction
2024-04-29T19:41:37.282+09:00 DEBUG 58944 --- [project] [    Test worker] o.s.orm.jpa.JpaTransactionManager        : Participating in existing transaction
2024-04-29T19:41:37.284+09:00 TRACE 58944 --- [project] [    Test worker] o.s.t.i.TransactionInterceptor           : Getting transaction for [org.springframework.data.jpa.repository.support.SimpleJpaRepository.save]
2024-04-29T19:41:37.287+09:00 TRACE 58944 --- [project] [    Test worker] o.s.t.i.TransactionInterceptor           : Completing transaction for [org.springframework.data.jpa.repository.support.SimpleJpaRepository.save]
2024-04-29T19:41:37.289+09:00 DEBUG 58944 --- [project] [    Test worker] o.s.orm.jpa.JpaTransactionManager        : Found thread-bound EntityManager [SessionImpl(1742749668<open>)] for JPA transaction
2024-04-29T19:41:37.289+09:00 DEBUG 58944 --- [project] [    Test worker] o.s.orm.jpa.JpaTransactionManager        : Participating in existing transaction
2024-04-29T19:41:37.289+09:00 TRACE 58944 --- [project] [    Test worker] o.s.t.i.TransactionInterceptor           : Getting transaction for [org.springframework.data.jpa.repository.support.SimpleJpaRepository.save]
2024-04-29T19:41:37.290+09:00 TRACE 58944 --- [project] [    Test worker] o.s.t.i.TransactionInterceptor           : Completing transaction for [org.springframework.data.jpa.repository.support.SimpleJpaRepository.save]
2024-04-29T19:41:37.290+09:00 DEBUG 58944 --- [project] [    Test worker] o.s.orm.jpa.JpaTransactionManager        : Found thread-bound EntityManager [SessionImpl(1742749668<open>)] for JPA transaction
2024-04-29T19:41:37.290+09:00 DEBUG 58944 --- [project] [    Test worker] o.s.orm.jpa.JpaTransactionManager        : Participating in existing transaction
2024-04-29T19:41:37.290+09:00 TRACE 58944 --- [project] [    Test worker] o.s.t.i.TransactionInterceptor           : Getting transaction for [org.springframework.data.jpa.repository.support.SimpleJpaRepository.save]
2024-04-29T19:41:37.290+09:00 TRACE 58944 --- [project] [    Test worker] o.s.t.i.TransactionInterceptor           : Completing transaction for [org.springframework.data.jpa.repository.support.SimpleJpaRepository.save]
2024-04-29T19:41:37.290+09:00 DEBUG 58944 --- [project] [    Test worker] o.s.orm.jpa.JpaTransactionManager        : Found thread-bound EntityManager [SessionImpl(1742749668<open>)] for JPA transaction
2024-04-29T19:41:37.290+09:00 DEBUG 58944 --- [project] [    Test worker] o.s.orm.jpa.JpaTransactionManager        : Participating in existing transaction
2024-04-29T19:41:37.291+09:00 TRACE 58944 --- [project] [    Test worker] o.s.t.i.TransactionInterceptor           : Getting transaction for [org.springframework.data.jpa.repository.support.SimpleJpaRepository.save]
2024-04-29T19:41:37.291+09:00 TRACE 58944 --- [project] [    Test worker] o.s.t.i.TransactionInterceptor           : Completing transaction for [org.springframework.data.jpa.repository.support.SimpleJpaRepository.save]
2024-04-29T19:41:37.291+09:00 DEBUG 58944 --- [project] [    Test worker] o.s.orm.jpa.JpaTransactionManager        : Found thread-bound EntityManager [SessionImpl(1742749668<open>)] for JPA transaction
2024-04-29T19:41:37.291+09:00 DEBUG 58944 --- [project] [    Test worker] o.s.orm.jpa.JpaTransactionManager        : Participating in existing transaction
2024-04-29T19:41:37.291+09:00 TRACE 58944 --- [project] [    Test worker] o.s.t.i.TransactionInterceptor           : Getting transaction for [org.springframework.data.jpa.repository.support.SimpleJpaRepository.save]
2024-04-29T19:41:37.292+09:00 TRACE 58944 --- [project] [    Test worker] o.s.t.i.TransactionInterceptor           : Completing transaction for [org.springframework.data.jpa.repository.support.SimpleJpaRepository.save]
2024-04-29T19:41:37.292+09:00 DEBUG 58944 --- [project] [    Test worker] o.s.orm.jpa.JpaTransactionManager        : Found thread-bound EntityManager [SessionImpl(1742749668<open>)] for JPA transaction
2024-04-29T19:41:37.292+09:00 DEBUG 58944 --- [project] [    Test worker] o.s.orm.jpa.JpaTransactionManager        : Participating in existing transaction
2024-04-29T19:41:37.292+09:00 TRACE 58944 --- [project] [    Test worker] o.s.t.i.TransactionInterceptor           : Getting transaction for [org.springframework.data.jpa.repository.support.SimpleJpaRepository.save]
2024-04-29T19:41:37.292+09:00 TRACE 58944 --- [project] [    Test worker] o.s.t.i.TransactionInterceptor           : Completing transaction for [org.springframework.data.jpa.repository.support.SimpleJpaRepository.save]
2024-04-29T19:41:37.292+09:00 DEBUG 58944 --- [project] [    Test worker] o.s.orm.jpa.JpaTransactionManager        : Found thread-bound EntityManager [SessionImpl(1742749668<open>)] for JPA transaction
2024-04-29T19:41:37.292+09:00 DEBUG 58944 --- [project] [    Test worker] o.s.orm.jpa.JpaTransactionManager        : Participating in existing transaction
2024-04-29T19:41:37.292+09:00 TRACE 58944 --- [project] [    Test worker] o.s.t.i.TransactionInterceptor           : Getting transaction for [org.springframework.data.jpa.repository.support.SimpleJpaRepository.save]
2024-04-29T19:41:37.293+09:00 TRACE 58944 --- [project] [    Test worker] o.s.t.i.TransactionInterceptor           : Completing transaction for [org.springframework.data.jpa.repository.support.SimpleJpaRepository.save]
2024-04-29T19:41:37.293+09:00 DEBUG 58944 --- [project] [    Test worker] o.s.orm.jpa.JpaTransactionManager        : Found thread-bound EntityManager [SessionImpl(1742749668<open>)] for JPA transaction
2024-04-29T19:41:37.293+09:00 DEBUG 58944 --- [project] [    Test worker] o.s.orm.jpa.JpaTransactionManager        : Participating in existing transaction
2024-04-29T19:41:37.293+09:00 TRACE 58944 --- [project] [    Test worker] o.s.t.i.TransactionInterceptor           : Getting transaction for [org.springframework.data.jpa.repository.support.SimpleJpaRepository.save]
2024-04-29T19:41:37.294+09:00 TRACE 58944 --- [project] [    Test worker] o.s.t.i.TransactionInterceptor           : Completing transaction for [org.springframework.data.jpa.repository.support.SimpleJpaRepository.save]
2024-04-29T19:41:37.294+09:00 DEBUG 58944 --- [project] [    Test worker] o.s.orm.jpa.JpaTransactionManager        : Found thread-bound EntityManager [SessionImpl(1742749668<open>)] for JPA transaction
2024-04-29T19:41:37.294+09:00 DEBUG 58944 --- [project] [    Test worker] o.s.orm.jpa.JpaTransactionManager        : Participating in existing transaction
2024-04-29T19:41:37.294+09:00 TRACE 58944 --- [project] [    Test worker] o.s.t.i.TransactionInterceptor           : Getting transaction for [org.springframework.data.jpa.repository.support.SimpleJpaRepository.save]
2024-04-29T19:41:37.294+09:00 TRACE 58944 --- [project] [    Test worker] o.s.t.i.TransactionInterceptor           : Completing transaction for [org.springframework.data.jpa.repository.support.SimpleJpaRepository.save]
2024-04-29T19:41:37.294+09:00 DEBUG 58944 --- [project] [    Test worker] o.s.orm.jpa.JpaTransactionManager        : Found thread-bound EntityManager [SessionImpl(1742749668<open>)] for JPA transaction
2024-04-29T19:41:37.294+09:00 DEBUG 58944 --- [project] [    Test worker] o.s.orm.jpa.JpaTransactionManager        : Participating in existing transaction
2024-04-29T19:41:37.294+09:00 TRACE 58944 --- [project] [    Test worker] o.s.t.i.TransactionInterceptor           : Getting transaction for [org.springframework.data.jpa.repository.support.SimpleJpaRepository.save]
2024-04-29T19:41:37.295+09:00 TRACE 58944 --- [project] [    Test worker] o.s.t.i.TransactionInterceptor           : Completing transaction for [org.springframework.data.jpa.repository.support.SimpleJpaRepository.save]
2024-04-29T19:41:37.295+09:00 DEBUG 58944 --- [project] [    Test worker] o.s.orm.jpa.JpaTransactionManager        : Found thread-bound EntityManager [SessionImpl(1742749668<open>)] for JPA transaction
2024-04-29T19:41:37.295+09:00 DEBUG 58944 --- [project] [    Test worker] o.s.orm.jpa.JpaTransactionManager        : Participating in existing transaction
2024-04-29T19:41:37.295+09:00 TRACE 58944 --- [project] [    Test worker] o.s.t.i.TransactionInterceptor           : Getting transaction for [org.springframework.data.jpa.repository.support.SimpleJpaRepository.save]
2024-04-29T19:41:37.295+09:00 TRACE 58944 --- [project] [    Test worker] o.s.t.i.TransactionInterceptor           : Completing transaction for [org.springframework.data.jpa.repository.support.SimpleJpaRepository.save]
2024-04-29T19:41:37.295+09:00 DEBUG 58944 --- [project] [    Test worker] o.s.orm.jpa.JpaTransactionManager        : Found thread-bound EntityManager [SessionImpl(1742749668<open>)] for JPA transaction
2024-04-29T19:41:37.295+09:00 DEBUG 58944 --- [project] [    Test worker] o.s.orm.jpa.JpaTransactionManager        : Participating in existing transaction
2024-04-29T19:41:37.295+09:00 TRACE 58944 --- [project] [    Test worker] o.s.t.i.TransactionInterceptor           : Getting transaction for [org.springframework.data.jpa.repository.support.SimpleJpaRepository.save]
2024-04-29T19:41:37.296+09:00 TRACE 58944 --- [project] [    Test worker] o.s.t.i.TransactionInterceptor           : Completing transaction for [org.springframework.data.jpa.repository.support.SimpleJpaRepository.save]
2024-04-29T19:41:37.296+09:00 DEBUG 58944 --- [project] [    Test worker] o.s.orm.jpa.JpaTransactionManager        : Found thread-bound EntityManager [SessionImpl(1742749668<open>)] for JPA transaction
2024-04-29T19:41:37.296+09:00 DEBUG 58944 --- [project] [    Test worker] o.s.orm.jpa.JpaTransactionManager        : Participating in existing transaction
2024-04-29T19:41:37.296+09:00 TRACE 58944 --- [project] [    Test worker] o.s.t.i.TransactionInterceptor           : Getting transaction for [org.springframework.data.jpa.repository.support.SimpleJpaRepository.save]
2024-04-29T19:41:37.297+09:00 TRACE 58944 --- [project] [    Test worker] o.s.t.i.TransactionInterceptor           : Completing transaction for [org.springframework.data.jpa.repository.support.SimpleJpaRepository.save]
2024-04-29T19:41:37.297+09:00 DEBUG 58944 --- [project] [    Test worker] o.s.orm.jpa.JpaTransactionManager        : Found thread-bound EntityManager [SessionImpl(1742749668<open>)] for JPA transaction
2024-04-29T19:41:37.297+09:00 DEBUG 58944 --- [project] [    Test worker] o.s.orm.jpa.JpaTransactionManager        : Participating in existing transaction
2024-04-29T19:41:37.298+09:00 TRACE 58944 --- [project] [    Test worker] o.s.t.i.TransactionInterceptor           : Getting transaction for [org.springframework.data.jpa.repository.support.SimpleJpaRepository.save]
2024-04-29T19:41:37.298+09:00 TRACE 58944 --- [project] [    Test worker] o.s.t.i.TransactionInterceptor           : Completing transaction for [org.springframework.data.jpa.repository.support.SimpleJpaRepository.save]
2024-04-29T19:41:37.299+09:00 DEBUG 58944 --- [project] [    Test worker] o.s.orm.jpa.JpaTransactionManager        : Found thread-bound EntityManager [SessionImpl(1742749668<open>)] for JPA transaction
2024-04-29T19:41:37.299+09:00 DEBUG 58944 --- [project] [    Test worker] o.s.orm.jpa.JpaTransactionManager        : Participating in existing transaction
2024-04-29T19:41:37.299+09:00 TRACE 58944 --- [project] [    Test worker] o.s.t.i.TransactionInterceptor           : Getting transaction for [org.springframework.data.jpa.repository.support.SimpleJpaRepository.save]
2024-04-29T19:41:37.299+09:00 TRACE 58944 --- [project] [    Test worker] o.s.t.i.TransactionInterceptor           : Completing transaction for [org.springframework.data.jpa.repository.support.SimpleJpaRepository.save]
2024-04-29T19:41:37.299+09:00 DEBUG 58944 --- [project] [    Test worker] o.s.orm.jpa.JpaTransactionManager        : Found thread-bound EntityManager [SessionImpl(1742749668<open>)] for JPA transaction
2024-04-29T19:41:37.299+09:00 DEBUG 58944 --- [project] [    Test worker] o.s.orm.jpa.JpaTransactionManager        : Participating in existing transaction
2024-04-29T19:41:37.299+09:00 TRACE 58944 --- [project] [    Test worker] o.s.t.i.TransactionInterceptor           : Getting transaction for [org.springframework.data.jpa.repository.support.SimpleJpaRepository.save]
2024-04-29T19:41:37.300+09:00 TRACE 58944 --- [project] [    Test worker] o.s.t.i.TransactionInterceptor           : Completing transaction for [org.springframework.data.jpa.repository.support.SimpleJpaRepository.save]
2024-04-29T19:41:37.300+09:00 DEBUG 58944 --- [project] [    Test worker] o.s.orm.jpa.JpaTransactionManager        : Found thread-bound EntityManager [SessionImpl(1742749668<open>)] for JPA transaction
2024-04-29T19:41:37.300+09:00 DEBUG 58944 --- [project] [    Test worker] o.s.orm.jpa.JpaTransactionManager        : Participating in existing transaction
2024-04-29T19:41:37.300+09:00 TRACE 58944 --- [project] [    Test worker] o.s.t.i.TransactionInterceptor           : Getting transaction for [org.springframework.data.jpa.repository.support.SimpleJpaRepository.save]
2024-04-29T19:41:37.300+09:00 TRACE 58944 --- [project] [    Test worker] o.s.t.i.TransactionInterceptor           : Completing transaction for [org.springframework.data.jpa.repository.support.SimpleJpaRepository.save]
2024-04-29T19:41:37.300+09:00 DEBUG 58944 --- [project] [    Test worker] o.s.orm.jpa.JpaTransactionManager        : Found thread-bound EntityManager [SessionImpl(1742749668<open>)] for JPA transaction
2024-04-29T19:41:37.300+09:00 DEBUG 58944 --- [project] [    Test worker] o.s.orm.jpa.JpaTransactionManager        : Participating in existing transaction
2024-04-29T19:41:37.300+09:00 TRACE 58944 --- [project] [    Test worker] o.s.t.i.TransactionInterceptor           : Getting transaction for [org.springframework.data.jpa.repository.support.SimpleJpaRepository.save]
2024-04-29T19:41:37.301+09:00 TRACE 58944 --- [project] [    Test worker] o.s.t.i.TransactionInterceptor           : Completing transaction for [org.springframework.data.jpa.repository.support.SimpleJpaRepository.save]
2024-04-29T19:41:37.302+09:00 DEBUG 58944 --- [project] [    Test worker] o.s.orm.jpa.JpaTransactionManager        : Found thread-bound EntityManager [SessionImpl(1742749668<open>)] for JPA transaction
2024-04-29T19:41:37.302+09:00 DEBUG 58944 --- [project] [    Test worker] o.s.orm.jpa.JpaTransactionManager        : Participating in existing transaction
2024-04-29T19:41:37.302+09:00 TRACE 58944 --- [project] [    Test worker] o.s.t.i.TransactionInterceptor           : Getting transaction for [org.springframework.data.jpa.repository.support.SimpleJpaRepository.save]
2024-04-29T19:41:37.303+09:00 TRACE 58944 --- [project] [    Test worker] o.s.t.i.TransactionInterceptor           : Completing transaction for [org.springframework.data.jpa.repository.support.SimpleJpaRepository.save]
2024-04-29T19:41:37.303+09:00 DEBUG 58944 --- [project] [    Test worker] o.s.orm.jpa.JpaTransactionManager        : Found thread-bound EntityManager [SessionImpl(1742749668<open>)] for JPA transaction
2024-04-29T19:41:37.303+09:00 DEBUG 58944 --- [project] [    Test worker] o.s.orm.jpa.JpaTransactionManager        : Participating in existing transaction
2024-04-29T19:41:37.303+09:00 TRACE 58944 --- [project] [    Test worker] o.s.t.i.TransactionInterceptor           : Getting transaction for [org.springframework.data.jpa.repository.support.SimpleJpaRepository.save]
2024-04-29T19:41:37.304+09:00 TRACE 58944 --- [project] [    Test worker] o.s.t.i.TransactionInterceptor           : Completing transaction for [org.springframework.data.jpa.repository.support.SimpleJpaRepository.save]
2024-04-29T19:41:37.304+09:00 DEBUG 58944 --- [project] [    Test worker] o.s.orm.jpa.JpaTransactionManager        : Found thread-bound EntityManager [SessionImpl(1742749668<open>)] for JPA transaction
2024-04-29T19:41:37.304+09:00 DEBUG 58944 --- [project] [    Test worker] o.s.orm.jpa.JpaTransactionManager        : Participating in existing transaction
2024-04-29T19:41:37.305+09:00 TRACE 58944 --- [project] [    Test worker] o.s.t.i.TransactionInterceptor           : Getting transaction for [org.springframework.data.jpa.repository.support.SimpleJpaRepository.save]
2024-04-29T19:41:37.306+09:00 TRACE 58944 --- [project] [    Test worker] o.s.t.i.TransactionInterceptor           : Completing transaction for [org.springframework.data.jpa.repository.support.SimpleJpaRepository.save]
2024-04-29T19:41:37.306+09:00 DEBUG 58944 --- [project] [    Test worker] o.s.orm.jpa.JpaTransactionManager        : Found thread-bound EntityManager [SessionImpl(1742749668<open>)] for JPA transaction
2024-04-29T19:41:37.306+09:00 DEBUG 58944 --- [project] [    Test worker] o.s.orm.jpa.JpaTransactionManager        : Participating in existing transaction
2024-04-29T19:41:37.306+09:00 TRACE 58944 --- [project] [    Test worker] o.s.t.i.TransactionInterceptor           : Getting transaction for [org.springframework.data.jpa.repository.support.SimpleJpaRepository.save]
2024-04-29T19:41:37.306+09:00 TRACE 58944 --- [project] [    Test worker] o.s.t.i.TransactionInterceptor           : Completing transaction for [org.springframework.data.jpa.repository.support.SimpleJpaRepository.save]
2024-04-29T19:41:37.307+09:00 DEBUG 58944 --- [project] [    Test worker] o.s.orm.jpa.JpaTransactionManager        : Found thread-bound EntityManager [SessionImpl(1742749668<open>)] for JPA transaction
2024-04-29T19:41:37.307+09:00 DEBUG 58944 --- [project] [    Test worker] o.s.orm.jpa.JpaTransactionManager        : Participating in existing transaction
2024-04-29T19:41:37.307+09:00 TRACE 58944 --- [project] [    Test worker] o.s.t.i.TransactionInterceptor           : Getting transaction for [org.springframework.data.jpa.repository.support.SimpleJpaRepository.save]
2024-04-29T19:41:37.307+09:00 TRACE 58944 --- [project] [    Test worker] o.s.t.i.TransactionInterceptor           : Completing transaction for [org.springframework.data.jpa.repository.support.SimpleJpaRepository.save]
2024-04-29T19:41:37.307+09:00 DEBUG 58944 --- [project] [    Test worker] o.s.orm.jpa.JpaTransactionManager        : Found thread-bound EntityManager [SessionImpl(1742749668<open>)] for JPA transaction
2024-04-29T19:41:37.307+09:00 DEBUG 58944 --- [project] [    Test worker] o.s.orm.jpa.JpaTransactionManager        : Participating in existing transaction
2024-04-29T19:41:37.307+09:00 TRACE 58944 --- [project] [    Test worker] o.s.t.i.TransactionInterceptor           : Getting transaction for [org.springframework.data.jpa.repository.support.SimpleJpaRepository.save]
2024-04-29T19:41:37.308+09:00 TRACE 58944 --- [project] [    Test worker] o.s.t.i.TransactionInterceptor           : Completing transaction for [org.springframework.data.jpa.repository.support.SimpleJpaRepository.save]
2024-04-29T19:41:37.308+09:00 DEBUG 58944 --- [project] [    Test worker] o.s.orm.jpa.JpaTransactionManager        : Found thread-bound EntityManager [SessionImpl(1742749668<open>)] for JPA transaction
2024-04-29T19:41:37.308+09:00 DEBUG 58944 --- [project] [    Test worker] o.s.orm.jpa.JpaTransactionManager        : Participating in existing transaction
2024-04-29T19:41:37.308+09:00 TRACE 58944 --- [project] [    Test worker] o.s.t.i.TransactionInterceptor           : Getting transaction for [org.springframework.data.jpa.repository.support.SimpleJpaRepository.save]
2024-04-29T19:41:37.308+09:00 TRACE 58944 --- [project] [    Test worker] o.s.t.i.TransactionInterceptor           : Completing transaction for [org.springframework.data.jpa.repository.support.SimpleJpaRepository.save]
2024-04-29T19:41:37.308+09:00 DEBUG 58944 --- [project] [    Test worker] o.s.orm.jpa.JpaTransactionManager        : Found thread-bound EntityManager [SessionImpl(1742749668<open>)] for JPA transaction
2024-04-29T19:41:37.308+09:00 DEBUG 58944 --- [project] [    Test worker] o.s.orm.jpa.JpaTransactionManager        : Participating in existing transaction
2024-04-29T19:41:37.308+09:00 TRACE 58944 --- [project] [    Test worker] o.s.t.i.TransactionInterceptor           : Getting transaction for [org.springframework.data.jpa.repository.support.SimpleJpaRepository.save]
2024-04-29T19:41:37.309+09:00 TRACE 58944 --- [project] [    Test worker] o.s.t.i.TransactionInterceptor           : Completing transaction for [org.springframework.data.jpa.repository.support.SimpleJpaRepository.save]
2024-04-29T19:41:37.309+09:00 DEBUG 58944 --- [project] [    Test worker] o.s.orm.jpa.JpaTransactionManager        : Found thread-bound EntityManager [SessionImpl(1742749668<open>)] for JPA transaction
2024-04-29T19:41:37.309+09:00 DEBUG 58944 --- [project] [    Test worker] o.s.orm.jpa.JpaTransactionManager        : Participating in existing transaction
2024-04-29T19:41:37.309+09:00 TRACE 58944 --- [project] [    Test worker] o.s.t.i.TransactionInterceptor           : Getting transaction for [org.springframework.data.jpa.repository.support.SimpleJpaRepository.save]
2024-04-29T19:41:37.310+09:00 TRACE 58944 --- [project] [    Test worker] o.s.t.i.TransactionInterceptor           : Completing transaction for [org.springframework.data.jpa.repository.support.SimpleJpaRepository.save]
2024-04-29T19:41:37.310+09:00 DEBUG 58944 --- [project] [    Test worker] o.s.orm.jpa.JpaTransactionManager        : Found thread-bound EntityManager [SessionImpl(1742749668<open>)] for JPA transaction
2024-04-29T19:41:37.310+09:00 DEBUG 58944 --- [project] [    Test worker] o.s.orm.jpa.JpaTransactionManager        : Participating in existing transaction
2024-04-29T19:41:37.310+09:00 TRACE 58944 --- [project] [    Test worker] o.s.t.i.TransactionInterceptor           : Getting transaction for [org.springframework.data.jpa.repository.support.SimpleJpaRepository.save]
2024-04-29T19:41:37.314+09:00 TRACE 58944 --- [project] [    Test worker] o.s.t.i.TransactionInterceptor           : Completing transaction for [org.springframework.data.jpa.repository.support.SimpleJpaRepository.save]
2024-04-29T19:41:37.314+09:00 DEBUG 58944 --- [project] [    Test worker] o.s.orm.jpa.JpaTransactionManager        : Found thread-bound EntityManager [SessionImpl(1742749668<open>)] for JPA transaction
2024-04-29T19:41:37.314+09:00 DEBUG 58944 --- [project] [    Test worker] o.s.orm.jpa.JpaTransactionManager        : Participating in existing transaction
2024-04-29T19:41:37.314+09:00 TRACE 58944 --- [project] [    Test worker] o.s.t.i.TransactionInterceptor           : Getting transaction for [org.springframework.data.jpa.repository.support.SimpleJpaRepository.save]
2024-04-29T19:41:37.315+09:00 TRACE 58944 --- [project] [    Test worker] o.s.t.i.TransactionInterceptor           : Completing transaction for [org.springframework.data.jpa.repository.support.SimpleJpaRepository.save]
2024-04-29T19:41:37.317+09:00 DEBUG 58944 --- [project] [    Test worker] o.s.orm.jpa.JpaTransactionManager        : Found thread-bound EntityManager [SessionImpl(1742749668<open>)] for JPA transaction
2024-04-29T19:41:37.317+09:00 DEBUG 58944 --- [project] [    Test worker] o.s.orm.jpa.JpaTransactionManager        : Participating in existing transaction
2024-04-29T19:41:37.317+09:00 TRACE 58944 --- [project] [    Test worker] o.s.t.i.TransactionInterceptor           : Getting transaction for [org.springframework.data.jpa.repository.support.SimpleJpaRepository.save]
2024-04-29T19:41:37.318+09:00 TRACE 58944 --- [project] [    Test worker] o.s.t.i.TransactionInterceptor           : Completing transaction for [org.springframework.data.jpa.repository.support.SimpleJpaRepository.save]
2024-04-29T19:41:37.319+09:00 DEBUG 58944 --- [project] [    Test worker] o.s.orm.jpa.JpaTransactionManager        : Found thread-bound EntityManager [SessionImpl(1742749668<open>)] for JPA transaction
2024-04-29T19:41:37.319+09:00 DEBUG 58944 --- [project] [    Test worker] o.s.orm.jpa.JpaTransactionManager        : Participating in existing transaction
2024-04-29T19:41:37.319+09:00 TRACE 58944 --- [project] [    Test worker] o.s.t.i.TransactionInterceptor           : Getting transaction for [org.springframework.data.jpa.repository.support.SimpleJpaRepository.save]
2024-04-29T19:41:37.319+09:00 TRACE 58944 --- [project] [    Test worker] o.s.t.i.TransactionInterceptor           : Completing transaction for [org.springframework.data.jpa.repository.support.SimpleJpaRepository.save]
2024-04-29T19:41:37.320+09:00 DEBUG 58944 --- [project] [    Test worker] o.s.orm.jpa.JpaTransactionManager        : Found thread-bound EntityManager [SessionImpl(1742749668<open>)] for JPA transaction
2024-04-29T19:41:37.320+09:00 DEBUG 58944 --- [project] [    Test worker] o.s.orm.jpa.JpaTransactionManager        : Participating in existing transaction
2024-04-29T19:41:37.320+09:00 TRACE 58944 --- [project] [    Test worker] o.s.t.i.TransactionInterceptor           : Getting transaction for [org.springframework.data.jpa.repository.support.SimpleJpaRepository.save]
2024-04-29T19:41:37.320+09:00 TRACE 58944 --- [project] [    Test worker] o.s.t.i.TransactionInterceptor           : Completing transaction for [org.springframework.data.jpa.repository.support.SimpleJpaRepository.save]
2024-04-29T19:41:37.320+09:00 DEBUG 58944 --- [project] [    Test worker] o.s.orm.jpa.JpaTransactionManager        : Found thread-bound EntityManager [SessionImpl(1742749668<open>)] for JPA transaction
2024-04-29T19:41:37.320+09:00 DEBUG 58944 --- [project] [    Test worker] o.s.orm.jpa.JpaTransactionManager        : Participating in existing transaction
2024-04-29T19:41:37.320+09:00 TRACE 58944 --- [project] [    Test worker] o.s.t.i.TransactionInterceptor           : Getting transaction for [org.springframework.data.jpa.repository.support.SimpleJpaRepository.save]
2024-04-29T19:41:37.320+09:00 TRACE 58944 --- [project] [    Test worker] o.s.t.i.TransactionInterceptor           : Completing transaction for [org.springframework.data.jpa.repository.support.SimpleJpaRepository.save]
2024-04-29T19:41:37.320+09:00 DEBUG 58944 --- [project] [    Test worker] o.s.orm.jpa.JpaTransactionManager        : Found thread-bound EntityManager [SessionImpl(1742749668<open>)] for JPA transaction
2024-04-29T19:41:37.320+09:00 DEBUG 58944 --- [project] [    Test worker] o.s.orm.jpa.JpaTransactionManager        : Participating in existing transaction
2024-04-29T19:41:37.320+09:00 TRACE 58944 --- [project] [    Test worker] o.s.t.i.TransactionInterceptor           : Getting transaction for [org.springframework.data.jpa.repository.support.SimpleJpaRepository.save]
2024-04-29T19:41:37.320+09:00 TRACE 58944 --- [project] [    Test worker] o.s.t.i.TransactionInterceptor           : Completing transaction for [org.springframework.data.jpa.repository.support.SimpleJpaRepository.save]
2024-04-29T19:41:37.320+09:00 DEBUG 58944 --- [project] [    Test worker] o.s.orm.jpa.JpaTransactionManager        : Found thread-bound EntityManager [SessionImpl(1742749668<open>)] for JPA transaction
2024-04-29T19:41:37.320+09:00 DEBUG 58944 --- [project] [    Test worker] o.s.orm.jpa.JpaTransactionManager        : Participating in existing transaction
2024-04-29T19:41:37.320+09:00 TRACE 58944 --- [project] [    Test worker] o.s.t.i.TransactionInterceptor           : Getting transaction for [org.springframework.data.jpa.repository.support.SimpleJpaRepository.save]
2024-04-29T19:41:37.321+09:00 TRACE 58944 --- [project] [    Test worker] o.s.t.i.TransactionInterceptor           : Completing transaction for [org.springframework.data.jpa.repository.support.SimpleJpaRepository.save]
2024-04-29T19:41:37.321+09:00 DEBUG 58944 --- [project] [    Test worker] o.s.orm.jpa.JpaTransactionManager        : Found thread-bound EntityManager [SessionImpl(1742749668<open>)] for JPA transaction
2024-04-29T19:41:37.321+09:00 DEBUG 58944 --- [project] [    Test worker] o.s.orm.jpa.JpaTransactionManager        : Participating in existing transaction
2024-04-29T19:41:37.321+09:00 TRACE 58944 --- [project] [    Test worker] o.s.t.i.TransactionInterceptor           : Getting transaction for [org.springframework.data.jpa.repository.support.SimpleJpaRepository.save]
2024-04-29T19:41:37.321+09:00 TRACE 58944 --- [project] [    Test worker] o.s.t.i.TransactionInterceptor           : Completing transaction for [org.springframework.data.jpa.repository.support.SimpleJpaRepository.save]
2024-04-29T19:41:37.321+09:00 DEBUG 58944 --- [project] [    Test worker] o.s.orm.jpa.JpaTransactionManager        : Found thread-bound EntityManager [SessionImpl(1742749668<open>)] for JPA transaction
2024-04-29T19:41:37.321+09:00 DEBUG 58944 --- [project] [    Test worker] o.s.orm.jpa.JpaTransactionManager        : Participating in existing transaction
2024-04-29T19:41:37.321+09:00 TRACE 58944 --- [project] [    Test worker] o.s.t.i.TransactionInterceptor           : Getting transaction for [org.springframework.data.jpa.repository.support.SimpleJpaRepository.save]
2024-04-29T19:41:37.322+09:00 TRACE 58944 --- [project] [    Test worker] o.s.t.i.TransactionInterceptor           : Completing transaction for [org.springframework.data.jpa.repository.support.SimpleJpaRepository.save]
2024-04-29T19:41:37.323+09:00 DEBUG 58944 --- [project] [    Test worker] o.s.orm.jpa.JpaTransactionManager        : Found thread-bound EntityManager [SessionImpl(1742749668<open>)] for JPA transaction
2024-04-29T19:41:37.323+09:00 DEBUG 58944 --- [project] [    Test worker] o.s.orm.jpa.JpaTransactionManager        : Participating in existing transaction
2024-04-29T19:41:37.323+09:00 TRACE 58944 --- [project] [    Test worker] o.s.t.i.TransactionInterceptor           : Getting transaction for [org.springframework.data.jpa.repository.support.SimpleJpaRepository.save]
2024-04-29T19:41:37.324+09:00 TRACE 58944 --- [project] [    Test worker] o.s.t.i.TransactionInterceptor           : Completing transaction for [org.springframework.data.jpa.repository.support.SimpleJpaRepository.save]
2024-04-29T19:41:37.324+09:00 DEBUG 58944 --- [project] [    Test worker] o.s.orm.jpa.JpaTransactionManager        : Found thread-bound EntityManager [SessionImpl(1742749668<open>)] for JPA transaction
2024-04-29T19:41:37.324+09:00 DEBUG 58944 --- [project] [    Test worker] o.s.orm.jpa.JpaTransactionManager        : Participating in existing transaction
2024-04-29T19:41:37.325+09:00 TRACE 58944 --- [project] [    Test worker] o.s.t.i.TransactionInterceptor           : Getting transaction for [org.springframework.data.jpa.repository.support.SimpleJpaRepository.save]
2024-04-29T19:41:37.325+09:00 TRACE 58944 --- [project] [    Test worker] o.s.t.i.TransactionInterceptor           : Completing transaction for [org.springframework.data.jpa.repository.support.SimpleJpaRepository.save]
2024-04-29T19:41:37.325+09:00 DEBUG 58944 --- [project] [    Test worker] o.s.orm.jpa.JpaTransactionManager        : Found thread-bound EntityManager [SessionImpl(1742749668<open>)] for JPA transaction
2024-04-29T19:41:37.325+09:00 DEBUG 58944 --- [project] [    Test worker] o.s.orm.jpa.JpaTransactionManager        : Participating in existing transaction
2024-04-29T19:41:37.325+09:00 TRACE 58944 --- [project] [    Test worker] o.s.t.i.TransactionInterceptor           : Getting transaction for [org.springframework.data.jpa.repository.support.SimpleJpaRepository.save]
2024-04-29T19:41:37.325+09:00 TRACE 58944 --- [project] [    Test worker] o.s.t.i.TransactionInterceptor           : Completing transaction for [org.springframework.data.jpa.repository.support.SimpleJpaRepository.save]
2024-04-29T19:41:37.325+09:00 DEBUG 58944 --- [project] [    Test worker] o.s.orm.jpa.JpaTransactionManager        : Found thread-bound EntityManager [SessionImpl(1742749668<open>)] for JPA transaction
2024-04-29T19:41:37.326+09:00 DEBUG 58944 --- [project] [    Test worker] o.s.orm.jpa.JpaTransactionManager        : Participating in existing transaction
2024-04-29T19:41:37.326+09:00 TRACE 58944 --- [project] [    Test worker] o.s.t.i.TransactionInterceptor           : Getting transaction for [org.springframework.data.jpa.repository.support.SimpleJpaRepository.save]
2024-04-29T19:41:37.326+09:00 TRACE 58944 --- [project] [    Test worker] o.s.t.i.TransactionInterceptor           : Completing transaction for [org.springframework.data.jpa.repository.support.SimpleJpaRepository.save]
2024-04-29T19:41:37.326+09:00 DEBUG 58944 --- [project] [    Test worker] o.s.orm.jpa.JpaTransactionManager        : Found thread-bound EntityManager [SessionImpl(1742749668<open>)] for JPA transaction
2024-04-29T19:41:37.326+09:00 DEBUG 58944 --- [project] [    Test worker] o.s.orm.jpa.JpaTransactionManager        : Participating in existing transaction
2024-04-29T19:41:37.326+09:00 TRACE 58944 --- [project] [    Test worker] o.s.t.i.TransactionInterceptor           : Getting transaction for [org.springframework.data.jpa.repository.support.SimpleJpaRepository.save]
2024-04-29T19:41:37.327+09:00 TRACE 58944 --- [project] [    Test worker] o.s.t.i.TransactionInterceptor           : Completing transaction for [org.springframework.data.jpa.repository.support.SimpleJpaRepository.save]
2024-04-29T19:41:37.327+09:00 DEBUG 58944 --- [project] [    Test worker] o.s.orm.jpa.JpaTransactionManager        : Found thread-bound EntityManager [SessionImpl(1742749668<open>)] for JPA transaction
2024-04-29T19:41:37.327+09:00 DEBUG 58944 --- [project] [    Test worker] o.s.orm.jpa.JpaTransactionManager        : Participating in existing transaction
2024-04-29T19:41:37.327+09:00 TRACE 58944 --- [project] [    Test worker] o.s.t.i.TransactionInterceptor           : Getting transaction for [org.springframework.data.jpa.repository.support.SimpleJpaRepository.save]
2024-04-29T19:41:37.327+09:00 TRACE 58944 --- [project] [    Test worker] o.s.t.i.TransactionInterceptor           : Completing transaction for [org.springframework.data.jpa.repository.support.SimpleJpaRepository.save]
2024-04-29T19:41:37.327+09:00 DEBUG 58944 --- [project] [    Test worker] o.s.orm.jpa.JpaTransactionManager        : Found thread-bound EntityManager [SessionImpl(1742749668<open>)] for JPA transaction
2024-04-29T19:41:37.327+09:00 DEBUG 58944 --- [project] [    Test worker] o.s.orm.jpa.JpaTransactionManager        : Participating in existing transaction
2024-04-29T19:41:37.327+09:00 TRACE 58944 --- [project] [    Test worker] o.s.t.i.TransactionInterceptor           : Getting transaction for [org.springframework.data.jpa.repository.support.SimpleJpaRepository.save]
2024-04-29T19:41:37.328+09:00 TRACE 58944 --- [project] [    Test worker] o.s.t.i.TransactionInterceptor           : Completing transaction for [org.springframework.data.jpa.repository.support.SimpleJpaRepository.save]
2024-04-29T19:41:37.329+09:00 DEBUG 58944 --- [project] [    Test worker] o.s.orm.jpa.JpaTransactionManager        : Found thread-bound EntityManager [SessionImpl(1742749668<open>)] for JPA transaction
2024-04-29T19:41:37.330+09:00 DEBUG 58944 --- [project] [    Test worker] o.s.orm.jpa.JpaTransactionManager        : Participating in existing transaction
2024-04-29T19:41:37.330+09:00 TRACE 58944 --- [project] [    Test worker] o.s.t.i.TransactionInterceptor           : Getting transaction for [org.springframework.data.jpa.repository.support.SimpleJpaRepository.save]
2024-04-29T19:41:37.331+09:00 TRACE 58944 --- [project] [    Test worker] o.s.t.i.TransactionInterceptor           : Completing transaction for [org.springframework.data.jpa.repository.support.SimpleJpaRepository.save]
2024-04-29T19:41:37.331+09:00 DEBUG 58944 --- [project] [    Test worker] o.s.orm.jpa.JpaTransactionManager        : Found thread-bound EntityManager [SessionImpl(1742749668<open>)] for JPA transaction
2024-04-29T19:41:37.331+09:00 DEBUG 58944 --- [project] [    Test worker] o.s.orm.jpa.JpaTransactionManager        : Participating in existing transaction
2024-04-29T19:41:37.331+09:00 TRACE 58944 --- [project] [    Test worker] o.s.t.i.TransactionInterceptor           : Getting transaction for [org.springframework.data.jpa.repository.support.SimpleJpaRepository.save]
2024-04-29T19:41:37.332+09:00 TRACE 58944 --- [project] [    Test worker] o.s.t.i.TransactionInterceptor           : Completing transaction for [org.springframework.data.jpa.repository.support.SimpleJpaRepository.save]
2024-04-29T19:41:37.332+09:00 DEBUG 58944 --- [project] [    Test worker] o.s.orm.jpa.JpaTransactionManager        : Found thread-bound EntityManager [SessionImpl(1742749668<open>)] for JPA transaction
2024-04-29T19:41:37.332+09:00 DEBUG 58944 --- [project] [    Test worker] o.s.orm.jpa.JpaTransactionManager        : Participating in existing transaction
2024-04-29T19:41:37.332+09:00 TRACE 58944 --- [project] [    Test worker] o.s.t.i.TransactionInterceptor           : Getting transaction for [org.springframework.data.jpa.repository.support.SimpleJpaRepository.save]
2024-04-29T19:41:37.333+09:00 TRACE 58944 --- [project] [    Test worker] o.s.t.i.TransactionInterceptor           : Completing transaction for [org.springframework.data.jpa.repository.support.SimpleJpaRepository.save]
2024-04-29T19:41:37.333+09:00 DEBUG 58944 --- [project] [    Test worker] o.s.orm.jpa.JpaTransactionManager        : Found thread-bound EntityManager [SessionImpl(1742749668<open>)] for JPA transaction
2024-04-29T19:41:37.333+09:00 DEBUG 58944 --- [project] [    Test worker] o.s.orm.jpa.JpaTransactionManager        : Participating in existing transaction
2024-04-29T19:41:37.333+09:00 TRACE 58944 --- [project] [    Test worker] o.s.t.i.TransactionInterceptor           : Getting transaction for [org.springframework.data.jpa.repository.support.SimpleJpaRepository.save]
2024-04-29T19:41:37.333+09:00 TRACE 58944 --- [project] [    Test worker] o.s.t.i.TransactionInterceptor           : Completing transaction for [org.springframework.data.jpa.repository.support.SimpleJpaRepository.save]
2024-04-29T19:41:37.334+09:00 DEBUG 58944 --- [project] [    Test worker] o.s.orm.jpa.JpaTransactionManager        : Found thread-bound EntityManager [SessionImpl(1742749668<open>)] for JPA transaction
2024-04-29T19:41:37.334+09:00 DEBUG 58944 --- [project] [    Test worker] o.s.orm.jpa.JpaTransactionManager        : Participating in existing transaction
2024-04-29T19:41:37.334+09:00 TRACE 58944 --- [project] [    Test worker] o.s.t.i.TransactionInterceptor           : Getting transaction for [org.springframework.data.jpa.repository.support.SimpleJpaRepository.save]
2024-04-29T19:41:37.334+09:00 TRACE 58944 --- [project] [    Test worker] o.s.t.i.TransactionInterceptor           : Completing transaction for [org.springframework.data.jpa.repository.support.SimpleJpaRepository.save]
2024-04-29T19:41:37.334+09:00 DEBUG 58944 --- [project] [    Test worker] o.s.orm.jpa.JpaTransactionManager        : Found thread-bound EntityManager [SessionImpl(1742749668<open>)] for JPA transaction
2024-04-29T19:41:37.334+09:00 DEBUG 58944 --- [project] [    Test worker] o.s.orm.jpa.JpaTransactionManager        : Participating in existing transaction
2024-04-29T19:41:37.334+09:00 TRACE 58944 --- [project] [    Test worker] o.s.t.i.TransactionInterceptor           : Getting transaction for [org.springframework.data.jpa.repository.support.SimpleJpaRepository.save]
2024-04-29T19:41:37.335+09:00 TRACE 58944 --- [project] [    Test worker] o.s.t.i.TransactionInterceptor           : Completing transaction for [org.springframework.data.jpa.repository.support.SimpleJpaRepository.save]
2024-04-29T19:41:37.335+09:00 DEBUG 58944 --- [project] [    Test worker] o.s.orm.jpa.JpaTransactionManager        : Found thread-bound EntityManager [SessionImpl(1742749668<open>)] for JPA transaction
2024-04-29T19:41:37.335+09:00 DEBUG 58944 --- [project] [    Test worker] o.s.orm.jpa.JpaTransactionManager        : Participating in existing transaction
2024-04-29T19:41:37.335+09:00 TRACE 58944 --- [project] [    Test worker] o.s.t.i.TransactionInterceptor           : Getting transaction for [org.springframework.data.jpa.repository.support.SimpleJpaRepository.save]
2024-04-29T19:41:37.335+09:00 TRACE 58944 --- [project] [    Test worker] o.s.t.i.TransactionInterceptor           : Completing transaction for [org.springframework.data.jpa.repository.support.SimpleJpaRepository.save]
2024-04-29T19:41:37.335+09:00 DEBUG 58944 --- [project] [    Test worker] o.s.orm.jpa.JpaTransactionManager        : Found thread-bound EntityManager [SessionImpl(1742749668<open>)] for JPA transaction
2024-04-29T19:41:37.335+09:00 DEBUG 58944 --- [project] [    Test worker] o.s.orm.jpa.JpaTransactionManager        : Participating in existing transaction
2024-04-29T19:41:37.335+09:00 TRACE 58944 --- [project] [    Test worker] o.s.t.i.TransactionInterceptor           : Getting transaction for [org.springframework.data.jpa.repository.support.SimpleJpaRepository.save]
2024-04-29T19:41:37.335+09:00 TRACE 58944 --- [project] [    Test worker] o.s.t.i.TransactionInterceptor           : Completing transaction for [org.springframework.data.jpa.repository.support.SimpleJpaRepository.save]
2024-04-29T19:41:37.335+09:00 DEBUG 58944 --- [project] [    Test worker] o.s.orm.jpa.JpaTransactionManager        : Found thread-bound EntityManager [SessionImpl(1742749668<open>)] for JPA transaction
2024-04-29T19:41:37.335+09:00 DEBUG 58944 --- [project] [    Test worker] o.s.orm.jpa.JpaTransactionManager        : Participating in existing transaction
2024-04-29T19:41:37.335+09:00 TRACE 58944 --- [project] [    Test worker] o.s.t.i.TransactionInterceptor           : Getting transaction for [org.springframework.data.jpa.repository.support.SimpleJpaRepository.save]
2024-04-29T19:41:37.335+09:00 TRACE 58944 --- [project] [    Test worker] o.s.t.i.TransactionInterceptor           : Completing transaction for [org.springframework.data.jpa.repository.support.SimpleJpaRepository.save]
2024-04-29T19:41:37.335+09:00 DEBUG 58944 --- [project] [    Test worker] o.s.orm.jpa.JpaTransactionManager        : Found thread-bound EntityManager [SessionImpl(1742749668<open>)] for JPA transaction
2024-04-29T19:41:37.335+09:00 DEBUG 58944 --- [project] [    Test worker] o.s.orm.jpa.JpaTransactionManager        : Participating in existing transaction
2024-04-29T19:41:37.335+09:00 TRACE 58944 --- [project] [    Test worker] o.s.t.i.TransactionInterceptor           : Getting transaction for [org.springframework.data.jpa.repository.support.SimpleJpaRepository.save]
2024-04-29T19:41:37.336+09:00 TRACE 58944 --- [project] [    Test worker] o.s.t.i.TransactionInterceptor           : Completing transaction for [org.springframework.data.jpa.repository.support.SimpleJpaRepository.save]
2024-04-29T19:41:37.337+09:00 DEBUG 58944 --- [project] [    Test worker] o.s.orm.jpa.JpaTransactionManager        : Found thread-bound EntityManager [SessionImpl(1742749668<open>)] for JPA transaction
2024-04-29T19:41:37.337+09:00 DEBUG 58944 --- [project] [    Test worker] o.s.orm.jpa.JpaTransactionManager        : Participating in existing transaction
2024-04-29T19:41:37.337+09:00 TRACE 58944 --- [project] [    Test worker] o.s.t.i.TransactionInterceptor           : Getting transaction for [org.springframework.data.jpa.repository.support.SimpleJpaRepository.save]
2024-04-29T19:41:37.337+09:00 TRACE 58944 --- [project] [    Test worker] o.s.t.i.TransactionInterceptor           : Completing transaction for [org.springframework.data.jpa.repository.support.SimpleJpaRepository.save]
2024-04-29T19:41:37.338+09:00 DEBUG 58944 --- [project] [    Test worker] o.s.orm.jpa.JpaTransactionManager        : Found thread-bound EntityManager [SessionImpl(1742749668<open>)] for JPA transaction
2024-04-29T19:41:37.338+09:00 DEBUG 58944 --- [project] [    Test worker] o.s.orm.jpa.JpaTransactionManager        : Participating in existing transaction
2024-04-29T19:41:37.338+09:00 TRACE 58944 --- [project] [    Test worker] o.s.t.i.TransactionInterceptor           : Getting transaction for [org.springframework.data.jpa.repository.support.SimpleJpaRepository.save]
2024-04-29T19:41:37.339+09:00 TRACE 58944 --- [project] [    Test worker] o.s.t.i.TransactionInterceptor           : Completing transaction for [org.springframework.data.jpa.repository.support.SimpleJpaRepository.save]
2024-04-29T19:41:37.339+09:00 DEBUG 58944 --- [project] [    Test worker] o.s.orm.jpa.JpaTransactionManager        : Found thread-bound EntityManager [SessionImpl(1742749668<open>)] for JPA transaction
2024-04-29T19:41:37.339+09:00 DEBUG 58944 --- [project] [    Test worker] o.s.orm.jpa.JpaTransactionManager        : Participating in existing transaction
2024-04-29T19:41:37.339+09:00 TRACE 58944 --- [project] [    Test worker] o.s.t.i.TransactionInterceptor           : Getting transaction for [org.springframework.data.jpa.repository.support.SimpleJpaRepository.save]
2024-04-29T19:41:37.339+09:00 TRACE 58944 --- [project] [    Test worker] o.s.t.i.TransactionInterceptor           : Completing transaction for [org.springframework.data.jpa.repository.support.SimpleJpaRepository.save]
2024-04-29T19:41:37.339+09:00 DEBUG 58944 --- [project] [    Test worker] o.s.orm.jpa.JpaTransactionManager        : Found thread-bound EntityManager [SessionImpl(1742749668<open>)] for JPA transaction
2024-04-29T19:41:37.339+09:00 DEBUG 58944 --- [project] [    Test worker] o.s.orm.jpa.JpaTransactionManager        : Participating in existing transaction
2024-04-29T19:41:37.340+09:00 TRACE 58944 --- [project] [    Test worker] o.s.t.i.TransactionInterceptor           : Getting transaction for [org.springframework.data.jpa.repository.support.SimpleJpaRepository.save]
2024-04-29T19:41:37.341+09:00 TRACE 58944 --- [project] [    Test worker] o.s.t.i.TransactionInterceptor           : Completing transaction for [org.springframework.data.jpa.repository.support.SimpleJpaRepository.save]
2024-04-29T19:41:37.342+09:00 DEBUG 58944 --- [project] [    Test worker] o.s.orm.jpa.JpaTransactionManager        : Found thread-bound EntityManager [SessionImpl(1742749668<open>)] for JPA transaction
2024-04-29T19:41:37.342+09:00 DEBUG 58944 --- [project] [    Test worker] o.s.orm.jpa.JpaTransactionManager        : Participating in existing transaction
2024-04-29T19:41:37.342+09:00 TRACE 58944 --- [project] [    Test worker] o.s.t.i.TransactionInterceptor           : Getting transaction for [org.springframework.data.jpa.repository.support.SimpleJpaRepository.save]
2024-04-29T19:41:37.342+09:00 TRACE 58944 --- [project] [    Test worker] o.s.t.i.TransactionInterceptor           : Completing transaction for [org.springframework.data.jpa.repository.support.SimpleJpaRepository.save]
2024-04-29T19:41:37.342+09:00 DEBUG 58944 --- [project] [    Test worker] o.s.orm.jpa.JpaTransactionManager        : Found thread-bound EntityManager [SessionImpl(1742749668<open>)] for JPA transaction
2024-04-29T19:41:37.342+09:00 DEBUG 58944 --- [project] [    Test worker] o.s.orm.jpa.JpaTransactionManager        : Participating in existing transaction
2024-04-29T19:41:37.342+09:00 TRACE 58944 --- [project] [    Test worker] o.s.t.i.TransactionInterceptor           : Getting transaction for [org.springframework.data.jpa.repository.support.SimpleJpaRepository.save]
2024-04-29T19:41:37.343+09:00 TRACE 58944 --- [project] [    Test worker] o.s.t.i.TransactionInterceptor           : Completing transaction for [org.springframework.data.jpa.repository.support.SimpleJpaRepository.save]
2024-04-29T19:41:37.343+09:00 DEBUG 58944 --- [project] [    Test worker] o.s.orm.jpa.JpaTransactionManager        : Found thread-bound EntityManager [SessionImpl(1742749668<open>)] for JPA transaction
2024-04-29T19:41:37.343+09:00 DEBUG 58944 --- [project] [    Test worker] o.s.orm.jpa.JpaTransactionManager        : Participating in existing transaction
2024-04-29T19:41:37.343+09:00 TRACE 58944 --- [project] [    Test worker] o.s.t.i.TransactionInterceptor           : Getting transaction for [org.springframework.data.jpa.repository.support.SimpleJpaRepository.save]
2024-04-29T19:41:37.343+09:00 TRACE 58944 --- [project] [    Test worker] o.s.t.i.TransactionInterceptor           : Completing transaction for [org.springframework.data.jpa.repository.support.SimpleJpaRepository.save]
2024-04-29T19:41:37.343+09:00 DEBUG 58944 --- [project] [    Test worker] o.s.orm.jpa.JpaTransactionManager        : Found thread-bound EntityManager [SessionImpl(1742749668<open>)] for JPA transaction
2024-04-29T19:41:37.344+09:00 DEBUG 58944 --- [project] [    Test worker] o.s.orm.jpa.JpaTransactionManager        : Participating in existing transaction
2024-04-29T19:41:37.344+09:00 TRACE 58944 --- [project] [    Test worker] o.s.t.i.TransactionInterceptor           : Getting transaction for [org.springframework.data.jpa.repository.support.SimpleJpaRepository.save]
2024-04-29T19:41:37.344+09:00 TRACE 58944 --- [project] [    Test worker] o.s.t.i.TransactionInterceptor           : Completing transaction for [org.springframework.data.jpa.repository.support.SimpleJpaRepository.save]
2024-04-29T19:41:37.346+09:00 DEBUG 58944 --- [project] [    Test worker] o.s.orm.jpa.JpaTransactionManager        : Found thread-bound EntityManager [SessionImpl(1742749668<open>)] for JPA transaction
2024-04-29T19:41:37.346+09:00 DEBUG 58944 --- [project] [    Test worker] o.s.orm.jpa.JpaTransactionManager        : Participating in existing transaction
2024-04-29T19:41:37.346+09:00 TRACE 58944 --- [project] [    Test worker] o.s.t.i.TransactionInterceptor           : Getting transaction for [org.springframework.data.jpa.repository.support.SimpleJpaRepository.save]
2024-04-29T19:41:37.347+09:00 TRACE 58944 --- [project] [    Test worker] o.s.t.i.TransactionInterceptor           : Completing transaction for [org.springframework.data.jpa.repository.support.SimpleJpaRepository.save]
2024-04-29T19:41:37.347+09:00 DEBUG 58944 --- [project] [    Test worker] o.s.orm.jpa.JpaTransactionManager        : Found thread-bound EntityManager [SessionImpl(1742749668<open>)] for JPA transaction
2024-04-29T19:41:37.347+09:00 DEBUG 58944 --- [project] [    Test worker] o.s.orm.jpa.JpaTransactionManager        : Participating in existing transaction
2024-04-29T19:41:37.347+09:00 TRACE 58944 --- [project] [    Test worker] o.s.t.i.TransactionInterceptor           : Getting transaction for [org.springframework.data.jpa.repository.support.SimpleJpaRepository.save]
2024-04-29T19:41:37.347+09:00 TRACE 58944 --- [project] [    Test worker] o.s.t.i.TransactionInterceptor           : Completing transaction for [org.springframework.data.jpa.repository.support.SimpleJpaRepository.save]
2024-04-29T19:41:37.347+09:00 DEBUG 58944 --- [project] [    Test worker] o.s.orm.jpa.JpaTransactionManager        : Found thread-bound EntityManager [SessionImpl(1742749668<open>)] for JPA transaction
2024-04-29T19:41:37.347+09:00 DEBUG 58944 --- [project] [    Test worker] o.s.orm.jpa.JpaTransactionManager        : Participating in existing transaction
2024-04-29T19:41:37.347+09:00 TRACE 58944 --- [project] [    Test worker] o.s.t.i.TransactionInterceptor           : Getting transaction for [org.springframework.data.jpa.repository.support.SimpleJpaRepository.save]
2024-04-29T19:41:37.347+09:00 TRACE 58944 --- [project] [    Test worker] o.s.t.i.TransactionInterceptor           : Completing transaction for [org.springframework.data.jpa.repository.support.SimpleJpaRepository.save]
2024-04-29T19:41:37.347+09:00 DEBUG 58944 --- [project] [    Test worker] o.s.orm.jpa.JpaTransactionManager        : Found thread-bound EntityManager [SessionImpl(1742749668<open>)] for JPA transaction
2024-04-29T19:41:37.347+09:00 DEBUG 58944 --- [project] [    Test worker] o.s.orm.jpa.JpaTransactionManager        : Participating in existing transaction
2024-04-29T19:41:37.348+09:00 TRACE 58944 --- [project] [    Test worker] o.s.t.i.TransactionInterceptor           : Getting transaction for [org.springframework.data.jpa.repository.support.SimpleJpaRepository.save]
2024-04-29T19:41:37.348+09:00 TRACE 58944 --- [project] [    Test worker] o.s.t.i.TransactionInterceptor           : Completing transaction for [org.springframework.data.jpa.repository.support.SimpleJpaRepository.save]
2024-04-29T19:41:37.348+09:00 DEBUG 58944 --- [project] [    Test worker] o.s.orm.jpa.JpaTransactionManager        : Found thread-bound EntityManager [SessionImpl(1742749668<open>)] for JPA transaction
2024-04-29T19:41:37.348+09:00 DEBUG 58944 --- [project] [    Test worker] o.s.orm.jpa.JpaTransactionManager        : Participating in existing transaction
2024-04-29T19:41:37.348+09:00 TRACE 58944 --- [project] [    Test worker] o.s.t.i.TransactionInterceptor           : Getting transaction for [org.springframework.data.jpa.repository.support.SimpleJpaRepository.save]
2024-04-29T19:41:37.348+09:00 TRACE 58944 --- [project] [    Test worker] o.s.t.i.TransactionInterceptor           : Completing transaction for [org.springframework.data.jpa.repository.support.SimpleJpaRepository.save]
2024-04-29T19:41:37.349+09:00 DEBUG 58944 --- [project] [    Test worker] o.s.orm.jpa.JpaTransactionManager        : Found thread-bound EntityManager [SessionImpl(1742749668<open>)] for JPA transaction
2024-04-29T19:41:37.349+09:00 DEBUG 58944 --- [project] [    Test worker] o.s.orm.jpa.JpaTransactionManager        : Participating in existing transaction
2024-04-29T19:41:37.349+09:00 TRACE 58944 --- [project] [    Test worker] o.s.t.i.TransactionInterceptor           : Getting transaction for [org.springframework.data.jpa.repository.support.SimpleJpaRepository.save]
2024-04-29T19:41:37.349+09:00 TRACE 58944 --- [project] [    Test worker] o.s.t.i.TransactionInterceptor           : Completing transaction for [org.springframework.data.jpa.repository.support.SimpleJpaRepository.save]
2024-04-29T19:41:37.349+09:00 DEBUG 58944 --- [project] [    Test worker] o.s.orm.jpa.JpaTransactionManager        : Found thread-bound EntityManager [SessionImpl(1742749668<open>)] for JPA transaction
2024-04-29T19:41:37.349+09:00 DEBUG 58944 --- [project] [    Test worker] o.s.orm.jpa.JpaTransactionManager        : Participating in existing transaction
2024-04-29T19:41:37.349+09:00 TRACE 58944 --- [project] [    Test worker] o.s.t.i.TransactionInterceptor           : Getting transaction for [org.springframework.data.jpa.repository.support.SimpleJpaRepository.save]
2024-04-29T19:41:37.349+09:00 TRACE 58944 --- [project] [    Test worker] o.s.t.i.TransactionInterceptor           : Completing transaction for [org.springframework.data.jpa.repository.support.SimpleJpaRepository.save]
2024-04-29T19:41:37.349+09:00 DEBUG 58944 --- [project] [    Test worker] o.s.orm.jpa.JpaTransactionManager        : Found thread-bound EntityManager [SessionImpl(1742749668<open>)] for JPA transaction
2024-04-29T19:41:37.349+09:00 DEBUG 58944 --- [project] [    Test worker] o.s.orm.jpa.JpaTransactionManager        : Participating in existing transaction
2024-04-29T19:41:37.349+09:00 TRACE 58944 --- [project] [    Test worker] o.s.t.i.TransactionInterceptor           : Getting transaction for [org.springframework.data.jpa.repository.support.SimpleJpaRepository.save]
2024-04-29T19:41:37.349+09:00 TRACE 58944 --- [project] [    Test worker] o.s.t.i.TransactionInterceptor           : Completing transaction for [org.springframework.data.jpa.repository.support.SimpleJpaRepository.save]
2024-04-29T19:41:37.350+09:00 DEBUG 58944 --- [project] [    Test worker] o.s.orm.jpa.JpaTransactionManager        : Found thread-bound EntityManager [SessionImpl(1742749668<open>)] for JPA transaction
2024-04-29T19:41:37.350+09:00 DEBUG 58944 --- [project] [    Test worker] o.s.orm.jpa.JpaTransactionManager        : Participating in existing transaction
2024-04-29T19:41:37.350+09:00 TRACE 58944 --- [project] [    Test worker] o.s.t.i.TransactionInterceptor           : Getting transaction for [org.springframework.data.jpa.repository.support.SimpleJpaRepository.save]
2024-04-29T19:41:37.350+09:00 TRACE 58944 --- [project] [    Test worker] o.s.t.i.TransactionInterceptor           : Completing transaction for [org.springframework.data.jpa.repository.support.SimpleJpaRepository.save]
2024-04-29T19:41:37.350+09:00 DEBUG 58944 --- [project] [    Test worker] o.s.orm.jpa.JpaTransactionManager        : Found thread-bound EntityManager [SessionImpl(1742749668<open>)] for JPA transaction
2024-04-29T19:41:37.350+09:00 DEBUG 58944 --- [project] [    Test worker] o.s.orm.jpa.JpaTransactionManager        : Participating in existing transaction
2024-04-29T19:41:37.350+09:00 TRACE 58944 --- [project] [    Test worker] o.s.t.i.TransactionInterceptor           : Getting transaction for [org.springframework.data.jpa.repository.support.SimpleJpaRepository.save]
2024-04-29T19:41:37.351+09:00 TRACE 58944 --- [project] [    Test worker] o.s.t.i.TransactionInterceptor           : Completing transaction for [org.springframework.data.jpa.repository.support.SimpleJpaRepository.save]
2024-04-29T19:41:37.352+09:00 DEBUG 58944 --- [project] [    Test worker] o.s.orm.jpa.JpaTransactionManager        : Found thread-bound EntityManager [SessionImpl(1742749668<open>)] for JPA transaction
2024-04-29T19:41:37.352+09:00 DEBUG 58944 --- [project] [    Test worker] o.s.orm.jpa.JpaTransactionManager        : Participating in existing transaction
2024-04-29T19:41:37.352+09:00 TRACE 58944 --- [project] [    Test worker] o.s.t.i.TransactionInterceptor           : Getting transaction for [org.springframework.data.jpa.repository.support.SimpleJpaRepository.save]
2024-04-29T19:41:37.353+09:00 TRACE 58944 --- [project] [    Test worker] o.s.t.i.TransactionInterceptor           : Completing transaction for [org.springframework.data.jpa.repository.support.SimpleJpaRepository.save]
2024-04-29T19:41:37.353+09:00 DEBUG 58944 --- [project] [    Test worker] o.s.orm.jpa.JpaTransactionManager        : Found thread-bound EntityManager [SessionImpl(1742749668<open>)] for JPA transaction
2024-04-29T19:41:37.353+09:00 DEBUG 58944 --- [project] [    Test worker] o.s.orm.jpa.JpaTransactionManager        : Participating in existing transaction
2024-04-29T19:41:37.353+09:00 TRACE 58944 --- [project] [    Test worker] o.s.t.i.TransactionInterceptor           : Getting transaction for [org.springframework.data.jpa.repository.support.SimpleJpaRepository.save]
2024-04-29T19:41:37.353+09:00 TRACE 58944 --- [project] [    Test worker] o.s.t.i.TransactionInterceptor           : Completing transaction for [org.springframework.data.jpa.repository.support.SimpleJpaRepository.save]
2024-04-29T19:41:37.354+09:00 DEBUG 58944 --- [project] [    Test worker] o.s.orm.jpa.JpaTransactionManager        : Found thread-bound EntityManager [SessionImpl(1742749668<open>)] for JPA transaction
2024-04-29T19:41:37.354+09:00 DEBUG 58944 --- [project] [    Test worker] o.s.orm.jpa.JpaTransactionManager        : Participating in existing transaction
2024-04-29T19:41:37.354+09:00 TRACE 58944 --- [project] [    Test worker] o.s.t.i.TransactionInterceptor           : Getting transaction for [org.springframework.data.jpa.repository.support.SimpleJpaRepository.save]
2024-04-29T19:41:37.354+09:00 TRACE 58944 --- [project] [    Test worker] o.s.t.i.TransactionInterceptor           : Completing transaction for [org.springframework.data.jpa.repository.support.SimpleJpaRepository.save]
2024-04-29T19:41:37.354+09:00 DEBUG 58944 --- [project] [    Test worker] o.s.orm.jpa.JpaTransactionManager        : Found thread-bound EntityManager [SessionImpl(1742749668<open>)] for JPA transaction
2024-04-29T19:41:37.354+09:00 DEBUG 58944 --- [project] [    Test worker] o.s.orm.jpa.JpaTransactionManager        : Participating in existing transaction
2024-04-29T19:41:37.354+09:00 TRACE 58944 --- [project] [    Test worker] o.s.t.i.TransactionInterceptor           : Getting transaction for [org.springframework.data.jpa.repository.support.SimpleJpaRepository.save]
2024-04-29T19:41:37.354+09:00 TRACE 58944 --- [project] [    Test worker] o.s.t.i.TransactionInterceptor           : Completing transaction for [org.springframework.data.jpa.repository.support.SimpleJpaRepository.save]
2024-04-29T19:41:37.354+09:00 DEBUG 58944 --- [project] [    Test worker] o.s.orm.jpa.JpaTransactionManager        : Found thread-bound EntityManager [SessionImpl(1742749668<open>)] for JPA transaction
2024-04-29T19:41:37.354+09:00 DEBUG 58944 --- [project] [    Test worker] o.s.orm.jpa.JpaTransactionManager        : Participating in existing transaction
2024-04-29T19:41:37.354+09:00 TRACE 58944 --- [project] [    Test worker] o.s.t.i.TransactionInterceptor           : Getting transaction for [org.springframework.data.jpa.repository.support.SimpleJpaRepository.save]
2024-04-29T19:41:37.354+09:00 TRACE 58944 --- [project] [    Test worker] o.s.t.i.TransactionInterceptor           : Completing transaction for [org.springframework.data.jpa.repository.support.SimpleJpaRepository.save]
2024-04-29T19:41:37.354+09:00 DEBUG 58944 --- [project] [    Test worker] o.s.orm.jpa.JpaTransactionManager        : Found thread-bound EntityManager [SessionImpl(1742749668<open>)] for JPA transaction
2024-04-29T19:41:37.354+09:00 DEBUG 58944 --- [project] [    Test worker] o.s.orm.jpa.JpaTransactionManager        : Participating in existing transaction
2024-04-29T19:41:37.354+09:00 TRACE 58944 --- [project] [    Test worker] o.s.t.i.TransactionInterceptor           : Getting transaction for [org.springframework.data.jpa.repository.support.SimpleJpaRepository.save]
2024-04-29T19:41:37.354+09:00 TRACE 58944 --- [project] [    Test worker] o.s.t.i.TransactionInterceptor           : Completing transaction for [org.springframework.data.jpa.repository.support.SimpleJpaRepository.save]
2024-04-29T19:41:37.355+09:00 DEBUG 58944 --- [project] [    Test worker] o.s.orm.jpa.JpaTransactionManager        : Found thread-bound EntityManager [SessionImpl(1742749668<open>)] for JPA transaction
2024-04-29T19:41:37.355+09:00 DEBUG 58944 --- [project] [    Test worker] o.s.orm.jpa.JpaTransactionManager        : Participating in existing transaction
2024-04-29T19:41:37.355+09:00 TRACE 58944 --- [project] [    Test worker] o.s.t.i.TransactionInterceptor           : Getting transaction for [org.springframework.data.jpa.repository.support.SimpleJpaRepository.save]
2024-04-29T19:41:37.355+09:00 TRACE 58944 --- [project] [    Test worker] o.s.t.i.TransactionInterceptor           : Completing transaction for [org.springframework.data.jpa.repository.support.SimpleJpaRepository.save]
2024-04-29T19:41:37.355+09:00 DEBUG 58944 --- [project] [    Test worker] o.s.orm.jpa.JpaTransactionManager        : Found thread-bound EntityManager [SessionImpl(1742749668<open>)] for JPA transaction
2024-04-29T19:41:37.356+09:00 DEBUG 58944 --- [project] [    Test worker] o.s.orm.jpa.JpaTransactionManager        : Participating in existing transaction
2024-04-29T19:41:37.356+09:00 TRACE 58944 --- [project] [    Test worker] o.s.t.i.TransactionInterceptor           : Getting transaction for [org.springframework.data.jpa.repository.support.SimpleJpaRepository.save]
2024-04-29T19:41:37.357+09:00 TRACE 58944 --- [project] [    Test worker] o.s.t.i.TransactionInterceptor           : Completing transaction for [org.springframework.data.jpa.repository.support.SimpleJpaRepository.save]
2024-04-29T19:41:37.357+09:00 DEBUG 58944 --- [project] [    Test worker] o.s.orm.jpa.JpaTransactionManager        : Found thread-bound EntityManager [SessionImpl(1742749668<open>)] for JPA transaction
2024-04-29T19:41:37.358+09:00 DEBUG 58944 --- [project] [    Test worker] o.s.orm.jpa.JpaTransactionManager        : Participating in existing transaction
2024-04-29T19:41:37.358+09:00 TRACE 58944 --- [project] [    Test worker] o.s.t.i.TransactionInterceptor           : Getting transaction for [org.springframework.data.jpa.repository.support.SimpleJpaRepository.save]
2024-04-29T19:41:37.358+09:00 TRACE 58944 --- [project] [    Test worker] o.s.t.i.TransactionInterceptor           : Completing transaction for [org.springframework.data.jpa.repository.support.SimpleJpaRepository.save]
2024-04-29T19:41:37.358+09:00 DEBUG 58944 --- [project] [    Test worker] o.s.orm.jpa.JpaTransactionManager        : Found thread-bound EntityManager [SessionImpl(1742749668<open>)] for JPA transaction
2024-04-29T19:41:37.358+09:00 DEBUG 58944 --- [project] [    Test worker] o.s.orm.jpa.JpaTransactionManager        : Participating in existing transaction
2024-04-29T19:41:37.358+09:00 TRACE 58944 --- [project] [    Test worker] o.s.t.i.TransactionInterceptor           : Getting transaction for [org.springframework.data.jpa.repository.support.SimpleJpaRepository.save]
2024-04-29T19:41:37.359+09:00 TRACE 58944 --- [project] [    Test worker] o.s.t.i.TransactionInterceptor           : Completing transaction for [org.springframework.data.jpa.repository.support.SimpleJpaRepository.save]
2024-04-29T19:41:37.359+09:00 DEBUG 58944 --- [project] [    Test worker] o.s.orm.jpa.JpaTransactionManager        : Found thread-bound EntityManager [SessionImpl(1742749668<open>)] for JPA transaction
2024-04-29T19:41:37.359+09:00 DEBUG 58944 --- [project] [    Test worker] o.s.orm.jpa.JpaTransactionManager        : Participating in existing transaction
2024-04-29T19:41:37.359+09:00 TRACE 58944 --- [project] [    Test worker] o.s.t.i.TransactionInterceptor           : Getting transaction for [org.springframework.data.jpa.repository.support.SimpleJpaRepository.save]
2024-04-29T19:41:37.360+09:00 TRACE 58944 --- [project] [    Test worker] o.s.t.i.TransactionInterceptor           : Completing transaction for [org.springframework.data.jpa.repository.support.SimpleJpaRepository.save]
2024-04-29T19:41:37.360+09:00 DEBUG 58944 --- [project] [    Test worker] o.s.orm.jpa.JpaTransactionManager        : Found thread-bound EntityManager [SessionImpl(1742749668<open>)] for JPA transaction
2024-04-29T19:41:37.360+09:00 DEBUG 58944 --- [project] [    Test worker] o.s.orm.jpa.JpaTransactionManager        : Participating in existing transaction
2024-04-29T19:41:37.360+09:00 TRACE 58944 --- [project] [    Test worker] o.s.t.i.TransactionInterceptor           : Getting transaction for [org.springframework.data.jpa.repository.support.SimpleJpaRepository.save]
2024-04-29T19:41:37.360+09:00 TRACE 58944 --- [project] [    Test worker] o.s.t.i.TransactionInterceptor           : Completing transaction for [org.springframework.data.jpa.repository.support.SimpleJpaRepository.save]
2024-04-29T19:41:37.360+09:00 DEBUG 58944 --- [project] [    Test worker] o.s.orm.jpa.JpaTransactionManager        : Found thread-bound EntityManager [SessionImpl(1742749668<open>)] for JPA transaction
2024-04-29T19:41:37.360+09:00 DEBUG 58944 --- [project] [    Test worker] o.s.orm.jpa.JpaTransactionManager        : Participating in existing transaction
2024-04-29T19:41:37.360+09:00 TRACE 58944 --- [project] [    Test worker] o.s.t.i.TransactionInterceptor           : Getting transaction for [org.springframework.data.jpa.repository.support.SimpleJpaRepository.save]
2024-04-29T19:41:37.360+09:00 TRACE 58944 --- [project] [    Test worker] o.s.t.i.TransactionInterceptor           : Completing transaction for [org.springframework.data.jpa.repository.support.SimpleJpaRepository.save]
2024-04-29T19:41:37.360+09:00 DEBUG 58944 --- [project] [    Test worker] o.s.orm.jpa.JpaTransactionManager        : Found thread-bound EntityManager [SessionImpl(1742749668<open>)] for JPA transaction
2024-04-29T19:41:37.360+09:00 DEBUG 58944 --- [project] [    Test worker] o.s.orm.jpa.JpaTransactionManager        : Participating in existing transaction
2024-04-29T19:41:37.360+09:00 TRACE 58944 --- [project] [    Test worker] o.s.t.i.TransactionInterceptor           : Getting transaction for [org.springframework.data.jpa.repository.support.SimpleJpaRepository.save]
2024-04-29T19:41:37.360+09:00 TRACE 58944 --- [project] [    Test worker] o.s.t.i.TransactionInterceptor           : Completing transaction for [org.springframework.data.jpa.repository.support.SimpleJpaRepository.save]
2024-04-29T19:41:37.361+09:00 DEBUG 58944 --- [project] [    Test worker] o.s.orm.jpa.JpaTransactionManager        : Found thread-bound EntityManager [SessionImpl(1742749668<open>)] for JPA transaction
2024-04-29T19:41:37.361+09:00 DEBUG 58944 --- [project] [    Test worker] o.s.orm.jpa.JpaTransactionManager        : Participating in existing transaction
2024-04-29T19:41:37.361+09:00 TRACE 58944 --- [project] [    Test worker] o.s.t.i.TransactionInterceptor           : Getting transaction for [org.springframework.data.jpa.repository.support.SimpleJpaRepository.save]
2024-04-29T19:41:37.361+09:00 TRACE 58944 --- [project] [    Test worker] o.s.t.i.TransactionInterceptor           : Completing transaction for [org.springframework.data.jpa.repository.support.SimpleJpaRepository.save]
2024-04-29T19:41:37.361+09:00 DEBUG 58944 --- [project] [    Test worker] o.s.orm.jpa.JpaTransactionManager        : Found thread-bound EntityManager [SessionImpl(1742749668<open>)] for JPA transaction
2024-04-29T19:41:37.361+09:00 DEBUG 58944 --- [project] [    Test worker] o.s.orm.jpa.JpaTransactionManager        : Participating in existing transaction
2024-04-29T19:41:37.361+09:00 TRACE 58944 --- [project] [    Test worker] o.s.t.i.TransactionInterceptor           : Getting transaction for [org.springframework.data.jpa.repository.support.SimpleJpaRepository.save]
2024-04-29T19:41:37.362+09:00 DEBUG 58944 --- [project] [    Test worker] org.hibernate.SQL                        : 
    select
        next_val as id_val 
    from
        item_seq for update
Hibernate: 
    select
        next_val as id_val 
    from
        item_seq for update
2024-04-29T19:41:37.364+09:00  INFO 58944 --- [project] [    Test worker] p6spy                                    : #1714387297364 | took 0ms | statement | connection 11| url jdbc:mysql://127.0.0.1:3306/project?serverTimezone=Asia/Seoul
select next_val as id_val from item_seq for update
select next_val as id_val from item_seq for update;
2024-04-29T19:41:37.364+09:00 DEBUG 58944 --- [project] [    Test worker] org.hibernate.SQL                        : 
    update
        item_seq 
    set
        next_val= ? 
    where
        next_val=?
Hibernate: 
    update
        item_seq 
    set
        next_val= ? 
    where
        next_val=?
2024-04-29T19:41:37.365+09:00  INFO 58944 --- [project] [    Test worker] p6spy                                    : #1714387297365 | took 0ms | statement | connection 11| url jdbc:mysql://127.0.0.1:3306/project?serverTimezone=Asia/Seoul
update item_seq set next_val= ? where next_val=?
update item_seq set next_val= 151 where next_val=101;
2024-04-29T19:41:37.367+09:00  INFO 58944 --- [project] [    Test worker] p6spy                                    : #1714387297367 | took 1ms | commit | connection 11| url jdbc:mysql://127.0.0.1:3306/project?serverTimezone=Asia/Seoul

;
2024-04-29T19:41:37.368+09:00 TRACE 58944 --- [project] [    Test worker] o.s.t.i.TransactionInterceptor           : Completing transaction for [org.springframework.data.jpa.repository.support.SimpleJpaRepository.save]
2024-04-29T19:41:37.368+09:00 DEBUG 58944 --- [project] [    Test worker] o.s.orm.jpa.JpaTransactionManager        : Found thread-bound EntityManager [SessionImpl(1742749668<open>)] for JPA transaction
2024-04-29T19:41:37.368+09:00 DEBUG 58944 --- [project] [    Test worker] o.s.orm.jpa.JpaTransactionManager        : Participating in existing transaction
2024-04-29T19:41:37.368+09:00 TRACE 58944 --- [project] [    Test worker] o.s.t.i.TransactionInterceptor           : Getting transaction for [org.springframework.data.jpa.repository.support.SimpleJpaRepository.save]
2024-04-29T19:41:37.369+09:00 DEBUG 58944 --- [project] [    Test worker] org.hibernate.SQL                        : 
    select
        next_val as id_val 
    from
        upload_file_seq for update
Hibernate: 
    select
        next_val as id_val 
    from
        upload_file_seq for update
2024-04-29T19:41:37.370+09:00  INFO 58944 --- [project] [    Test worker] p6spy                                    : #1714387297370 | took 0ms | statement | connection 12| url jdbc:mysql://127.0.0.1:3306/project?serverTimezone=Asia/Seoul
select next_val as id_val from upload_file_seq for update
select next_val as id_val from upload_file_seq for update;
2024-04-29T19:41:37.371+09:00 DEBUG 58944 --- [project] [    Test worker] org.hibernate.SQL                        : 
    update
        upload_file_seq 
    set
        next_val= ? 
    where
        next_val=?
Hibernate: 
    update
        upload_file_seq 
    set
        next_val= ? 
    where
        next_val=?
2024-04-29T19:41:37.371+09:00  INFO 58944 --- [project] [    Test worker] p6spy                                    : #1714387297371 | took 0ms | statement | connection 12| url jdbc:mysql://127.0.0.1:3306/project?serverTimezone=Asia/Seoul
update upload_file_seq set next_val= ? where next_val=?
update upload_file_seq set next_val= 151 where next_val=101;
2024-04-29T19:41:37.372+09:00  INFO 58944 --- [project] [    Test worker] p6spy                                    : #1714387297372 | took 0ms | commit | connection 12| url jdbc:mysql://127.0.0.1:3306/project?serverTimezone=Asia/Seoul

;
2024-04-29T19:41:37.373+09:00 TRACE 58944 --- [project] [    Test worker] o.s.t.i.TransactionInterceptor           : Completing transaction for [org.springframework.data.jpa.repository.support.SimpleJpaRepository.save]
2024-04-29T19:41:37.373+09:00 DEBUG 58944 --- [project] [    Test worker] o.s.orm.jpa.JpaTransactionManager        : Found thread-bound EntityManager [SessionImpl(1742749668<open>)] for JPA transaction
2024-04-29T19:41:37.373+09:00 DEBUG 58944 --- [project] [    Test worker] o.s.orm.jpa.JpaTransactionManager        : Participating in existing transaction
2024-04-29T19:41:37.373+09:00 TRACE 58944 --- [project] [    Test worker] o.s.t.i.TransactionInterceptor           : Getting transaction for [org.springframework.data.jpa.repository.support.SimpleJpaRepository.save]
2024-04-29T19:41:37.374+09:00 TRACE 58944 --- [project] [    Test worker] o.s.t.i.TransactionInterceptor           : Completing transaction for [org.springframework.data.jpa.repository.support.SimpleJpaRepository.save]
2024-04-29T19:41:37.374+09:00 DEBUG 58944 --- [project] [    Test worker] o.s.orm.jpa.JpaTransactionManager        : Found thread-bound EntityManager [SessionImpl(1742749668<open>)] for JPA transaction
2024-04-29T19:41:37.374+09:00 DEBUG 58944 --- [project] [    Test worker] o.s.orm.jpa.JpaTransactionManager        : Participating in existing transaction
2024-04-29T19:41:37.374+09:00 TRACE 58944 --- [project] [    Test worker] o.s.t.i.TransactionInterceptor           : Getting transaction for [org.springframework.data.jpa.repository.support.SimpleJpaRepository.save]
2024-04-29T19:41:37.374+09:00 TRACE 58944 --- [project] [    Test worker] o.s.t.i.TransactionInterceptor           : Completing transaction for [org.springframework.data.jpa.repository.support.SimpleJpaRepository.save]
2024-04-29T19:41:37.375+09:00 DEBUG 58944 --- [project] [    Test worker] o.s.orm.jpa.JpaTransactionManager        : Found thread-bound EntityManager [SessionImpl(1742749668<open>)] for JPA transaction
2024-04-29T19:41:37.375+09:00 DEBUG 58944 --- [project] [    Test worker] o.s.orm.jpa.JpaTransactionManager        : Participating in existing transaction
2024-04-29T19:41:37.375+09:00 TRACE 58944 --- [project] [    Test worker] o.s.t.i.TransactionInterceptor           : Getting transaction for [org.springframework.data.jpa.repository.support.SimpleJpaRepository.save]
2024-04-29T19:41:37.375+09:00 TRACE 58944 --- [project] [    Test worker] o.s.t.i.TransactionInterceptor           : Completing transaction for [org.springframework.data.jpa.repository.support.SimpleJpaRepository.save]
2024-04-29T19:41:37.375+09:00 DEBUG 58944 --- [project] [    Test worker] o.s.orm.jpa.JpaTransactionManager        : Found thread-bound EntityManager [SessionImpl(1742749668<open>)] for JPA transaction
2024-04-29T19:41:37.375+09:00 DEBUG 58944 --- [project] [    Test worker] o.s.orm.jpa.JpaTransactionManager        : Participating in existing transaction
2024-04-29T19:41:37.375+09:00 TRACE 58944 --- [project] [    Test worker] o.s.t.i.TransactionInterceptor           : Getting transaction for [org.springframework.data.jpa.repository.support.SimpleJpaRepository.save]
2024-04-29T19:41:37.375+09:00 TRACE 58944 --- [project] [    Test worker] o.s.t.i.TransactionInterceptor           : Completing transaction for [org.springframework.data.jpa.repository.support.SimpleJpaRepository.save]
2024-04-29T19:41:37.375+09:00 DEBUG 58944 --- [project] [    Test worker] o.s.orm.jpa.JpaTransactionManager        : Found thread-bound EntityManager [SessionImpl(1742749668<open>)] for JPA transaction
2024-04-29T19:41:37.375+09:00 DEBUG 58944 --- [project] [    Test worker] o.s.orm.jpa.JpaTransactionManager        : Participating in existing transaction
2024-04-29T19:41:37.375+09:00 TRACE 58944 --- [project] [    Test worker] o.s.t.i.TransactionInterceptor           : Getting transaction for [org.springframework.data.jpa.repository.support.SimpleJpaRepository.save]
2024-04-29T19:41:37.375+09:00 TRACE 58944 --- [project] [    Test worker] o.s.t.i.TransactionInterceptor           : Completing transaction for [org.springframework.data.jpa.repository.support.SimpleJpaRepository.save]
2024-04-29T19:41:37.376+09:00 DEBUG 58944 --- [project] [    Test worker] o.s.orm.jpa.JpaTransactionManager        : Found thread-bound EntityManager [SessionImpl(1742749668<open>)] for JPA transaction
2024-04-29T19:41:37.376+09:00 DEBUG 58944 --- [project] [    Test worker] o.s.orm.jpa.JpaTransactionManager        : Participating in existing transaction
2024-04-29T19:41:37.376+09:00 TRACE 58944 --- [project] [    Test worker] o.s.t.i.TransactionInterceptor           : Getting transaction for [org.springframework.data.jpa.repository.support.SimpleJpaRepository.save]
2024-04-29T19:41:37.377+09:00 TRACE 58944 --- [project] [    Test worker] o.s.t.i.TransactionInterceptor           : Completing transaction for [org.springframework.data.jpa.repository.support.SimpleJpaRepository.save]
2024-04-29T19:41:37.378+09:00 DEBUG 58944 --- [project] [    Test worker] o.s.orm.jpa.JpaTransactionManager        : Found thread-bound EntityManager [SessionImpl(1742749668<open>)] for JPA transaction
2024-04-29T19:41:37.378+09:00 DEBUG 58944 --- [project] [    Test worker] o.s.orm.jpa.JpaTransactionManager        : Participating in existing transaction
2024-04-29T19:41:37.378+09:00 TRACE 58944 --- [project] [    Test worker] o.s.t.i.TransactionInterceptor           : Getting transaction for [org.springframework.data.jpa.repository.support.SimpleJpaRepository.save]
2024-04-29T19:41:37.378+09:00 TRACE 58944 --- [project] [    Test worker] o.s.t.i.TransactionInterceptor           : Completing transaction for [org.springframework.data.jpa.repository.support.SimpleJpaRepository.save]
2024-04-29T19:41:37.379+09:00 DEBUG 58944 --- [project] [    Test worker] o.s.orm.jpa.JpaTransactionManager        : Found thread-bound EntityManager [SessionImpl(1742749668<open>)] for JPA transaction
2024-04-29T19:41:37.379+09:00 DEBUG 58944 --- [project] [    Test worker] o.s.orm.jpa.JpaTransactionManager        : Participating in existing transaction
2024-04-29T19:41:37.379+09:00 TRACE 58944 --- [project] [    Test worker] o.s.t.i.TransactionInterceptor           : Getting transaction for [org.springframework.data.jpa.repository.support.SimpleJpaRepository.save]
2024-04-29T19:41:37.379+09:00 TRACE 58944 --- [project] [    Test worker] o.s.t.i.TransactionInterceptor           : Completing transaction for [org.springframework.data.jpa.repository.support.SimpleJpaRepository.save]
2024-04-29T19:41:37.379+09:00 DEBUG 58944 --- [project] [    Test worker] o.s.orm.jpa.JpaTransactionManager        : Found thread-bound EntityManager [SessionImpl(1742749668<open>)] for JPA transaction
2024-04-29T19:41:37.379+09:00 DEBUG 58944 --- [project] [    Test worker] o.s.orm.jpa.JpaTransactionManager        : Participating in existing transaction
2024-04-29T19:41:37.379+09:00 TRACE 58944 --- [project] [    Test worker] o.s.t.i.TransactionInterceptor           : Getting transaction for [org.springframework.data.jpa.repository.support.SimpleJpaRepository.save]
2024-04-29T19:41:37.379+09:00 TRACE 58944 --- [project] [    Test worker] o.s.t.i.TransactionInterceptor           : Completing transaction for [org.springframework.data.jpa.repository.support.SimpleJpaRepository.save]
2024-04-29T19:41:37.379+09:00 DEBUG 58944 --- [project] [    Test worker] o.s.orm.jpa.JpaTransactionManager        : Found thread-bound EntityManager [SessionImpl(1742749668<open>)] for JPA transaction
2024-04-29T19:41:37.379+09:00 DEBUG 58944 --- [project] [    Test worker] o.s.orm.jpa.JpaTransactionManager        : Participating in existing transaction
2024-04-29T19:41:37.379+09:00 TRACE 58944 --- [project] [    Test worker] o.s.t.i.TransactionInterceptor           : Getting transaction for [org.springframework.data.jpa.repository.support.SimpleJpaRepository.save]
2024-04-29T19:41:37.379+09:00 TRACE 58944 --- [project] [    Test worker] o.s.t.i.TransactionInterceptor           : Completing transaction for [org.springframework.data.jpa.repository.support.SimpleJpaRepository.save]
2024-04-29T19:41:37.380+09:00 DEBUG 58944 --- [project] [    Test worker] o.s.orm.jpa.JpaTransactionManager        : Found thread-bound EntityManager [SessionImpl(1742749668<open>)] for JPA transaction
2024-04-29T19:41:37.380+09:00 DEBUG 58944 --- [project] [    Test worker] o.s.orm.jpa.JpaTransactionManager        : Participating in existing transaction
2024-04-29T19:41:37.380+09:00 TRACE 58944 --- [project] [    Test worker] o.s.t.i.TransactionInterceptor           : Getting transaction for [org.springframework.data.jpa.repository.support.SimpleJpaRepository.save]
2024-04-29T19:41:37.381+09:00 TRACE 58944 --- [project] [    Test worker] o.s.t.i.TransactionInterceptor           : Completing transaction for [org.springframework.data.jpa.repository.support.SimpleJpaRepository.save]
2024-04-29T19:41:37.381+09:00 DEBUG 58944 --- [project] [    Test worker] o.s.orm.jpa.JpaTransactionManager        : Found thread-bound EntityManager [SessionImpl(1742749668<open>)] for JPA transaction
2024-04-29T19:41:37.382+09:00 DEBUG 58944 --- [project] [    Test worker] o.s.orm.jpa.JpaTransactionManager        : Participating in existing transaction
2024-04-29T19:41:37.382+09:00 TRACE 58944 --- [project] [    Test worker] o.s.t.i.TransactionInterceptor           : Getting transaction for [org.springframework.data.jpa.repository.support.SimpleJpaRepository.save]
2024-04-29T19:41:37.382+09:00 TRACE 58944 --- [project] [    Test worker] o.s.t.i.TransactionInterceptor           : Completing transaction for [org.springframework.data.jpa.repository.support.SimpleJpaRepository.save]
2024-04-29T19:41:37.382+09:00 DEBUG 58944 --- [project] [    Test worker] o.s.orm.jpa.JpaTransactionManager        : Found thread-bound EntityManager [SessionImpl(1742749668<open>)] for JPA transaction
2024-04-29T19:41:37.382+09:00 DEBUG 58944 --- [project] [    Test worker] o.s.orm.jpa.JpaTransactionManager        : Participating in existing transaction
2024-04-29T19:41:37.382+09:00 TRACE 58944 --- [project] [    Test worker] o.s.t.i.TransactionInterceptor           : Getting transaction for [org.springframework.data.jpa.repository.support.SimpleJpaRepository.save]
2024-04-29T19:41:37.382+09:00 TRACE 58944 --- [project] [    Test worker] o.s.t.i.TransactionInterceptor           : Completing transaction for [org.springframework.data.jpa.repository.support.SimpleJpaRepository.save]
2024-04-29T19:41:37.383+09:00 DEBUG 58944 --- [project] [    Test worker] o.s.orm.jpa.JpaTransactionManager        : Found thread-bound EntityManager [SessionImpl(1742749668<open>)] for JPA transaction
2024-04-29T19:41:37.383+09:00 DEBUG 58944 --- [project] [    Test worker] o.s.orm.jpa.JpaTransactionManager        : Participating in existing transaction
2024-04-29T19:41:37.383+09:00 TRACE 58944 --- [project] [    Test worker] o.s.t.i.TransactionInterceptor           : Getting transaction for [org.springframework.data.jpa.repository.support.SimpleJpaRepository.save]
2024-04-29T19:41:37.383+09:00 TRACE 58944 --- [project] [    Test worker] o.s.t.i.TransactionInterceptor           : Completing transaction for [org.springframework.data.jpa.repository.support.SimpleJpaRepository.save]
2024-04-29T19:41:37.383+09:00 DEBUG 58944 --- [project] [    Test worker] o.s.orm.jpa.JpaTransactionManager        : Found thread-bound EntityManager [SessionImpl(1742749668<open>)] for JPA transaction
2024-04-29T19:41:37.383+09:00 DEBUG 58944 --- [project] [    Test worker] o.s.orm.jpa.JpaTransactionManager        : Participating in existing transaction
2024-04-29T19:41:37.383+09:00 TRACE 58944 --- [project] [    Test worker] o.s.t.i.TransactionInterceptor           : Getting transaction for [org.springframework.data.jpa.repository.support.SimpleJpaRepository.save]
2024-04-29T19:41:37.384+09:00 TRACE 58944 --- [project] [    Test worker] o.s.t.i.TransactionInterceptor           : Completing transaction for [org.springframework.data.jpa.repository.support.SimpleJpaRepository.save]
2024-04-29T19:41:37.384+09:00 DEBUG 58944 --- [project] [    Test worker] o.s.orm.jpa.JpaTransactionManager        : Found thread-bound EntityManager [SessionImpl(1742749668<open>)] for JPA transaction
2024-04-29T19:41:37.384+09:00 DEBUG 58944 --- [project] [    Test worker] o.s.orm.jpa.JpaTransactionManager        : Participating in existing transaction
2024-04-29T19:41:37.384+09:00 TRACE 58944 --- [project] [    Test worker] o.s.t.i.TransactionInterceptor           : Getting transaction for [org.springframework.data.jpa.repository.support.SimpleJpaRepository.save]
2024-04-29T19:41:37.384+09:00 TRACE 58944 --- [project] [    Test worker] o.s.t.i.TransactionInterceptor           : Completing transaction for [org.springframework.data.jpa.repository.support.SimpleJpaRepository.save]
2024-04-29T19:41:37.384+09:00 DEBUG 58944 --- [project] [    Test worker] o.s.orm.jpa.JpaTransactionManager        : Found thread-bound EntityManager [SessionImpl(1742749668<open>)] for JPA transaction
2024-04-29T19:41:37.384+09:00 DEBUG 58944 --- [project] [    Test worker] o.s.orm.jpa.JpaTransactionManager        : Participating in existing transaction
2024-04-29T19:41:37.384+09:00 TRACE 58944 --- [project] [    Test worker] o.s.t.i.TransactionInterceptor           : Getting transaction for [org.springframework.data.jpa.repository.support.SimpleJpaRepository.save]
2024-04-29T19:41:37.386+09:00 TRACE 58944 --- [project] [    Test worker] o.s.t.i.TransactionInterceptor           : Completing transaction for [org.springframework.data.jpa.repository.support.SimpleJpaRepository.save]
2024-04-29T19:41:37.386+09:00 DEBUG 58944 --- [project] [    Test worker] o.s.orm.jpa.JpaTransactionManager        : Found thread-bound EntityManager [SessionImpl(1742749668<open>)] for JPA transaction
2024-04-29T19:41:37.386+09:00 DEBUG 58944 --- [project] [    Test worker] o.s.orm.jpa.JpaTransactionManager        : Participating in existing transaction
2024-04-29T19:41:37.386+09:00 TRACE 58944 --- [project] [    Test worker] o.s.t.i.TransactionInterceptor           : Getting transaction for [org.springframework.data.jpa.repository.support.SimpleJpaRepository.save]
2024-04-29T19:41:37.386+09:00 TRACE 58944 --- [project] [    Test worker] o.s.t.i.TransactionInterceptor           : Completing transaction for [org.springframework.data.jpa.repository.support.SimpleJpaRepository.save]
2024-04-29T19:41:37.386+09:00 DEBUG 58944 --- [project] [    Test worker] o.s.orm.jpa.JpaTransactionManager        : Found thread-bound EntityManager [SessionImpl(1742749668<open>)] for JPA transaction
2024-04-29T19:41:37.387+09:00 DEBUG 58944 --- [project] [    Test worker] o.s.orm.jpa.JpaTransactionManager        : Participating in existing transaction
2024-04-29T19:41:37.387+09:00 TRACE 58944 --- [project] [    Test worker] o.s.t.i.TransactionInterceptor           : Getting transaction for [org.springframework.data.jpa.repository.support.SimpleJpaRepository.save]
2024-04-29T19:41:37.388+09:00 TRACE 58944 --- [project] [    Test worker] o.s.t.i.TransactionInterceptor           : Completing transaction for [org.springframework.data.jpa.repository.support.SimpleJpaRepository.save]
2024-04-29T19:41:37.388+09:00 DEBUG 58944 --- [project] [    Test worker] o.s.orm.jpa.JpaTransactionManager        : Found thread-bound EntityManager [SessionImpl(1742749668<open>)] for JPA transaction
2024-04-29T19:41:37.389+09:00 DEBUG 58944 --- [project] [    Test worker] o.s.orm.jpa.JpaTransactionManager        : Participating in existing transaction
2024-04-29T19:41:37.389+09:00 TRACE 58944 --- [project] [    Test worker] o.s.t.i.TransactionInterceptor           : Getting transaction for [org.springframework.data.jpa.repository.support.SimpleJpaRepository.save]
2024-04-29T19:41:37.389+09:00 TRACE 58944 --- [project] [    Test worker] o.s.t.i.TransactionInterceptor           : Completing transaction for [org.springframework.data.jpa.repository.support.SimpleJpaRepository.save]
2024-04-29T19:41:37.390+09:00 DEBUG 58944 --- [project] [    Test worker] o.s.orm.jpa.JpaTransactionManager        : Found thread-bound EntityManager [SessionImpl(1742749668<open>)] for JPA transaction
2024-04-29T19:41:37.390+09:00 DEBUG 58944 --- [project] [    Test worker] o.s.orm.jpa.JpaTransactionManager        : Participating in existing transaction
2024-04-29T19:41:37.390+09:00 TRACE 58944 --- [project] [    Test worker] o.s.t.i.TransactionInterceptor           : Getting transaction for [org.springframework.data.jpa.repository.support.SimpleJpaRepository.save]
2024-04-29T19:41:37.390+09:00 TRACE 58944 --- [project] [    Test worker] o.s.t.i.TransactionInterceptor           : Completing transaction for [org.springframework.data.jpa.repository.support.SimpleJpaRepository.save]
2024-04-29T19:41:37.391+09:00 DEBUG 58944 --- [project] [    Test worker] o.s.orm.jpa.JpaTransactionManager        : Found thread-bound EntityManager [SessionImpl(1742749668<open>)] for JPA transaction
2024-04-29T19:41:37.391+09:00 DEBUG 58944 --- [project] [    Test worker] o.s.orm.jpa.JpaTransactionManager        : Participating in existing transaction
2024-04-29T19:41:37.391+09:00 TRACE 58944 --- [project] [    Test worker] o.s.t.i.TransactionInterceptor           : Getting transaction for [org.springframework.data.jpa.repository.support.SimpleJpaRepository.save]
2024-04-29T19:41:37.392+09:00 TRACE 58944 --- [project] [    Test worker] o.s.t.i.TransactionInterceptor           : Completing transaction for [org.springframework.data.jpa.repository.support.SimpleJpaRepository.save]
2024-04-29T19:41:37.392+09:00 DEBUG 58944 --- [project] [    Test worker] o.s.orm.jpa.JpaTransactionManager        : Found thread-bound EntityManager [SessionImpl(1742749668<open>)] for JPA transaction
2024-04-29T19:41:37.392+09:00 DEBUG 58944 --- [project] [    Test worker] o.s.orm.jpa.JpaTransactionManager        : Participating in existing transaction
2024-04-29T19:41:37.392+09:00 TRACE 58944 --- [project] [    Test worker] o.s.t.i.TransactionInterceptor           : Getting transaction for [org.springframework.data.jpa.repository.support.SimpleJpaRepository.save]
2024-04-29T19:41:37.394+09:00 TRACE 58944 --- [project] [    Test worker] o.s.t.i.TransactionInterceptor           : Completing transaction for [org.springframework.data.jpa.repository.support.SimpleJpaRepository.save]
2024-04-29T19:41:37.394+09:00 DEBUG 58944 --- [project] [    Test worker] o.s.orm.jpa.JpaTransactionManager        : Found thread-bound EntityManager [SessionImpl(1742749668<open>)] for JPA transaction
2024-04-29T19:41:37.394+09:00 DEBUG 58944 --- [project] [    Test worker] o.s.orm.jpa.JpaTransactionManager        : Participating in existing transaction
2024-04-29T19:41:37.394+09:00 TRACE 58944 --- [project] [    Test worker] o.s.t.i.TransactionInterceptor           : Getting transaction for [org.springframework.data.jpa.repository.support.SimpleJpaRepository.save]
2024-04-29T19:41:37.395+09:00 TRACE 58944 --- [project] [    Test worker] o.s.t.i.TransactionInterceptor           : Completing transaction for [org.springframework.data.jpa.repository.support.SimpleJpaRepository.save]
2024-04-29T19:41:37.395+09:00 DEBUG 58944 --- [project] [    Test worker] o.s.orm.jpa.JpaTransactionManager        : Found thread-bound EntityManager [SessionImpl(1742749668<open>)] for JPA transaction
2024-04-29T19:41:37.395+09:00 DEBUG 58944 --- [project] [    Test worker] o.s.orm.jpa.JpaTransactionManager        : Participating in existing transaction
2024-04-29T19:41:37.395+09:00 TRACE 58944 --- [project] [    Test worker] o.s.t.i.TransactionInterceptor           : Getting transaction for [org.springframework.data.jpa.repository.support.SimpleJpaRepository.save]
2024-04-29T19:41:37.395+09:00 TRACE 58944 --- [project] [    Test worker] o.s.t.i.TransactionInterceptor           : Completing transaction for [org.springframework.data.jpa.repository.support.SimpleJpaRepository.save]
2024-04-29T19:41:37.395+09:00 DEBUG 58944 --- [project] [    Test worker] o.s.orm.jpa.JpaTransactionManager        : Found thread-bound EntityManager [SessionImpl(1742749668<open>)] for JPA transaction
2024-04-29T19:41:37.395+09:00 DEBUG 58944 --- [project] [    Test worker] o.s.orm.jpa.JpaTransactionManager        : Participating in existing transaction
2024-04-29T19:41:37.396+09:00 TRACE 58944 --- [project] [    Test worker] o.s.t.i.TransactionInterceptor           : Getting transaction for [org.springframework.data.jpa.repository.support.SimpleJpaRepository.save]
2024-04-29T19:41:37.396+09:00 TRACE 58944 --- [project] [    Test worker] o.s.t.i.TransactionInterceptor           : Completing transaction for [org.springframework.data.jpa.repository.support.SimpleJpaRepository.save]
2024-04-29T19:41:37.396+09:00 DEBUG 58944 --- [project] [    Test worker] o.s.orm.jpa.JpaTransactionManager        : Found thread-bound EntityManager [SessionImpl(1742749668<open>)] for JPA transaction
2024-04-29T19:41:37.396+09:00 DEBUG 58944 --- [project] [    Test worker] o.s.orm.jpa.JpaTransactionManager        : Participating in existing transaction
2024-04-29T19:41:37.396+09:00 TRACE 58944 --- [project] [    Test worker] o.s.t.i.TransactionInterceptor           : Getting transaction for [org.springframework.data.jpa.repository.support.SimpleJpaRepository.save]
2024-04-29T19:41:37.396+09:00 TRACE 58944 --- [project] [    Test worker] o.s.t.i.TransactionInterceptor           : Completing transaction for [org.springframework.data.jpa.repository.support.SimpleJpaRepository.save]
2024-04-29T19:41:37.396+09:00 DEBUG 58944 --- [project] [    Test worker] o.s.orm.jpa.JpaTransactionManager        : Found thread-bound EntityManager [SessionImpl(1742749668<open>)] for JPA transaction
2024-04-29T19:41:37.396+09:00 DEBUG 58944 --- [project] [    Test worker] o.s.orm.jpa.JpaTransactionManager        : Participating in existing transaction
2024-04-29T19:41:37.396+09:00 TRACE 58944 --- [project] [    Test worker] o.s.t.i.TransactionInterceptor           : Getting transaction for [org.springframework.data.jpa.repository.support.SimpleJpaRepository.save]
2024-04-29T19:41:37.396+09:00 TRACE 58944 --- [project] [    Test worker] o.s.t.i.TransactionInterceptor           : Completing transaction for [org.springframework.data.jpa.repository.support.SimpleJpaRepository.save]
2024-04-29T19:41:37.396+09:00 DEBUG 58944 --- [project] [    Test worker] o.s.orm.jpa.JpaTransactionManager        : Found thread-bound EntityManager [SessionImpl(1742749668<open>)] for JPA transaction
2024-04-29T19:41:37.396+09:00 DEBUG 58944 --- [project] [    Test worker] o.s.orm.jpa.JpaTransactionManager        : Participating in existing transaction
2024-04-29T19:41:37.396+09:00 TRACE 58944 --- [project] [    Test worker] o.s.t.i.TransactionInterceptor           : Getting transaction for [org.springframework.data.jpa.repository.support.SimpleJpaRepository.save]
2024-04-29T19:41:37.396+09:00 TRACE 58944 --- [project] [    Test worker] o.s.t.i.TransactionInterceptor           : Completing transaction for [org.springframework.data.jpa.repository.support.SimpleJpaRepository.save]
2024-04-29T19:41:37.397+09:00 DEBUG 58944 --- [project] [    Test worker] o.s.orm.jpa.JpaTransactionManager        : Found thread-bound EntityManager [SessionImpl(1742749668<open>)] for JPA transaction
2024-04-29T19:41:37.397+09:00 DEBUG 58944 --- [project] [    Test worker] o.s.orm.jpa.JpaTransactionManager        : Participating in existing transaction
2024-04-29T19:41:37.397+09:00 TRACE 58944 --- [project] [    Test worker] o.s.t.i.TransactionInterceptor           : Getting transaction for [org.springframework.data.jpa.repository.support.SimpleJpaRepository.save]
2024-04-29T19:41:37.397+09:00 TRACE 58944 --- [project] [    Test worker] o.s.t.i.TransactionInterceptor           : Completing transaction for [org.springframework.data.jpa.repository.support.SimpleJpaRepository.save]
2024-04-29T19:41:37.397+09:00 DEBUG 58944 --- [project] [    Test worker] o.s.orm.jpa.JpaTransactionManager        : Found thread-bound EntityManager [SessionImpl(1742749668<open>)] for JPA transaction
2024-04-29T19:41:37.397+09:00 DEBUG 58944 --- [project] [    Test worker] o.s.orm.jpa.JpaTransactionManager        : Participating in existing transaction
2024-04-29T19:41:37.397+09:00 TRACE 58944 --- [project] [    Test worker] o.s.t.i.TransactionInterceptor           : Getting transaction for [org.springframework.data.jpa.repository.support.SimpleJpaRepository.save]
2024-04-29T19:41:37.398+09:00 TRACE 58944 --- [project] [    Test worker] o.s.t.i.TransactionInterceptor           : Completing transaction for [org.springframework.data.jpa.repository.support.SimpleJpaRepository.save]
2024-04-29T19:41:37.398+09:00 DEBUG 58944 --- [project] [    Test worker] o.s.orm.jpa.JpaTransactionManager        : Found thread-bound EntityManager [SessionImpl(1742749668<open>)] for JPA transaction
2024-04-29T19:41:37.398+09:00 DEBUG 58944 --- [project] [    Test worker] o.s.orm.jpa.JpaTransactionManager        : Participating in existing transaction
2024-04-29T19:41:37.398+09:00 TRACE 58944 --- [project] [    Test worker] o.s.t.i.TransactionInterceptor           : Getting transaction for [org.springframework.data.jpa.repository.support.SimpleJpaRepository.save]
2024-04-29T19:41:37.398+09:00 TRACE 58944 --- [project] [    Test worker] o.s.t.i.TransactionInterceptor           : Completing transaction for [org.springframework.data.jpa.repository.support.SimpleJpaRepository.save]
2024-04-29T19:41:37.398+09:00 DEBUG 58944 --- [project] [    Test worker] o.s.orm.jpa.JpaTransactionManager        : Found thread-bound EntityManager [SessionImpl(1742749668<open>)] for JPA transaction
2024-04-29T19:41:37.398+09:00 DEBUG 58944 --- [project] [    Test worker] o.s.orm.jpa.JpaTransactionManager        : Participating in existing transaction
2024-04-29T19:41:37.398+09:00 TRACE 58944 --- [project] [    Test worker] o.s.t.i.TransactionInterceptor           : Getting transaction for [org.springframework.data.jpa.repository.support.SimpleJpaRepository.save]
2024-04-29T19:41:37.398+09:00 TRACE 58944 --- [project] [    Test worker] o.s.t.i.TransactionInterceptor           : Completing transaction for [org.springframework.data.jpa.repository.support.SimpleJpaRepository.save]
2024-04-29T19:41:37.398+09:00 DEBUG 58944 --- [project] [    Test worker] o.s.orm.jpa.JpaTransactionManager        : Found thread-bound EntityManager [SessionImpl(1742749668<open>)] for JPA transaction
2024-04-29T19:41:37.398+09:00 DEBUG 58944 --- [project] [    Test worker] o.s.orm.jpa.JpaTransactionManager        : Participating in existing transaction
2024-04-29T19:41:37.398+09:00 TRACE 58944 --- [project] [    Test worker] o.s.t.i.TransactionInterceptor           : Getting transaction for [org.springframework.data.jpa.repository.support.SimpleJpaRepository.save]
2024-04-29T19:41:37.398+09:00 TRACE 58944 --- [project] [    Test worker] o.s.t.i.TransactionInterceptor           : Completing transaction for [org.springframework.data.jpa.repository.support.SimpleJpaRepository.save]
2024-04-29T19:41:37.401+09:00 DEBUG 58944 --- [project] [    Test worker] o.s.orm.jpa.JpaTransactionManager        : Found thread-bound EntityManager [SessionImpl(1742749668<open>)] for JPA transaction
2024-04-29T19:41:37.401+09:00 DEBUG 58944 --- [project] [    Test worker] o.s.orm.jpa.JpaTransactionManager        : Participating in existing transaction
2024-04-29T19:41:37.401+09:00 TRACE 58944 --- [project] [    Test worker] o.s.t.i.TransactionInterceptor           : Getting transaction for [org.springframework.data.jpa.repository.support.SimpleJpaRepository.save]
2024-04-29T19:41:37.402+09:00 TRACE 58944 --- [project] [    Test worker] o.s.t.i.TransactionInterceptor           : Completing transaction for [org.springframework.data.jpa.repository.support.SimpleJpaRepository.save]
2024-04-29T19:41:37.402+09:00 DEBUG 58944 --- [project] [    Test worker] o.s.orm.jpa.JpaTransactionManager        : Found thread-bound EntityManager [SessionImpl(1742749668<open>)] for JPA transaction
2024-04-29T19:41:37.402+09:00 DEBUG 58944 --- [project] [    Test worker] o.s.orm.jpa.JpaTransactionManager        : Participating in existing transaction
2024-04-29T19:41:37.402+09:00 TRACE 58944 --- [project] [    Test worker] o.s.t.i.TransactionInterceptor           : Getting transaction for [org.springframework.data.jpa.repository.support.SimpleJpaRepository.save]
2024-04-29T19:41:37.402+09:00 TRACE 58944 --- [project] [    Test worker] o.s.t.i.TransactionInterceptor           : Completing transaction for [org.springframework.data.jpa.repository.support.SimpleJpaRepository.save]
2024-04-29T19:41:37.402+09:00 DEBUG 58944 --- [project] [    Test worker] o.s.orm.jpa.JpaTransactionManager        : Found thread-bound EntityManager [SessionImpl(1742749668<open>)] for JPA transaction
2024-04-29T19:41:37.402+09:00 DEBUG 58944 --- [project] [    Test worker] o.s.orm.jpa.JpaTransactionManager        : Participating in existing transaction
2024-04-29T19:41:37.402+09:00 TRACE 58944 --- [project] [    Test worker] o.s.t.i.TransactionInterceptor           : Getting transaction for [org.springframework.data.jpa.repository.support.SimpleJpaRepository.save]
2024-04-29T19:41:37.402+09:00 TRACE 58944 --- [project] [    Test worker] o.s.t.i.TransactionInterceptor           : Completing transaction for [org.springframework.data.jpa.repository.support.SimpleJpaRepository.save]
2024-04-29T19:41:37.402+09:00 DEBUG 58944 --- [project] [    Test worker] o.s.orm.jpa.JpaTransactionManager        : Found thread-bound EntityManager [SessionImpl(1742749668<open>)] for JPA transaction
2024-04-29T19:41:37.402+09:00 DEBUG 58944 --- [project] [    Test worker] o.s.orm.jpa.JpaTransactionManager        : Participating in existing transaction
2024-04-29T19:41:37.402+09:00 TRACE 58944 --- [project] [    Test worker] o.s.t.i.TransactionInterceptor           : Getting transaction for [org.springframework.data.jpa.repository.support.SimpleJpaRepository.save]
2024-04-29T19:41:37.402+09:00 TRACE 58944 --- [project] [    Test worker] o.s.t.i.TransactionInterceptor           : Completing transaction for [org.springframework.data.jpa.repository.support.SimpleJpaRepository.save]
2024-04-29T19:41:37.402+09:00 DEBUG 58944 --- [project] [    Test worker] o.s.orm.jpa.JpaTransactionManager        : Found thread-bound EntityManager [SessionImpl(1742749668<open>)] for JPA transaction
2024-04-29T19:41:37.402+09:00 DEBUG 58944 --- [project] [    Test worker] o.s.orm.jpa.JpaTransactionManager        : Participating in existing transaction
2024-04-29T19:41:37.402+09:00 TRACE 58944 --- [project] [    Test worker] o.s.t.i.TransactionInterceptor           : Getting transaction for [org.springframework.data.jpa.repository.support.SimpleJpaRepository.save]
2024-04-29T19:41:37.402+09:00 TRACE 58944 --- [project] [    Test worker] o.s.t.i.TransactionInterceptor           : Completing transaction for [org.springframework.data.jpa.repository.support.SimpleJpaRepository.save]
2024-04-29T19:41:37.403+09:00 DEBUG 58944 --- [project] [    Test worker] o.s.orm.jpa.JpaTransactionManager        : Found thread-bound EntityManager [SessionImpl(1742749668<open>)] for JPA transaction
2024-04-29T19:41:37.403+09:00 DEBUG 58944 --- [project] [    Test worker] o.s.orm.jpa.JpaTransactionManager        : Participating in existing transaction
2024-04-29T19:41:37.403+09:00 TRACE 58944 --- [project] [    Test worker] o.s.t.i.TransactionInterceptor           : Getting transaction for [org.springframework.data.jpa.repository.support.SimpleJpaRepository.save]
2024-04-29T19:41:37.403+09:00 TRACE 58944 --- [project] [    Test worker] o.s.t.i.TransactionInterceptor           : Completing transaction for [org.springframework.data.jpa.repository.support.SimpleJpaRepository.save]
2024-04-29T19:41:37.403+09:00 DEBUG 58944 --- [project] [    Test worker] o.s.orm.jpa.JpaTransactionManager        : Found thread-bound EntityManager [SessionImpl(1742749668<open>)] for JPA transaction
2024-04-29T19:41:37.403+09:00 DEBUG 58944 --- [project] [    Test worker] o.s.orm.jpa.JpaTransactionManager        : Participating in existing transaction
2024-04-29T19:41:37.403+09:00 TRACE 58944 --- [project] [    Test worker] o.s.t.i.TransactionInterceptor           : Getting transaction for [org.springframework.data.jpa.repository.support.SimpleJpaRepository.save]
2024-04-29T19:41:37.403+09:00 TRACE 58944 --- [project] [    Test worker] o.s.t.i.TransactionInterceptor           : Completing transaction for [org.springframework.data.jpa.repository.support.SimpleJpaRepository.save]
2024-04-29T19:41:37.403+09:00 DEBUG 58944 --- [project] [    Test worker] o.s.orm.jpa.JpaTransactionManager        : Found thread-bound EntityManager [SessionImpl(1742749668<open>)] for JPA transaction
2024-04-29T19:41:37.403+09:00 DEBUG 58944 --- [project] [    Test worker] o.s.orm.jpa.JpaTransactionManager        : Participating in existing transaction
2024-04-29T19:41:37.403+09:00 TRACE 58944 --- [project] [    Test worker] o.s.t.i.TransactionInterceptor           : Getting transaction for [org.springframework.data.jpa.repository.support.SimpleJpaRepository.save]
2024-04-29T19:41:37.403+09:00 TRACE 58944 --- [project] [    Test worker] o.s.t.i.TransactionInterceptor           : Completing transaction for [org.springframework.data.jpa.repository.support.SimpleJpaRepository.save]
2024-04-29T19:41:37.403+09:00 DEBUG 58944 --- [project] [    Test worker] o.s.orm.jpa.JpaTransactionManager        : Found thread-bound EntityManager [SessionImpl(1742749668<open>)] for JPA transaction
2024-04-29T19:41:37.403+09:00 DEBUG 58944 --- [project] [    Test worker] o.s.orm.jpa.JpaTransactionManager        : Participating in existing transaction
2024-04-29T19:41:37.403+09:00 TRACE 58944 --- [project] [    Test worker] o.s.t.i.TransactionInterceptor           : Getting transaction for [org.springframework.data.jpa.repository.support.SimpleJpaRepository.save]
2024-04-29T19:41:37.403+09:00 TRACE 58944 --- [project] [    Test worker] o.s.t.i.TransactionInterceptor           : Completing transaction for [org.springframework.data.jpa.repository.support.SimpleJpaRepository.save]
2024-04-29T19:41:37.403+09:00 DEBUG 58944 --- [project] [    Test worker] o.s.orm.jpa.JpaTransactionManager        : Found thread-bound EntityManager [SessionImpl(1742749668<open>)] for JPA transaction
2024-04-29T19:41:37.403+09:00 DEBUG 58944 --- [project] [    Test worker] o.s.orm.jpa.JpaTransactionManager        : Participating in existing transaction
2024-04-29T19:41:37.403+09:00 TRACE 58944 --- [project] [    Test worker] o.s.t.i.TransactionInterceptor           : Getting transaction for [org.springframework.data.jpa.repository.support.SimpleJpaRepository.save]
2024-04-29T19:41:37.403+09:00 TRACE 58944 --- [project] [    Test worker] o.s.t.i.TransactionInterceptor           : Completing transaction for [org.springframework.data.jpa.repository.support.SimpleJpaRepository.save]
2024-04-29T19:41:37.404+09:00 DEBUG 58944 --- [project] [    Test worker] o.s.orm.jpa.JpaTransactionManager        : Found thread-bound EntityManager [SessionImpl(1742749668<open>)] for JPA transaction
2024-04-29T19:41:37.404+09:00 DEBUG 58944 --- [project] [    Test worker] o.s.orm.jpa.JpaTransactionManager        : Participating in existing transaction
2024-04-29T19:41:37.404+09:00 TRACE 58944 --- [project] [    Test worker] o.s.t.i.TransactionInterceptor           : Getting transaction for [org.springframework.data.jpa.repository.support.SimpleJpaRepository.save]
2024-04-29T19:41:37.404+09:00 TRACE 58944 --- [project] [    Test worker] o.s.t.i.TransactionInterceptor           : Completing transaction for [org.springframework.data.jpa.repository.support.SimpleJpaRepository.save]
2024-04-29T19:41:37.404+09:00 DEBUG 58944 --- [project] [    Test worker] o.s.orm.jpa.JpaTransactionManager        : Found thread-bound EntityManager [SessionImpl(1742749668<open>)] for JPA transaction
2024-04-29T19:41:37.404+09:00 DEBUG 58944 --- [project] [    Test worker] o.s.orm.jpa.JpaTransactionManager        : Participating in existing transaction
2024-04-29T19:41:37.404+09:00 TRACE 58944 --- [project] [    Test worker] o.s.t.i.TransactionInterceptor           : Getting transaction for [org.springframework.data.jpa.repository.support.SimpleJpaRepository.save]
2024-04-29T19:41:37.404+09:00 TRACE 58944 --- [project] [    Test worker] o.s.t.i.TransactionInterceptor           : Completing transaction for [org.springframework.data.jpa.repository.support.SimpleJpaRepository.save]
2024-04-29T19:41:37.404+09:00 DEBUG 58944 --- [project] [    Test worker] o.s.orm.jpa.JpaTransactionManager        : Found thread-bound EntityManager [SessionImpl(1742749668<open>)] for JPA transaction
2024-04-29T19:41:37.404+09:00 DEBUG 58944 --- [project] [    Test worker] o.s.orm.jpa.JpaTransactionManager        : Participating in existing transaction
2024-04-29T19:41:37.404+09:00 TRACE 58944 --- [project] [    Test worker] o.s.t.i.TransactionInterceptor           : Getting transaction for [org.springframework.data.jpa.repository.support.SimpleJpaRepository.save]
2024-04-29T19:41:37.405+09:00 TRACE 58944 --- [project] [    Test worker] o.s.t.i.TransactionInterceptor           : Completing transaction for [org.springframework.data.jpa.repository.support.SimpleJpaRepository.save]
2024-04-29T19:41:37.405+09:00 DEBUG 58944 --- [project] [    Test worker] o.s.orm.jpa.JpaTransactionManager        : Found thread-bound EntityManager [SessionImpl(1742749668<open>)] for JPA transaction
2024-04-29T19:41:37.405+09:00 DEBUG 58944 --- [project] [    Test worker] o.s.orm.jpa.JpaTransactionManager        : Participating in existing transaction
2024-04-29T19:41:37.405+09:00 TRACE 58944 --- [project] [    Test worker] o.s.t.i.TransactionInterceptor           : Getting transaction for [org.springframework.data.jpa.repository.support.SimpleJpaRepository.save]
2024-04-29T19:41:37.405+09:00 TRACE 58944 --- [project] [    Test worker] o.s.t.i.TransactionInterceptor           : Completing transaction for [org.springframework.data.jpa.repository.support.SimpleJpaRepository.save]
2024-04-29T19:41:37.405+09:00 DEBUG 58944 --- [project] [    Test worker] o.s.orm.jpa.JpaTransactionManager        : Found thread-bound EntityManager [SessionImpl(1742749668<open>)] for JPA transaction
2024-04-29T19:41:37.405+09:00 DEBUG 58944 --- [project] [    Test worker] o.s.orm.jpa.JpaTransactionManager        : Participating in existing transaction
2024-04-29T19:41:37.405+09:00 TRACE 58944 --- [project] [    Test worker] o.s.t.i.TransactionInterceptor           : Getting transaction for [org.springframework.data.jpa.repository.support.SimpleJpaRepository.save]
2024-04-29T19:41:37.405+09:00 TRACE 58944 --- [project] [    Test worker] o.s.t.i.TransactionInterceptor           : Completing transaction for [org.springframework.data.jpa.repository.support.SimpleJpaRepository.save]
2024-04-29T19:41:37.405+09:00 DEBUG 58944 --- [project] [    Test worker] o.s.orm.jpa.JpaTransactionManager        : Found thread-bound EntityManager [SessionImpl(1742749668<open>)] for JPA transaction
2024-04-29T19:41:37.405+09:00 DEBUG 58944 --- [project] [    Test worker] o.s.orm.jpa.JpaTransactionManager        : Participating in existing transaction
2024-04-29T19:41:37.405+09:00 TRACE 58944 --- [project] [    Test worker] o.s.t.i.TransactionInterceptor           : Getting transaction for [org.springframework.data.jpa.repository.support.SimpleJpaRepository.save]
2024-04-29T19:41:37.405+09:00 TRACE 58944 --- [project] [    Test worker] o.s.t.i.TransactionInterceptor           : Completing transaction for [org.springframework.data.jpa.repository.support.SimpleJpaRepository.save]
2024-04-29T19:41:37.405+09:00 DEBUG 58944 --- [project] [    Test worker] o.s.orm.jpa.JpaTransactionManager        : Found thread-bound EntityManager [SessionImpl(1742749668<open>)] for JPA transaction
2024-04-29T19:41:37.405+09:00 DEBUG 58944 --- [project] [    Test worker] o.s.orm.jpa.JpaTransactionManager        : Participating in existing transaction
2024-04-29T19:41:37.405+09:00 TRACE 58944 --- [project] [    Test worker] o.s.t.i.TransactionInterceptor           : Getting transaction for [org.springframework.data.jpa.repository.support.SimpleJpaRepository.save]
2024-04-29T19:41:37.405+09:00 TRACE 58944 --- [project] [    Test worker] o.s.t.i.TransactionInterceptor           : Completing transaction for [org.springframework.data.jpa.repository.support.SimpleJpaRepository.save]
2024-04-29T19:41:37.405+09:00 DEBUG 58944 --- [project] [    Test worker] o.s.orm.jpa.JpaTransactionManager        : Found thread-bound EntityManager [SessionImpl(1742749668<open>)] for JPA transaction
2024-04-29T19:41:37.405+09:00 DEBUG 58944 --- [project] [    Test worker] o.s.orm.jpa.JpaTransactionManager        : Participating in existing transaction
2024-04-29T19:41:37.405+09:00 TRACE 58944 --- [project] [    Test worker] o.s.t.i.TransactionInterceptor           : Getting transaction for [org.springframework.data.jpa.repository.support.SimpleJpaRepository.save]
2024-04-29T19:41:37.405+09:00 TRACE 58944 --- [project] [    Test worker] o.s.t.i.TransactionInterceptor           : Completing transaction for [org.springframework.data.jpa.repository.support.SimpleJpaRepository.save]
2024-04-29T19:41:37.405+09:00 DEBUG 58944 --- [project] [    Test worker] o.s.orm.jpa.JpaTransactionManager        : Found thread-bound EntityManager [SessionImpl(1742749668<open>)] for JPA transaction
2024-04-29T19:41:37.405+09:00 DEBUG 58944 --- [project] [    Test worker] o.s.orm.jpa.JpaTransactionManager        : Participating in existing transaction
2024-04-29T19:41:37.405+09:00 TRACE 58944 --- [project] [    Test worker] o.s.t.i.TransactionInterceptor           : Getting transaction for [org.springframework.data.jpa.repository.support.SimpleJpaRepository.save]
2024-04-29T19:41:37.405+09:00 TRACE 58944 --- [project] [    Test worker] o.s.t.i.TransactionInterceptor           : Completing transaction for [org.springframework.data.jpa.repository.support.SimpleJpaRepository.save]
2024-04-29T19:41:37.406+09:00 DEBUG 58944 --- [project] [    Test worker] o.s.orm.jpa.JpaTransactionManager        : Found thread-bound EntityManager [SessionImpl(1742749668<open>)] for JPA transaction
2024-04-29T19:41:37.406+09:00 DEBUG 58944 --- [project] [    Test worker] o.s.orm.jpa.JpaTransactionManager        : Participating in existing transaction
2024-04-29T19:41:37.406+09:00 TRACE 58944 --- [project] [    Test worker] o.s.t.i.TransactionInterceptor           : Getting transaction for [org.springframework.data.jpa.repository.support.SimpleJpaRepository.save]
2024-04-29T19:41:37.406+09:00 TRACE 58944 --- [project] [    Test worker] o.s.t.i.TransactionInterceptor           : Completing transaction for [org.springframework.data.jpa.repository.support.SimpleJpaRepository.save]
2024-04-29T19:41:37.406+09:00 DEBUG 58944 --- [project] [    Test worker] o.s.orm.jpa.JpaTransactionManager        : Found thread-bound EntityManager [SessionImpl(1742749668<open>)] for JPA transaction
2024-04-29T19:41:37.406+09:00 DEBUG 58944 --- [project] [    Test worker] o.s.orm.jpa.JpaTransactionManager        : Participating in existing transaction
2024-04-29T19:41:37.406+09:00 TRACE 58944 --- [project] [    Test worker] o.s.t.i.TransactionInterceptor           : Getting transaction for [org.springframework.data.jpa.repository.support.SimpleJpaRepository.save]
2024-04-29T19:41:37.406+09:00 TRACE 58944 --- [project] [    Test worker] o.s.t.i.TransactionInterceptor           : Completing transaction for [org.springframework.data.jpa.repository.support.SimpleJpaRepository.save]
2024-04-29T19:41:37.406+09:00 DEBUG 58944 --- [project] [    Test worker] o.s.orm.jpa.JpaTransactionManager        : Found thread-bound EntityManager [SessionImpl(1742749668<open>)] for JPA transaction
2024-04-29T19:41:37.406+09:00 DEBUG 58944 --- [project] [    Test worker] o.s.orm.jpa.JpaTransactionManager        : Participating in existing transaction
2024-04-29T19:41:37.406+09:00 TRACE 58944 --- [project] [    Test worker] o.s.t.i.TransactionInterceptor           : Getting transaction for [org.springframework.data.jpa.repository.support.SimpleJpaRepository.save]
2024-04-29T19:41:37.406+09:00 TRACE 58944 --- [project] [    Test worker] o.s.t.i.TransactionInterceptor           : Completing transaction for [org.springframework.data.jpa.repository.support.SimpleJpaRepository.save]
2024-04-29T19:41:37.406+09:00 DEBUG 58944 --- [project] [    Test worker] o.s.orm.jpa.JpaTransactionManager        : Found thread-bound EntityManager [SessionImpl(1742749668<open>)] for JPA transaction
2024-04-29T19:41:37.406+09:00 DEBUG 58944 --- [project] [    Test worker] o.s.orm.jpa.JpaTransactionManager        : Participating in existing transaction
2024-04-29T19:41:37.406+09:00 TRACE 58944 --- [project] [    Test worker] o.s.t.i.TransactionInterceptor           : Getting transaction for [org.springframework.data.jpa.repository.support.SimpleJpaRepository.save]
2024-04-29T19:41:37.406+09:00 TRACE 58944 --- [project] [    Test worker] o.s.t.i.TransactionInterceptor           : Completing transaction for [org.springframework.data.jpa.repository.support.SimpleJpaRepository.save]
2024-04-29T19:41:37.406+09:00 DEBUG 58944 --- [project] [    Test worker] o.s.orm.jpa.JpaTransactionManager        : Found thread-bound EntityManager [SessionImpl(1742749668<open>)] for JPA transaction
2024-04-29T19:41:37.406+09:00 DEBUG 58944 --- [project] [    Test worker] o.s.orm.jpa.JpaTransactionManager        : Participating in existing transaction
2024-04-29T19:41:37.406+09:00 TRACE 58944 --- [project] [    Test worker] o.s.t.i.TransactionInterceptor           : Getting transaction for [org.springframework.data.jpa.repository.support.SimpleJpaRepository.save]
2024-04-29T19:41:37.406+09:00 TRACE 58944 --- [project] [    Test worker] o.s.t.i.TransactionInterceptor           : Completing transaction for [org.springframework.data.jpa.repository.support.SimpleJpaRepository.save]
2024-04-29T19:41:37.406+09:00 DEBUG 58944 --- [project] [    Test worker] o.s.orm.jpa.JpaTransactionManager        : Found thread-bound EntityManager [SessionImpl(1742749668<open>)] for JPA transaction
2024-04-29T19:41:37.406+09:00 DEBUG 58944 --- [project] [    Test worker] o.s.orm.jpa.JpaTransactionManager        : Participating in existing transaction
2024-04-29T19:41:37.406+09:00 TRACE 58944 --- [project] [    Test worker] o.s.t.i.TransactionInterceptor           : Getting transaction for [org.springframework.data.jpa.repository.support.SimpleJpaRepository.save]
2024-04-29T19:41:37.406+09:00 TRACE 58944 --- [project] [    Test worker] o.s.t.i.TransactionInterceptor           : Completing transaction for [org.springframework.data.jpa.repository.support.SimpleJpaRepository.save]
2024-04-29T19:41:37.406+09:00 DEBUG 58944 --- [project] [    Test worker] o.s.orm.jpa.JpaTransactionManager        : Found thread-bound EntityManager [SessionImpl(1742749668<open>)] for JPA transaction
2024-04-29T19:41:37.406+09:00 DEBUG 58944 --- [project] [    Test worker] o.s.orm.jpa.JpaTransactionManager        : Participating in existing transaction
2024-04-29T19:41:37.406+09:00 TRACE 58944 --- [project] [    Test worker] o.s.t.i.TransactionInterceptor           : Getting transaction for [org.springframework.data.jpa.repository.support.SimpleJpaRepository.save]
2024-04-29T19:41:37.406+09:00 TRACE 58944 --- [project] [    Test worker] o.s.t.i.TransactionInterceptor           : Completing transaction for [org.springframework.data.jpa.repository.support.SimpleJpaRepository.save]
2024-04-29T19:41:37.406+09:00 DEBUG 58944 --- [project] [    Test worker] o.s.orm.jpa.JpaTransactionManager        : Found thread-bound EntityManager [SessionImpl(1742749668<open>)] for JPA transaction
2024-04-29T19:41:37.406+09:00 DEBUG 58944 --- [project] [    Test worker] o.s.orm.jpa.JpaTransactionManager        : Participating in existing transaction
2024-04-29T19:41:37.406+09:00 TRACE 58944 --- [project] [    Test worker] o.s.t.i.TransactionInterceptor           : Getting transaction for [org.springframework.data.jpa.repository.support.SimpleJpaRepository.save]
2024-04-29T19:41:37.407+09:00 TRACE 58944 --- [project] [    Test worker] o.s.t.i.TransactionInterceptor           : Completing transaction for [org.springframework.data.jpa.repository.support.SimpleJpaRepository.save]
2024-04-29T19:41:37.407+09:00 DEBUG 58944 --- [project] [    Test worker] o.s.orm.jpa.JpaTransactionManager        : Found thread-bound EntityManager [SessionImpl(1742749668<open>)] for JPA transaction
2024-04-29T19:41:37.407+09:00 DEBUG 58944 --- [project] [    Test worker] o.s.orm.jpa.JpaTransactionManager        : Participating in existing transaction
2024-04-29T19:41:37.407+09:00 TRACE 58944 --- [project] [    Test worker] o.s.t.i.TransactionInterceptor           : Getting transaction for [org.springframework.data.jpa.repository.support.SimpleJpaRepository.save]
2024-04-29T19:41:37.407+09:00 TRACE 58944 --- [project] [    Test worker] o.s.t.i.TransactionInterceptor           : Completing transaction for [org.springframework.data.jpa.repository.support.SimpleJpaRepository.save]
2024-04-29T19:41:37.407+09:00 DEBUG 58944 --- [project] [    Test worker] o.s.orm.jpa.JpaTransactionManager        : Found thread-bound EntityManager [SessionImpl(1742749668<open>)] for JPA transaction
2024-04-29T19:41:37.407+09:00 DEBUG 58944 --- [project] [    Test worker] o.s.orm.jpa.JpaTransactionManager        : Participating in existing transaction
2024-04-29T19:41:37.407+09:00 TRACE 58944 --- [project] [    Test worker] o.s.t.i.TransactionInterceptor           : Getting transaction for [org.springframework.data.jpa.repository.support.SimpleJpaRepository.save]
2024-04-29T19:41:37.407+09:00 TRACE 58944 --- [project] [    Test worker] o.s.t.i.TransactionInterceptor           : Completing transaction for [org.springframework.data.jpa.repository.support.SimpleJpaRepository.save]
2024-04-29T19:41:37.407+09:00 DEBUG 58944 --- [project] [    Test worker] o.s.orm.jpa.JpaTransactionManager        : Found thread-bound EntityManager [SessionImpl(1742749668<open>)] for JPA transaction
2024-04-29T19:41:37.407+09:00 DEBUG 58944 --- [project] [    Test worker] o.s.orm.jpa.JpaTransactionManager        : Participating in existing transaction
2024-04-29T19:41:37.407+09:00 TRACE 58944 --- [project] [    Test worker] o.s.t.i.TransactionInterceptor           : Getting transaction for [org.springframework.data.jpa.repository.support.SimpleJpaRepository.save]
2024-04-29T19:41:37.407+09:00 TRACE 58944 --- [project] [    Test worker] o.s.t.i.TransactionInterceptor           : Completing transaction for [org.springframework.data.jpa.repository.support.SimpleJpaRepository.save]
2024-04-29T19:41:37.407+09:00 DEBUG 58944 --- [project] [    Test worker] o.s.orm.jpa.JpaTransactionManager        : Found thread-bound EntityManager [SessionImpl(1742749668<open>)] for JPA transaction
2024-04-29T19:41:37.407+09:00 DEBUG 58944 --- [project] [    Test worker] o.s.orm.jpa.JpaTransactionManager        : Participating in existing transaction
2024-04-29T19:41:37.407+09:00 TRACE 58944 --- [project] [    Test worker] o.s.t.i.TransactionInterceptor           : Getting transaction for [org.springframework.data.jpa.repository.support.SimpleJpaRepository.save]
2024-04-29T19:41:37.407+09:00 TRACE 58944 --- [project] [    Test worker] o.s.t.i.TransactionInterceptor           : Completing transaction for [org.springframework.data.jpa.repository.support.SimpleJpaRepository.save]
2024-04-29T19:41:37.407+09:00 DEBUG 58944 --- [project] [    Test worker] o.s.orm.jpa.JpaTransactionManager        : Found thread-bound EntityManager [SessionImpl(1742749668<open>)] for JPA transaction
2024-04-29T19:41:37.407+09:00 DEBUG 58944 --- [project] [    Test worker] o.s.orm.jpa.JpaTransactionManager        : Participating in existing transaction
2024-04-29T19:41:37.407+09:00 TRACE 58944 --- [project] [    Test worker] o.s.t.i.TransactionInterceptor           : Getting transaction for [org.springframework.data.jpa.repository.support.SimpleJpaRepository.save]
2024-04-29T19:41:37.408+09:00 TRACE 58944 --- [project] [    Test worker] o.s.t.i.TransactionInterceptor           : Completing transaction for [org.springframework.data.jpa.repository.support.SimpleJpaRepository.save]
2024-04-29T19:41:37.408+09:00 DEBUG 58944 --- [project] [    Test worker] o.s.orm.jpa.JpaTransactionManager        : Found thread-bound EntityManager [SessionImpl(1742749668<open>)] for JPA transaction
2024-04-29T19:41:37.408+09:00 DEBUG 58944 --- [project] [    Test worker] o.s.orm.jpa.JpaTransactionManager        : Participating in existing transaction
2024-04-29T19:41:37.408+09:00 TRACE 58944 --- [project] [    Test worker] o.s.t.i.TransactionInterceptor           : Getting transaction for [org.springframework.data.jpa.repository.support.SimpleJpaRepository.save]
2024-04-29T19:41:37.408+09:00 TRACE 58944 --- [project] [    Test worker] o.s.t.i.TransactionInterceptor           : Completing transaction for [org.springframework.data.jpa.repository.support.SimpleJpaRepository.save]
2024-04-29T19:41:37.408+09:00 DEBUG 58944 --- [project] [    Test worker] o.s.orm.jpa.JpaTransactionManager        : Found thread-bound EntityManager [SessionImpl(1742749668<open>)] for JPA transaction
2024-04-29T19:41:37.408+09:00 DEBUG 58944 --- [project] [    Test worker] o.s.orm.jpa.JpaTransactionManager        : Participating in existing transaction
2024-04-29T19:41:37.408+09:00 TRACE 58944 --- [project] [    Test worker] o.s.t.i.TransactionInterceptor           : Getting transaction for [org.springframework.data.jpa.repository.support.SimpleJpaRepository.save]
2024-04-29T19:41:37.409+09:00 TRACE 58944 --- [project] [    Test worker] o.s.t.i.TransactionInterceptor           : Completing transaction for [org.springframework.data.jpa.repository.support.SimpleJpaRepository.save]
2024-04-29T19:41:37.409+09:00 DEBUG 58944 --- [project] [    Test worker] o.s.orm.jpa.JpaTransactionManager        : Found thread-bound EntityManager [SessionImpl(1742749668<open>)] for JPA transaction
2024-04-29T19:41:37.409+09:00 DEBUG 58944 --- [project] [    Test worker] o.s.orm.jpa.JpaTransactionManager        : Participating in existing transaction
2024-04-29T19:41:37.409+09:00 TRACE 58944 --- [project] [    Test worker] o.s.t.i.TransactionInterceptor           : Getting transaction for [org.springframework.data.jpa.repository.support.SimpleJpaRepository.save]
2024-04-29T19:41:37.409+09:00 TRACE 58944 --- [project] [    Test worker] o.s.t.i.TransactionInterceptor           : Completing transaction for [org.springframework.data.jpa.repository.support.SimpleJpaRepository.save]
2024-04-29T19:41:37.409+09:00 DEBUG 58944 --- [project] [    Test worker] o.s.orm.jpa.JpaTransactionManager        : Found thread-bound EntityManager [SessionImpl(1742749668<open>)] for JPA transaction
2024-04-29T19:41:37.409+09:00 DEBUG 58944 --- [project] [    Test worker] o.s.orm.jpa.JpaTransactionManager        : Participating in existing transaction
2024-04-29T19:41:37.409+09:00 TRACE 58944 --- [project] [    Test worker] o.s.t.i.TransactionInterceptor           : Getting transaction for [org.springframework.data.jpa.repository.support.SimpleJpaRepository.save]
2024-04-29T19:41:37.409+09:00 TRACE 58944 --- [project] [    Test worker] o.s.t.i.TransactionInterceptor           : Completing transaction for [org.springframework.data.jpa.repository.support.SimpleJpaRepository.save]
2024-04-29T19:41:37.409+09:00 DEBUG 58944 --- [project] [    Test worker] o.s.orm.jpa.JpaTransactionManager        : Found thread-bound EntityManager [SessionImpl(1742749668<open>)] for JPA transaction
2024-04-29T19:41:37.409+09:00 DEBUG 58944 --- [project] [    Test worker] o.s.orm.jpa.JpaTransactionManager        : Participating in existing transaction
2024-04-29T19:41:37.409+09:00 TRACE 58944 --- [project] [    Test worker] o.s.t.i.TransactionInterceptor           : Getting transaction for [org.springframework.data.jpa.repository.support.SimpleJpaRepository.save]
2024-04-29T19:41:37.409+09:00 TRACE 58944 --- [project] [    Test worker] o.s.t.i.TransactionInterceptor           : Completing transaction for [org.springframework.data.jpa.repository.support.SimpleJpaRepository.save]
2024-04-29T19:41:37.409+09:00 DEBUG 58944 --- [project] [    Test worker] o.s.orm.jpa.JpaTransactionManager        : Found thread-bound EntityManager [SessionImpl(1742749668<open>)] for JPA transaction
2024-04-29T19:41:37.409+09:00 DEBUG 58944 --- [project] [    Test worker] o.s.orm.jpa.JpaTransactionManager        : Participating in existing transaction
2024-04-29T19:41:37.409+09:00 TRACE 58944 --- [project] [    Test worker] o.s.t.i.TransactionInterceptor           : Getting transaction for [org.springframework.data.jpa.repository.support.SimpleJpaRepository.save]
2024-04-29T19:41:37.409+09:00 TRACE 58944 --- [project] [    Test worker] o.s.t.i.TransactionInterceptor           : Completing transaction for [org.springframework.data.jpa.repository.support.SimpleJpaRepository.save]
2024-04-29T19:41:37.409+09:00 DEBUG 58944 --- [project] [    Test worker] o.s.orm.jpa.JpaTransactionManager        : Found thread-bound EntityManager [SessionImpl(1742749668<open>)] for JPA transaction
2024-04-29T19:41:37.409+09:00 DEBUG 58944 --- [project] [    Test worker] o.s.orm.jpa.JpaTransactionManager        : Participating in existing transaction
2024-04-29T19:41:37.409+09:00 TRACE 58944 --- [project] [    Test worker] o.s.t.i.TransactionInterceptor           : Getting transaction for [org.springframework.data.jpa.repository.support.SimpleJpaRepository.save]
2024-04-29T19:41:37.409+09:00 TRACE 58944 --- [project] [    Test worker] o.s.t.i.TransactionInterceptor           : Completing transaction for [org.springframework.data.jpa.repository.support.SimpleJpaRepository.save]
2024-04-29T19:41:37.409+09:00 DEBUG 58944 --- [project] [    Test worker] o.s.orm.jpa.JpaTransactionManager        : Found thread-bound EntityManager [SessionImpl(1742749668<open>)] for JPA transaction
2024-04-29T19:41:37.409+09:00 DEBUG 58944 --- [project] [    Test worker] o.s.orm.jpa.JpaTransactionManager        : Participating in existing transaction
2024-04-29T19:41:37.409+09:00 TRACE 58944 --- [project] [    Test worker] o.s.t.i.TransactionInterceptor           : Getting transaction for [org.springframework.data.jpa.repository.support.SimpleJpaRepository.save]
2024-04-29T19:41:37.410+09:00 TRACE 58944 --- [project] [    Test worker] o.s.t.i.TransactionInterceptor           : Completing transaction for [org.springframework.data.jpa.repository.support.SimpleJpaRepository.save]
2024-04-29T19:41:37.410+09:00 DEBUG 58944 --- [project] [    Test worker] o.s.orm.jpa.JpaTransactionManager        : Found thread-bound EntityManager [SessionImpl(1742749668<open>)] for JPA transaction
2024-04-29T19:41:37.410+09:00 DEBUG 58944 --- [project] [    Test worker] o.s.orm.jpa.JpaTransactionManager        : Participating in existing transaction
2024-04-29T19:41:37.410+09:00 TRACE 58944 --- [project] [    Test worker] o.s.t.i.TransactionInterceptor           : Getting transaction for [org.springframework.data.jpa.repository.support.SimpleJpaRepository.save]
2024-04-29T19:41:37.410+09:00 TRACE 58944 --- [project] [    Test worker] o.s.t.i.TransactionInterceptor           : Completing transaction for [org.springframework.data.jpa.repository.support.SimpleJpaRepository.save]
2024-04-29T19:41:37.410+09:00 DEBUG 58944 --- [project] [    Test worker] o.s.orm.jpa.JpaTransactionManager        : Found thread-bound EntityManager [SessionImpl(1742749668<open>)] for JPA transaction
2024-04-29T19:41:37.410+09:00 DEBUG 58944 --- [project] [    Test worker] o.s.orm.jpa.JpaTransactionManager        : Participating in existing transaction
2024-04-29T19:41:37.410+09:00 TRACE 58944 --- [project] [    Test worker] o.s.t.i.TransactionInterceptor           : Getting transaction for [org.springframework.data.jpa.repository.support.SimpleJpaRepository.save]
2024-04-29T19:41:37.410+09:00 TRACE 58944 --- [project] [    Test worker] o.s.t.i.TransactionInterceptor           : Completing transaction for [org.springframework.data.jpa.repository.support.SimpleJpaRepository.save]
2024-04-29T19:41:37.410+09:00 DEBUG 58944 --- [project] [    Test worker] o.s.orm.jpa.JpaTransactionManager        : Found thread-bound EntityManager [SessionImpl(1742749668<open>)] for JPA transaction
2024-04-29T19:41:37.410+09:00 DEBUG 58944 --- [project] [    Test worker] o.s.orm.jpa.JpaTransactionManager        : Participating in existing transaction
2024-04-29T19:41:37.410+09:00 TRACE 58944 --- [project] [    Test worker] o.s.t.i.TransactionInterceptor           : Getting transaction for [org.springframework.data.jpa.repository.support.SimpleJpaRepository.save]
2024-04-29T19:41:37.410+09:00 TRACE 58944 --- [project] [    Test worker] o.s.t.i.TransactionInterceptor           : Completing transaction for [org.springframework.data.jpa.repository.support.SimpleJpaRepository.save]
2024-04-29T19:41:37.410+09:00 DEBUG 58944 --- [project] [    Test worker] o.s.orm.jpa.JpaTransactionManager        : Found thread-bound EntityManager [SessionImpl(1742749668<open>)] for JPA transaction
2024-04-29T19:41:37.410+09:00 DEBUG 58944 --- [project] [    Test worker] o.s.orm.jpa.JpaTransactionManager        : Participating in existing transaction
2024-04-29T19:41:37.410+09:00 TRACE 58944 --- [project] [    Test worker] o.s.t.i.TransactionInterceptor           : Getting transaction for [org.springframework.data.jpa.repository.support.SimpleJpaRepository.save]
2024-04-29T19:41:37.410+09:00 TRACE 58944 --- [project] [    Test worker] o.s.t.i.TransactionInterceptor           : Completing transaction for [org.springframework.data.jpa.repository.support.SimpleJpaRepository.save]
2024-04-29T19:41:37.410+09:00 DEBUG 58944 --- [project] [    Test worker] o.s.orm.jpa.JpaTransactionManager        : Found thread-bound EntityManager [SessionImpl(1742749668<open>)] for JPA transaction
2024-04-29T19:41:37.410+09:00 DEBUG 58944 --- [project] [    Test worker] o.s.orm.jpa.JpaTransactionManager        : Participating in existing transaction
2024-04-29T19:41:37.410+09:00 TRACE 58944 --- [project] [    Test worker] o.s.t.i.TransactionInterceptor           : Getting transaction for [org.springframework.data.jpa.repository.support.SimpleJpaRepository.save]
2024-04-29T19:41:37.410+09:00 TRACE 58944 --- [project] [    Test worker] o.s.t.i.TransactionInterceptor           : Completing transaction for [org.springframework.data.jpa.repository.support.SimpleJpaRepository.save]
2024-04-29T19:41:37.410+09:00 DEBUG 58944 --- [project] [    Test worker] o.s.orm.jpa.JpaTransactionManager        : Found thread-bound EntityManager [SessionImpl(1742749668<open>)] for JPA transaction
2024-04-29T19:41:37.410+09:00 DEBUG 58944 --- [project] [    Test worker] o.s.orm.jpa.JpaTransactionManager        : Participating in existing transaction
2024-04-29T19:41:37.411+09:00 TRACE 58944 --- [project] [    Test worker] o.s.t.i.TransactionInterceptor           : Getting transaction for [org.springframework.data.jpa.repository.support.SimpleJpaRepository.save]
2024-04-29T19:41:37.412+09:00 TRACE 58944 --- [project] [    Test worker] o.s.t.i.TransactionInterceptor           : Completing transaction for [org.springframework.data.jpa.repository.support.SimpleJpaRepository.save]
2024-04-29T19:41:37.412+09:00 DEBUG 58944 --- [project] [    Test worker] o.s.orm.jpa.JpaTransactionManager        : Found thread-bound EntityManager [SessionImpl(1742749668<open>)] for JPA transaction
2024-04-29T19:41:37.412+09:00 DEBUG 58944 --- [project] [    Test worker] o.s.orm.jpa.JpaTransactionManager        : Participating in existing transaction
2024-04-29T19:41:37.412+09:00 TRACE 58944 --- [project] [    Test worker] o.s.t.i.TransactionInterceptor           : Getting transaction for [org.springframework.data.jpa.repository.support.SimpleJpaRepository.save]
2024-04-29T19:41:37.412+09:00 TRACE 58944 --- [project] [    Test worker] o.s.t.i.TransactionInterceptor           : Completing transaction for [org.springframework.data.jpa.repository.support.SimpleJpaRepository.save]
2024-04-29T19:41:37.412+09:00 DEBUG 58944 --- [project] [    Test worker] o.s.orm.jpa.JpaTransactionManager        : Found thread-bound EntityManager [SessionImpl(1742749668<open>)] for JPA transaction
2024-04-29T19:41:37.412+09:00 DEBUG 58944 --- [project] [    Test worker] o.s.orm.jpa.JpaTransactionManager        : Participating in existing transaction
2024-04-29T19:41:37.412+09:00 TRACE 58944 --- [project] [    Test worker] o.s.t.i.TransactionInterceptor           : Getting transaction for [org.springframework.data.jpa.repository.support.SimpleJpaRepository.save]
2024-04-29T19:41:37.412+09:00 TRACE 58944 --- [project] [    Test worker] o.s.t.i.TransactionInterceptor           : Completing transaction for [org.springframework.data.jpa.repository.support.SimpleJpaRepository.save]
2024-04-29T19:41:37.412+09:00 DEBUG 58944 --- [project] [    Test worker] o.s.orm.jpa.JpaTransactionManager        : Found thread-bound EntityManager [SessionImpl(1742749668<open>)] for JPA transaction
2024-04-29T19:41:37.412+09:00 DEBUG 58944 --- [project] [    Test worker] o.s.orm.jpa.JpaTransactionManager        : Participating in existing transaction
2024-04-29T19:41:37.412+09:00 TRACE 58944 --- [project] [    Test worker] o.s.t.i.TransactionInterceptor           : Getting transaction for [org.springframework.data.jpa.repository.support.SimpleJpaRepository.save]
2024-04-29T19:41:37.413+09:00 TRACE 58944 --- [project] [    Test worker] o.s.t.i.TransactionInterceptor           : Completing transaction for [org.springframework.data.jpa.repository.support.SimpleJpaRepository.save]
2024-04-29T19:41:37.413+09:00 DEBUG 58944 --- [project] [    Test worker] o.s.orm.jpa.JpaTransactionManager        : Found thread-bound EntityManager [SessionImpl(1742749668<open>)] for JPA transaction
2024-04-29T19:41:37.413+09:00 DEBUG 58944 --- [project] [    Test worker] o.s.orm.jpa.JpaTransactionManager        : Participating in existing transaction
2024-04-29T19:41:37.413+09:00 TRACE 58944 --- [project] [    Test worker] o.s.t.i.TransactionInterceptor           : Getting transaction for [org.springframework.data.jpa.repository.support.SimpleJpaRepository.save]
2024-04-29T19:41:37.413+09:00 TRACE 58944 --- [project] [    Test worker] o.s.t.i.TransactionInterceptor           : Completing transaction for [org.springframework.data.jpa.repository.support.SimpleJpaRepository.save]
2024-04-29T19:41:37.413+09:00 DEBUG 58944 --- [project] [    Test worker] o.s.orm.jpa.JpaTransactionManager        : Found thread-bound EntityManager [SessionImpl(1742749668<open>)] for JPA transaction
2024-04-29T19:41:37.413+09:00 DEBUG 58944 --- [project] [    Test worker] o.s.orm.jpa.JpaTransactionManager        : Participating in existing transaction
2024-04-29T19:41:37.413+09:00 TRACE 58944 --- [project] [    Test worker] o.s.t.i.TransactionInterceptor           : Getting transaction for [org.springframework.data.jpa.repository.support.SimpleJpaRepository.save]
2024-04-29T19:41:37.413+09:00 TRACE 58944 --- [project] [    Test worker] o.s.t.i.TransactionInterceptor           : Completing transaction for [org.springframework.data.jpa.repository.support.SimpleJpaRepository.save]
2024-04-29T19:41:37.413+09:00 DEBUG 58944 --- [project] [    Test worker] o.s.orm.jpa.JpaTransactionManager        : Found thread-bound EntityManager [SessionImpl(1742749668<open>)] for JPA transaction
2024-04-29T19:41:37.413+09:00 DEBUG 58944 --- [project] [    Test worker] o.s.orm.jpa.JpaTransactionManager        : Participating in existing transaction
2024-04-29T19:41:37.413+09:00 TRACE 58944 --- [project] [    Test worker] o.s.t.i.TransactionInterceptor           : Getting transaction for [org.springframework.data.jpa.repository.support.SimpleJpaRepository.save]
2024-04-29T19:41:37.414+09:00 TRACE 58944 --- [project] [    Test worker] o.s.t.i.TransactionInterceptor           : Completing transaction for [org.springframework.data.jpa.repository.support.SimpleJpaRepository.save]
2024-04-29T19:41:37.414+09:00 DEBUG 58944 --- [project] [    Test worker] o.s.orm.jpa.JpaTransactionManager        : Found thread-bound EntityManager [SessionImpl(1742749668<open>)] for JPA transaction
2024-04-29T19:41:37.414+09:00 DEBUG 58944 --- [project] [    Test worker] o.s.orm.jpa.JpaTransactionManager        : Participating in existing transaction
2024-04-29T19:41:37.414+09:00 TRACE 58944 --- [project] [    Test worker] o.s.t.i.TransactionInterceptor           : Getting transaction for [org.springframework.data.jpa.repository.support.SimpleJpaRepository.save]
2024-04-29T19:41:37.415+09:00 TRACE 58944 --- [project] [    Test worker] o.s.t.i.TransactionInterceptor           : Completing transaction for [org.springframework.data.jpa.repository.support.SimpleJpaRepository.save]
2024-04-29T19:41:37.415+09:00 DEBUG 58944 --- [project] [    Test worker] o.s.orm.jpa.JpaTransactionManager        : Found thread-bound EntityManager [SessionImpl(1742749668<open>)] for JPA transaction
2024-04-29T19:41:37.415+09:00 DEBUG 58944 --- [project] [    Test worker] o.s.orm.jpa.JpaTransactionManager        : Participating in existing transaction
2024-04-29T19:41:37.415+09:00 TRACE 58944 --- [project] [    Test worker] o.s.t.i.TransactionInterceptor           : Getting transaction for [org.springframework.data.jpa.repository.support.SimpleJpaRepository.save]
2024-04-29T19:41:37.416+09:00 TRACE 58944 --- [project] [    Test worker] o.s.t.i.TransactionInterceptor           : Completing transaction for [org.springframework.data.jpa.repository.support.SimpleJpaRepository.save]
2024-04-29T19:41:37.416+09:00 DEBUG 58944 --- [project] [    Test worker] o.s.orm.jpa.JpaTransactionManager        : Found thread-bound EntityManager [SessionImpl(1742749668<open>)] for JPA transaction
2024-04-29T19:41:37.416+09:00 DEBUG 58944 --- [project] [    Test worker] o.s.orm.jpa.JpaTransactionManager        : Participating in existing transaction
2024-04-29T19:41:37.416+09:00 TRACE 58944 --- [project] [    Test worker] o.s.t.i.TransactionInterceptor           : Getting transaction for [org.springframework.data.jpa.repository.support.SimpleJpaRepository.save]
2024-04-29T19:41:37.416+09:00 TRACE 58944 --- [project] [    Test worker] o.s.t.i.TransactionInterceptor           : Completing transaction for [org.springframework.data.jpa.repository.support.SimpleJpaRepository.save]
2024-04-29T19:41:37.416+09:00 DEBUG 58944 --- [project] [    Test worker] o.s.orm.jpa.JpaTransactionManager        : Found thread-bound EntityManager [SessionImpl(1742749668<open>)] for JPA transaction
2024-04-29T19:41:37.416+09:00 DEBUG 58944 --- [project] [    Test worker] o.s.orm.jpa.JpaTransactionManager        : Participating in existing transaction
2024-04-29T19:41:37.416+09:00 TRACE 58944 --- [project] [    Test worker] o.s.t.i.TransactionInterceptor           : Getting transaction for [org.springframework.data.jpa.repository.support.SimpleJpaRepository.save]
2024-04-29T19:41:37.416+09:00 TRACE 58944 --- [project] [    Test worker] o.s.t.i.TransactionInterceptor           : Completing transaction for [org.springframework.data.jpa.repository.support.SimpleJpaRepository.save]
2024-04-29T19:41:37.416+09:00 DEBUG 58944 --- [project] [    Test worker] o.s.orm.jpa.JpaTransactionManager        : Found thread-bound EntityManager [SessionImpl(1742749668<open>)] for JPA transaction
2024-04-29T19:41:37.416+09:00 DEBUG 58944 --- [project] [    Test worker] o.s.orm.jpa.JpaTransactionManager        : Participating in existing transaction
2024-04-29T19:41:37.416+09:00 TRACE 58944 --- [project] [    Test worker] o.s.t.i.TransactionInterceptor           : Getting transaction for [org.springframework.data.jpa.repository.support.SimpleJpaRepository.save]
2024-04-29T19:41:37.416+09:00 TRACE 58944 --- [project] [    Test worker] o.s.t.i.TransactionInterceptor           : Completing transaction for [org.springframework.data.jpa.repository.support.SimpleJpaRepository.save]
2024-04-29T19:41:37.416+09:00 DEBUG 58944 --- [project] [    Test worker] o.s.orm.jpa.JpaTransactionManager        : Found thread-bound EntityManager [SessionImpl(1742749668<open>)] for JPA transaction
2024-04-29T19:41:37.416+09:00 DEBUG 58944 --- [project] [    Test worker] o.s.orm.jpa.JpaTransactionManager        : Participating in existing transaction
2024-04-29T19:41:37.416+09:00 TRACE 58944 --- [project] [    Test worker] o.s.t.i.TransactionInterceptor           : Getting transaction for [org.springframework.data.jpa.repository.support.SimpleJpaRepository.save]
2024-04-29T19:41:37.416+09:00 TRACE 58944 --- [project] [    Test worker] o.s.t.i.TransactionInterceptor           : Completing transaction for [org.springframework.data.jpa.repository.support.SimpleJpaRepository.save]
2024-04-29T19:41:37.416+09:00 DEBUG 58944 --- [project] [    Test worker] o.s.orm.jpa.JpaTransactionManager        : Found thread-bound EntityManager [SessionImpl(1742749668<open>)] for JPA transaction
2024-04-29T19:41:37.416+09:00 DEBUG 58944 --- [project] [    Test worker] o.s.orm.jpa.JpaTransactionManager        : Participating in existing transaction
2024-04-29T19:41:37.416+09:00 TRACE 58944 --- [project] [    Test worker] o.s.t.i.TransactionInterceptor           : Getting transaction for [org.springframework.data.jpa.repository.support.SimpleJpaRepository.save]
2024-04-29T19:41:37.416+09:00 TRACE 58944 --- [project] [    Test worker] o.s.t.i.TransactionInterceptor           : Completing transaction for [org.springframework.data.jpa.repository.support.SimpleJpaRepository.save]
2024-04-29T19:41:37.416+09:00 DEBUG 58944 --- [project] [    Test worker] o.s.orm.jpa.JpaTransactionManager        : Found thread-bound EntityManager [SessionImpl(1742749668<open>)] for JPA transaction
2024-04-29T19:41:37.416+09:00 DEBUG 58944 --- [project] [    Test worker] o.s.orm.jpa.JpaTransactionManager        : Participating in existing transaction
2024-04-29T19:41:37.416+09:00 TRACE 58944 --- [project] [    Test worker] o.s.t.i.TransactionInterceptor           : Getting transaction for [org.springframework.data.jpa.repository.support.SimpleJpaRepository.save]
2024-04-29T19:41:37.417+09:00 TRACE 58944 --- [project] [    Test worker] o.s.t.i.TransactionInterceptor           : Completing transaction for [org.springframework.data.jpa.repository.support.SimpleJpaRepository.save]
2024-04-29T19:41:37.417+09:00 DEBUG 58944 --- [project] [    Test worker] o.s.orm.jpa.JpaTransactionManager        : Found thread-bound EntityManager [SessionImpl(1742749668<open>)] for JPA transaction
2024-04-29T19:41:37.417+09:00 DEBUG 58944 --- [project] [    Test worker] o.s.orm.jpa.JpaTransactionManager        : Participating in existing transaction
2024-04-29T19:41:37.417+09:00 TRACE 58944 --- [project] [    Test worker] o.s.t.i.TransactionInterceptor           : Getting transaction for [org.springframework.data.jpa.repository.support.SimpleJpaRepository.save]
2024-04-29T19:41:37.417+09:00 TRACE 58944 --- [project] [    Test worker] o.s.t.i.TransactionInterceptor           : Completing transaction for [org.springframework.data.jpa.repository.support.SimpleJpaRepository.save]
2024-04-29T19:41:37.417+09:00 DEBUG 58944 --- [project] [    Test worker] o.s.orm.jpa.JpaTransactionManager        : Found thread-bound EntityManager [SessionImpl(1742749668<open>)] for JPA transaction
2024-04-29T19:41:37.417+09:00 DEBUG 58944 --- [project] [    Test worker] o.s.orm.jpa.JpaTransactionManager        : Participating in existing transaction
2024-04-29T19:41:37.417+09:00 TRACE 58944 --- [project] [    Test worker] o.s.t.i.TransactionInterceptor           : Getting transaction for [org.springframework.data.jpa.repository.support.SimpleJpaRepository.save]
2024-04-29T19:41:37.418+09:00 TRACE 58944 --- [project] [    Test worker] o.s.t.i.TransactionInterceptor           : Completing transaction for [org.springframework.data.jpa.repository.support.SimpleJpaRepository.save]
2024-04-29T19:41:37.418+09:00 DEBUG 58944 --- [project] [    Test worker] o.s.orm.jpa.JpaTransactionManager        : Found thread-bound EntityManager [SessionImpl(1742749668<open>)] for JPA transaction
2024-04-29T19:41:37.418+09:00 DEBUG 58944 --- [project] [    Test worker] o.s.orm.jpa.JpaTransactionManager        : Participating in existing transaction
2024-04-29T19:41:37.418+09:00 TRACE 58944 --- [project] [    Test worker] o.s.t.i.TransactionInterceptor           : Getting transaction for [org.springframework.data.jpa.repository.support.SimpleJpaRepository.save]
2024-04-29T19:41:37.418+09:00 TRACE 58944 --- [project] [    Test worker] o.s.t.i.TransactionInterceptor           : Completing transaction for [org.springframework.data.jpa.repository.support.SimpleJpaRepository.save]
2024-04-29T19:41:37.418+09:00 DEBUG 58944 --- [project] [    Test worker] o.s.orm.jpa.JpaTransactionManager        : Found thread-bound EntityManager [SessionImpl(1742749668<open>)] for JPA transaction
2024-04-29T19:41:37.418+09:00 DEBUG 58944 --- [project] [    Test worker] o.s.orm.jpa.JpaTransactionManager        : Participating in existing transaction
2024-04-29T19:41:37.418+09:00 TRACE 58944 --- [project] [    Test worker] o.s.t.i.TransactionInterceptor           : Getting transaction for [org.springframework.data.jpa.repository.support.SimpleJpaRepository.save]
2024-04-29T19:41:37.418+09:00 TRACE 58944 --- [project] [    Test worker] o.s.t.i.TransactionInterceptor           : Completing transaction for [org.springframework.data.jpa.repository.support.SimpleJpaRepository.save]
2024-04-29T19:41:37.418+09:00 DEBUG 58944 --- [project] [    Test worker] o.s.orm.jpa.JpaTransactionManager        : Found thread-bound EntityManager [SessionImpl(1742749668<open>)] for JPA transaction
2024-04-29T19:41:37.418+09:00 DEBUG 58944 --- [project] [    Test worker] o.s.orm.jpa.JpaTransactionManager        : Participating in existing transaction
2024-04-29T19:41:37.418+09:00 TRACE 58944 --- [project] [    Test worker] o.s.t.i.TransactionInterceptor           : Getting transaction for [org.springframework.data.jpa.repository.support.SimpleJpaRepository.save]
2024-04-29T19:41:37.419+09:00 DEBUG 58944 --- [project] [    Test worker] org.hibernate.SQL                        : 
    select
        next_val as id_val 
    from
        item_seq for update
Hibernate: 
    select
        next_val as id_val 
    from
        item_seq for update
2024-04-29T19:41:37.421+09:00  INFO 58944 --- [project] [    Test worker] p6spy                                    : #1714387297421 | took 0ms | statement | connection 13| url jdbc:mysql://127.0.0.1:3306/project?serverTimezone=Asia/Seoul
select next_val as id_val from item_seq for update
select next_val as id_val from item_seq for update;
2024-04-29T19:41:37.422+09:00 DEBUG 58944 --- [project] [    Test worker] org.hibernate.SQL                        : 
    update
        item_seq 
    set
        next_val= ? 
    where
        next_val=?
Hibernate: 
    update
        item_seq 
    set
        next_val= ? 
    where
        next_val=?
2024-04-29T19:41:37.424+09:00  INFO 58944 --- [project] [    Test worker] p6spy                                    : #1714387297424 | took 0ms | statement | connection 13| url jdbc:mysql://127.0.0.1:3306/project?serverTimezone=Asia/Seoul
update item_seq set next_val= ? where next_val=?
update item_seq set next_val= 201 where next_val=151;
2024-04-29T19:41:37.425+09:00  INFO 58944 --- [project] [    Test worker] p6spy                                    : #1714387297425 | took 0ms | commit | connection 13| url jdbc:mysql://127.0.0.1:3306/project?serverTimezone=Asia/Seoul

;
2024-04-29T19:41:37.425+09:00 TRACE 58944 --- [project] [    Test worker] o.s.t.i.TransactionInterceptor           : Completing transaction for [org.springframework.data.jpa.repository.support.SimpleJpaRepository.save]
2024-04-29T19:41:37.426+09:00 DEBUG 58944 --- [project] [    Test worker] o.s.orm.jpa.JpaTransactionManager        : Found thread-bound EntityManager [SessionImpl(1742749668<open>)] for JPA transaction
2024-04-29T19:41:37.426+09:00 DEBUG 58944 --- [project] [    Test worker] o.s.orm.jpa.JpaTransactionManager        : Participating in existing transaction
2024-04-29T19:41:37.426+09:00 TRACE 58944 --- [project] [    Test worker] o.s.t.i.TransactionInterceptor           : Getting transaction for [org.springframework.data.jpa.repository.support.SimpleJpaRepository.save]
2024-04-29T19:41:37.426+09:00 DEBUG 58944 --- [project] [    Test worker] org.hibernate.SQL                        : 
    select
        next_val as id_val 
    from
        upload_file_seq for update
Hibernate: 
    select
        next_val as id_val 
    from
        upload_file_seq for update
2024-04-29T19:41:37.427+09:00  INFO 58944 --- [project] [    Test worker] p6spy                                    : #1714387297427 | took 0ms | statement | connection 14| url jdbc:mysql://127.0.0.1:3306/project?serverTimezone=Asia/Seoul
select next_val as id_val from upload_file_seq for update
select next_val as id_val from upload_file_seq for update;
2024-04-29T19:41:37.429+09:00 DEBUG 58944 --- [project] [    Test worker] org.hibernate.SQL                        : 
    update
        upload_file_seq 
    set
        next_val= ? 
    where
        next_val=?
Hibernate: 
    update
        upload_file_seq 
    set
        next_val= ? 
    where
        next_val=?
2024-04-29T19:41:37.430+09:00  INFO 58944 --- [project] [    Test worker] p6spy                                    : #1714387297430 | took 1ms | statement | connection 14| url jdbc:mysql://127.0.0.1:3306/project?serverTimezone=Asia/Seoul
update upload_file_seq set next_val= ? where next_val=?
update upload_file_seq set next_val= 201 where next_val=151;
2024-04-29T19:41:37.432+09:00  INFO 58944 --- [project] [    Test worker] p6spy                                    : #1714387297432 | took 2ms | commit | connection 14| url jdbc:mysql://127.0.0.1:3306/project?serverTimezone=Asia/Seoul

;
2024-04-29T19:41:37.433+09:00 TRACE 58944 --- [project] [    Test worker] o.s.t.i.TransactionInterceptor           : Completing transaction for [org.springframework.data.jpa.repository.support.SimpleJpaRepository.save]
2024-04-29T19:41:37.433+09:00 DEBUG 58944 --- [project] [    Test worker] o.s.orm.jpa.JpaTransactionManager        : Found thread-bound EntityManager [SessionImpl(1742749668<open>)] for JPA transaction
2024-04-29T19:41:37.433+09:00 DEBUG 58944 --- [project] [    Test worker] o.s.orm.jpa.JpaTransactionManager        : Participating in existing transaction
2024-04-29T19:41:37.433+09:00 TRACE 58944 --- [project] [    Test worker] o.s.t.i.TransactionInterceptor           : Getting transaction for [org.springframework.data.jpa.repository.support.SimpleJpaRepository.save]
2024-04-29T19:41:37.434+09:00 TRACE 58944 --- [project] [    Test worker] o.s.t.i.TransactionInterceptor           : Completing transaction for [org.springframework.data.jpa.repository.support.SimpleJpaRepository.save]
2024-04-29T19:41:37.434+09:00 DEBUG 58944 --- [project] [    Test worker] o.s.orm.jpa.JpaTransactionManager        : Found thread-bound EntityManager [SessionImpl(1742749668<open>)] for JPA transaction
2024-04-29T19:41:37.434+09:00 DEBUG 58944 --- [project] [    Test worker] o.s.orm.jpa.JpaTransactionManager        : Participating in existing transaction
2024-04-29T19:41:37.434+09:00 TRACE 58944 --- [project] [    Test worker] o.s.t.i.TransactionInterceptor           : Getting transaction for [org.springframework.data.jpa.repository.support.SimpleJpaRepository.save]
2024-04-29T19:41:37.434+09:00 TRACE 58944 --- [project] [    Test worker] o.s.t.i.TransactionInterceptor           : Completing transaction for [org.springframework.data.jpa.repository.support.SimpleJpaRepository.save]
2024-04-29T19:41:37.434+09:00 DEBUG 58944 --- [project] [    Test worker] o.s.orm.jpa.JpaTransactionManager        : Found thread-bound EntityManager [SessionImpl(1742749668<open>)] for JPA transaction
2024-04-29T19:41:37.434+09:00 DEBUG 58944 --- [project] [    Test worker] o.s.orm.jpa.JpaTransactionManager        : Participating in existing transaction
2024-04-29T19:41:37.434+09:00 TRACE 58944 --- [project] [    Test worker] o.s.t.i.TransactionInterceptor           : Getting transaction for [org.springframework.data.jpa.repository.support.SimpleJpaRepository.save]
2024-04-29T19:41:37.434+09:00 TRACE 58944 --- [project] [    Test worker] o.s.t.i.TransactionInterceptor           : Completing transaction for [org.springframework.data.jpa.repository.support.SimpleJpaRepository.save]
2024-04-29T19:41:37.434+09:00 DEBUG 58944 --- [project] [    Test worker] o.s.orm.jpa.JpaTransactionManager        : Found thread-bound EntityManager [SessionImpl(1742749668<open>)] for JPA transaction
2024-04-29T19:41:37.434+09:00 DEBUG 58944 --- [project] [    Test worker] o.s.orm.jpa.JpaTransactionManager        : Participating in existing transaction
2024-04-29T19:41:37.434+09:00 TRACE 58944 --- [project] [    Test worker] o.s.t.i.TransactionInterceptor           : Getting transaction for [org.springframework.data.jpa.repository.support.SimpleJpaRepository.save]
2024-04-29T19:41:37.435+09:00 TRACE 58944 --- [project] [    Test worker] o.s.t.i.TransactionInterceptor           : Completing transaction for [org.springframework.data.jpa.repository.support.SimpleJpaRepository.save]
2024-04-29T19:41:37.435+09:00 DEBUG 58944 --- [project] [    Test worker] o.s.orm.jpa.JpaTransactionManager        : Found thread-bound EntityManager [SessionImpl(1742749668<open>)] for JPA transaction
2024-04-29T19:41:37.435+09:00 DEBUG 58944 --- [project] [    Test worker] o.s.orm.jpa.JpaTransactionManager        : Participating in existing transaction
2024-04-29T19:41:37.435+09:00 TRACE 58944 --- [project] [    Test worker] o.s.t.i.TransactionInterceptor           : Getting transaction for [org.springframework.data.jpa.repository.support.SimpleJpaRepository.save]
2024-04-29T19:41:37.435+09:00 TRACE 58944 --- [project] [    Test worker] o.s.t.i.TransactionInterceptor           : Completing transaction for [org.springframework.data.jpa.repository.support.SimpleJpaRepository.save]
2024-04-29T19:41:37.435+09:00 DEBUG 58944 --- [project] [    Test worker] o.s.orm.jpa.JpaTransactionManager        : Found thread-bound EntityManager [SessionImpl(1742749668<open>)] for JPA transaction
2024-04-29T19:41:37.435+09:00 DEBUG 58944 --- [project] [    Test worker] o.s.orm.jpa.JpaTransactionManager        : Participating in existing transaction
2024-04-29T19:41:37.435+09:00 TRACE 58944 --- [project] [    Test worker] o.s.t.i.TransactionInterceptor           : Getting transaction for [org.springframework.data.jpa.repository.support.SimpleJpaRepository.save]
2024-04-29T19:41:37.435+09:00 TRACE 58944 --- [project] [    Test worker] o.s.t.i.TransactionInterceptor           : Completing transaction for [org.springframework.data.jpa.repository.support.SimpleJpaRepository.save]
2024-04-29T19:41:37.435+09:00 DEBUG 58944 --- [project] [    Test worker] o.s.orm.jpa.JpaTransactionManager        : Found thread-bound EntityManager [SessionImpl(1742749668<open>)] for JPA transaction
2024-04-29T19:41:37.435+09:00 DEBUG 58944 --- [project] [    Test worker] o.s.orm.jpa.JpaTransactionManager        : Participating in existing transaction
2024-04-29T19:41:37.435+09:00 TRACE 58944 --- [project] [    Test worker] o.s.t.i.TransactionInterceptor           : Getting transaction for [org.springframework.data.jpa.repository.support.SimpleJpaRepository.save]
2024-04-29T19:41:37.435+09:00 TRACE 58944 --- [project] [    Test worker] o.s.t.i.TransactionInterceptor           : Completing transaction for [org.springframework.data.jpa.repository.support.SimpleJpaRepository.save]
2024-04-29T19:41:37.435+09:00 DEBUG 58944 --- [project] [    Test worker] o.s.orm.jpa.JpaTransactionManager        : Found thread-bound EntityManager [SessionImpl(1742749668<open>)] for JPA transaction
2024-04-29T19:41:37.435+09:00 DEBUG 58944 --- [project] [    Test worker] o.s.orm.jpa.JpaTransactionManager        : Participating in existing transaction
2024-04-29T19:41:37.435+09:00 TRACE 58944 --- [project] [    Test worker] o.s.t.i.TransactionInterceptor           : Getting transaction for [org.springframework.data.jpa.repository.support.SimpleJpaRepository.save]
2024-04-29T19:41:37.436+09:00 TRACE 58944 --- [project] [    Test worker] o.s.t.i.TransactionInterceptor           : Completing transaction for [org.springframework.data.jpa.repository.support.SimpleJpaRepository.save]
2024-04-29T19:41:37.436+09:00 DEBUG 58944 --- [project] [    Test worker] o.s.orm.jpa.JpaTransactionManager        : Found thread-bound EntityManager [SessionImpl(1742749668<open>)] for JPA transaction
2024-04-29T19:41:37.436+09:00 DEBUG 58944 --- [project] [    Test worker] o.s.orm.jpa.JpaTransactionManager        : Participating in existing transaction
2024-04-29T19:41:37.436+09:00 TRACE 58944 --- [project] [    Test worker] o.s.t.i.TransactionInterceptor           : Getting transaction for [org.springframework.data.jpa.repository.support.SimpleJpaRepository.save]
2024-04-29T19:41:37.436+09:00 TRACE 58944 --- [project] [    Test worker] o.s.t.i.TransactionInterceptor           : Completing transaction for [org.springframework.data.jpa.repository.support.SimpleJpaRepository.save]
2024-04-29T19:41:37.436+09:00 DEBUG 58944 --- [project] [    Test worker] o.s.orm.jpa.JpaTransactionManager        : Found thread-bound EntityManager [SessionImpl(1742749668<open>)] for JPA transaction
2024-04-29T19:41:37.436+09:00 DEBUG 58944 --- [project] [    Test worker] o.s.orm.jpa.JpaTransactionManager        : Participating in existing transaction
2024-04-29T19:41:37.436+09:00 TRACE 58944 --- [project] [    Test worker] o.s.t.i.TransactionInterceptor           : Getting transaction for [org.springframework.data.jpa.repository.support.SimpleJpaRepository.save]
2024-04-29T19:41:37.436+09:00 TRACE 58944 --- [project] [    Test worker] o.s.t.i.TransactionInterceptor           : Completing transaction for [org.springframework.data.jpa.repository.support.SimpleJpaRepository.save]
2024-04-29T19:41:37.436+09:00 DEBUG 58944 --- [project] [    Test worker] o.s.orm.jpa.JpaTransactionManager        : Found thread-bound EntityManager [SessionImpl(1742749668<open>)] for JPA transaction
2024-04-29T19:41:37.436+09:00 DEBUG 58944 --- [project] [    Test worker] o.s.orm.jpa.JpaTransactionManager        : Participating in existing transaction
2024-04-29T19:41:37.436+09:00 TRACE 58944 --- [project] [    Test worker] o.s.t.i.TransactionInterceptor           : Getting transaction for [org.springframework.data.jpa.repository.support.SimpleJpaRepository.save]
2024-04-29T19:41:37.436+09:00 TRACE 58944 --- [project] [    Test worker] o.s.t.i.TransactionInterceptor           : Completing transaction for [org.springframework.data.jpa.repository.support.SimpleJpaRepository.save]
2024-04-29T19:41:37.436+09:00 DEBUG 58944 --- [project] [    Test worker] o.s.orm.jpa.JpaTransactionManager        : Found thread-bound EntityManager [SessionImpl(1742749668<open>)] for JPA transaction
2024-04-29T19:41:37.436+09:00 DEBUG 58944 --- [project] [    Test worker] o.s.orm.jpa.JpaTransactionManager        : Participating in existing transaction
2024-04-29T19:41:37.436+09:00 TRACE 58944 --- [project] [    Test worker] o.s.t.i.TransactionInterceptor           : Getting transaction for [org.springframework.data.jpa.repository.support.SimpleJpaRepository.save]
2024-04-29T19:41:37.436+09:00 TRACE 58944 --- [project] [    Test worker] o.s.t.i.TransactionInterceptor           : Completing transaction for [org.springframework.data.jpa.repository.support.SimpleJpaRepository.save]
2024-04-29T19:41:37.436+09:00 DEBUG 58944 --- [project] [    Test worker] o.s.orm.jpa.JpaTransactionManager        : Found thread-bound EntityManager [SessionImpl(1742749668<open>)] for JPA transaction
2024-04-29T19:41:37.436+09:00 DEBUG 58944 --- [project] [    Test worker] o.s.orm.jpa.JpaTransactionManager        : Participating in existing transaction
2024-04-29T19:41:37.436+09:00 TRACE 58944 --- [project] [    Test worker] o.s.t.i.TransactionInterceptor           : Getting transaction for [org.springframework.data.jpa.repository.support.SimpleJpaRepository.save]
2024-04-29T19:41:37.438+09:00 TRACE 58944 --- [project] [    Test worker] o.s.t.i.TransactionInterceptor           : Completing transaction for [org.springframework.data.jpa.repository.support.SimpleJpaRepository.save]
2024-04-29T19:41:37.439+09:00 DEBUG 58944 --- [project] [    Test worker] o.s.orm.jpa.JpaTransactionManager        : Found thread-bound EntityManager [SessionImpl(1742749668<open>)] for JPA transaction
2024-04-29T19:41:37.439+09:00 DEBUG 58944 --- [project] [    Test worker] o.s.orm.jpa.JpaTransactionManager        : Participating in existing transaction
2024-04-29T19:41:37.439+09:00 TRACE 58944 --- [project] [    Test worker] o.s.t.i.TransactionInterceptor           : Getting transaction for [org.springframework.data.jpa.repository.support.SimpleJpaRepository.save]
2024-04-29T19:41:37.440+09:00 TRACE 58944 --- [project] [    Test worker] o.s.t.i.TransactionInterceptor           : Completing transaction for [org.springframework.data.jpa.repository.support.SimpleJpaRepository.save]
2024-04-29T19:41:37.440+09:00 DEBUG 58944 --- [project] [    Test worker] o.s.orm.jpa.JpaTransactionManager        : Found thread-bound EntityManager [SessionImpl(1742749668<open>)] for JPA transaction
2024-04-29T19:41:37.440+09:00 DEBUG 58944 --- [project] [    Test worker] o.s.orm.jpa.JpaTransactionManager        : Participating in existing transaction
2024-04-29T19:41:37.440+09:00 TRACE 58944 --- [project] [    Test worker] o.s.t.i.TransactionInterceptor           : Getting transaction for [org.springframework.data.jpa.repository.support.SimpleJpaRepository.save]
2024-04-29T19:41:37.440+09:00 TRACE 58944 --- [project] [    Test worker] o.s.t.i.TransactionInterceptor           : Completing transaction for [org.springframework.data.jpa.repository.support.SimpleJpaRepository.save]
2024-04-29T19:41:37.440+09:00 DEBUG 58944 --- [project] [    Test worker] o.s.orm.jpa.JpaTransactionManager        : Found thread-bound EntityManager [SessionImpl(1742749668<open>)] for JPA transaction
2024-04-29T19:41:37.440+09:00 DEBUG 58944 --- [project] [    Test worker] o.s.orm.jpa.JpaTransactionManager        : Participating in existing transaction
2024-04-29T19:41:37.440+09:00 TRACE 58944 --- [project] [    Test worker] o.s.t.i.TransactionInterceptor           : Getting transaction for [org.springframework.data.jpa.repository.support.SimpleJpaRepository.save]
2024-04-29T19:41:37.440+09:00 TRACE 58944 --- [project] [    Test worker] o.s.t.i.TransactionInterceptor           : Completing transaction for [org.springframework.data.jpa.repository.support.SimpleJpaRepository.save]
2024-04-29T19:41:37.440+09:00 DEBUG 58944 --- [project] [    Test worker] o.s.orm.jpa.JpaTransactionManager        : Found thread-bound EntityManager [SessionImpl(1742749668<open>)] for JPA transaction
2024-04-29T19:41:37.440+09:00 DEBUG 58944 --- [project] [    Test worker] o.s.orm.jpa.JpaTransactionManager        : Participating in existing transaction
2024-04-29T19:41:37.440+09:00 TRACE 58944 --- [project] [    Test worker] o.s.t.i.TransactionInterceptor           : Getting transaction for [org.springframework.data.jpa.repository.support.SimpleJpaRepository.save]
2024-04-29T19:41:37.440+09:00 TRACE 58944 --- [project] [    Test worker] o.s.t.i.TransactionInterceptor           : Completing transaction for [org.springframework.data.jpa.repository.support.SimpleJpaRepository.save]
2024-04-29T19:41:37.440+09:00 DEBUG 58944 --- [project] [    Test worker] o.s.orm.jpa.JpaTransactionManager        : Found thread-bound EntityManager [SessionImpl(1742749668<open>)] for JPA transaction
2024-04-29T19:41:37.440+09:00 DEBUG 58944 --- [project] [    Test worker] o.s.orm.jpa.JpaTransactionManager        : Participating in existing transaction
2024-04-29T19:41:37.440+09:00 TRACE 58944 --- [project] [    Test worker] o.s.t.i.TransactionInterceptor           : Getting transaction for [org.springframework.data.jpa.repository.support.SimpleJpaRepository.save]
2024-04-29T19:41:37.441+09:00 TRACE 58944 --- [project] [    Test worker] o.s.t.i.TransactionInterceptor           : Completing transaction for [org.springframework.data.jpa.repository.support.SimpleJpaRepository.save]
2024-04-29T19:41:37.442+09:00 DEBUG 58944 --- [project] [    Test worker] o.s.orm.jpa.JpaTransactionManager        : Found thread-bound EntityManager [SessionImpl(1742749668<open>)] for JPA transaction
2024-04-29T19:41:37.442+09:00 DEBUG 58944 --- [project] [    Test worker] o.s.orm.jpa.JpaTransactionManager        : Participating in existing transaction
2024-04-29T19:41:37.442+09:00 TRACE 58944 --- [project] [    Test worker] o.s.t.i.TransactionInterceptor           : Getting transaction for [org.springframework.data.jpa.repository.support.SimpleJpaRepository.save]
2024-04-29T19:41:37.443+09:00 TRACE 58944 --- [project] [    Test worker] o.s.t.i.TransactionInterceptor           : Completing transaction for [org.springframework.data.jpa.repository.support.SimpleJpaRepository.save]
2024-04-29T19:41:37.443+09:00 DEBUG 58944 --- [project] [    Test worker] o.s.orm.jpa.JpaTransactionManager        : Found thread-bound EntityManager [SessionImpl(1742749668<open>)] for JPA transaction
2024-04-29T19:41:37.443+09:00 DEBUG 58944 --- [project] [    Test worker] o.s.orm.jpa.JpaTransactionManager        : Participating in existing transaction
2024-04-29T19:41:37.443+09:00 TRACE 58944 --- [project] [    Test worker] o.s.t.i.TransactionInterceptor           : Getting transaction for [org.springframework.data.jpa.repository.support.SimpleJpaRepository.save]
2024-04-29T19:41:37.443+09:00 TRACE 58944 --- [project] [    Test worker] o.s.t.i.TransactionInterceptor           : Completing transaction for [org.springframework.data.jpa.repository.support.SimpleJpaRepository.save]
2024-04-29T19:41:37.444+09:00 DEBUG 58944 --- [project] [    Test worker] o.s.orm.jpa.JpaTransactionManager        : Found thread-bound EntityManager [SessionImpl(1742749668<open>)] for JPA transaction
2024-04-29T19:41:37.444+09:00 DEBUG 58944 --- [project] [    Test worker] o.s.orm.jpa.JpaTransactionManager        : Participating in existing transaction
2024-04-29T19:41:37.444+09:00 TRACE 58944 --- [project] [    Test worker] o.s.t.i.TransactionInterceptor           : Getting transaction for [org.springframework.data.jpa.repository.support.SimpleJpaRepository.save]
2024-04-29T19:41:37.444+09:00 TRACE 58944 --- [project] [    Test worker] o.s.t.i.TransactionInterceptor           : Completing transaction for [org.springframework.data.jpa.repository.support.SimpleJpaRepository.save]
2024-04-29T19:41:37.444+09:00 DEBUG 58944 --- [project] [    Test worker] o.s.orm.jpa.JpaTransactionManager        : Found thread-bound EntityManager [SessionImpl(1742749668<open>)] for JPA transaction
2024-04-29T19:41:37.444+09:00 DEBUG 58944 --- [project] [    Test worker] o.s.orm.jpa.JpaTransactionManager        : Participating in existing transaction
2024-04-29T19:41:37.444+09:00 TRACE 58944 --- [project] [    Test worker] o.s.t.i.TransactionInterceptor           : Getting transaction for [org.springframework.data.jpa.repository.support.SimpleJpaRepository.save]
2024-04-29T19:41:37.444+09:00 TRACE 58944 --- [project] [    Test worker] o.s.t.i.TransactionInterceptor           : Completing transaction for [org.springframework.data.jpa.repository.support.SimpleJpaRepository.save]
2024-04-29T19:41:37.444+09:00 DEBUG 58944 --- [project] [    Test worker] o.s.orm.jpa.JpaTransactionManager        : Found thread-bound EntityManager [SessionImpl(1742749668<open>)] for JPA transaction
2024-04-29T19:41:37.444+09:00 DEBUG 58944 --- [project] [    Test worker] o.s.orm.jpa.JpaTransactionManager        : Participating in existing transaction
2024-04-29T19:41:37.444+09:00 TRACE 58944 --- [project] [    Test worker] o.s.t.i.TransactionInterceptor           : Getting transaction for [org.springframework.data.jpa.repository.support.SimpleJpaRepository.save]
2024-04-29T19:41:37.444+09:00 TRACE 58944 --- [project] [    Test worker] o.s.t.i.TransactionInterceptor           : Completing transaction for [org.springframework.data.jpa.repository.support.SimpleJpaRepository.save]
2024-04-29T19:41:37.444+09:00 DEBUG 58944 --- [project] [    Test worker] o.s.orm.jpa.JpaTransactionManager        : Found thread-bound EntityManager [SessionImpl(1742749668<open>)] for JPA transaction
2024-04-29T19:41:37.444+09:00 DEBUG 58944 --- [project] [    Test worker] o.s.orm.jpa.JpaTransactionManager        : Participating in existing transaction
2024-04-29T19:41:37.444+09:00 TRACE 58944 --- [project] [    Test worker] o.s.t.i.TransactionInterceptor           : Getting transaction for [org.springframework.data.jpa.repository.support.SimpleJpaRepository.save]
2024-04-29T19:41:37.444+09:00 TRACE 58944 --- [project] [    Test worker] o.s.t.i.TransactionInterceptor           : Completing transaction for [org.springframework.data.jpa.repository.support.SimpleJpaRepository.save]
2024-04-29T19:41:37.444+09:00 DEBUG 58944 --- [project] [    Test worker] o.s.orm.jpa.JpaTransactionManager        : Found thread-bound EntityManager [SessionImpl(1742749668<open>)] for JPA transaction
2024-04-29T19:41:37.444+09:00 DEBUG 58944 --- [project] [    Test worker] o.s.orm.jpa.JpaTransactionManager        : Participating in existing transaction
2024-04-29T19:41:37.444+09:00 TRACE 58944 --- [project] [    Test worker] o.s.t.i.TransactionInterceptor           : Getting transaction for [org.springframework.data.jpa.repository.support.SimpleJpaRepository.save]
2024-04-29T19:41:37.444+09:00 TRACE 58944 --- [project] [    Test worker] o.s.t.i.TransactionInterceptor           : Completing transaction for [org.springframework.data.jpa.repository.support.SimpleJpaRepository.save]
2024-04-29T19:41:37.445+09:00 DEBUG 58944 --- [project] [    Test worker] o.s.orm.jpa.JpaTransactionManager        : Found thread-bound EntityManager [SessionImpl(1742749668<open>)] for JPA transaction
2024-04-29T19:41:37.445+09:00 DEBUG 58944 --- [project] [    Test worker] o.s.orm.jpa.JpaTransactionManager        : Participating in existing transaction
2024-04-29T19:41:37.445+09:00 TRACE 58944 --- [project] [    Test worker] o.s.t.i.TransactionInterceptor           : Getting transaction for [org.springframework.data.jpa.repository.support.SimpleJpaRepository.save]
2024-04-29T19:41:37.445+09:00 TRACE 58944 --- [project] [    Test worker] o.s.t.i.TransactionInterceptor           : Completing transaction for [org.springframework.data.jpa.repository.support.SimpleJpaRepository.save]
2024-04-29T19:41:37.445+09:00 DEBUG 58944 --- [project] [    Test worker] o.s.orm.jpa.JpaTransactionManager        : Found thread-bound EntityManager [SessionImpl(1742749668<open>)] for JPA transaction
2024-04-29T19:41:37.445+09:00 DEBUG 58944 --- [project] [    Test worker] o.s.orm.jpa.JpaTransactionManager        : Participating in existing transaction
2024-04-29T19:41:37.445+09:00 TRACE 58944 --- [project] [    Test worker] o.s.t.i.TransactionInterceptor           : Getting transaction for [org.springframework.data.jpa.repository.support.SimpleJpaRepository.save]
2024-04-29T19:41:37.445+09:00 TRACE 58944 --- [project] [    Test worker] o.s.t.i.TransactionInterceptor           : Completing transaction for [org.springframework.data.jpa.repository.support.SimpleJpaRepository.save]
2024-04-29T19:41:37.445+09:00 DEBUG 58944 --- [project] [    Test worker] o.s.orm.jpa.JpaTransactionManager        : Found thread-bound EntityManager [SessionImpl(1742749668<open>)] for JPA transaction
2024-04-29T19:41:37.446+09:00 DEBUG 58944 --- [project] [    Test worker] o.s.orm.jpa.JpaTransactionManager        : Participating in existing transaction
2024-04-29T19:41:37.446+09:00 TRACE 58944 --- [project] [    Test worker] o.s.t.i.TransactionInterceptor           : Getting transaction for [org.springframework.data.jpa.repository.support.SimpleJpaRepository.save]
2024-04-29T19:41:37.446+09:00 TRACE 58944 --- [project] [    Test worker] o.s.t.i.TransactionInterceptor           : Completing transaction for [org.springframework.data.jpa.repository.support.SimpleJpaRepository.save]
2024-04-29T19:41:37.446+09:00 DEBUG 58944 --- [project] [    Test worker] o.s.orm.jpa.JpaTransactionManager        : Found thread-bound EntityManager [SessionImpl(1742749668<open>)] for JPA transaction
2024-04-29T19:41:37.446+09:00 DEBUG 58944 --- [project] [    Test worker] o.s.orm.jpa.JpaTransactionManager        : Participating in existing transaction
2024-04-29T19:41:37.446+09:00 TRACE 58944 --- [project] [    Test worker] o.s.t.i.TransactionInterceptor           : Getting transaction for [org.springframework.data.jpa.repository.support.SimpleJpaRepository.save]
2024-04-29T19:41:37.447+09:00 TRACE 58944 --- [project] [    Test worker] o.s.t.i.TransactionInterceptor           : Completing transaction for [org.springframework.data.jpa.repository.support.SimpleJpaRepository.save]
2024-04-29T19:41:37.447+09:00 DEBUG 58944 --- [project] [    Test worker] o.s.orm.jpa.JpaTransactionManager        : Found thread-bound EntityManager [SessionImpl(1742749668<open>)] for JPA transaction
2024-04-29T19:41:37.447+09:00 DEBUG 58944 --- [project] [    Test worker] o.s.orm.jpa.JpaTransactionManager        : Participating in existing transaction
2024-04-29T19:41:37.447+09:00 TRACE 58944 --- [project] [    Test worker] o.s.t.i.TransactionInterceptor           : Getting transaction for [org.springframework.data.jpa.repository.support.SimpleJpaRepository.save]
2024-04-29T19:41:37.447+09:00 TRACE 58944 --- [project] [    Test worker] o.s.t.i.TransactionInterceptor           : Completing transaction for [org.springframework.data.jpa.repository.support.SimpleJpaRepository.save]
2024-04-29T19:41:37.447+09:00 DEBUG 58944 --- [project] [    Test worker] o.s.orm.jpa.JpaTransactionManager        : Found thread-bound EntityManager [SessionImpl(1742749668<open>)] for JPA transaction
2024-04-29T19:41:37.447+09:00 DEBUG 58944 --- [project] [    Test worker] o.s.orm.jpa.JpaTransactionManager        : Participating in existing transaction
2024-04-29T19:41:37.447+09:00 TRACE 58944 --- [project] [    Test worker] o.s.t.i.TransactionInterceptor           : Getting transaction for [org.springframework.data.jpa.repository.support.SimpleJpaRepository.save]
2024-04-29T19:41:37.447+09:00 TRACE 58944 --- [project] [    Test worker] o.s.t.i.TransactionInterceptor           : Completing transaction for [org.springframework.data.jpa.repository.support.SimpleJpaRepository.save]
2024-04-29T19:41:37.447+09:00 DEBUG 58944 --- [project] [    Test worker] o.s.orm.jpa.JpaTransactionManager        : Found thread-bound EntityManager [SessionImpl(1742749668<open>)] for JPA transaction
2024-04-29T19:41:37.447+09:00 DEBUG 58944 --- [project] [    Test worker] o.s.orm.jpa.JpaTransactionManager        : Participating in existing transaction
2024-04-29T19:41:37.447+09:00 TRACE 58944 --- [project] [    Test worker] o.s.t.i.TransactionInterceptor           : Getting transaction for [org.springframework.data.jpa.repository.support.SimpleJpaRepository.save]
2024-04-29T19:41:37.448+09:00 TRACE 58944 --- [project] [    Test worker] o.s.t.i.TransactionInterceptor           : Completing transaction for [org.springframework.data.jpa.repository.support.SimpleJpaRepository.save]
2024-04-29T19:41:37.448+09:00 DEBUG 58944 --- [project] [    Test worker] o.s.orm.jpa.JpaTransactionManager        : Found thread-bound EntityManager [SessionImpl(1742749668<open>)] for JPA transaction
2024-04-29T19:41:37.448+09:00 DEBUG 58944 --- [project] [    Test worker] o.s.orm.jpa.JpaTransactionManager        : Participating in existing transaction
2024-04-29T19:41:37.448+09:00 TRACE 58944 --- [project] [    Test worker] o.s.t.i.TransactionInterceptor           : Getting transaction for [org.springframework.data.jpa.repository.support.SimpleJpaRepository.save]
2024-04-29T19:41:37.448+09:00 TRACE 58944 --- [project] [    Test worker] o.s.t.i.TransactionInterceptor           : Completing transaction for [org.springframework.data.jpa.repository.support.SimpleJpaRepository.save]
2024-04-29T19:41:37.448+09:00 DEBUG 58944 --- [project] [    Test worker] o.s.orm.jpa.JpaTransactionManager        : Found thread-bound EntityManager [SessionImpl(1742749668<open>)] for JPA transaction
2024-04-29T19:41:37.448+09:00 DEBUG 58944 --- [project] [    Test worker] o.s.orm.jpa.JpaTransactionManager        : Participating in existing transaction
2024-04-29T19:41:37.448+09:00 TRACE 58944 --- [project] [    Test worker] o.s.t.i.TransactionInterceptor           : Getting transaction for [org.springframework.data.jpa.repository.support.SimpleJpaRepository.save]
2024-04-29T19:41:37.448+09:00 TRACE 58944 --- [project] [    Test worker] o.s.t.i.TransactionInterceptor           : Completing transaction for [org.springframework.data.jpa.repository.support.SimpleJpaRepository.save]
2024-04-29T19:41:37.449+09:00 DEBUG 58944 --- [project] [    Test worker] o.s.orm.jpa.JpaTransactionManager        : Found thread-bound EntityManager [SessionImpl(1742749668<open>)] for JPA transaction
2024-04-29T19:41:37.449+09:00 DEBUG 58944 --- [project] [    Test worker] o.s.orm.jpa.JpaTransactionManager        : Participating in existing transaction
2024-04-29T19:41:37.449+09:00 TRACE 58944 --- [project] [    Test worker] o.s.t.i.TransactionInterceptor           : Getting transaction for [org.springframework.data.jpa.repository.support.SimpleJpaRepository.save]
2024-04-29T19:41:37.449+09:00 TRACE 58944 --- [project] [    Test worker] o.s.t.i.TransactionInterceptor           : Completing transaction for [org.springframework.data.jpa.repository.support.SimpleJpaRepository.save]
2024-04-29T19:41:37.449+09:00 DEBUG 58944 --- [project] [    Test worker] o.s.orm.jpa.JpaTransactionManager        : Found thread-bound EntityManager [SessionImpl(1742749668<open>)] for JPA transaction
2024-04-29T19:41:37.449+09:00 DEBUG 58944 --- [project] [    Test worker] o.s.orm.jpa.JpaTransactionManager        : Participating in existing transaction
2024-04-29T19:41:37.449+09:00 TRACE 58944 --- [project] [    Test worker] o.s.t.i.TransactionInterceptor           : Getting transaction for [org.springframework.data.jpa.repository.support.SimpleJpaRepository.save]
2024-04-29T19:41:37.449+09:00 TRACE 58944 --- [project] [    Test worker] o.s.t.i.TransactionInterceptor           : Completing transaction for [org.springframework.data.jpa.repository.support.SimpleJpaRepository.save]
2024-04-29T19:41:37.449+09:00 DEBUG 58944 --- [project] [    Test worker] o.s.orm.jpa.JpaTransactionManager        : Found thread-bound EntityManager [SessionImpl(1742749668<open>)] for JPA transaction
2024-04-29T19:41:37.449+09:00 DEBUG 58944 --- [project] [    Test worker] o.s.orm.jpa.JpaTransactionManager        : Participating in existing transaction
2024-04-29T19:41:37.449+09:00 TRACE 58944 --- [project] [    Test worker] o.s.t.i.TransactionInterceptor           : Getting transaction for [org.springframework.data.jpa.repository.support.SimpleJpaRepository.save]
2024-04-29T19:41:37.449+09:00 TRACE 58944 --- [project] [    Test worker] o.s.t.i.TransactionInterceptor           : Completing transaction for [org.springframework.data.jpa.repository.support.SimpleJpaRepository.save]
2024-04-29T19:41:37.449+09:00 DEBUG 58944 --- [project] [    Test worker] o.s.orm.jpa.JpaTransactionManager        : Found thread-bound EntityManager [SessionImpl(1742749668<open>)] for JPA transaction
2024-04-29T19:41:37.449+09:00 DEBUG 58944 --- [project] [    Test worker] o.s.orm.jpa.JpaTransactionManager        : Participating in existing transaction
2024-04-29T19:41:37.449+09:00 TRACE 58944 --- [project] [    Test worker] o.s.t.i.TransactionInterceptor           : Getting transaction for [org.springframework.data.jpa.repository.support.SimpleJpaRepository.save]
2024-04-29T19:41:37.449+09:00 TRACE 58944 --- [project] [    Test worker] o.s.t.i.TransactionInterceptor           : Completing transaction for [org.springframework.data.jpa.repository.support.SimpleJpaRepository.save]
2024-04-29T19:41:37.449+09:00 DEBUG 58944 --- [project] [    Test worker] o.s.orm.jpa.JpaTransactionManager        : Found thread-bound EntityManager [SessionImpl(1742749668<open>)] for JPA transaction
2024-04-29T19:41:37.449+09:00 DEBUG 58944 --- [project] [    Test worker] o.s.orm.jpa.JpaTransactionManager        : Participating in existing transaction
2024-04-29T19:41:37.449+09:00 TRACE 58944 --- [project] [    Test worker] o.s.t.i.TransactionInterceptor           : Getting transaction for [org.springframework.data.jpa.repository.support.SimpleJpaRepository.save]
2024-04-29T19:41:37.449+09:00 TRACE 58944 --- [project] [    Test worker] o.s.t.i.TransactionInterceptor           : Completing transaction for [org.springframework.data.jpa.repository.support.SimpleJpaRepository.save]
2024-04-29T19:41:37.449+09:00 DEBUG 58944 --- [project] [    Test worker] o.s.orm.jpa.JpaTransactionManager        : Found thread-bound EntityManager [SessionImpl(1742749668<open>)] for JPA transaction
2024-04-29T19:41:37.449+09:00 DEBUG 58944 --- [project] [    Test worker] o.s.orm.jpa.JpaTransactionManager        : Participating in existing transaction
2024-04-29T19:41:37.449+09:00 TRACE 58944 --- [project] [    Test worker] o.s.t.i.TransactionInterceptor           : Getting transaction for [org.springframework.data.jpa.repository.support.SimpleJpaRepository.save]
2024-04-29T19:41:37.449+09:00 TRACE 58944 --- [project] [    Test worker] o.s.t.i.TransactionInterceptor           : Completing transaction for [org.springframework.data.jpa.repository.support.SimpleJpaRepository.save]
2024-04-29T19:41:37.449+09:00 DEBUG 58944 --- [project] [    Test worker] o.s.orm.jpa.JpaTransactionManager        : Found thread-bound EntityManager [SessionImpl(1742749668<open>)] for JPA transaction
2024-04-29T19:41:37.449+09:00 DEBUG 58944 --- [project] [    Test worker] o.s.orm.jpa.JpaTransactionManager        : Participating in existing transaction
2024-04-29T19:41:37.449+09:00 TRACE 58944 --- [project] [    Test worker] o.s.t.i.TransactionInterceptor           : Getting transaction for [org.springframework.data.jpa.repository.support.SimpleJpaRepository.save]
2024-04-29T19:41:37.450+09:00 TRACE 58944 --- [project] [    Test worker] o.s.t.i.TransactionInterceptor           : Completing transaction for [org.springframework.data.jpa.repository.support.SimpleJpaRepository.save]
2024-04-29T19:41:37.450+09:00 DEBUG 58944 --- [project] [    Test worker] o.s.orm.jpa.JpaTransactionManager        : Found thread-bound EntityManager [SessionImpl(1742749668<open>)] for JPA transaction
2024-04-29T19:41:37.450+09:00 DEBUG 58944 --- [project] [    Test worker] o.s.orm.jpa.JpaTransactionManager        : Participating in existing transaction
2024-04-29T19:41:37.450+09:00 TRACE 58944 --- [project] [    Test worker] o.s.t.i.TransactionInterceptor           : Getting transaction for [org.springframework.data.jpa.repository.support.SimpleJpaRepository.save]
2024-04-29T19:41:37.450+09:00 TRACE 58944 --- [project] [    Test worker] o.s.t.i.TransactionInterceptor           : Completing transaction for [org.springframework.data.jpa.repository.support.SimpleJpaRepository.save]
2024-04-29T19:41:37.450+09:00 DEBUG 58944 --- [project] [    Test worker] o.s.orm.jpa.JpaTransactionManager        : Found thread-bound EntityManager [SessionImpl(1742749668<open>)] for JPA transaction
2024-04-29T19:41:37.450+09:00 DEBUG 58944 --- [project] [    Test worker] o.s.orm.jpa.JpaTransactionManager        : Participating in existing transaction
2024-04-29T19:41:37.450+09:00 TRACE 58944 --- [project] [    Test worker] o.s.t.i.TransactionInterceptor           : Getting transaction for [org.springframework.data.jpa.repository.support.SimpleJpaRepository.save]
2024-04-29T19:41:37.451+09:00 TRACE 58944 --- [project] [    Test worker] o.s.t.i.TransactionInterceptor           : Completing transaction for [org.springframework.data.jpa.repository.support.SimpleJpaRepository.save]
2024-04-29T19:41:37.451+09:00 DEBUG 58944 --- [project] [    Test worker] o.s.orm.jpa.JpaTransactionManager        : Found thread-bound EntityManager [SessionImpl(1742749668<open>)] for JPA transaction
2024-04-29T19:41:37.451+09:00 DEBUG 58944 --- [project] [    Test worker] o.s.orm.jpa.JpaTransactionManager        : Participating in existing transaction
2024-04-29T19:41:37.451+09:00 TRACE 58944 --- [project] [    Test worker] o.s.t.i.TransactionInterceptor           : Getting transaction for [org.springframework.data.jpa.repository.support.SimpleJpaRepository.save]
2024-04-29T19:41:37.451+09:00 TRACE 58944 --- [project] [    Test worker] o.s.t.i.TransactionInterceptor           : Completing transaction for [org.springframework.data.jpa.repository.support.SimpleJpaRepository.save]
2024-04-29T19:41:37.451+09:00 DEBUG 58944 --- [project] [    Test worker] o.s.orm.jpa.JpaTransactionManager        : Found thread-bound EntityManager [SessionImpl(1742749668<open>)] for JPA transaction
2024-04-29T19:41:37.451+09:00 DEBUG 58944 --- [project] [    Test worker] o.s.orm.jpa.JpaTransactionManager        : Participating in existing transaction
2024-04-29T19:41:37.451+09:00 TRACE 58944 --- [project] [    Test worker] o.s.t.i.TransactionInterceptor           : Getting transaction for [org.springframework.data.jpa.repository.support.SimpleJpaRepository.save]
2024-04-29T19:41:37.452+09:00 TRACE 58944 --- [project] [    Test worker] o.s.t.i.TransactionInterceptor           : Completing transaction for [org.springframework.data.jpa.repository.support.SimpleJpaRepository.save]
2024-04-29T19:41:37.453+09:00 DEBUG 58944 --- [project] [    Test worker] o.s.orm.jpa.JpaTransactionManager        : Found thread-bound EntityManager [SessionImpl(1742749668<open>)] for JPA transaction
2024-04-29T19:41:37.453+09:00 DEBUG 58944 --- [project] [    Test worker] o.s.orm.jpa.JpaTransactionManager        : Participating in existing transaction
2024-04-29T19:41:37.453+09:00 TRACE 58944 --- [project] [    Test worker] o.s.t.i.TransactionInterceptor           : Getting transaction for [org.springframework.data.jpa.repository.support.SimpleJpaRepository.save]
2024-04-29T19:41:37.453+09:00 TRACE 58944 --- [project] [    Test worker] o.s.t.i.TransactionInterceptor           : Completing transaction for [org.springframework.data.jpa.repository.support.SimpleJpaRepository.save]
2024-04-29T19:41:37.454+09:00 DEBUG 58944 --- [project] [    Test worker] o.s.orm.jpa.JpaTransactionManager        : Found thread-bound EntityManager [SessionImpl(1742749668<open>)] for JPA transaction
2024-04-29T19:41:37.454+09:00 DEBUG 58944 --- [project] [    Test worker] o.s.orm.jpa.JpaTransactionManager        : Participating in existing transaction
2024-04-29T19:41:37.454+09:00 TRACE 58944 --- [project] [    Test worker] o.s.t.i.TransactionInterceptor           : Getting transaction for [org.springframework.data.jpa.repository.support.SimpleJpaRepository.save]
2024-04-29T19:41:37.455+09:00 TRACE 58944 --- [project] [    Test worker] o.s.t.i.TransactionInterceptor           : Completing transaction for [org.springframework.data.jpa.repository.support.SimpleJpaRepository.save]
2024-04-29T19:41:37.456+09:00 DEBUG 58944 --- [project] [    Test worker] o.s.orm.jpa.JpaTransactionManager        : Found thread-bound EntityManager [SessionImpl(1742749668<open>)] for JPA transaction
2024-04-29T19:41:37.456+09:00 DEBUG 58944 --- [project] [    Test worker] o.s.orm.jpa.JpaTransactionManager        : Participating in existing transaction
2024-04-29T19:41:37.456+09:00 TRACE 58944 --- [project] [    Test worker] o.s.t.i.TransactionInterceptor           : Getting transaction for [org.springframework.data.jpa.repository.support.SimpleJpaRepository.save]
2024-04-29T19:41:37.456+09:00 TRACE 58944 --- [project] [    Test worker] o.s.t.i.TransactionInterceptor           : Completing transaction for [org.springframework.data.jpa.repository.support.SimpleJpaRepository.save]
2024-04-29T19:41:37.457+09:00 DEBUG 58944 --- [project] [    Test worker] o.s.orm.jpa.JpaTransactionManager        : Found thread-bound EntityManager [SessionImpl(1742749668<open>)] for JPA transaction
2024-04-29T19:41:37.458+09:00 DEBUG 58944 --- [project] [    Test worker] o.s.orm.jpa.JpaTransactionManager        : Participating in existing transaction
2024-04-29T19:41:37.458+09:00 TRACE 58944 --- [project] [    Test worker] o.s.t.i.TransactionInterceptor           : Getting transaction for [org.springframework.data.jpa.repository.support.SimpleJpaRepository.save]
2024-04-29T19:41:37.459+09:00 TRACE 58944 --- [project] [    Test worker] o.s.t.i.TransactionInterceptor           : Completing transaction for [org.springframework.data.jpa.repository.support.SimpleJpaRepository.save]
2024-04-29T19:41:37.460+09:00 DEBUG 58944 --- [project] [    Test worker] o.s.orm.jpa.JpaTransactionManager        : Found thread-bound EntityManager [SessionImpl(1742749668<open>)] for JPA transaction
2024-04-29T19:41:37.460+09:00 DEBUG 58944 --- [project] [    Test worker] o.s.orm.jpa.JpaTransactionManager        : Participating in existing transaction
2024-04-29T19:41:37.460+09:00 TRACE 58944 --- [project] [    Test worker] o.s.t.i.TransactionInterceptor           : Getting transaction for [org.springframework.data.jpa.repository.support.SimpleJpaRepository.save]
2024-04-29T19:41:37.461+09:00 TRACE 58944 --- [project] [    Test worker] o.s.t.i.TransactionInterceptor           : Completing transaction for [org.springframework.data.jpa.repository.support.SimpleJpaRepository.save]
2024-04-29T19:41:37.462+09:00 DEBUG 58944 --- [project] [    Test worker] o.s.orm.jpa.JpaTransactionManager        : Found thread-bound EntityManager [SessionImpl(1742749668<open>)] for JPA transaction
2024-04-29T19:41:37.462+09:00 DEBUG 58944 --- [project] [    Test worker] o.s.orm.jpa.JpaTransactionManager        : Participating in existing transaction
2024-04-29T19:41:37.462+09:00 TRACE 58944 --- [project] [    Test worker] o.s.t.i.TransactionInterceptor           : Getting transaction for [org.springframework.data.jpa.repository.support.SimpleJpaRepository.save]
2024-04-29T19:41:37.467+09:00 TRACE 58944 --- [project] [    Test worker] o.s.t.i.TransactionInterceptor           : Completing transaction for [org.springframework.data.jpa.repository.support.SimpleJpaRepository.save]
2024-04-29T19:41:37.467+09:00 DEBUG 58944 --- [project] [    Test worker] o.s.orm.jpa.JpaTransactionManager        : Found thread-bound EntityManager [SessionImpl(1742749668<open>)] for JPA transaction
2024-04-29T19:41:37.467+09:00 DEBUG 58944 --- [project] [    Test worker] o.s.orm.jpa.JpaTransactionManager        : Participating in existing transaction
2024-04-29T19:41:37.467+09:00 TRACE 58944 --- [project] [    Test worker] o.s.t.i.TransactionInterceptor           : Getting transaction for [org.springframework.data.jpa.repository.support.SimpleJpaRepository.save]
2024-04-29T19:41:37.468+09:00 TRACE 58944 --- [project] [    Test worker] o.s.t.i.TransactionInterceptor           : Completing transaction for [org.springframework.data.jpa.repository.support.SimpleJpaRepository.save]
2024-04-29T19:41:37.468+09:00 DEBUG 58944 --- [project] [    Test worker] o.s.orm.jpa.JpaTransactionManager        : Found thread-bound EntityManager [SessionImpl(1742749668<open>)] for JPA transaction
2024-04-29T19:41:37.468+09:00 DEBUG 58944 --- [project] [    Test worker] o.s.orm.jpa.JpaTransactionManager        : Participating in existing transaction
2024-04-29T19:41:37.469+09:00 TRACE 58944 --- [project] [    Test worker] o.s.t.i.TransactionInterceptor           : Getting transaction for [org.springframework.data.jpa.repository.support.SimpleJpaRepository.save]
2024-04-29T19:41:37.469+09:00 TRACE 58944 --- [project] [    Test worker] o.s.t.i.TransactionInterceptor           : Completing transaction for [org.springframework.data.jpa.repository.support.SimpleJpaRepository.save]
2024-04-29T19:41:37.469+09:00 DEBUG 58944 --- [project] [    Test worker] o.s.orm.jpa.JpaTransactionManager        : Found thread-bound EntityManager [SessionImpl(1742749668<open>)] for JPA transaction
2024-04-29T19:41:37.469+09:00 DEBUG 58944 --- [project] [    Test worker] o.s.orm.jpa.JpaTransactionManager        : Participating in existing transaction
2024-04-29T19:41:37.469+09:00 TRACE 58944 --- [project] [    Test worker] o.s.t.i.TransactionInterceptor           : Getting transaction for [org.springframework.data.jpa.repository.support.SimpleJpaRepository.save]
2024-04-29T19:41:37.469+09:00 TRACE 58944 --- [project] [    Test worker] o.s.t.i.TransactionInterceptor           : Completing transaction for [org.springframework.data.jpa.repository.support.SimpleJpaRepository.save]
2024-04-29T19:41:37.469+09:00 DEBUG 58944 --- [project] [    Test worker] o.s.orm.jpa.JpaTransactionManager        : Found thread-bound EntityManager [SessionImpl(1742749668<open>)] for JPA transaction
2024-04-29T19:41:37.469+09:00 DEBUG 58944 --- [project] [    Test worker] o.s.orm.jpa.JpaTransactionManager        : Participating in existing transaction
2024-04-29T19:41:37.469+09:00 TRACE 58944 --- [project] [    Test worker] o.s.t.i.TransactionInterceptor           : Getting transaction for [org.springframework.data.jpa.repository.support.SimpleJpaRepository.save]
2024-04-29T19:41:37.470+09:00 TRACE 58944 --- [project] [    Test worker] o.s.t.i.TransactionInterceptor           : Completing transaction for [org.springframework.data.jpa.repository.support.SimpleJpaRepository.save]
2024-04-29T19:41:37.470+09:00 DEBUG 58944 --- [project] [    Test worker] o.s.orm.jpa.JpaTransactionManager        : Found thread-bound EntityManager [SessionImpl(1742749668<open>)] for JPA transaction
2024-04-29T19:41:37.470+09:00 DEBUG 58944 --- [project] [    Test worker] o.s.orm.jpa.JpaTransactionManager        : Participating in existing transaction
2024-04-29T19:41:37.470+09:00 TRACE 58944 --- [project] [    Test worker] o.s.t.i.TransactionInterceptor           : Getting transaction for [org.springframework.data.jpa.repository.support.SimpleJpaRepository.save]
2024-04-29T19:41:37.471+09:00 TRACE 58944 --- [project] [    Test worker] o.s.t.i.TransactionInterceptor           : Completing transaction for [org.springframework.data.jpa.repository.support.SimpleJpaRepository.save]
2024-04-29T19:41:37.471+09:00 DEBUG 58944 --- [project] [    Test worker] o.s.orm.jpa.JpaTransactionManager        : Found thread-bound EntityManager [SessionImpl(1742749668<open>)] for JPA transaction
2024-04-29T19:41:37.471+09:00 DEBUG 58944 --- [project] [    Test worker] o.s.orm.jpa.JpaTransactionManager        : Participating in existing transaction
2024-04-29T19:41:37.471+09:00 TRACE 58944 --- [project] [    Test worker] o.s.t.i.TransactionInterceptor           : Getting transaction for [org.springframework.data.jpa.repository.support.SimpleJpaRepository.save]
2024-04-29T19:41:37.471+09:00 TRACE 58944 --- [project] [    Test worker] o.s.t.i.TransactionInterceptor           : Completing transaction for [org.springframework.data.jpa.repository.support.SimpleJpaRepository.save]
2024-04-29T19:41:37.471+09:00 DEBUG 58944 --- [project] [    Test worker] o.s.orm.jpa.JpaTransactionManager        : Found thread-bound EntityManager [SessionImpl(1742749668<open>)] for JPA transaction
2024-04-29T19:41:37.471+09:00 DEBUG 58944 --- [project] [    Test worker] o.s.orm.jpa.JpaTransactionManager        : Participating in existing transaction
2024-04-29T19:41:37.471+09:00 TRACE 58944 --- [project] [    Test worker] o.s.t.i.TransactionInterceptor           : Getting transaction for [org.springframework.data.jpa.repository.support.SimpleJpaRepository.save]
2024-04-29T19:41:37.471+09:00 TRACE 58944 --- [project] [    Test worker] o.s.t.i.TransactionInterceptor           : Completing transaction for [org.springframework.data.jpa.repository.support.SimpleJpaRepository.save]
2024-04-29T19:41:37.471+09:00 DEBUG 58944 --- [project] [    Test worker] o.s.orm.jpa.JpaTransactionManager        : Found thread-bound EntityManager [SessionImpl(1742749668<open>)] for JPA transaction
2024-04-29T19:41:37.471+09:00 DEBUG 58944 --- [project] [    Test worker] o.s.orm.jpa.JpaTransactionManager        : Participating in existing transaction
2024-04-29T19:41:37.471+09:00 TRACE 58944 --- [project] [    Test worker] o.s.t.i.TransactionInterceptor           : Getting transaction for [org.springframework.data.jpa.repository.support.SimpleJpaRepository.save]
2024-04-29T19:41:37.471+09:00 TRACE 58944 --- [project] [    Test worker] o.s.t.i.TransactionInterceptor           : Completing transaction for [org.springframework.data.jpa.repository.support.SimpleJpaRepository.save]
2024-04-29T19:41:37.471+09:00 DEBUG 58944 --- [project] [    Test worker] o.s.orm.jpa.JpaTransactionManager        : Found thread-bound EntityManager [SessionImpl(1742749668<open>)] for JPA transaction
2024-04-29T19:41:37.471+09:00 DEBUG 58944 --- [project] [    Test worker] o.s.orm.jpa.JpaTransactionManager        : Participating in existing transaction
2024-04-29T19:41:37.471+09:00 TRACE 58944 --- [project] [    Test worker] o.s.t.i.TransactionInterceptor           : Getting transaction for [org.springframework.data.jpa.repository.support.SimpleJpaRepository.save]
2024-04-29T19:41:37.471+09:00 TRACE 58944 --- [project] [    Test worker] o.s.t.i.TransactionInterceptor           : Completing transaction for [org.springframework.data.jpa.repository.support.SimpleJpaRepository.save]
2024-04-29T19:41:37.471+09:00 DEBUG 58944 --- [project] [    Test worker] o.s.orm.jpa.JpaTransactionManager        : Found thread-bound EntityManager [SessionImpl(1742749668<open>)] for JPA transaction
2024-04-29T19:41:37.471+09:00 DEBUG 58944 --- [project] [    Test worker] o.s.orm.jpa.JpaTransactionManager        : Participating in existing transaction
2024-04-29T19:41:37.471+09:00 TRACE 58944 --- [project] [    Test worker] o.s.t.i.TransactionInterceptor           : Getting transaction for [org.springframework.data.jpa.repository.support.SimpleJpaRepository.save]
2024-04-29T19:41:37.471+09:00 TRACE 58944 --- [project] [    Test worker] o.s.t.i.TransactionInterceptor           : Completing transaction for [org.springframework.data.jpa.repository.support.SimpleJpaRepository.save]
2024-04-29T19:41:37.471+09:00 DEBUG 58944 --- [project] [    Test worker] o.s.orm.jpa.JpaTransactionManager        : Found thread-bound EntityManager [SessionImpl(1742749668<open>)] for JPA transaction
2024-04-29T19:41:37.471+09:00 DEBUG 58944 --- [project] [    Test worker] o.s.orm.jpa.JpaTransactionManager        : Participating in existing transaction
2024-04-29T19:41:37.471+09:00 TRACE 58944 --- [project] [    Test worker] o.s.t.i.TransactionInterceptor           : Getting transaction for [org.springframework.data.jpa.repository.support.SimpleJpaRepository.save]
2024-04-29T19:41:37.472+09:00 TRACE 58944 --- [project] [    Test worker] o.s.t.i.TransactionInterceptor           : Completing transaction for [org.springframework.data.jpa.repository.support.SimpleJpaRepository.save]
2024-04-29T19:41:37.472+09:00 DEBUG 58944 --- [project] [    Test worker] o.s.orm.jpa.JpaTransactionManager        : Found thread-bound EntityManager [SessionImpl(1742749668<open>)] for JPA transaction
2024-04-29T19:41:37.472+09:00 DEBUG 58944 --- [project] [    Test worker] o.s.orm.jpa.JpaTransactionManager        : Participating in existing transaction
2024-04-29T19:41:37.472+09:00 TRACE 58944 --- [project] [    Test worker] o.s.t.i.TransactionInterceptor           : Getting transaction for [org.springframework.data.jpa.repository.support.SimpleJpaRepository.save]
2024-04-29T19:41:37.472+09:00 TRACE 58944 --- [project] [    Test worker] o.s.t.i.TransactionInterceptor           : Completing transaction for [org.springframework.data.jpa.repository.support.SimpleJpaRepository.save]
2024-04-29T19:41:37.472+09:00 DEBUG 58944 --- [project] [    Test worker] o.s.orm.jpa.JpaTransactionManager        : Found thread-bound EntityManager [SessionImpl(1742749668<open>)] for JPA transaction
2024-04-29T19:41:37.472+09:00 DEBUG 58944 --- [project] [    Test worker] o.s.orm.jpa.JpaTransactionManager        : Participating in existing transaction
2024-04-29T19:41:37.472+09:00 TRACE 58944 --- [project] [    Test worker] o.s.t.i.TransactionInterceptor           : Getting transaction for [org.springframework.data.jpa.repository.support.SimpleJpaRepository.save]
2024-04-29T19:41:37.472+09:00 TRACE 58944 --- [project] [    Test worker] o.s.t.i.TransactionInterceptor           : Completing transaction for [org.springframework.data.jpa.repository.support.SimpleJpaRepository.save]
2024-04-29T19:41:37.472+09:00 DEBUG 58944 --- [project] [    Test worker] o.s.orm.jpa.JpaTransactionManager        : Found thread-bound EntityManager [SessionImpl(1742749668<open>)] for JPA transaction
2024-04-29T19:41:37.472+09:00 DEBUG 58944 --- [project] [    Test worker] o.s.orm.jpa.JpaTransactionManager        : Participating in existing transaction
2024-04-29T19:41:37.472+09:00 TRACE 58944 --- [project] [    Test worker] o.s.t.i.TransactionInterceptor           : Getting transaction for [org.springframework.data.jpa.repository.support.SimpleJpaRepository.save]
2024-04-29T19:41:37.472+09:00 TRACE 58944 --- [project] [    Test worker] o.s.t.i.TransactionInterceptor           : Completing transaction for [org.springframework.data.jpa.repository.support.SimpleJpaRepository.save]
2024-04-29T19:41:37.472+09:00 DEBUG 58944 --- [project] [    Test worker] o.s.orm.jpa.JpaTransactionManager        : Found thread-bound EntityManager [SessionImpl(1742749668<open>)] for JPA transaction
2024-04-29T19:41:37.472+09:00 DEBUG 58944 --- [project] [    Test worker] o.s.orm.jpa.JpaTransactionManager        : Participating in existing transaction
2024-04-29T19:41:37.472+09:00 TRACE 58944 --- [project] [    Test worker] o.s.t.i.TransactionInterceptor           : Getting transaction for [org.springframework.data.jpa.repository.support.SimpleJpaRepository.save]
2024-04-29T19:41:37.472+09:00 TRACE 58944 --- [project] [    Test worker] o.s.t.i.TransactionInterceptor           : Completing transaction for [org.springframework.data.jpa.repository.support.SimpleJpaRepository.save]
2024-04-29T19:41:37.472+09:00 DEBUG 58944 --- [project] [    Test worker] o.s.orm.jpa.JpaTransactionManager        : Found thread-bound EntityManager [SessionImpl(1742749668<open>)] for JPA transaction
2024-04-29T19:41:37.472+09:00 DEBUG 58944 --- [project] [    Test worker] o.s.orm.jpa.JpaTransactionManager        : Participating in existing transaction
2024-04-29T19:41:37.472+09:00 TRACE 58944 --- [project] [    Test worker] o.s.t.i.TransactionInterceptor           : Getting transaction for [org.springframework.data.jpa.repository.support.SimpleJpaRepository.save]
2024-04-29T19:41:37.472+09:00 TRACE 58944 --- [project] [    Test worker] o.s.t.i.TransactionInterceptor           : Completing transaction for [org.springframework.data.jpa.repository.support.SimpleJpaRepository.save]
2024-04-29T19:41:37.473+09:00 DEBUG 58944 --- [project] [    Test worker] o.s.orm.jpa.JpaTransactionManager        : Found thread-bound EntityManager [SessionImpl(1742749668<open>)] for JPA transaction
2024-04-29T19:41:37.473+09:00 DEBUG 58944 --- [project] [    Test worker] o.s.orm.jpa.JpaTransactionManager        : Participating in existing transaction
2024-04-29T19:41:37.473+09:00 TRACE 58944 --- [project] [    Test worker] o.s.t.i.TransactionInterceptor           : Getting transaction for [org.springframework.data.jpa.repository.support.SimpleJpaRepository.save]
2024-04-29T19:41:37.473+09:00 TRACE 58944 --- [project] [    Test worker] o.s.t.i.TransactionInterceptor           : Completing transaction for [org.springframework.data.jpa.repository.support.SimpleJpaRepository.save]
2024-04-29T19:41:37.473+09:00 DEBUG 58944 --- [project] [    Test worker] o.s.orm.jpa.JpaTransactionManager        : Found thread-bound EntityManager [SessionImpl(1742749668<open>)] for JPA transaction
2024-04-29T19:41:37.473+09:00 DEBUG 58944 --- [project] [    Test worker] o.s.orm.jpa.JpaTransactionManager        : Participating in existing transaction
2024-04-29T19:41:37.473+09:00 TRACE 58944 --- [project] [    Test worker] o.s.t.i.TransactionInterceptor           : Getting transaction for [org.springframework.data.jpa.repository.support.SimpleJpaRepository.save]
2024-04-29T19:41:37.473+09:00 TRACE 58944 --- [project] [    Test worker] o.s.t.i.TransactionInterceptor           : Completing transaction for [org.springframework.data.jpa.repository.support.SimpleJpaRepository.save]
2024-04-29T19:41:37.473+09:00 DEBUG 58944 --- [project] [    Test worker] o.s.orm.jpa.JpaTransactionManager        : Found thread-bound EntityManager [SessionImpl(1742749668<open>)] for JPA transaction
2024-04-29T19:41:37.473+09:00 DEBUG 58944 --- [project] [    Test worker] o.s.orm.jpa.JpaTransactionManager        : Participating in existing transaction
2024-04-29T19:41:37.473+09:00 TRACE 58944 --- [project] [    Test worker] o.s.t.i.TransactionInterceptor           : Getting transaction for [org.springframework.data.jpa.repository.support.SimpleJpaRepository.save]
2024-04-29T19:41:37.473+09:00 TRACE 58944 --- [project] [    Test worker] o.s.t.i.TransactionInterceptor           : Completing transaction for [org.springframework.data.jpa.repository.support.SimpleJpaRepository.save]
2024-04-29T19:41:37.473+09:00 DEBUG 58944 --- [project] [    Test worker] o.s.orm.jpa.JpaTransactionManager        : Found thread-bound EntityManager [SessionImpl(1742749668<open>)] for JPA transaction
2024-04-29T19:41:37.473+09:00 DEBUG 58944 --- [project] [    Test worker] o.s.orm.jpa.JpaTransactionManager        : Participating in existing transaction
2024-04-29T19:41:37.473+09:00 TRACE 58944 --- [project] [    Test worker] o.s.t.i.TransactionInterceptor           : Getting transaction for [org.springframework.data.jpa.repository.support.SimpleJpaRepository.save]
2024-04-29T19:41:37.473+09:00 TRACE 58944 --- [project] [    Test worker] o.s.t.i.TransactionInterceptor           : Completing transaction for [org.springframework.data.jpa.repository.support.SimpleJpaRepository.save]
2024-04-29T19:41:37.473+09:00 DEBUG 58944 --- [project] [    Test worker] o.s.orm.jpa.JpaTransactionManager        : Found thread-bound EntityManager [SessionImpl(1742749668<open>)] for JPA transaction
2024-04-29T19:41:37.473+09:00 DEBUG 58944 --- [project] [    Test worker] o.s.orm.jpa.JpaTransactionManager        : Participating in existing transaction
2024-04-29T19:41:37.473+09:00 TRACE 58944 --- [project] [    Test worker] o.s.t.i.TransactionInterceptor           : Getting transaction for [org.springframework.data.jpa.repository.support.SimpleJpaRepository.save]
2024-04-29T19:41:37.473+09:00 TRACE 58944 --- [project] [    Test worker] o.s.t.i.TransactionInterceptor           : Completing transaction for [org.springframework.data.jpa.repository.support.SimpleJpaRepository.save]
2024-04-29T19:41:37.473+09:00 DEBUG 58944 --- [project] [    Test worker] o.s.orm.jpa.JpaTransactionManager        : Found thread-bound EntityManager [SessionImpl(1742749668<open>)] for JPA transaction
2024-04-29T19:41:37.473+09:00 DEBUG 58944 --- [project] [    Test worker] o.s.orm.jpa.JpaTransactionManager        : Participating in existing transaction
2024-04-29T19:41:37.473+09:00 TRACE 58944 --- [project] [    Test worker] o.s.t.i.TransactionInterceptor           : Getting transaction for [org.springframework.data.jpa.repository.support.SimpleJpaRepository.save]
2024-04-29T19:41:37.473+09:00 TRACE 58944 --- [project] [    Test worker] o.s.t.i.TransactionInterceptor           : Completing transaction for [org.springframework.data.jpa.repository.support.SimpleJpaRepository.save]
2024-04-29T19:41:37.473+09:00 DEBUG 58944 --- [project] [    Test worker] o.s.orm.jpa.JpaTransactionManager        : Found thread-bound EntityManager [SessionImpl(1742749668<open>)] for JPA transaction
2024-04-29T19:41:37.473+09:00 DEBUG 58944 --- [project] [    Test worker] o.s.orm.jpa.JpaTransactionManager        : Participating in existing transaction
2024-04-29T19:41:37.473+09:00 TRACE 58944 --- [project] [    Test worker] o.s.t.i.TransactionInterceptor           : Getting transaction for [org.springframework.data.jpa.repository.support.SimpleJpaRepository.save]
2024-04-29T19:41:37.474+09:00 TRACE 58944 --- [project] [    Test worker] o.s.t.i.TransactionInterceptor           : Completing transaction for [org.springframework.data.jpa.repository.support.SimpleJpaRepository.save]
2024-04-29T19:41:37.474+09:00 DEBUG 58944 --- [project] [    Test worker] o.s.orm.jpa.JpaTransactionManager        : Found thread-bound EntityManager [SessionImpl(1742749668<open>)] for JPA transaction
2024-04-29T19:41:37.474+09:00 DEBUG 58944 --- [project] [    Test worker] o.s.orm.jpa.JpaTransactionManager        : Participating in existing transaction
2024-04-29T19:41:37.474+09:00 TRACE 58944 --- [project] [    Test worker] o.s.t.i.TransactionInterceptor           : Getting transaction for [org.springframework.data.jpa.repository.support.SimpleJpaRepository.save]
2024-04-29T19:41:37.474+09:00 TRACE 58944 --- [project] [    Test worker] o.s.t.i.TransactionInterceptor           : Completing transaction for [org.springframework.data.jpa.repository.support.SimpleJpaRepository.save]
2024-04-29T19:41:37.474+09:00 DEBUG 58944 --- [project] [    Test worker] o.s.orm.jpa.JpaTransactionManager        : Found thread-bound EntityManager [SessionImpl(1742749668<open>)] for JPA transaction
2024-04-29T19:41:37.474+09:00 DEBUG 58944 --- [project] [    Test worker] o.s.orm.jpa.JpaTransactionManager        : Participating in existing transaction
2024-04-29T19:41:37.474+09:00 TRACE 58944 --- [project] [    Test worker] o.s.t.i.TransactionInterceptor           : Getting transaction for [org.springframework.data.jpa.repository.support.SimpleJpaRepository.save]
2024-04-29T19:41:37.474+09:00 TRACE 58944 --- [project] [    Test worker] o.s.t.i.TransactionInterceptor           : Completing transaction for [org.springframework.data.jpa.repository.support.SimpleJpaRepository.save]
2024-04-29T19:41:37.474+09:00 DEBUG 58944 --- [project] [    Test worker] o.s.orm.jpa.JpaTransactionManager        : Found thread-bound EntityManager [SessionImpl(1742749668<open>)] for JPA transaction
2024-04-29T19:41:37.474+09:00 DEBUG 58944 --- [project] [    Test worker] o.s.orm.jpa.JpaTransactionManager        : Participating in existing transaction
2024-04-29T19:41:37.474+09:00 TRACE 58944 --- [project] [    Test worker] o.s.t.i.TransactionInterceptor           : Getting transaction for [org.springframework.data.jpa.repository.support.SimpleJpaRepository.save]
2024-04-29T19:41:37.474+09:00 TRACE 58944 --- [project] [    Test worker] o.s.t.i.TransactionInterceptor           : Completing transaction for [org.springframework.data.jpa.repository.support.SimpleJpaRepository.save]
2024-04-29T19:41:37.474+09:00 DEBUG 58944 --- [project] [    Test worker] o.s.orm.jpa.JpaTransactionManager        : Found thread-bound EntityManager [SessionImpl(1742749668<open>)] for JPA transaction
2024-04-29T19:41:37.474+09:00 DEBUG 58944 --- [project] [    Test worker] o.s.orm.jpa.JpaTransactionManager        : Participating in existing transaction
2024-04-29T19:41:37.474+09:00 TRACE 58944 --- [project] [    Test worker] o.s.t.i.TransactionInterceptor           : Getting transaction for [org.springframework.data.jpa.repository.support.SimpleJpaRepository.save]
2024-04-29T19:41:37.474+09:00 TRACE 58944 --- [project] [    Test worker] o.s.t.i.TransactionInterceptor           : Completing transaction for [org.springframework.data.jpa.repository.support.SimpleJpaRepository.save]
2024-04-29T19:41:37.474+09:00 DEBUG 58944 --- [project] [    Test worker] o.s.orm.jpa.JpaTransactionManager        : Found thread-bound EntityManager [SessionImpl(1742749668<open>)] for JPA transaction
2024-04-29T19:41:37.474+09:00 DEBUG 58944 --- [project] [    Test worker] o.s.orm.jpa.JpaTransactionManager        : Participating in existing transaction
2024-04-29T19:41:37.474+09:00 TRACE 58944 --- [project] [    Test worker] o.s.t.i.TransactionInterceptor           : Getting transaction for [org.springframework.data.jpa.repository.support.SimpleJpaRepository.save]
2024-04-29T19:41:37.474+09:00 TRACE 58944 --- [project] [    Test worker] o.s.t.i.TransactionInterceptor           : Completing transaction for [org.springframework.data.jpa.repository.support.SimpleJpaRepository.save]
2024-04-29T19:41:37.474+09:00 DEBUG 58944 --- [project] [    Test worker] o.s.orm.jpa.JpaTransactionManager        : Found thread-bound EntityManager [SessionImpl(1742749668<open>)] for JPA transaction
2024-04-29T19:41:37.474+09:00 DEBUG 58944 --- [project] [    Test worker] o.s.orm.jpa.JpaTransactionManager        : Participating in existing transaction
2024-04-29T19:41:37.474+09:00 TRACE 58944 --- [project] [    Test worker] o.s.t.i.TransactionInterceptor           : Getting transaction for [org.springframework.data.jpa.repository.support.SimpleJpaRepository.save]
2024-04-29T19:41:37.474+09:00 TRACE 58944 --- [project] [    Test worker] o.s.t.i.TransactionInterceptor           : Completing transaction for [org.springframework.data.jpa.repository.support.SimpleJpaRepository.save]
2024-04-29T19:41:37.474+09:00 DEBUG 58944 --- [project] [    Test worker] o.s.orm.jpa.JpaTransactionManager        : Found thread-bound EntityManager [SessionImpl(1742749668<open>)] for JPA transaction
2024-04-29T19:41:37.474+09:00 DEBUG 58944 --- [project] [    Test worker] o.s.orm.jpa.JpaTransactionManager        : Participating in existing transaction
2024-04-29T19:41:37.474+09:00 TRACE 58944 --- [project] [    Test worker] o.s.t.i.TransactionInterceptor           : Getting transaction for [org.springframework.data.jpa.repository.support.SimpleJpaRepository.save]
2024-04-29T19:41:37.474+09:00 TRACE 58944 --- [project] [    Test worker] o.s.t.i.TransactionInterceptor           : Completing transaction for [org.springframework.data.jpa.repository.support.SimpleJpaRepository.save]
2024-04-29T19:41:37.474+09:00 DEBUG 58944 --- [project] [    Test worker] o.s.orm.jpa.JpaTransactionManager        : Found thread-bound EntityManager [SessionImpl(1742749668<open>)] for JPA transaction
2024-04-29T19:41:37.474+09:00 DEBUG 58944 --- [project] [    Test worker] o.s.orm.jpa.JpaTransactionManager        : Participating in existing transaction
2024-04-29T19:41:37.474+09:00 TRACE 58944 --- [project] [    Test worker] o.s.t.i.TransactionInterceptor           : Getting transaction for [org.springframework.data.jpa.repository.support.SimpleJpaRepository.save]
2024-04-29T19:41:37.475+09:00 TRACE 58944 --- [project] [    Test worker] o.s.t.i.TransactionInterceptor           : Completing transaction for [org.springframework.data.jpa.repository.support.SimpleJpaRepository.save]
2024-04-29T19:41:37.475+09:00 DEBUG 58944 --- [project] [    Test worker] o.s.orm.jpa.JpaTransactionManager        : Found thread-bound EntityManager [SessionImpl(1742749668<open>)] for JPA transaction
2024-04-29T19:41:37.475+09:00 DEBUG 58944 --- [project] [    Test worker] o.s.orm.jpa.JpaTransactionManager        : Participating in existing transaction
2024-04-29T19:41:37.475+09:00 TRACE 58944 --- [project] [    Test worker] o.s.t.i.TransactionInterceptor           : Getting transaction for [org.springframework.data.jpa.repository.support.SimpleJpaRepository.save]
2024-04-29T19:41:37.475+09:00 TRACE 58944 --- [project] [    Test worker] o.s.t.i.TransactionInterceptor           : Completing transaction for [org.springframework.data.jpa.repository.support.SimpleJpaRepository.save]
2024-04-29T19:41:37.475+09:00 DEBUG 58944 --- [project] [    Test worker] o.s.orm.jpa.JpaTransactionManager        : Found thread-bound EntityManager [SessionImpl(1742749668<open>)] for JPA transaction
2024-04-29T19:41:37.475+09:00 DEBUG 58944 --- [project] [    Test worker] o.s.orm.jpa.JpaTransactionManager        : Participating in existing transaction
2024-04-29T19:41:37.475+09:00 TRACE 58944 --- [project] [    Test worker] o.s.t.i.TransactionInterceptor           : Getting transaction for [org.springframework.data.jpa.repository.support.SimpleJpaRepository.save]
2024-04-29T19:41:37.475+09:00 TRACE 58944 --- [project] [    Test worker] o.s.t.i.TransactionInterceptor           : Completing transaction for [org.springframework.data.jpa.repository.support.SimpleJpaRepository.save]
2024-04-29T19:41:37.475+09:00 DEBUG 58944 --- [project] [    Test worker] o.s.orm.jpa.JpaTransactionManager        : Found thread-bound EntityManager [SessionImpl(1742749668<open>)] for JPA transaction
2024-04-29T19:41:37.475+09:00 DEBUG 58944 --- [project] [    Test worker] o.s.orm.jpa.JpaTransactionManager        : Participating in existing transaction
2024-04-29T19:41:37.475+09:00 TRACE 58944 --- [project] [    Test worker] o.s.t.i.TransactionInterceptor           : Getting transaction for [org.springframework.data.jpa.repository.support.SimpleJpaRepository.save]
2024-04-29T19:41:37.475+09:00 TRACE 58944 --- [project] [    Test worker] o.s.t.i.TransactionInterceptor           : Completing transaction for [org.springframework.data.jpa.repository.support.SimpleJpaRepository.save]
2024-04-29T19:41:37.475+09:00 DEBUG 58944 --- [project] [    Test worker] o.s.orm.jpa.JpaTransactionManager        : Found thread-bound EntityManager [SessionImpl(1742749668<open>)] for JPA transaction
2024-04-29T19:41:37.475+09:00 DEBUG 58944 --- [project] [    Test worker] o.s.orm.jpa.JpaTransactionManager        : Participating in existing transaction
2024-04-29T19:41:37.475+09:00 TRACE 58944 --- [project] [    Test worker] o.s.t.i.TransactionInterceptor           : Getting transaction for [org.springframework.data.jpa.repository.support.SimpleJpaRepository.save]
2024-04-29T19:41:37.475+09:00 TRACE 58944 --- [project] [    Test worker] o.s.t.i.TransactionInterceptor           : Completing transaction for [org.springframework.data.jpa.repository.support.SimpleJpaRepository.save]
2024-04-29T19:41:37.475+09:00 DEBUG 58944 --- [project] [    Test worker] o.s.orm.jpa.JpaTransactionManager        : Found thread-bound EntityManager [SessionImpl(1742749668<open>)] for JPA transaction
2024-04-29T19:41:37.475+09:00 DEBUG 58944 --- [project] [    Test worker] o.s.orm.jpa.JpaTransactionManager        : Participating in existing transaction
2024-04-29T19:41:37.475+09:00 TRACE 58944 --- [project] [    Test worker] o.s.t.i.TransactionInterceptor           : Getting transaction for [org.springframework.data.jpa.repository.support.SimpleJpaRepository.save]
2024-04-29T19:41:37.475+09:00 TRACE 58944 --- [project] [    Test worker] o.s.t.i.TransactionInterceptor           : Completing transaction for [org.springframework.data.jpa.repository.support.SimpleJpaRepository.save]
2024-04-29T19:41:37.475+09:00 DEBUG 58944 --- [project] [    Test worker] o.s.orm.jpa.JpaTransactionManager        : Found thread-bound EntityManager [SessionImpl(1742749668<open>)] for JPA transaction
2024-04-29T19:41:37.475+09:00 DEBUG 58944 --- [project] [    Test worker] o.s.orm.jpa.JpaTransactionManager        : Participating in existing transaction
2024-04-29T19:41:37.475+09:00 TRACE 58944 --- [project] [    Test worker] o.s.t.i.TransactionInterceptor           : Getting transaction for [org.springframework.data.jpa.repository.support.SimpleJpaRepository.save]
2024-04-29T19:41:37.475+09:00 TRACE 58944 --- [project] [    Test worker] o.s.t.i.TransactionInterceptor           : Completing transaction for [org.springframework.data.jpa.repository.support.SimpleJpaRepository.save]
2024-04-29T19:41:37.475+09:00 DEBUG 58944 --- [project] [    Test worker] o.s.orm.jpa.JpaTransactionManager        : Found thread-bound EntityManager [SessionImpl(1742749668<open>)] for JPA transaction
2024-04-29T19:41:37.475+09:00 DEBUG 58944 --- [project] [    Test worker] o.s.orm.jpa.JpaTransactionManager        : Participating in existing transaction
2024-04-29T19:41:37.475+09:00 TRACE 58944 --- [project] [    Test worker] o.s.t.i.TransactionInterceptor           : Getting transaction for [org.springframework.data.jpa.repository.support.SimpleJpaRepository.save]
2024-04-29T19:41:37.475+09:00 TRACE 58944 --- [project] [    Test worker] o.s.t.i.TransactionInterceptor           : Completing transaction for [org.springframework.data.jpa.repository.support.SimpleJpaRepository.save]
2024-04-29T19:41:37.475+09:00 DEBUG 58944 --- [project] [    Test worker] o.s.orm.jpa.JpaTransactionManager        : Found thread-bound EntityManager [SessionImpl(1742749668<open>)] for JPA transaction
2024-04-29T19:41:37.475+09:00 DEBUG 58944 --- [project] [    Test worker] o.s.orm.jpa.JpaTransactionManager        : Participating in existing transaction
2024-04-29T19:41:37.475+09:00 TRACE 58944 --- [project] [    Test worker] o.s.t.i.TransactionInterceptor           : Getting transaction for [org.springframework.data.jpa.repository.support.SimpleJpaRepository.save]
2024-04-29T19:41:37.476+09:00 TRACE 58944 --- [project] [    Test worker] o.s.t.i.TransactionInterceptor           : Completing transaction for [org.springframework.data.jpa.repository.support.SimpleJpaRepository.save]
2024-04-29T19:41:37.476+09:00 DEBUG 58944 --- [project] [    Test worker] o.s.orm.jpa.JpaTransactionManager        : Found thread-bound EntityManager [SessionImpl(1742749668<open>)] for JPA transaction
2024-04-29T19:41:37.476+09:00 DEBUG 58944 --- [project] [    Test worker] o.s.orm.jpa.JpaTransactionManager        : Participating in existing transaction
2024-04-29T19:41:37.476+09:00 TRACE 58944 --- [project] [    Test worker] o.s.t.i.TransactionInterceptor           : Getting transaction for [org.springframework.data.jpa.repository.support.SimpleJpaRepository.save]
2024-04-29T19:41:37.476+09:00 TRACE 58944 --- [project] [    Test worker] o.s.t.i.TransactionInterceptor           : Completing transaction for [org.springframework.data.jpa.repository.support.SimpleJpaRepository.save]
2024-04-29T19:41:37.476+09:00 DEBUG 58944 --- [project] [    Test worker] o.s.orm.jpa.JpaTransactionManager        : Found thread-bound EntityManager [SessionImpl(1742749668<open>)] for JPA transaction
2024-04-29T19:41:37.476+09:00 DEBUG 58944 --- [project] [    Test worker] o.s.orm.jpa.JpaTransactionManager        : Participating in existing transaction
2024-04-29T19:41:37.476+09:00 TRACE 58944 --- [project] [    Test worker] o.s.t.i.TransactionInterceptor           : Getting transaction for [org.springframework.data.jpa.repository.support.SimpleJpaRepository.save]
2024-04-29T19:41:37.476+09:00 TRACE 58944 --- [project] [    Test worker] o.s.t.i.TransactionInterceptor           : Completing transaction for [org.springframework.data.jpa.repository.support.SimpleJpaRepository.save]
2024-04-29T19:41:37.476+09:00 DEBUG 58944 --- [project] [    Test worker] o.s.orm.jpa.JpaTransactionManager        : Found thread-bound EntityManager [SessionImpl(1742749668<open>)] for JPA transaction
2024-04-29T19:41:37.476+09:00 DEBUG 58944 --- [project] [    Test worker] o.s.orm.jpa.JpaTransactionManager        : Participating in existing transaction
2024-04-29T19:41:37.476+09:00 TRACE 58944 --- [project] [    Test worker] o.s.t.i.TransactionInterceptor           : Getting transaction for [org.springframework.data.jpa.repository.support.SimpleJpaRepository.save]
2024-04-29T19:41:37.476+09:00 TRACE 58944 --- [project] [    Test worker] o.s.t.i.TransactionInterceptor           : Completing transaction for [org.springframework.data.jpa.repository.support.SimpleJpaRepository.save]
2024-04-29T19:41:37.476+09:00 DEBUG 58944 --- [project] [    Test worker] o.s.orm.jpa.JpaTransactionManager        : Found thread-bound EntityManager [SessionImpl(1742749668<open>)] for JPA transaction
2024-04-29T19:41:37.476+09:00 DEBUG 58944 --- [project] [    Test worker] o.s.orm.jpa.JpaTransactionManager        : Participating in existing transaction
2024-04-29T19:41:37.476+09:00 TRACE 58944 --- [project] [    Test worker] o.s.t.i.TransactionInterceptor           : Getting transaction for [org.springframework.data.jpa.repository.support.SimpleJpaRepository.save]
2024-04-29T19:41:37.476+09:00 TRACE 58944 --- [project] [    Test worker] o.s.t.i.TransactionInterceptor           : Completing transaction for [org.springframework.data.jpa.repository.support.SimpleJpaRepository.save]
2024-04-29T19:41:37.476+09:00 DEBUG 58944 --- [project] [    Test worker] o.s.orm.jpa.JpaTransactionManager        : Found thread-bound EntityManager [SessionImpl(1742749668<open>)] for JPA transaction
2024-04-29T19:41:37.477+09:00 DEBUG 58944 --- [project] [    Test worker] o.s.orm.jpa.JpaTransactionManager        : Participating in existing transaction
2024-04-29T19:41:37.477+09:00 TRACE 58944 --- [project] [    Test worker] o.s.t.i.TransactionInterceptor           : Getting transaction for [org.springframework.data.jpa.repository.support.SimpleJpaRepository.save]
2024-04-29T19:41:37.477+09:00 TRACE 58944 --- [project] [    Test worker] o.s.t.i.TransactionInterceptor           : Completing transaction for [org.springframework.data.jpa.repository.support.SimpleJpaRepository.save]
2024-04-29T19:41:37.477+09:00 DEBUG 58944 --- [project] [    Test worker] o.s.orm.jpa.JpaTransactionManager        : Found thread-bound EntityManager [SessionImpl(1742749668<open>)] for JPA transaction
2024-04-29T19:41:37.477+09:00 DEBUG 58944 --- [project] [    Test worker] o.s.orm.jpa.JpaTransactionManager        : Participating in existing transaction
2024-04-29T19:41:37.477+09:00 TRACE 58944 --- [project] [    Test worker] o.s.t.i.TransactionInterceptor           : Getting transaction for [org.springframework.data.jpa.repository.support.SimpleJpaRepository.save]
2024-04-29T19:41:37.478+09:00 TRACE 58944 --- [project] [    Test worker] o.s.t.i.TransactionInterceptor           : Completing transaction for [org.springframework.data.jpa.repository.support.SimpleJpaRepository.save]
2024-04-29T19:41:37.478+09:00 DEBUG 58944 --- [project] [    Test worker] o.s.orm.jpa.JpaTransactionManager        : Found thread-bound EntityManager [SessionImpl(1742749668<open>)] for JPA transaction
2024-04-29T19:41:37.478+09:00 DEBUG 58944 --- [project] [    Test worker] o.s.orm.jpa.JpaTransactionManager        : Participating in existing transaction
2024-04-29T19:41:37.478+09:00 TRACE 58944 --- [project] [    Test worker] o.s.t.i.TransactionInterceptor           : Getting transaction for [org.springframework.data.jpa.repository.support.SimpleJpaRepository.save]
2024-04-29T19:41:37.478+09:00 TRACE 58944 --- [project] [    Test worker] o.s.t.i.TransactionInterceptor           : Completing transaction for [org.springframework.data.jpa.repository.support.SimpleJpaRepository.save]
2024-04-29T19:41:37.478+09:00 DEBUG 58944 --- [project] [    Test worker] o.s.orm.jpa.JpaTransactionManager        : Found thread-bound EntityManager [SessionImpl(1742749668<open>)] for JPA transaction
2024-04-29T19:41:37.478+09:00 DEBUG 58944 --- [project] [    Test worker] o.s.orm.jpa.JpaTransactionManager        : Participating in existing transaction
2024-04-29T19:41:37.478+09:00 TRACE 58944 --- [project] [    Test worker] o.s.t.i.TransactionInterceptor           : Getting transaction for [org.springframework.data.jpa.repository.support.SimpleJpaRepository.save]
2024-04-29T19:41:37.478+09:00 TRACE 58944 --- [project] [    Test worker] o.s.t.i.TransactionInterceptor           : Completing transaction for [org.springframework.data.jpa.repository.support.SimpleJpaRepository.save]
2024-04-29T19:41:37.478+09:00 DEBUG 58944 --- [project] [    Test worker] o.s.orm.jpa.JpaTransactionManager        : Found thread-bound EntityManager [SessionImpl(1742749668<open>)] for JPA transaction
2024-04-29T19:41:37.478+09:00 DEBUG 58944 --- [project] [    Test worker] o.s.orm.jpa.JpaTransactionManager        : Participating in existing transaction
2024-04-29T19:41:37.478+09:00 TRACE 58944 --- [project] [    Test worker] o.s.t.i.TransactionInterceptor           : Getting transaction for [org.springframework.data.jpa.repository.support.SimpleJpaRepository.save]
2024-04-29T19:41:37.479+09:00 DEBUG 58944 --- [project] [    Test worker] org.hibernate.SQL                        : 
    select
        next_val as id_val 
    from
        item_seq for update
Hibernate: 
    select
        next_val as id_val 
    from
        item_seq for update
2024-04-29T19:41:37.480+09:00  INFO 58944 --- [project] [    Test worker] p6spy                                    : #1714387297480 | took 0ms | statement | connection 15| url jdbc:mysql://127.0.0.1:3306/project?serverTimezone=Asia/Seoul
select next_val as id_val from item_seq for update
select next_val as id_val from item_seq for update;
2024-04-29T19:41:37.480+09:00 DEBUG 58944 --- [project] [    Test worker] org.hibernate.SQL                        : 
    update
        item_seq 
    set
        next_val= ? 
    where
        next_val=?
Hibernate: 
    update
        item_seq 
    set
        next_val= ? 
    where
        next_val=?
2024-04-29T19:41:37.481+09:00  INFO 58944 --- [project] [    Test worker] p6spy                                    : #1714387297481 | took 0ms | statement | connection 15| url jdbc:mysql://127.0.0.1:3306/project?serverTimezone=Asia/Seoul
update item_seq set next_val= ? where next_val=?
update item_seq set next_val= 251 where next_val=201;
2024-04-29T19:41:37.481+09:00  INFO 58944 --- [project] [    Test worker] p6spy                                    : #1714387297481 | took 0ms | commit | connection 15| url jdbc:mysql://127.0.0.1:3306/project?serverTimezone=Asia/Seoul

;
2024-04-29T19:41:37.482+09:00 TRACE 58944 --- [project] [    Test worker] o.s.t.i.TransactionInterceptor           : Completing transaction for [org.springframework.data.jpa.repository.support.SimpleJpaRepository.save]
2024-04-29T19:41:37.482+09:00 DEBUG 58944 --- [project] [    Test worker] o.s.orm.jpa.JpaTransactionManager        : Found thread-bound EntityManager [SessionImpl(1742749668<open>)] for JPA transaction
2024-04-29T19:41:37.482+09:00 DEBUG 58944 --- [project] [    Test worker] o.s.orm.jpa.JpaTransactionManager        : Participating in existing transaction
2024-04-29T19:41:37.482+09:00 TRACE 58944 --- [project] [    Test worker] o.s.t.i.TransactionInterceptor           : Getting transaction for [org.springframework.data.jpa.repository.support.SimpleJpaRepository.save]
2024-04-29T19:41:37.483+09:00 DEBUG 58944 --- [project] [    Test worker] org.hibernate.SQL                        : 
    select
        next_val as id_val 
    from
        upload_file_seq for update
Hibernate: 
    select
        next_val as id_val 
    from
        upload_file_seq for update
2024-04-29T19:41:37.483+09:00  INFO 58944 --- [project] [    Test worker] p6spy                                    : #1714387297483 | took 0ms | statement | connection 16| url jdbc:mysql://127.0.0.1:3306/project?serverTimezone=Asia/Seoul
select next_val as id_val from upload_file_seq for update
select next_val as id_val from upload_file_seq for update;
2024-04-29T19:41:37.484+09:00 DEBUG 58944 --- [project] [    Test worker] org.hibernate.SQL                        : 
    update
        upload_file_seq 
    set
        next_val= ? 
    where
        next_val=?
Hibernate: 
    update
        upload_file_seq 
    set
        next_val= ? 
    where
        next_val=?
2024-04-29T19:41:37.485+09:00  INFO 58944 --- [project] [    Test worker] p6spy                                    : #1714387297485 | took 0ms | statement | connection 16| url jdbc:mysql://127.0.0.1:3306/project?serverTimezone=Asia/Seoul
update upload_file_seq set next_val= ? where next_val=?
update upload_file_seq set next_val= 251 where next_val=201;
2024-04-29T19:41:37.485+09:00  INFO 58944 --- [project] [    Test worker] p6spy                                    : #1714387297485 | took 0ms | commit | connection 16| url jdbc:mysql://127.0.0.1:3306/project?serverTimezone=Asia/Seoul

;
2024-04-29T19:41:37.486+09:00 TRACE 58944 --- [project] [    Test worker] o.s.t.i.TransactionInterceptor           : Completing transaction for [org.springframework.data.jpa.repository.support.SimpleJpaRepository.save]
2024-04-29T19:41:37.486+09:00 DEBUG 58944 --- [project] [    Test worker] o.s.orm.jpa.JpaTransactionManager        : Found thread-bound EntityManager [SessionImpl(1742749668<open>)] for JPA transaction
2024-04-29T19:41:37.486+09:00 DEBUG 58944 --- [project] [    Test worker] o.s.orm.jpa.JpaTransactionManager        : Participating in existing transaction
2024-04-29T19:41:37.486+09:00 TRACE 58944 --- [project] [    Test worker] o.s.t.i.TransactionInterceptor           : Getting transaction for [org.springframework.data.jpa.repository.support.SimpleJpaRepository.save]
2024-04-29T19:41:37.486+09:00 TRACE 58944 --- [project] [    Test worker] o.s.t.i.TransactionInterceptor           : Completing transaction for [org.springframework.data.jpa.repository.support.SimpleJpaRepository.save]
2024-04-29T19:41:37.486+09:00 DEBUG 58944 --- [project] [    Test worker] o.s.orm.jpa.JpaTransactionManager        : Found thread-bound EntityManager [SessionImpl(1742749668<open>)] for JPA transaction
2024-04-29T19:41:37.486+09:00 DEBUG 58944 --- [project] [    Test worker] o.s.orm.jpa.JpaTransactionManager        : Participating in existing transaction
2024-04-29T19:41:37.486+09:00 TRACE 58944 --- [project] [    Test worker] o.s.t.i.TransactionInterceptor           : Getting transaction for [org.springframework.data.jpa.repository.support.SimpleJpaRepository.save]
2024-04-29T19:41:37.486+09:00 TRACE 58944 --- [project] [    Test worker] o.s.t.i.TransactionInterceptor           : Completing transaction for [org.springframework.data.jpa.repository.support.SimpleJpaRepository.save]
2024-04-29T19:41:37.486+09:00 DEBUG 58944 --- [project] [    Test worker] o.s.orm.jpa.JpaTransactionManager        : Found thread-bound EntityManager [SessionImpl(1742749668<open>)] for JPA transaction
2024-04-29T19:41:37.486+09:00 DEBUG 58944 --- [project] [    Test worker] o.s.orm.jpa.JpaTransactionManager        : Participating in existing transaction
2024-04-29T19:41:37.486+09:00 TRACE 58944 --- [project] [    Test worker] o.s.t.i.TransactionInterceptor           : Getting transaction for [org.springframework.data.jpa.repository.support.SimpleJpaRepository.save]
2024-04-29T19:41:37.486+09:00 TRACE 58944 --- [project] [    Test worker] o.s.t.i.TransactionInterceptor           : Completing transaction for [org.springframework.data.jpa.repository.support.SimpleJpaRepository.save]
2024-04-29T19:41:37.486+09:00 DEBUG 58944 --- [project] [    Test worker] o.s.orm.jpa.JpaTransactionManager        : Found thread-bound EntityManager [SessionImpl(1742749668<open>)] for JPA transaction
2024-04-29T19:41:37.486+09:00 DEBUG 58944 --- [project] [    Test worker] o.s.orm.jpa.JpaTransactionManager        : Participating in existing transaction
2024-04-29T19:41:37.486+09:00 TRACE 58944 --- [project] [    Test worker] o.s.t.i.TransactionInterceptor           : Getting transaction for [org.springframework.data.jpa.repository.support.SimpleJpaRepository.save]
2024-04-29T19:41:37.486+09:00 TRACE 58944 --- [project] [    Test worker] o.s.t.i.TransactionInterceptor           : Completing transaction for [org.springframework.data.jpa.repository.support.SimpleJpaRepository.save]
2024-04-29T19:41:37.487+09:00 DEBUG 58944 --- [project] [    Test worker] o.s.orm.jpa.JpaTransactionManager        : Found thread-bound EntityManager [SessionImpl(1742749668<open>)] for JPA transaction
2024-04-29T19:41:37.487+09:00 DEBUG 58944 --- [project] [    Test worker] o.s.orm.jpa.JpaTransactionManager        : Participating in existing transaction
2024-04-29T19:41:37.487+09:00 TRACE 58944 --- [project] [    Test worker] o.s.t.i.TransactionInterceptor           : Getting transaction for [org.springframework.data.jpa.repository.support.SimpleJpaRepository.save]
2024-04-29T19:41:37.487+09:00 TRACE 58944 --- [project] [    Test worker] o.s.t.i.TransactionInterceptor           : Completing transaction for [org.springframework.data.jpa.repository.support.SimpleJpaRepository.save]
2024-04-29T19:41:37.487+09:00 DEBUG 58944 --- [project] [    Test worker] o.s.orm.jpa.JpaTransactionManager        : Found thread-bound EntityManager [SessionImpl(1742749668<open>)] for JPA transaction
2024-04-29T19:41:37.487+09:00 DEBUG 58944 --- [project] [    Test worker] o.s.orm.jpa.JpaTransactionManager        : Participating in existing transaction
2024-04-29T19:41:37.487+09:00 TRACE 58944 --- [project] [    Test worker] o.s.t.i.TransactionInterceptor           : Getting transaction for [org.springframework.data.jpa.repository.support.SimpleJpaRepository.save]
2024-04-29T19:41:37.487+09:00 TRACE 58944 --- [project] [    Test worker] o.s.t.i.TransactionInterceptor           : Completing transaction for [org.springframework.data.jpa.repository.support.SimpleJpaRepository.save]
2024-04-29T19:41:37.487+09:00 DEBUG 58944 --- [project] [    Test worker] o.s.orm.jpa.JpaTransactionManager        : Found thread-bound EntityManager [SessionImpl(1742749668<open>)] for JPA transaction
2024-04-29T19:41:37.487+09:00 DEBUG 58944 --- [project] [    Test worker] o.s.orm.jpa.JpaTransactionManager        : Participating in existing transaction
2024-04-29T19:41:37.487+09:00 TRACE 58944 --- [project] [    Test worker] o.s.t.i.TransactionInterceptor           : Getting transaction for [org.springframework.data.jpa.repository.support.SimpleJpaRepository.save]
2024-04-29T19:41:37.487+09:00 TRACE 58944 --- [project] [    Test worker] o.s.t.i.TransactionInterceptor           : Completing transaction for [org.springframework.data.jpa.repository.support.SimpleJpaRepository.save]
2024-04-29T19:41:37.487+09:00 DEBUG 58944 --- [project] [    Test worker] o.s.orm.jpa.JpaTransactionManager        : Found thread-bound EntityManager [SessionImpl(1742749668<open>)] for JPA transaction
2024-04-29T19:41:37.487+09:00 DEBUG 58944 --- [project] [    Test worker] o.s.orm.jpa.JpaTransactionManager        : Participating in existing transaction
2024-04-29T19:41:37.487+09:00 TRACE 58944 --- [project] [    Test worker] o.s.t.i.TransactionInterceptor           : Getting transaction for [org.springframework.data.jpa.repository.support.SimpleJpaRepository.save]
2024-04-29T19:41:37.487+09:00 TRACE 58944 --- [project] [    Test worker] o.s.t.i.TransactionInterceptor           : Completing transaction for [org.springframework.data.jpa.repository.support.SimpleJpaRepository.save]
2024-04-29T19:41:37.487+09:00 DEBUG 58944 --- [project] [    Test worker] o.s.orm.jpa.JpaTransactionManager        : Found thread-bound EntityManager [SessionImpl(1742749668<open>)] for JPA transaction
2024-04-29T19:41:37.487+09:00 DEBUG 58944 --- [project] [    Test worker] o.s.orm.jpa.JpaTransactionManager        : Participating in existing transaction
2024-04-29T19:41:37.487+09:00 TRACE 58944 --- [project] [    Test worker] o.s.t.i.TransactionInterceptor           : Getting transaction for [org.springframework.data.jpa.repository.support.SimpleJpaRepository.save]
2024-04-29T19:41:37.488+09:00 TRACE 58944 --- [project] [    Test worker] o.s.t.i.TransactionInterceptor           : Completing transaction for [org.springframework.data.jpa.repository.support.SimpleJpaRepository.save]
2024-04-29T19:41:37.488+09:00 DEBUG 58944 --- [project] [    Test worker] o.s.orm.jpa.JpaTransactionManager        : Found thread-bound EntityManager [SessionImpl(1742749668<open>)] for JPA transaction
2024-04-29T19:41:37.488+09:00 DEBUG 58944 --- [project] [    Test worker] o.s.orm.jpa.JpaTransactionManager        : Participating in existing transaction
2024-04-29T19:41:37.488+09:00 TRACE 58944 --- [project] [    Test worker] o.s.t.i.TransactionInterceptor           : Getting transaction for [org.springframework.data.jpa.repository.support.SimpleJpaRepository.save]
2024-04-29T19:41:37.488+09:00 TRACE 58944 --- [project] [    Test worker] o.s.t.i.TransactionInterceptor           : Completing transaction for [org.springframework.data.jpa.repository.support.SimpleJpaRepository.save]
2024-04-29T19:41:37.488+09:00 DEBUG 58944 --- [project] [    Test worker] o.s.orm.jpa.JpaTransactionManager        : Found thread-bound EntityManager [SessionImpl(1742749668<open>)] for JPA transaction
2024-04-29T19:41:37.488+09:00 DEBUG 58944 --- [project] [    Test worker] o.s.orm.jpa.JpaTransactionManager        : Participating in existing transaction
2024-04-29T19:41:37.488+09:00 TRACE 58944 --- [project] [    Test worker] o.s.t.i.TransactionInterceptor           : Getting transaction for [org.springframework.data.jpa.repository.support.SimpleJpaRepository.save]
2024-04-29T19:41:37.488+09:00 TRACE 58944 --- [project] [    Test worker] o.s.t.i.TransactionInterceptor           : Completing transaction for [org.springframework.data.jpa.repository.support.SimpleJpaRepository.save]
2024-04-29T19:41:37.488+09:00 DEBUG 58944 --- [project] [    Test worker] o.s.orm.jpa.JpaTransactionManager        : Found thread-bound EntityManager [SessionImpl(1742749668<open>)] for JPA transaction
2024-04-29T19:41:37.488+09:00 DEBUG 58944 --- [project] [    Test worker] o.s.orm.jpa.JpaTransactionManager        : Participating in existing transaction
2024-04-29T19:41:37.488+09:00 TRACE 58944 --- [project] [    Test worker] o.s.t.i.TransactionInterceptor           : Getting transaction for [org.springframework.data.jpa.repository.support.SimpleJpaRepository.save]
2024-04-29T19:41:37.488+09:00 TRACE 58944 --- [project] [    Test worker] o.s.t.i.TransactionInterceptor           : Completing transaction for [org.springframework.data.jpa.repository.support.SimpleJpaRepository.save]
2024-04-29T19:41:37.488+09:00 DEBUG 58944 --- [project] [    Test worker] o.s.orm.jpa.JpaTransactionManager        : Found thread-bound EntityManager [SessionImpl(1742749668<open>)] for JPA transaction
2024-04-29T19:41:37.488+09:00 DEBUG 58944 --- [project] [    Test worker] o.s.orm.jpa.JpaTransactionManager        : Participating in existing transaction
2024-04-29T19:41:37.488+09:00 TRACE 58944 --- [project] [    Test worker] o.s.t.i.TransactionInterceptor           : Getting transaction for [org.springframework.data.jpa.repository.support.SimpleJpaRepository.save]
2024-04-29T19:41:37.488+09:00 TRACE 58944 --- [project] [    Test worker] o.s.t.i.TransactionInterceptor           : Completing transaction for [org.springframework.data.jpa.repository.support.SimpleJpaRepository.save]
2024-04-29T19:41:37.488+09:00 DEBUG 58944 --- [project] [    Test worker] o.s.orm.jpa.JpaTransactionManager        : Found thread-bound EntityManager [SessionImpl(1742749668<open>)] for JPA transaction
2024-04-29T19:41:37.488+09:00 DEBUG 58944 --- [project] [    Test worker] o.s.orm.jpa.JpaTransactionManager        : Participating in existing transaction
2024-04-29T19:41:37.488+09:00 TRACE 58944 --- [project] [    Test worker] o.s.t.i.TransactionInterceptor           : Getting transaction for [org.springframework.data.jpa.repository.support.SimpleJpaRepository.save]
2024-04-29T19:41:37.488+09:00 TRACE 58944 --- [project] [    Test worker] o.s.t.i.TransactionInterceptor           : Completing transaction for [org.springframework.data.jpa.repository.support.SimpleJpaRepository.save]
2024-04-29T19:41:37.488+09:00 DEBUG 58944 --- [project] [    Test worker] o.s.orm.jpa.JpaTransactionManager        : Found thread-bound EntityManager [SessionImpl(1742749668<open>)] for JPA transaction
2024-04-29T19:41:37.488+09:00 DEBUG 58944 --- [project] [    Test worker] o.s.orm.jpa.JpaTransactionManager        : Participating in existing transaction
2024-04-29T19:41:37.488+09:00 TRACE 58944 --- [project] [    Test worker] o.s.t.i.TransactionInterceptor           : Getting transaction for [org.springframework.data.jpa.repository.support.SimpleJpaRepository.save]
2024-04-29T19:41:37.488+09:00 TRACE 58944 --- [project] [    Test worker] o.s.t.i.TransactionInterceptor           : Completing transaction for [org.springframework.data.jpa.repository.support.SimpleJpaRepository.save]
2024-04-29T19:41:37.488+09:00 DEBUG 58944 --- [project] [    Test worker] o.s.orm.jpa.JpaTransactionManager        : Found thread-bound EntityManager [SessionImpl(1742749668<open>)] for JPA transaction
2024-04-29T19:41:37.488+09:00 DEBUG 58944 --- [project] [    Test worker] o.s.orm.jpa.JpaTransactionManager        : Participating in existing transaction
2024-04-29T19:41:37.488+09:00 TRACE 58944 --- [project] [    Test worker] o.s.t.i.TransactionInterceptor           : Getting transaction for [org.springframework.data.jpa.repository.support.SimpleJpaRepository.save]
2024-04-29T19:41:37.489+09:00 TRACE 58944 --- [project] [    Test worker] o.s.t.i.TransactionInterceptor           : Completing transaction for [org.springframework.data.jpa.repository.support.SimpleJpaRepository.save]
2024-04-29T19:41:37.489+09:00 DEBUG 58944 --- [project] [    Test worker] o.s.orm.jpa.JpaTransactionManager        : Found thread-bound EntityManager [SessionImpl(1742749668<open>)] for JPA transaction
2024-04-29T19:41:37.489+09:00 DEBUG 58944 --- [project] [    Test worker] o.s.orm.jpa.JpaTransactionManager        : Participating in existing transaction
2024-04-29T19:41:37.489+09:00 TRACE 58944 --- [project] [    Test worker] o.s.t.i.TransactionInterceptor           : Getting transaction for [org.springframework.data.jpa.repository.support.SimpleJpaRepository.save]
2024-04-29T19:41:37.489+09:00 TRACE 58944 --- [project] [    Test worker] o.s.t.i.TransactionInterceptor           : Completing transaction for [org.springframework.data.jpa.repository.support.SimpleJpaRepository.save]
2024-04-29T19:41:37.489+09:00 DEBUG 58944 --- [project] [    Test worker] o.s.orm.jpa.JpaTransactionManager        : Found thread-bound EntityManager [SessionImpl(1742749668<open>)] for JPA transaction
2024-04-29T19:41:37.489+09:00 DEBUG 58944 --- [project] [    Test worker] o.s.orm.jpa.JpaTransactionManager        : Participating in existing transaction
2024-04-29T19:41:37.489+09:00 TRACE 58944 --- [project] [    Test worker] o.s.t.i.TransactionInterceptor           : Getting transaction for [org.springframework.data.jpa.repository.support.SimpleJpaRepository.save]
2024-04-29T19:41:37.489+09:00 TRACE 58944 --- [project] [    Test worker] o.s.t.i.TransactionInterceptor           : Completing transaction for [org.springframework.data.jpa.repository.support.SimpleJpaRepository.save]
2024-04-29T19:41:37.490+09:00 DEBUG 58944 --- [project] [    Test worker] o.s.orm.jpa.JpaTransactionManager        : Found thread-bound EntityManager [SessionImpl(1742749668<open>)] for JPA transaction
2024-04-29T19:41:37.490+09:00 DEBUG 58944 --- [project] [    Test worker] o.s.orm.jpa.JpaTransactionManager        : Participating in existing transaction
2024-04-29T19:41:37.490+09:00 TRACE 58944 --- [project] [    Test worker] o.s.t.i.TransactionInterceptor           : Getting transaction for [org.springframework.data.jpa.repository.support.SimpleJpaRepository.save]
2024-04-29T19:41:37.490+09:00 TRACE 58944 --- [project] [    Test worker] o.s.t.i.TransactionInterceptor           : Completing transaction for [org.springframework.data.jpa.repository.support.SimpleJpaRepository.save]
2024-04-29T19:41:37.490+09:00 DEBUG 58944 --- [project] [    Test worker] o.s.orm.jpa.JpaTransactionManager        : Found thread-bound EntityManager [SessionImpl(1742749668<open>)] for JPA transaction
2024-04-29T19:41:37.490+09:00 DEBUG 58944 --- [project] [    Test worker] o.s.orm.jpa.JpaTransactionManager        : Participating in existing transaction
2024-04-29T19:41:37.490+09:00 TRACE 58944 --- [project] [    Test worker] o.s.t.i.TransactionInterceptor           : Getting transaction for [org.springframework.data.jpa.repository.support.SimpleJpaRepository.save]
2024-04-29T19:41:37.490+09:00 TRACE 58944 --- [project] [    Test worker] o.s.t.i.TransactionInterceptor           : Completing transaction for [org.springframework.data.jpa.repository.support.SimpleJpaRepository.save]
2024-04-29T19:41:37.490+09:00 DEBUG 58944 --- [project] [    Test worker] o.s.orm.jpa.JpaTransactionManager        : Found thread-bound EntityManager [SessionImpl(1742749668<open>)] for JPA transaction
2024-04-29T19:41:37.490+09:00 DEBUG 58944 --- [project] [    Test worker] o.s.orm.jpa.JpaTransactionManager        : Participating in existing transaction
2024-04-29T19:41:37.490+09:00 TRACE 58944 --- [project] [    Test worker] o.s.t.i.TransactionInterceptor           : Getting transaction for [org.springframework.data.jpa.repository.support.SimpleJpaRepository.save]
2024-04-29T19:41:37.490+09:00 TRACE 58944 --- [project] [    Test worker] o.s.t.i.TransactionInterceptor           : Completing transaction for [org.springframework.data.jpa.repository.support.SimpleJpaRepository.save]
2024-04-29T19:41:37.490+09:00 DEBUG 58944 --- [project] [    Test worker] o.s.orm.jpa.JpaTransactionManager        : Found thread-bound EntityManager [SessionImpl(1742749668<open>)] for JPA transaction
2024-04-29T19:41:37.490+09:00 DEBUG 58944 --- [project] [    Test worker] o.s.orm.jpa.JpaTransactionManager        : Participating in existing transaction
2024-04-29T19:41:37.490+09:00 TRACE 58944 --- [project] [    Test worker] o.s.t.i.TransactionInterceptor           : Getting transaction for [org.springframework.data.jpa.repository.support.SimpleJpaRepository.save]
2024-04-29T19:41:37.490+09:00 TRACE 58944 --- [project] [    Test worker] o.s.t.i.TransactionInterceptor           : Completing transaction for [org.springframework.data.jpa.repository.support.SimpleJpaRepository.save]
2024-04-29T19:41:37.490+09:00 DEBUG 58944 --- [project] [    Test worker] o.s.orm.jpa.JpaTransactionManager        : Found thread-bound EntityManager [SessionImpl(1742749668<open>)] for JPA transaction
2024-04-29T19:41:37.490+09:00 DEBUG 58944 --- [project] [    Test worker] o.s.orm.jpa.JpaTransactionManager        : Participating in existing transaction
2024-04-29T19:41:37.490+09:00 TRACE 58944 --- [project] [    Test worker] o.s.t.i.TransactionInterceptor           : Getting transaction for [org.springframework.data.jpa.repository.support.SimpleJpaRepository.save]
2024-04-29T19:41:37.490+09:00 TRACE 58944 --- [project] [    Test worker] o.s.t.i.TransactionInterceptor           : Completing transaction for [org.springframework.data.jpa.repository.support.SimpleJpaRepository.save]
2024-04-29T19:41:37.490+09:00 DEBUG 58944 --- [project] [    Test worker] o.s.orm.jpa.JpaTransactionManager        : Found thread-bound EntityManager [SessionImpl(1742749668<open>)] for JPA transaction
2024-04-29T19:41:37.490+09:00 DEBUG 58944 --- [project] [    Test worker] o.s.orm.jpa.JpaTransactionManager        : Participating in existing transaction
2024-04-29T19:41:37.490+09:00 TRACE 58944 --- [project] [    Test worker] o.s.t.i.TransactionInterceptor           : Getting transaction for [org.springframework.data.jpa.repository.support.SimpleJpaRepository.save]
2024-04-29T19:41:37.490+09:00 TRACE 58944 --- [project] [    Test worker] o.s.t.i.TransactionInterceptor           : Completing transaction for [org.springframework.data.jpa.repository.support.SimpleJpaRepository.save]
2024-04-29T19:41:37.490+09:00 DEBUG 58944 --- [project] [    Test worker] o.s.orm.jpa.JpaTransactionManager        : Found thread-bound EntityManager [SessionImpl(1742749668<open>)] for JPA transaction
2024-04-29T19:41:37.490+09:00 DEBUG 58944 --- [project] [    Test worker] o.s.orm.jpa.JpaTransactionManager        : Participating in existing transaction
2024-04-29T19:41:37.490+09:00 TRACE 58944 --- [project] [    Test worker] o.s.t.i.TransactionInterceptor           : Getting transaction for [org.springframework.data.jpa.repository.support.SimpleJpaRepository.save]
2024-04-29T19:41:37.490+09:00 TRACE 58944 --- [project] [    Test worker] o.s.t.i.TransactionInterceptor           : Completing transaction for [org.springframework.data.jpa.repository.support.SimpleJpaRepository.save]
2024-04-29T19:41:37.490+09:00 DEBUG 58944 --- [project] [    Test worker] o.s.orm.jpa.JpaTransactionManager        : Found thread-bound EntityManager [SessionImpl(1742749668<open>)] for JPA transaction
2024-04-29T19:41:37.490+09:00 DEBUG 58944 --- [project] [    Test worker] o.s.orm.jpa.JpaTransactionManager        : Participating in existing transaction
2024-04-29T19:41:37.490+09:00 TRACE 58944 --- [project] [    Test worker] o.s.t.i.TransactionInterceptor           : Getting transaction for [org.springframework.data.jpa.repository.support.SimpleJpaRepository.save]
2024-04-29T19:41:37.491+09:00 TRACE 58944 --- [project] [    Test worker] o.s.t.i.TransactionInterceptor           : Completing transaction for [org.springframework.data.jpa.repository.support.SimpleJpaRepository.save]
2024-04-29T19:41:37.491+09:00 DEBUG 58944 --- [project] [    Test worker] o.s.orm.jpa.JpaTransactionManager        : Found thread-bound EntityManager [SessionImpl(1742749668<open>)] for JPA transaction
2024-04-29T19:41:37.491+09:00 DEBUG 58944 --- [project] [    Test worker] o.s.orm.jpa.JpaTransactionManager        : Participating in existing transaction
2024-04-29T19:41:37.491+09:00 TRACE 58944 --- [project] [    Test worker] o.s.t.i.TransactionInterceptor           : Getting transaction for [org.springframework.data.jpa.repository.support.SimpleJpaRepository.save]
2024-04-29T19:41:37.491+09:00 TRACE 58944 --- [project] [    Test worker] o.s.t.i.TransactionInterceptor           : Completing transaction for [org.springframework.data.jpa.repository.support.SimpleJpaRepository.save]
2024-04-29T19:41:37.491+09:00 DEBUG 58944 --- [project] [    Test worker] o.s.orm.jpa.JpaTransactionManager        : Found thread-bound EntityManager [SessionImpl(1742749668<open>)] for JPA transaction
2024-04-29T19:41:37.491+09:00 DEBUG 58944 --- [project] [    Test worker] o.s.orm.jpa.JpaTransactionManager        : Participating in existing transaction
2024-04-29T19:41:37.491+09:00 TRACE 58944 --- [project] [    Test worker] o.s.t.i.TransactionInterceptor           : Getting transaction for [org.springframework.data.jpa.repository.support.SimpleJpaRepository.save]
2024-04-29T19:41:37.491+09:00 TRACE 58944 --- [project] [    Test worker] o.s.t.i.TransactionInterceptor           : Completing transaction for [org.springframework.data.jpa.repository.support.SimpleJpaRepository.save]
2024-04-29T19:41:37.491+09:00 DEBUG 58944 --- [project] [    Test worker] o.s.orm.jpa.JpaTransactionManager        : Found thread-bound EntityManager [SessionImpl(1742749668<open>)] for JPA transaction
2024-04-29T19:41:37.491+09:00 DEBUG 58944 --- [project] [    Test worker] o.s.orm.jpa.JpaTransactionManager        : Participating in existing transaction
2024-04-29T19:41:37.491+09:00 TRACE 58944 --- [project] [    Test worker] o.s.t.i.TransactionInterceptor           : Getting transaction for [org.springframework.data.jpa.repository.support.SimpleJpaRepository.save]
2024-04-29T19:41:37.491+09:00 TRACE 58944 --- [project] [    Test worker] o.s.t.i.TransactionInterceptor           : Completing transaction for [org.springframework.data.jpa.repository.support.SimpleJpaRepository.save]
2024-04-29T19:41:37.491+09:00 DEBUG 58944 --- [project] [    Test worker] o.s.orm.jpa.JpaTransactionManager        : Found thread-bound EntityManager [SessionImpl(1742749668<open>)] for JPA transaction
2024-04-29T19:41:37.491+09:00 DEBUG 58944 --- [project] [    Test worker] o.s.orm.jpa.JpaTransactionManager        : Participating in existing transaction
2024-04-29T19:41:37.491+09:00 TRACE 58944 --- [project] [    Test worker] o.s.t.i.TransactionInterceptor           : Getting transaction for [org.springframework.data.jpa.repository.support.SimpleJpaRepository.save]
2024-04-29T19:41:37.491+09:00 TRACE 58944 --- [project] [    Test worker] o.s.t.i.TransactionInterceptor           : Completing transaction for [org.springframework.data.jpa.repository.support.SimpleJpaRepository.save]
2024-04-29T19:41:37.491+09:00 DEBUG 58944 --- [project] [    Test worker] o.s.orm.jpa.JpaTransactionManager        : Found thread-bound EntityManager [SessionImpl(1742749668<open>)] for JPA transaction
2024-04-29T19:41:37.491+09:00 DEBUG 58944 --- [project] [    Test worker] o.s.orm.jpa.JpaTransactionManager        : Participating in existing transaction
2024-04-29T19:41:37.491+09:00 TRACE 58944 --- [project] [    Test worker] o.s.t.i.TransactionInterceptor           : Getting transaction for [org.springframework.data.jpa.repository.support.SimpleJpaRepository.save]
2024-04-29T19:41:37.491+09:00 TRACE 58944 --- [project] [    Test worker] o.s.t.i.TransactionInterceptor           : Completing transaction for [org.springframework.data.jpa.repository.support.SimpleJpaRepository.save]
2024-04-29T19:41:37.491+09:00 DEBUG 58944 --- [project] [    Test worker] o.s.orm.jpa.JpaTransactionManager        : Found thread-bound EntityManager [SessionImpl(1742749668<open>)] for JPA transaction
2024-04-29T19:41:37.491+09:00 DEBUG 58944 --- [project] [    Test worker] o.s.orm.jpa.JpaTransactionManager        : Participating in existing transaction
2024-04-29T19:41:37.491+09:00 TRACE 58944 --- [project] [    Test worker] o.s.t.i.TransactionInterceptor           : Getting transaction for [org.springframework.data.jpa.repository.support.SimpleJpaRepository.save]
2024-04-29T19:41:37.492+09:00 TRACE 58944 --- [project] [    Test worker] o.s.t.i.TransactionInterceptor           : Completing transaction for [org.springframework.data.jpa.repository.support.SimpleJpaRepository.save]
2024-04-29T19:41:37.492+09:00 DEBUG 58944 --- [project] [    Test worker] o.s.orm.jpa.JpaTransactionManager        : Found thread-bound EntityManager [SessionImpl(1742749668<open>)] for JPA transaction
2024-04-29T19:41:37.492+09:00 DEBUG 58944 --- [project] [    Test worker] o.s.orm.jpa.JpaTransactionManager        : Participating in existing transaction
2024-04-29T19:41:37.492+09:00 TRACE 58944 --- [project] [    Test worker] o.s.t.i.TransactionInterceptor           : Getting transaction for [org.springframework.data.jpa.repository.support.SimpleJpaRepository.save]
2024-04-29T19:41:37.492+09:00 TRACE 58944 --- [project] [    Test worker] o.s.t.i.TransactionInterceptor           : Completing transaction for [org.springframework.data.jpa.repository.support.SimpleJpaRepository.save]
2024-04-29T19:41:37.492+09:00 DEBUG 58944 --- [project] [    Test worker] o.s.orm.jpa.JpaTransactionManager        : Found thread-bound EntityManager [SessionImpl(1742749668<open>)] for JPA transaction
2024-04-29T19:41:37.492+09:00 DEBUG 58944 --- [project] [    Test worker] o.s.orm.jpa.JpaTransactionManager        : Participating in existing transaction
2024-04-29T19:41:37.492+09:00 TRACE 58944 --- [project] [    Test worker] o.s.t.i.TransactionInterceptor           : Getting transaction for [org.springframework.data.jpa.repository.support.SimpleJpaRepository.save]
2024-04-29T19:41:37.492+09:00 TRACE 58944 --- [project] [    Test worker] o.s.t.i.TransactionInterceptor           : Completing transaction for [org.springframework.data.jpa.repository.support.SimpleJpaRepository.save]
2024-04-29T19:41:37.492+09:00 DEBUG 58944 --- [project] [    Test worker] o.s.orm.jpa.JpaTransactionManager        : Found thread-bound EntityManager [SessionImpl(1742749668<open>)] for JPA transaction
2024-04-29T19:41:37.492+09:00 DEBUG 58944 --- [project] [    Test worker] o.s.orm.jpa.JpaTransactionManager        : Participating in existing transaction
2024-04-29T19:41:37.492+09:00 TRACE 58944 --- [project] [    Test worker] o.s.t.i.TransactionInterceptor           : Getting transaction for [org.springframework.data.jpa.repository.support.SimpleJpaRepository.save]
2024-04-29T19:41:37.492+09:00 TRACE 58944 --- [project] [    Test worker] o.s.t.i.TransactionInterceptor           : Completing transaction for [org.springframework.data.jpa.repository.support.SimpleJpaRepository.save]
2024-04-29T19:41:37.492+09:00 DEBUG 58944 --- [project] [    Test worker] o.s.orm.jpa.JpaTransactionManager        : Found thread-bound EntityManager [SessionImpl(1742749668<open>)] for JPA transaction
2024-04-29T19:41:37.492+09:00 DEBUG 58944 --- [project] [    Test worker] o.s.orm.jpa.JpaTransactionManager        : Participating in existing transaction
2024-04-29T19:41:37.492+09:00 TRACE 58944 --- [project] [    Test worker] o.s.t.i.TransactionInterceptor           : Getting transaction for [org.springframework.data.jpa.repository.support.SimpleJpaRepository.save]
2024-04-29T19:41:37.492+09:00 TRACE 58944 --- [project] [    Test worker] o.s.t.i.TransactionInterceptor           : Completing transaction for [org.springframework.data.jpa.repository.support.SimpleJpaRepository.save]
2024-04-29T19:41:37.492+09:00 DEBUG 58944 --- [project] [    Test worker] o.s.orm.jpa.JpaTransactionManager        : Found thread-bound EntityManager [SessionImpl(1742749668<open>)] for JPA transaction
2024-04-29T19:41:37.492+09:00 DEBUG 58944 --- [project] [    Test worker] o.s.orm.jpa.JpaTransactionManager        : Participating in existing transaction
2024-04-29T19:41:37.492+09:00 TRACE 58944 --- [project] [    Test worker] o.s.t.i.TransactionInterceptor           : Getting transaction for [org.springframework.data.jpa.repository.support.SimpleJpaRepository.save]
2024-04-29T19:41:37.492+09:00 TRACE 58944 --- [project] [    Test worker] o.s.t.i.TransactionInterceptor           : Completing transaction for [org.springframework.data.jpa.repository.support.SimpleJpaRepository.save]
2024-04-29T19:41:37.492+09:00 DEBUG 58944 --- [project] [    Test worker] o.s.orm.jpa.JpaTransactionManager        : Found thread-bound EntityManager [SessionImpl(1742749668<open>)] for JPA transaction
2024-04-29T19:41:37.492+09:00 DEBUG 58944 --- [project] [    Test worker] o.s.orm.jpa.JpaTransactionManager        : Participating in existing transaction
2024-04-29T19:41:37.492+09:00 TRACE 58944 --- [project] [    Test worker] o.s.t.i.TransactionInterceptor           : Getting transaction for [org.springframework.data.jpa.repository.support.SimpleJpaRepository.save]
2024-04-29T19:41:37.492+09:00 TRACE 58944 --- [project] [    Test worker] o.s.t.i.TransactionInterceptor           : Completing transaction for [org.springframework.data.jpa.repository.support.SimpleJpaRepository.save]
2024-04-29T19:41:37.492+09:00 DEBUG 58944 --- [project] [    Test worker] o.s.orm.jpa.JpaTransactionManager        : Found thread-bound EntityManager [SessionImpl(1742749668<open>)] for JPA transaction
2024-04-29T19:41:37.492+09:00 DEBUG 58944 --- [project] [    Test worker] o.s.orm.jpa.JpaTransactionManager        : Participating in existing transaction
2024-04-29T19:41:37.492+09:00 TRACE 58944 --- [project] [    Test worker] o.s.t.i.TransactionInterceptor           : Getting transaction for [org.springframework.data.jpa.repository.support.SimpleJpaRepository.save]
2024-04-29T19:41:37.492+09:00 TRACE 58944 --- [project] [    Test worker] o.s.t.i.TransactionInterceptor           : Completing transaction for [org.springframework.data.jpa.repository.support.SimpleJpaRepository.save]
2024-04-29T19:41:37.492+09:00 DEBUG 58944 --- [project] [    Test worker] o.s.orm.jpa.JpaTransactionManager        : Found thread-bound EntityManager [SessionImpl(1742749668<open>)] for JPA transaction
2024-04-29T19:41:37.492+09:00 DEBUG 58944 --- [project] [    Test worker] o.s.orm.jpa.JpaTransactionManager        : Participating in existing transaction
2024-04-29T19:41:37.492+09:00 TRACE 58944 --- [project] [    Test worker] o.s.t.i.TransactionInterceptor           : Getting transaction for [org.springframework.data.jpa.repository.support.SimpleJpaRepository.save]
2024-04-29T19:41:37.493+09:00 TRACE 58944 --- [project] [    Test worker] o.s.t.i.TransactionInterceptor           : Completing transaction for [org.springframework.data.jpa.repository.support.SimpleJpaRepository.save]
2024-04-29T19:41:37.493+09:00 DEBUG 58944 --- [project] [    Test worker] o.s.orm.jpa.JpaTransactionManager        : Found thread-bound EntityManager [SessionImpl(1742749668<open>)] for JPA transaction
2024-04-29T19:41:37.493+09:00 DEBUG 58944 --- [project] [    Test worker] o.s.orm.jpa.JpaTransactionManager        : Participating in existing transaction
2024-04-29T19:41:37.493+09:00 TRACE 58944 --- [project] [    Test worker] o.s.t.i.TransactionInterceptor           : Getting transaction for [org.springframework.data.jpa.repository.support.SimpleJpaRepository.save]
2024-04-29T19:41:37.493+09:00 TRACE 58944 --- [project] [    Test worker] o.s.t.i.TransactionInterceptor           : Completing transaction for [org.springframework.data.jpa.repository.support.SimpleJpaRepository.save]
2024-04-29T19:41:37.493+09:00 DEBUG 58944 --- [project] [    Test worker] o.s.orm.jpa.JpaTransactionManager        : Found thread-bound EntityManager [SessionImpl(1742749668<open>)] for JPA transaction
2024-04-29T19:41:37.493+09:00 DEBUG 58944 --- [project] [    Test worker] o.s.orm.jpa.JpaTransactionManager        : Participating in existing transaction
2024-04-29T19:41:37.493+09:00 TRACE 58944 --- [project] [    Test worker] o.s.t.i.TransactionInterceptor           : Getting transaction for [org.springframework.data.jpa.repository.support.SimpleJpaRepository.save]
2024-04-29T19:41:37.493+09:00 TRACE 58944 --- [project] [    Test worker] o.s.t.i.TransactionInterceptor           : Completing transaction for [org.springframework.data.jpa.repository.support.SimpleJpaRepository.save]
2024-04-29T19:41:37.493+09:00 DEBUG 58944 --- [project] [    Test worker] o.s.orm.jpa.JpaTransactionManager        : Found thread-bound EntityManager [SessionImpl(1742749668<open>)] for JPA transaction
2024-04-29T19:41:37.493+09:00 DEBUG 58944 --- [project] [    Test worker] o.s.orm.jpa.JpaTransactionManager        : Participating in existing transaction
2024-04-29T19:41:37.493+09:00 TRACE 58944 --- [project] [    Test worker] o.s.t.i.TransactionInterceptor           : Getting transaction for [org.springframework.data.jpa.repository.support.SimpleJpaRepository.save]
2024-04-29T19:41:37.493+09:00 TRACE 58944 --- [project] [    Test worker] o.s.t.i.TransactionInterceptor           : Completing transaction for [org.springframework.data.jpa.repository.support.SimpleJpaRepository.save]
2024-04-29T19:41:37.493+09:00 DEBUG 58944 --- [project] [    Test worker] o.s.orm.jpa.JpaTransactionManager        : Found thread-bound EntityManager [SessionImpl(1742749668<open>)] for JPA transaction
2024-04-29T19:41:37.494+09:00 DEBUG 58944 --- [project] [    Test worker] o.s.orm.jpa.JpaTransactionManager        : Participating in existing transaction
2024-04-29T19:41:37.494+09:00 TRACE 58944 --- [project] [    Test worker] o.s.t.i.TransactionInterceptor           : Getting transaction for [org.springframework.data.jpa.repository.support.SimpleJpaRepository.save]
2024-04-29T19:41:37.495+09:00 TRACE 58944 --- [project] [    Test worker] o.s.t.i.TransactionInterceptor           : Completing transaction for [org.springframework.data.jpa.repository.support.SimpleJpaRepository.save]
2024-04-29T19:41:37.495+09:00 DEBUG 58944 --- [project] [    Test worker] o.s.orm.jpa.JpaTransactionManager        : Found thread-bound EntityManager [SessionImpl(1742749668<open>)] for JPA transaction
2024-04-29T19:41:37.495+09:00 DEBUG 58944 --- [project] [    Test worker] o.s.orm.jpa.JpaTransactionManager        : Participating in existing transaction
2024-04-29T19:41:37.495+09:00 TRACE 58944 --- [project] [    Test worker] o.s.t.i.TransactionInterceptor           : Getting transaction for [org.springframework.data.jpa.repository.support.SimpleJpaRepository.save]
2024-04-29T19:41:37.497+09:00 TRACE 58944 --- [project] [    Test worker] o.s.t.i.TransactionInterceptor           : Completing transaction for [org.springframework.data.jpa.repository.support.SimpleJpaRepository.save]
2024-04-29T19:41:37.497+09:00 DEBUG 58944 --- [project] [    Test worker] o.s.orm.jpa.JpaTransactionManager        : Found thread-bound EntityManager [SessionImpl(1742749668<open>)] for JPA transaction
2024-04-29T19:41:37.498+09:00 DEBUG 58944 --- [project] [    Test worker] o.s.orm.jpa.JpaTransactionManager        : Participating in existing transaction
2024-04-29T19:41:37.498+09:00 TRACE 58944 --- [project] [    Test worker] o.s.t.i.TransactionInterceptor           : Getting transaction for [org.springframework.data.jpa.repository.support.SimpleJpaRepository.save]
2024-04-29T19:41:37.498+09:00 TRACE 58944 --- [project] [    Test worker] o.s.t.i.TransactionInterceptor           : Completing transaction for [org.springframework.data.jpa.repository.support.SimpleJpaRepository.save]
2024-04-29T19:41:37.498+09:00 DEBUG 58944 --- [project] [    Test worker] o.s.orm.jpa.JpaTransactionManager        : Found thread-bound EntityManager [SessionImpl(1742749668<open>)] for JPA transaction
2024-04-29T19:41:37.498+09:00 DEBUG 58944 --- [project] [    Test worker] o.s.orm.jpa.JpaTransactionManager        : Participating in existing transaction
2024-04-29T19:41:37.498+09:00 TRACE 58944 --- [project] [    Test worker] o.s.t.i.TransactionInterceptor           : Getting transaction for [org.springframework.data.jpa.repository.support.SimpleJpaRepository.save]
2024-04-29T19:41:37.498+09:00 TRACE 58944 --- [project] [    Test worker] o.s.t.i.TransactionInterceptor           : Completing transaction for [org.springframework.data.jpa.repository.support.SimpleJpaRepository.save]
2024-04-29T19:41:37.498+09:00 DEBUG 58944 --- [project] [    Test worker] o.s.orm.jpa.JpaTransactionManager        : Found thread-bound EntityManager [SessionImpl(1742749668<open>)] for JPA transaction
2024-04-29T19:41:37.498+09:00 DEBUG 58944 --- [project] [    Test worker] o.s.orm.jpa.JpaTransactionManager        : Participating in existing transaction
2024-04-29T19:41:37.498+09:00 TRACE 58944 --- [project] [    Test worker] o.s.t.i.TransactionInterceptor           : Getting transaction for [org.springframework.data.jpa.repository.support.SimpleJpaRepository.save]
2024-04-29T19:41:37.498+09:00 TRACE 58944 --- [project] [    Test worker] o.s.t.i.TransactionInterceptor           : Completing transaction for [org.springframework.data.jpa.repository.support.SimpleJpaRepository.save]
2024-04-29T19:41:37.498+09:00 DEBUG 58944 --- [project] [    Test worker] o.s.orm.jpa.JpaTransactionManager        : Found thread-bound EntityManager [SessionImpl(1742749668<open>)] for JPA transaction
2024-04-29T19:41:37.498+09:00 DEBUG 58944 --- [project] [    Test worker] o.s.orm.jpa.JpaTransactionManager        : Participating in existing transaction
2024-04-29T19:41:37.498+09:00 TRACE 58944 --- [project] [    Test worker] o.s.t.i.TransactionInterceptor           : Getting transaction for [org.springframework.data.jpa.repository.support.SimpleJpaRepository.save]
2024-04-29T19:41:37.498+09:00 TRACE 58944 --- [project] [    Test worker] o.s.t.i.TransactionInterceptor           : Completing transaction for [org.springframework.data.jpa.repository.support.SimpleJpaRepository.save]
2024-04-29T19:41:37.498+09:00 DEBUG 58944 --- [project] [    Test worker] o.s.orm.jpa.JpaTransactionManager        : Found thread-bound EntityManager [SessionImpl(1742749668<open>)] for JPA transaction
2024-04-29T19:41:37.498+09:00 DEBUG 58944 --- [project] [    Test worker] o.s.orm.jpa.JpaTransactionManager        : Participating in existing transaction
2024-04-29T19:41:37.498+09:00 TRACE 58944 --- [project] [    Test worker] o.s.t.i.TransactionInterceptor           : Getting transaction for [org.springframework.data.jpa.repository.support.SimpleJpaRepository.save]
2024-04-29T19:41:37.499+09:00 TRACE 58944 --- [project] [    Test worker] o.s.t.i.TransactionInterceptor           : Completing transaction for [org.springframework.data.jpa.repository.support.SimpleJpaRepository.save]
2024-04-29T19:41:37.499+09:00 DEBUG 58944 --- [project] [    Test worker] o.s.orm.jpa.JpaTransactionManager        : Found thread-bound EntityManager [SessionImpl(1742749668<open>)] for JPA transaction
2024-04-29T19:41:37.499+09:00 DEBUG 58944 --- [project] [    Test worker] o.s.orm.jpa.JpaTransactionManager        : Participating in existing transaction
2024-04-29T19:41:37.499+09:00 TRACE 58944 --- [project] [    Test worker] o.s.t.i.TransactionInterceptor           : Getting transaction for [org.springframework.data.jpa.repository.support.SimpleJpaRepository.save]
2024-04-29T19:41:37.499+09:00 TRACE 58944 --- [project] [    Test worker] o.s.t.i.TransactionInterceptor           : Completing transaction for [org.springframework.data.jpa.repository.support.SimpleJpaRepository.save]
2024-04-29T19:41:37.499+09:00 DEBUG 58944 --- [project] [    Test worker] o.s.orm.jpa.JpaTransactionManager        : Found thread-bound EntityManager [SessionImpl(1742749668<open>)] for JPA transaction
2024-04-29T19:41:37.499+09:00 DEBUG 58944 --- [project] [    Test worker] o.s.orm.jpa.JpaTransactionManager        : Participating in existing transaction
2024-04-29T19:41:37.499+09:00 TRACE 58944 --- [project] [    Test worker] o.s.t.i.TransactionInterceptor           : Getting transaction for [org.springframework.data.jpa.repository.support.SimpleJpaRepository.save]
2024-04-29T19:41:37.499+09:00 TRACE 58944 --- [project] [    Test worker] o.s.t.i.TransactionInterceptor           : Completing transaction for [org.springframework.data.jpa.repository.support.SimpleJpaRepository.save]
2024-04-29T19:41:37.499+09:00 DEBUG 58944 --- [project] [    Test worker] o.s.orm.jpa.JpaTransactionManager        : Found thread-bound EntityManager [SessionImpl(1742749668<open>)] for JPA transaction
2024-04-29T19:41:37.499+09:00 DEBUG 58944 --- [project] [    Test worker] o.s.orm.jpa.JpaTransactionManager        : Participating in existing transaction
2024-04-29T19:41:37.499+09:00 TRACE 58944 --- [project] [    Test worker] o.s.t.i.TransactionInterceptor           : Getting transaction for [org.springframework.data.jpa.repository.support.SimpleJpaRepository.save]
2024-04-29T19:41:37.499+09:00 TRACE 58944 --- [project] [    Test worker] o.s.t.i.TransactionInterceptor           : Completing transaction for [org.springframework.data.jpa.repository.support.SimpleJpaRepository.save]
2024-04-29T19:41:37.499+09:00 DEBUG 58944 --- [project] [    Test worker] o.s.orm.jpa.JpaTransactionManager        : Found thread-bound EntityManager [SessionImpl(1742749668<open>)] for JPA transaction
2024-04-29T19:41:37.499+09:00 DEBUG 58944 --- [project] [    Test worker] o.s.orm.jpa.JpaTransactionManager        : Participating in existing transaction
2024-04-29T19:41:37.499+09:00 TRACE 58944 --- [project] [    Test worker] o.s.t.i.TransactionInterceptor           : Getting transaction for [org.springframework.data.jpa.repository.support.SimpleJpaRepository.save]
2024-04-29T19:41:37.499+09:00 TRACE 58944 --- [project] [    Test worker] o.s.t.i.TransactionInterceptor           : Completing transaction for [org.springframework.data.jpa.repository.support.SimpleJpaRepository.save]
2024-04-29T19:41:37.499+09:00 DEBUG 58944 --- [project] [    Test worker] o.s.orm.jpa.JpaTransactionManager        : Found thread-bound EntityManager [SessionImpl(1742749668<open>)] for JPA transaction
2024-04-29T19:41:37.499+09:00 DEBUG 58944 --- [project] [    Test worker] o.s.orm.jpa.JpaTransactionManager        : Participating in existing transaction
2024-04-29T19:41:37.499+09:00 TRACE 58944 --- [project] [    Test worker] o.s.t.i.TransactionInterceptor           : Getting transaction for [org.springframework.data.jpa.repository.support.SimpleJpaRepository.save]
2024-04-29T19:41:37.499+09:00 TRACE 58944 --- [project] [    Test worker] o.s.t.i.TransactionInterceptor           : Completing transaction for [org.springframework.data.jpa.repository.support.SimpleJpaRepository.save]
2024-04-29T19:41:37.499+09:00 DEBUG 58944 --- [project] [    Test worker] o.s.orm.jpa.JpaTransactionManager        : Found thread-bound EntityManager [SessionImpl(1742749668<open>)] for JPA transaction
2024-04-29T19:41:37.499+09:00 DEBUG 58944 --- [project] [    Test worker] o.s.orm.jpa.JpaTransactionManager        : Participating in existing transaction
2024-04-29T19:41:37.499+09:00 TRACE 58944 --- [project] [    Test worker] o.s.t.i.TransactionInterceptor           : Getting transaction for [org.springframework.data.jpa.repository.support.SimpleJpaRepository.save]
2024-04-29T19:41:37.499+09:00 TRACE 58944 --- [project] [    Test worker] o.s.t.i.TransactionInterceptor           : Completing transaction for [org.springframework.data.jpa.repository.support.SimpleJpaRepository.save]
2024-04-29T19:41:37.499+09:00 DEBUG 58944 --- [project] [    Test worker] o.s.orm.jpa.JpaTransactionManager        : Found thread-bound EntityManager [SessionImpl(1742749668<open>)] for JPA transaction
2024-04-29T19:41:37.499+09:00 DEBUG 58944 --- [project] [    Test worker] o.s.orm.jpa.JpaTransactionManager        : Participating in existing transaction
2024-04-29T19:41:37.499+09:00 TRACE 58944 --- [project] [    Test worker] o.s.t.i.TransactionInterceptor           : Getting transaction for [org.springframework.data.jpa.repository.support.SimpleJpaRepository.save]
2024-04-29T19:41:37.499+09:00 TRACE 58944 --- [project] [    Test worker] o.s.t.i.TransactionInterceptor           : Completing transaction for [org.springframework.data.jpa.repository.support.SimpleJpaRepository.save]
2024-04-29T19:41:37.500+09:00 DEBUG 58944 --- [project] [    Test worker] o.s.orm.jpa.JpaTransactionManager        : Found thread-bound EntityManager [SessionImpl(1742749668<open>)] for JPA transaction
2024-04-29T19:41:37.500+09:00 DEBUG 58944 --- [project] [    Test worker] o.s.orm.jpa.JpaTransactionManager        : Participating in existing transaction
2024-04-29T19:41:37.500+09:00 TRACE 58944 --- [project] [    Test worker] o.s.t.i.TransactionInterceptor           : Getting transaction for [org.springframework.data.jpa.repository.support.SimpleJpaRepository.save]
2024-04-29T19:41:37.500+09:00 TRACE 58944 --- [project] [    Test worker] o.s.t.i.TransactionInterceptor           : Completing transaction for [org.springframework.data.jpa.repository.support.SimpleJpaRepository.save]
2024-04-29T19:41:37.500+09:00 DEBUG 58944 --- [project] [    Test worker] o.s.orm.jpa.JpaTransactionManager        : Found thread-bound EntityManager [SessionImpl(1742749668<open>)] for JPA transaction
2024-04-29T19:41:37.500+09:00 DEBUG 58944 --- [project] [    Test worker] o.s.orm.jpa.JpaTransactionManager        : Participating in existing transaction
2024-04-29T19:41:37.500+09:00 TRACE 58944 --- [project] [    Test worker] o.s.t.i.TransactionInterceptor           : Getting transaction for [org.springframework.data.jpa.repository.support.SimpleJpaRepository.save]
2024-04-29T19:41:37.501+09:00 TRACE 58944 --- [project] [    Test worker] o.s.t.i.TransactionInterceptor           : Completing transaction for [org.springframework.data.jpa.repository.support.SimpleJpaRepository.save]
2024-04-29T19:41:37.502+09:00 DEBUG 58944 --- [project] [    Test worker] o.s.orm.jpa.JpaTransactionManager        : Found thread-bound EntityManager [SessionImpl(1742749668<open>)] for JPA transaction
2024-04-29T19:41:37.502+09:00 DEBUG 58944 --- [project] [    Test worker] o.s.orm.jpa.JpaTransactionManager        : Participating in existing transaction
2024-04-29T19:41:37.502+09:00 TRACE 58944 --- [project] [    Test worker] o.s.t.i.TransactionInterceptor           : Getting transaction for [org.springframework.data.jpa.repository.support.SimpleJpaRepository.save]
2024-04-29T19:41:37.503+09:00 TRACE 58944 --- [project] [    Test worker] o.s.t.i.TransactionInterceptor           : Completing transaction for [org.springframework.data.jpa.repository.support.SimpleJpaRepository.save]
2024-04-29T19:41:37.503+09:00 DEBUG 58944 --- [project] [    Test worker] o.s.orm.jpa.JpaTransactionManager        : Found thread-bound EntityManager [SessionImpl(1742749668<open>)] for JPA transaction
2024-04-29T19:41:37.503+09:00 DEBUG 58944 --- [project] [    Test worker] o.s.orm.jpa.JpaTransactionManager        : Participating in existing transaction
2024-04-29T19:41:37.503+09:00 TRACE 58944 --- [project] [    Test worker] o.s.t.i.TransactionInterceptor           : Getting transaction for [org.springframework.data.jpa.repository.support.SimpleJpaRepository.save]
2024-04-29T19:41:37.503+09:00 TRACE 58944 --- [project] [    Test worker] o.s.t.i.TransactionInterceptor           : Completing transaction for [org.springframework.data.jpa.repository.support.SimpleJpaRepository.save]
2024-04-29T19:41:37.503+09:00 DEBUG 58944 --- [project] [    Test worker] o.s.orm.jpa.JpaTransactionManager        : Found thread-bound EntityManager [SessionImpl(1742749668<open>)] for JPA transaction
2024-04-29T19:41:37.503+09:00 DEBUG 58944 --- [project] [    Test worker] o.s.orm.jpa.JpaTransactionManager        : Participating in existing transaction
2024-04-29T19:41:37.503+09:00 TRACE 58944 --- [project] [    Test worker] o.s.t.i.TransactionInterceptor           : Getting transaction for [org.springframework.data.jpa.repository.support.SimpleJpaRepository.save]
2024-04-29T19:41:37.503+09:00 TRACE 58944 --- [project] [    Test worker] o.s.t.i.TransactionInterceptor           : Completing transaction for [org.springframework.data.jpa.repository.support.SimpleJpaRepository.save]
2024-04-29T19:41:37.503+09:00 DEBUG 58944 --- [project] [    Test worker] o.s.orm.jpa.JpaTransactionManager        : Found thread-bound EntityManager [SessionImpl(1742749668<open>)] for JPA transaction
2024-04-29T19:41:37.503+09:00 DEBUG 58944 --- [project] [    Test worker] o.s.orm.jpa.JpaTransactionManager        : Participating in existing transaction
2024-04-29T19:41:37.503+09:00 TRACE 58944 --- [project] [    Test worker] o.s.t.i.TransactionInterceptor           : Getting transaction for [org.springframework.data.jpa.repository.support.SimpleJpaRepository.save]
2024-04-29T19:41:37.503+09:00 TRACE 58944 --- [project] [    Test worker] o.s.t.i.TransactionInterceptor           : Completing transaction for [org.springframework.data.jpa.repository.support.SimpleJpaRepository.save]
2024-04-29T19:41:37.503+09:00 DEBUG 58944 --- [project] [    Test worker] o.s.orm.jpa.JpaTransactionManager        : Found thread-bound EntityManager [SessionImpl(1742749668<open>)] for JPA transaction
2024-04-29T19:41:37.503+09:00 DEBUG 58944 --- [project] [    Test worker] o.s.orm.jpa.JpaTransactionManager        : Participating in existing transaction
2024-04-29T19:41:37.503+09:00 TRACE 58944 --- [project] [    Test worker] o.s.t.i.TransactionInterceptor           : Getting transaction for [org.springframework.data.jpa.repository.support.SimpleJpaRepository.save]
2024-04-29T19:41:37.503+09:00 TRACE 58944 --- [project] [    Test worker] o.s.t.i.TransactionInterceptor           : Completing transaction for [org.springframework.data.jpa.repository.support.SimpleJpaRepository.save]
2024-04-29T19:41:37.503+09:00 DEBUG 58944 --- [project] [    Test worker] o.s.orm.jpa.JpaTransactionManager        : Found thread-bound EntityManager [SessionImpl(1742749668<open>)] for JPA transaction
2024-04-29T19:41:37.503+09:00 DEBUG 58944 --- [project] [    Test worker] o.s.orm.jpa.JpaTransactionManager        : Participating in existing transaction
2024-04-29T19:41:37.503+09:00 TRACE 58944 --- [project] [    Test worker] o.s.t.i.TransactionInterceptor           : Getting transaction for [org.springframework.data.jpa.repository.support.SimpleJpaRepository.save]
2024-04-29T19:41:37.504+09:00 TRACE 58944 --- [project] [    Test worker] o.s.t.i.TransactionInterceptor           : Completing transaction for [org.springframework.data.jpa.repository.support.SimpleJpaRepository.save]
2024-04-29T19:41:37.504+09:00 DEBUG 58944 --- [project] [    Test worker] o.s.orm.jpa.JpaTransactionManager        : Found thread-bound EntityManager [SessionImpl(1742749668<open>)] for JPA transaction
2024-04-29T19:41:37.504+09:00 DEBUG 58944 --- [project] [    Test worker] o.s.orm.jpa.JpaTransactionManager        : Participating in existing transaction
2024-04-29T19:41:37.504+09:00 TRACE 58944 --- [project] [    Test worker] o.s.t.i.TransactionInterceptor           : Getting transaction for [org.springframework.data.jpa.repository.support.SimpleJpaRepository.save]
2024-04-29T19:41:37.504+09:00 TRACE 58944 --- [project] [    Test worker] o.s.t.i.TransactionInterceptor           : Completing transaction for [org.springframework.data.jpa.repository.support.SimpleJpaRepository.save]
2024-04-29T19:41:37.504+09:00 DEBUG 58944 --- [project] [    Test worker] o.s.orm.jpa.JpaTransactionManager        : Found thread-bound EntityManager [SessionImpl(1742749668<open>)] for JPA transaction
2024-04-29T19:41:37.504+09:00 DEBUG 58944 --- [project] [    Test worker] o.s.orm.jpa.JpaTransactionManager        : Participating in existing transaction
2024-04-29T19:41:37.504+09:00 TRACE 58944 --- [project] [    Test worker] o.s.t.i.TransactionInterceptor           : Getting transaction for [org.springframework.data.jpa.repository.support.SimpleJpaRepository.save]
2024-04-29T19:41:37.504+09:00 TRACE 58944 --- [project] [    Test worker] o.s.t.i.TransactionInterceptor           : Completing transaction for [org.springframework.data.jpa.repository.support.SimpleJpaRepository.save]
2024-04-29T19:41:37.504+09:00 DEBUG 58944 --- [project] [    Test worker] o.s.orm.jpa.JpaTransactionManager        : Found thread-bound EntityManager [SessionImpl(1742749668<open>)] for JPA transaction
2024-04-29T19:41:37.504+09:00 DEBUG 58944 --- [project] [    Test worker] o.s.orm.jpa.JpaTransactionManager        : Participating in existing transaction
2024-04-29T19:41:37.504+09:00 TRACE 58944 --- [project] [    Test worker] o.s.t.i.TransactionInterceptor           : Getting transaction for [org.springframework.data.jpa.repository.support.SimpleJpaRepository.save]
2024-04-29T19:41:37.504+09:00 TRACE 58944 --- [project] [    Test worker] o.s.t.i.TransactionInterceptor           : Completing transaction for [org.springframework.data.jpa.repository.support.SimpleJpaRepository.save]
2024-04-29T19:41:37.504+09:00 DEBUG 58944 --- [project] [    Test worker] o.s.orm.jpa.JpaTransactionManager        : Found thread-bound EntityManager [SessionImpl(1742749668<open>)] for JPA transaction
2024-04-29T19:41:37.504+09:00 DEBUG 58944 --- [project] [    Test worker] o.s.orm.jpa.JpaTransactionManager        : Participating in existing transaction
2024-04-29T19:41:37.504+09:00 TRACE 58944 --- [project] [    Test worker] o.s.t.i.TransactionInterceptor           : Getting transaction for [org.springframework.data.jpa.repository.support.SimpleJpaRepository.save]
2024-04-29T19:41:37.504+09:00 TRACE 58944 --- [project] [    Test worker] o.s.t.i.TransactionInterceptor           : Completing transaction for [org.springframework.data.jpa.repository.support.SimpleJpaRepository.save]
2024-04-29T19:41:37.504+09:00 DEBUG 58944 --- [project] [    Test worker] o.s.orm.jpa.JpaTransactionManager        : Found thread-bound EntityManager [SessionImpl(1742749668<open>)] for JPA transaction
2024-04-29T19:41:37.504+09:00 DEBUG 58944 --- [project] [    Test worker] o.s.orm.jpa.JpaTransactionManager        : Participating in existing transaction
2024-04-29T19:41:37.504+09:00 TRACE 58944 --- [project] [    Test worker] o.s.t.i.TransactionInterceptor           : Getting transaction for [org.springframework.data.jpa.repository.support.SimpleJpaRepository.save]
2024-04-29T19:41:37.507+09:00 TRACE 58944 --- [project] [    Test worker] o.s.t.i.TransactionInterceptor           : Completing transaction for [org.springframework.data.jpa.repository.support.SimpleJpaRepository.save]
2024-04-29T19:41:37.507+09:00 DEBUG 58944 --- [project] [    Test worker] o.s.orm.jpa.JpaTransactionManager        : Found thread-bound EntityManager [SessionImpl(1742749668<open>)] for JPA transaction
2024-04-29T19:41:37.507+09:00 DEBUG 58944 --- [project] [    Test worker] o.s.orm.jpa.JpaTransactionManager        : Participating in existing transaction
2024-04-29T19:41:37.507+09:00 TRACE 58944 --- [project] [    Test worker] o.s.t.i.TransactionInterceptor           : Getting transaction for [org.springframework.data.jpa.repository.support.SimpleJpaRepository.save]
2024-04-29T19:41:37.509+09:00 TRACE 58944 --- [project] [    Test worker] o.s.t.i.TransactionInterceptor           : Completing transaction for [org.springframework.data.jpa.repository.support.SimpleJpaRepository.save]
2024-04-29T19:41:37.510+09:00 DEBUG 58944 --- [project] [    Test worker] o.s.orm.jpa.JpaTransactionManager        : Found thread-bound EntityManager [SessionImpl(1742749668<open>)] for JPA transaction
2024-04-29T19:41:37.512+09:00 DEBUG 58944 --- [project] [    Test worker] o.s.orm.jpa.JpaTransactionManager        : Participating in existing transaction
2024-04-29T19:41:37.512+09:00 TRACE 58944 --- [project] [    Test worker] o.s.t.i.TransactionInterceptor           : Getting transaction for [org.springframework.data.jpa.repository.support.SimpleJpaRepository.save]
2024-04-29T19:41:37.513+09:00 TRACE 58944 --- [project] [    Test worker] o.s.t.i.TransactionInterceptor           : Completing transaction for [org.springframework.data.jpa.repository.support.SimpleJpaRepository.save]
2024-04-29T19:41:37.513+09:00 DEBUG 58944 --- [project] [    Test worker] o.s.orm.jpa.JpaTransactionManager        : Found thread-bound EntityManager [SessionImpl(1742749668<open>)] for JPA transaction
2024-04-29T19:41:37.513+09:00 DEBUG 58944 --- [project] [    Test worker] o.s.orm.jpa.JpaTransactionManager        : Participating in existing transaction
2024-04-29T19:41:37.513+09:00 TRACE 58944 --- [project] [    Test worker] o.s.t.i.TransactionInterceptor           : Getting transaction for [org.springframework.data.jpa.repository.support.SimpleJpaRepository.save]
2024-04-29T19:41:37.514+09:00 TRACE 58944 --- [project] [    Test worker] o.s.t.i.TransactionInterceptor           : Completing transaction for [org.springframework.data.jpa.repository.support.SimpleJpaRepository.save]
2024-04-29T19:41:37.514+09:00 DEBUG 58944 --- [project] [    Test worker] o.s.orm.jpa.JpaTransactionManager        : Found thread-bound EntityManager [SessionImpl(1742749668<open>)] for JPA transaction
2024-04-29T19:41:37.514+09:00 DEBUG 58944 --- [project] [    Test worker] o.s.orm.jpa.JpaTransactionManager        : Participating in existing transaction
2024-04-29T19:41:37.514+09:00 TRACE 58944 --- [project] [    Test worker] o.s.t.i.TransactionInterceptor           : Getting transaction for [org.springframework.data.jpa.repository.support.SimpleJpaRepository.save]
2024-04-29T19:41:37.514+09:00 TRACE 58944 --- [project] [    Test worker] o.s.t.i.TransactionInterceptor           : Completing transaction for [org.springframework.data.jpa.repository.support.SimpleJpaRepository.save]
2024-04-29T19:41:37.515+09:00 DEBUG 58944 --- [project] [    Test worker] o.s.orm.jpa.JpaTransactionManager        : Found thread-bound EntityManager [SessionImpl(1742749668<open>)] for JPA transaction
2024-04-29T19:41:37.515+09:00 DEBUG 58944 --- [project] [    Test worker] o.s.orm.jpa.JpaTransactionManager        : Participating in existing transaction
2024-04-29T19:41:37.515+09:00 TRACE 58944 --- [project] [    Test worker] o.s.t.i.TransactionInterceptor           : Getting transaction for [org.springframework.data.jpa.repository.support.SimpleJpaRepository.save]
2024-04-29T19:41:37.516+09:00 TRACE 58944 --- [project] [    Test worker] o.s.t.i.TransactionInterceptor           : Completing transaction for [org.springframework.data.jpa.repository.support.SimpleJpaRepository.save]
2024-04-29T19:41:37.516+09:00 DEBUG 58944 --- [project] [    Test worker] o.s.orm.jpa.JpaTransactionManager        : Found thread-bound EntityManager [SessionImpl(1742749668<open>)] for JPA transaction
2024-04-29T19:41:37.516+09:00 DEBUG 58944 --- [project] [    Test worker] o.s.orm.jpa.JpaTransactionManager        : Participating in existing transaction
2024-04-29T19:41:37.516+09:00 TRACE 58944 --- [project] [    Test worker] o.s.t.i.TransactionInterceptor           : Getting transaction for [org.springframework.data.jpa.repository.support.SimpleJpaRepository.save]
2024-04-29T19:41:37.516+09:00 TRACE 58944 --- [project] [    Test worker] o.s.t.i.TransactionInterceptor           : Completing transaction for [org.springframework.data.jpa.repository.support.SimpleJpaRepository.save]
2024-04-29T19:41:37.516+09:00 DEBUG 58944 --- [project] [    Test worker] o.s.orm.jpa.JpaTransactionManager        : Found thread-bound EntityManager [SessionImpl(1742749668<open>)] for JPA transaction
2024-04-29T19:41:37.516+09:00 DEBUG 58944 --- [project] [    Test worker] o.s.orm.jpa.JpaTransactionManager        : Participating in existing transaction
2024-04-29T19:41:37.516+09:00 TRACE 58944 --- [project] [    Test worker] o.s.t.i.TransactionInterceptor           : Getting transaction for [org.springframework.data.jpa.repository.support.SimpleJpaRepository.save]
2024-04-29T19:41:37.518+09:00 TRACE 58944 --- [project] [    Test worker] o.s.t.i.TransactionInterceptor           : Completing transaction for [org.springframework.data.jpa.repository.support.SimpleJpaRepository.save]
2024-04-29T19:41:37.518+09:00 DEBUG 58944 --- [project] [    Test worker] o.s.orm.jpa.JpaTransactionManager        : Found thread-bound EntityManager [SessionImpl(1742749668<open>)] for JPA transaction
2024-04-29T19:41:37.518+09:00 DEBUG 58944 --- [project] [    Test worker] o.s.orm.jpa.JpaTransactionManager        : Participating in existing transaction
2024-04-29T19:41:37.518+09:00 TRACE 58944 --- [project] [    Test worker] o.s.t.i.TransactionInterceptor           : Getting transaction for [org.springframework.data.jpa.repository.support.SimpleJpaRepository.save]
2024-04-29T19:41:37.518+09:00 TRACE 58944 --- [project] [    Test worker] o.s.t.i.TransactionInterceptor           : Completing transaction for [org.springframework.data.jpa.repository.support.SimpleJpaRepository.save]
2024-04-29T19:41:37.518+09:00 DEBUG 58944 --- [project] [    Test worker] o.s.orm.jpa.JpaTransactionManager        : Found thread-bound EntityManager [SessionImpl(1742749668<open>)] for JPA transaction
2024-04-29T19:41:37.518+09:00 DEBUG 58944 --- [project] [    Test worker] o.s.orm.jpa.JpaTransactionManager        : Participating in existing transaction
2024-04-29T19:41:37.518+09:00 TRACE 58944 --- [project] [    Test worker] o.s.t.i.TransactionInterceptor           : Getting transaction for [org.springframework.data.jpa.repository.support.SimpleJpaRepository.save]
2024-04-29T19:41:37.518+09:00 TRACE 58944 --- [project] [    Test worker] o.s.t.i.TransactionInterceptor           : Completing transaction for [org.springframework.data.jpa.repository.support.SimpleJpaRepository.save]
2024-04-29T19:41:37.520+09:00 DEBUG 58944 --- [project] [    Test worker] o.s.orm.jpa.JpaTransactionManager        : Found thread-bound EntityManager [SessionImpl(1742749668<open>)] for JPA transaction
2024-04-29T19:41:37.520+09:00 DEBUG 58944 --- [project] [    Test worker] o.s.orm.jpa.JpaTransactionManager        : Participating in existing transaction
2024-04-29T19:41:37.520+09:00 TRACE 58944 --- [project] [    Test worker] o.s.t.i.TransactionInterceptor           : Getting transaction for [org.springframework.data.jpa.repository.support.SimpleJpaRepository.save]
2024-04-29T19:41:37.521+09:00 TRACE 58944 --- [project] [    Test worker] o.s.t.i.TransactionInterceptor           : Completing transaction for [org.springframework.data.jpa.repository.support.SimpleJpaRepository.save]
2024-04-29T19:41:37.521+09:00 DEBUG 58944 --- [project] [    Test worker] o.s.orm.jpa.JpaTransactionManager        : Found thread-bound EntityManager [SessionImpl(1742749668<open>)] for JPA transaction
2024-04-29T19:41:37.521+09:00 DEBUG 58944 --- [project] [    Test worker] o.s.orm.jpa.JpaTransactionManager        : Participating in existing transaction
2024-04-29T19:41:37.521+09:00 TRACE 58944 --- [project] [    Test worker] o.s.t.i.TransactionInterceptor           : Getting transaction for [org.springframework.data.jpa.repository.support.SimpleJpaRepository.save]
2024-04-29T19:41:37.522+09:00 TRACE 58944 --- [project] [    Test worker] o.s.t.i.TransactionInterceptor           : Completing transaction for [org.springframework.data.jpa.repository.support.SimpleJpaRepository.save]
2024-04-29T19:41:37.523+09:00 DEBUG 58944 --- [project] [    Test worker] o.s.orm.jpa.JpaTransactionManager        : Found thread-bound EntityManager [SessionImpl(1742749668<open>)] for JPA transaction
2024-04-29T19:41:37.523+09:00 DEBUG 58944 --- [project] [    Test worker] o.s.orm.jpa.JpaTransactionManager        : Participating in existing transaction
2024-04-29T19:41:37.523+09:00 TRACE 58944 --- [project] [    Test worker] o.s.t.i.TransactionInterceptor           : Getting transaction for [org.springframework.data.jpa.repository.support.SimpleJpaRepository.save]
2024-04-29T19:41:37.523+09:00 TRACE 58944 --- [project] [    Test worker] o.s.t.i.TransactionInterceptor           : Completing transaction for [org.springframework.data.jpa.repository.support.SimpleJpaRepository.save]
2024-04-29T19:41:37.523+09:00 DEBUG 58944 --- [project] [    Test worker] o.s.orm.jpa.JpaTransactionManager        : Found thread-bound EntityManager [SessionImpl(1742749668<open>)] for JPA transaction
2024-04-29T19:41:37.523+09:00 DEBUG 58944 --- [project] [    Test worker] o.s.orm.jpa.JpaTransactionManager        : Participating in existing transaction
2024-04-29T19:41:37.523+09:00 TRACE 58944 --- [project] [    Test worker] o.s.t.i.TransactionInterceptor           : Getting transaction for [org.springframework.data.jpa.repository.support.SimpleJpaRepository.save]
2024-04-29T19:41:37.523+09:00 TRACE 58944 --- [project] [    Test worker] o.s.t.i.TransactionInterceptor           : Completing transaction for [org.springframework.data.jpa.repository.support.SimpleJpaRepository.save]
2024-04-29T19:41:37.523+09:00 DEBUG 58944 --- [project] [    Test worker] o.s.orm.jpa.JpaTransactionManager        : Found thread-bound EntityManager [SessionImpl(1742749668<open>)] for JPA transaction
2024-04-29T19:41:37.523+09:00 DEBUG 58944 --- [project] [    Test worker] o.s.orm.jpa.JpaTransactionManager        : Participating in existing transaction
2024-04-29T19:41:37.523+09:00 TRACE 58944 --- [project] [    Test worker] o.s.t.i.TransactionInterceptor           : Getting transaction for [org.springframework.data.jpa.repository.support.SimpleJpaRepository.save]
2024-04-29T19:41:37.523+09:00 TRACE 58944 --- [project] [    Test worker] o.s.t.i.TransactionInterceptor           : Completing transaction for [org.springframework.data.jpa.repository.support.SimpleJpaRepository.save]
2024-04-29T19:41:37.523+09:00 DEBUG 58944 --- [project] [    Test worker] o.s.orm.jpa.JpaTransactionManager        : Found thread-bound EntityManager [SessionImpl(1742749668<open>)] for JPA transaction
2024-04-29T19:41:37.523+09:00 DEBUG 58944 --- [project] [    Test worker] o.s.orm.jpa.JpaTransactionManager        : Participating in existing transaction
2024-04-29T19:41:37.523+09:00 TRACE 58944 --- [project] [    Test worker] o.s.t.i.TransactionInterceptor           : Getting transaction for [org.springframework.data.jpa.repository.support.SimpleJpaRepository.save]
2024-04-29T19:41:37.523+09:00 TRACE 58944 --- [project] [    Test worker] o.s.t.i.TransactionInterceptor           : Completing transaction for [org.springframework.data.jpa.repository.support.SimpleJpaRepository.save]
2024-04-29T19:41:37.523+09:00 DEBUG 58944 --- [project] [    Test worker] o.s.orm.jpa.JpaTransactionManager        : Found thread-bound EntityManager [SessionImpl(1742749668<open>)] for JPA transaction
2024-04-29T19:41:37.523+09:00 DEBUG 58944 --- [project] [    Test worker] o.s.orm.jpa.JpaTransactionManager        : Participating in existing transaction
2024-04-29T19:41:37.523+09:00 TRACE 58944 --- [project] [    Test worker] o.s.t.i.TransactionInterceptor           : Getting transaction for [org.springframework.data.jpa.repository.support.SimpleJpaRepository.save]
2024-04-29T19:41:37.523+09:00 TRACE 58944 --- [project] [    Test worker] o.s.t.i.TransactionInterceptor           : Completing transaction for [org.springframework.data.jpa.repository.support.SimpleJpaRepository.save]
2024-04-29T19:41:37.523+09:00 DEBUG 58944 --- [project] [    Test worker] o.s.orm.jpa.JpaTransactionManager        : Found thread-bound EntityManager [SessionImpl(1742749668<open>)] for JPA transaction
2024-04-29T19:41:37.523+09:00 DEBUG 58944 --- [project] [    Test worker] o.s.orm.jpa.JpaTransactionManager        : Participating in existing transaction
2024-04-29T19:41:37.523+09:00 TRACE 58944 --- [project] [    Test worker] o.s.t.i.TransactionInterceptor           : Getting transaction for [org.springframework.data.jpa.repository.support.SimpleJpaRepository.save]
2024-04-29T19:41:37.524+09:00 TRACE 58944 --- [project] [    Test worker] o.s.t.i.TransactionInterceptor           : Completing transaction for [org.springframework.data.jpa.repository.support.SimpleJpaRepository.save]
2024-04-29T19:41:37.524+09:00 DEBUG 58944 --- [project] [    Test worker] o.s.orm.jpa.JpaTransactionManager        : Found thread-bound EntityManager [SessionImpl(1742749668<open>)] for JPA transaction
2024-04-29T19:41:37.524+09:00 DEBUG 58944 --- [project] [    Test worker] o.s.orm.jpa.JpaTransactionManager        : Participating in existing transaction
2024-04-29T19:41:37.524+09:00 TRACE 58944 --- [project] [    Test worker] o.s.t.i.TransactionInterceptor           : Getting transaction for [org.springframework.data.jpa.repository.support.SimpleJpaRepository.save]
2024-04-29T19:41:37.524+09:00 TRACE 58944 --- [project] [    Test worker] o.s.t.i.TransactionInterceptor           : Completing transaction for [org.springframework.data.jpa.repository.support.SimpleJpaRepository.save]
2024-04-29T19:41:37.524+09:00 DEBUG 58944 --- [project] [    Test worker] o.s.orm.jpa.JpaTransactionManager        : Found thread-bound EntityManager [SessionImpl(1742749668<open>)] for JPA transaction
2024-04-29T19:41:37.524+09:00 DEBUG 58944 --- [project] [    Test worker] o.s.orm.jpa.JpaTransactionManager        : Participating in existing transaction
2024-04-29T19:41:37.524+09:00 TRACE 58944 --- [project] [    Test worker] o.s.t.i.TransactionInterceptor           : Getting transaction for [org.springframework.data.jpa.repository.support.SimpleJpaRepository.save]
2024-04-29T19:41:37.524+09:00 TRACE 58944 --- [project] [    Test worker] o.s.t.i.TransactionInterceptor           : Completing transaction for [org.springframework.data.jpa.repository.support.SimpleJpaRepository.save]
2024-04-29T19:41:37.524+09:00 DEBUG 58944 --- [project] [    Test worker] o.s.orm.jpa.JpaTransactionManager        : Found thread-bound EntityManager [SessionImpl(1742749668<open>)] for JPA transaction
2024-04-29T19:41:37.524+09:00 DEBUG 58944 --- [project] [    Test worker] o.s.orm.jpa.JpaTransactionManager        : Participating in existing transaction
2024-04-29T19:41:37.524+09:00 TRACE 58944 --- [project] [    Test worker] o.s.t.i.TransactionInterceptor           : Getting transaction for [org.springframework.data.jpa.repository.support.SimpleJpaRepository.save]
2024-04-29T19:41:37.524+09:00 TRACE 58944 --- [project] [    Test worker] o.s.t.i.TransactionInterceptor           : Completing transaction for [org.springframework.data.jpa.repository.support.SimpleJpaRepository.save]
2024-04-29T19:41:37.524+09:00 DEBUG 58944 --- [project] [    Test worker] o.s.orm.jpa.JpaTransactionManager        : Found thread-bound EntityManager [SessionImpl(1742749668<open>)] for JPA transaction
2024-04-29T19:41:37.524+09:00 DEBUG 58944 --- [project] [    Test worker] o.s.orm.jpa.JpaTransactionManager        : Participating in existing transaction
2024-04-29T19:41:37.524+09:00 TRACE 58944 --- [project] [    Test worker] o.s.t.i.TransactionInterceptor           : Getting transaction for [org.springframework.data.jpa.repository.support.SimpleJpaRepository.save]
2024-04-29T19:41:37.524+09:00 TRACE 58944 --- [project] [    Test worker] o.s.t.i.TransactionInterceptor           : Completing transaction for [org.springframework.data.jpa.repository.support.SimpleJpaRepository.save]
2024-04-29T19:41:37.524+09:00 DEBUG 58944 --- [project] [    Test worker] o.s.orm.jpa.JpaTransactionManager        : Found thread-bound EntityManager [SessionImpl(1742749668<open>)] for JPA transaction
2024-04-29T19:41:37.524+09:00 DEBUG 58944 --- [project] [    Test worker] o.s.orm.jpa.JpaTransactionManager        : Participating in existing transaction
2024-04-29T19:41:37.524+09:00 TRACE 58944 --- [project] [    Test worker] o.s.t.i.TransactionInterceptor           : Getting transaction for [org.springframework.data.jpa.repository.support.SimpleJpaRepository.save]
2024-04-29T19:41:37.524+09:00 TRACE 58944 --- [project] [    Test worker] o.s.t.i.TransactionInterceptor           : Completing transaction for [org.springframework.data.jpa.repository.support.SimpleJpaRepository.save]
2024-04-29T19:41:37.524+09:00 DEBUG 58944 --- [project] [    Test worker] o.s.orm.jpa.JpaTransactionManager        : Found thread-bound EntityManager [SessionImpl(1742749668<open>)] for JPA transaction
2024-04-29T19:41:37.524+09:00 DEBUG 58944 --- [project] [    Test worker] o.s.orm.jpa.JpaTransactionManager        : Participating in existing transaction
2024-04-29T19:41:37.524+09:00 TRACE 58944 --- [project] [    Test worker] o.s.t.i.TransactionInterceptor           : Getting transaction for [org.springframework.data.jpa.repository.support.SimpleJpaRepository.save]
2024-04-29T19:41:37.524+09:00 TRACE 58944 --- [project] [    Test worker] o.s.t.i.TransactionInterceptor           : Completing transaction for [org.springframework.data.jpa.repository.support.SimpleJpaRepository.save]
2024-04-29T19:41:37.524+09:00 DEBUG 58944 --- [project] [    Test worker] o.s.orm.jpa.JpaTransactionManager        : Found thread-bound EntityManager [SessionImpl(1742749668<open>)] for JPA transaction
2024-04-29T19:41:37.524+09:00 DEBUG 58944 --- [project] [    Test worker] o.s.orm.jpa.JpaTransactionManager        : Participating in existing transaction
2024-04-29T19:41:37.524+09:00 TRACE 58944 --- [project] [    Test worker] o.s.t.i.TransactionInterceptor           : Getting transaction for [org.springframework.data.jpa.repository.support.SimpleJpaRepository.save]
2024-04-29T19:41:37.524+09:00 TRACE 58944 --- [project] [    Test worker] o.s.t.i.TransactionInterceptor           : Completing transaction for [org.springframework.data.jpa.repository.support.SimpleJpaRepository.save]
2024-04-29T19:41:37.524+09:00 DEBUG 58944 --- [project] [    Test worker] o.s.orm.jpa.JpaTransactionManager        : Found thread-bound EntityManager [SessionImpl(1742749668<open>)] for JPA transaction
2024-04-29T19:41:37.524+09:00 DEBUG 58944 --- [project] [    Test worker] o.s.orm.jpa.JpaTransactionManager        : Participating in existing transaction
2024-04-29T19:41:37.524+09:00 TRACE 58944 --- [project] [    Test worker] o.s.t.i.TransactionInterceptor           : Getting transaction for [org.springframework.data.jpa.repository.support.SimpleJpaRepository.save]
2024-04-29T19:41:37.524+09:00 TRACE 58944 --- [project] [    Test worker] o.s.t.i.TransactionInterceptor           : Completing transaction for [org.springframework.data.jpa.repository.support.SimpleJpaRepository.save]
2024-04-29T19:41:37.524+09:00 DEBUG 58944 --- [project] [    Test worker] o.s.orm.jpa.JpaTransactionManager        : Found thread-bound EntityManager [SessionImpl(1742749668<open>)] for JPA transaction
2024-04-29T19:41:37.524+09:00 DEBUG 58944 --- [project] [    Test worker] o.s.orm.jpa.JpaTransactionManager        : Participating in existing transaction
2024-04-29T19:41:37.524+09:00 TRACE 58944 --- [project] [    Test worker] o.s.t.i.TransactionInterceptor           : Getting transaction for [org.springframework.data.jpa.repository.support.SimpleJpaRepository.save]
2024-04-29T19:41:37.525+09:00 TRACE 58944 --- [project] [    Test worker] o.s.t.i.TransactionInterceptor           : Completing transaction for [org.springframework.data.jpa.repository.support.SimpleJpaRepository.save]
2024-04-29T19:41:37.525+09:00 DEBUG 58944 --- [project] [    Test worker] o.s.orm.jpa.JpaTransactionManager        : Found thread-bound EntityManager [SessionImpl(1742749668<open>)] for JPA transaction
2024-04-29T19:41:37.525+09:00 DEBUG 58944 --- [project] [    Test worker] o.s.orm.jpa.JpaTransactionManager        : Participating in existing transaction
2024-04-29T19:41:37.525+09:00 TRACE 58944 --- [project] [    Test worker] o.s.t.i.TransactionInterceptor           : Getting transaction for [org.springframework.data.jpa.repository.support.SimpleJpaRepository.save]
2024-04-29T19:41:37.525+09:00 TRACE 58944 --- [project] [    Test worker] o.s.t.i.TransactionInterceptor           : Completing transaction for [org.springframework.data.jpa.repository.support.SimpleJpaRepository.save]
2024-04-29T19:41:37.525+09:00 DEBUG 58944 --- [project] [    Test worker] o.s.orm.jpa.JpaTransactionManager        : Found thread-bound EntityManager [SessionImpl(1742749668<open>)] for JPA transaction
2024-04-29T19:41:37.525+09:00 DEBUG 58944 --- [project] [    Test worker] o.s.orm.jpa.JpaTransactionManager        : Participating in existing transaction
2024-04-29T19:41:37.525+09:00 TRACE 58944 --- [project] [    Test worker] o.s.t.i.TransactionInterceptor           : Getting transaction for [org.springframework.data.jpa.repository.support.SimpleJpaRepository.save]
2024-04-29T19:41:37.525+09:00 TRACE 58944 --- [project] [    Test worker] o.s.t.i.TransactionInterceptor           : Completing transaction for [org.springframework.data.jpa.repository.support.SimpleJpaRepository.save]
2024-04-29T19:41:37.525+09:00 DEBUG 58944 --- [project] [    Test worker] o.s.orm.jpa.JpaTransactionManager        : Found thread-bound EntityManager [SessionImpl(1742749668<open>)] for JPA transaction
2024-04-29T19:41:37.525+09:00 DEBUG 58944 --- [project] [    Test worker] o.s.orm.jpa.JpaTransactionManager        : Participating in existing transaction
2024-04-29T19:41:37.525+09:00 TRACE 58944 --- [project] [    Test worker] o.s.t.i.TransactionInterceptor           : Getting transaction for [org.springframework.data.jpa.repository.support.SimpleJpaRepository.save]
2024-04-29T19:41:37.526+09:00 DEBUG 58944 --- [project] [    Test worker] org.hibernate.SQL                        : 
    select
        next_val as id_val 
    from
        item_seq for update
Hibernate: 
    select
        next_val as id_val 
    from
        item_seq for update
2024-04-29T19:41:37.529+09:00  INFO 58944 --- [project] [    Test worker] p6spy                                    : #1714387297529 | took 1ms | statement | connection 17| url jdbc:mysql://127.0.0.1:3306/project?serverTimezone=Asia/Seoul
select next_val as id_val from item_seq for update
select next_val as id_val from item_seq for update;
2024-04-29T19:41:37.529+09:00 DEBUG 58944 --- [project] [    Test worker] org.hibernate.SQL                        : 
    update
        item_seq 
    set
        next_val= ? 
    where
        next_val=?
Hibernate: 
    update
        item_seq 
    set
        next_val= ? 
    where
        next_val=?
2024-04-29T19:41:37.530+09:00  INFO 58944 --- [project] [    Test worker] p6spy                                    : #1714387297530 | took 0ms | statement | connection 17| url jdbc:mysql://127.0.0.1:3306/project?serverTimezone=Asia/Seoul
update item_seq set next_val= ? where next_val=?
update item_seq set next_val= 301 where next_val=251;
2024-04-29T19:41:37.532+09:00  INFO 58944 --- [project] [    Test worker] p6spy                                    : #1714387297532 | took 1ms | commit | connection 17| url jdbc:mysql://127.0.0.1:3306/project?serverTimezone=Asia/Seoul

;
2024-04-29T19:41:37.534+09:00 TRACE 58944 --- [project] [    Test worker] o.s.t.i.TransactionInterceptor           : Completing transaction for [org.springframework.data.jpa.repository.support.SimpleJpaRepository.save]
2024-04-29T19:41:37.534+09:00 DEBUG 58944 --- [project] [    Test worker] o.s.orm.jpa.JpaTransactionManager        : Found thread-bound EntityManager [SessionImpl(1742749668<open>)] for JPA transaction
2024-04-29T19:41:37.535+09:00 DEBUG 58944 --- [project] [    Test worker] o.s.orm.jpa.JpaTransactionManager        : Participating in existing transaction
2024-04-29T19:41:37.535+09:00 TRACE 58944 --- [project] [    Test worker] o.s.t.i.TransactionInterceptor           : Getting transaction for [org.springframework.data.jpa.repository.support.SimpleJpaRepository.save]
2024-04-29T19:41:37.535+09:00 DEBUG 58944 --- [project] [    Test worker] org.hibernate.SQL                        : 
    select
        next_val as id_val 
    from
        upload_file_seq for update
Hibernate: 
    select
        next_val as id_val 
    from
        upload_file_seq for update
2024-04-29T19:41:37.536+09:00  INFO 58944 --- [project] [    Test worker] p6spy                                    : #1714387297536 | took 0ms | statement | connection 18| url jdbc:mysql://127.0.0.1:3306/project?serverTimezone=Asia/Seoul
select next_val as id_val from upload_file_seq for update
select next_val as id_val from upload_file_seq for update;
2024-04-29T19:41:37.537+09:00 DEBUG 58944 --- [project] [    Test worker] org.hibernate.SQL                        : 
    update
        upload_file_seq 
    set
        next_val= ? 
    where
        next_val=?
Hibernate: 
    update
        upload_file_seq 
    set
        next_val= ? 
    where
        next_val=?
2024-04-29T19:41:37.538+09:00  INFO 58944 --- [project] [    Test worker] p6spy                                    : #1714387297538 | took 0ms | statement | connection 18| url jdbc:mysql://127.0.0.1:3306/project?serverTimezone=Asia/Seoul
update upload_file_seq set next_val= ? where next_val=?
update upload_file_seq set next_val= 301 where next_val=251;
2024-04-29T19:41:37.538+09:00  INFO 58944 --- [project] [    Test worker] p6spy                                    : #1714387297538 | took 0ms | commit | connection 18| url jdbc:mysql://127.0.0.1:3306/project?serverTimezone=Asia/Seoul

;
2024-04-29T19:41:37.539+09:00 TRACE 58944 --- [project] [    Test worker] o.s.t.i.TransactionInterceptor           : Completing transaction for [org.springframework.data.jpa.repository.support.SimpleJpaRepository.save]
2024-04-29T19:41:37.539+09:00 DEBUG 58944 --- [project] [    Test worker] o.s.orm.jpa.JpaTransactionManager        : Found thread-bound EntityManager [SessionImpl(1742749668<open>)] for JPA transaction
2024-04-29T19:41:37.539+09:00 DEBUG 58944 --- [project] [    Test worker] o.s.orm.jpa.JpaTransactionManager        : Participating in existing transaction
2024-04-29T19:41:37.539+09:00 TRACE 58944 --- [project] [    Test worker] o.s.t.i.TransactionInterceptor           : Getting transaction for [org.springframework.data.jpa.repository.support.SimpleJpaRepository.save]
2024-04-29T19:41:37.539+09:00 TRACE 58944 --- [project] [    Test worker] o.s.t.i.TransactionInterceptor           : Completing transaction for [org.springframework.data.jpa.repository.support.SimpleJpaRepository.save]
2024-04-29T19:41:37.539+09:00 DEBUG 58944 --- [project] [    Test worker] o.s.orm.jpa.JpaTransactionManager        : Found thread-bound EntityManager [SessionImpl(1742749668<open>)] for JPA transaction
2024-04-29T19:41:37.539+09:00 DEBUG 58944 --- [project] [    Test worker] o.s.orm.jpa.JpaTransactionManager        : Participating in existing transaction
2024-04-29T19:41:37.539+09:00 TRACE 58944 --- [project] [    Test worker] o.s.t.i.TransactionInterceptor           : Getting transaction for [org.springframework.data.jpa.repository.support.SimpleJpaRepository.save]
2024-04-29T19:41:37.539+09:00 TRACE 58944 --- [project] [    Test worker] o.s.t.i.TransactionInterceptor           : Completing transaction for [org.springframework.data.jpa.repository.support.SimpleJpaRepository.save]
2024-04-29T19:41:37.540+09:00 DEBUG 58944 --- [project] [    Test worker] o.s.orm.jpa.JpaTransactionManager        : Found thread-bound EntityManager [SessionImpl(1742749668<open>)] for JPA transaction
2024-04-29T19:41:37.540+09:00 DEBUG 58944 --- [project] [    Test worker] o.s.orm.jpa.JpaTransactionManager        : Participating in existing transaction
2024-04-29T19:41:37.540+09:00 TRACE 58944 --- [project] [    Test worker] o.s.t.i.TransactionInterceptor           : Getting transaction for [org.springframework.data.jpa.repository.support.SimpleJpaRepository.save]
2024-04-29T19:41:37.540+09:00 TRACE 58944 --- [project] [    Test worker] o.s.t.i.TransactionInterceptor           : Completing transaction for [org.springframework.data.jpa.repository.support.SimpleJpaRepository.save]
2024-04-29T19:41:37.540+09:00 DEBUG 58944 --- [project] [    Test worker] o.s.orm.jpa.JpaTransactionManager        : Found thread-bound EntityManager [SessionImpl(1742749668<open>)] for JPA transaction
2024-04-29T19:41:37.540+09:00 DEBUG 58944 --- [project] [    Test worker] o.s.orm.jpa.JpaTransactionManager        : Participating in existing transaction
2024-04-29T19:41:37.540+09:00 TRACE 58944 --- [project] [    Test worker] o.s.t.i.TransactionInterceptor           : Getting transaction for [org.springframework.data.jpa.repository.support.SimpleJpaRepository.save]
2024-04-29T19:41:37.540+09:00 TRACE 58944 --- [project] [    Test worker] o.s.t.i.TransactionInterceptor           : Completing transaction for [org.springframework.data.jpa.repository.support.SimpleJpaRepository.save]
2024-04-29T19:41:37.540+09:00 DEBUG 58944 --- [project] [    Test worker] o.s.orm.jpa.JpaTransactionManager        : Found thread-bound EntityManager [SessionImpl(1742749668<open>)] for JPA transaction
2024-04-29T19:41:37.540+09:00 DEBUG 58944 --- [project] [    Test worker] o.s.orm.jpa.JpaTransactionManager        : Participating in existing transaction
2024-04-29T19:41:37.540+09:00 TRACE 58944 --- [project] [    Test worker] o.s.t.i.TransactionInterceptor           : Getting transaction for [org.springframework.data.jpa.repository.support.SimpleJpaRepository.save]
2024-04-29T19:41:37.540+09:00 TRACE 58944 --- [project] [    Test worker] o.s.t.i.TransactionInterceptor           : Completing transaction for [org.springframework.data.jpa.repository.support.SimpleJpaRepository.save]
2024-04-29T19:41:37.540+09:00 DEBUG 58944 --- [project] [    Test worker] o.s.orm.jpa.JpaTransactionManager        : Found thread-bound EntityManager [SessionImpl(1742749668<open>)] for JPA transaction
2024-04-29T19:41:37.540+09:00 DEBUG 58944 --- [project] [    Test worker] o.s.orm.jpa.JpaTransactionManager        : Participating in existing transaction
2024-04-29T19:41:37.540+09:00 TRACE 58944 --- [project] [    Test worker] o.s.t.i.TransactionInterceptor           : Getting transaction for [org.springframework.data.jpa.repository.support.SimpleJpaRepository.save]
2024-04-29T19:41:37.540+09:00 TRACE 58944 --- [project] [    Test worker] o.s.t.i.TransactionInterceptor           : Completing transaction for [org.springframework.data.jpa.repository.support.SimpleJpaRepository.save]
2024-04-29T19:41:37.540+09:00 DEBUG 58944 --- [project] [    Test worker] o.s.orm.jpa.JpaTransactionManager        : Found thread-bound EntityManager [SessionImpl(1742749668<open>)] for JPA transaction
2024-04-29T19:41:37.540+09:00 DEBUG 58944 --- [project] [    Test worker] o.s.orm.jpa.JpaTransactionManager        : Participating in existing transaction
2024-04-29T19:41:37.540+09:00 TRACE 58944 --- [project] [    Test worker] o.s.t.i.TransactionInterceptor           : Getting transaction for [org.springframework.data.jpa.repository.support.SimpleJpaRepository.save]
2024-04-29T19:41:37.540+09:00 TRACE 58944 --- [project] [    Test worker] o.s.t.i.TransactionInterceptor           : Completing transaction for [org.springframework.data.jpa.repository.support.SimpleJpaRepository.save]
2024-04-29T19:41:37.540+09:00 DEBUG 58944 --- [project] [    Test worker] o.s.orm.jpa.JpaTransactionManager        : Found thread-bound EntityManager [SessionImpl(1742749668<open>)] for JPA transaction
2024-04-29T19:41:37.540+09:00 DEBUG 58944 --- [project] [    Test worker] o.s.orm.jpa.JpaTransactionManager        : Participating in existing transaction
2024-04-29T19:41:37.540+09:00 TRACE 58944 --- [project] [    Test worker] o.s.t.i.TransactionInterceptor           : Getting transaction for [org.springframework.data.jpa.repository.support.SimpleJpaRepository.save]
2024-04-29T19:41:37.540+09:00 TRACE 58944 --- [project] [    Test worker] o.s.t.i.TransactionInterceptor           : Completing transaction for [org.springframework.data.jpa.repository.support.SimpleJpaRepository.save]
2024-04-29T19:41:37.540+09:00 DEBUG 58944 --- [project] [    Test worker] o.s.orm.jpa.JpaTransactionManager        : Found thread-bound EntityManager [SessionImpl(1742749668<open>)] for JPA transaction
2024-04-29T19:41:37.540+09:00 DEBUG 58944 --- [project] [    Test worker] o.s.orm.jpa.JpaTransactionManager        : Participating in existing transaction
2024-04-29T19:41:37.540+09:00 TRACE 58944 --- [project] [    Test worker] o.s.t.i.TransactionInterceptor           : Getting transaction for [org.springframework.data.jpa.repository.support.SimpleJpaRepository.save]
2024-04-29T19:41:37.540+09:00 TRACE 58944 --- [project] [    Test worker] o.s.t.i.TransactionInterceptor           : Completing transaction for [org.springframework.data.jpa.repository.support.SimpleJpaRepository.save]
2024-04-29T19:41:37.540+09:00 DEBUG 58944 --- [project] [    Test worker] o.s.orm.jpa.JpaTransactionManager        : Found thread-bound EntityManager [SessionImpl(1742749668<open>)] for JPA transaction
2024-04-29T19:41:37.540+09:00 DEBUG 58944 --- [project] [    Test worker] o.s.orm.jpa.JpaTransactionManager        : Participating in existing transaction
2024-04-29T19:41:37.540+09:00 TRACE 58944 --- [project] [    Test worker] o.s.t.i.TransactionInterceptor           : Getting transaction for [org.springframework.data.jpa.repository.support.SimpleJpaRepository.save]
2024-04-29T19:41:37.540+09:00 TRACE 58944 --- [project] [    Test worker] o.s.t.i.TransactionInterceptor           : Completing transaction for [org.springframework.data.jpa.repository.support.SimpleJpaRepository.save]
2024-04-29T19:41:37.540+09:00 DEBUG 58944 --- [project] [    Test worker] o.s.orm.jpa.JpaTransactionManager        : Found thread-bound EntityManager [SessionImpl(1742749668<open>)] for JPA transaction
2024-04-29T19:41:37.540+09:00 DEBUG 58944 --- [project] [    Test worker] o.s.orm.jpa.JpaTransactionManager        : Participating in existing transaction
2024-04-29T19:41:37.540+09:00 TRACE 58944 --- [project] [    Test worker] o.s.t.i.TransactionInterceptor           : Getting transaction for [org.springframework.data.jpa.repository.support.SimpleJpaRepository.save]
2024-04-29T19:41:37.540+09:00 TRACE 58944 --- [project] [    Test worker] o.s.t.i.TransactionInterceptor           : Completing transaction for [org.springframework.data.jpa.repository.support.SimpleJpaRepository.save]
2024-04-29T19:41:37.540+09:00 DEBUG 58944 --- [project] [    Test worker] o.s.orm.jpa.JpaTransactionManager        : Found thread-bound EntityManager [SessionImpl(1742749668<open>)] for JPA transaction
2024-04-29T19:41:37.541+09:00 DEBUG 58944 --- [project] [    Test worker] o.s.orm.jpa.JpaTransactionManager        : Participating in existing transaction
2024-04-29T19:41:37.541+09:00 TRACE 58944 --- [project] [    Test worker] o.s.t.i.TransactionInterceptor           : Getting transaction for [org.springframework.data.jpa.repository.support.SimpleJpaRepository.save]
2024-04-29T19:41:37.541+09:00 TRACE 58944 --- [project] [    Test worker] o.s.t.i.TransactionInterceptor           : Completing transaction for [org.springframework.data.jpa.repository.support.SimpleJpaRepository.save]
2024-04-29T19:41:37.541+09:00 DEBUG 58944 --- [project] [    Test worker] o.s.orm.jpa.JpaTransactionManager        : Found thread-bound EntityManager [SessionImpl(1742749668<open>)] for JPA transaction
2024-04-29T19:41:37.541+09:00 DEBUG 58944 --- [project] [    Test worker] o.s.orm.jpa.JpaTransactionManager        : Participating in existing transaction
2024-04-29T19:41:37.541+09:00 TRACE 58944 --- [project] [    Test worker] o.s.t.i.TransactionInterceptor           : Getting transaction for [org.springframework.data.jpa.repository.support.SimpleJpaRepository.save]
2024-04-29T19:41:37.541+09:00 TRACE 58944 --- [project] [    Test worker] o.s.t.i.TransactionInterceptor           : Completing transaction for [org.springframework.data.jpa.repository.support.SimpleJpaRepository.save]
2024-04-29T19:41:37.541+09:00 DEBUG 58944 --- [project] [    Test worker] o.s.orm.jpa.JpaTransactionManager        : Found thread-bound EntityManager [SessionImpl(1742749668<open>)] for JPA transaction
2024-04-29T19:41:37.541+09:00 DEBUG 58944 --- [project] [    Test worker] o.s.orm.jpa.JpaTransactionManager        : Participating in existing transaction
2024-04-29T19:41:37.541+09:00 TRACE 58944 --- [project] [    Test worker] o.s.t.i.TransactionInterceptor           : Getting transaction for [org.springframework.data.jpa.repository.support.SimpleJpaRepository.save]
2024-04-29T19:41:37.541+09:00 TRACE 58944 --- [project] [    Test worker] o.s.t.i.TransactionInterceptor           : Completing transaction for [org.springframework.data.jpa.repository.support.SimpleJpaRepository.save]
2024-04-29T19:41:37.541+09:00 DEBUG 58944 --- [project] [    Test worker] o.s.orm.jpa.JpaTransactionManager        : Found thread-bound EntityManager [SessionImpl(1742749668<open>)] for JPA transaction
2024-04-29T19:41:37.541+09:00 DEBUG 58944 --- [project] [    Test worker] o.s.orm.jpa.JpaTransactionManager        : Participating in existing transaction
2024-04-29T19:41:37.541+09:00 TRACE 58944 --- [project] [    Test worker] o.s.t.i.TransactionInterceptor           : Getting transaction for [org.springframework.data.jpa.repository.support.SimpleJpaRepository.save]
2024-04-29T19:41:37.541+09:00 TRACE 58944 --- [project] [    Test worker] o.s.t.i.TransactionInterceptor           : Completing transaction for [org.springframework.data.jpa.repository.support.SimpleJpaRepository.save]
2024-04-29T19:41:37.541+09:00 DEBUG 58944 --- [project] [    Test worker] o.s.orm.jpa.JpaTransactionManager        : Found thread-bound EntityManager [SessionImpl(1742749668<open>)] for JPA transaction
2024-04-29T19:41:37.541+09:00 DEBUG 58944 --- [project] [    Test worker] o.s.orm.jpa.JpaTransactionManager        : Participating in existing transaction
2024-04-29T19:41:37.541+09:00 TRACE 58944 --- [project] [    Test worker] o.s.t.i.TransactionInterceptor           : Getting transaction for [org.springframework.data.jpa.repository.support.SimpleJpaRepository.save]
2024-04-29T19:41:37.541+09:00 TRACE 58944 --- [project] [    Test worker] o.s.t.i.TransactionInterceptor           : Completing transaction for [org.springframework.data.jpa.repository.support.SimpleJpaRepository.save]
2024-04-29T19:41:37.541+09:00 DEBUG 58944 --- [project] [    Test worker] o.s.orm.jpa.JpaTransactionManager        : Found thread-bound EntityManager [SessionImpl(1742749668<open>)] for JPA transaction
2024-04-29T19:41:37.541+09:00 DEBUG 58944 --- [project] [    Test worker] o.s.orm.jpa.JpaTransactionManager        : Participating in existing transaction
2024-04-29T19:41:37.541+09:00 TRACE 58944 --- [project] [    Test worker] o.s.t.i.TransactionInterceptor           : Getting transaction for [org.springframework.data.jpa.repository.support.SimpleJpaRepository.save]
2024-04-29T19:41:37.541+09:00 TRACE 58944 --- [project] [    Test worker] o.s.t.i.TransactionInterceptor           : Completing transaction for [org.springframework.data.jpa.repository.support.SimpleJpaRepository.save]
2024-04-29T19:41:37.541+09:00 DEBUG 58944 --- [project] [    Test worker] o.s.orm.jpa.JpaTransactionManager        : Found thread-bound EntityManager [SessionImpl(1742749668<open>)] for JPA transaction
2024-04-29T19:41:37.541+09:00 DEBUG 58944 --- [project] [    Test worker] o.s.orm.jpa.JpaTransactionManager        : Participating in existing transaction
2024-04-29T19:41:37.541+09:00 TRACE 58944 --- [project] [    Test worker] o.s.t.i.TransactionInterceptor           : Getting transaction for [org.springframework.data.jpa.repository.support.SimpleJpaRepository.save]
2024-04-29T19:41:37.541+09:00 TRACE 58944 --- [project] [    Test worker] o.s.t.i.TransactionInterceptor           : Completing transaction for [org.springframework.data.jpa.repository.support.SimpleJpaRepository.save]
2024-04-29T19:41:37.541+09:00 DEBUG 58944 --- [project] [    Test worker] o.s.orm.jpa.JpaTransactionManager        : Found thread-bound EntityManager [SessionImpl(1742749668<open>)] for JPA transaction
2024-04-29T19:41:37.541+09:00 DEBUG 58944 --- [project] [    Test worker] o.s.orm.jpa.JpaTransactionManager        : Participating in existing transaction
2024-04-29T19:41:37.541+09:00 TRACE 58944 --- [project] [    Test worker] o.s.t.i.TransactionInterceptor           : Getting transaction for [org.springframework.data.jpa.repository.support.SimpleJpaRepository.save]
2024-04-29T19:41:37.541+09:00 TRACE 58944 --- [project] [    Test worker] o.s.t.i.TransactionInterceptor           : Completing transaction for [org.springframework.data.jpa.repository.support.SimpleJpaRepository.save]
2024-04-29T19:41:37.541+09:00 DEBUG 58944 --- [project] [    Test worker] o.s.orm.jpa.JpaTransactionManager        : Found thread-bound EntityManager [SessionImpl(1742749668<open>)] for JPA transaction
2024-04-29T19:41:37.541+09:00 DEBUG 58944 --- [project] [    Test worker] o.s.orm.jpa.JpaTransactionManager        : Participating in existing transaction
2024-04-29T19:41:37.541+09:00 TRACE 58944 --- [project] [    Test worker] o.s.t.i.TransactionInterceptor           : Getting transaction for [org.springframework.data.jpa.repository.support.SimpleJpaRepository.save]
2024-04-29T19:41:37.541+09:00 TRACE 58944 --- [project] [    Test worker] o.s.t.i.TransactionInterceptor           : Completing transaction for [org.springframework.data.jpa.repository.support.SimpleJpaRepository.save]
2024-04-29T19:41:37.542+09:00 DEBUG 58944 --- [project] [    Test worker] o.s.orm.jpa.JpaTransactionManager        : Found thread-bound EntityManager [SessionImpl(1742749668<open>)] for JPA transaction
2024-04-29T19:41:37.542+09:00 DEBUG 58944 --- [project] [    Test worker] o.s.orm.jpa.JpaTransactionManager        : Participating in existing transaction
2024-04-29T19:41:37.542+09:00 TRACE 58944 --- [project] [    Test worker] o.s.t.i.TransactionInterceptor           : Getting transaction for [org.springframework.data.jpa.repository.support.SimpleJpaRepository.save]
2024-04-29T19:41:37.542+09:00 TRACE 58944 --- [project] [    Test worker] o.s.t.i.TransactionInterceptor           : Completing transaction for [org.springframework.data.jpa.repository.support.SimpleJpaRepository.save]
2024-04-29T19:41:37.542+09:00 DEBUG 58944 --- [project] [    Test worker] o.s.orm.jpa.JpaTransactionManager        : Found thread-bound EntityManager [SessionImpl(1742749668<open>)] for JPA transaction
2024-04-29T19:41:37.542+09:00 DEBUG 58944 --- [project] [    Test worker] o.s.orm.jpa.JpaTransactionManager        : Participating in existing transaction
2024-04-29T19:41:37.542+09:00 TRACE 58944 --- [project] [    Test worker] o.s.t.i.TransactionInterceptor           : Getting transaction for [org.springframework.data.jpa.repository.support.SimpleJpaRepository.save]
2024-04-29T19:41:37.542+09:00 TRACE 58944 --- [project] [    Test worker] o.s.t.i.TransactionInterceptor           : Completing transaction for [org.springframework.data.jpa.repository.support.SimpleJpaRepository.save]
2024-04-29T19:41:37.542+09:00 DEBUG 58944 --- [project] [    Test worker] o.s.orm.jpa.JpaTransactionManager        : Found thread-bound EntityManager [SessionImpl(1742749668<open>)] for JPA transaction
2024-04-29T19:41:37.542+09:00 DEBUG 58944 --- [project] [    Test worker] o.s.orm.jpa.JpaTransactionManager        : Participating in existing transaction
2024-04-29T19:41:37.542+09:00 TRACE 58944 --- [project] [    Test worker] o.s.t.i.TransactionInterceptor           : Getting transaction for [org.springframework.data.jpa.repository.support.SimpleJpaRepository.save]
2024-04-29T19:41:37.542+09:00 TRACE 58944 --- [project] [    Test worker] o.s.t.i.TransactionInterceptor           : Completing transaction for [org.springframework.data.jpa.repository.support.SimpleJpaRepository.save]
2024-04-29T19:41:37.542+09:00 DEBUG 58944 --- [project] [    Test worker] o.s.orm.jpa.JpaTransactionManager        : Found thread-bound EntityManager [SessionImpl(1742749668<open>)] for JPA transaction
2024-04-29T19:41:37.542+09:00 DEBUG 58944 --- [project] [    Test worker] o.s.orm.jpa.JpaTransactionManager        : Participating in existing transaction
2024-04-29T19:41:37.542+09:00 TRACE 58944 --- [project] [    Test worker] o.s.t.i.TransactionInterceptor           : Getting transaction for [org.springframework.data.jpa.repository.support.SimpleJpaRepository.save]
2024-04-29T19:41:37.542+09:00 TRACE 58944 --- [project] [    Test worker] o.s.t.i.TransactionInterceptor           : Completing transaction for [org.springframework.data.jpa.repository.support.SimpleJpaRepository.save]
2024-04-29T19:41:37.542+09:00 DEBUG 58944 --- [project] [    Test worker] o.s.orm.jpa.JpaTransactionManager        : Found thread-bound EntityManager [SessionImpl(1742749668<open>)] for JPA transaction
2024-04-29T19:41:37.542+09:00 DEBUG 58944 --- [project] [    Test worker] o.s.orm.jpa.JpaTransactionManager        : Participating in existing transaction
2024-04-29T19:41:37.542+09:00 TRACE 58944 --- [project] [    Test worker] o.s.t.i.TransactionInterceptor           : Getting transaction for [org.springframework.data.jpa.repository.support.SimpleJpaRepository.save]
2024-04-29T19:41:37.542+09:00 TRACE 58944 --- [project] [    Test worker] o.s.t.i.TransactionInterceptor           : Completing transaction for [org.springframework.data.jpa.repository.support.SimpleJpaRepository.save]
2024-04-29T19:41:37.542+09:00 DEBUG 58944 --- [project] [    Test worker] o.s.orm.jpa.JpaTransactionManager        : Found thread-bound EntityManager [SessionImpl(1742749668<open>)] for JPA transaction
2024-04-29T19:41:37.542+09:00 DEBUG 58944 --- [project] [    Test worker] o.s.orm.jpa.JpaTransactionManager        : Participating in existing transaction
2024-04-29T19:41:37.542+09:00 TRACE 58944 --- [project] [    Test worker] o.s.t.i.TransactionInterceptor           : Getting transaction for [org.springframework.data.jpa.repository.support.SimpleJpaRepository.save]
2024-04-29T19:41:37.542+09:00 TRACE 58944 --- [project] [    Test worker] o.s.t.i.TransactionInterceptor           : Completing transaction for [org.springframework.data.jpa.repository.support.SimpleJpaRepository.save]
2024-04-29T19:41:37.542+09:00 DEBUG 58944 --- [project] [    Test worker] o.s.orm.jpa.JpaTransactionManager        : Found thread-bound EntityManager [SessionImpl(1742749668<open>)] for JPA transaction
2024-04-29T19:41:37.542+09:00 DEBUG 58944 --- [project] [    Test worker] o.s.orm.jpa.JpaTransactionManager        : Participating in existing transaction
2024-04-29T19:41:37.542+09:00 TRACE 58944 --- [project] [    Test worker] o.s.t.i.TransactionInterceptor           : Getting transaction for [org.springframework.data.jpa.repository.support.SimpleJpaRepository.save]
2024-04-29T19:41:37.542+09:00 TRACE 58944 --- [project] [    Test worker] o.s.t.i.TransactionInterceptor           : Completing transaction for [org.springframework.data.jpa.repository.support.SimpleJpaRepository.save]
2024-04-29T19:41:37.542+09:00 DEBUG 58944 --- [project] [    Test worker] o.s.orm.jpa.JpaTransactionManager        : Found thread-bound EntityManager [SessionImpl(1742749668<open>)] for JPA transaction
2024-04-29T19:41:37.542+09:00 DEBUG 58944 --- [project] [    Test worker] o.s.orm.jpa.JpaTransactionManager        : Participating in existing transaction
2024-04-29T19:41:37.542+09:00 TRACE 58944 --- [project] [    Test worker] o.s.t.i.TransactionInterceptor           : Getting transaction for [org.springframework.data.jpa.repository.support.SimpleJpaRepository.save]
2024-04-29T19:41:37.542+09:00 TRACE 58944 --- [project] [    Test worker] o.s.t.i.TransactionInterceptor           : Completing transaction for [org.springframework.data.jpa.repository.support.SimpleJpaRepository.save]
2024-04-29T19:41:37.542+09:00 DEBUG 58944 --- [project] [    Test worker] o.s.orm.jpa.JpaTransactionManager        : Found thread-bound EntityManager [SessionImpl(1742749668<open>)] for JPA transaction
2024-04-29T19:41:37.542+09:00 DEBUG 58944 --- [project] [    Test worker] o.s.orm.jpa.JpaTransactionManager        : Participating in existing transaction
2024-04-29T19:41:37.542+09:00 TRACE 58944 --- [project] [    Test worker] o.s.t.i.TransactionInterceptor           : Getting transaction for [org.springframework.data.jpa.repository.support.SimpleJpaRepository.save]
2024-04-29T19:41:37.543+09:00 TRACE 58944 --- [project] [    Test worker] o.s.t.i.TransactionInterceptor           : Completing transaction for [org.springframework.data.jpa.repository.support.SimpleJpaRepository.save]
2024-04-29T19:41:37.543+09:00 DEBUG 58944 --- [project] [    Test worker] o.s.orm.jpa.JpaTransactionManager        : Found thread-bound EntityManager [SessionImpl(1742749668<open>)] for JPA transaction
2024-04-29T19:41:37.543+09:00 DEBUG 58944 --- [project] [    Test worker] o.s.orm.jpa.JpaTransactionManager        : Participating in existing transaction
2024-04-29T19:41:37.543+09:00 TRACE 58944 --- [project] [    Test worker] o.s.t.i.TransactionInterceptor           : Getting transaction for [org.springframework.data.jpa.repository.support.SimpleJpaRepository.save]
2024-04-29T19:41:37.544+09:00 TRACE 58944 --- [project] [    Test worker] o.s.t.i.TransactionInterceptor           : Completing transaction for [org.springframework.data.jpa.repository.support.SimpleJpaRepository.save]
2024-04-29T19:41:37.544+09:00 DEBUG 58944 --- [project] [    Test worker] o.s.orm.jpa.JpaTransactionManager        : Found thread-bound EntityManager [SessionImpl(1742749668<open>)] for JPA transaction
2024-04-29T19:41:37.545+09:00 DEBUG 58944 --- [project] [    Test worker] o.s.orm.jpa.JpaTransactionManager        : Participating in existing transaction
2024-04-29T19:41:37.545+09:00 TRACE 58944 --- [project] [    Test worker] o.s.t.i.TransactionInterceptor           : Getting transaction for [org.springframework.data.jpa.repository.support.SimpleJpaRepository.save]
2024-04-29T19:41:37.545+09:00 TRACE 58944 --- [project] [    Test worker] o.s.t.i.TransactionInterceptor           : Completing transaction for [org.springframework.data.jpa.repository.support.SimpleJpaRepository.save]
2024-04-29T19:41:37.545+09:00 DEBUG 58944 --- [project] [    Test worker] o.s.orm.jpa.JpaTransactionManager        : Found thread-bound EntityManager [SessionImpl(1742749668<open>)] for JPA transaction
2024-04-29T19:41:37.545+09:00 DEBUG 58944 --- [project] [    Test worker] o.s.orm.jpa.JpaTransactionManager        : Participating in existing transaction
2024-04-29T19:41:37.545+09:00 TRACE 58944 --- [project] [    Test worker] o.s.t.i.TransactionInterceptor           : Getting transaction for [org.springframework.data.jpa.repository.support.SimpleJpaRepository.save]
2024-04-29T19:41:37.545+09:00 TRACE 58944 --- [project] [    Test worker] o.s.t.i.TransactionInterceptor           : Completing transaction for [org.springframework.data.jpa.repository.support.SimpleJpaRepository.save]
2024-04-29T19:41:37.545+09:00 DEBUG 58944 --- [project] [    Test worker] o.s.orm.jpa.JpaTransactionManager        : Found thread-bound EntityManager [SessionImpl(1742749668<open>)] for JPA transaction
2024-04-29T19:41:37.545+09:00 DEBUG 58944 --- [project] [    Test worker] o.s.orm.jpa.JpaTransactionManager        : Participating in existing transaction
2024-04-29T19:41:37.545+09:00 TRACE 58944 --- [project] [    Test worker] o.s.t.i.TransactionInterceptor           : Getting transaction for [org.springframework.data.jpa.repository.support.SimpleJpaRepository.save]
2024-04-29T19:41:37.545+09:00 TRACE 58944 --- [project] [    Test worker] o.s.t.i.TransactionInterceptor           : Completing transaction for [org.springframework.data.jpa.repository.support.SimpleJpaRepository.save]
2024-04-29T19:41:37.545+09:00 DEBUG 58944 --- [project] [    Test worker] o.s.orm.jpa.JpaTransactionManager        : Found thread-bound EntityManager [SessionImpl(1742749668<open>)] for JPA transaction
2024-04-29T19:41:37.545+09:00 DEBUG 58944 --- [project] [    Test worker] o.s.orm.jpa.JpaTransactionManager        : Participating in existing transaction
2024-04-29T19:41:37.545+09:00 TRACE 58944 --- [project] [    Test worker] o.s.t.i.TransactionInterceptor           : Getting transaction for [org.springframework.data.jpa.repository.support.SimpleJpaRepository.save]
2024-04-29T19:41:37.546+09:00 TRACE 58944 --- [project] [    Test worker] o.s.t.i.TransactionInterceptor           : Completing transaction for [org.springframework.data.jpa.repository.support.SimpleJpaRepository.save]
2024-04-29T19:41:37.546+09:00 DEBUG 58944 --- [project] [    Test worker] o.s.orm.jpa.JpaTransactionManager        : Found thread-bound EntityManager [SessionImpl(1742749668<open>)] for JPA transaction
2024-04-29T19:41:37.546+09:00 DEBUG 58944 --- [project] [    Test worker] o.s.orm.jpa.JpaTransactionManager        : Participating in existing transaction
2024-04-29T19:41:37.546+09:00 TRACE 58944 --- [project] [    Test worker] o.s.t.i.TransactionInterceptor           : Getting transaction for [org.springframework.data.jpa.repository.support.SimpleJpaRepository.save]
2024-04-29T19:41:37.546+09:00 TRACE 58944 --- [project] [    Test worker] o.s.t.i.TransactionInterceptor           : Completing transaction for [org.springframework.data.jpa.repository.support.SimpleJpaRepository.save]
2024-04-29T19:41:37.546+09:00 DEBUG 58944 --- [project] [    Test worker] o.s.orm.jpa.JpaTransactionManager        : Found thread-bound EntityManager [SessionImpl(1742749668<open>)] for JPA transaction
2024-04-29T19:41:37.546+09:00 DEBUG 58944 --- [project] [    Test worker] o.s.orm.jpa.JpaTransactionManager        : Participating in existing transaction
2024-04-29T19:41:37.546+09:00 TRACE 58944 --- [project] [    Test worker] o.s.t.i.TransactionInterceptor           : Getting transaction for [org.springframework.data.jpa.repository.support.SimpleJpaRepository.save]
2024-04-29T19:41:37.546+09:00 TRACE 58944 --- [project] [    Test worker] o.s.t.i.TransactionInterceptor           : Completing transaction for [org.springframework.data.jpa.repository.support.SimpleJpaRepository.save]
2024-04-29T19:41:37.546+09:00 DEBUG 58944 --- [project] [    Test worker] o.s.orm.jpa.JpaTransactionManager        : Found thread-bound EntityManager [SessionImpl(1742749668<open>)] for JPA transaction
2024-04-29T19:41:37.546+09:00 DEBUG 58944 --- [project] [    Test worker] o.s.orm.jpa.JpaTransactionManager        : Participating in existing transaction
2024-04-29T19:41:37.546+09:00 TRACE 58944 --- [project] [    Test worker] o.s.t.i.TransactionInterceptor           : Getting transaction for [org.springframework.data.jpa.repository.support.SimpleJpaRepository.save]
2024-04-29T19:41:37.546+09:00 TRACE 58944 --- [project] [    Test worker] o.s.t.i.TransactionInterceptor           : Completing transaction for [org.springframework.data.jpa.repository.support.SimpleJpaRepository.save]
2024-04-29T19:41:37.546+09:00 DEBUG 58944 --- [project] [    Test worker] o.s.orm.jpa.JpaTransactionManager        : Found thread-bound EntityManager [SessionImpl(1742749668<open>)] for JPA transaction
2024-04-29T19:41:37.546+09:00 DEBUG 58944 --- [project] [    Test worker] o.s.orm.jpa.JpaTransactionManager        : Participating in existing transaction
2024-04-29T19:41:37.546+09:00 TRACE 58944 --- [project] [    Test worker] o.s.t.i.TransactionInterceptor           : Getting transaction for [org.springframework.data.jpa.repository.support.SimpleJpaRepository.save]
2024-04-29T19:41:37.546+09:00 TRACE 58944 --- [project] [    Test worker] o.s.t.i.TransactionInterceptor           : Completing transaction for [org.springframework.data.jpa.repository.support.SimpleJpaRepository.save]
2024-04-29T19:41:37.546+09:00 DEBUG 58944 --- [project] [    Test worker] o.s.orm.jpa.JpaTransactionManager        : Found thread-bound EntityManager [SessionImpl(1742749668<open>)] for JPA transaction
2024-04-29T19:41:37.546+09:00 DEBUG 58944 --- [project] [    Test worker] o.s.orm.jpa.JpaTransactionManager        : Participating in existing transaction
2024-04-29T19:41:37.546+09:00 TRACE 58944 --- [project] [    Test worker] o.s.t.i.TransactionInterceptor           : Getting transaction for [org.springframework.data.jpa.repository.support.SimpleJpaRepository.save]
2024-04-29T19:41:37.546+09:00 TRACE 58944 --- [project] [    Test worker] o.s.t.i.TransactionInterceptor           : Completing transaction for [org.springframework.data.jpa.repository.support.SimpleJpaRepository.save]
2024-04-29T19:41:37.546+09:00 DEBUG 58944 --- [project] [    Test worker] o.s.orm.jpa.JpaTransactionManager        : Found thread-bound EntityManager [SessionImpl(1742749668<open>)] for JPA transaction
2024-04-29T19:41:37.546+09:00 DEBUG 58944 --- [project] [    Test worker] o.s.orm.jpa.JpaTransactionManager        : Participating in existing transaction
2024-04-29T19:41:37.546+09:00 TRACE 58944 --- [project] [    Test worker] o.s.t.i.TransactionInterceptor           : Getting transaction for [org.springframework.data.jpa.repository.support.SimpleJpaRepository.save]
2024-04-29T19:41:37.546+09:00 TRACE 58944 --- [project] [    Test worker] o.s.t.i.TransactionInterceptor           : Completing transaction for [org.springframework.data.jpa.repository.support.SimpleJpaRepository.save]
2024-04-29T19:41:37.546+09:00 DEBUG 58944 --- [project] [    Test worker] o.s.orm.jpa.JpaTransactionManager        : Found thread-bound EntityManager [SessionImpl(1742749668<open>)] for JPA transaction
2024-04-29T19:41:37.546+09:00 DEBUG 58944 --- [project] [    Test worker] o.s.orm.jpa.JpaTransactionManager        : Participating in existing transaction
2024-04-29T19:41:37.546+09:00 TRACE 58944 --- [project] [    Test worker] o.s.t.i.TransactionInterceptor           : Getting transaction for [org.springframework.data.jpa.repository.support.SimpleJpaRepository.save]
2024-04-29T19:41:37.546+09:00 TRACE 58944 --- [project] [    Test worker] o.s.t.i.TransactionInterceptor           : Completing transaction for [org.springframework.data.jpa.repository.support.SimpleJpaRepository.save]
2024-04-29T19:41:37.546+09:00 DEBUG 58944 --- [project] [    Test worker] o.s.orm.jpa.JpaTransactionManager        : Found thread-bound EntityManager [SessionImpl(1742749668<open>)] for JPA transaction
2024-04-29T19:41:37.546+09:00 DEBUG 58944 --- [project] [    Test worker] o.s.orm.jpa.JpaTransactionManager        : Participating in existing transaction
2024-04-29T19:41:37.546+09:00 TRACE 58944 --- [project] [    Test worker] o.s.t.i.TransactionInterceptor           : Getting transaction for [org.springframework.data.jpa.repository.support.SimpleJpaRepository.save]
2024-04-29T19:41:37.546+09:00 TRACE 58944 --- [project] [    Test worker] o.s.t.i.TransactionInterceptor           : Completing transaction for [org.springframework.data.jpa.repository.support.SimpleJpaRepository.save]
2024-04-29T19:41:37.546+09:00 DEBUG 58944 --- [project] [    Test worker] o.s.orm.jpa.JpaTransactionManager        : Found thread-bound EntityManager [SessionImpl(1742749668<open>)] for JPA transaction
2024-04-29T19:41:37.546+09:00 DEBUG 58944 --- [project] [    Test worker] o.s.orm.jpa.JpaTransactionManager        : Participating in existing transaction
2024-04-29T19:41:37.546+09:00 TRACE 58944 --- [project] [    Test worker] o.s.t.i.TransactionInterceptor           : Getting transaction for [org.springframework.data.jpa.repository.support.SimpleJpaRepository.save]
2024-04-29T19:41:37.546+09:00 TRACE 58944 --- [project] [    Test worker] o.s.t.i.TransactionInterceptor           : Completing transaction for [org.springframework.data.jpa.repository.support.SimpleJpaRepository.save]
2024-04-29T19:41:37.546+09:00 DEBUG 58944 --- [project] [    Test worker] o.s.orm.jpa.JpaTransactionManager        : Found thread-bound EntityManager [SessionImpl(1742749668<open>)] for JPA transaction
2024-04-29T19:41:37.546+09:00 DEBUG 58944 --- [project] [    Test worker] o.s.orm.jpa.JpaTransactionManager        : Participating in existing transaction
2024-04-29T19:41:37.546+09:00 TRACE 58944 --- [project] [    Test worker] o.s.t.i.TransactionInterceptor           : Getting transaction for [org.springframework.data.jpa.repository.support.SimpleJpaRepository.save]
2024-04-29T19:41:37.546+09:00 TRACE 58944 --- [project] [    Test worker] o.s.t.i.TransactionInterceptor           : Completing transaction for [org.springframework.data.jpa.repository.support.SimpleJpaRepository.save]
2024-04-29T19:41:37.546+09:00 DEBUG 58944 --- [project] [    Test worker] o.s.orm.jpa.JpaTransactionManager        : Found thread-bound EntityManager [SessionImpl(1742749668<open>)] for JPA transaction
2024-04-29T19:41:37.546+09:00 DEBUG 58944 --- [project] [    Test worker] o.s.orm.jpa.JpaTransactionManager        : Participating in existing transaction
2024-04-29T19:41:37.546+09:00 TRACE 58944 --- [project] [    Test worker] o.s.t.i.TransactionInterceptor           : Getting transaction for [org.springframework.data.jpa.repository.support.SimpleJpaRepository.save]
2024-04-29T19:41:37.547+09:00 TRACE 58944 --- [project] [    Test worker] o.s.t.i.TransactionInterceptor           : Completing transaction for [org.springframework.data.jpa.repository.support.SimpleJpaRepository.save]
2024-04-29T19:41:37.547+09:00 DEBUG 58944 --- [project] [    Test worker] o.s.orm.jpa.JpaTransactionManager        : Found thread-bound EntityManager [SessionImpl(1742749668<open>)] for JPA transaction
2024-04-29T19:41:37.547+09:00 DEBUG 58944 --- [project] [    Test worker] o.s.orm.jpa.JpaTransactionManager        : Participating in existing transaction
2024-04-29T19:41:37.547+09:00 TRACE 58944 --- [project] [    Test worker] o.s.t.i.TransactionInterceptor           : Getting transaction for [org.springframework.data.jpa.repository.support.SimpleJpaRepository.save]
2024-04-29T19:41:37.547+09:00 TRACE 58944 --- [project] [    Test worker] o.s.t.i.TransactionInterceptor           : Completing transaction for [org.springframework.data.jpa.repository.support.SimpleJpaRepository.save]
2024-04-29T19:41:37.547+09:00 DEBUG 58944 --- [project] [    Test worker] o.s.orm.jpa.JpaTransactionManager        : Found thread-bound EntityManager [SessionImpl(1742749668<open>)] for JPA transaction
2024-04-29T19:41:37.547+09:00 DEBUG 58944 --- [project] [    Test worker] o.s.orm.jpa.JpaTransactionManager        : Participating in existing transaction
2024-04-29T19:41:37.547+09:00 TRACE 58944 --- [project] [    Test worker] o.s.t.i.TransactionInterceptor           : Getting transaction for [org.springframework.data.jpa.repository.support.SimpleJpaRepository.save]
2024-04-29T19:41:37.547+09:00 TRACE 58944 --- [project] [    Test worker] o.s.t.i.TransactionInterceptor           : Completing transaction for [org.springframework.data.jpa.repository.support.SimpleJpaRepository.save]
2024-04-29T19:41:37.547+09:00 DEBUG 58944 --- [project] [    Test worker] o.s.orm.jpa.JpaTransactionManager        : Found thread-bound EntityManager [SessionImpl(1742749668<open>)] for JPA transaction
2024-04-29T19:41:37.547+09:00 DEBUG 58944 --- [project] [    Test worker] o.s.orm.jpa.JpaTransactionManager        : Participating in existing transaction
2024-04-29T19:41:37.547+09:00 TRACE 58944 --- [project] [    Test worker] o.s.t.i.TransactionInterceptor           : Getting transaction for [org.springframework.data.jpa.repository.support.SimpleJpaRepository.save]
2024-04-29T19:41:37.547+09:00 TRACE 58944 --- [project] [    Test worker] o.s.t.i.TransactionInterceptor           : Completing transaction for [org.springframework.data.jpa.repository.support.SimpleJpaRepository.save]
2024-04-29T19:41:37.547+09:00 DEBUG 58944 --- [project] [    Test worker] o.s.orm.jpa.JpaTransactionManager        : Found thread-bound EntityManager [SessionImpl(1742749668<open>)] for JPA transaction
2024-04-29T19:41:37.547+09:00 DEBUG 58944 --- [project] [    Test worker] o.s.orm.jpa.JpaTransactionManager        : Participating in existing transaction
2024-04-29T19:41:37.547+09:00 TRACE 58944 --- [project] [    Test worker] o.s.t.i.TransactionInterceptor           : Getting transaction for [org.springframework.data.jpa.repository.support.SimpleJpaRepository.save]
2024-04-29T19:41:37.547+09:00 TRACE 58944 --- [project] [    Test worker] o.s.t.i.TransactionInterceptor           : Completing transaction for [org.springframework.data.jpa.repository.support.SimpleJpaRepository.save]
2024-04-29T19:41:37.547+09:00 DEBUG 58944 --- [project] [    Test worker] o.s.orm.jpa.JpaTransactionManager        : Found thread-bound EntityManager [SessionImpl(1742749668<open>)] for JPA transaction
2024-04-29T19:41:37.547+09:00 DEBUG 58944 --- [project] [    Test worker] o.s.orm.jpa.JpaTransactionManager        : Participating in existing transaction
2024-04-29T19:41:37.547+09:00 TRACE 58944 --- [project] [    Test worker] o.s.t.i.TransactionInterceptor           : Getting transaction for [org.springframework.data.jpa.repository.support.SimpleJpaRepository.save]
2024-04-29T19:41:37.547+09:00 TRACE 58944 --- [project] [    Test worker] o.s.t.i.TransactionInterceptor           : Completing transaction for [org.springframework.data.jpa.repository.support.SimpleJpaRepository.save]
2024-04-29T19:41:37.547+09:00 DEBUG 58944 --- [project] [    Test worker] o.s.orm.jpa.JpaTransactionManager        : Found thread-bound EntityManager [SessionImpl(1742749668<open>)] for JPA transaction
2024-04-29T19:41:37.547+09:00 DEBUG 58944 --- [project] [    Test worker] o.s.orm.jpa.JpaTransactionManager        : Participating in existing transaction
2024-04-29T19:41:37.547+09:00 TRACE 58944 --- [project] [    Test worker] o.s.t.i.TransactionInterceptor           : Getting transaction for [org.springframework.data.jpa.repository.support.SimpleJpaRepository.save]
2024-04-29T19:41:37.547+09:00 TRACE 58944 --- [project] [    Test worker] o.s.t.i.TransactionInterceptor           : Completing transaction for [org.springframework.data.jpa.repository.support.SimpleJpaRepository.save]
2024-04-29T19:41:37.547+09:00 DEBUG 58944 --- [project] [    Test worker] o.s.orm.jpa.JpaTransactionManager        : Found thread-bound EntityManager [SessionImpl(1742749668<open>)] for JPA transaction
2024-04-29T19:41:37.547+09:00 DEBUG 58944 --- [project] [    Test worker] o.s.orm.jpa.JpaTransactionManager        : Participating in existing transaction
2024-04-29T19:41:37.547+09:00 TRACE 58944 --- [project] [    Test worker] o.s.t.i.TransactionInterceptor           : Getting transaction for [org.springframework.data.jpa.repository.support.SimpleJpaRepository.save]
2024-04-29T19:41:37.547+09:00 TRACE 58944 --- [project] [    Test worker] o.s.t.i.TransactionInterceptor           : Completing transaction for [org.springframework.data.jpa.repository.support.SimpleJpaRepository.save]
2024-04-29T19:41:37.547+09:00 DEBUG 58944 --- [project] [    Test worker] o.s.orm.jpa.JpaTransactionManager        : Found thread-bound EntityManager [SessionImpl(1742749668<open>)] for JPA transaction
2024-04-29T19:41:37.547+09:00 DEBUG 58944 --- [project] [    Test worker] o.s.orm.jpa.JpaTransactionManager        : Participating in existing transaction
2024-04-29T19:41:37.547+09:00 TRACE 58944 --- [project] [    Test worker] o.s.t.i.TransactionInterceptor           : Getting transaction for [org.springframework.data.jpa.repository.support.SimpleJpaRepository.save]
2024-04-29T19:41:37.547+09:00 TRACE 58944 --- [project] [    Test worker] o.s.t.i.TransactionInterceptor           : Completing transaction for [org.springframework.data.jpa.repository.support.SimpleJpaRepository.save]
2024-04-29T19:41:37.547+09:00 DEBUG 58944 --- [project] [    Test worker] o.s.orm.jpa.JpaTransactionManager        : Found thread-bound EntityManager [SessionImpl(1742749668<open>)] for JPA transaction
2024-04-29T19:41:37.547+09:00 DEBUG 58944 --- [project] [    Test worker] o.s.orm.jpa.JpaTransactionManager        : Participating in existing transaction
2024-04-29T19:41:37.547+09:00 TRACE 58944 --- [project] [    Test worker] o.s.t.i.TransactionInterceptor           : Getting transaction for [org.springframework.data.jpa.repository.support.SimpleJpaRepository.save]
2024-04-29T19:41:37.547+09:00 TRACE 58944 --- [project] [    Test worker] o.s.t.i.TransactionInterceptor           : Completing transaction for [org.springframework.data.jpa.repository.support.SimpleJpaRepository.save]
2024-04-29T19:41:37.547+09:00 DEBUG 58944 --- [project] [    Test worker] o.s.orm.jpa.JpaTransactionManager        : Found thread-bound EntityManager [SessionImpl(1742749668<open>)] for JPA transaction
2024-04-29T19:41:37.547+09:00 DEBUG 58944 --- [project] [    Test worker] o.s.orm.jpa.JpaTransactionManager        : Participating in existing transaction
2024-04-29T19:41:37.547+09:00 TRACE 58944 --- [project] [    Test worker] o.s.t.i.TransactionInterceptor           : Getting transaction for [org.springframework.data.jpa.repository.support.SimpleJpaRepository.save]
2024-04-29T19:41:37.547+09:00 TRACE 58944 --- [project] [    Test worker] o.s.t.i.TransactionInterceptor           : Completing transaction for [org.springframework.data.jpa.repository.support.SimpleJpaRepository.save]
2024-04-29T19:41:37.547+09:00 DEBUG 58944 --- [project] [    Test worker] o.s.orm.jpa.JpaTransactionManager        : Found thread-bound EntityManager [SessionImpl(1742749668<open>)] for JPA transaction
2024-04-29T19:41:37.547+09:00 DEBUG 58944 --- [project] [    Test worker] o.s.orm.jpa.JpaTransactionManager        : Participating in existing transaction
2024-04-29T19:41:37.547+09:00 TRACE 58944 --- [project] [    Test worker] o.s.t.i.TransactionInterceptor           : Getting transaction for [org.springframework.data.jpa.repository.support.SimpleJpaRepository.save]
2024-04-29T19:41:37.548+09:00 TRACE 58944 --- [project] [    Test worker] o.s.t.i.TransactionInterceptor           : Completing transaction for [org.springframework.data.jpa.repository.support.SimpleJpaRepository.save]
2024-04-29T19:41:37.548+09:00 DEBUG 58944 --- [project] [    Test worker] o.s.orm.jpa.JpaTransactionManager        : Found thread-bound EntityManager [SessionImpl(1742749668<open>)] for JPA transaction
2024-04-29T19:41:37.548+09:00 DEBUG 58944 --- [project] [    Test worker] o.s.orm.jpa.JpaTransactionManager        : Participating in existing transaction
2024-04-29T19:41:37.548+09:00 TRACE 58944 --- [project] [    Test worker] o.s.t.i.TransactionInterceptor           : Getting transaction for [org.springframework.data.jpa.repository.support.SimpleJpaRepository.save]
2024-04-29T19:41:37.548+09:00 TRACE 58944 --- [project] [    Test worker] o.s.t.i.TransactionInterceptor           : Completing transaction for [org.springframework.data.jpa.repository.support.SimpleJpaRepository.save]
2024-04-29T19:41:37.548+09:00 DEBUG 58944 --- [project] [    Test worker] o.s.orm.jpa.JpaTransactionManager        : Found thread-bound EntityManager [SessionImpl(1742749668<open>)] for JPA transaction
2024-04-29T19:41:37.548+09:00 DEBUG 58944 --- [project] [    Test worker] o.s.orm.jpa.JpaTransactionManager        : Participating in existing transaction
2024-04-29T19:41:37.548+09:00 TRACE 58944 --- [project] [    Test worker] o.s.t.i.TransactionInterceptor           : Getting transaction for [org.springframework.data.jpa.repository.support.SimpleJpaRepository.save]
2024-04-29T19:41:37.548+09:00 TRACE 58944 --- [project] [    Test worker] o.s.t.i.TransactionInterceptor           : Completing transaction for [org.springframework.data.jpa.repository.support.SimpleJpaRepository.save]
2024-04-29T19:41:37.548+09:00 DEBUG 58944 --- [project] [    Test worker] o.s.orm.jpa.JpaTransactionManager        : Found thread-bound EntityManager [SessionImpl(1742749668<open>)] for JPA transaction
2024-04-29T19:41:37.548+09:00 DEBUG 58944 --- [project] [    Test worker] o.s.orm.jpa.JpaTransactionManager        : Participating in existing transaction
2024-04-29T19:41:37.548+09:00 TRACE 58944 --- [project] [    Test worker] o.s.t.i.TransactionInterceptor           : Getting transaction for [org.springframework.data.jpa.repository.support.SimpleJpaRepository.save]
2024-04-29T19:41:37.548+09:00 TRACE 58944 --- [project] [    Test worker] o.s.t.i.TransactionInterceptor           : Completing transaction for [org.springframework.data.jpa.repository.support.SimpleJpaRepository.save]
2024-04-29T19:41:37.548+09:00 DEBUG 58944 --- [project] [    Test worker] o.s.orm.jpa.JpaTransactionManager        : Found thread-bound EntityManager [SessionImpl(1742749668<open>)] for JPA transaction
2024-04-29T19:41:37.548+09:00 DEBUG 58944 --- [project] [    Test worker] o.s.orm.jpa.JpaTransactionManager        : Participating in existing transaction
2024-04-29T19:41:37.548+09:00 TRACE 58944 --- [project] [    Test worker] o.s.t.i.TransactionInterceptor           : Getting transaction for [org.springframework.data.jpa.repository.support.SimpleJpaRepository.save]
2024-04-29T19:41:37.548+09:00 TRACE 58944 --- [project] [    Test worker] o.s.t.i.TransactionInterceptor           : Completing transaction for [org.springframework.data.jpa.repository.support.SimpleJpaRepository.save]
2024-04-29T19:41:37.548+09:00 DEBUG 58944 --- [project] [    Test worker] o.s.orm.jpa.JpaTransactionManager        : Found thread-bound EntityManager [SessionImpl(1742749668<open>)] for JPA transaction
2024-04-29T19:41:37.548+09:00 DEBUG 58944 --- [project] [    Test worker] o.s.orm.jpa.JpaTransactionManager        : Participating in existing transaction
2024-04-29T19:41:37.548+09:00 TRACE 58944 --- [project] [    Test worker] o.s.t.i.TransactionInterceptor           : Getting transaction for [org.springframework.data.jpa.repository.support.SimpleJpaRepository.save]
2024-04-29T19:41:37.548+09:00 TRACE 58944 --- [project] [    Test worker] o.s.t.i.TransactionInterceptor           : Completing transaction for [org.springframework.data.jpa.repository.support.SimpleJpaRepository.save]
2024-04-29T19:41:37.548+09:00 DEBUG 58944 --- [project] [    Test worker] o.s.orm.jpa.JpaTransactionManager        : Found thread-bound EntityManager [SessionImpl(1742749668<open>)] for JPA transaction
2024-04-29T19:41:37.548+09:00 DEBUG 58944 --- [project] [    Test worker] o.s.orm.jpa.JpaTransactionManager        : Participating in existing transaction
2024-04-29T19:41:37.548+09:00 TRACE 58944 --- [project] [    Test worker] o.s.t.i.TransactionInterceptor           : Getting transaction for [org.springframework.data.jpa.repository.support.SimpleJpaRepository.save]
2024-04-29T19:41:37.548+09:00 TRACE 58944 --- [project] [    Test worker] o.s.t.i.TransactionInterceptor           : Completing transaction for [org.springframework.data.jpa.repository.support.SimpleJpaRepository.save]
2024-04-29T19:41:37.548+09:00 DEBUG 58944 --- [project] [    Test worker] o.s.orm.jpa.JpaTransactionManager        : Found thread-bound EntityManager [SessionImpl(1742749668<open>)] for JPA transaction
2024-04-29T19:41:37.548+09:00 DEBUG 58944 --- [project] [    Test worker] o.s.orm.jpa.JpaTransactionManager        : Participating in existing transaction
2024-04-29T19:41:37.548+09:00 TRACE 58944 --- [project] [    Test worker] o.s.t.i.TransactionInterceptor           : Getting transaction for [org.springframework.data.jpa.repository.support.SimpleJpaRepository.save]
2024-04-29T19:41:37.548+09:00 TRACE 58944 --- [project] [    Test worker] o.s.t.i.TransactionInterceptor           : Completing transaction for [org.springframework.data.jpa.repository.support.SimpleJpaRepository.save]
2024-04-29T19:41:37.548+09:00 DEBUG 58944 --- [project] [    Test worker] o.s.orm.jpa.JpaTransactionManager        : Found thread-bound EntityManager [SessionImpl(1742749668<open>)] for JPA transaction
2024-04-29T19:41:37.548+09:00 DEBUG 58944 --- [project] [    Test worker] o.s.orm.jpa.JpaTransactionManager        : Participating in existing transaction
2024-04-29T19:41:37.548+09:00 TRACE 58944 --- [project] [    Test worker] o.s.t.i.TransactionInterceptor           : Getting transaction for [org.springframework.data.jpa.repository.support.SimpleJpaRepository.save]
2024-04-29T19:41:37.548+09:00 TRACE 58944 --- [project] [    Test worker] o.s.t.i.TransactionInterceptor           : Completing transaction for [org.springframework.data.jpa.repository.support.SimpleJpaRepository.save]
2024-04-29T19:41:37.549+09:00 DEBUG 58944 --- [project] [    Test worker] o.s.orm.jpa.JpaTransactionManager        : Found thread-bound EntityManager [SessionImpl(1742749668<open>)] for JPA transaction
2024-04-29T19:41:37.549+09:00 DEBUG 58944 --- [project] [    Test worker] o.s.orm.jpa.JpaTransactionManager        : Participating in existing transaction
2024-04-29T19:41:37.549+09:00 TRACE 58944 --- [project] [    Test worker] o.s.t.i.TransactionInterceptor           : Getting transaction for [org.springframework.data.jpa.repository.support.SimpleJpaRepository.save]
2024-04-29T19:41:37.549+09:00 TRACE 58944 --- [project] [    Test worker] o.s.t.i.TransactionInterceptor           : Completing transaction for [org.springframework.data.jpa.repository.support.SimpleJpaRepository.save]
2024-04-29T19:41:37.549+09:00 DEBUG 58944 --- [project] [    Test worker] o.s.orm.jpa.JpaTransactionManager        : Found thread-bound EntityManager [SessionImpl(1742749668<open>)] for JPA transaction
2024-04-29T19:41:37.549+09:00 DEBUG 58944 --- [project] [    Test worker] o.s.orm.jpa.JpaTransactionManager        : Participating in existing transaction
2024-04-29T19:41:37.550+09:00 TRACE 58944 --- [project] [    Test worker] o.s.t.i.TransactionInterceptor           : Getting transaction for [org.springframework.data.jpa.repository.support.SimpleJpaRepository.save]
2024-04-29T19:41:37.550+09:00 TRACE 58944 --- [project] [    Test worker] o.s.t.i.TransactionInterceptor           : Completing transaction for [org.springframework.data.jpa.repository.support.SimpleJpaRepository.save]
2024-04-29T19:41:37.550+09:00 DEBUG 58944 --- [project] [    Test worker] o.s.orm.jpa.JpaTransactionManager        : Found thread-bound EntityManager [SessionImpl(1742749668<open>)] for JPA transaction
2024-04-29T19:41:37.550+09:00 DEBUG 58944 --- [project] [    Test worker] o.s.orm.jpa.JpaTransactionManager        : Participating in existing transaction
2024-04-29T19:41:37.550+09:00 TRACE 58944 --- [project] [    Test worker] o.s.t.i.TransactionInterceptor           : Getting transaction for [org.springframework.data.jpa.repository.support.SimpleJpaRepository.save]
2024-04-29T19:41:37.550+09:00 TRACE 58944 --- [project] [    Test worker] o.s.t.i.TransactionInterceptor           : Completing transaction for [org.springframework.data.jpa.repository.support.SimpleJpaRepository.save]
2024-04-29T19:41:37.550+09:00 DEBUG 58944 --- [project] [    Test worker] o.s.orm.jpa.JpaTransactionManager        : Found thread-bound EntityManager [SessionImpl(1742749668<open>)] for JPA transaction
2024-04-29T19:41:37.550+09:00 DEBUG 58944 --- [project] [    Test worker] o.s.orm.jpa.JpaTransactionManager        : Participating in existing transaction
2024-04-29T19:41:37.550+09:00 TRACE 58944 --- [project] [    Test worker] o.s.t.i.TransactionInterceptor           : Getting transaction for [org.springframework.data.jpa.repository.support.SimpleJpaRepository.save]
2024-04-29T19:41:37.550+09:00 TRACE 58944 --- [project] [    Test worker] o.s.t.i.TransactionInterceptor           : Completing transaction for [org.springframework.data.jpa.repository.support.SimpleJpaRepository.save]
2024-04-29T19:41:37.550+09:00 DEBUG 58944 --- [project] [    Test worker] o.s.orm.jpa.JpaTransactionManager        : Found thread-bound EntityManager [SessionImpl(1742749668<open>)] for JPA transaction
2024-04-29T19:41:37.550+09:00 DEBUG 58944 --- [project] [    Test worker] o.s.orm.jpa.JpaTransactionManager        : Participating in existing transaction
2024-04-29T19:41:37.550+09:00 TRACE 58944 --- [project] [    Test worker] o.s.t.i.TransactionInterceptor           : Getting transaction for [org.springframework.data.jpa.repository.support.SimpleJpaRepository.save]
2024-04-29T19:41:37.550+09:00 TRACE 58944 --- [project] [    Test worker] o.s.t.i.TransactionInterceptor           : Completing transaction for [org.springframework.data.jpa.repository.support.SimpleJpaRepository.save]
2024-04-29T19:41:37.550+09:00 DEBUG 58944 --- [project] [    Test worker] o.s.orm.jpa.JpaTransactionManager        : Found thread-bound EntityManager [SessionImpl(1742749668<open>)] for JPA transaction
2024-04-29T19:41:37.550+09:00 DEBUG 58944 --- [project] [    Test worker] o.s.orm.jpa.JpaTransactionManager        : Participating in existing transaction
2024-04-29T19:41:37.550+09:00 TRACE 58944 --- [project] [    Test worker] o.s.t.i.TransactionInterceptor           : Getting transaction for [org.springframework.data.jpa.repository.support.SimpleJpaRepository.save]
2024-04-29T19:41:37.550+09:00 TRACE 58944 --- [project] [    Test worker] o.s.t.i.TransactionInterceptor           : Completing transaction for [org.springframework.data.jpa.repository.support.SimpleJpaRepository.save]
2024-04-29T19:41:37.550+09:00 DEBUG 58944 --- [project] [    Test worker] o.s.orm.jpa.JpaTransactionManager        : Found thread-bound EntityManager [SessionImpl(1742749668<open>)] for JPA transaction
2024-04-29T19:41:37.550+09:00 DEBUG 58944 --- [project] [    Test worker] o.s.orm.jpa.JpaTransactionManager        : Participating in existing transaction
2024-04-29T19:41:37.550+09:00 TRACE 58944 --- [project] [    Test worker] o.s.t.i.TransactionInterceptor           : Getting transaction for [org.springframework.data.jpa.repository.support.SimpleJpaRepository.save]
2024-04-29T19:41:37.550+09:00 TRACE 58944 --- [project] [    Test worker] o.s.t.i.TransactionInterceptor           : Completing transaction for [org.springframework.data.jpa.repository.support.SimpleJpaRepository.save]
2024-04-29T19:41:37.550+09:00 DEBUG 58944 --- [project] [    Test worker] o.s.orm.jpa.JpaTransactionManager        : Found thread-bound EntityManager [SessionImpl(1742749668<open>)] for JPA transaction
2024-04-29T19:41:37.551+09:00 DEBUG 58944 --- [project] [    Test worker] o.s.orm.jpa.JpaTransactionManager        : Participating in existing transaction
2024-04-29T19:41:37.551+09:00 TRACE 58944 --- [project] [    Test worker] o.s.t.i.TransactionInterceptor           : Getting transaction for [org.springframework.data.jpa.repository.support.SimpleJpaRepository.save]
2024-04-29T19:41:37.551+09:00 TRACE 58944 --- [project] [    Test worker] o.s.t.i.TransactionInterceptor           : Completing transaction for [org.springframework.data.jpa.repository.support.SimpleJpaRepository.save]
2024-04-29T19:41:37.551+09:00 DEBUG 58944 --- [project] [    Test worker] o.s.orm.jpa.JpaTransactionManager        : Found thread-bound EntityManager [SessionImpl(1742749668<open>)] for JPA transaction
2024-04-29T19:41:37.551+09:00 DEBUG 58944 --- [project] [    Test worker] o.s.orm.jpa.JpaTransactionManager        : Participating in existing transaction
2024-04-29T19:41:37.551+09:00 TRACE 58944 --- [project] [    Test worker] o.s.t.i.TransactionInterceptor           : Getting transaction for [org.springframework.data.jpa.repository.support.SimpleJpaRepository.save]
2024-04-29T19:41:37.551+09:00 TRACE 58944 --- [project] [    Test worker] o.s.t.i.TransactionInterceptor           : Completing transaction for [org.springframework.data.jpa.repository.support.SimpleJpaRepository.save]
2024-04-29T19:41:37.551+09:00 DEBUG 58944 --- [project] [    Test worker] o.s.orm.jpa.JpaTransactionManager        : Found thread-bound EntityManager [SessionImpl(1742749668<open>)] for JPA transaction
2024-04-29T19:41:37.551+09:00 DEBUG 58944 --- [project] [    Test worker] o.s.orm.jpa.JpaTransactionManager        : Participating in existing transaction
2024-04-29T19:41:37.551+09:00 TRACE 58944 --- [project] [    Test worker] o.s.t.i.TransactionInterceptor           : Getting transaction for [org.springframework.data.jpa.repository.support.SimpleJpaRepository.save]
2024-04-29T19:41:37.551+09:00 TRACE 58944 --- [project] [    Test worker] o.s.t.i.TransactionInterceptor           : Completing transaction for [org.springframework.data.jpa.repository.support.SimpleJpaRepository.save]
2024-04-29T19:41:37.551+09:00 DEBUG 58944 --- [project] [    Test worker] o.s.orm.jpa.JpaTransactionManager        : Found thread-bound EntityManager [SessionImpl(1742749668<open>)] for JPA transaction
2024-04-29T19:41:37.551+09:00 DEBUG 58944 --- [project] [    Test worker] o.s.orm.jpa.JpaTransactionManager        : Participating in existing transaction
2024-04-29T19:41:37.551+09:00 TRACE 58944 --- [project] [    Test worker] o.s.t.i.TransactionInterceptor           : Getting transaction for [org.springframework.data.jpa.repository.support.SimpleJpaRepository.save]
2024-04-29T19:41:37.551+09:00 TRACE 58944 --- [project] [    Test worker] o.s.t.i.TransactionInterceptor           : Completing transaction for [org.springframework.data.jpa.repository.support.SimpleJpaRepository.save]
2024-04-29T19:41:37.551+09:00 DEBUG 58944 --- [project] [    Test worker] o.s.orm.jpa.JpaTransactionManager        : Found thread-bound EntityManager [SessionImpl(1742749668<open>)] for JPA transaction
2024-04-29T19:41:37.551+09:00 DEBUG 58944 --- [project] [    Test worker] o.s.orm.jpa.JpaTransactionManager        : Participating in existing transaction
2024-04-29T19:41:37.551+09:00 TRACE 58944 --- [project] [    Test worker] o.s.t.i.TransactionInterceptor           : Getting transaction for [org.springframework.data.jpa.repository.support.SimpleJpaRepository.save]
2024-04-29T19:41:37.551+09:00 TRACE 58944 --- [project] [    Test worker] o.s.t.i.TransactionInterceptor           : Completing transaction for [org.springframework.data.jpa.repository.support.SimpleJpaRepository.save]
2024-04-29T19:41:37.551+09:00 DEBUG 58944 --- [project] [    Test worker] o.s.orm.jpa.JpaTransactionManager        : Found thread-bound EntityManager [SessionImpl(1742749668<open>)] for JPA transaction
2024-04-29T19:41:37.551+09:00 DEBUG 58944 --- [project] [    Test worker] o.s.orm.jpa.JpaTransactionManager        : Participating in existing transaction
2024-04-29T19:41:37.551+09:00 TRACE 58944 --- [project] [    Test worker] o.s.t.i.TransactionInterceptor           : Getting transaction for [org.springframework.data.jpa.repository.support.SimpleJpaRepository.save]
2024-04-29T19:41:37.551+09:00 TRACE 58944 --- [project] [    Test worker] o.s.t.i.TransactionInterceptor           : Completing transaction for [org.springframework.data.jpa.repository.support.SimpleJpaRepository.save]
2024-04-29T19:41:37.551+09:00 DEBUG 58944 --- [project] [    Test worker] o.s.orm.jpa.JpaTransactionManager        : Found thread-bound EntityManager [SessionImpl(1742749668<open>)] for JPA transaction
2024-04-29T19:41:37.551+09:00 DEBUG 58944 --- [project] [    Test worker] o.s.orm.jpa.JpaTransactionManager        : Participating in existing transaction
2024-04-29T19:41:37.551+09:00 TRACE 58944 --- [project] [    Test worker] o.s.t.i.TransactionInterceptor           : Getting transaction for [org.springframework.data.jpa.repository.support.SimpleJpaRepository.save]
2024-04-29T19:41:37.552+09:00 TRACE 58944 --- [project] [    Test worker] o.s.t.i.TransactionInterceptor           : Completing transaction for [org.springframework.data.jpa.repository.support.SimpleJpaRepository.save]
2024-04-29T19:41:37.552+09:00 DEBUG 58944 --- [project] [    Test worker] o.s.orm.jpa.JpaTransactionManager        : Found thread-bound EntityManager [SessionImpl(1742749668<open>)] for JPA transaction
2024-04-29T19:41:37.552+09:00 DEBUG 58944 --- [project] [    Test worker] o.s.orm.jpa.JpaTransactionManager        : Participating in existing transaction
2024-04-29T19:41:37.552+09:00 TRACE 58944 --- [project] [    Test worker] o.s.t.i.TransactionInterceptor           : Getting transaction for [org.springframework.data.jpa.repository.support.SimpleJpaRepository.save]
2024-04-29T19:41:37.552+09:00 TRACE 58944 --- [project] [    Test worker] o.s.t.i.TransactionInterceptor           : Completing transaction for [org.springframework.data.jpa.repository.support.SimpleJpaRepository.save]
2024-04-29T19:41:37.552+09:00 DEBUG 58944 --- [project] [    Test worker] o.s.orm.jpa.JpaTransactionManager        : Found thread-bound EntityManager [SessionImpl(1742749668<open>)] for JPA transaction
2024-04-29T19:41:37.552+09:00 DEBUG 58944 --- [project] [    Test worker] o.s.orm.jpa.JpaTransactionManager        : Participating in existing transaction
2024-04-29T19:41:37.552+09:00 TRACE 58944 --- [project] [    Test worker] o.s.t.i.TransactionInterceptor           : Getting transaction for [org.springframework.data.jpa.repository.support.SimpleJpaRepository.save]
2024-04-29T19:41:37.552+09:00 TRACE 58944 --- [project] [    Test worker] o.s.t.i.TransactionInterceptor           : Completing transaction for [org.springframework.data.jpa.repository.support.SimpleJpaRepository.save]
2024-04-29T19:41:37.552+09:00 DEBUG 58944 --- [project] [    Test worker] o.s.orm.jpa.JpaTransactionManager        : Found thread-bound EntityManager [SessionImpl(1742749668<open>)] for JPA transaction
2024-04-29T19:41:37.552+09:00 DEBUG 58944 --- [project] [    Test worker] o.s.orm.jpa.JpaTransactionManager        : Participating in existing transaction
2024-04-29T19:41:37.552+09:00 TRACE 58944 --- [project] [    Test worker] o.s.t.i.TransactionInterceptor           : Getting transaction for [org.springframework.data.jpa.repository.support.SimpleJpaRepository.save]
2024-04-29T19:41:37.552+09:00 TRACE 58944 --- [project] [    Test worker] o.s.t.i.TransactionInterceptor           : Completing transaction for [org.springframework.data.jpa.repository.support.SimpleJpaRepository.save]
2024-04-29T19:41:37.552+09:00 DEBUG 58944 --- [project] [    Test worker] o.s.orm.jpa.JpaTransactionManager        : Found thread-bound EntityManager [SessionImpl(1742749668<open>)] for JPA transaction
2024-04-29T19:41:37.552+09:00 DEBUG 58944 --- [project] [    Test worker] o.s.orm.jpa.JpaTransactionManager        : Participating in existing transaction
2024-04-29T19:41:37.552+09:00 TRACE 58944 --- [project] [    Test worker] o.s.t.i.TransactionInterceptor           : Getting transaction for [org.springframework.data.jpa.repository.support.SimpleJpaRepository.save]
2024-04-29T19:41:37.552+09:00 TRACE 58944 --- [project] [    Test worker] o.s.t.i.TransactionInterceptor           : Completing transaction for [org.springframework.data.jpa.repository.support.SimpleJpaRepository.save]
2024-04-29T19:41:37.552+09:00 DEBUG 58944 --- [project] [    Test worker] o.s.orm.jpa.JpaTransactionManager        : Found thread-bound EntityManager [SessionImpl(1742749668<open>)] for JPA transaction
2024-04-29T19:41:37.552+09:00 DEBUG 58944 --- [project] [    Test worker] o.s.orm.jpa.JpaTransactionManager        : Participating in existing transaction
2024-04-29T19:41:37.552+09:00 TRACE 58944 --- [project] [    Test worker] o.s.t.i.TransactionInterceptor           : Getting transaction for [org.springframework.data.jpa.repository.support.SimpleJpaRepository.save]
2024-04-29T19:41:37.553+09:00 TRACE 58944 --- [project] [    Test worker] o.s.t.i.TransactionInterceptor           : Completing transaction for [org.springframework.data.jpa.repository.support.SimpleJpaRepository.save]
2024-04-29T19:41:37.553+09:00 DEBUG 58944 --- [project] [    Test worker] o.s.orm.jpa.JpaTransactionManager        : Found thread-bound EntityManager [SessionImpl(1742749668<open>)] for JPA transaction
2024-04-29T19:41:37.553+09:00 DEBUG 58944 --- [project] [    Test worker] o.s.orm.jpa.JpaTransactionManager        : Participating in existing transaction
2024-04-29T19:41:37.553+09:00 TRACE 58944 --- [project] [    Test worker] o.s.t.i.TransactionInterceptor           : Getting transaction for [org.springframework.data.jpa.repository.support.SimpleJpaRepository.save]
2024-04-29T19:41:37.553+09:00 TRACE 58944 --- [project] [    Test worker] o.s.t.i.TransactionInterceptor           : Completing transaction for [org.springframework.data.jpa.repository.support.SimpleJpaRepository.save]
2024-04-29T19:41:37.553+09:00 DEBUG 58944 --- [project] [    Test worker] o.s.orm.jpa.JpaTransactionManager        : Found thread-bound EntityManager [SessionImpl(1742749668<open>)] for JPA transaction
2024-04-29T19:41:37.553+09:00 DEBUG 58944 --- [project] [    Test worker] o.s.orm.jpa.JpaTransactionManager        : Participating in existing transaction
2024-04-29T19:41:37.553+09:00 TRACE 58944 --- [project] [    Test worker] o.s.t.i.TransactionInterceptor           : Getting transaction for [org.springframework.data.jpa.repository.support.SimpleJpaRepository.save]
2024-04-29T19:41:37.553+09:00 TRACE 58944 --- [project] [    Test worker] o.s.t.i.TransactionInterceptor           : Completing transaction for [org.springframework.data.jpa.repository.support.SimpleJpaRepository.save]
2024-04-29T19:41:37.553+09:00 DEBUG 58944 --- [project] [    Test worker] o.s.orm.jpa.JpaTransactionManager        : Found thread-bound EntityManager [SessionImpl(1742749668<open>)] for JPA transaction
2024-04-29T19:41:37.553+09:00 DEBUG 58944 --- [project] [    Test worker] o.s.orm.jpa.JpaTransactionManager        : Participating in existing transaction
2024-04-29T19:41:37.553+09:00 TRACE 58944 --- [project] [    Test worker] o.s.t.i.TransactionInterceptor           : Getting transaction for [org.springframework.data.jpa.repository.support.SimpleJpaRepository.save]
2024-04-29T19:41:37.553+09:00 TRACE 58944 --- [project] [    Test worker] o.s.t.i.TransactionInterceptor           : Completing transaction for [org.springframework.data.jpa.repository.support.SimpleJpaRepository.save]
2024-04-29T19:41:37.553+09:00 DEBUG 58944 --- [project] [    Test worker] o.s.orm.jpa.JpaTransactionManager        : Found thread-bound EntityManager [SessionImpl(1742749668<open>)] for JPA transaction
2024-04-29T19:41:37.553+09:00 DEBUG 58944 --- [project] [    Test worker] o.s.orm.jpa.JpaTransactionManager        : Participating in existing transaction
2024-04-29T19:41:37.553+09:00 TRACE 58944 --- [project] [    Test worker] o.s.t.i.TransactionInterceptor           : Getting transaction for [org.springframework.data.jpa.repository.support.SimpleJpaRepository.save]
2024-04-29T19:41:37.553+09:00 TRACE 58944 --- [project] [    Test worker] o.s.t.i.TransactionInterceptor           : Completing transaction for [org.springframework.data.jpa.repository.support.SimpleJpaRepository.save]
2024-04-29T19:41:37.553+09:00 DEBUG 58944 --- [project] [    Test worker] o.s.orm.jpa.JpaTransactionManager        : Found thread-bound EntityManager [SessionImpl(1742749668<open>)] for JPA transaction
2024-04-29T19:41:37.553+09:00 DEBUG 58944 --- [project] [    Test worker] o.s.orm.jpa.JpaTransactionManager        : Participating in existing transaction
2024-04-29T19:41:37.553+09:00 TRACE 58944 --- [project] [    Test worker] o.s.t.i.TransactionInterceptor           : Getting transaction for [org.springframework.data.jpa.repository.support.SimpleJpaRepository.save]
2024-04-29T19:41:37.553+09:00 TRACE 58944 --- [project] [    Test worker] o.s.t.i.TransactionInterceptor           : Completing transaction for [org.springframework.data.jpa.repository.support.SimpleJpaRepository.save]
2024-04-29T19:41:37.553+09:00 DEBUG 58944 --- [project] [    Test worker] o.s.orm.jpa.JpaTransactionManager        : Found thread-bound EntityManager [SessionImpl(1742749668<open>)] for JPA transaction
2024-04-29T19:41:37.553+09:00 DEBUG 58944 --- [project] [    Test worker] o.s.orm.jpa.JpaTransactionManager        : Participating in existing transaction
2024-04-29T19:41:37.553+09:00 TRACE 58944 --- [project] [    Test worker] o.s.t.i.TransactionInterceptor           : Getting transaction for [org.springframework.data.jpa.repository.support.SimpleJpaRepository.save]
2024-04-29T19:41:37.553+09:00 TRACE 58944 --- [project] [    Test worker] o.s.t.i.TransactionInterceptor           : Completing transaction for [org.springframework.data.jpa.repository.support.SimpleJpaRepository.save]
2024-04-29T19:41:37.553+09:00 DEBUG 58944 --- [project] [    Test worker] o.s.orm.jpa.JpaTransactionManager        : Found thread-bound EntityManager [SessionImpl(1742749668<open>)] for JPA transaction
2024-04-29T19:41:37.553+09:00 DEBUG 58944 --- [project] [    Test worker] o.s.orm.jpa.JpaTransactionManager        : Participating in existing transaction
2024-04-29T19:41:37.553+09:00 TRACE 58944 --- [project] [    Test worker] o.s.t.i.TransactionInterceptor           : Getting transaction for [org.springframework.data.jpa.repository.support.SimpleJpaRepository.save]
2024-04-29T19:41:37.553+09:00 TRACE 58944 --- [project] [    Test worker] o.s.t.i.TransactionInterceptor           : Completing transaction for [org.springframework.data.jpa.repository.support.SimpleJpaRepository.save]
2024-04-29T19:41:37.553+09:00 DEBUG 58944 --- [project] [    Test worker] o.s.orm.jpa.JpaTransactionManager        : Found thread-bound EntityManager [SessionImpl(1742749668<open>)] for JPA transaction
2024-04-29T19:41:37.553+09:00 DEBUG 58944 --- [project] [    Test worker] o.s.orm.jpa.JpaTransactionManager        : Participating in existing transaction
2024-04-29T19:41:37.553+09:00 TRACE 58944 --- [project] [    Test worker] o.s.t.i.TransactionInterceptor           : Getting transaction for [org.springframework.data.jpa.repository.support.SimpleJpaRepository.save]
2024-04-29T19:41:37.553+09:00 TRACE 58944 --- [project] [    Test worker] o.s.t.i.TransactionInterceptor           : Completing transaction for [org.springframework.data.jpa.repository.support.SimpleJpaRepository.save]
2024-04-29T19:41:37.554+09:00 DEBUG 58944 --- [project] [    Test worker] o.s.orm.jpa.JpaTransactionManager        : Found thread-bound EntityManager [SessionImpl(1742749668<open>)] for JPA transaction
2024-04-29T19:41:37.554+09:00 DEBUG 58944 --- [project] [    Test worker] o.s.orm.jpa.JpaTransactionManager        : Participating in existing transaction
2024-04-29T19:41:37.554+09:00 TRACE 58944 --- [project] [    Test worker] o.s.t.i.TransactionInterceptor           : Getting transaction for [org.springframework.data.jpa.repository.support.SimpleJpaRepository.save]
2024-04-29T19:41:37.554+09:00 TRACE 58944 --- [project] [    Test worker] o.s.t.i.TransactionInterceptor           : Completing transaction for [org.springframework.data.jpa.repository.support.SimpleJpaRepository.save]
2024-04-29T19:41:37.554+09:00 DEBUG 58944 --- [project] [    Test worker] o.s.orm.jpa.JpaTransactionManager        : Found thread-bound EntityManager [SessionImpl(1742749668<open>)] for JPA transaction
2024-04-29T19:41:37.554+09:00 DEBUG 58944 --- [project] [    Test worker] o.s.orm.jpa.JpaTransactionManager        : Participating in existing transaction
2024-04-29T19:41:37.554+09:00 TRACE 58944 --- [project] [    Test worker] o.s.t.i.TransactionInterceptor           : Getting transaction for [org.springframework.data.jpa.repository.support.SimpleJpaRepository.save]
2024-04-29T19:41:37.554+09:00 TRACE 58944 --- [project] [    Test worker] o.s.t.i.TransactionInterceptor           : Completing transaction for [org.springframework.data.jpa.repository.support.SimpleJpaRepository.save]
2024-04-29T19:41:37.554+09:00 DEBUG 58944 --- [project] [    Test worker] o.s.orm.jpa.JpaTransactionManager        : Found thread-bound EntityManager [SessionImpl(1742749668<open>)] for JPA transaction
2024-04-29T19:41:37.554+09:00 DEBUG 58944 --- [project] [    Test worker] o.s.orm.jpa.JpaTransactionManager        : Participating in existing transaction
2024-04-29T19:41:37.554+09:00 TRACE 58944 --- [project] [    Test worker] o.s.t.i.TransactionInterceptor           : Getting transaction for [org.springframework.data.jpa.repository.support.SimpleJpaRepository.save]
2024-04-29T19:41:37.554+09:00 TRACE 58944 --- [project] [    Test worker] o.s.t.i.TransactionInterceptor           : Completing transaction for [org.springframework.data.jpa.repository.support.SimpleJpaRepository.save]
2024-04-29T19:41:37.554+09:00 DEBUG 58944 --- [project] [    Test worker] o.s.orm.jpa.JpaTransactionManager        : Found thread-bound EntityManager [SessionImpl(1742749668<open>)] for JPA transaction
2024-04-29T19:41:37.554+09:00 DEBUG 58944 --- [project] [    Test worker] o.s.orm.jpa.JpaTransactionManager        : Participating in existing transaction
2024-04-29T19:41:37.554+09:00 TRACE 58944 --- [project] [    Test worker] o.s.t.i.TransactionInterceptor           : Getting transaction for [org.springframework.data.jpa.repository.support.SimpleJpaRepository.save]
2024-04-29T19:41:37.554+09:00 TRACE 58944 --- [project] [    Test worker] o.s.t.i.TransactionInterceptor           : Completing transaction for [org.springframework.data.jpa.repository.support.SimpleJpaRepository.save]
2024-04-29T19:41:37.554+09:00 DEBUG 58944 --- [project] [    Test worker] o.s.orm.jpa.JpaTransactionManager        : Found thread-bound EntityManager [SessionImpl(1742749668<open>)] for JPA transaction
2024-04-29T19:41:37.554+09:00 DEBUG 58944 --- [project] [    Test worker] o.s.orm.jpa.JpaTransactionManager        : Participating in existing transaction
2024-04-29T19:41:37.554+09:00 TRACE 58944 --- [project] [    Test worker] o.s.t.i.TransactionInterceptor           : Getting transaction for [org.springframework.data.jpa.repository.support.SimpleJpaRepository.save]
2024-04-29T19:41:37.554+09:00 TRACE 58944 --- [project] [    Test worker] o.s.t.i.TransactionInterceptor           : Completing transaction for [org.springframework.data.jpa.repository.support.SimpleJpaRepository.save]
2024-04-29T19:41:37.554+09:00 DEBUG 58944 --- [project] [    Test worker] o.s.orm.jpa.JpaTransactionManager        : Found thread-bound EntityManager [SessionImpl(1742749668<open>)] for JPA transaction
2024-04-29T19:41:37.554+09:00 DEBUG 58944 --- [project] [    Test worker] o.s.orm.jpa.JpaTransactionManager        : Participating in existing transaction
2024-04-29T19:41:37.554+09:00 TRACE 58944 --- [project] [    Test worker] o.s.t.i.TransactionInterceptor           : Getting transaction for [org.springframework.data.jpa.repository.support.SimpleJpaRepository.save]
2024-04-29T19:41:37.554+09:00 TRACE 58944 --- [project] [    Test worker] o.s.t.i.TransactionInterceptor           : Completing transaction for [org.springframework.data.jpa.repository.support.SimpleJpaRepository.save]
2024-04-29T19:41:37.554+09:00 DEBUG 58944 --- [project] [    Test worker] o.s.orm.jpa.JpaTransactionManager        : Found thread-bound EntityManager [SessionImpl(1742749668<open>)] for JPA transaction
2024-04-29T19:41:37.554+09:00 DEBUG 58944 --- [project] [    Test worker] o.s.orm.jpa.JpaTransactionManager        : Participating in existing transaction
2024-04-29T19:41:37.554+09:00 TRACE 58944 --- [project] [    Test worker] o.s.t.i.TransactionInterceptor           : Getting transaction for [org.springframework.data.jpa.repository.support.SimpleJpaRepository.save]
2024-04-29T19:41:37.554+09:00 TRACE 58944 --- [project] [    Test worker] o.s.t.i.TransactionInterceptor           : Completing transaction for [org.springframework.data.jpa.repository.support.SimpleJpaRepository.save]
2024-04-29T19:41:37.554+09:00 DEBUG 58944 --- [project] [    Test worker] o.s.orm.jpa.JpaTransactionManager        : Found thread-bound EntityManager [SessionImpl(1742749668<open>)] for JPA transaction
2024-04-29T19:41:37.554+09:00 DEBUG 58944 --- [project] [    Test worker] o.s.orm.jpa.JpaTransactionManager        : Participating in existing transaction
2024-04-29T19:41:37.554+09:00 TRACE 58944 --- [project] [    Test worker] o.s.t.i.TransactionInterceptor           : Getting transaction for [org.springframework.data.jpa.repository.support.SimpleJpaRepository.save]
2024-04-29T19:41:37.556+09:00 DEBUG 58944 --- [project] [    Test worker] org.hibernate.SQL                        : 
    select
        next_val as id_val 
    from
        item_seq for update
Hibernate: 
    select
        next_val as id_val 
    from
        item_seq for update
2024-04-29T19:41:37.557+09:00  INFO 58944 --- [project] [    Test worker] p6spy                                    : #1714387297557 | took 0ms | statement | connection 19| url jdbc:mysql://127.0.0.1:3306/project?serverTimezone=Asia/Seoul
select next_val as id_val from item_seq for update
select next_val as id_val from item_seq for update;
2024-04-29T19:41:37.557+09:00 DEBUG 58944 --- [project] [    Test worker] org.hibernate.SQL                        : 
    update
        item_seq 
    set
        next_val= ? 
    where
        next_val=?
Hibernate: 
    update
        item_seq 
    set
        next_val= ? 
    where
        next_val=?
2024-04-29T19:41:37.559+09:00  INFO 58944 --- [project] [    Test worker] p6spy                                    : #1714387297559 | took 0ms | statement | connection 19| url jdbc:mysql://127.0.0.1:3306/project?serverTimezone=Asia/Seoul
update item_seq set next_val= ? where next_val=?
update item_seq set next_val= 351 where next_val=301;
2024-04-29T19:41:37.562+09:00  INFO 58944 --- [project] [    Test worker] p6spy                                    : #1714387297562 | took 1ms | commit | connection 19| url jdbc:mysql://127.0.0.1:3306/project?serverTimezone=Asia/Seoul

;
2024-04-29T19:41:37.563+09:00 TRACE 58944 --- [project] [    Test worker] o.s.t.i.TransactionInterceptor           : Completing transaction for [org.springframework.data.jpa.repository.support.SimpleJpaRepository.save]
2024-04-29T19:41:37.564+09:00 DEBUG 58944 --- [project] [    Test worker] o.s.orm.jpa.JpaTransactionManager        : Found thread-bound EntityManager [SessionImpl(1742749668<open>)] for JPA transaction
2024-04-29T19:41:37.564+09:00 DEBUG 58944 --- [project] [    Test worker] o.s.orm.jpa.JpaTransactionManager        : Participating in existing transaction
2024-04-29T19:41:37.564+09:00 TRACE 58944 --- [project] [    Test worker] o.s.t.i.TransactionInterceptor           : Getting transaction for [org.springframework.data.jpa.repository.support.SimpleJpaRepository.save]
2024-04-29T19:41:37.564+09:00 DEBUG 58944 --- [project] [    Test worker] org.hibernate.SQL                        : 
    select
        next_val as id_val 
    from
        upload_file_seq for update
Hibernate: 
    select
        next_val as id_val 
    from
        upload_file_seq for update
2024-04-29T19:41:37.565+09:00  INFO 58944 --- [project] [    Test worker] p6spy                                    : #1714387297565 | took 0ms | statement | connection 20| url jdbc:mysql://127.0.0.1:3306/project?serverTimezone=Asia/Seoul
select next_val as id_val from upload_file_seq for update
select next_val as id_val from upload_file_seq for update;
2024-04-29T19:41:37.565+09:00 DEBUG 58944 --- [project] [    Test worker] org.hibernate.SQL                        : 
    update
        upload_file_seq 
    set
        next_val= ? 
    where
        next_val=?
Hibernate: 
    update
        upload_file_seq 
    set
        next_val= ? 
    where
        next_val=?
2024-04-29T19:41:37.566+09:00  INFO 58944 --- [project] [    Test worker] p6spy                                    : #1714387297566 | took 0ms | statement | connection 20| url jdbc:mysql://127.0.0.1:3306/project?serverTimezone=Asia/Seoul
update upload_file_seq set next_val= ? where next_val=?
update upload_file_seq set next_val= 351 where next_val=301;
2024-04-29T19:41:37.566+09:00  INFO 58944 --- [project] [    Test worker] p6spy                                    : #1714387297566 | took 0ms | commit | connection 20| url jdbc:mysql://127.0.0.1:3306/project?serverTimezone=Asia/Seoul

;
2024-04-29T19:41:37.567+09:00 TRACE 58944 --- [project] [    Test worker] o.s.t.i.TransactionInterceptor           : Completing transaction for [org.springframework.data.jpa.repository.support.SimpleJpaRepository.save]
2024-04-29T19:41:37.567+09:00 DEBUG 58944 --- [project] [    Test worker] o.s.orm.jpa.JpaTransactionManager        : Found thread-bound EntityManager [SessionImpl(1742749668<open>)] for JPA transaction
2024-04-29T19:41:37.567+09:00 DEBUG 58944 --- [project] [    Test worker] o.s.orm.jpa.JpaTransactionManager        : Participating in existing transaction
2024-04-29T19:41:37.567+09:00 TRACE 58944 --- [project] [    Test worker] o.s.t.i.TransactionInterceptor           : Getting transaction for [org.springframework.data.jpa.repository.support.SimpleJpaRepository.save]
2024-04-29T19:41:37.568+09:00 TRACE 58944 --- [project] [    Test worker] o.s.t.i.TransactionInterceptor           : Completing transaction for [org.springframework.data.jpa.repository.support.SimpleJpaRepository.save]
2024-04-29T19:41:37.568+09:00 DEBUG 58944 --- [project] [    Test worker] o.s.orm.jpa.JpaTransactionManager        : Found thread-bound EntityManager [SessionImpl(1742749668<open>)] for JPA transaction
2024-04-29T19:41:37.568+09:00 DEBUG 58944 --- [project] [    Test worker] o.s.orm.jpa.JpaTransactionManager        : Participating in existing transaction
2024-04-29T19:41:37.568+09:00 TRACE 58944 --- [project] [    Test worker] o.s.t.i.TransactionInterceptor           : Getting transaction for [org.springframework.data.jpa.repository.support.SimpleJpaRepository.save]
2024-04-29T19:41:37.568+09:00 TRACE 58944 --- [project] [    Test worker] o.s.t.i.TransactionInterceptor           : Completing transaction for [org.springframework.data.jpa.repository.support.SimpleJpaRepository.save]
2024-04-29T19:41:37.568+09:00 DEBUG 58944 --- [project] [    Test worker] o.s.orm.jpa.JpaTransactionManager        : Found thread-bound EntityManager [SessionImpl(1742749668<open>)] for JPA transaction
2024-04-29T19:41:37.568+09:00 DEBUG 58944 --- [project] [    Test worker] o.s.orm.jpa.JpaTransactionManager        : Participating in existing transaction
2024-04-29T19:41:37.568+09:00 TRACE 58944 --- [project] [    Test worker] o.s.t.i.TransactionInterceptor           : Getting transaction for [org.springframework.data.jpa.repository.support.SimpleJpaRepository.save]
2024-04-29T19:41:37.568+09:00 TRACE 58944 --- [project] [    Test worker] o.s.t.i.TransactionInterceptor           : Completing transaction for [org.springframework.data.jpa.repository.support.SimpleJpaRepository.save]
2024-04-29T19:41:37.568+09:00 DEBUG 58944 --- [project] [    Test worker] o.s.orm.jpa.JpaTransactionManager        : Found thread-bound EntityManager [SessionImpl(1742749668<open>)] for JPA transaction
2024-04-29T19:41:37.568+09:00 DEBUG 58944 --- [project] [    Test worker] o.s.orm.jpa.JpaTransactionManager        : Participating in existing transaction
2024-04-29T19:41:37.568+09:00 TRACE 58944 --- [project] [    Test worker] o.s.t.i.TransactionInterceptor           : Getting transaction for [org.springframework.data.jpa.repository.support.SimpleJpaRepository.save]
2024-04-29T19:41:37.568+09:00 TRACE 58944 --- [project] [    Test worker] o.s.t.i.TransactionInterceptor           : Completing transaction for [org.springframework.data.jpa.repository.support.SimpleJpaRepository.save]
2024-04-29T19:41:37.569+09:00 DEBUG 58944 --- [project] [    Test worker] o.s.orm.jpa.JpaTransactionManager        : Found thread-bound EntityManager [SessionImpl(1742749668<open>)] for JPA transaction
2024-04-29T19:41:37.569+09:00 DEBUG 58944 --- [project] [    Test worker] o.s.orm.jpa.JpaTransactionManager        : Participating in existing transaction
2024-04-29T19:41:37.569+09:00 TRACE 58944 --- [project] [    Test worker] o.s.t.i.TransactionInterceptor           : Getting transaction for [org.springframework.data.jpa.repository.support.SimpleJpaRepository.save]
2024-04-29T19:41:37.570+09:00 TRACE 58944 --- [project] [    Test worker] o.s.t.i.TransactionInterceptor           : Completing transaction for [org.springframework.data.jpa.repository.support.SimpleJpaRepository.save]
2024-04-29T19:41:37.572+09:00 DEBUG 58944 --- [project] [    Test worker] o.s.orm.jpa.JpaTransactionManager        : Found thread-bound EntityManager [SessionImpl(1742749668<open>)] for JPA transaction
2024-04-29T19:41:37.572+09:00 DEBUG 58944 --- [project] [    Test worker] o.s.orm.jpa.JpaTransactionManager        : Participating in existing transaction
2024-04-29T19:41:37.573+09:00 TRACE 58944 --- [project] [    Test worker] o.s.t.i.TransactionInterceptor           : Getting transaction for [org.springframework.data.jpa.repository.support.SimpleJpaRepository.save]
2024-04-29T19:41:37.573+09:00 TRACE 58944 --- [project] [    Test worker] o.s.t.i.TransactionInterceptor           : Completing transaction for [org.springframework.data.jpa.repository.support.SimpleJpaRepository.save]
2024-04-29T19:41:37.574+09:00 DEBUG 58944 --- [project] [    Test worker] o.s.orm.jpa.JpaTransactionManager        : Found thread-bound EntityManager [SessionImpl(1742749668<open>)] for JPA transaction
2024-04-29T19:41:37.575+09:00 DEBUG 58944 --- [project] [    Test worker] o.s.orm.jpa.JpaTransactionManager        : Participating in existing transaction
2024-04-29T19:41:37.575+09:00 TRACE 58944 --- [project] [    Test worker] o.s.t.i.TransactionInterceptor           : Getting transaction for [org.springframework.data.jpa.repository.support.SimpleJpaRepository.save]
2024-04-29T19:41:37.577+09:00 TRACE 58944 --- [project] [    Test worker] o.s.t.i.TransactionInterceptor           : Completing transaction for [org.springframework.data.jpa.repository.support.SimpleJpaRepository.save]
2024-04-29T19:41:37.577+09:00 DEBUG 58944 --- [project] [    Test worker] o.s.orm.jpa.JpaTransactionManager        : Found thread-bound EntityManager [SessionImpl(1742749668<open>)] for JPA transaction
2024-04-29T19:41:37.578+09:00 DEBUG 58944 --- [project] [    Test worker] o.s.orm.jpa.JpaTransactionManager        : Participating in existing transaction
2024-04-29T19:41:37.578+09:00 TRACE 58944 --- [project] [    Test worker] o.s.t.i.TransactionInterceptor           : Getting transaction for [org.springframework.data.jpa.repository.support.SimpleJpaRepository.save]
2024-04-29T19:41:37.579+09:00 TRACE 58944 --- [project] [    Test worker] o.s.t.i.TransactionInterceptor           : Completing transaction for [org.springframework.data.jpa.repository.support.SimpleJpaRepository.save]
2024-04-29T19:41:37.579+09:00 DEBUG 58944 --- [project] [    Test worker] o.s.orm.jpa.JpaTransactionManager        : Found thread-bound EntityManager [SessionImpl(1742749668<open>)] for JPA transaction
2024-04-29T19:41:37.579+09:00 DEBUG 58944 --- [project] [    Test worker] o.s.orm.jpa.JpaTransactionManager        : Participating in existing transaction
2024-04-29T19:41:37.579+09:00 TRACE 58944 --- [project] [    Test worker] o.s.t.i.TransactionInterceptor           : Getting transaction for [org.springframework.data.jpa.repository.support.SimpleJpaRepository.save]
2024-04-29T19:41:37.579+09:00 TRACE 58944 --- [project] [    Test worker] o.s.t.i.TransactionInterceptor           : Completing transaction for [org.springframework.data.jpa.repository.support.SimpleJpaRepository.save]
2024-04-29T19:41:37.579+09:00 DEBUG 58944 --- [project] [    Test worker] o.s.orm.jpa.JpaTransactionManager        : Found thread-bound EntityManager [SessionImpl(1742749668<open>)] for JPA transaction
2024-04-29T19:41:37.579+09:00 DEBUG 58944 --- [project] [    Test worker] o.s.orm.jpa.JpaTransactionManager        : Participating in existing transaction
2024-04-29T19:41:37.579+09:00 TRACE 58944 --- [project] [    Test worker] o.s.t.i.TransactionInterceptor           : Getting transaction for [org.springframework.data.jpa.repository.support.SimpleJpaRepository.save]
2024-04-29T19:41:37.579+09:00 TRACE 58944 --- [project] [    Test worker] o.s.t.i.TransactionInterceptor           : Completing transaction for [org.springframework.data.jpa.repository.support.SimpleJpaRepository.save]
2024-04-29T19:41:37.579+09:00 DEBUG 58944 --- [project] [    Test worker] o.s.orm.jpa.JpaTransactionManager        : Found thread-bound EntityManager [SessionImpl(1742749668<open>)] for JPA transaction
2024-04-29T19:41:37.579+09:00 DEBUG 58944 --- [project] [    Test worker] o.s.orm.jpa.JpaTransactionManager        : Participating in existing transaction
2024-04-29T19:41:37.579+09:00 TRACE 58944 --- [project] [    Test worker] o.s.t.i.TransactionInterceptor           : Getting transaction for [org.springframework.data.jpa.repository.support.SimpleJpaRepository.save]
2024-04-29T19:41:37.580+09:00 TRACE 58944 --- [project] [    Test worker] o.s.t.i.TransactionInterceptor           : Completing transaction for [org.springframework.data.jpa.repository.support.SimpleJpaRepository.save]
2024-04-29T19:41:37.580+09:00 DEBUG 58944 --- [project] [    Test worker] o.s.orm.jpa.JpaTransactionManager        : Found thread-bound EntityManager [SessionImpl(1742749668<open>)] for JPA transaction
2024-04-29T19:41:37.580+09:00 DEBUG 58944 --- [project] [    Test worker] o.s.orm.jpa.JpaTransactionManager        : Participating in existing transaction
2024-04-29T19:41:37.580+09:00 TRACE 58944 --- [project] [    Test worker] o.s.t.i.TransactionInterceptor           : Getting transaction for [org.springframework.data.jpa.repository.support.SimpleJpaRepository.save]
2024-04-29T19:41:37.581+09:00 TRACE 58944 --- [project] [    Test worker] o.s.t.i.TransactionInterceptor           : Completing transaction for [org.springframework.data.jpa.repository.support.SimpleJpaRepository.save]
2024-04-29T19:41:37.581+09:00 DEBUG 58944 --- [project] [    Test worker] o.s.orm.jpa.JpaTransactionManager        : Found thread-bound EntityManager [SessionImpl(1742749668<open>)] for JPA transaction
2024-04-29T19:41:37.582+09:00 DEBUG 58944 --- [project] [    Test worker] o.s.orm.jpa.JpaTransactionManager        : Participating in existing transaction
2024-04-29T19:41:37.582+09:00 TRACE 58944 --- [project] [    Test worker] o.s.t.i.TransactionInterceptor           : Getting transaction for [org.springframework.data.jpa.repository.support.SimpleJpaRepository.save]
2024-04-29T19:41:37.583+09:00 TRACE 58944 --- [project] [    Test worker] o.s.t.i.TransactionInterceptor           : Completing transaction for [org.springframework.data.jpa.repository.support.SimpleJpaRepository.save]
2024-04-29T19:41:37.584+09:00 DEBUG 58944 --- [project] [    Test worker] o.s.orm.jpa.JpaTransactionManager        : Found thread-bound EntityManager [SessionImpl(1742749668<open>)] for JPA transaction
2024-04-29T19:41:37.584+09:00 DEBUG 58944 --- [project] [    Test worker] o.s.orm.jpa.JpaTransactionManager        : Participating in existing transaction
2024-04-29T19:41:37.585+09:00 TRACE 58944 --- [project] [    Test worker] o.s.t.i.TransactionInterceptor           : Getting transaction for [org.springframework.data.jpa.repository.support.SimpleJpaRepository.save]
2024-04-29T19:41:37.585+09:00 TRACE 58944 --- [project] [    Test worker] o.s.t.i.TransactionInterceptor           : Completing transaction for [org.springframework.data.jpa.repository.support.SimpleJpaRepository.save]
2024-04-29T19:41:37.585+09:00 DEBUG 58944 --- [project] [    Test worker] o.s.orm.jpa.JpaTransactionManager        : Found thread-bound EntityManager [SessionImpl(1742749668<open>)] for JPA transaction
2024-04-29T19:41:37.585+09:00 DEBUG 58944 --- [project] [    Test worker] o.s.orm.jpa.JpaTransactionManager        : Participating in existing transaction
2024-04-29T19:41:37.586+09:00 TRACE 58944 --- [project] [    Test worker] o.s.t.i.TransactionInterceptor           : Getting transaction for [org.springframework.data.jpa.repository.support.SimpleJpaRepository.save]
2024-04-29T19:41:37.586+09:00 TRACE 58944 --- [project] [    Test worker] o.s.t.i.TransactionInterceptor           : Completing transaction for [org.springframework.data.jpa.repository.support.SimpleJpaRepository.save]
2024-04-29T19:41:37.586+09:00 DEBUG 58944 --- [project] [    Test worker] o.s.orm.jpa.JpaTransactionManager        : Found thread-bound EntityManager [SessionImpl(1742749668<open>)] for JPA transaction
2024-04-29T19:41:37.586+09:00 DEBUG 58944 --- [project] [    Test worker] o.s.orm.jpa.JpaTransactionManager        : Participating in existing transaction
2024-04-29T19:41:37.586+09:00 TRACE 58944 --- [project] [    Test worker] o.s.t.i.TransactionInterceptor           : Getting transaction for [org.springframework.data.jpa.repository.support.SimpleJpaRepository.save]
2024-04-29T19:41:37.586+09:00 TRACE 58944 --- [project] [    Test worker] o.s.t.i.TransactionInterceptor           : Completing transaction for [org.springframework.data.jpa.repository.support.SimpleJpaRepository.save]
2024-04-29T19:41:37.586+09:00 DEBUG 58944 --- [project] [    Test worker] o.s.orm.jpa.JpaTransactionManager        : Found thread-bound EntityManager [SessionImpl(1742749668<open>)] for JPA transaction
2024-04-29T19:41:37.586+09:00 DEBUG 58944 --- [project] [    Test worker] o.s.orm.jpa.JpaTransactionManager        : Participating in existing transaction
2024-04-29T19:41:37.586+09:00 TRACE 58944 --- [project] [    Test worker] o.s.t.i.TransactionInterceptor           : Getting transaction for [org.springframework.data.jpa.repository.support.SimpleJpaRepository.save]
2024-04-29T19:41:37.586+09:00 TRACE 58944 --- [project] [    Test worker] o.s.t.i.TransactionInterceptor           : Completing transaction for [org.springframework.data.jpa.repository.support.SimpleJpaRepository.save]
2024-04-29T19:41:37.586+09:00 DEBUG 58944 --- [project] [    Test worker] o.s.orm.jpa.JpaTransactionManager        : Found thread-bound EntityManager [SessionImpl(1742749668<open>)] for JPA transaction
2024-04-29T19:41:37.586+09:00 DEBUG 58944 --- [project] [    Test worker] o.s.orm.jpa.JpaTransactionManager        : Participating in existing transaction
2024-04-29T19:41:37.587+09:00 TRACE 58944 --- [project] [    Test worker] o.s.t.i.TransactionInterceptor           : Getting transaction for [org.springframework.data.jpa.repository.support.SimpleJpaRepository.save]
2024-04-29T19:41:37.587+09:00 TRACE 58944 --- [project] [    Test worker] o.s.t.i.TransactionInterceptor           : Completing transaction for [org.springframework.data.jpa.repository.support.SimpleJpaRepository.save]
2024-04-29T19:41:37.587+09:00 DEBUG 58944 --- [project] [    Test worker] o.s.orm.jpa.JpaTransactionManager        : Found thread-bound EntityManager [SessionImpl(1742749668<open>)] for JPA transaction
2024-04-29T19:41:37.587+09:00 DEBUG 58944 --- [project] [    Test worker] o.s.orm.jpa.JpaTransactionManager        : Participating in existing transaction
2024-04-29T19:41:37.587+09:00 TRACE 58944 --- [project] [    Test worker] o.s.t.i.TransactionInterceptor           : Getting transaction for [org.springframework.data.jpa.repository.support.SimpleJpaRepository.save]
2024-04-29T19:41:37.587+09:00 TRACE 58944 --- [project] [    Test worker] o.s.t.i.TransactionInterceptor           : Completing transaction for [org.springframework.data.jpa.repository.support.SimpleJpaRepository.save]
2024-04-29T19:41:37.587+09:00 DEBUG 58944 --- [project] [    Test worker] o.s.orm.jpa.JpaTransactionManager        : Found thread-bound EntityManager [SessionImpl(1742749668<open>)] for JPA transaction
2024-04-29T19:41:37.587+09:00 DEBUG 58944 --- [project] [    Test worker] o.s.orm.jpa.JpaTransactionManager        : Participating in existing transaction
2024-04-29T19:41:37.587+09:00 TRACE 58944 --- [project] [    Test worker] o.s.t.i.TransactionInterceptor           : Getting transaction for [org.springframework.data.jpa.repository.support.SimpleJpaRepository.save]
2024-04-29T19:41:37.587+09:00 TRACE 58944 --- [project] [    Test worker] o.s.t.i.TransactionInterceptor           : Completing transaction for [org.springframework.data.jpa.repository.support.SimpleJpaRepository.save]
2024-04-29T19:41:37.587+09:00 DEBUG 58944 --- [project] [    Test worker] o.s.orm.jpa.JpaTransactionManager        : Found thread-bound EntityManager [SessionImpl(1742749668<open>)] for JPA transaction
2024-04-29T19:41:37.587+09:00 DEBUG 58944 --- [project] [    Test worker] o.s.orm.jpa.JpaTransactionManager        : Participating in existing transaction
2024-04-29T19:41:37.587+09:00 TRACE 58944 --- [project] [    Test worker] o.s.t.i.TransactionInterceptor           : Getting transaction for [org.springframework.data.jpa.repository.support.SimpleJpaRepository.save]
2024-04-29T19:41:37.587+09:00 TRACE 58944 --- [project] [    Test worker] o.s.t.i.TransactionInterceptor           : Completing transaction for [org.springframework.data.jpa.repository.support.SimpleJpaRepository.save]
2024-04-29T19:41:37.587+09:00 DEBUG 58944 --- [project] [    Test worker] o.s.orm.jpa.JpaTransactionManager        : Found thread-bound EntityManager [SessionImpl(1742749668<open>)] for JPA transaction
2024-04-29T19:41:37.587+09:00 DEBUG 58944 --- [project] [    Test worker] o.s.orm.jpa.JpaTransactionManager        : Participating in existing transaction
2024-04-29T19:41:37.587+09:00 TRACE 58944 --- [project] [    Test worker] o.s.t.i.TransactionInterceptor           : Getting transaction for [org.springframework.data.jpa.repository.support.SimpleJpaRepository.save]
2024-04-29T19:41:37.588+09:00 TRACE 58944 --- [project] [    Test worker] o.s.t.i.TransactionInterceptor           : Completing transaction for [org.springframework.data.jpa.repository.support.SimpleJpaRepository.save]
2024-04-29T19:41:37.588+09:00 DEBUG 58944 --- [project] [    Test worker] o.s.orm.jpa.JpaTransactionManager        : Found thread-bound EntityManager [SessionImpl(1742749668<open>)] for JPA transaction
2024-04-29T19:41:37.588+09:00 DEBUG 58944 --- [project] [    Test worker] o.s.orm.jpa.JpaTransactionManager        : Participating in existing transaction
2024-04-29T19:41:37.588+09:00 TRACE 58944 --- [project] [    Test worker] o.s.t.i.TransactionInterceptor           : Getting transaction for [org.springframework.data.jpa.repository.support.SimpleJpaRepository.save]
2024-04-29T19:41:37.588+09:00 TRACE 58944 --- [project] [    Test worker] o.s.t.i.TransactionInterceptor           : Completing transaction for [org.springframework.data.jpa.repository.support.SimpleJpaRepository.save]
2024-04-29T19:41:37.588+09:00 DEBUG 58944 --- [project] [    Test worker] o.s.orm.jpa.JpaTransactionManager        : Found thread-bound EntityManager [SessionImpl(1742749668<open>)] for JPA transaction
2024-04-29T19:41:37.588+09:00 DEBUG 58944 --- [project] [    Test worker] o.s.orm.jpa.JpaTransactionManager        : Participating in existing transaction
2024-04-29T19:41:37.588+09:00 TRACE 58944 --- [project] [    Test worker] o.s.t.i.TransactionInterceptor           : Getting transaction for [org.springframework.data.jpa.repository.support.SimpleJpaRepository.save]
2024-04-29T19:41:37.588+09:00 TRACE 58944 --- [project] [    Test worker] o.s.t.i.TransactionInterceptor           : Completing transaction for [org.springframework.data.jpa.repository.support.SimpleJpaRepository.save]
2024-04-29T19:41:37.588+09:00 DEBUG 58944 --- [project] [    Test worker] o.s.orm.jpa.JpaTransactionManager        : Found thread-bound EntityManager [SessionImpl(1742749668<open>)] for JPA transaction
2024-04-29T19:41:37.588+09:00 DEBUG 58944 --- [project] [    Test worker] o.s.orm.jpa.JpaTransactionManager        : Participating in existing transaction
2024-04-29T19:41:37.588+09:00 TRACE 58944 --- [project] [    Test worker] o.s.t.i.TransactionInterceptor           : Getting transaction for [org.springframework.data.jpa.repository.support.SimpleJpaRepository.save]
2024-04-29T19:41:37.588+09:00 TRACE 58944 --- [project] [    Test worker] o.s.t.i.TransactionInterceptor           : Completing transaction for [org.springframework.data.jpa.repository.support.SimpleJpaRepository.save]
2024-04-29T19:41:37.588+09:00 DEBUG 58944 --- [project] [    Test worker] o.s.orm.jpa.JpaTransactionManager        : Found thread-bound EntityManager [SessionImpl(1742749668<open>)] for JPA transaction
2024-04-29T19:41:37.588+09:00 DEBUG 58944 --- [project] [    Test worker] o.s.orm.jpa.JpaTransactionManager        : Participating in existing transaction
2024-04-29T19:41:37.588+09:00 TRACE 58944 --- [project] [    Test worker] o.s.t.i.TransactionInterceptor           : Getting transaction for [org.springframework.data.jpa.repository.support.SimpleJpaRepository.save]
2024-04-29T19:41:37.588+09:00 TRACE 58944 --- [project] [    Test worker] o.s.t.i.TransactionInterceptor           : Completing transaction for [org.springframework.data.jpa.repository.support.SimpleJpaRepository.save]
2024-04-29T19:41:37.588+09:00 DEBUG 58944 --- [project] [    Test worker] o.s.orm.jpa.JpaTransactionManager        : Found thread-bound EntityManager [SessionImpl(1742749668<open>)] for JPA transaction
2024-04-29T19:41:37.588+09:00 DEBUG 58944 --- [project] [    Test worker] o.s.orm.jpa.JpaTransactionManager        : Participating in existing transaction
2024-04-29T19:41:37.588+09:00 TRACE 58944 --- [project] [    Test worker] o.s.t.i.TransactionInterceptor           : Getting transaction for [org.springframework.data.jpa.repository.support.SimpleJpaRepository.save]
2024-04-29T19:41:37.588+09:00 TRACE 58944 --- [project] [    Test worker] o.s.t.i.TransactionInterceptor           : Completing transaction for [org.springframework.data.jpa.repository.support.SimpleJpaRepository.save]
2024-04-29T19:41:37.588+09:00 DEBUG 58944 --- [project] [    Test worker] o.s.orm.jpa.JpaTransactionManager        : Found thread-bound EntityManager [SessionImpl(1742749668<open>)] for JPA transaction
2024-04-29T19:41:37.588+09:00 DEBUG 58944 --- [project] [    Test worker] o.s.orm.jpa.JpaTransactionManager        : Participating in existing transaction
2024-04-29T19:41:37.588+09:00 TRACE 58944 --- [project] [    Test worker] o.s.t.i.TransactionInterceptor           : Getting transaction for [org.springframework.data.jpa.repository.support.SimpleJpaRepository.save]
2024-04-29T19:41:37.588+09:00 TRACE 58944 --- [project] [    Test worker] o.s.t.i.TransactionInterceptor           : Completing transaction for [org.springframework.data.jpa.repository.support.SimpleJpaRepository.save]
2024-04-29T19:41:37.588+09:00 DEBUG 58944 --- [project] [    Test worker] o.s.orm.jpa.JpaTransactionManager        : Found thread-bound EntityManager [SessionImpl(1742749668<open>)] for JPA transaction
2024-04-29T19:41:37.588+09:00 DEBUG 58944 --- [project] [    Test worker] o.s.orm.jpa.JpaTransactionManager        : Participating in existing transaction
2024-04-29T19:41:37.589+09:00 TRACE 58944 --- [project] [    Test worker] o.s.t.i.TransactionInterceptor           : Getting transaction for [org.springframework.data.jpa.repository.support.SimpleJpaRepository.save]
2024-04-29T19:41:37.589+09:00 TRACE 58944 --- [project] [    Test worker] o.s.t.i.TransactionInterceptor           : Completing transaction for [org.springframework.data.jpa.repository.support.SimpleJpaRepository.save]
2024-04-29T19:41:37.589+09:00 DEBUG 58944 --- [project] [    Test worker] o.s.orm.jpa.JpaTransactionManager        : Found thread-bound EntityManager [SessionImpl(1742749668<open>)] for JPA transaction
2024-04-29T19:41:37.589+09:00 DEBUG 58944 --- [project] [    Test worker] o.s.orm.jpa.JpaTransactionManager        : Participating in existing transaction
2024-04-29T19:41:37.589+09:00 TRACE 58944 --- [project] [    Test worker] o.s.t.i.TransactionInterceptor           : Getting transaction for [org.springframework.data.jpa.repository.support.SimpleJpaRepository.save]
2024-04-29T19:41:37.589+09:00 TRACE 58944 --- [project] [    Test worker] o.s.t.i.TransactionInterceptor           : Completing transaction for [org.springframework.data.jpa.repository.support.SimpleJpaRepository.save]
2024-04-29T19:41:37.589+09:00 DEBUG 58944 --- [project] [    Test worker] o.s.orm.jpa.JpaTransactionManager        : Found thread-bound EntityManager [SessionImpl(1742749668<open>)] for JPA transaction
2024-04-29T19:41:37.589+09:00 DEBUG 58944 --- [project] [    Test worker] o.s.orm.jpa.JpaTransactionManager        : Participating in existing transaction
2024-04-29T19:41:37.589+09:00 TRACE 58944 --- [project] [    Test worker] o.s.t.i.TransactionInterceptor           : Getting transaction for [org.springframework.data.jpa.repository.support.SimpleJpaRepository.save]
2024-04-29T19:41:37.589+09:00 TRACE 58944 --- [project] [    Test worker] o.s.t.i.TransactionInterceptor           : Completing transaction for [org.springframework.data.jpa.repository.support.SimpleJpaRepository.save]
2024-04-29T19:41:37.589+09:00 DEBUG 58944 --- [project] [    Test worker] o.s.orm.jpa.JpaTransactionManager        : Found thread-bound EntityManager [SessionImpl(1742749668<open>)] for JPA transaction
2024-04-29T19:41:37.589+09:00 DEBUG 58944 --- [project] [    Test worker] o.s.orm.jpa.JpaTransactionManager        : Participating in existing transaction
2024-04-29T19:41:37.589+09:00 TRACE 58944 --- [project] [    Test worker] o.s.t.i.TransactionInterceptor           : Getting transaction for [org.springframework.data.jpa.repository.support.SimpleJpaRepository.save]
2024-04-29T19:41:37.589+09:00 TRACE 58944 --- [project] [    Test worker] o.s.t.i.TransactionInterceptor           : Completing transaction for [org.springframework.data.jpa.repository.support.SimpleJpaRepository.save]
2024-04-29T19:41:37.589+09:00 DEBUG 58944 --- [project] [    Test worker] o.s.orm.jpa.JpaTransactionManager        : Found thread-bound EntityManager [SessionImpl(1742749668<open>)] for JPA transaction
2024-04-29T19:41:37.589+09:00 DEBUG 58944 --- [project] [    Test worker] o.s.orm.jpa.JpaTransactionManager        : Participating in existing transaction
2024-04-29T19:41:37.589+09:00 TRACE 58944 --- [project] [    Test worker] o.s.t.i.TransactionInterceptor           : Getting transaction for [org.springframework.data.jpa.repository.support.SimpleJpaRepository.save]
2024-04-29T19:41:37.589+09:00 TRACE 58944 --- [project] [    Test worker] o.s.t.i.TransactionInterceptor           : Completing transaction for [org.springframework.data.jpa.repository.support.SimpleJpaRepository.save]
2024-04-29T19:41:37.589+09:00 DEBUG 58944 --- [project] [    Test worker] o.s.orm.jpa.JpaTransactionManager        : Found thread-bound EntityManager [SessionImpl(1742749668<open>)] for JPA transaction
2024-04-29T19:41:37.589+09:00 DEBUG 58944 --- [project] [    Test worker] o.s.orm.jpa.JpaTransactionManager        : Participating in existing transaction
2024-04-29T19:41:37.589+09:00 TRACE 58944 --- [project] [    Test worker] o.s.t.i.TransactionInterceptor           : Getting transaction for [org.springframework.data.jpa.repository.support.SimpleJpaRepository.save]
2024-04-29T19:41:37.589+09:00 TRACE 58944 --- [project] [    Test worker] o.s.t.i.TransactionInterceptor           : Completing transaction for [org.springframework.data.jpa.repository.support.SimpleJpaRepository.save]
2024-04-29T19:41:37.589+09:00 DEBUG 58944 --- [project] [    Test worker] o.s.orm.jpa.JpaTransactionManager        : Found thread-bound EntityManager [SessionImpl(1742749668<open>)] for JPA transaction
2024-04-29T19:41:37.589+09:00 DEBUG 58944 --- [project] [    Test worker] o.s.orm.jpa.JpaTransactionManager        : Participating in existing transaction
2024-04-29T19:41:37.589+09:00 TRACE 58944 --- [project] [    Test worker] o.s.t.i.TransactionInterceptor           : Getting transaction for [org.springframework.data.jpa.repository.support.SimpleJpaRepository.save]
2024-04-29T19:41:37.589+09:00 TRACE 58944 --- [project] [    Test worker] o.s.t.i.TransactionInterceptor           : Completing transaction for [org.springframework.data.jpa.repository.support.SimpleJpaRepository.save]
2024-04-29T19:41:37.589+09:00 DEBUG 58944 --- [project] [    Test worker] o.s.orm.jpa.JpaTransactionManager        : Found thread-bound EntityManager [SessionImpl(1742749668<open>)] for JPA transaction
2024-04-29T19:41:37.589+09:00 DEBUG 58944 --- [project] [    Test worker] o.s.orm.jpa.JpaTransactionManager        : Participating in existing transaction
2024-04-29T19:41:37.589+09:00 TRACE 58944 --- [project] [    Test worker] o.s.t.i.TransactionInterceptor           : Getting transaction for [org.springframework.data.jpa.repository.support.SimpleJpaRepository.save]
2024-04-29T19:41:37.590+09:00 TRACE 58944 --- [project] [    Test worker] o.s.t.i.TransactionInterceptor           : Completing transaction for [org.springframework.data.jpa.repository.support.SimpleJpaRepository.save]
2024-04-29T19:41:37.590+09:00 DEBUG 58944 --- [project] [    Test worker] o.s.orm.jpa.JpaTransactionManager        : Found thread-bound EntityManager [SessionImpl(1742749668<open>)] for JPA transaction
2024-04-29T19:41:37.590+09:00 DEBUG 58944 --- [project] [    Test worker] o.s.orm.jpa.JpaTransactionManager        : Participating in existing transaction
2024-04-29T19:41:37.590+09:00 TRACE 58944 --- [project] [    Test worker] o.s.t.i.TransactionInterceptor           : Getting transaction for [org.springframework.data.jpa.repository.support.SimpleJpaRepository.save]
2024-04-29T19:41:37.590+09:00 TRACE 58944 --- [project] [    Test worker] o.s.t.i.TransactionInterceptor           : Completing transaction for [org.springframework.data.jpa.repository.support.SimpleJpaRepository.save]
2024-04-29T19:41:37.590+09:00 DEBUG 58944 --- [project] [    Test worker] o.s.orm.jpa.JpaTransactionManager        : Found thread-bound EntityManager [SessionImpl(1742749668<open>)] for JPA transaction
2024-04-29T19:41:37.590+09:00 DEBUG 58944 --- [project] [    Test worker] o.s.orm.jpa.JpaTransactionManager        : Participating in existing transaction
2024-04-29T19:41:37.590+09:00 TRACE 58944 --- [project] [    Test worker] o.s.t.i.TransactionInterceptor           : Getting transaction for [org.springframework.data.jpa.repository.support.SimpleJpaRepository.save]
2024-04-29T19:41:37.590+09:00 TRACE 58944 --- [project] [    Test worker] o.s.t.i.TransactionInterceptor           : Completing transaction for [org.springframework.data.jpa.repository.support.SimpleJpaRepository.save]
2024-04-29T19:41:37.590+09:00 DEBUG 58944 --- [project] [    Test worker] o.s.orm.jpa.JpaTransactionManager        : Found thread-bound EntityManager [SessionImpl(1742749668<open>)] for JPA transaction
2024-04-29T19:41:37.590+09:00 DEBUG 58944 --- [project] [    Test worker] o.s.orm.jpa.JpaTransactionManager        : Participating in existing transaction
2024-04-29T19:41:37.590+09:00 TRACE 58944 --- [project] [    Test worker] o.s.t.i.TransactionInterceptor           : Getting transaction for [org.springframework.data.jpa.repository.support.SimpleJpaRepository.save]
2024-04-29T19:41:37.590+09:00 TRACE 58944 --- [project] [    Test worker] o.s.t.i.TransactionInterceptor           : Completing transaction for [org.springframework.data.jpa.repository.support.SimpleJpaRepository.save]
2024-04-29T19:41:37.590+09:00 DEBUG 58944 --- [project] [    Test worker] o.s.orm.jpa.JpaTransactionManager        : Found thread-bound EntityManager [SessionImpl(1742749668<open>)] for JPA transaction
2024-04-29T19:41:37.590+09:00 DEBUG 58944 --- [project] [    Test worker] o.s.orm.jpa.JpaTransactionManager        : Participating in existing transaction
2024-04-29T19:41:37.590+09:00 TRACE 58944 --- [project] [    Test worker] o.s.t.i.TransactionInterceptor           : Getting transaction for [org.springframework.data.jpa.repository.support.SimpleJpaRepository.save]
2024-04-29T19:41:37.590+09:00 TRACE 58944 --- [project] [    Test worker] o.s.t.i.TransactionInterceptor           : Completing transaction for [org.springframework.data.jpa.repository.support.SimpleJpaRepository.save]
2024-04-29T19:41:37.590+09:00 DEBUG 58944 --- [project] [    Test worker] o.s.orm.jpa.JpaTransactionManager        : Found thread-bound EntityManager [SessionImpl(1742749668<open>)] for JPA transaction
2024-04-29T19:41:37.590+09:00 DEBUG 58944 --- [project] [    Test worker] o.s.orm.jpa.JpaTransactionManager        : Participating in existing transaction
2024-04-29T19:41:37.590+09:00 TRACE 58944 --- [project] [    Test worker] o.s.t.i.TransactionInterceptor           : Getting transaction for [org.springframework.data.jpa.repository.support.SimpleJpaRepository.save]
2024-04-29T19:41:37.590+09:00 TRACE 58944 --- [project] [    Test worker] o.s.t.i.TransactionInterceptor           : Completing transaction for [org.springframework.data.jpa.repository.support.SimpleJpaRepository.save]
2024-04-29T19:41:37.590+09:00 DEBUG 58944 --- [project] [    Test worker] o.s.orm.jpa.JpaTransactionManager        : Found thread-bound EntityManager [SessionImpl(1742749668<open>)] for JPA transaction
2024-04-29T19:41:37.590+09:00 DEBUG 58944 --- [project] [    Test worker] o.s.orm.jpa.JpaTransactionManager        : Participating in existing transaction
2024-04-29T19:41:37.590+09:00 TRACE 58944 --- [project] [    Test worker] o.s.t.i.TransactionInterceptor           : Getting transaction for [org.springframework.data.jpa.repository.support.SimpleJpaRepository.save]
2024-04-29T19:41:37.590+09:00 TRACE 58944 --- [project] [    Test worker] o.s.t.i.TransactionInterceptor           : Completing transaction for [org.springframework.data.jpa.repository.support.SimpleJpaRepository.save]
2024-04-29T19:41:37.590+09:00 DEBUG 58944 --- [project] [    Test worker] o.s.orm.jpa.JpaTransactionManager        : Found thread-bound EntityManager [SessionImpl(1742749668<open>)] for JPA transaction
2024-04-29T19:41:37.590+09:00 DEBUG 58944 --- [project] [    Test worker] o.s.orm.jpa.JpaTransactionManager        : Participating in existing transaction
2024-04-29T19:41:37.590+09:00 TRACE 58944 --- [project] [    Test worker] o.s.t.i.TransactionInterceptor           : Getting transaction for [org.springframework.data.jpa.repository.support.SimpleJpaRepository.save]
2024-04-29T19:41:37.591+09:00 TRACE 58944 --- [project] [    Test worker] o.s.t.i.TransactionInterceptor           : Completing transaction for [org.springframework.data.jpa.repository.support.SimpleJpaRepository.save]
2024-04-29T19:41:37.591+09:00 DEBUG 58944 --- [project] [    Test worker] o.s.orm.jpa.JpaTransactionManager        : Found thread-bound EntityManager [SessionImpl(1742749668<open>)] for JPA transaction
2024-04-29T19:41:37.591+09:00 DEBUG 58944 --- [project] [    Test worker] o.s.orm.jpa.JpaTransactionManager        : Participating in existing transaction
2024-04-29T19:41:37.591+09:00 TRACE 58944 --- [project] [    Test worker] o.s.t.i.TransactionInterceptor           : Getting transaction for [org.springframework.data.jpa.repository.support.SimpleJpaRepository.save]
2024-04-29T19:41:37.591+09:00 TRACE 58944 --- [project] [    Test worker] o.s.t.i.TransactionInterceptor           : Completing transaction for [org.springframework.data.jpa.repository.support.SimpleJpaRepository.save]
2024-04-29T19:41:37.591+09:00 DEBUG 58944 --- [project] [    Test worker] o.s.orm.jpa.JpaTransactionManager        : Found thread-bound EntityManager [SessionImpl(1742749668<open>)] for JPA transaction
2024-04-29T19:41:37.591+09:00 DEBUG 58944 --- [project] [    Test worker] o.s.orm.jpa.JpaTransactionManager        : Participating in existing transaction
2024-04-29T19:41:37.591+09:00 TRACE 58944 --- [project] [    Test worker] o.s.t.i.TransactionInterceptor           : Getting transaction for [org.springframework.data.jpa.repository.support.SimpleJpaRepository.save]
2024-04-29T19:41:37.591+09:00 TRACE 58944 --- [project] [    Test worker] o.s.t.i.TransactionInterceptor           : Completing transaction for [org.springframework.data.jpa.repository.support.SimpleJpaRepository.save]
2024-04-29T19:41:37.591+09:00 DEBUG 58944 --- [project] [    Test worker] o.s.orm.jpa.JpaTransactionManager        : Found thread-bound EntityManager [SessionImpl(1742749668<open>)] for JPA transaction
2024-04-29T19:41:37.591+09:00 DEBUG 58944 --- [project] [    Test worker] o.s.orm.jpa.JpaTransactionManager        : Participating in existing transaction
2024-04-29T19:41:37.591+09:00 TRACE 58944 --- [project] [    Test worker] o.s.t.i.TransactionInterceptor           : Getting transaction for [org.springframework.data.jpa.repository.support.SimpleJpaRepository.save]
2024-04-29T19:41:37.591+09:00 TRACE 58944 --- [project] [    Test worker] o.s.t.i.TransactionInterceptor           : Completing transaction for [org.springframework.data.jpa.repository.support.SimpleJpaRepository.save]
2024-04-29T19:41:37.591+09:00 DEBUG 58944 --- [project] [    Test worker] o.s.orm.jpa.JpaTransactionManager        : Found thread-bound EntityManager [SessionImpl(1742749668<open>)] for JPA transaction
2024-04-29T19:41:37.591+09:00 DEBUG 58944 --- [project] [    Test worker] o.s.orm.jpa.JpaTransactionManager        : Participating in existing transaction
2024-04-29T19:41:37.591+09:00 TRACE 58944 --- [project] [    Test worker] o.s.t.i.TransactionInterceptor           : Getting transaction for [org.springframework.data.jpa.repository.support.SimpleJpaRepository.save]
2024-04-29T19:41:37.591+09:00 TRACE 58944 --- [project] [    Test worker] o.s.t.i.TransactionInterceptor           : Completing transaction for [org.springframework.data.jpa.repository.support.SimpleJpaRepository.save]
2024-04-29T19:41:37.592+09:00 DEBUG 58944 --- [project] [    Test worker] o.s.orm.jpa.JpaTransactionManager        : Found thread-bound EntityManager [SessionImpl(1742749668<open>)] for JPA transaction
2024-04-29T19:41:37.592+09:00 DEBUG 58944 --- [project] [    Test worker] o.s.orm.jpa.JpaTransactionManager        : Participating in existing transaction
2024-04-29T19:41:37.592+09:00 TRACE 58944 --- [project] [    Test worker] o.s.t.i.TransactionInterceptor           : Getting transaction for [org.springframework.data.jpa.repository.support.SimpleJpaRepository.save]
2024-04-29T19:41:37.592+09:00 TRACE 58944 --- [project] [    Test worker] o.s.t.i.TransactionInterceptor           : Completing transaction for [org.springframework.data.jpa.repository.support.SimpleJpaRepository.save]
2024-04-29T19:41:37.592+09:00 DEBUG 58944 --- [project] [    Test worker] o.s.orm.jpa.JpaTransactionManager        : Found thread-bound EntityManager [SessionImpl(1742749668<open>)] for JPA transaction
2024-04-29T19:41:37.592+09:00 DEBUG 58944 --- [project] [    Test worker] o.s.orm.jpa.JpaTransactionManager        : Participating in existing transaction
2024-04-29T19:41:37.592+09:00 TRACE 58944 --- [project] [    Test worker] o.s.t.i.TransactionInterceptor           : Getting transaction for [org.springframework.data.jpa.repository.support.SimpleJpaRepository.save]
2024-04-29T19:41:37.592+09:00 TRACE 58944 --- [project] [    Test worker] o.s.t.i.TransactionInterceptor           : Completing transaction for [org.springframework.data.jpa.repository.support.SimpleJpaRepository.save]
2024-04-29T19:41:37.592+09:00 DEBUG 58944 --- [project] [    Test worker] o.s.orm.jpa.JpaTransactionManager        : Found thread-bound EntityManager [SessionImpl(1742749668<open>)] for JPA transaction
2024-04-29T19:41:37.592+09:00 DEBUG 58944 --- [project] [    Test worker] o.s.orm.jpa.JpaTransactionManager        : Participating in existing transaction
2024-04-29T19:41:37.592+09:00 TRACE 58944 --- [project] [    Test worker] o.s.t.i.TransactionInterceptor           : Getting transaction for [org.springframework.data.jpa.repository.support.SimpleJpaRepository.save]
2024-04-29T19:41:37.592+09:00 TRACE 58944 --- [project] [    Test worker] o.s.t.i.TransactionInterceptor           : Completing transaction for [org.springframework.data.jpa.repository.support.SimpleJpaRepository.save]
2024-04-29T19:41:37.592+09:00 DEBUG 58944 --- [project] [    Test worker] o.s.orm.jpa.JpaTransactionManager        : Found thread-bound EntityManager [SessionImpl(1742749668<open>)] for JPA transaction
2024-04-29T19:41:37.592+09:00 DEBUG 58944 --- [project] [    Test worker] o.s.orm.jpa.JpaTransactionManager        : Participating in existing transaction
2024-04-29T19:41:37.592+09:00 TRACE 58944 --- [project] [    Test worker] o.s.t.i.TransactionInterceptor           : Getting transaction for [org.springframework.data.jpa.repository.support.SimpleJpaRepository.save]
2024-04-29T19:41:37.592+09:00 TRACE 58944 --- [project] [    Test worker] o.s.t.i.TransactionInterceptor           : Completing transaction for [org.springframework.data.jpa.repository.support.SimpleJpaRepository.save]
2024-04-29T19:41:37.592+09:00 DEBUG 58944 --- [project] [    Test worker] o.s.orm.jpa.JpaTransactionManager        : Found thread-bound EntityManager [SessionImpl(1742749668<open>)] for JPA transaction
2024-04-29T19:41:37.592+09:00 DEBUG 58944 --- [project] [    Test worker] o.s.orm.jpa.JpaTransactionManager        : Participating in existing transaction
2024-04-29T19:41:37.592+09:00 TRACE 58944 --- [project] [    Test worker] o.s.t.i.TransactionInterceptor           : Getting transaction for [org.springframework.data.jpa.repository.support.SimpleJpaRepository.save]
2024-04-29T19:41:37.592+09:00 TRACE 58944 --- [project] [    Test worker] o.s.t.i.TransactionInterceptor           : Completing transaction for [org.springframework.data.jpa.repository.support.SimpleJpaRepository.save]
2024-04-29T19:41:37.592+09:00 DEBUG 58944 --- [project] [    Test worker] o.s.orm.jpa.JpaTransactionManager        : Found thread-bound EntityManager [SessionImpl(1742749668<open>)] for JPA transaction
2024-04-29T19:41:37.592+09:00 DEBUG 58944 --- [project] [    Test worker] o.s.orm.jpa.JpaTransactionManager        : Participating in existing transaction
2024-04-29T19:41:37.592+09:00 TRACE 58944 --- [project] [    Test worker] o.s.t.i.TransactionInterceptor           : Getting transaction for [org.springframework.data.jpa.repository.support.SimpleJpaRepository.save]
2024-04-29T19:41:37.592+09:00 TRACE 58944 --- [project] [    Test worker] o.s.t.i.TransactionInterceptor           : Completing transaction for [org.springframework.data.jpa.repository.support.SimpleJpaRepository.save]
2024-04-29T19:41:37.592+09:00 DEBUG 58944 --- [project] [    Test worker] o.s.orm.jpa.JpaTransactionManager        : Found thread-bound EntityManager [SessionImpl(1742749668<open>)] for JPA transaction
2024-04-29T19:41:37.592+09:00 DEBUG 58944 --- [project] [    Test worker] o.s.orm.jpa.JpaTransactionManager        : Participating in existing transaction
2024-04-29T19:41:37.592+09:00 TRACE 58944 --- [project] [    Test worker] o.s.t.i.TransactionInterceptor           : Getting transaction for [org.springframework.data.jpa.repository.support.SimpleJpaRepository.save]
2024-04-29T19:41:37.592+09:00 TRACE 58944 --- [project] [    Test worker] o.s.t.i.TransactionInterceptor           : Completing transaction for [org.springframework.data.jpa.repository.support.SimpleJpaRepository.save]
2024-04-29T19:41:37.592+09:00 DEBUG 58944 --- [project] [    Test worker] o.s.orm.jpa.JpaTransactionManager        : Found thread-bound EntityManager [SessionImpl(1742749668<open>)] for JPA transaction
2024-04-29T19:41:37.592+09:00 DEBUG 58944 --- [project] [    Test worker] o.s.orm.jpa.JpaTransactionManager        : Participating in existing transaction
2024-04-29T19:41:37.592+09:00 TRACE 58944 --- [project] [    Test worker] o.s.t.i.TransactionInterceptor           : Getting transaction for [org.springframework.data.jpa.repository.support.SimpleJpaRepository.save]
2024-04-29T19:41:37.592+09:00 TRACE 58944 --- [project] [    Test worker] o.s.t.i.TransactionInterceptor           : Completing transaction for [org.springframework.data.jpa.repository.support.SimpleJpaRepository.save]
2024-04-29T19:41:37.592+09:00 DEBUG 58944 --- [project] [    Test worker] o.s.orm.jpa.JpaTransactionManager        : Found thread-bound EntityManager [SessionImpl(1742749668<open>)] for JPA transaction
2024-04-29T19:41:37.592+09:00 DEBUG 58944 --- [project] [    Test worker] o.s.orm.jpa.JpaTransactionManager        : Participating in existing transaction
2024-04-29T19:41:37.592+09:00 TRACE 58944 --- [project] [    Test worker] o.s.t.i.TransactionInterceptor           : Getting transaction for [org.springframework.data.jpa.repository.support.SimpleJpaRepository.save]
2024-04-29T19:41:37.593+09:00 TRACE 58944 --- [project] [    Test worker] o.s.t.i.TransactionInterceptor           : Completing transaction for [org.springframework.data.jpa.repository.support.SimpleJpaRepository.save]
2024-04-29T19:41:37.593+09:00 DEBUG 58944 --- [project] [    Test worker] o.s.orm.jpa.JpaTransactionManager        : Found thread-bound EntityManager [SessionImpl(1742749668<open>)] for JPA transaction
2024-04-29T19:41:37.593+09:00 DEBUG 58944 --- [project] [    Test worker] o.s.orm.jpa.JpaTransactionManager        : Participating in existing transaction
2024-04-29T19:41:37.593+09:00 TRACE 58944 --- [project] [    Test worker] o.s.t.i.TransactionInterceptor           : Getting transaction for [org.springframework.data.jpa.repository.support.SimpleJpaRepository.save]
2024-04-29T19:41:37.593+09:00 TRACE 58944 --- [project] [    Test worker] o.s.t.i.TransactionInterceptor           : Completing transaction for [org.springframework.data.jpa.repository.support.SimpleJpaRepository.save]
2024-04-29T19:41:37.593+09:00 DEBUG 58944 --- [project] [    Test worker] o.s.orm.jpa.JpaTransactionManager        : Found thread-bound EntityManager [SessionImpl(1742749668<open>)] for JPA transaction
2024-04-29T19:41:37.593+09:00 DEBUG 58944 --- [project] [    Test worker] o.s.orm.jpa.JpaTransactionManager        : Participating in existing transaction
2024-04-29T19:41:37.593+09:00 TRACE 58944 --- [project] [    Test worker] o.s.t.i.TransactionInterceptor           : Getting transaction for [org.springframework.data.jpa.repository.support.SimpleJpaRepository.save]
2024-04-29T19:41:37.593+09:00 TRACE 58944 --- [project] [    Test worker] o.s.t.i.TransactionInterceptor           : Completing transaction for [org.springframework.data.jpa.repository.support.SimpleJpaRepository.save]
2024-04-29T19:41:37.593+09:00 DEBUG 58944 --- [project] [    Test worker] o.s.orm.jpa.JpaTransactionManager        : Found thread-bound EntityManager [SessionImpl(1742749668<open>)] for JPA transaction
2024-04-29T19:41:37.593+09:00 DEBUG 58944 --- [project] [    Test worker] o.s.orm.jpa.JpaTransactionManager        : Participating in existing transaction
2024-04-29T19:41:37.593+09:00 TRACE 58944 --- [project] [    Test worker] o.s.t.i.TransactionInterceptor           : Getting transaction for [org.springframework.data.jpa.repository.support.SimpleJpaRepository.save]
2024-04-29T19:41:37.593+09:00 TRACE 58944 --- [project] [    Test worker] o.s.t.i.TransactionInterceptor           : Completing transaction for [org.springframework.data.jpa.repository.support.SimpleJpaRepository.save]
2024-04-29T19:41:37.593+09:00 DEBUG 58944 --- [project] [    Test worker] o.s.orm.jpa.JpaTransactionManager        : Found thread-bound EntityManager [SessionImpl(1742749668<open>)] for JPA transaction
2024-04-29T19:41:37.593+09:00 DEBUG 58944 --- [project] [    Test worker] o.s.orm.jpa.JpaTransactionManager        : Participating in existing transaction
2024-04-29T19:41:37.594+09:00 TRACE 58944 --- [project] [    Test worker] o.s.t.i.TransactionInterceptor           : Getting transaction for [org.springframework.data.jpa.repository.support.SimpleJpaRepository.save]
2024-04-29T19:41:37.594+09:00 TRACE 58944 --- [project] [    Test worker] o.s.t.i.TransactionInterceptor           : Completing transaction for [org.springframework.data.jpa.repository.support.SimpleJpaRepository.save]
2024-04-29T19:41:37.594+09:00 DEBUG 58944 --- [project] [    Test worker] o.s.orm.jpa.JpaTransactionManager        : Found thread-bound EntityManager [SessionImpl(1742749668<open>)] for JPA transaction
2024-04-29T19:41:37.594+09:00 DEBUG 58944 --- [project] [    Test worker] o.s.orm.jpa.JpaTransactionManager        : Participating in existing transaction
2024-04-29T19:41:37.594+09:00 TRACE 58944 --- [project] [    Test worker] o.s.t.i.TransactionInterceptor           : Getting transaction for [org.springframework.data.jpa.repository.support.SimpleJpaRepository.save]
2024-04-29T19:41:37.594+09:00 TRACE 58944 --- [project] [    Test worker] o.s.t.i.TransactionInterceptor           : Completing transaction for [org.springframework.data.jpa.repository.support.SimpleJpaRepository.save]
2024-04-29T19:41:37.594+09:00 DEBUG 58944 --- [project] [    Test worker] o.s.orm.jpa.JpaTransactionManager        : Found thread-bound EntityManager [SessionImpl(1742749668<open>)] for JPA transaction
2024-04-29T19:41:37.594+09:00 DEBUG 58944 --- [project] [    Test worker] o.s.orm.jpa.JpaTransactionManager        : Participating in existing transaction
2024-04-29T19:41:37.594+09:00 TRACE 58944 --- [project] [    Test worker] o.s.t.i.TransactionInterceptor           : Getting transaction for [org.springframework.data.jpa.repository.support.SimpleJpaRepository.save]
2024-04-29T19:41:37.595+09:00 TRACE 58944 --- [project] [    Test worker] o.s.t.i.TransactionInterceptor           : Completing transaction for [org.springframework.data.jpa.repository.support.SimpleJpaRepository.save]
2024-04-29T19:41:37.595+09:00 DEBUG 58944 --- [project] [    Test worker] o.s.orm.jpa.JpaTransactionManager        : Found thread-bound EntityManager [SessionImpl(1742749668<open>)] for JPA transaction
2024-04-29T19:41:37.595+09:00 DEBUG 58944 --- [project] [    Test worker] o.s.orm.jpa.JpaTransactionManager        : Participating in existing transaction
2024-04-29T19:41:37.595+09:00 TRACE 58944 --- [project] [    Test worker] o.s.t.i.TransactionInterceptor           : Getting transaction for [org.springframework.data.jpa.repository.support.SimpleJpaRepository.save]
2024-04-29T19:41:37.595+09:00 TRACE 58944 --- [project] [    Test worker] o.s.t.i.TransactionInterceptor           : Completing transaction for [org.springframework.data.jpa.repository.support.SimpleJpaRepository.save]
2024-04-29T19:41:37.595+09:00 DEBUG 58944 --- [project] [    Test worker] o.s.orm.jpa.JpaTransactionManager        : Found thread-bound EntityManager [SessionImpl(1742749668<open>)] for JPA transaction
2024-04-29T19:41:37.595+09:00 DEBUG 58944 --- [project] [    Test worker] o.s.orm.jpa.JpaTransactionManager        : Participating in existing transaction
2024-04-29T19:41:37.595+09:00 TRACE 58944 --- [project] [    Test worker] o.s.t.i.TransactionInterceptor           : Getting transaction for [org.springframework.data.jpa.repository.support.SimpleJpaRepository.save]
2024-04-29T19:41:37.595+09:00 TRACE 58944 --- [project] [    Test worker] o.s.t.i.TransactionInterceptor           : Completing transaction for [org.springframework.data.jpa.repository.support.SimpleJpaRepository.save]
2024-04-29T19:41:37.595+09:00 DEBUG 58944 --- [project] [    Test worker] o.s.orm.jpa.JpaTransactionManager        : Found thread-bound EntityManager [SessionImpl(1742749668<open>)] for JPA transaction
2024-04-29T19:41:37.595+09:00 DEBUG 58944 --- [project] [    Test worker] o.s.orm.jpa.JpaTransactionManager        : Participating in existing transaction
2024-04-29T19:41:37.595+09:00 TRACE 58944 --- [project] [    Test worker] o.s.t.i.TransactionInterceptor           : Getting transaction for [org.springframework.data.jpa.repository.support.SimpleJpaRepository.save]
2024-04-29T19:41:37.596+09:00 TRACE 58944 --- [project] [    Test worker] o.s.t.i.TransactionInterceptor           : Completing transaction for [org.springframework.data.jpa.repository.support.SimpleJpaRepository.save]
2024-04-29T19:41:37.596+09:00 DEBUG 58944 --- [project] [    Test worker] o.s.orm.jpa.JpaTransactionManager        : Found thread-bound EntityManager [SessionImpl(1742749668<open>)] for JPA transaction
2024-04-29T19:41:37.596+09:00 DEBUG 58944 --- [project] [    Test worker] o.s.orm.jpa.JpaTransactionManager        : Participating in existing transaction
2024-04-29T19:41:37.596+09:00 TRACE 58944 --- [project] [    Test worker] o.s.t.i.TransactionInterceptor           : Getting transaction for [org.springframework.data.jpa.repository.support.SimpleJpaRepository.save]
2024-04-29T19:41:37.596+09:00 TRACE 58944 --- [project] [    Test worker] o.s.t.i.TransactionInterceptor           : Completing transaction for [org.springframework.data.jpa.repository.support.SimpleJpaRepository.save]
2024-04-29T19:41:37.596+09:00 DEBUG 58944 --- [project] [    Test worker] o.s.orm.jpa.JpaTransactionManager        : Found thread-bound EntityManager [SessionImpl(1742749668<open>)] for JPA transaction
2024-04-29T19:41:37.596+09:00 DEBUG 58944 --- [project] [    Test worker] o.s.orm.jpa.JpaTransactionManager        : Participating in existing transaction
2024-04-29T19:41:37.596+09:00 TRACE 58944 --- [project] [    Test worker] o.s.t.i.TransactionInterceptor           : Getting transaction for [org.springframework.data.jpa.repository.support.SimpleJpaRepository.save]
2024-04-29T19:41:37.596+09:00 TRACE 58944 --- [project] [    Test worker] o.s.t.i.TransactionInterceptor           : Completing transaction for [org.springframework.data.jpa.repository.support.SimpleJpaRepository.save]
2024-04-29T19:41:37.596+09:00 DEBUG 58944 --- [project] [    Test worker] o.s.orm.jpa.JpaTransactionManager        : Found thread-bound EntityManager [SessionImpl(1742749668<open>)] for JPA transaction
2024-04-29T19:41:37.596+09:00 DEBUG 58944 --- [project] [    Test worker] o.s.orm.jpa.JpaTransactionManager        : Participating in existing transaction
2024-04-29T19:41:37.596+09:00 TRACE 58944 --- [project] [    Test worker] o.s.t.i.TransactionInterceptor           : Getting transaction for [org.springframework.data.jpa.repository.support.SimpleJpaRepository.save]
2024-04-29T19:41:37.596+09:00 TRACE 58944 --- [project] [    Test worker] o.s.t.i.TransactionInterceptor           : Completing transaction for [org.springframework.data.jpa.repository.support.SimpleJpaRepository.save]
2024-04-29T19:41:37.596+09:00 DEBUG 58944 --- [project] [    Test worker] o.s.orm.jpa.JpaTransactionManager        : Found thread-bound EntityManager [SessionImpl(1742749668<open>)] for JPA transaction
2024-04-29T19:41:37.596+09:00 DEBUG 58944 --- [project] [    Test worker] o.s.orm.jpa.JpaTransactionManager        : Participating in existing transaction
2024-04-29T19:41:37.596+09:00 TRACE 58944 --- [project] [    Test worker] o.s.t.i.TransactionInterceptor           : Getting transaction for [org.springframework.data.jpa.repository.support.SimpleJpaRepository.save]
2024-04-29T19:41:37.596+09:00 TRACE 58944 --- [project] [    Test worker] o.s.t.i.TransactionInterceptor           : Completing transaction for [org.springframework.data.jpa.repository.support.SimpleJpaRepository.save]
2024-04-29T19:41:37.596+09:00 DEBUG 58944 --- [project] [    Test worker] o.s.orm.jpa.JpaTransactionManager        : Found thread-bound EntityManager [SessionImpl(1742749668<open>)] for JPA transaction
2024-04-29T19:41:37.596+09:00 DEBUG 58944 --- [project] [    Test worker] o.s.orm.jpa.JpaTransactionManager        : Participating in existing transaction
2024-04-29T19:41:37.596+09:00 TRACE 58944 --- [project] [    Test worker] o.s.t.i.TransactionInterceptor           : Getting transaction for [org.springframework.data.jpa.repository.support.SimpleJpaRepository.save]
2024-04-29T19:41:37.596+09:00 TRACE 58944 --- [project] [    Test worker] o.s.t.i.TransactionInterceptor           : Completing transaction for [org.springframework.data.jpa.repository.support.SimpleJpaRepository.save]
2024-04-29T19:41:37.596+09:00 DEBUG 58944 --- [project] [    Test worker] o.s.orm.jpa.JpaTransactionManager        : Found thread-bound EntityManager [SessionImpl(1742749668<open>)] for JPA transaction
2024-04-29T19:41:37.596+09:00 DEBUG 58944 --- [project] [    Test worker] o.s.orm.jpa.JpaTransactionManager        : Participating in existing transaction
2024-04-29T19:41:37.596+09:00 TRACE 58944 --- [project] [    Test worker] o.s.t.i.TransactionInterceptor           : Getting transaction for [org.springframework.data.jpa.repository.support.SimpleJpaRepository.save]
2024-04-29T19:41:37.596+09:00 TRACE 58944 --- [project] [    Test worker] o.s.t.i.TransactionInterceptor           : Completing transaction for [org.springframework.data.jpa.repository.support.SimpleJpaRepository.save]
2024-04-29T19:41:37.596+09:00 DEBUG 58944 --- [project] [    Test worker] o.s.orm.jpa.JpaTransactionManager        : Found thread-bound EntityManager [SessionImpl(1742749668<open>)] for JPA transaction
2024-04-29T19:41:37.597+09:00 DEBUG 58944 --- [project] [    Test worker] o.s.orm.jpa.JpaTransactionManager        : Participating in existing transaction
2024-04-29T19:41:37.597+09:00 TRACE 58944 --- [project] [    Test worker] o.s.t.i.TransactionInterceptor           : Getting transaction for [org.springframework.data.jpa.repository.support.SimpleJpaRepository.save]
2024-04-29T19:41:37.597+09:00 TRACE 58944 --- [project] [    Test worker] o.s.t.i.TransactionInterceptor           : Completing transaction for [org.springframework.data.jpa.repository.support.SimpleJpaRepository.save]
2024-04-29T19:41:37.597+09:00 DEBUG 58944 --- [project] [    Test worker] o.s.orm.jpa.JpaTransactionManager        : Found thread-bound EntityManager [SessionImpl(1742749668<open>)] for JPA transaction
2024-04-29T19:41:37.597+09:00 DEBUG 58944 --- [project] [    Test worker] o.s.orm.jpa.JpaTransactionManager        : Participating in existing transaction
2024-04-29T19:41:37.597+09:00 TRACE 58944 --- [project] [    Test worker] o.s.t.i.TransactionInterceptor           : Getting transaction for [org.springframework.data.jpa.repository.support.SimpleJpaRepository.save]
2024-04-29T19:41:37.597+09:00 TRACE 58944 --- [project] [    Test worker] o.s.t.i.TransactionInterceptor           : Completing transaction for [org.springframework.data.jpa.repository.support.SimpleJpaRepository.save]
2024-04-29T19:41:37.597+09:00 DEBUG 58944 --- [project] [    Test worker] o.s.orm.jpa.JpaTransactionManager        : Found thread-bound EntityManager [SessionImpl(1742749668<open>)] for JPA transaction
2024-04-29T19:41:37.597+09:00 DEBUG 58944 --- [project] [    Test worker] o.s.orm.jpa.JpaTransactionManager        : Participating in existing transaction
2024-04-29T19:41:37.597+09:00 TRACE 58944 --- [project] [    Test worker] o.s.t.i.TransactionInterceptor           : Getting transaction for [org.springframework.data.jpa.repository.support.SimpleJpaRepository.save]
2024-04-29T19:41:37.597+09:00 TRACE 58944 --- [project] [    Test worker] o.s.t.i.TransactionInterceptor           : Completing transaction for [org.springframework.data.jpa.repository.support.SimpleJpaRepository.save]
2024-04-29T19:41:37.597+09:00 DEBUG 58944 --- [project] [    Test worker] o.s.orm.jpa.JpaTransactionManager        : Found thread-bound EntityManager [SessionImpl(1742749668<open>)] for JPA transaction
2024-04-29T19:41:37.597+09:00 DEBUG 58944 --- [project] [    Test worker] o.s.orm.jpa.JpaTransactionManager        : Participating in existing transaction
2024-04-29T19:41:37.597+09:00 TRACE 58944 --- [project] [    Test worker] o.s.t.i.TransactionInterceptor           : Getting transaction for [org.springframework.data.jpa.repository.support.SimpleJpaRepository.save]
2024-04-29T19:41:37.597+09:00 TRACE 58944 --- [project] [    Test worker] o.s.t.i.TransactionInterceptor           : Completing transaction for [org.springframework.data.jpa.repository.support.SimpleJpaRepository.save]
2024-04-29T19:41:37.597+09:00 DEBUG 58944 --- [project] [    Test worker] o.s.orm.jpa.JpaTransactionManager        : Found thread-bound EntityManager [SessionImpl(1742749668<open>)] for JPA transaction
2024-04-29T19:41:37.597+09:00 DEBUG 58944 --- [project] [    Test worker] o.s.orm.jpa.JpaTransactionManager        : Participating in existing transaction
2024-04-29T19:41:37.597+09:00 TRACE 58944 --- [project] [    Test worker] o.s.t.i.TransactionInterceptor           : Getting transaction for [org.springframework.data.jpa.repository.support.SimpleJpaRepository.save]
2024-04-29T19:41:37.597+09:00 TRACE 58944 --- [project] [    Test worker] o.s.t.i.TransactionInterceptor           : Completing transaction for [org.springframework.data.jpa.repository.support.SimpleJpaRepository.save]
2024-04-29T19:41:37.597+09:00 DEBUG 58944 --- [project] [    Test worker] o.s.orm.jpa.JpaTransactionManager        : Found thread-bound EntityManager [SessionImpl(1742749668<open>)] for JPA transaction
2024-04-29T19:41:37.597+09:00 DEBUG 58944 --- [project] [    Test worker] o.s.orm.jpa.JpaTransactionManager        : Participating in existing transaction
2024-04-29T19:41:37.597+09:00 TRACE 58944 --- [project] [    Test worker] o.s.t.i.TransactionInterceptor           : Getting transaction for [org.springframework.data.jpa.repository.support.SimpleJpaRepository.save]
2024-04-29T19:41:37.597+09:00 TRACE 58944 --- [project] [    Test worker] o.s.t.i.TransactionInterceptor           : Completing transaction for [org.springframework.data.jpa.repository.support.SimpleJpaRepository.save]
2024-04-29T19:41:37.597+09:00 DEBUG 58944 --- [project] [    Test worker] o.s.orm.jpa.JpaTransactionManager        : Found thread-bound EntityManager [SessionImpl(1742749668<open>)] for JPA transaction
2024-04-29T19:41:37.597+09:00 DEBUG 58944 --- [project] [    Test worker] o.s.orm.jpa.JpaTransactionManager        : Participating in existing transaction
2024-04-29T19:41:37.597+09:00 TRACE 58944 --- [project] [    Test worker] o.s.t.i.TransactionInterceptor           : Getting transaction for [org.springframework.data.jpa.repository.support.SimpleJpaRepository.save]
2024-04-29T19:41:37.597+09:00 TRACE 58944 --- [project] [    Test worker] o.s.t.i.TransactionInterceptor           : Completing transaction for [org.springframework.data.jpa.repository.support.SimpleJpaRepository.save]
2024-04-29T19:41:37.597+09:00 DEBUG 58944 --- [project] [    Test worker] o.s.orm.jpa.JpaTransactionManager        : Found thread-bound EntityManager [SessionImpl(1742749668<open>)] for JPA transaction
2024-04-29T19:41:37.597+09:00 DEBUG 58944 --- [project] [    Test worker] o.s.orm.jpa.JpaTransactionManager        : Participating in existing transaction
2024-04-29T19:41:37.597+09:00 TRACE 58944 --- [project] [    Test worker] o.s.t.i.TransactionInterceptor           : Getting transaction for [org.springframework.data.jpa.repository.support.SimpleJpaRepository.save]
2024-04-29T19:41:37.598+09:00 TRACE 58944 --- [project] [    Test worker] o.s.t.i.TransactionInterceptor           : Completing transaction for [org.springframework.data.jpa.repository.support.SimpleJpaRepository.save]
2024-04-29T19:41:37.598+09:00 DEBUG 58944 --- [project] [    Test worker] o.s.orm.jpa.JpaTransactionManager        : Found thread-bound EntityManager [SessionImpl(1742749668<open>)] for JPA transaction
2024-04-29T19:41:37.598+09:00 DEBUG 58944 --- [project] [    Test worker] o.s.orm.jpa.JpaTransactionManager        : Participating in existing transaction
2024-04-29T19:41:37.598+09:00 TRACE 58944 --- [project] [    Test worker] o.s.t.i.TransactionInterceptor           : Getting transaction for [org.springframework.data.jpa.repository.support.SimpleJpaRepository.save]
2024-04-29T19:41:37.598+09:00 TRACE 58944 --- [project] [    Test worker] o.s.t.i.TransactionInterceptor           : Completing transaction for [org.springframework.data.jpa.repository.support.SimpleJpaRepository.save]
2024-04-29T19:41:37.598+09:00 DEBUG 58944 --- [project] [    Test worker] o.s.orm.jpa.JpaTransactionManager        : Found thread-bound EntityManager [SessionImpl(1742749668<open>)] for JPA transaction
2024-04-29T19:41:37.598+09:00 DEBUG 58944 --- [project] [    Test worker] o.s.orm.jpa.JpaTransactionManager        : Participating in existing transaction
2024-04-29T19:41:37.598+09:00 TRACE 58944 --- [project] [    Test worker] o.s.t.i.TransactionInterceptor           : Getting transaction for [org.springframework.data.jpa.repository.support.SimpleJpaRepository.save]
2024-04-29T19:41:37.598+09:00 TRACE 58944 --- [project] [    Test worker] o.s.t.i.TransactionInterceptor           : Completing transaction for [org.springframework.data.jpa.repository.support.SimpleJpaRepository.save]
2024-04-29T19:41:37.598+09:00 DEBUG 58944 --- [project] [    Test worker] o.s.orm.jpa.JpaTransactionManager        : Found thread-bound EntityManager [SessionImpl(1742749668<open>)] for JPA transaction
2024-04-29T19:41:37.598+09:00 DEBUG 58944 --- [project] [    Test worker] o.s.orm.jpa.JpaTransactionManager        : Participating in existing transaction
2024-04-29T19:41:37.598+09:00 TRACE 58944 --- [project] [    Test worker] o.s.t.i.TransactionInterceptor           : Getting transaction for [org.springframework.data.jpa.repository.support.SimpleJpaRepository.save]
2024-04-29T19:41:37.598+09:00 TRACE 58944 --- [project] [    Test worker] o.s.t.i.TransactionInterceptor           : Completing transaction for [org.springframework.data.jpa.repository.support.SimpleJpaRepository.save]
2024-04-29T19:41:37.598+09:00 DEBUG 58944 --- [project] [    Test worker] o.s.orm.jpa.JpaTransactionManager        : Found thread-bound EntityManager [SessionImpl(1742749668<open>)] for JPA transaction
2024-04-29T19:41:37.598+09:00 DEBUG 58944 --- [project] [    Test worker] o.s.orm.jpa.JpaTransactionManager        : Participating in existing transaction
2024-04-29T19:41:37.598+09:00 TRACE 58944 --- [project] [    Test worker] o.s.t.i.TransactionInterceptor           : Getting transaction for [org.springframework.data.jpa.repository.support.SimpleJpaRepository.save]
2024-04-29T19:41:37.598+09:00 TRACE 58944 --- [project] [    Test worker] o.s.t.i.TransactionInterceptor           : Completing transaction for [org.springframework.data.jpa.repository.support.SimpleJpaRepository.save]
2024-04-29T19:41:37.598+09:00 DEBUG 58944 --- [project] [    Test worker] o.s.orm.jpa.JpaTransactionManager        : Found thread-bound EntityManager [SessionImpl(1742749668<open>)] for JPA transaction
2024-04-29T19:41:37.598+09:00 DEBUG 58944 --- [project] [    Test worker] o.s.orm.jpa.JpaTransactionManager        : Participating in existing transaction
2024-04-29T19:41:37.598+09:00 TRACE 58944 --- [project] [    Test worker] o.s.t.i.TransactionInterceptor           : Getting transaction for [org.springframework.data.jpa.repository.support.SimpleJpaRepository.save]
2024-04-29T19:41:37.598+09:00 TRACE 58944 --- [project] [    Test worker] o.s.t.i.TransactionInterceptor           : Completing transaction for [org.springframework.data.jpa.repository.support.SimpleJpaRepository.save]
2024-04-29T19:41:37.598+09:00 DEBUG 58944 --- [project] [    Test worker] o.s.orm.jpa.JpaTransactionManager        : Found thread-bound EntityManager [SessionImpl(1742749668<open>)] for JPA transaction
2024-04-29T19:41:37.598+09:00 DEBUG 58944 --- [project] [    Test worker] o.s.orm.jpa.JpaTransactionManager        : Participating in existing transaction
2024-04-29T19:41:37.598+09:00 TRACE 58944 --- [project] [    Test worker] o.s.t.i.TransactionInterceptor           : Getting transaction for [org.springframework.data.jpa.repository.support.SimpleJpaRepository.save]
2024-04-29T19:41:37.598+09:00 TRACE 58944 --- [project] [    Test worker] o.s.t.i.TransactionInterceptor           : Completing transaction for [org.springframework.data.jpa.repository.support.SimpleJpaRepository.save]
2024-04-29T19:41:37.598+09:00 DEBUG 58944 --- [project] [    Test worker] o.s.orm.jpa.JpaTransactionManager        : Found thread-bound EntityManager [SessionImpl(1742749668<open>)] for JPA transaction
2024-04-29T19:41:37.598+09:00 DEBUG 58944 --- [project] [    Test worker] o.s.orm.jpa.JpaTransactionManager        : Participating in existing transaction
2024-04-29T19:41:37.598+09:00 TRACE 58944 --- [project] [    Test worker] o.s.t.i.TransactionInterceptor           : Getting transaction for [org.springframework.data.jpa.repository.support.SimpleJpaRepository.save]
2024-04-29T19:41:37.598+09:00 TRACE 58944 --- [project] [    Test worker] o.s.t.i.TransactionInterceptor           : Completing transaction for [org.springframework.data.jpa.repository.support.SimpleJpaRepository.save]
2024-04-29T19:41:37.598+09:00 DEBUG 58944 --- [project] [    Test worker] o.s.orm.jpa.JpaTransactionManager        : Found thread-bound EntityManager [SessionImpl(1742749668<open>)] for JPA transaction
2024-04-29T19:41:37.598+09:00 DEBUG 58944 --- [project] [    Test worker] o.s.orm.jpa.JpaTransactionManager        : Participating in existing transaction
2024-04-29T19:41:37.598+09:00 TRACE 58944 --- [project] [    Test worker] o.s.t.i.TransactionInterceptor           : Getting transaction for [org.springframework.data.jpa.repository.support.SimpleJpaRepository.save]
2024-04-29T19:41:37.599+09:00 TRACE 58944 --- [project] [    Test worker] o.s.t.i.TransactionInterceptor           : Completing transaction for [org.springframework.data.jpa.repository.support.SimpleJpaRepository.save]
2024-04-29T19:41:37.599+09:00 DEBUG 58944 --- [project] [    Test worker] o.s.orm.jpa.JpaTransactionManager        : Found thread-bound EntityManager [SessionImpl(1742749668<open>)] for JPA transaction
2024-04-29T19:41:37.599+09:00 DEBUG 58944 --- [project] [    Test worker] o.s.orm.jpa.JpaTransactionManager        : Participating in existing transaction
2024-04-29T19:41:37.599+09:00 TRACE 58944 --- [project] [    Test worker] o.s.t.i.TransactionInterceptor           : Getting transaction for [org.springframework.data.jpa.repository.support.SimpleJpaRepository.save]
2024-04-29T19:41:37.599+09:00 TRACE 58944 --- [project] [    Test worker] o.s.t.i.TransactionInterceptor           : Completing transaction for [org.springframework.data.jpa.repository.support.SimpleJpaRepository.save]
2024-04-29T19:41:37.599+09:00 DEBUG 58944 --- [project] [    Test worker] o.s.orm.jpa.JpaTransactionManager        : Found thread-bound EntityManager [SessionImpl(1742749668<open>)] for JPA transaction
2024-04-29T19:41:37.599+09:00 DEBUG 58944 --- [project] [    Test worker] o.s.orm.jpa.JpaTransactionManager        : Participating in existing transaction
2024-04-29T19:41:37.599+09:00 TRACE 58944 --- [project] [    Test worker] o.s.t.i.TransactionInterceptor           : Getting transaction for [org.springframework.data.jpa.repository.support.SimpleJpaRepository.save]
2024-04-29T19:41:37.599+09:00 TRACE 58944 --- [project] [    Test worker] o.s.t.i.TransactionInterceptor           : Completing transaction for [org.springframework.data.jpa.repository.support.SimpleJpaRepository.save]
2024-04-29T19:41:37.599+09:00 DEBUG 58944 --- [project] [    Test worker] o.s.orm.jpa.JpaTransactionManager        : Found thread-bound EntityManager [SessionImpl(1742749668<open>)] for JPA transaction
2024-04-29T19:41:37.599+09:00 DEBUG 58944 --- [project] [    Test worker] o.s.orm.jpa.JpaTransactionManager        : Participating in existing transaction
2024-04-29T19:41:37.599+09:00 TRACE 58944 --- [project] [    Test worker] o.s.t.i.TransactionInterceptor           : Getting transaction for [org.springframework.data.jpa.repository.support.SimpleJpaRepository.save]
2024-04-29T19:41:37.599+09:00 TRACE 58944 --- [project] [    Test worker] o.s.t.i.TransactionInterceptor           : Completing transaction for [org.springframework.data.jpa.repository.support.SimpleJpaRepository.save]
2024-04-29T19:41:37.599+09:00 DEBUG 58944 --- [project] [    Test worker] o.s.orm.jpa.JpaTransactionManager        : Found thread-bound EntityManager [SessionImpl(1742749668<open>)] for JPA transaction
2024-04-29T19:41:37.599+09:00 DEBUG 58944 --- [project] [    Test worker] o.s.orm.jpa.JpaTransactionManager        : Participating in existing transaction
2024-04-29T19:41:37.599+09:00 TRACE 58944 --- [project] [    Test worker] o.s.t.i.TransactionInterceptor           : Getting transaction for [org.springframework.data.jpa.repository.support.SimpleJpaRepository.save]
2024-04-29T19:41:37.599+09:00 TRACE 58944 --- [project] [    Test worker] o.s.t.i.TransactionInterceptor           : Completing transaction for [org.springframework.data.jpa.repository.support.SimpleJpaRepository.save]
2024-04-29T19:41:37.599+09:00 DEBUG 58944 --- [project] [    Test worker] o.s.orm.jpa.JpaTransactionManager        : Found thread-bound EntityManager [SessionImpl(1742749668<open>)] for JPA transaction
2024-04-29T19:41:37.599+09:00 DEBUG 58944 --- [project] [    Test worker] o.s.orm.jpa.JpaTransactionManager        : Participating in existing transaction
2024-04-29T19:41:37.599+09:00 TRACE 58944 --- [project] [    Test worker] o.s.t.i.TransactionInterceptor           : Getting transaction for [org.springframework.data.jpa.repository.support.SimpleJpaRepository.save]
2024-04-29T19:41:37.599+09:00 TRACE 58944 --- [project] [    Test worker] o.s.t.i.TransactionInterceptor           : Completing transaction for [org.springframework.data.jpa.repository.support.SimpleJpaRepository.save]
2024-04-29T19:41:37.599+09:00 DEBUG 58944 --- [project] [    Test worker] o.s.orm.jpa.JpaTransactionManager        : Found thread-bound EntityManager [SessionImpl(1742749668<open>)] for JPA transaction
2024-04-29T19:41:37.599+09:00 DEBUG 58944 --- [project] [    Test worker] o.s.orm.jpa.JpaTransactionManager        : Participating in existing transaction
2024-04-29T19:41:37.599+09:00 TRACE 58944 --- [project] [    Test worker] o.s.t.i.TransactionInterceptor           : Getting transaction for [org.springframework.data.jpa.repository.support.SimpleJpaRepository.save]
2024-04-29T19:41:37.599+09:00 TRACE 58944 --- [project] [    Test worker] o.s.t.i.TransactionInterceptor           : Completing transaction for [org.springframework.data.jpa.repository.support.SimpleJpaRepository.save]
2024-04-29T19:41:37.599+09:00 DEBUG 58944 --- [project] [    Test worker] o.s.orm.jpa.JpaTransactionManager        : Found thread-bound EntityManager [SessionImpl(1742749668<open>)] for JPA transaction
2024-04-29T19:41:37.599+09:00 DEBUG 58944 --- [project] [    Test worker] o.s.orm.jpa.JpaTransactionManager        : Participating in existing transaction
2024-04-29T19:41:37.599+09:00 TRACE 58944 --- [project] [    Test worker] o.s.t.i.TransactionInterceptor           : Getting transaction for [org.springframework.data.jpa.repository.support.SimpleJpaRepository.save]
2024-04-29T19:41:37.599+09:00 TRACE 58944 --- [project] [    Test worker] o.s.t.i.TransactionInterceptor           : Completing transaction for [org.springframework.data.jpa.repository.support.SimpleJpaRepository.save]
2024-04-29T19:41:37.599+09:00 DEBUG 58944 --- [project] [    Test worker] o.s.orm.jpa.JpaTransactionManager        : Found thread-bound EntityManager [SessionImpl(1742749668<open>)] for JPA transaction
2024-04-29T19:41:37.599+09:00 DEBUG 58944 --- [project] [    Test worker] o.s.orm.jpa.JpaTransactionManager        : Participating in existing transaction
2024-04-29T19:41:37.599+09:00 TRACE 58944 --- [project] [    Test worker] o.s.t.i.TransactionInterceptor           : Getting transaction for [org.springframework.data.jpa.repository.support.SimpleJpaRepository.save]
2024-04-29T19:41:37.600+09:00 TRACE 58944 --- [project] [    Test worker] o.s.t.i.TransactionInterceptor           : Completing transaction for [org.springframework.data.jpa.repository.support.SimpleJpaRepository.save]
2024-04-29T19:41:37.600+09:00 DEBUG 58944 --- [project] [    Test worker] o.s.orm.jpa.JpaTransactionManager        : Found thread-bound EntityManager [SessionImpl(1742749668<open>)] for JPA transaction
2024-04-29T19:41:37.600+09:00 DEBUG 58944 --- [project] [    Test worker] o.s.orm.jpa.JpaTransactionManager        : Participating in existing transaction
2024-04-29T19:41:37.600+09:00 TRACE 58944 --- [project] [    Test worker] o.s.t.i.TransactionInterceptor           : Getting transaction for [org.springframework.data.jpa.repository.support.SimpleJpaRepository.save]
2024-04-29T19:41:37.600+09:00 TRACE 58944 --- [project] [    Test worker] o.s.t.i.TransactionInterceptor           : Completing transaction for [org.springframework.data.jpa.repository.support.SimpleJpaRepository.save]
2024-04-29T19:41:37.600+09:00  INFO 58944 --- [project] [    Test worker] s.project.aop.TransactionAspect          : Transaction =  completed successfully
2024-04-29T19:41:37.600+09:00 TRACE 58944 --- [project] [    Test worker] o.s.t.i.TransactionInterceptor           : Completing transaction for [shoppingmall.project.InitData.initBook]
2024-04-29T19:41:37.600+09:00 DEBUG 58944 --- [project] [    Test worker] o.s.orm.jpa.JpaTransactionManager        : Initiating transaction commit
2024-04-29T19:41:37.600+09:00 DEBUG 58944 --- [project] [    Test worker] o.s.orm.jpa.JpaTransactionManager        : Committing JPA transaction on EntityManager [SessionImpl(1742749668<open>)]
2024-04-29T19:41:37.643+09:00 DEBUG 58944 --- [project] [    Test worker] org.hibernate.SQL                        : 
    insert 
    into
        item
        (name, price, quantity, dtype, item_id) 
    values
        (?, ?, ?, 'Book', ?)
Hibernate: 
    insert 
    into
        item
        (name, price, quantity, dtype, item_id) 
    values
        (?, ?, ?, 'Book', ?)
2024-04-29T19:41:37.649+09:00  INFO 58944 --- [project] [    Test worker] p6spy                                    : #1714387297649 | took 1ms | statement | connection 6| url jdbc:mysql://127.0.0.1:3306/project?serverTimezone=Asia/Seoul
insert into item (name,price,quantity,dtype,item_id) values (?,?,?,'Book',?)
insert into item (name,price,quantity,dtype,item_id) values ('i',1,1,'Book',1);
2024-04-29T19:41:37.650+09:00 DEBUG 58944 --- [project] [    Test worker] org.hibernate.SQL                        : 
    insert 
    into
        book
        (author, isbn, item_id) 
    values
        (?, ?, ?)
Hibernate: 
    insert 
    into
        book
        (author, isbn, item_id) 
    values
        (?, ?, ?)
2024-04-29T19:41:37.651+09:00  INFO 58944 --- [project] [    Test worker] p6spy                                    : #1714387297651 | took 0ms | statement | connection 6| url jdbc:mysql://127.0.0.1:3306/project?serverTimezone=Asia/Seoul
insert into book (author,isbn,item_id) values (?,?,?)
insert into book (author,isbn,item_id) values ('i','i',1);
2024-04-29T19:41:37.652+09:00 DEBUG 58944 --- [project] [    Test worker] org.hibernate.SQL                        : 
    insert 
    into
        upload_file
        (item_id, store_file_name, upload_file_name, file_id) 
    values
        (?, ?, ?, ?)
Hibernate: 
    insert 
    into
        upload_file
        (item_id, store_file_name, upload_file_name, file_id) 
    values
        (?, ?, ?, ?)
2024-04-29T19:41:37.658+09:00  INFO 58944 --- [project] [    Test worker] p6spy                                    : #1714387297658 | took 0ms | statement | connection 6| url jdbc:mysql://127.0.0.1:3306/project?serverTimezone=Asia/Seoul
insert into upload_file (item_id,store_file_name,upload_file_name,file_id) values (?,?,?,?)
insert into upload_file (item_id,store_file_name,upload_file_name,file_id) values (1,'java.io.StringReader@72117a6c','java.io.StringReader@71b75f99',1);
2024-04-29T19:41:37.658+09:00 DEBUG 58944 --- [project] [    Test worker] org.hibernate.SQL                        : 
    insert 
    into
        item
        (name, price, quantity, dtype, item_id) 
    values
        (?, ?, ?, 'Book', ?)
Hibernate: 
    insert 
    into
        item
        (name, price, quantity, dtype, item_id) 
    values
        (?, ?, ?, 'Book', ?)
2024-04-29T19:41:37.661+09:00  INFO 58944 --- [project] [    Test worker] p6spy                                    : #1714387297661 | took 1ms | statement | connection 6| url jdbc:mysql://127.0.0.1:3306/project?serverTimezone=Asia/Seoul
insert into item (name,price,quantity,dtype,item_id) values (?,?,?,'Book',?)
insert into item (name,price,quantity,dtype,item_id) values ('i',2,2,'Book',2);
2024-04-29T19:41:37.661+09:00 DEBUG 58944 --- [project] [    Test worker] org.hibernate.SQL                        : 
    insert 
    into
        book
        (author, isbn, item_id) 
    values
        (?, ?, ?)
Hibernate: 
    insert 
    into
        book
        (author, isbn, item_id) 
    values
        (?, ?, ?)
2024-04-29T19:41:37.662+09:00  INFO 58944 --- [project] [    Test worker] p6spy                                    : #1714387297662 | took 0ms | statement | connection 6| url jdbc:mysql://127.0.0.1:3306/project?serverTimezone=Asia/Seoul
insert into book (author,isbn,item_id) values (?,?,?)
insert into book (author,isbn,item_id) values ('i','i',2);
2024-04-29T19:41:37.663+09:00 DEBUG 58944 --- [project] [    Test worker] org.hibernate.SQL                        : 
    insert 
    into
        upload_file
        (item_id, store_file_name, upload_file_name, file_id) 
    values
        (?, ?, ?, ?)
Hibernate: 
    insert 
    into
        upload_file
        (item_id, store_file_name, upload_file_name, file_id) 
    values
        (?, ?, ?, ?)
2024-04-29T19:41:37.664+09:00  INFO 58944 --- [project] [    Test worker] p6spy                                    : #1714387297664 | took 0ms | statement | connection 6| url jdbc:mysql://127.0.0.1:3306/project?serverTimezone=Asia/Seoul
insert into upload_file (item_id,store_file_name,upload_file_name,file_id) values (?,?,?,?)
insert into upload_file (item_id,store_file_name,upload_file_name,file_id) values (2,'java.io.StringReader@27d38370','java.io.StringReader@200ef05b',2);
2024-04-29T19:41:37.665+09:00 DEBUG 58944 --- [project] [    Test worker] org.hibernate.SQL                        : 
    insert 
    into
        item
        (name, price, quantity, dtype, item_id) 
    values
        (?, ?, ?, 'Book', ?)
Hibernate: 
    insert 
    into
        item
        (name, price, quantity, dtype, item_id) 
    values
        (?, ?, ?, 'Book', ?)
2024-04-29T19:41:37.666+09:00  INFO 58944 --- [project] [    Test worker] p6spy                                    : #1714387297666 | took 0ms | statement | connection 6| url jdbc:mysql://127.0.0.1:3306/project?serverTimezone=Asia/Seoul
insert into item (name,price,quantity,dtype,item_id) values (?,?,?,'Book',?)
insert into item (name,price,quantity,dtype,item_id) values ('i',3,3,'Book',3);
2024-04-29T19:41:37.667+09:00 DEBUG 58944 --- [project] [    Test worker] org.hibernate.SQL                        : 
    insert 
    into
        book
        (author, isbn, item_id) 
    values
        (?, ?, ?)
Hibernate: 
    insert 
    into
        book
        (author, isbn, item_id) 
    values
        (?, ?, ?)
2024-04-29T19:41:37.668+09:00  INFO 58944 --- [project] [    Test worker] p6spy                                    : #1714387297668 | took 1ms | statement | connection 6| url jdbc:mysql://127.0.0.1:3306/project?serverTimezone=Asia/Seoul
insert into book (author,isbn,item_id) values (?,?,?)
insert into book (author,isbn,item_id) values ('i','i',3);
2024-04-29T19:41:37.669+09:00 DEBUG 58944 --- [project] [    Test worker] org.hibernate.SQL                        : 
    insert 
    into
        upload_file
        (item_id, store_file_name, upload_file_name, file_id) 
    values
        (?, ?, ?, ?)
Hibernate: 
    insert 
    into
        upload_file
        (item_id, store_file_name, upload_file_name, file_id) 
    values
        (?, ?, ?, ?)
2024-04-29T19:41:37.670+09:00  INFO 58944 --- [project] [    Test worker] p6spy                                    : #1714387297670 | took 0ms | statement | connection 6| url jdbc:mysql://127.0.0.1:3306/project?serverTimezone=Asia/Seoul
insert into upload_file (item_id,store_file_name,upload_file_name,file_id) values (?,?,?,?)
insert into upload_file (item_id,store_file_name,upload_file_name,file_id) values (3,'java.io.StringReader@46769bd6','java.io.StringReader@5739b804',3);
2024-04-29T19:41:37.670+09:00 DEBUG 58944 --- [project] [    Test worker] org.hibernate.SQL                        : 
    insert 
    into
        item
        (name, price, quantity, dtype, item_id) 
    values
        (?, ?, ?, 'Book', ?)
Hibernate: 
    insert 
    into
        item
        (name, price, quantity, dtype, item_id) 
    values
        (?, ?, ?, 'Book', ?)
2024-04-29T19:41:37.672+09:00  INFO 58944 --- [project] [    Test worker] p6spy                                    : #1714387297672 | took 0ms | statement | connection 6| url jdbc:mysql://127.0.0.1:3306/project?serverTimezone=Asia/Seoul
insert into item (name,price,quantity,dtype,item_id) values (?,?,?,'Book',?)
insert into item (name,price,quantity,dtype,item_id) values ('i',4,4,'Book',4);
2024-04-29T19:41:37.672+09:00 DEBUG 58944 --- [project] [    Test worker] org.hibernate.SQL                        : 
    insert 
    into
        book
        (author, isbn, item_id) 
    values
        (?, ?, ?)
Hibernate: 
    insert 
    into
        book
        (author, isbn, item_id) 
    values
        (?, ?, ?)
2024-04-29T19:41:37.672+09:00  INFO 58944 --- [project] [    Test worker] p6spy                                    : #1714387297672 | took 0ms | statement | connection 6| url jdbc:mysql://127.0.0.1:3306/project?serverTimezone=Asia/Seoul
insert into book (author,isbn,item_id) values (?,?,?)
insert into book (author,isbn,item_id) values ('i','i',4);
2024-04-29T19:41:37.672+09:00 DEBUG 58944 --- [project] [    Test worker] org.hibernate.SQL                        : 
    insert 
    into
        upload_file
        (item_id, store_file_name, upload_file_name, file_id) 
    values
        (?, ?, ?, ?)
Hibernate: 
    insert 
    into
        upload_file
        (item_id, store_file_name, upload_file_name, file_id) 
    values
        (?, ?, ?, ?)
2024-04-29T19:41:37.673+09:00  INFO 58944 --- [project] [    Test worker] p6spy                                    : #1714387297673 | took 0ms | statement | connection 6| url jdbc:mysql://127.0.0.1:3306/project?serverTimezone=Asia/Seoul
insert into upload_file (item_id,store_file_name,upload_file_name,file_id) values (?,?,?,?)
insert into upload_file (item_id,store_file_name,upload_file_name,file_id) values (4,'java.io.StringReader@251ed676','java.io.StringReader@616e7884',4);
2024-04-29T19:41:37.674+09:00 DEBUG 58944 --- [project] [    Test worker] org.hibernate.SQL                        : 
    insert 
    into
        item
        (name, price, quantity, dtype, item_id) 
    values
        (?, ?, ?, 'Book', ?)
Hibernate: 
    insert 
    into
        item
        (name, price, quantity, dtype, item_id) 
    values
        (?, ?, ?, 'Book', ?)
2024-04-29T19:41:37.674+09:00  INFO 58944 --- [project] [    Test worker] p6spy                                    : #1714387297674 | took 0ms | statement | connection 6| url jdbc:mysql://127.0.0.1:3306/project?serverTimezone=Asia/Seoul
insert into item (name,price,quantity,dtype,item_id) values (?,?,?,'Book',?)
insert into item (name,price,quantity,dtype,item_id) values ('i',5,5,'Book',5);
2024-04-29T19:41:37.674+09:00 DEBUG 58944 --- [project] [    Test worker] org.hibernate.SQL                        : 
    insert 
    into
        book
        (author, isbn, item_id) 
    values
        (?, ?, ?)
Hibernate: 
    insert 
    into
        book
        (author, isbn, item_id) 
    values
        (?, ?, ?)
2024-04-29T19:41:37.675+09:00  INFO 58944 --- [project] [    Test worker] p6spy                                    : #1714387297675 | took 0ms | statement | connection 6| url jdbc:mysql://127.0.0.1:3306/project?serverTimezone=Asia/Seoul
insert into book (author,isbn,item_id) values (?,?,?)
insert into book (author,isbn,item_id) values ('i','i',5);
2024-04-29T19:41:37.675+09:00 DEBUG 58944 --- [project] [    Test worker] org.hibernate.SQL                        : 
    insert 
    into
        upload_file
        (item_id, store_file_name, upload_file_name, file_id) 
    values
        (?, ?, ?, ?)
Hibernate: 
    insert 
    into
        upload_file
        (item_id, store_file_name, upload_file_name, file_id) 
    values
        (?, ?, ?, ?)
2024-04-29T19:41:37.676+09:00  INFO 58944 --- [project] [    Test worker] p6spy                                    : #1714387297676 | took 0ms | statement | connection 6| url jdbc:mysql://127.0.0.1:3306/project?serverTimezone=Asia/Seoul
insert into upload_file (item_id,store_file_name,upload_file_name,file_id) values (?,?,?,?)
insert into upload_file (item_id,store_file_name,upload_file_name,file_id) values (5,'java.io.StringReader@761ac810','java.io.StringReader@33212ae6',5);
2024-04-29T19:41:37.680+09:00 DEBUG 58944 --- [project] [    Test worker] org.hibernate.SQL                        : 
    insert 
    into
        item
        (name, price, quantity, dtype, item_id) 
    values
        (?, ?, ?, 'Book', ?)
Hibernate: 
    insert 
    into
        item
        (name, price, quantity, dtype, item_id) 
    values
        (?, ?, ?, 'Book', ?)
2024-04-29T19:41:37.681+09:00  INFO 58944 --- [project] [    Test worker] p6spy                                    : #1714387297681 | took 0ms | statement | connection 6| url jdbc:mysql://127.0.0.1:3306/project?serverTimezone=Asia/Seoul
insert into item (name,price,quantity,dtype,item_id) values (?,?,?,'Book',?)
insert into item (name,price,quantity,dtype,item_id) values ('i',6,6,'Book',6);
2024-04-29T19:41:37.681+09:00 DEBUG 58944 --- [project] [    Test worker] org.hibernate.SQL                        : 
    insert 
    into
        book
        (author, isbn, item_id) 
    values
        (?, ?, ?)
Hibernate: 
    insert 
    into
        book
        (author, isbn, item_id) 
    values
        (?, ?, ?)
2024-04-29T19:41:37.683+09:00  INFO 58944 --- [project] [    Test worker] p6spy                                    : #1714387297683 | took 0ms | statement | connection 6| url jdbc:mysql://127.0.0.1:3306/project?serverTimezone=Asia/Seoul
insert into book (author,isbn,item_id) values (?,?,?)
insert into book (author,isbn,item_id) values ('i','i',6);
2024-04-29T19:41:37.683+09:00 DEBUG 58944 --- [project] [    Test worker] org.hibernate.SQL                        : 
    insert 
    into
        upload_file
        (item_id, store_file_name, upload_file_name, file_id) 
    values
        (?, ?, ?, ?)
Hibernate: 
    insert 
    into
        upload_file
        (item_id, store_file_name, upload_file_name, file_id) 
    values
        (?, ?, ?, ?)
2024-04-29T19:41:37.685+09:00  INFO 58944 --- [project] [    Test worker] p6spy                                    : #1714387297685 | took 1ms | statement | connection 6| url jdbc:mysql://127.0.0.1:3306/project?serverTimezone=Asia/Seoul
insert into upload_file (item_id,store_file_name,upload_file_name,file_id) values (?,?,?,?)
insert into upload_file (item_id,store_file_name,upload_file_name,file_id) values (6,'java.io.StringReader@6eb06667','java.io.StringReader@2f0dae44',6);
2024-04-29T19:41:37.686+09:00 DEBUG 58944 --- [project] [    Test worker] org.hibernate.SQL                        : 
    insert 
    into
        item
        (name, price, quantity, dtype, item_id) 
    values
        (?, ?, ?, 'Book', ?)
Hibernate: 
    insert 
    into
        item
        (name, price, quantity, dtype, item_id) 
    values
        (?, ?, ?, 'Book', ?)
2024-04-29T19:41:37.687+09:00  INFO 58944 --- [project] [    Test worker] p6spy                                    : #1714387297687 | took 0ms | statement | connection 6| url jdbc:mysql://127.0.0.1:3306/project?serverTimezone=Asia/Seoul
insert into item (name,price,quantity,dtype,item_id) values (?,?,?,'Book',?)
insert into item (name,price,quantity,dtype,item_id) values ('i',7,7,'Book',7);
2024-04-29T19:41:37.688+09:00 DEBUG 58944 --- [project] [    Test worker] org.hibernate.SQL                        : 
    insert 
    into
        book
        (author, isbn, item_id) 
    values
        (?, ?, ?)
Hibernate: 
    insert 
    into
        book
        (author, isbn, item_id) 
    values
        (?, ?, ?)
2024-04-29T19:41:37.688+09:00  INFO 58944 --- [project] [    Test worker] p6spy                                    : #1714387297688 | took 0ms | statement | connection 6| url jdbc:mysql://127.0.0.1:3306/project?serverTimezone=Asia/Seoul
insert into book (author,isbn,item_id) values (?,?,?)
insert into book (author,isbn,item_id) values ('i','i',7);
2024-04-29T19:41:37.688+09:00 DEBUG 58944 --- [project] [    Test worker] org.hibernate.SQL                        : 
    insert 
    into
        upload_file
        (item_id, store_file_name, upload_file_name, file_id) 
    values
        (?, ?, ?, ?)
Hibernate: 
    insert 
    into
        upload_file
        (item_id, store_file_name, upload_file_name, file_id) 
    values
        (?, ?, ?, ?)
2024-04-29T19:41:37.689+09:00  INFO 58944 --- [project] [    Test worker] p6spy                                    : #1714387297689 | took 0ms | statement | connection 6| url jdbc:mysql://127.0.0.1:3306/project?serverTimezone=Asia/Seoul
insert into upload_file (item_id,store_file_name,upload_file_name,file_id) values (?,?,?,?)
insert into upload_file (item_id,store_file_name,upload_file_name,file_id) values (7,'java.io.StringReader@1c586bb6','java.io.StringReader@503eac4c',7);
2024-04-29T19:41:37.689+09:00 DEBUG 58944 --- [project] [    Test worker] org.hibernate.SQL                        : 
    insert 
    into
        item
        (name, price, quantity, dtype, item_id) 
    values
        (?, ?, ?, 'Book', ?)
Hibernate: 
    insert 
    into
        item
        (name, price, quantity, dtype, item_id) 
    values
        (?, ?, ?, 'Book', ?)
2024-04-29T19:41:37.692+09:00  INFO 58944 --- [project] [    Test worker] p6spy                                    : #1714387297692 | took 1ms | statement | connection 6| url jdbc:mysql://127.0.0.1:3306/project?serverTimezone=Asia/Seoul
insert into item (name,price,quantity,dtype,item_id) values (?,?,?,'Book',?)
insert into item (name,price,quantity,dtype,item_id) values ('i',8,8,'Book',8);
2024-04-29T19:41:37.692+09:00 DEBUG 58944 --- [project] [    Test worker] org.hibernate.SQL                        : 
    insert 
    into
        book
        (author, isbn, item_id) 
    values
        (?, ?, ?)
Hibernate: 
    insert 
    into
        book
        (author, isbn, item_id) 
    values
        (?, ?, ?)
2024-04-29T19:41:37.693+09:00  INFO 58944 --- [project] [    Test worker] p6spy                                    : #1714387297693 | took 0ms | statement | connection 6| url jdbc:mysql://127.0.0.1:3306/project?serverTimezone=Asia/Seoul
insert into book (author,isbn,item_id) values (?,?,?)
insert into book (author,isbn,item_id) values ('i','i',8);
2024-04-29T19:41:37.693+09:00 DEBUG 58944 --- [project] [    Test worker] org.hibernate.SQL                        : 
    insert 
    into
        upload_file
        (item_id, store_file_name, upload_file_name, file_id) 
    values
        (?, ?, ?, ?)
Hibernate: 
    insert 
    into
        upload_file
        (item_id, store_file_name, upload_file_name, file_id) 
    values
        (?, ?, ?, ?)
2024-04-29T19:41:37.696+09:00  INFO 58944 --- [project] [    Test worker] p6spy                                    : #1714387297696 | took 2ms | statement | connection 6| url jdbc:mysql://127.0.0.1:3306/project?serverTimezone=Asia/Seoul
insert into upload_file (item_id,store_file_name,upload_file_name,file_id) values (?,?,?,?)
insert into upload_file (item_id,store_file_name,upload_file_name,file_id) values (8,'java.io.StringReader@33d828b3','java.io.StringReader@7c7478ac',8);
2024-04-29T19:41:37.696+09:00 DEBUG 58944 --- [project] [    Test worker] org.hibernate.SQL                        : 
    insert 
    into
        item
        (name, price, quantity, dtype, item_id) 
    values
        (?, ?, ?, 'Book', ?)
Hibernate: 
    insert 
    into
        item
        (name, price, quantity, dtype, item_id) 
    values
        (?, ?, ?, 'Book', ?)
2024-04-29T19:41:37.698+09:00  INFO 58944 --- [project] [    Test worker] p6spy                                    : #1714387297698 | took 0ms | statement | connection 6| url jdbc:mysql://127.0.0.1:3306/project?serverTimezone=Asia/Seoul
insert into item (name,price,quantity,dtype,item_id) values (?,?,?,'Book',?)
insert into item (name,price,quantity,dtype,item_id) values ('i',9,9,'Book',9);
2024-04-29T19:41:37.698+09:00 DEBUG 58944 --- [project] [    Test worker] org.hibernate.SQL                        : 
    insert 
    into
        book
        (author, isbn, item_id) 
    values
        (?, ?, ?)
Hibernate: 
    insert 
    into
        book
        (author, isbn, item_id) 
    values
        (?, ?, ?)
2024-04-29T19:41:37.699+09:00  INFO 58944 --- [project] [    Test worker] p6spy                                    : #1714387297699 | took 0ms | statement | connection 6| url jdbc:mysql://127.0.0.1:3306/project?serverTimezone=Asia/Seoul
insert into book (author,isbn,item_id) values (?,?,?)
insert into book (author,isbn,item_id) values ('i','i',9);
2024-04-29T19:41:37.699+09:00 DEBUG 58944 --- [project] [    Test worker] org.hibernate.SQL                        : 
    insert 
    into
        upload_file
        (item_id, store_file_name, upload_file_name, file_id) 
    values
        (?, ?, ?, ?)
Hibernate: 
    insert 
    into
        upload_file
        (item_id, store_file_name, upload_file_name, file_id) 
    values
        (?, ?, ?, ?)
2024-04-29T19:41:37.701+09:00  INFO 58944 --- [project] [    Test worker] p6spy                                    : #1714387297701 | took 0ms | statement | connection 6| url jdbc:mysql://127.0.0.1:3306/project?serverTimezone=Asia/Seoul
insert into upload_file (item_id,store_file_name,upload_file_name,file_id) values (?,?,?,?)
insert into upload_file (item_id,store_file_name,upload_file_name,file_id) values (9,'java.io.StringReader@29794ef5','java.io.StringReader@623eebca',9);
2024-04-29T19:41:37.702+09:00 DEBUG 58944 --- [project] [    Test worker] org.hibernate.SQL                        : 
    insert 
    into
        item
        (name, price, quantity, dtype, item_id) 
    values
        (?, ?, ?, 'Book', ?)
Hibernate: 
    insert 
    into
        item
        (name, price, quantity, dtype, item_id) 
    values
        (?, ?, ?, 'Book', ?)
2024-04-29T19:41:37.703+09:00  INFO 58944 --- [project] [    Test worker] p6spy                                    : #1714387297703 | took 0ms | statement | connection 6| url jdbc:mysql://127.0.0.1:3306/project?serverTimezone=Asia/Seoul
insert into item (name,price,quantity,dtype,item_id) values (?,?,?,'Book',?)
insert into item (name,price,quantity,dtype,item_id) values ('i',10,10,'Book',10);
2024-04-29T19:41:37.704+09:00 DEBUG 58944 --- [project] [    Test worker] org.hibernate.SQL                        : 
    insert 
    into
        book
        (author, isbn, item_id) 
    values
        (?, ?, ?)
Hibernate: 
    insert 
    into
        book
        (author, isbn, item_id) 
    values
        (?, ?, ?)
2024-04-29T19:41:37.705+09:00  INFO 58944 --- [project] [    Test worker] p6spy                                    : #1714387297705 | took 0ms | statement | connection 6| url jdbc:mysql://127.0.0.1:3306/project?serverTimezone=Asia/Seoul
insert into book (author,isbn,item_id) values (?,?,?)
insert into book (author,isbn,item_id) values ('i','i',10);
2024-04-29T19:41:37.705+09:00 DEBUG 58944 --- [project] [    Test worker] org.hibernate.SQL                        : 
    insert 
    into
        upload_file
        (item_id, store_file_name, upload_file_name, file_id) 
    values
        (?, ?, ?, ?)
Hibernate: 
    insert 
    into
        upload_file
        (item_id, store_file_name, upload_file_name, file_id) 
    values
        (?, ?, ?, ?)
2024-04-29T19:41:37.706+09:00  INFO 58944 --- [project] [    Test worker] p6spy                                    : #1714387297706 | took 0ms | statement | connection 6| url jdbc:mysql://127.0.0.1:3306/project?serverTimezone=Asia/Seoul
insert into upload_file (item_id,store_file_name,upload_file_name,file_id) values (?,?,?,?)
insert into upload_file (item_id,store_file_name,upload_file_name,file_id) values (10,'java.io.StringReader@1509dade','java.io.StringReader@6ca5720a',10);
2024-04-29T19:41:37.707+09:00 DEBUG 58944 --- [project] [    Test worker] org.hibernate.SQL                        : 
    insert 
    into
        item
        (name, price, quantity, dtype, item_id) 
    values
        (?, ?, ?, 'Book', ?)
Hibernate: 
    insert 
    into
        item
        (name, price, quantity, dtype, item_id) 
    values
        (?, ?, ?, 'Book', ?)
2024-04-29T19:41:37.709+09:00  INFO 58944 --- [project] [    Test worker] p6spy                                    : #1714387297709 | took 0ms | statement | connection 6| url jdbc:mysql://127.0.0.1:3306/project?serverTimezone=Asia/Seoul
insert into item (name,price,quantity,dtype,item_id) values (?,?,?,'Book',?)
insert into item (name,price,quantity,dtype,item_id) values ('i',11,11,'Book',11);
2024-04-29T19:41:37.709+09:00 DEBUG 58944 --- [project] [    Test worker] org.hibernate.SQL                        : 
    insert 
    into
        book
        (author, isbn, item_id) 
    values
        (?, ?, ?)
Hibernate: 
    insert 
    into
        book
        (author, isbn, item_id) 
    values
        (?, ?, ?)
2024-04-29T19:41:37.710+09:00  INFO 58944 --- [project] [    Test worker] p6spy                                    : #1714387297710 | took 0ms | statement | connection 6| url jdbc:mysql://127.0.0.1:3306/project?serverTimezone=Asia/Seoul
insert into book (author,isbn,item_id) values (?,?,?)
insert into book (author,isbn,item_id) values ('i','i',11);
2024-04-29T19:41:37.710+09:00 DEBUG 58944 --- [project] [    Test worker] org.hibernate.SQL                        : 
    insert 
    into
        upload_file
        (item_id, store_file_name, upload_file_name, file_id) 
    values
        (?, ?, ?, ?)
Hibernate: 
    insert 
    into
        upload_file
        (item_id, store_file_name, upload_file_name, file_id) 
    values
        (?, ?, ?, ?)
2024-04-29T19:41:37.712+09:00  INFO 58944 --- [project] [    Test worker] p6spy                                    : #1714387297712 | took 0ms | statement | connection 6| url jdbc:mysql://127.0.0.1:3306/project?serverTimezone=Asia/Seoul
insert into upload_file (item_id,store_file_name,upload_file_name,file_id) values (?,?,?,?)
insert into upload_file (item_id,store_file_name,upload_file_name,file_id) values (11,'java.io.StringReader@50c8a382','java.io.StringReader@4ae45ff',11);
2024-04-29T19:41:37.713+09:00 DEBUG 58944 --- [project] [    Test worker] org.hibernate.SQL                        : 
    insert 
    into
        item
        (name, price, quantity, dtype, item_id) 
    values
        (?, ?, ?, 'Book', ?)
Hibernate: 
    insert 
    into
        item
        (name, price, quantity, dtype, item_id) 
    values
        (?, ?, ?, 'Book', ?)
2024-04-29T19:41:37.714+09:00  INFO 58944 --- [project] [    Test worker] p6spy                                    : #1714387297714 | took 0ms | statement | connection 6| url jdbc:mysql://127.0.0.1:3306/project?serverTimezone=Asia/Seoul
insert into item (name,price,quantity,dtype,item_id) values (?,?,?,'Book',?)
insert into item (name,price,quantity,dtype,item_id) values ('i',12,12,'Book',12);
2024-04-29T19:41:37.715+09:00 DEBUG 58944 --- [project] [    Test worker] org.hibernate.SQL                        : 
    insert 
    into
        book
        (author, isbn, item_id) 
    values
        (?, ?, ?)
Hibernate: 
    insert 
    into
        book
        (author, isbn, item_id) 
    values
        (?, ?, ?)
2024-04-29T19:41:37.715+09:00  INFO 58944 --- [project] [    Test worker] p6spy                                    : #1714387297715 | took 0ms | statement | connection 6| url jdbc:mysql://127.0.0.1:3306/project?serverTimezone=Asia/Seoul
insert into book (author,isbn,item_id) values (?,?,?)
insert into book (author,isbn,item_id) values ('i','i',12);
2024-04-29T19:41:37.716+09:00 DEBUG 58944 --- [project] [    Test worker] org.hibernate.SQL                        : 
    insert 
    into
        upload_file
        (item_id, store_file_name, upload_file_name, file_id) 
    values
        (?, ?, ?, ?)
Hibernate: 
    insert 
    into
        upload_file
        (item_id, store_file_name, upload_file_name, file_id) 
    values
        (?, ?, ?, ?)
2024-04-29T19:41:37.717+09:00  INFO 58944 --- [project] [    Test worker] p6spy                                    : #1714387297717 | took 0ms | statement | connection 6| url jdbc:mysql://127.0.0.1:3306/project?serverTimezone=Asia/Seoul
insert into upload_file (item_id,store_file_name,upload_file_name,file_id) values (?,?,?,?)
insert into upload_file (item_id,store_file_name,upload_file_name,file_id) values (12,'java.io.StringReader@1871068d','java.io.StringReader@6ab123d0',12);
2024-04-29T19:41:37.718+09:00 DEBUG 58944 --- [project] [    Test worker] org.hibernate.SQL                        : 
    insert 
    into
        item
        (name, price, quantity, dtype, item_id) 
    values
        (?, ?, ?, 'Book', ?)
Hibernate: 
    insert 
    into
        item
        (name, price, quantity, dtype, item_id) 
    values
        (?, ?, ?, 'Book', ?)
2024-04-29T19:41:37.719+09:00  INFO 58944 --- [project] [    Test worker] p6spy                                    : #1714387297719 | took 0ms | statement | connection 6| url jdbc:mysql://127.0.0.1:3306/project?serverTimezone=Asia/Seoul
insert into item (name,price,quantity,dtype,item_id) values (?,?,?,'Book',?)
insert into item (name,price,quantity,dtype,item_id) values ('i',13,13,'Book',13);
2024-04-29T19:41:37.720+09:00 DEBUG 58944 --- [project] [    Test worker] org.hibernate.SQL                        : 
    insert 
    into
        book
        (author, isbn, item_id) 
    values
        (?, ?, ?)
Hibernate: 
    insert 
    into
        book
        (author, isbn, item_id) 
    values
        (?, ?, ?)
2024-04-29T19:41:37.721+09:00  INFO 58944 --- [project] [    Test worker] p6spy                                    : #1714387297721 | took 0ms | statement | connection 6| url jdbc:mysql://127.0.0.1:3306/project?serverTimezone=Asia/Seoul
insert into book (author,isbn,item_id) values (?,?,?)
insert into book (author,isbn,item_id) values ('i','i',13);
2024-04-29T19:41:37.722+09:00 DEBUG 58944 --- [project] [    Test worker] org.hibernate.SQL                        : 
    insert 
    into
        upload_file
        (item_id, store_file_name, upload_file_name, file_id) 
    values
        (?, ?, ?, ?)
Hibernate: 
    insert 
    into
        upload_file
        (item_id, store_file_name, upload_file_name, file_id) 
    values
        (?, ?, ?, ?)
2024-04-29T19:41:37.723+09:00  INFO 58944 --- [project] [    Test worker] p6spy                                    : #1714387297723 | took 0ms | statement | connection 6| url jdbc:mysql://127.0.0.1:3306/project?serverTimezone=Asia/Seoul
insert into upload_file (item_id,store_file_name,upload_file_name,file_id) values (?,?,?,?)
insert into upload_file (item_id,store_file_name,upload_file_name,file_id) values (13,'java.io.StringReader@c9a18ed','java.io.StringReader@759c8393',13);
2024-04-29T19:41:37.723+09:00 DEBUG 58944 --- [project] [    Test worker] org.hibernate.SQL                        : 
    insert 
    into
        item
        (name, price, quantity, dtype, item_id) 
    values
        (?, ?, ?, 'Book', ?)
Hibernate: 
    insert 
    into
        item
        (name, price, quantity, dtype, item_id) 
    values
        (?, ?, ?, 'Book', ?)
2024-04-29T19:41:37.723+09:00  INFO 58944 --- [project] [    Test worker] p6spy                                    : #1714387297723 | took 0ms | statement | connection 6| url jdbc:mysql://127.0.0.1:3306/project?serverTimezone=Asia/Seoul
insert into item (name,price,quantity,dtype,item_id) values (?,?,?,'Book',?)
insert into item (name,price,quantity,dtype,item_id) values ('i',14,14,'Book',14);
2024-04-29T19:41:37.724+09:00 DEBUG 58944 --- [project] [    Test worker] org.hibernate.SQL                        : 
    insert 
    into
        book
        (author, isbn, item_id) 
    values
        (?, ?, ?)
Hibernate: 
    insert 
    into
        book
        (author, isbn, item_id) 
    values
        (?, ?, ?)
2024-04-29T19:41:37.724+09:00  INFO 58944 --- [project] [    Test worker] p6spy                                    : #1714387297724 | took 0ms | statement | connection 6| url jdbc:mysql://127.0.0.1:3306/project?serverTimezone=Asia/Seoul
insert into book (author,isbn,item_id) values (?,?,?)
insert into book (author,isbn,item_id) values ('i','i',14);
2024-04-29T19:41:37.725+09:00 DEBUG 58944 --- [project] [    Test worker] org.hibernate.SQL                        : 
    insert 
    into
        upload_file
        (item_id, store_file_name, upload_file_name, file_id) 
    values
        (?, ?, ?, ?)
Hibernate: 
    insert 
    into
        upload_file
        (item_id, store_file_name, upload_file_name, file_id) 
    values
        (?, ?, ?, ?)
2024-04-29T19:41:37.726+09:00  INFO 58944 --- [project] [    Test worker] p6spy                                    : #1714387297726 | took 0ms | statement | connection 6| url jdbc:mysql://127.0.0.1:3306/project?serverTimezone=Asia/Seoul
insert into upload_file (item_id,store_file_name,upload_file_name,file_id) values (?,?,?,?)
insert into upload_file (item_id,store_file_name,upload_file_name,file_id) values (14,'java.io.StringReader@93a793a','java.io.StringReader@232bfb3c',14);
2024-04-29T19:41:37.726+09:00 DEBUG 58944 --- [project] [    Test worker] org.hibernate.SQL                        : 
    insert 
    into
        item
        (name, price, quantity, dtype, item_id) 
    values
        (?, ?, ?, 'Book', ?)
Hibernate: 
    insert 
    into
        item
        (name, price, quantity, dtype, item_id) 
    values
        (?, ?, ?, 'Book', ?)
2024-04-29T19:41:37.727+09:00  INFO 58944 --- [project] [    Test worker] p6spy                                    : #1714387297727 | took 0ms | statement | connection 6| url jdbc:mysql://127.0.0.1:3306/project?serverTimezone=Asia/Seoul
insert into item (name,price,quantity,dtype,item_id) values (?,?,?,'Book',?)
insert into item (name,price,quantity,dtype,item_id) values ('i',15,15,'Book',15);
2024-04-29T19:41:37.727+09:00 DEBUG 58944 --- [project] [    Test worker] org.hibernate.SQL                        : 
    insert 
    into
        book
        (author, isbn, item_id) 
    values
        (?, ?, ?)
Hibernate: 
    insert 
    into
        book
        (author, isbn, item_id) 
    values
        (?, ?, ?)
2024-04-29T19:41:37.728+09:00  INFO 58944 --- [project] [    Test worker] p6spy                                    : #1714387297728 | took 0ms | statement | connection 6| url jdbc:mysql://127.0.0.1:3306/project?serverTimezone=Asia/Seoul
insert into book (author,isbn,item_id) values (?,?,?)
insert into book (author,isbn,item_id) values ('i','i',15);
2024-04-29T19:41:37.728+09:00 DEBUG 58944 --- [project] [    Test worker] org.hibernate.SQL                        : 
    insert 
    into
        upload_file
        (item_id, store_file_name, upload_file_name, file_id) 
    values
        (?, ?, ?, ?)
Hibernate: 
    insert 
    into
        upload_file
        (item_id, store_file_name, upload_file_name, file_id) 
    values
        (?, ?, ?, ?)
2024-04-29T19:41:37.729+09:00  INFO 58944 --- [project] [    Test worker] p6spy                                    : #1714387297729 | took 0ms | statement | connection 6| url jdbc:mysql://127.0.0.1:3306/project?serverTimezone=Asia/Seoul
insert into upload_file (item_id,store_file_name,upload_file_name,file_id) values (?,?,?,?)
insert into upload_file (item_id,store_file_name,upload_file_name,file_id) values (15,'java.io.StringReader@6ba3eee9','java.io.StringReader@1d628a88',15);
2024-04-29T19:41:37.729+09:00 DEBUG 58944 --- [project] [    Test worker] org.hibernate.SQL                        : 
    insert 
    into
        item
        (name, price, quantity, dtype, item_id) 
    values
        (?, ?, ?, 'Book', ?)
Hibernate: 
    insert 
    into
        item
        (name, price, quantity, dtype, item_id) 
    values
        (?, ?, ?, 'Book', ?)
2024-04-29T19:41:37.730+09:00  INFO 58944 --- [project] [    Test worker] p6spy                                    : #1714387297730 | took 0ms | statement | connection 6| url jdbc:mysql://127.0.0.1:3306/project?serverTimezone=Asia/Seoul
insert into item (name,price,quantity,dtype,item_id) values (?,?,?,'Book',?)
insert into item (name,price,quantity,dtype,item_id) values ('i',16,16,'Book',16);
2024-04-29T19:41:37.730+09:00 DEBUG 58944 --- [project] [    Test worker] org.hibernate.SQL                        : 
    insert 
    into
        book
        (author, isbn, item_id) 
    values
        (?, ?, ?)
Hibernate: 
    insert 
    into
        book
        (author, isbn, item_id) 
    values
        (?, ?, ?)
2024-04-29T19:41:37.730+09:00  INFO 58944 --- [project] [    Test worker] p6spy                                    : #1714387297730 | took 0ms | statement | connection 6| url jdbc:mysql://127.0.0.1:3306/project?serverTimezone=Asia/Seoul
insert into book (author,isbn,item_id) values (?,?,?)
insert into book (author,isbn,item_id) values ('i','i',16);
2024-04-29T19:41:37.731+09:00 DEBUG 58944 --- [project] [    Test worker] org.hibernate.SQL                        : 
    insert 
    into
        upload_file
        (item_id, store_file_name, upload_file_name, file_id) 
    values
        (?, ?, ?, ?)
Hibernate: 
    insert 
    into
        upload_file
        (item_id, store_file_name, upload_file_name, file_id) 
    values
        (?, ?, ?, ?)
2024-04-29T19:41:37.733+09:00  INFO 58944 --- [project] [    Test worker] p6spy                                    : #1714387297733 | took 0ms | statement | connection 6| url jdbc:mysql://127.0.0.1:3306/project?serverTimezone=Asia/Seoul
insert into upload_file (item_id,store_file_name,upload_file_name,file_id) values (?,?,?,?)
insert into upload_file (item_id,store_file_name,upload_file_name,file_id) values (16,'java.io.StringReader@771c4015','java.io.StringReader@34d776eb',16);
2024-04-29T19:41:37.733+09:00 DEBUG 58944 --- [project] [    Test worker] org.hibernate.SQL                        : 
    insert 
    into
        item
        (name, price, quantity, dtype, item_id) 
    values
        (?, ?, ?, 'Book', ?)
Hibernate: 
    insert 
    into
        item
        (name, price, quantity, dtype, item_id) 
    values
        (?, ?, ?, 'Book', ?)
2024-04-29T19:41:37.734+09:00  INFO 58944 --- [project] [    Test worker] p6spy                                    : #1714387297734 | took 0ms | statement | connection 6| url jdbc:mysql://127.0.0.1:3306/project?serverTimezone=Asia/Seoul
insert into item (name,price,quantity,dtype,item_id) values (?,?,?,'Book',?)
insert into item (name,price,quantity,dtype,item_id) values ('i',17,17,'Book',17);
2024-04-29T19:41:37.734+09:00 DEBUG 58944 --- [project] [    Test worker] org.hibernate.SQL                        : 
    insert 
    into
        book
        (author, isbn, item_id) 
    values
        (?, ?, ?)
Hibernate: 
    insert 
    into
        book
        (author, isbn, item_id) 
    values
        (?, ?, ?)
2024-04-29T19:41:37.735+09:00  INFO 58944 --- [project] [    Test worker] p6spy                                    : #1714387297735 | took 0ms | statement | connection 6| url jdbc:mysql://127.0.0.1:3306/project?serverTimezone=Asia/Seoul
insert into book (author,isbn,item_id) values (?,?,?)
insert into book (author,isbn,item_id) values ('i','i',17);
2024-04-29T19:41:37.735+09:00 DEBUG 58944 --- [project] [    Test worker] org.hibernate.SQL                        : 
    insert 
    into
        upload_file
        (item_id, store_file_name, upload_file_name, file_id) 
    values
        (?, ?, ?, ?)
Hibernate: 
    insert 
    into
        upload_file
        (item_id, store_file_name, upload_file_name, file_id) 
    values
        (?, ?, ?, ?)
2024-04-29T19:41:37.736+09:00  INFO 58944 --- [project] [    Test worker] p6spy                                    : #1714387297736 | took 0ms | statement | connection 6| url jdbc:mysql://127.0.0.1:3306/project?serverTimezone=Asia/Seoul
insert into upload_file (item_id,store_file_name,upload_file_name,file_id) values (?,?,?,?)
insert into upload_file (item_id,store_file_name,upload_file_name,file_id) values (17,'java.io.StringReader@1dc47df3','java.io.StringReader@256a25a8',17);
2024-04-29T19:41:37.736+09:00 DEBUG 58944 --- [project] [    Test worker] org.hibernate.SQL                        : 
    insert 
    into
        item
        (name, price, quantity, dtype, item_id) 
    values
        (?, ?, ?, 'Book', ?)
Hibernate: 
    insert 
    into
        item
        (name, price, quantity, dtype, item_id) 
    values
        (?, ?, ?, 'Book', ?)
2024-04-29T19:41:37.738+09:00  INFO 58944 --- [project] [    Test worker] p6spy                                    : #1714387297738 | took 0ms | statement | connection 6| url jdbc:mysql://127.0.0.1:3306/project?serverTimezone=Asia/Seoul
insert into item (name,price,quantity,dtype,item_id) values (?,?,?,'Book',?)
insert into item (name,price,quantity,dtype,item_id) values ('i',18,18,'Book',18);
2024-04-29T19:41:37.739+09:00 DEBUG 58944 --- [project] [    Test worker] org.hibernate.SQL                        : 
    insert 
    into
        book
        (author, isbn, item_id) 
    values
        (?, ?, ?)
Hibernate: 
    insert 
    into
        book
        (author, isbn, item_id) 
    values
        (?, ?, ?)
2024-04-29T19:41:37.740+09:00  INFO 58944 --- [project] [    Test worker] p6spy                                    : #1714387297740 | took 0ms | statement | connection 6| url jdbc:mysql://127.0.0.1:3306/project?serverTimezone=Asia/Seoul
insert into book (author,isbn,item_id) values (?,?,?)
insert into book (author,isbn,item_id) values ('i','i',18);
2024-04-29T19:41:37.740+09:00 DEBUG 58944 --- [project] [    Test worker] org.hibernate.SQL                        : 
    insert 
    into
        upload_file
        (item_id, store_file_name, upload_file_name, file_id) 
    values
        (?, ?, ?, ?)
Hibernate: 
    insert 
    into
        upload_file
        (item_id, store_file_name, upload_file_name, file_id) 
    values
        (?, ?, ?, ?)
2024-04-29T19:41:37.741+09:00  INFO 58944 --- [project] [    Test worker] p6spy                                    : #1714387297741 | took 0ms | statement | connection 6| url jdbc:mysql://127.0.0.1:3306/project?serverTimezone=Asia/Seoul
insert into upload_file (item_id,store_file_name,upload_file_name,file_id) values (?,?,?,?)
insert into upload_file (item_id,store_file_name,upload_file_name,file_id) values (18,'java.io.StringReader@5827908c','java.io.StringReader@732ffb6a',18);
2024-04-29T19:41:37.741+09:00 DEBUG 58944 --- [project] [    Test worker] org.hibernate.SQL                        : 
    insert 
    into
        item
        (name, price, quantity, dtype, item_id) 
    values
        (?, ?, ?, 'Book', ?)
Hibernate: 
    insert 
    into
        item
        (name, price, quantity, dtype, item_id) 
    values
        (?, ?, ?, 'Book', ?)
2024-04-29T19:41:37.742+09:00  INFO 58944 --- [project] [    Test worker] p6spy                                    : #1714387297742 | took 0ms | statement | connection 6| url jdbc:mysql://127.0.0.1:3306/project?serverTimezone=Asia/Seoul
insert into item (name,price,quantity,dtype,item_id) values (?,?,?,'Book',?)
insert into item (name,price,quantity,dtype,item_id) values ('i',19,19,'Book',19);
2024-04-29T19:41:37.742+09:00 DEBUG 58944 --- [project] [    Test worker] org.hibernate.SQL                        : 
    insert 
    into
        book
        (author, isbn, item_id) 
    values
        (?, ?, ?)
Hibernate: 
    insert 
    into
        book
        (author, isbn, item_id) 
    values
        (?, ?, ?)
2024-04-29T19:41:37.744+09:00  INFO 58944 --- [project] [    Test worker] p6spy                                    : #1714387297744 | took 0ms | statement | connection 6| url jdbc:mysql://127.0.0.1:3306/project?serverTimezone=Asia/Seoul
insert into book (author,isbn,item_id) values (?,?,?)
insert into book (author,isbn,item_id) values ('i','i',19);
2024-04-29T19:41:37.744+09:00 DEBUG 58944 --- [project] [    Test worker] org.hibernate.SQL                        : 
    insert 
    into
        upload_file
        (item_id, store_file_name, upload_file_name, file_id) 
    values
        (?, ?, ?, ?)
Hibernate: 
    insert 
    into
        upload_file
        (item_id, store_file_name, upload_file_name, file_id) 
    values
        (?, ?, ?, ?)
2024-04-29T19:41:37.746+09:00  INFO 58944 --- [project] [    Test worker] p6spy                                    : #1714387297746 | took 0ms | statement | connection 6| url jdbc:mysql://127.0.0.1:3306/project?serverTimezone=Asia/Seoul
insert into upload_file (item_id,store_file_name,upload_file_name,file_id) values (?,?,?,?)
insert into upload_file (item_id,store_file_name,upload_file_name,file_id) values (19,'java.io.StringReader@77198cce','java.io.StringReader@e7b7395',19);
2024-04-29T19:41:37.747+09:00 DEBUG 58944 --- [project] [    Test worker] org.hibernate.SQL                        : 
    insert 
    into
        item
        (name, price, quantity, dtype, item_id) 
    values
        (?, ?, ?, 'Book', ?)
Hibernate: 
    insert 
    into
        item
        (name, price, quantity, dtype, item_id) 
    values
        (?, ?, ?, 'Book', ?)
2024-04-29T19:41:37.748+09:00  INFO 58944 --- [project] [    Test worker] p6spy                                    : #1714387297748 | took 1ms | statement | connection 6| url jdbc:mysql://127.0.0.1:3306/project?serverTimezone=Asia/Seoul
insert into item (name,price,quantity,dtype,item_id) values (?,?,?,'Book',?)
insert into item (name,price,quantity,dtype,item_id) values ('i',20,20,'Book',20);
2024-04-29T19:41:37.749+09:00 DEBUG 58944 --- [project] [    Test worker] org.hibernate.SQL                        : 
    insert 
    into
        book
        (author, isbn, item_id) 
    values
        (?, ?, ?)
Hibernate: 
    insert 
    into
        book
        (author, isbn, item_id) 
    values
        (?, ?, ?)
2024-04-29T19:41:37.749+09:00  INFO 58944 --- [project] [    Test worker] p6spy                                    : #1714387297749 | took 0ms | statement | connection 6| url jdbc:mysql://127.0.0.1:3306/project?serverTimezone=Asia/Seoul
insert into book (author,isbn,item_id) values (?,?,?)
insert into book (author,isbn,item_id) values ('i','i',20);
2024-04-29T19:41:37.750+09:00 DEBUG 58944 --- [project] [    Test worker] org.hibernate.SQL                        : 
    insert 
    into
        upload_file
        (item_id, store_file_name, upload_file_name, file_id) 
    values
        (?, ?, ?, ?)
Hibernate: 
    insert 
    into
        upload_file
        (item_id, store_file_name, upload_file_name, file_id) 
    values
        (?, ?, ?, ?)
2024-04-29T19:41:37.751+09:00  INFO 58944 --- [project] [    Test worker] p6spy                                    : #1714387297751 | took 0ms | statement | connection 6| url jdbc:mysql://127.0.0.1:3306/project?serverTimezone=Asia/Seoul
insert into upload_file (item_id,store_file_name,upload_file_name,file_id) values (?,?,?,?)
insert into upload_file (item_id,store_file_name,upload_file_name,file_id) values (20,'java.io.StringReader@64a009e7','java.io.StringReader@10587ce5',20);
2024-04-29T19:41:37.751+09:00 DEBUG 58944 --- [project] [    Test worker] org.hibernate.SQL                        : 
    insert 
    into
        item
        (name, price, quantity, dtype, item_id) 
    values
        (?, ?, ?, 'Book', ?)
Hibernate: 
    insert 
    into
        item
        (name, price, quantity, dtype, item_id) 
    values
        (?, ?, ?, 'Book', ?)
2024-04-29T19:41:37.752+09:00  INFO 58944 --- [project] [    Test worker] p6spy                                    : #1714387297752 | took 0ms | statement | connection 6| url jdbc:mysql://127.0.0.1:3306/project?serverTimezone=Asia/Seoul
insert into item (name,price,quantity,dtype,item_id) values (?,?,?,'Book',?)
insert into item (name,price,quantity,dtype,item_id) values ('i',21,21,'Book',21);
2024-04-29T19:41:37.752+09:00 DEBUG 58944 --- [project] [    Test worker] org.hibernate.SQL                        : 
    insert 
    into
        book
        (author, isbn, item_id) 
    values
        (?, ?, ?)
Hibernate: 
    insert 
    into
        book
        (author, isbn, item_id) 
    values
        (?, ?, ?)
2024-04-29T19:41:37.753+09:00  INFO 58944 --- [project] [    Test worker] p6spy                                    : #1714387297753 | took 0ms | statement | connection 6| url jdbc:mysql://127.0.0.1:3306/project?serverTimezone=Asia/Seoul
insert into book (author,isbn,item_id) values (?,?,?)
insert into book (author,isbn,item_id) values ('i','i',21);
2024-04-29T19:41:37.754+09:00 DEBUG 58944 --- [project] [    Test worker] org.hibernate.SQL                        : 
    insert 
    into
        upload_file
        (item_id, store_file_name, upload_file_name, file_id) 
    values
        (?, ?, ?, ?)
Hibernate: 
    insert 
    into
        upload_file
        (item_id, store_file_name, upload_file_name, file_id) 
    values
        (?, ?, ?, ?)
2024-04-29T19:41:37.755+09:00  INFO 58944 --- [project] [    Test worker] p6spy                                    : #1714387297755 | took 0ms | statement | connection 6| url jdbc:mysql://127.0.0.1:3306/project?serverTimezone=Asia/Seoul
insert into upload_file (item_id,store_file_name,upload_file_name,file_id) values (?,?,?,?)
insert into upload_file (item_id,store_file_name,upload_file_name,file_id) values (21,'java.io.StringReader@2f0b7b6d','java.io.StringReader@1766b7',21);
2024-04-29T19:41:37.755+09:00 DEBUG 58944 --- [project] [    Test worker] org.hibernate.SQL                        : 
    insert 
    into
        item
        (name, price, quantity, dtype, item_id) 
    values
        (?, ?, ?, 'Book', ?)
Hibernate: 
    insert 
    into
        item
        (name, price, quantity, dtype, item_id) 
    values
        (?, ?, ?, 'Book', ?)
2024-04-29T19:41:37.756+09:00  INFO 58944 --- [project] [    Test worker] p6spy                                    : #1714387297756 | took 0ms | statement | connection 6| url jdbc:mysql://127.0.0.1:3306/project?serverTimezone=Asia/Seoul
insert into item (name,price,quantity,dtype,item_id) values (?,?,?,'Book',?)
insert into item (name,price,quantity,dtype,item_id) values ('i',22,22,'Book',22);
2024-04-29T19:41:37.757+09:00 DEBUG 58944 --- [project] [    Test worker] org.hibernate.SQL                        : 
    insert 
    into
        book
        (author, isbn, item_id) 
    values
        (?, ?, ?)
Hibernate: 
    insert 
    into
        book
        (author, isbn, item_id) 
    values
        (?, ?, ?)
2024-04-29T19:41:37.758+09:00  INFO 58944 --- [project] [    Test worker] p6spy                                    : #1714387297758 | took 0ms | statement | connection 6| url jdbc:mysql://127.0.0.1:3306/project?serverTimezone=Asia/Seoul
insert into book (author,isbn,item_id) values (?,?,?)
insert into book (author,isbn,item_id) values ('i','i',22);
2024-04-29T19:41:37.759+09:00 DEBUG 58944 --- [project] [    Test worker] org.hibernate.SQL                        : 
    insert 
    into
        upload_file
        (item_id, store_file_name, upload_file_name, file_id) 
    values
        (?, ?, ?, ?)
Hibernate: 
    insert 
    into
        upload_file
        (item_id, store_file_name, upload_file_name, file_id) 
    values
        (?, ?, ?, ?)
2024-04-29T19:41:37.760+09:00  INFO 58944 --- [project] [    Test worker] p6spy                                    : #1714387297760 | took 0ms | statement | connection 6| url jdbc:mysql://127.0.0.1:3306/project?serverTimezone=Asia/Seoul
insert into upload_file (item_id,store_file_name,upload_file_name,file_id) values (?,?,?,?)
insert into upload_file (item_id,store_file_name,upload_file_name,file_id) values (22,'java.io.StringReader@31906cb2','java.io.StringReader@207fce87',22);
2024-04-29T19:41:37.761+09:00 DEBUG 58944 --- [project] [    Test worker] org.hibernate.SQL                        : 
    insert 
    into
        item
        (name, price, quantity, dtype, item_id) 
    values
        (?, ?, ?, 'Book', ?)
Hibernate: 
    insert 
    into
        item
        (name, price, quantity, dtype, item_id) 
    values
        (?, ?, ?, 'Book', ?)
2024-04-29T19:41:37.762+09:00  INFO 58944 --- [project] [    Test worker] p6spy                                    : #1714387297762 | took 0ms | statement | connection 6| url jdbc:mysql://127.0.0.1:3306/project?serverTimezone=Asia/Seoul
insert into item (name,price,quantity,dtype,item_id) values (?,?,?,'Book',?)
insert into item (name,price,quantity,dtype,item_id) values ('i',23,23,'Book',23);
2024-04-29T19:41:37.762+09:00 DEBUG 58944 --- [project] [    Test worker] org.hibernate.SQL                        : 
    insert 
    into
        book
        (author, isbn, item_id) 
    values
        (?, ?, ?)
Hibernate: 
    insert 
    into
        book
        (author, isbn, item_id) 
    values
        (?, ?, ?)
2024-04-29T19:41:37.764+09:00  INFO 58944 --- [project] [    Test worker] p6spy                                    : #1714387297764 | took 0ms | statement | connection 6| url jdbc:mysql://127.0.0.1:3306/project?serverTimezone=Asia/Seoul
insert into book (author,isbn,item_id) values (?,?,?)
insert into book (author,isbn,item_id) values ('i','i',23);
2024-04-29T19:41:37.765+09:00 DEBUG 58944 --- [project] [    Test worker] org.hibernate.SQL                        : 
    insert 
    into
        upload_file
        (item_id, store_file_name, upload_file_name, file_id) 
    values
        (?, ?, ?, ?)
Hibernate: 
    insert 
    into
        upload_file
        (item_id, store_file_name, upload_file_name, file_id) 
    values
        (?, ?, ?, ?)
2024-04-29T19:41:37.765+09:00  INFO 58944 --- [project] [    Test worker] p6spy                                    : #1714387297765 | took 0ms | statement | connection 6| url jdbc:mysql://127.0.0.1:3306/project?serverTimezone=Asia/Seoul
insert into upload_file (item_id,store_file_name,upload_file_name,file_id) values (?,?,?,?)
insert into upload_file (item_id,store_file_name,upload_file_name,file_id) values (23,'java.io.StringReader@79a15001','java.io.StringReader@320bfc61',23);
2024-04-29T19:41:37.766+09:00 DEBUG 58944 --- [project] [    Test worker] org.hibernate.SQL                        : 
    insert 
    into
        item
        (name, price, quantity, dtype, item_id) 
    values
        (?, ?, ?, 'Book', ?)
Hibernate: 
    insert 
    into
        item
        (name, price, quantity, dtype, item_id) 
    values
        (?, ?, ?, 'Book', ?)
2024-04-29T19:41:37.766+09:00  INFO 58944 --- [project] [    Test worker] p6spy                                    : #1714387297766 | took 0ms | statement | connection 6| url jdbc:mysql://127.0.0.1:3306/project?serverTimezone=Asia/Seoul
insert into item (name,price,quantity,dtype,item_id) values (?,?,?,'Book',?)
insert into item (name,price,quantity,dtype,item_id) values ('i',24,24,'Book',24);
2024-04-29T19:41:37.766+09:00 DEBUG 58944 --- [project] [    Test worker] org.hibernate.SQL                        : 
    insert 
    into
        book
        (author, isbn, item_id) 
    values
        (?, ?, ?)
Hibernate: 
    insert 
    into
        book
        (author, isbn, item_id) 
    values
        (?, ?, ?)
2024-04-29T19:41:37.767+09:00  INFO 58944 --- [project] [    Test worker] p6spy                                    : #1714387297767 | took 0ms | statement | connection 6| url jdbc:mysql://127.0.0.1:3306/project?serverTimezone=Asia/Seoul
insert into book (author,isbn,item_id) values (?,?,?)
insert into book (author,isbn,item_id) values ('i','i',24);
2024-04-29T19:41:37.768+09:00 DEBUG 58944 --- [project] [    Test worker] org.hibernate.SQL                        : 
    insert 
    into
        upload_file
        (item_id, store_file_name, upload_file_name, file_id) 
    values
        (?, ?, ?, ?)
Hibernate: 
    insert 
    into
        upload_file
        (item_id, store_file_name, upload_file_name, file_id) 
    values
        (?, ?, ?, ?)
2024-04-29T19:41:37.770+09:00  INFO 58944 --- [project] [    Test worker] p6spy                                    : #1714387297770 | took 1ms | statement | connection 6| url jdbc:mysql://127.0.0.1:3306/project?serverTimezone=Asia/Seoul
insert into upload_file (item_id,store_file_name,upload_file_name,file_id) values (?,?,?,?)
insert into upload_file (item_id,store_file_name,upload_file_name,file_id) values (24,'java.io.StringReader@610640e3','java.io.StringReader@95f61c2',24);
2024-04-29T19:41:37.770+09:00 DEBUG 58944 --- [project] [    Test worker] org.hibernate.SQL                        : 
    insert 
    into
        item
        (name, price, quantity, dtype, item_id) 
    values
        (?, ?, ?, 'Book', ?)
Hibernate: 
    insert 
    into
        item
        (name, price, quantity, dtype, item_id) 
    values
        (?, ?, ?, 'Book', ?)
2024-04-29T19:41:37.773+09:00  INFO 58944 --- [project] [    Test worker] p6spy                                    : #1714387297773 | took 0ms | statement | connection 6| url jdbc:mysql://127.0.0.1:3306/project?serverTimezone=Asia/Seoul
insert into item (name,price,quantity,dtype,item_id) values (?,?,?,'Book',?)
insert into item (name,price,quantity,dtype,item_id) values ('i',25,25,'Book',25);
2024-04-29T19:41:37.773+09:00 DEBUG 58944 --- [project] [    Test worker] org.hibernate.SQL                        : 
    insert 
    into
        book
        (author, isbn, item_id) 
    values
        (?, ?, ?)
Hibernate: 
    insert 
    into
        book
        (author, isbn, item_id) 
    values
        (?, ?, ?)
2024-04-29T19:41:37.774+09:00  INFO 58944 --- [project] [    Test worker] p6spy                                    : #1714387297774 | took 0ms | statement | connection 6| url jdbc:mysql://127.0.0.1:3306/project?serverTimezone=Asia/Seoul
insert into book (author,isbn,item_id) values (?,?,?)
insert into book (author,isbn,item_id) values ('i','i',25);
2024-04-29T19:41:37.775+09:00 DEBUG 58944 --- [project] [    Test worker] org.hibernate.SQL                        : 
    insert 
    into
        upload_file
        (item_id, store_file_name, upload_file_name, file_id) 
    values
        (?, ?, ?, ?)
Hibernate: 
    insert 
    into
        upload_file
        (item_id, store_file_name, upload_file_name, file_id) 
    values
        (?, ?, ?, ?)
2024-04-29T19:41:37.775+09:00  INFO 58944 --- [project] [    Test worker] p6spy                                    : #1714387297775 | took 0ms | statement | connection 6| url jdbc:mysql://127.0.0.1:3306/project?serverTimezone=Asia/Seoul
insert into upload_file (item_id,store_file_name,upload_file_name,file_id) values (?,?,?,?)
insert into upload_file (item_id,store_file_name,upload_file_name,file_id) values (25,'java.io.StringReader@5eb974','java.io.StringReader@72f112d1',25);
2024-04-29T19:41:37.776+09:00 DEBUG 58944 --- [project] [    Test worker] org.hibernate.SQL                        : 
    insert 
    into
        item
        (name, price, quantity, dtype, item_id) 
    values
        (?, ?, ?, 'Book', ?)
Hibernate: 
    insert 
    into
        item
        (name, price, quantity, dtype, item_id) 
    values
        (?, ?, ?, 'Book', ?)
2024-04-29T19:41:37.776+09:00  INFO 58944 --- [project] [    Test worker] p6spy                                    : #1714387297776 | took 0ms | statement | connection 6| url jdbc:mysql://127.0.0.1:3306/project?serverTimezone=Asia/Seoul
insert into item (name,price,quantity,dtype,item_id) values (?,?,?,'Book',?)
insert into item (name,price,quantity,dtype,item_id) values ('i',26,26,'Book',26);
2024-04-29T19:41:37.776+09:00 DEBUG 58944 --- [project] [    Test worker] org.hibernate.SQL                        : 
    insert 
    into
        book
        (author, isbn, item_id) 
    values
        (?, ?, ?)
Hibernate: 
    insert 
    into
        book
        (author, isbn, item_id) 
    values
        (?, ?, ?)
2024-04-29T19:41:37.777+09:00  INFO 58944 --- [project] [    Test worker] p6spy                                    : #1714387297777 | took 0ms | statement | connection 6| url jdbc:mysql://127.0.0.1:3306/project?serverTimezone=Asia/Seoul
insert into book (author,isbn,item_id) values (?,?,?)
insert into book (author,isbn,item_id) values ('i','i',26);
2024-04-29T19:41:37.777+09:00 DEBUG 58944 --- [project] [    Test worker] org.hibernate.SQL                        : 
    insert 
    into
        upload_file
        (item_id, store_file_name, upload_file_name, file_id) 
    values
        (?, ?, ?, ?)
Hibernate: 
    insert 
    into
        upload_file
        (item_id, store_file_name, upload_file_name, file_id) 
    values
        (?, ?, ?, ?)
2024-04-29T19:41:37.778+09:00  INFO 58944 --- [project] [    Test worker] p6spy                                    : #1714387297778 | took 0ms | statement | connection 6| url jdbc:mysql://127.0.0.1:3306/project?serverTimezone=Asia/Seoul
insert into upload_file (item_id,store_file_name,upload_file_name,file_id) values (?,?,?,?)
insert into upload_file (item_id,store_file_name,upload_file_name,file_id) values (26,'java.io.StringReader@6701fe26','java.io.StringReader@6ac49084',26);
2024-04-29T19:41:37.778+09:00 DEBUG 58944 --- [project] [    Test worker] org.hibernate.SQL                        : 
    insert 
    into
        item
        (name, price, quantity, dtype, item_id) 
    values
        (?, ?, ?, 'Book', ?)
Hibernate: 
    insert 
    into
        item
        (name, price, quantity, dtype, item_id) 
    values
        (?, ?, ?, 'Book', ?)
2024-04-29T19:41:37.779+09:00  INFO 58944 --- [project] [    Test worker] p6spy                                    : #1714387297779 | took 0ms | statement | connection 6| url jdbc:mysql://127.0.0.1:3306/project?serverTimezone=Asia/Seoul
insert into item (name,price,quantity,dtype,item_id) values (?,?,?,'Book',?)
insert into item (name,price,quantity,dtype,item_id) values ('i',27,27,'Book',27);
2024-04-29T19:41:37.779+09:00 DEBUG 58944 --- [project] [    Test worker] org.hibernate.SQL                        : 
    insert 
    into
        book
        (author, isbn, item_id) 
    values
        (?, ?, ?)
Hibernate: 
    insert 
    into
        book
        (author, isbn, item_id) 
    values
        (?, ?, ?)
2024-04-29T19:41:37.779+09:00  INFO 58944 --- [project] [    Test worker] p6spy                                    : #1714387297779 | took 0ms | statement | connection 6| url jdbc:mysql://127.0.0.1:3306/project?serverTimezone=Asia/Seoul
insert into book (author,isbn,item_id) values (?,?,?)
insert into book (author,isbn,item_id) values ('i','i',27);
2024-04-29T19:41:37.780+09:00 DEBUG 58944 --- [project] [    Test worker] org.hibernate.SQL                        : 
    insert 
    into
        upload_file
        (item_id, store_file_name, upload_file_name, file_id) 
    values
        (?, ?, ?, ?)
Hibernate: 
    insert 
    into
        upload_file
        (item_id, store_file_name, upload_file_name, file_id) 
    values
        (?, ?, ?, ?)
2024-04-29T19:41:37.780+09:00  INFO 58944 --- [project] [    Test worker] p6spy                                    : #1714387297780 | took 0ms | statement | connection 6| url jdbc:mysql://127.0.0.1:3306/project?serverTimezone=Asia/Seoul
insert into upload_file (item_id,store_file_name,upload_file_name,file_id) values (?,?,?,?)
insert into upload_file (item_id,store_file_name,upload_file_name,file_id) values (27,'java.io.StringReader@7479b19a','java.io.StringReader@4be8c1bb',27);
2024-04-29T19:41:37.781+09:00 DEBUG 58944 --- [project] [    Test worker] org.hibernate.SQL                        : 
    insert 
    into
        item
        (name, price, quantity, dtype, item_id) 
    values
        (?, ?, ?, 'Book', ?)
Hibernate: 
    insert 
    into
        item
        (name, price, quantity, dtype, item_id) 
    values
        (?, ?, ?, 'Book', ?)
2024-04-29T19:41:37.783+09:00  INFO 58944 --- [project] [    Test worker] p6spy                                    : #1714387297783 | took 0ms | statement | connection 6| url jdbc:mysql://127.0.0.1:3306/project?serverTimezone=Asia/Seoul
insert into item (name,price,quantity,dtype,item_id) values (?,?,?,'Book',?)
insert into item (name,price,quantity,dtype,item_id) values ('i',28,28,'Book',28);
2024-04-29T19:41:37.783+09:00 DEBUG 58944 --- [project] [    Test worker] org.hibernate.SQL                        : 
    insert 
    into
        book
        (author, isbn, item_id) 
    values
        (?, ?, ?)
Hibernate: 
    insert 
    into
        book
        (author, isbn, item_id) 
    values
        (?, ?, ?)
2024-04-29T19:41:37.784+09:00  INFO 58944 --- [project] [    Test worker] p6spy                                    : #1714387297784 | took 0ms | statement | connection 6| url jdbc:mysql://127.0.0.1:3306/project?serverTimezone=Asia/Seoul
insert into book (author,isbn,item_id) values (?,?,?)
insert into book (author,isbn,item_id) values ('i','i',28);
2024-04-29T19:41:37.784+09:00 DEBUG 58944 --- [project] [    Test worker] org.hibernate.SQL                        : 
    insert 
    into
        upload_file
        (item_id, store_file_name, upload_file_name, file_id) 
    values
        (?, ?, ?, ?)
Hibernate: 
    insert 
    into
        upload_file
        (item_id, store_file_name, upload_file_name, file_id) 
    values
        (?, ?, ?, ?)
2024-04-29T19:41:37.785+09:00  INFO 58944 --- [project] [    Test worker] p6spy                                    : #1714387297785 | took 0ms | statement | connection 6| url jdbc:mysql://127.0.0.1:3306/project?serverTimezone=Asia/Seoul
insert into upload_file (item_id,store_file_name,upload_file_name,file_id) values (?,?,?,?)
insert into upload_file (item_id,store_file_name,upload_file_name,file_id) values (28,'java.io.StringReader@78d72c9b','java.io.StringReader@22d82fe8',28);
2024-04-29T19:41:37.785+09:00 DEBUG 58944 --- [project] [    Test worker] org.hibernate.SQL                        : 
    insert 
    into
        item
        (name, price, quantity, dtype, item_id) 
    values
        (?, ?, ?, 'Book', ?)
Hibernate: 
    insert 
    into
        item
        (name, price, quantity, dtype, item_id) 
    values
        (?, ?, ?, 'Book', ?)
2024-04-29T19:41:37.787+09:00  INFO 58944 --- [project] [    Test worker] p6spy                                    : #1714387297787 | took 0ms | statement | connection 6| url jdbc:mysql://127.0.0.1:3306/project?serverTimezone=Asia/Seoul
insert into item (name,price,quantity,dtype,item_id) values (?,?,?,'Book',?)
insert into item (name,price,quantity,dtype,item_id) values ('i',29,29,'Book',29);
2024-04-29T19:41:37.787+09:00 DEBUG 58944 --- [project] [    Test worker] org.hibernate.SQL                        : 
    insert 
    into
        book
        (author, isbn, item_id) 
    values
        (?, ?, ?)
Hibernate: 
    insert 
    into
        book
        (author, isbn, item_id) 
    values
        (?, ?, ?)
2024-04-29T19:41:37.788+09:00  INFO 58944 --- [project] [    Test worker] p6spy                                    : #1714387297788 | took 0ms | statement | connection 6| url jdbc:mysql://127.0.0.1:3306/project?serverTimezone=Asia/Seoul
insert into book (author,isbn,item_id) values (?,?,?)
insert into book (author,isbn,item_id) values ('i','i',29);
2024-04-29T19:41:37.788+09:00 DEBUG 58944 --- [project] [    Test worker] org.hibernate.SQL                        : 
    insert 
    into
        upload_file
        (item_id, store_file_name, upload_file_name, file_id) 
    values
        (?, ?, ?, ?)
Hibernate: 
    insert 
    into
        upload_file
        (item_id, store_file_name, upload_file_name, file_id) 
    values
        (?, ?, ?, ?)
2024-04-29T19:41:37.789+09:00  INFO 58944 --- [project] [    Test worker] p6spy                                    : #1714387297789 | took 0ms | statement | connection 6| url jdbc:mysql://127.0.0.1:3306/project?serverTimezone=Asia/Seoul
insert into upload_file (item_id,store_file_name,upload_file_name,file_id) values (?,?,?,?)
insert into upload_file (item_id,store_file_name,upload_file_name,file_id) values (29,'java.io.StringReader@52268f73','java.io.StringReader@3938e876',29);
2024-04-29T19:41:37.790+09:00 DEBUG 58944 --- [project] [    Test worker] org.hibernate.SQL                        : 
    insert 
    into
        item
        (name, price, quantity, dtype, item_id) 
    values
        (?, ?, ?, 'Book', ?)
Hibernate: 
    insert 
    into
        item
        (name, price, quantity, dtype, item_id) 
    values
        (?, ?, ?, 'Book', ?)
2024-04-29T19:41:37.791+09:00  INFO 58944 --- [project] [    Test worker] p6spy                                    : #1714387297791 | took 0ms | statement | connection 6| url jdbc:mysql://127.0.0.1:3306/project?serverTimezone=Asia/Seoul
insert into item (name,price,quantity,dtype,item_id) values (?,?,?,'Book',?)
insert into item (name,price,quantity,dtype,item_id) values ('i',30,30,'Book',30);
2024-04-29T19:41:37.791+09:00 DEBUG 58944 --- [project] [    Test worker] org.hibernate.SQL                        : 
    insert 
    into
        book
        (author, isbn, item_id) 
    values
        (?, ?, ?)
Hibernate: 
    insert 
    into
        book
        (author, isbn, item_id) 
    values
        (?, ?, ?)
2024-04-29T19:41:37.792+09:00  INFO 58944 --- [project] [    Test worker] p6spy                                    : #1714387297792 | took 0ms | statement | connection 6| url jdbc:mysql://127.0.0.1:3306/project?serverTimezone=Asia/Seoul
insert into book (author,isbn,item_id) values (?,?,?)
insert into book (author,isbn,item_id) values ('i','i',30);
2024-04-29T19:41:37.792+09:00 DEBUG 58944 --- [project] [    Test worker] org.hibernate.SQL                        : 
    insert 
    into
        upload_file
        (item_id, store_file_name, upload_file_name, file_id) 
    values
        (?, ?, ?, ?)
Hibernate: 
    insert 
    into
        upload_file
        (item_id, store_file_name, upload_file_name, file_id) 
    values
        (?, ?, ?, ?)
2024-04-29T19:41:37.793+09:00  INFO 58944 --- [project] [    Test worker] p6spy                                    : #1714387297793 | took 0ms | statement | connection 6| url jdbc:mysql://127.0.0.1:3306/project?serverTimezone=Asia/Seoul
insert into upload_file (item_id,store_file_name,upload_file_name,file_id) values (?,?,?,?)
insert into upload_file (item_id,store_file_name,upload_file_name,file_id) values (30,'java.io.StringReader@10e28d97','java.io.StringReader@37d43b9b',30);
2024-04-29T19:41:37.793+09:00 DEBUG 58944 --- [project] [    Test worker] org.hibernate.SQL                        : 
    insert 
    into
        item
        (name, price, quantity, dtype, item_id) 
    values
        (?, ?, ?, 'Book', ?)
Hibernate: 
    insert 
    into
        item
        (name, price, quantity, dtype, item_id) 
    values
        (?, ?, ?, 'Book', ?)
2024-04-29T19:41:37.793+09:00  INFO 58944 --- [project] [    Test worker] p6spy                                    : #1714387297793 | took 0ms | statement | connection 6| url jdbc:mysql://127.0.0.1:3306/project?serverTimezone=Asia/Seoul
insert into item (name,price,quantity,dtype,item_id) values (?,?,?,'Book',?)
insert into item (name,price,quantity,dtype,item_id) values ('i',31,31,'Book',31);
2024-04-29T19:41:37.793+09:00 DEBUG 58944 --- [project] [    Test worker] org.hibernate.SQL                        : 
    insert 
    into
        book
        (author, isbn, item_id) 
    values
        (?, ?, ?)
Hibernate: 
    insert 
    into
        book
        (author, isbn, item_id) 
    values
        (?, ?, ?)
2024-04-29T19:41:37.794+09:00  INFO 58944 --- [project] [    Test worker] p6spy                                    : #1714387297794 | took 0ms | statement | connection 6| url jdbc:mysql://127.0.0.1:3306/project?serverTimezone=Asia/Seoul
insert into book (author,isbn,item_id) values (?,?,?)
insert into book (author,isbn,item_id) values ('i','i',31);
2024-04-29T19:41:37.794+09:00 DEBUG 58944 --- [project] [    Test worker] org.hibernate.SQL                        : 
    insert 
    into
        upload_file
        (item_id, store_file_name, upload_file_name, file_id) 
    values
        (?, ?, ?, ?)
Hibernate: 
    insert 
    into
        upload_file
        (item_id, store_file_name, upload_file_name, file_id) 
    values
        (?, ?, ?, ?)
2024-04-29T19:41:37.795+09:00  INFO 58944 --- [project] [    Test worker] p6spy                                    : #1714387297795 | took 0ms | statement | connection 6| url jdbc:mysql://127.0.0.1:3306/project?serverTimezone=Asia/Seoul
insert into upload_file (item_id,store_file_name,upload_file_name,file_id) values (?,?,?,?)
insert into upload_file (item_id,store_file_name,upload_file_name,file_id) values (31,'java.io.StringReader@4f55da9b','java.io.StringReader@3bad0efd',31);
2024-04-29T19:41:37.796+09:00 DEBUG 58944 --- [project] [    Test worker] org.hibernate.SQL                        : 
    insert 
    into
        item
        (name, price, quantity, dtype, item_id) 
    values
        (?, ?, ?, 'Book', ?)
Hibernate: 
    insert 
    into
        item
        (name, price, quantity, dtype, item_id) 
    values
        (?, ?, ?, 'Book', ?)
2024-04-29T19:41:37.801+09:00  INFO 58944 --- [project] [    Test worker] p6spy                                    : #1714387297801 | took 0ms | statement | connection 6| url jdbc:mysql://127.0.0.1:3306/project?serverTimezone=Asia/Seoul
insert into item (name,price,quantity,dtype,item_id) values (?,?,?,'Book',?)
insert into item (name,price,quantity,dtype,item_id) values ('i',32,32,'Book',32);
2024-04-29T19:41:37.801+09:00 DEBUG 58944 --- [project] [    Test worker] org.hibernate.SQL                        : 
    insert 
    into
        book
        (author, isbn, item_id) 
    values
        (?, ?, ?)
Hibernate: 
    insert 
    into
        book
        (author, isbn, item_id) 
    values
        (?, ?, ?)
2024-04-29T19:41:37.805+09:00  INFO 58944 --- [project] [    Test worker] p6spy                                    : #1714387297805 | took 0ms | statement | connection 6| url jdbc:mysql://127.0.0.1:3306/project?serverTimezone=Asia/Seoul
insert into book (author,isbn,item_id) values (?,?,?)
insert into book (author,isbn,item_id) values ('i','i',32);
2024-04-29T19:41:37.805+09:00 DEBUG 58944 --- [project] [    Test worker] org.hibernate.SQL                        : 
    insert 
    into
        upload_file
        (item_id, store_file_name, upload_file_name, file_id) 
    values
        (?, ?, ?, ?)
Hibernate: 
    insert 
    into
        upload_file
        (item_id, store_file_name, upload_file_name, file_id) 
    values
        (?, ?, ?, ?)
2024-04-29T19:41:37.807+09:00  INFO 58944 --- [project] [    Test worker] p6spy                                    : #1714387297807 | took 0ms | statement | connection 6| url jdbc:mysql://127.0.0.1:3306/project?serverTimezone=Asia/Seoul
insert into upload_file (item_id,store_file_name,upload_file_name,file_id) values (?,?,?,?)
insert into upload_file (item_id,store_file_name,upload_file_name,file_id) values (32,'java.io.StringReader@46b376bb','java.io.StringReader@64a9719a',32);
2024-04-29T19:41:37.807+09:00 DEBUG 58944 --- [project] [    Test worker] org.hibernate.SQL                        : 
    insert 
    into
        item
        (name, price, quantity, dtype, item_id) 
    values
        (?, ?, ?, 'Book', ?)
Hibernate: 
    insert 
    into
        item
        (name, price, quantity, dtype, item_id) 
    values
        (?, ?, ?, 'Book', ?)
2024-04-29T19:41:37.808+09:00  INFO 58944 --- [project] [    Test worker] p6spy                                    : #1714387297808 | took 0ms | statement | connection 6| url jdbc:mysql://127.0.0.1:3306/project?serverTimezone=Asia/Seoul
insert into item (name,price,quantity,dtype,item_id) values (?,?,?,'Book',?)
insert into item (name,price,quantity,dtype,item_id) values ('i',33,33,'Book',33);
2024-04-29T19:41:37.808+09:00 DEBUG 58944 --- [project] [    Test worker] org.hibernate.SQL                        : 
    insert 
    into
        book
        (author, isbn, item_id) 
    values
        (?, ?, ?)
Hibernate: 
    insert 
    into
        book
        (author, isbn, item_id) 
    values
        (?, ?, ?)
2024-04-29T19:41:37.809+09:00  INFO 58944 --- [project] [    Test worker] p6spy                                    : #1714387297809 | took 0ms | statement | connection 6| url jdbc:mysql://127.0.0.1:3306/project?serverTimezone=Asia/Seoul
insert into book (author,isbn,item_id) values (?,?,?)
insert into book (author,isbn,item_id) values ('i','i',33);
2024-04-29T19:41:37.810+09:00 DEBUG 58944 --- [project] [    Test worker] org.hibernate.SQL                        : 
    insert 
    into
        upload_file
        (item_id, store_file_name, upload_file_name, file_id) 
    values
        (?, ?, ?, ?)
Hibernate: 
    insert 
    into
        upload_file
        (item_id, store_file_name, upload_file_name, file_id) 
    values
        (?, ?, ?, ?)
2024-04-29T19:41:37.811+09:00  INFO 58944 --- [project] [    Test worker] p6spy                                    : #1714387297811 | took 0ms | statement | connection 6| url jdbc:mysql://127.0.0.1:3306/project?serverTimezone=Asia/Seoul
insert into upload_file (item_id,store_file_name,upload_file_name,file_id) values (?,?,?,?)
insert into upload_file (item_id,store_file_name,upload_file_name,file_id) values (33,'java.io.StringReader@33e09baf','java.io.StringReader@4c02f50',33);
2024-04-29T19:41:37.812+09:00 DEBUG 58944 --- [project] [    Test worker] org.hibernate.SQL                        : 
    insert 
    into
        item
        (name, price, quantity, dtype, item_id) 
    values
        (?, ?, ?, 'Book', ?)
Hibernate: 
    insert 
    into
        item
        (name, price, quantity, dtype, item_id) 
    values
        (?, ?, ?, 'Book', ?)
2024-04-29T19:41:37.813+09:00  INFO 58944 --- [project] [    Test worker] p6spy                                    : #1714387297813 | took 0ms | statement | connection 6| url jdbc:mysql://127.0.0.1:3306/project?serverTimezone=Asia/Seoul
insert into item (name,price,quantity,dtype,item_id) values (?,?,?,'Book',?)
insert into item (name,price,quantity,dtype,item_id) values ('i',34,34,'Book',34);
2024-04-29T19:41:37.813+09:00 DEBUG 58944 --- [project] [    Test worker] org.hibernate.SQL                        : 
    insert 
    into
        book
        (author, isbn, item_id) 
    values
        (?, ?, ?)
Hibernate: 
    insert 
    into
        book
        (author, isbn, item_id) 
    values
        (?, ?, ?)
2024-04-29T19:41:37.815+09:00  INFO 58944 --- [project] [    Test worker] p6spy                                    : #1714387297815 | took 1ms | statement | connection 6| url jdbc:mysql://127.0.0.1:3306/project?serverTimezone=Asia/Seoul
insert into book (author,isbn,item_id) values (?,?,?)
insert into book (author,isbn,item_id) values ('i','i',34);
2024-04-29T19:41:37.816+09:00 DEBUG 58944 --- [project] [    Test worker] org.hibernate.SQL                        : 
    insert 
    into
        upload_file
        (item_id, store_file_name, upload_file_name, file_id) 
    values
        (?, ?, ?, ?)
Hibernate: 
    insert 
    into
        upload_file
        (item_id, store_file_name, upload_file_name, file_id) 
    values
        (?, ?, ?, ?)
2024-04-29T19:41:37.818+09:00  INFO 58944 --- [project] [    Test worker] p6spy                                    : #1714387297818 | took 1ms | statement | connection 6| url jdbc:mysql://127.0.0.1:3306/project?serverTimezone=Asia/Seoul
insert into upload_file (item_id,store_file_name,upload_file_name,file_id) values (?,?,?,?)
insert into upload_file (item_id,store_file_name,upload_file_name,file_id) values (34,'java.io.StringReader@1ad4ff2a','java.io.StringReader@625ae6d',34);
2024-04-29T19:41:37.820+09:00 DEBUG 58944 --- [project] [    Test worker] org.hibernate.SQL                        : 
    insert 
    into
        item
        (name, price, quantity, dtype, item_id) 
    values
        (?, ?, ?, 'Book', ?)
Hibernate: 
    insert 
    into
        item
        (name, price, quantity, dtype, item_id) 
    values
        (?, ?, ?, 'Book', ?)
2024-04-29T19:41:37.821+09:00  INFO 58944 --- [project] [    Test worker] p6spy                                    : #1714387297821 | took 0ms | statement | connection 6| url jdbc:mysql://127.0.0.1:3306/project?serverTimezone=Asia/Seoul
insert into item (name,price,quantity,dtype,item_id) values (?,?,?,'Book',?)
insert into item (name,price,quantity,dtype,item_id) values ('i',35,35,'Book',35);
2024-04-29T19:41:37.821+09:00 DEBUG 58944 --- [project] [    Test worker] org.hibernate.SQL                        : 
    insert 
    into
        book
        (author, isbn, item_id) 
    values
        (?, ?, ?)
Hibernate: 
    insert 
    into
        book
        (author, isbn, item_id) 
    values
        (?, ?, ?)
2024-04-29T19:41:37.822+09:00  INFO 58944 --- [project] [    Test worker] p6spy                                    : #1714387297822 | took 0ms | statement | connection 6| url jdbc:mysql://127.0.0.1:3306/project?serverTimezone=Asia/Seoul
insert into book (author,isbn,item_id) values (?,?,?)
insert into book (author,isbn,item_id) values ('i','i',35);
2024-04-29T19:41:37.822+09:00 DEBUG 58944 --- [project] [    Test worker] org.hibernate.SQL                        : 
    insert 
    into
        upload_file
        (item_id, store_file_name, upload_file_name, file_id) 
    values
        (?, ?, ?, ?)
Hibernate: 
    insert 
    into
        upload_file
        (item_id, store_file_name, upload_file_name, file_id) 
    values
        (?, ?, ?, ?)
2024-04-29T19:41:37.823+09:00  INFO 58944 --- [project] [    Test worker] p6spy                                    : #1714387297823 | took 0ms | statement | connection 6| url jdbc:mysql://127.0.0.1:3306/project?serverTimezone=Asia/Seoul
insert into upload_file (item_id,store_file_name,upload_file_name,file_id) values (?,?,?,?)
insert into upload_file (item_id,store_file_name,upload_file_name,file_id) values (35,'java.io.StringReader@1928930','java.io.StringReader@707b0b9b',35);
2024-04-29T19:41:37.823+09:00 DEBUG 58944 --- [project] [    Test worker] org.hibernate.SQL                        : 
    insert 
    into
        item
        (name, price, quantity, dtype, item_id) 
    values
        (?, ?, ?, 'Book', ?)
Hibernate: 
    insert 
    into
        item
        (name, price, quantity, dtype, item_id) 
    values
        (?, ?, ?, 'Book', ?)
2024-04-29T19:41:37.824+09:00  INFO 58944 --- [project] [    Test worker] p6spy                                    : #1714387297824 | took 0ms | statement | connection 6| url jdbc:mysql://127.0.0.1:3306/project?serverTimezone=Asia/Seoul
insert into item (name,price,quantity,dtype,item_id) values (?,?,?,'Book',?)
insert into item (name,price,quantity,dtype,item_id) values ('i',36,36,'Book',36);
2024-04-29T19:41:37.824+09:00 DEBUG 58944 --- [project] [    Test worker] org.hibernate.SQL                        : 
    insert 
    into
        book
        (author, isbn, item_id) 
    values
        (?, ?, ?)
Hibernate: 
    insert 
    into
        book
        (author, isbn, item_id) 
    values
        (?, ?, ?)
2024-04-29T19:41:37.824+09:00  INFO 58944 --- [project] [    Test worker] p6spy                                    : #1714387297824 | took 0ms | statement | connection 6| url jdbc:mysql://127.0.0.1:3306/project?serverTimezone=Asia/Seoul
insert into book (author,isbn,item_id) values (?,?,?)
insert into book (author,isbn,item_id) values ('i','i',36);
2024-04-29T19:41:37.825+09:00 DEBUG 58944 --- [project] [    Test worker] org.hibernate.SQL                        : 
    insert 
    into
        upload_file
        (item_id, store_file_name, upload_file_name, file_id) 
    values
        (?, ?, ?, ?)
Hibernate: 
    insert 
    into
        upload_file
        (item_id, store_file_name, upload_file_name, file_id) 
    values
        (?, ?, ?, ?)
2024-04-29T19:41:37.825+09:00  INFO 58944 --- [project] [    Test worker] p6spy                                    : #1714387297825 | took 0ms | statement | connection 6| url jdbc:mysql://127.0.0.1:3306/project?serverTimezone=Asia/Seoul
insert into upload_file (item_id,store_file_name,upload_file_name,file_id) values (?,?,?,?)
insert into upload_file (item_id,store_file_name,upload_file_name,file_id) values (36,'java.io.StringReader@7bfc7533','java.io.StringReader@74fa4891',36);
2024-04-29T19:41:37.826+09:00 DEBUG 58944 --- [project] [    Test worker] org.hibernate.SQL                        : 
    insert 
    into
        item
        (name, price, quantity, dtype, item_id) 
    values
        (?, ?, ?, 'Book', ?)
Hibernate: 
    insert 
    into
        item
        (name, price, quantity, dtype, item_id) 
    values
        (?, ?, ?, 'Book', ?)
2024-04-29T19:41:37.826+09:00  INFO 58944 --- [project] [    Test worker] p6spy                                    : #1714387297826 | took 0ms | statement | connection 6| url jdbc:mysql://127.0.0.1:3306/project?serverTimezone=Asia/Seoul
insert into item (name,price,quantity,dtype,item_id) values (?,?,?,'Book',?)
insert into item (name,price,quantity,dtype,item_id) values ('i',37,37,'Book',37);
2024-04-29T19:41:37.827+09:00 DEBUG 58944 --- [project] [    Test worker] org.hibernate.SQL                        : 
    insert 
    into
        book
        (author, isbn, item_id) 
    values
        (?, ?, ?)
Hibernate: 
    insert 
    into
        book
        (author, isbn, item_id) 
    values
        (?, ?, ?)
2024-04-29T19:41:37.827+09:00  INFO 58944 --- [project] [    Test worker] p6spy                                    : #1714387297827 | took 0ms | statement | connection 6| url jdbc:mysql://127.0.0.1:3306/project?serverTimezone=Asia/Seoul
insert into book (author,isbn,item_id) values (?,?,?)
insert into book (author,isbn,item_id) values ('i','i',37);
2024-04-29T19:41:37.828+09:00 DEBUG 58944 --- [project] [    Test worker] org.hibernate.SQL                        : 
    insert 
    into
        upload_file
        (item_id, store_file_name, upload_file_name, file_id) 
    values
        (?, ?, ?, ?)
Hibernate: 
    insert 
    into
        upload_file
        (item_id, store_file_name, upload_file_name, file_id) 
    values
        (?, ?, ?, ?)
2024-04-29T19:41:37.830+09:00  INFO 58944 --- [project] [    Test worker] p6spy                                    : #1714387297830 | took 0ms | statement | connection 6| url jdbc:mysql://127.0.0.1:3306/project?serverTimezone=Asia/Seoul
insert into upload_file (item_id,store_file_name,upload_file_name,file_id) values (?,?,?,?)
insert into upload_file (item_id,store_file_name,upload_file_name,file_id) values (37,'java.io.StringReader@5ac168e3','java.io.StringReader@14574cdf',37);
2024-04-29T19:41:37.832+09:00 DEBUG 58944 --- [project] [    Test worker] org.hibernate.SQL                        : 
    insert 
    into
        item
        (name, price, quantity, dtype, item_id) 
    values
        (?, ?, ?, 'Book', ?)
Hibernate: 
    insert 
    into
        item
        (name, price, quantity, dtype, item_id) 
    values
        (?, ?, ?, 'Book', ?)
2024-04-29T19:41:37.834+09:00  INFO 58944 --- [project] [    Test worker] p6spy                                    : #1714387297834 | took 0ms | statement | connection 6| url jdbc:mysql://127.0.0.1:3306/project?serverTimezone=Asia/Seoul
insert into item (name,price,quantity,dtype,item_id) values (?,?,?,'Book',?)
insert into item (name,price,quantity,dtype,item_id) values ('i',38,38,'Book',38);
2024-04-29T19:41:37.834+09:00 DEBUG 58944 --- [project] [    Test worker] org.hibernate.SQL                        : 
    insert 
    into
        book
        (author, isbn, item_id) 
    values
        (?, ?, ?)
Hibernate: 
    insert 
    into
        book
        (author, isbn, item_id) 
    values
        (?, ?, ?)
2024-04-29T19:41:37.835+09:00  INFO 58944 --- [project] [    Test worker] p6spy                                    : #1714387297835 | took 0ms | statement | connection 6| url jdbc:mysql://127.0.0.1:3306/project?serverTimezone=Asia/Seoul
insert into book (author,isbn,item_id) values (?,?,?)
insert into book (author,isbn,item_id) values ('i','i',38);
2024-04-29T19:41:37.836+09:00 DEBUG 58944 --- [project] [    Test worker] org.hibernate.SQL                        : 
    insert 
    into
        upload_file
        (item_id, store_file_name, upload_file_name, file_id) 
    values
        (?, ?, ?, ?)
Hibernate: 
    insert 
    into
        upload_file
        (item_id, store_file_name, upload_file_name, file_id) 
    values
        (?, ?, ?, ?)
2024-04-29T19:41:37.836+09:00  INFO 58944 --- [project] [    Test worker] p6spy                                    : #1714387297836 | took 0ms | statement | connection 6| url jdbc:mysql://127.0.0.1:3306/project?serverTimezone=Asia/Seoul
insert into upload_file (item_id,store_file_name,upload_file_name,file_id) values (?,?,?,?)
insert into upload_file (item_id,store_file_name,upload_file_name,file_id) values (38,'java.io.StringReader@7ce09850','java.io.StringReader@1836228d',38);
2024-04-29T19:41:37.837+09:00 DEBUG 58944 --- [project] [    Test worker] org.hibernate.SQL                        : 
    insert 
    into
        item
        (name, price, quantity, dtype, item_id) 
    values
        (?, ?, ?, 'Book', ?)
Hibernate: 
    insert 
    into
        item
        (name, price, quantity, dtype, item_id) 
    values
        (?, ?, ?, 'Book', ?)
2024-04-29T19:41:37.839+09:00  INFO 58944 --- [project] [    Test worker] p6spy                                    : #1714387297839 | took 0ms | statement | connection 6| url jdbc:mysql://127.0.0.1:3306/project?serverTimezone=Asia/Seoul
insert into item (name,price,quantity,dtype,item_id) values (?,?,?,'Book',?)
insert into item (name,price,quantity,dtype,item_id) values ('i',39,39,'Book',39);
2024-04-29T19:41:37.839+09:00 DEBUG 58944 --- [project] [    Test worker] org.hibernate.SQL                        : 
    insert 
    into
        book
        (author, isbn, item_id) 
    values
        (?, ?, ?)
Hibernate: 
    insert 
    into
        book
        (author, isbn, item_id) 
    values
        (?, ?, ?)
2024-04-29T19:41:37.840+09:00  INFO 58944 --- [project] [    Test worker] p6spy                                    : #1714387297840 | took 0ms | statement | connection 6| url jdbc:mysql://127.0.0.1:3306/project?serverTimezone=Asia/Seoul
insert into book (author,isbn,item_id) values (?,?,?)
insert into book (author,isbn,item_id) values ('i','i',39);
2024-04-29T19:41:37.841+09:00 DEBUG 58944 --- [project] [    Test worker] org.hibernate.SQL                        : 
    insert 
    into
        upload_file
        (item_id, store_file_name, upload_file_name, file_id) 
    values
        (?, ?, ?, ?)
Hibernate: 
    insert 
    into
        upload_file
        (item_id, store_file_name, upload_file_name, file_id) 
    values
        (?, ?, ?, ?)
2024-04-29T19:41:37.842+09:00  INFO 58944 --- [project] [    Test worker] p6spy                                    : #1714387297842 | took 0ms | statement | connection 6| url jdbc:mysql://127.0.0.1:3306/project?serverTimezone=Asia/Seoul
insert into upload_file (item_id,store_file_name,upload_file_name,file_id) values (?,?,?,?)
insert into upload_file (item_id,store_file_name,upload_file_name,file_id) values (39,'java.io.StringReader@1215982f','java.io.StringReader@233202aa',39);
2024-04-29T19:41:37.842+09:00 DEBUG 58944 --- [project] [    Test worker] org.hibernate.SQL                        : 
    insert 
    into
        item
        (name, price, quantity, dtype, item_id) 
    values
        (?, ?, ?, 'Book', ?)
Hibernate: 
    insert 
    into
        item
        (name, price, quantity, dtype, item_id) 
    values
        (?, ?, ?, 'Book', ?)
2024-04-29T19:41:37.843+09:00  INFO 58944 --- [project] [    Test worker] p6spy                                    : #1714387297843 | took 0ms | statement | connection 6| url jdbc:mysql://127.0.0.1:3306/project?serverTimezone=Asia/Seoul
insert into item (name,price,quantity,dtype,item_id) values (?,?,?,'Book',?)
insert into item (name,price,quantity,dtype,item_id) values ('i',40,40,'Book',40);
2024-04-29T19:41:37.843+09:00 DEBUG 58944 --- [project] [    Test worker] org.hibernate.SQL                        : 
    insert 
    into
        book
        (author, isbn, item_id) 
    values
        (?, ?, ?)
Hibernate: 
    insert 
    into
        book
        (author, isbn, item_id) 
    values
        (?, ?, ?)
2024-04-29T19:41:37.844+09:00  INFO 58944 --- [project] [    Test worker] p6spy                                    : #1714387297844 | took 0ms | statement | connection 6| url jdbc:mysql://127.0.0.1:3306/project?serverTimezone=Asia/Seoul
insert into book (author,isbn,item_id) values (?,?,?)
insert into book (author,isbn,item_id) values ('i','i',40);
2024-04-29T19:41:37.844+09:00 DEBUG 58944 --- [project] [    Test worker] org.hibernate.SQL                        : 
    insert 
    into
        upload_file
        (item_id, store_file_name, upload_file_name, file_id) 
    values
        (?, ?, ?, ?)
Hibernate: 
    insert 
    into
        upload_file
        (item_id, store_file_name, upload_file_name, file_id) 
    values
        (?, ?, ?, ?)
2024-04-29T19:41:37.845+09:00  INFO 58944 --- [project] [    Test worker] p6spy                                    : #1714387297845 | took 0ms | statement | connection 6| url jdbc:mysql://127.0.0.1:3306/project?serverTimezone=Asia/Seoul
insert into upload_file (item_id,store_file_name,upload_file_name,file_id) values (?,?,?,?)
insert into upload_file (item_id,store_file_name,upload_file_name,file_id) values (40,'java.io.StringReader@7953a656','java.io.StringReader@60f6c148',40);
2024-04-29T19:41:37.846+09:00 DEBUG 58944 --- [project] [    Test worker] org.hibernate.SQL                        : 
    insert 
    into
        item
        (name, price, quantity, dtype, item_id) 
    values
        (?, ?, ?, 'Book', ?)
Hibernate: 
    insert 
    into
        item
        (name, price, quantity, dtype, item_id) 
    values
        (?, ?, ?, 'Book', ?)
2024-04-29T19:41:37.846+09:00  INFO 58944 --- [project] [    Test worker] p6spy                                    : #1714387297846 | took 0ms | statement | connection 6| url jdbc:mysql://127.0.0.1:3306/project?serverTimezone=Asia/Seoul
insert into item (name,price,quantity,dtype,item_id) values (?,?,?,'Book',?)
insert into item (name,price,quantity,dtype,item_id) values ('i',41,41,'Book',41);
2024-04-29T19:41:37.846+09:00 DEBUG 58944 --- [project] [    Test worker] org.hibernate.SQL                        : 
    insert 
    into
        book
        (author, isbn, item_id) 
    values
        (?, ?, ?)
Hibernate: 
    insert 
    into
        book
        (author, isbn, item_id) 
    values
        (?, ?, ?)
2024-04-29T19:41:37.851+09:00  INFO 58944 --- [project] [    Test worker] p6spy                                    : #1714387297851 | took 1ms | statement | connection 6| url jdbc:mysql://127.0.0.1:3306/project?serverTimezone=Asia/Seoul
insert into book (author,isbn,item_id) values (?,?,?)
insert into book (author,isbn,item_id) values ('i','i',41);
2024-04-29T19:41:37.851+09:00 DEBUG 58944 --- [project] [    Test worker] org.hibernate.SQL                        : 
    insert 
    into
        upload_file
        (item_id, store_file_name, upload_file_name, file_id) 
    values
        (?, ?, ?, ?)
Hibernate: 
    insert 
    into
        upload_file
        (item_id, store_file_name, upload_file_name, file_id) 
    values
        (?, ?, ?, ?)
2024-04-29T19:41:37.854+09:00  INFO 58944 --- [project] [    Test worker] p6spy                                    : #1714387297854 | took 1ms | statement | connection 6| url jdbc:mysql://127.0.0.1:3306/project?serverTimezone=Asia/Seoul
insert into upload_file (item_id,store_file_name,upload_file_name,file_id) values (?,?,?,?)
insert into upload_file (item_id,store_file_name,upload_file_name,file_id) values (41,'java.io.StringReader@3b3639f9','java.io.StringReader@66ee4640',41);
2024-04-29T19:41:37.854+09:00 DEBUG 58944 --- [project] [    Test worker] org.hibernate.SQL                        : 
    insert 
    into
        item
        (name, price, quantity, dtype, item_id) 
    values
        (?, ?, ?, 'Book', ?)
Hibernate: 
    insert 
    into
        item
        (name, price, quantity, dtype, item_id) 
    values
        (?, ?, ?, 'Book', ?)
2024-04-29T19:41:37.856+09:00  INFO 58944 --- [project] [    Test worker] p6spy                                    : #1714387297856 | took 1ms | statement | connection 6| url jdbc:mysql://127.0.0.1:3306/project?serverTimezone=Asia/Seoul
insert into item (name,price,quantity,dtype,item_id) values (?,?,?,'Book',?)
insert into item (name,price,quantity,dtype,item_id) values ('i',42,42,'Book',42);
2024-04-29T19:41:37.857+09:00 DEBUG 58944 --- [project] [    Test worker] org.hibernate.SQL                        : 
    insert 
    into
        book
        (author, isbn, item_id) 
    values
        (?, ?, ?)
Hibernate: 
    insert 
    into
        book
        (author, isbn, item_id) 
    values
        (?, ?, ?)
2024-04-29T19:41:37.858+09:00  INFO 58944 --- [project] [    Test worker] p6spy                                    : #1714387297858 | took 0ms | statement | connection 6| url jdbc:mysql://127.0.0.1:3306/project?serverTimezone=Asia/Seoul
insert into book (author,isbn,item_id) values (?,?,?)
insert into book (author,isbn,item_id) values ('i','i',42);
2024-04-29T19:41:37.858+09:00 DEBUG 58944 --- [project] [    Test worker] org.hibernate.SQL                        : 
    insert 
    into
        upload_file
        (item_id, store_file_name, upload_file_name, file_id) 
    values
        (?, ?, ?, ?)
Hibernate: 
    insert 
    into
        upload_file
        (item_id, store_file_name, upload_file_name, file_id) 
    values
        (?, ?, ?, ?)
2024-04-29T19:41:37.864+09:00  INFO 58944 --- [project] [    Test worker] p6spy                                    : #1714387297864 | took 0ms | statement | connection 6| url jdbc:mysql://127.0.0.1:3306/project?serverTimezone=Asia/Seoul
insert into upload_file (item_id,store_file_name,upload_file_name,file_id) values (?,?,?,?)
insert into upload_file (item_id,store_file_name,upload_file_name,file_id) values (42,'java.io.StringReader@6466e599','java.io.StringReader@721384e0',42);
2024-04-29T19:41:37.865+09:00 DEBUG 58944 --- [project] [    Test worker] org.hibernate.SQL                        : 
    insert 
    into
        item
        (name, price, quantity, dtype, item_id) 
    values
        (?, ?, ?, 'Book', ?)
Hibernate: 
    insert 
    into
        item
        (name, price, quantity, dtype, item_id) 
    values
        (?, ?, ?, 'Book', ?)
2024-04-29T19:41:37.866+09:00  INFO 58944 --- [project] [    Test worker] p6spy                                    : #1714387297866 | took 0ms | statement | connection 6| url jdbc:mysql://127.0.0.1:3306/project?serverTimezone=Asia/Seoul
insert into item (name,price,quantity,dtype,item_id) values (?,?,?,'Book',?)
insert into item (name,price,quantity,dtype,item_id) values ('i',43,43,'Book',43);
2024-04-29T19:41:37.866+09:00 DEBUG 58944 --- [project] [    Test worker] org.hibernate.SQL                        : 
    insert 
    into
        book
        (author, isbn, item_id) 
    values
        (?, ?, ?)
Hibernate: 
    insert 
    into
        book
        (author, isbn, item_id) 
    values
        (?, ?, ?)
2024-04-29T19:41:37.867+09:00  INFO 58944 --- [project] [    Test worker] p6spy                                    : #1714387297867 | took 0ms | statement | connection 6| url jdbc:mysql://127.0.0.1:3306/project?serverTimezone=Asia/Seoul
insert into book (author,isbn,item_id) values (?,?,?)
insert into book (author,isbn,item_id) values ('i','i',43);
2024-04-29T19:41:37.867+09:00 DEBUG 58944 --- [project] [    Test worker] org.hibernate.SQL                        : 
    insert 
    into
        upload_file
        (item_id, store_file_name, upload_file_name, file_id) 
    values
        (?, ?, ?, ?)
Hibernate: 
    insert 
    into
        upload_file
        (item_id, store_file_name, upload_file_name, file_id) 
    values
        (?, ?, ?, ?)
2024-04-29T19:41:37.868+09:00  INFO 58944 --- [project] [    Test worker] p6spy                                    : #1714387297868 | took 0ms | statement | connection 6| url jdbc:mysql://127.0.0.1:3306/project?serverTimezone=Asia/Seoul
insert into upload_file (item_id,store_file_name,upload_file_name,file_id) values (?,?,?,?)
insert into upload_file (item_id,store_file_name,upload_file_name,file_id) values (43,'java.io.StringReader@50aa5826','java.io.StringReader@1a26eecb',43);
2024-04-29T19:41:37.868+09:00 DEBUG 58944 --- [project] [    Test worker] org.hibernate.SQL                        : 
    insert 
    into
        item
        (name, price, quantity, dtype, item_id) 
    values
        (?, ?, ?, 'Book', ?)
Hibernate: 
    insert 
    into
        item
        (name, price, quantity, dtype, item_id) 
    values
        (?, ?, ?, 'Book', ?)
2024-04-29T19:41:37.869+09:00  INFO 58944 --- [project] [    Test worker] p6spy                                    : #1714387297869 | took 0ms | statement | connection 6| url jdbc:mysql://127.0.0.1:3306/project?serverTimezone=Asia/Seoul
insert into item (name,price,quantity,dtype,item_id) values (?,?,?,'Book',?)
insert into item (name,price,quantity,dtype,item_id) values ('i',44,44,'Book',44);
2024-04-29T19:41:37.869+09:00 DEBUG 58944 --- [project] [    Test worker] org.hibernate.SQL                        : 
    insert 
    into
        book
        (author, isbn, item_id) 
    values
        (?, ?, ?)
Hibernate: 
    insert 
    into
        book
        (author, isbn, item_id) 
    values
        (?, ?, ?)
2024-04-29T19:41:37.870+09:00  INFO 58944 --- [project] [    Test worker] p6spy                                    : #1714387297870 | took 0ms | statement | connection 6| url jdbc:mysql://127.0.0.1:3306/project?serverTimezone=Asia/Seoul
insert into book (author,isbn,item_id) values (?,?,?)
insert into book (author,isbn,item_id) values ('i','i',44);
2024-04-29T19:41:37.874+09:00 DEBUG 58944 --- [project] [    Test worker] org.hibernate.SQL                        : 
    insert 
    into
        upload_file
        (item_id, store_file_name, upload_file_name, file_id) 
    values
        (?, ?, ?, ?)
Hibernate: 
    insert 
    into
        upload_file
        (item_id, store_file_name, upload_file_name, file_id) 
    values
        (?, ?, ?, ?)
2024-04-29T19:41:37.876+09:00  INFO 58944 --- [project] [    Test worker] p6spy                                    : #1714387297876 | took 1ms | statement | connection 6| url jdbc:mysql://127.0.0.1:3306/project?serverTimezone=Asia/Seoul
insert into upload_file (item_id,store_file_name,upload_file_name,file_id) values (?,?,?,?)
insert into upload_file (item_id,store_file_name,upload_file_name,file_id) values (44,'java.io.StringReader@5ed52389','java.io.StringReader@59960ae9',44);
2024-04-29T19:41:37.877+09:00 DEBUG 58944 --- [project] [    Test worker] org.hibernate.SQL                        : 
    insert 
    into
        item
        (name, price, quantity, dtype, item_id) 
    values
        (?, ?, ?, 'Book', ?)
Hibernate: 
    insert 
    into
        item
        (name, price, quantity, dtype, item_id) 
    values
        (?, ?, ?, 'Book', ?)
2024-04-29T19:41:37.879+09:00  INFO 58944 --- [project] [    Test worker] p6spy                                    : #1714387297879 | took 0ms | statement | connection 6| url jdbc:mysql://127.0.0.1:3306/project?serverTimezone=Asia/Seoul
insert into item (name,price,quantity,dtype,item_id) values (?,?,?,'Book',?)
insert into item (name,price,quantity,dtype,item_id) values ('i',45,45,'Book',45);
2024-04-29T19:41:37.879+09:00 DEBUG 58944 --- [project] [    Test worker] org.hibernate.SQL                        : 
    insert 
    into
        book
        (author, isbn, item_id) 
    values
        (?, ?, ?)
Hibernate: 
    insert 
    into
        book
        (author, isbn, item_id) 
    values
        (?, ?, ?)
2024-04-29T19:41:37.879+09:00  INFO 58944 --- [project] [    Test worker] p6spy                                    : #1714387297879 | took 0ms | statement | connection 6| url jdbc:mysql://127.0.0.1:3306/project?serverTimezone=Asia/Seoul
insert into book (author,isbn,item_id) values (?,?,?)
insert into book (author,isbn,item_id) values ('i','i',45);
2024-04-29T19:41:37.880+09:00 DEBUG 58944 --- [project] [    Test worker] org.hibernate.SQL                        : 
    insert 
    into
        upload_file
        (item_id, store_file_name, upload_file_name, file_id) 
    values
        (?, ?, ?, ?)
Hibernate: 
    insert 
    into
        upload_file
        (item_id, store_file_name, upload_file_name, file_id) 
    values
        (?, ?, ?, ?)
2024-04-29T19:41:37.880+09:00  INFO 58944 --- [project] [    Test worker] p6spy                                    : #1714387297880 | took 0ms | statement | connection 6| url jdbc:mysql://127.0.0.1:3306/project?serverTimezone=Asia/Seoul
insert into upload_file (item_id,store_file_name,upload_file_name,file_id) values (?,?,?,?)
insert into upload_file (item_id,store_file_name,upload_file_name,file_id) values (45,'java.io.StringReader@4095ebff','java.io.StringReader@2b2f8cf',45);
2024-04-29T19:41:37.881+09:00 DEBUG 58944 --- [project] [    Test worker] org.hibernate.SQL                        : 
    insert 
    into
        item
        (name, price, quantity, dtype, item_id) 
    values
        (?, ?, ?, 'Book', ?)
Hibernate: 
    insert 
    into
        item
        (name, price, quantity, dtype, item_id) 
    values
        (?, ?, ?, 'Book', ?)
2024-04-29T19:41:37.883+09:00  INFO 58944 --- [project] [    Test worker] p6spy                                    : #1714387297883 | took 0ms | statement | connection 6| url jdbc:mysql://127.0.0.1:3306/project?serverTimezone=Asia/Seoul
insert into item (name,price,quantity,dtype,item_id) values (?,?,?,'Book',?)
insert into item (name,price,quantity,dtype,item_id) values ('i',46,46,'Book',46);
2024-04-29T19:41:37.883+09:00 DEBUG 58944 --- [project] [    Test worker] org.hibernate.SQL                        : 
    insert 
    into
        book
        (author, isbn, item_id) 
    values
        (?, ?, ?)
Hibernate: 
    insert 
    into
        book
        (author, isbn, item_id) 
    values
        (?, ?, ?)
2024-04-29T19:41:37.884+09:00  INFO 58944 --- [project] [    Test worker] p6spy                                    : #1714387297884 | took 0ms | statement | connection 6| url jdbc:mysql://127.0.0.1:3306/project?serverTimezone=Asia/Seoul
insert into book (author,isbn,item_id) values (?,?,?)
insert into book (author,isbn,item_id) values ('i','i',46);
2024-04-29T19:41:37.885+09:00 DEBUG 58944 --- [project] [    Test worker] org.hibernate.SQL                        : 
    insert 
    into
        upload_file
        (item_id, store_file_name, upload_file_name, file_id) 
    values
        (?, ?, ?, ?)
Hibernate: 
    insert 
    into
        upload_file
        (item_id, store_file_name, upload_file_name, file_id) 
    values
        (?, ?, ?, ?)
2024-04-29T19:41:37.886+09:00  INFO 58944 --- [project] [    Test worker] p6spy                                    : #1714387297886 | took 0ms | statement | connection 6| url jdbc:mysql://127.0.0.1:3306/project?serverTimezone=Asia/Seoul
insert into upload_file (item_id,store_file_name,upload_file_name,file_id) values (?,?,?,?)
insert into upload_file (item_id,store_file_name,upload_file_name,file_id) values (46,'java.io.StringReader@26a2106e','java.io.StringReader@2c75b0c8',46);
2024-04-29T19:41:37.887+09:00 DEBUG 58944 --- [project] [    Test worker] org.hibernate.SQL                        : 
    insert 
    into
        item
        (name, price, quantity, dtype, item_id) 
    values
        (?, ?, ?, 'Book', ?)
Hibernate: 
    insert 
    into
        item
        (name, price, quantity, dtype, item_id) 
    values
        (?, ?, ?, 'Book', ?)
2024-04-29T19:41:37.888+09:00  INFO 58944 --- [project] [    Test worker] p6spy                                    : #1714387297888 | took 0ms | statement | connection 6| url jdbc:mysql://127.0.0.1:3306/project?serverTimezone=Asia/Seoul
insert into item (name,price,quantity,dtype,item_id) values (?,?,?,'Book',?)
insert into item (name,price,quantity,dtype,item_id) values ('i',47,47,'Book',47);
2024-04-29T19:41:37.888+09:00 DEBUG 58944 --- [project] [    Test worker] org.hibernate.SQL                        : 
    insert 
    into
        book
        (author, isbn, item_id) 
    values
        (?, ?, ?)
Hibernate: 
    insert 
    into
        book
        (author, isbn, item_id) 
    values
        (?, ?, ?)
2024-04-29T19:41:37.888+09:00  INFO 58944 --- [project] [    Test worker] p6spy                                    : #1714387297888 | took 0ms | statement | connection 6| url jdbc:mysql://127.0.0.1:3306/project?serverTimezone=Asia/Seoul
insert into book (author,isbn,item_id) values (?,?,?)
insert into book (author,isbn,item_id) values ('i','i',47);
2024-04-29T19:41:37.889+09:00 DEBUG 58944 --- [project] [    Test worker] org.hibernate.SQL                        : 
    insert 
    into
        upload_file
        (item_id, store_file_name, upload_file_name, file_id) 
    values
        (?, ?, ?, ?)
Hibernate: 
    insert 
    into
        upload_file
        (item_id, store_file_name, upload_file_name, file_id) 
    values
        (?, ?, ?, ?)
2024-04-29T19:41:37.891+09:00  INFO 58944 --- [project] [    Test worker] p6spy                                    : #1714387297891 | took 0ms | statement | connection 6| url jdbc:mysql://127.0.0.1:3306/project?serverTimezone=Asia/Seoul
insert into upload_file (item_id,store_file_name,upload_file_name,file_id) values (?,?,?,?)
insert into upload_file (item_id,store_file_name,upload_file_name,file_id) values (47,'java.io.StringReader@2c8174ce','java.io.StringReader@4e881e14',47);
2024-04-29T19:41:37.891+09:00 DEBUG 58944 --- [project] [    Test worker] org.hibernate.SQL                        : 
    insert 
    into
        item
        (name, price, quantity, dtype, item_id) 
    values
        (?, ?, ?, 'Book', ?)
Hibernate: 
    insert 
    into
        item
        (name, price, quantity, dtype, item_id) 
    values
        (?, ?, ?, 'Book', ?)
2024-04-29T19:41:37.892+09:00  INFO 58944 --- [project] [    Test worker] p6spy                                    : #1714387297892 | took 0ms | statement | connection 6| url jdbc:mysql://127.0.0.1:3306/project?serverTimezone=Asia/Seoul
insert into item (name,price,quantity,dtype,item_id) values (?,?,?,'Book',?)
insert into item (name,price,quantity,dtype,item_id) values ('i',48,48,'Book',48);
2024-04-29T19:41:37.893+09:00 DEBUG 58944 --- [project] [    Test worker] org.hibernate.SQL                        : 
    insert 
    into
        book
        (author, isbn, item_id) 
    values
        (?, ?, ?)
Hibernate: 
    insert 
    into
        book
        (author, isbn, item_id) 
    values
        (?, ?, ?)
2024-04-29T19:41:37.894+09:00  INFO 58944 --- [project] [    Test worker] p6spy                                    : #1714387297894 | took 0ms | statement | connection 6| url jdbc:mysql://127.0.0.1:3306/project?serverTimezone=Asia/Seoul
insert into book (author,isbn,item_id) values (?,?,?)
insert into book (author,isbn,item_id) values ('i','i',48);
2024-04-29T19:41:37.894+09:00 DEBUG 58944 --- [project] [    Test worker] org.hibernate.SQL                        : 
    insert 
    into
        upload_file
        (item_id, store_file_name, upload_file_name, file_id) 
    values
        (?, ?, ?, ?)
Hibernate: 
    insert 
    into
        upload_file
        (item_id, store_file_name, upload_file_name, file_id) 
    values
        (?, ?, ?, ?)
2024-04-29T19:41:37.895+09:00  INFO 58944 --- [project] [    Test worker] p6spy                                    : #1714387297895 | took 0ms | statement | connection 6| url jdbc:mysql://127.0.0.1:3306/project?serverTimezone=Asia/Seoul
insert into upload_file (item_id,store_file_name,upload_file_name,file_id) values (?,?,?,?)
insert into upload_file (item_id,store_file_name,upload_file_name,file_id) values (48,'java.io.StringReader@4f06006d','java.io.StringReader@64514009',48);
2024-04-29T19:41:37.896+09:00 DEBUG 58944 --- [project] [    Test worker] org.hibernate.SQL                        : 
    insert 
    into
        item
        (name, price, quantity, dtype, item_id) 
    values
        (?, ?, ?, 'Book', ?)
Hibernate: 
    insert 
    into
        item
        (name, price, quantity, dtype, item_id) 
    values
        (?, ?, ?, 'Book', ?)
2024-04-29T19:41:37.897+09:00  INFO 58944 --- [project] [    Test worker] p6spy                                    : #1714387297897 | took 0ms | statement | connection 6| url jdbc:mysql://127.0.0.1:3306/project?serverTimezone=Asia/Seoul
insert into item (name,price,quantity,dtype,item_id) values (?,?,?,'Book',?)
insert into item (name,price,quantity,dtype,item_id) values ('i',49,49,'Book',49);
2024-04-29T19:41:37.897+09:00 DEBUG 58944 --- [project] [    Test worker] org.hibernate.SQL                        : 
    insert 
    into
        book
        (author, isbn, item_id) 
    values
        (?, ?, ?)
Hibernate: 
    insert 
    into
        book
        (author, isbn, item_id) 
    values
        (?, ?, ?)
2024-04-29T19:41:37.898+09:00  INFO 58944 --- [project] [    Test worker] p6spy                                    : #1714387297898 | took 0ms | statement | connection 6| url jdbc:mysql://127.0.0.1:3306/project?serverTimezone=Asia/Seoul
insert into book (author,isbn,item_id) values (?,?,?)
insert into book (author,isbn,item_id) values ('i','i',49);
2024-04-29T19:41:37.898+09:00 DEBUG 58944 --- [project] [    Test worker] org.hibernate.SQL                        : 
    insert 
    into
        upload_file
        (item_id, store_file_name, upload_file_name, file_id) 
    values
        (?, ?, ?, ?)
Hibernate: 
    insert 
    into
        upload_file
        (item_id, store_file_name, upload_file_name, file_id) 
    values
        (?, ?, ?, ?)
2024-04-29T19:41:37.900+09:00  INFO 58944 --- [project] [    Test worker] p6spy                                    : #1714387297900 | took 1ms | statement | connection 6| url jdbc:mysql://127.0.0.1:3306/project?serverTimezone=Asia/Seoul
insert into upload_file (item_id,store_file_name,upload_file_name,file_id) values (?,?,?,?)
insert into upload_file (item_id,store_file_name,upload_file_name,file_id) values (49,'java.io.StringReader@5c5cd332','java.io.StringReader@60232aad',49);
2024-04-29T19:41:37.901+09:00 DEBUG 58944 --- [project] [    Test worker] org.hibernate.SQL                        : 
    insert 
    into
        item
        (name, price, quantity, dtype, item_id) 
    values
        (?, ?, ?, 'Book', ?)
Hibernate: 
    insert 
    into
        item
        (name, price, quantity, dtype, item_id) 
    values
        (?, ?, ?, 'Book', ?)
2024-04-29T19:41:37.902+09:00  INFO 58944 --- [project] [    Test worker] p6spy                                    : #1714387297902 | took 0ms | statement | connection 6| url jdbc:mysql://127.0.0.1:3306/project?serverTimezone=Asia/Seoul
insert into item (name,price,quantity,dtype,item_id) values (?,?,?,'Book',?)
insert into item (name,price,quantity,dtype,item_id) values ('i',50,50,'Book',50);
2024-04-29T19:41:37.902+09:00 DEBUG 58944 --- [project] [    Test worker] org.hibernate.SQL                        : 
    insert 
    into
        book
        (author, isbn, item_id) 
    values
        (?, ?, ?)
Hibernate: 
    insert 
    into
        book
        (author, isbn, item_id) 
    values
        (?, ?, ?)
2024-04-29T19:41:37.902+09:00  INFO 58944 --- [project] [    Test worker] p6spy                                    : #1714387297902 | took 0ms | statement | connection 6| url jdbc:mysql://127.0.0.1:3306/project?serverTimezone=Asia/Seoul
insert into book (author,isbn,item_id) values (?,?,?)
insert into book (author,isbn,item_id) values ('i','i',50);
2024-04-29T19:41:37.903+09:00 DEBUG 58944 --- [project] [    Test worker] org.hibernate.SQL                        : 
    insert 
    into
        upload_file
        (item_id, store_file_name, upload_file_name, file_id) 
    values
        (?, ?, ?, ?)
Hibernate: 
    insert 
    into
        upload_file
        (item_id, store_file_name, upload_file_name, file_id) 
    values
        (?, ?, ?, ?)
2024-04-29T19:41:37.904+09:00  INFO 58944 --- [project] [    Test worker] p6spy                                    : #1714387297904 | took 0ms | statement | connection 6| url jdbc:mysql://127.0.0.1:3306/project?serverTimezone=Asia/Seoul
insert into upload_file (item_id,store_file_name,upload_file_name,file_id) values (?,?,?,?)
insert into upload_file (item_id,store_file_name,upload_file_name,file_id) values (50,'java.io.StringReader@290964bd','java.io.StringReader@3411e0d7',50);
2024-04-29T19:41:37.905+09:00 DEBUG 58944 --- [project] [    Test worker] org.hibernate.SQL                        : 
    insert 
    into
        item
        (name, price, quantity, dtype, item_id) 
    values
        (?, ?, ?, 'Book', ?)
Hibernate: 
    insert 
    into
        item
        (name, price, quantity, dtype, item_id) 
    values
        (?, ?, ?, 'Book', ?)
2024-04-29T19:41:37.906+09:00  INFO 58944 --- [project] [    Test worker] p6spy                                    : #1714387297906 | took 0ms | statement | connection 6| url jdbc:mysql://127.0.0.1:3306/project?serverTimezone=Asia/Seoul
insert into item (name,price,quantity,dtype,item_id) values (?,?,?,'Book',?)
insert into item (name,price,quantity,dtype,item_id) values ('i',51,51,'Book',51);
2024-04-29T19:41:37.906+09:00 DEBUG 58944 --- [project] [    Test worker] org.hibernate.SQL                        : 
    insert 
    into
        book
        (author, isbn, item_id) 
    values
        (?, ?, ?)
Hibernate: 
    insert 
    into
        book
        (author, isbn, item_id) 
    values
        (?, ?, ?)
2024-04-29T19:41:37.906+09:00  INFO 58944 --- [project] [    Test worker] p6spy                                    : #1714387297906 | took 0ms | statement | connection 6| url jdbc:mysql://127.0.0.1:3306/project?serverTimezone=Asia/Seoul
insert into book (author,isbn,item_id) values (?,?,?)
insert into book (author,isbn,item_id) values ('i','i',51);
2024-04-29T19:41:37.907+09:00 DEBUG 58944 --- [project] [    Test worker] org.hibernate.SQL                        : 
    insert 
    into
        upload_file
        (item_id, store_file_name, upload_file_name, file_id) 
    values
        (?, ?, ?, ?)
Hibernate: 
    insert 
    into
        upload_file
        (item_id, store_file_name, upload_file_name, file_id) 
    values
        (?, ?, ?, ?)
2024-04-29T19:41:37.908+09:00  INFO 58944 --- [project] [    Test worker] p6spy                                    : #1714387297908 | took 0ms | statement | connection 6| url jdbc:mysql://127.0.0.1:3306/project?serverTimezone=Asia/Seoul
insert into upload_file (item_id,store_file_name,upload_file_name,file_id) values (?,?,?,?)
insert into upload_file (item_id,store_file_name,upload_file_name,file_id) values (51,'java.io.StringReader@61d87509','java.io.StringReader@4ae1ee85',51);
2024-04-29T19:41:37.909+09:00 DEBUG 58944 --- [project] [    Test worker] org.hibernate.SQL                        : 
    insert 
    into
        item
        (name, price, quantity, dtype, item_id) 
    values
        (?, ?, ?, 'Book', ?)
Hibernate: 
    insert 
    into
        item
        (name, price, quantity, dtype, item_id) 
    values
        (?, ?, ?, 'Book', ?)
2024-04-29T19:41:37.910+09:00  INFO 58944 --- [project] [    Test worker] p6spy                                    : #1714387297910 | took 0ms | statement | connection 6| url jdbc:mysql://127.0.0.1:3306/project?serverTimezone=Asia/Seoul
insert into item (name,price,quantity,dtype,item_id) values (?,?,?,'Book',?)
insert into item (name,price,quantity,dtype,item_id) values ('i',52,52,'Book',52);
2024-04-29T19:41:37.910+09:00 DEBUG 58944 --- [project] [    Test worker] org.hibernate.SQL                        : 
    insert 
    into
        book
        (author, isbn, item_id) 
    values
        (?, ?, ?)
Hibernate: 
    insert 
    into
        book
        (author, isbn, item_id) 
    values
        (?, ?, ?)
2024-04-29T19:41:37.913+09:00  INFO 58944 --- [project] [    Test worker] p6spy                                    : #1714387297913 | took 0ms | statement | connection 6| url jdbc:mysql://127.0.0.1:3306/project?serverTimezone=Asia/Seoul
insert into book (author,isbn,item_id) values (?,?,?)
insert into book (author,isbn,item_id) values ('i','i',52);
2024-04-29T19:41:37.914+09:00 DEBUG 58944 --- [project] [    Test worker] org.hibernate.SQL                        : 
    insert 
    into
        upload_file
        (item_id, store_file_name, upload_file_name, file_id) 
    values
        (?, ?, ?, ?)
Hibernate: 
    insert 
    into
        upload_file
        (item_id, store_file_name, upload_file_name, file_id) 
    values
        (?, ?, ?, ?)
2024-04-29T19:41:37.919+09:00  INFO 58944 --- [project] [    Test worker] p6spy                                    : #1714387297919 | took 0ms | statement | connection 6| url jdbc:mysql://127.0.0.1:3306/project?serverTimezone=Asia/Seoul
insert into upload_file (item_id,store_file_name,upload_file_name,file_id) values (?,?,?,?)
insert into upload_file (item_id,store_file_name,upload_file_name,file_id) values (52,'java.io.StringReader@34ceefb5','java.io.StringReader@461f295c',52);
2024-04-29T19:41:37.920+09:00 DEBUG 58944 --- [project] [    Test worker] org.hibernate.SQL                        : 
    insert 
    into
        item
        (name, price, quantity, dtype, item_id) 
    values
        (?, ?, ?, 'Book', ?)
Hibernate: 
    insert 
    into
        item
        (name, price, quantity, dtype, item_id) 
    values
        (?, ?, ?, 'Book', ?)
2024-04-29T19:41:37.921+09:00  INFO 58944 --- [project] [    Test worker] p6spy                                    : #1714387297921 | took 0ms | statement | connection 6| url jdbc:mysql://127.0.0.1:3306/project?serverTimezone=Asia/Seoul
insert into item (name,price,quantity,dtype,item_id) values (?,?,?,'Book',?)
insert into item (name,price,quantity,dtype,item_id) values ('i',53,53,'Book',53);
2024-04-29T19:41:37.922+09:00 DEBUG 58944 --- [project] [    Test worker] org.hibernate.SQL                        : 
    insert 
    into
        book
        (author, isbn, item_id) 
    values
        (?, ?, ?)
Hibernate: 
    insert 
    into
        book
        (author, isbn, item_id) 
    values
        (?, ?, ?)
2024-04-29T19:41:37.922+09:00  INFO 58944 --- [project] [    Test worker] p6spy                                    : #1714387297922 | took 0ms | statement | connection 6| url jdbc:mysql://127.0.0.1:3306/project?serverTimezone=Asia/Seoul
insert into book (author,isbn,item_id) values (?,?,?)
insert into book (author,isbn,item_id) values ('i','i',53);
2024-04-29T19:41:37.923+09:00 DEBUG 58944 --- [project] [    Test worker] org.hibernate.SQL                        : 
    insert 
    into
        upload_file
        (item_id, store_file_name, upload_file_name, file_id) 
    values
        (?, ?, ?, ?)
Hibernate: 
    insert 
    into
        upload_file
        (item_id, store_file_name, upload_file_name, file_id) 
    values
        (?, ?, ?, ?)
2024-04-29T19:41:37.925+09:00  INFO 58944 --- [project] [    Test worker] p6spy                                    : #1714387297925 | took 0ms | statement | connection 6| url jdbc:mysql://127.0.0.1:3306/project?serverTimezone=Asia/Seoul
insert into upload_file (item_id,store_file_name,upload_file_name,file_id) values (?,?,?,?)
insert into upload_file (item_id,store_file_name,upload_file_name,file_id) values (53,'java.io.StringReader@8802edd','java.io.StringReader@50fd4246',53);
2024-04-29T19:41:37.925+09:00 DEBUG 58944 --- [project] [    Test worker] org.hibernate.SQL                        : 
    insert 
    into
        item
        (name, price, quantity, dtype, item_id) 
    values
        (?, ?, ?, 'Book', ?)
Hibernate: 
    insert 
    into
        item
        (name, price, quantity, dtype, item_id) 
    values
        (?, ?, ?, 'Book', ?)
2024-04-29T19:41:37.926+09:00  INFO 58944 --- [project] [    Test worker] p6spy                                    : #1714387297926 | took 0ms | statement | connection 6| url jdbc:mysql://127.0.0.1:3306/project?serverTimezone=Asia/Seoul
insert into item (name,price,quantity,dtype,item_id) values (?,?,?,'Book',?)
insert into item (name,price,quantity,dtype,item_id) values ('i',54,54,'Book',54);
2024-04-29T19:41:37.926+09:00 DEBUG 58944 --- [project] [    Test worker] org.hibernate.SQL                        : 
    insert 
    into
        book
        (author, isbn, item_id) 
    values
        (?, ?, ?)
Hibernate: 
    insert 
    into
        book
        (author, isbn, item_id) 
    values
        (?, ?, ?)
2024-04-29T19:41:37.926+09:00  INFO 58944 --- [project] [    Test worker] p6spy                                    : #1714387297926 | took 0ms | statement | connection 6| url jdbc:mysql://127.0.0.1:3306/project?serverTimezone=Asia/Seoul
insert into book (author,isbn,item_id) values (?,?,?)
insert into book (author,isbn,item_id) values ('i','i',54);
2024-04-29T19:41:37.927+09:00 DEBUG 58944 --- [project] [    Test worker] org.hibernate.SQL                        : 
    insert 
    into
        upload_file
        (item_id, store_file_name, upload_file_name, file_id) 
    values
        (?, ?, ?, ?)
Hibernate: 
    insert 
    into
        upload_file
        (item_id, store_file_name, upload_file_name, file_id) 
    values
        (?, ?, ?, ?)
2024-04-29T19:41:37.932+09:00  INFO 58944 --- [project] [    Test worker] p6spy                                    : #1714387297932 | took 4ms | statement | connection 6| url jdbc:mysql://127.0.0.1:3306/project?serverTimezone=Asia/Seoul
insert into upload_file (item_id,store_file_name,upload_file_name,file_id) values (?,?,?,?)
insert into upload_file (item_id,store_file_name,upload_file_name,file_id) values (54,'java.io.StringReader@5f7e2ca8','java.io.StringReader@1d07fb2',54);
2024-04-29T19:41:37.934+09:00 DEBUG 58944 --- [project] [    Test worker] org.hibernate.SQL                        : 
    insert 
    into
        item
        (name, price, quantity, dtype, item_id) 
    values
        (?, ?, ?, 'Book', ?)
Hibernate: 
    insert 
    into
        item
        (name, price, quantity, dtype, item_id) 
    values
        (?, ?, ?, 'Book', ?)
2024-04-29T19:41:37.938+09:00  INFO 58944 --- [project] [    Test worker] p6spy                                    : #1714387297938 | took 0ms | statement | connection 6| url jdbc:mysql://127.0.0.1:3306/project?serverTimezone=Asia/Seoul
insert into item (name,price,quantity,dtype,item_id) values (?,?,?,'Book',?)
insert into item (name,price,quantity,dtype,item_id) values ('i',55,55,'Book',55);
2024-04-29T19:41:37.938+09:00 DEBUG 58944 --- [project] [    Test worker] org.hibernate.SQL                        : 
    insert 
    into
        book
        (author, isbn, item_id) 
    values
        (?, ?, ?)
Hibernate: 
    insert 
    into
        book
        (author, isbn, item_id) 
    values
        (?, ?, ?)
2024-04-29T19:41:37.939+09:00  INFO 58944 --- [project] [    Test worker] p6spy                                    : #1714387297939 | took 0ms | statement | connection 6| url jdbc:mysql://127.0.0.1:3306/project?serverTimezone=Asia/Seoul
insert into book (author,isbn,item_id) values (?,?,?)
insert into book (author,isbn,item_id) values ('i','i',55);
2024-04-29T19:41:37.940+09:00 DEBUG 58944 --- [project] [    Test worker] org.hibernate.SQL                        : 
    insert 
    into
        upload_file
        (item_id, store_file_name, upload_file_name, file_id) 
    values
        (?, ?, ?, ?)
Hibernate: 
    insert 
    into
        upload_file
        (item_id, store_file_name, upload_file_name, file_id) 
    values
        (?, ?, ?, ?)
2024-04-29T19:41:37.940+09:00  INFO 58944 --- [project] [    Test worker] p6spy                                    : #1714387297940 | took 0ms | statement | connection 6| url jdbc:mysql://127.0.0.1:3306/project?serverTimezone=Asia/Seoul
insert into upload_file (item_id,store_file_name,upload_file_name,file_id) values (?,?,?,?)
insert into upload_file (item_id,store_file_name,upload_file_name,file_id) values (55,'java.io.StringReader@8dcc25','java.io.StringReader@2693b289',55);
2024-04-29T19:41:37.941+09:00 DEBUG 58944 --- [project] [    Test worker] org.hibernate.SQL                        : 
    insert 
    into
        item
        (name, price, quantity, dtype, item_id) 
    values
        (?, ?, ?, 'Book', ?)
Hibernate: 
    insert 
    into
        item
        (name, price, quantity, dtype, item_id) 
    values
        (?, ?, ?, 'Book', ?)
2024-04-29T19:41:37.956+09:00  INFO 58944 --- [project] [    Test worker] p6spy                                    : #1714387297956 | took 2ms | statement | connection 6| url jdbc:mysql://127.0.0.1:3306/project?serverTimezone=Asia/Seoul
insert into item (name,price,quantity,dtype,item_id) values (?,?,?,'Book',?)
insert into item (name,price,quantity,dtype,item_id) values ('i',56,56,'Book',56);
2024-04-29T19:41:37.958+09:00 DEBUG 58944 --- [project] [    Test worker] org.hibernate.SQL                        : 
    insert 
    into
        book
        (author, isbn, item_id) 
    values
        (?, ?, ?)
Hibernate: 
    insert 
    into
        book
        (author, isbn, item_id) 
    values
        (?, ?, ?)
2024-04-29T19:41:37.958+09:00  INFO 58944 --- [project] [    Test worker] p6spy                                    : #1714387297958 | took 0ms | statement | connection 6| url jdbc:mysql://127.0.0.1:3306/project?serverTimezone=Asia/Seoul
insert into book (author,isbn,item_id) values (?,?,?)
insert into book (author,isbn,item_id) values ('i','i',56);
2024-04-29T19:41:37.960+09:00 DEBUG 58944 --- [project] [    Test worker] org.hibernate.SQL                        : 
    insert 
    into
        upload_file
        (item_id, store_file_name, upload_file_name, file_id) 
    values
        (?, ?, ?, ?)
Hibernate: 
    insert 
    into
        upload_file
        (item_id, store_file_name, upload_file_name, file_id) 
    values
        (?, ?, ?, ?)
2024-04-29T19:41:37.962+09:00  INFO 58944 --- [project] [    Test worker] p6spy                                    : #1714387297962 | took 0ms | statement | connection 6| url jdbc:mysql://127.0.0.1:3306/project?serverTimezone=Asia/Seoul
insert into upload_file (item_id,store_file_name,upload_file_name,file_id) values (?,?,?,?)
insert into upload_file (item_id,store_file_name,upload_file_name,file_id) values (56,'java.io.StringReader@232e4e1d','java.io.StringReader@988eae9',56);
2024-04-29T19:41:37.962+09:00 DEBUG 58944 --- [project] [    Test worker] org.hibernate.SQL                        : 
    insert 
    into
        item
        (name, price, quantity, dtype, item_id) 
    values
        (?, ?, ?, 'Book', ?)
Hibernate: 
    insert 
    into
        item
        (name, price, quantity, dtype, item_id) 
    values
        (?, ?, ?, 'Book', ?)
2024-04-29T19:41:37.963+09:00  INFO 58944 --- [project] [    Test worker] p6spy                                    : #1714387297963 | took 0ms | statement | connection 6| url jdbc:mysql://127.0.0.1:3306/project?serverTimezone=Asia/Seoul
insert into item (name,price,quantity,dtype,item_id) values (?,?,?,'Book',?)
insert into item (name,price,quantity,dtype,item_id) values ('i',57,57,'Book',57);
2024-04-29T19:41:37.963+09:00 DEBUG 58944 --- [project] [    Test worker] org.hibernate.SQL                        : 
    insert 
    into
        book
        (author, isbn, item_id) 
    values
        (?, ?, ?)
Hibernate: 
    insert 
    into
        book
        (author, isbn, item_id) 
    values
        (?, ?, ?)
2024-04-29T19:41:37.964+09:00  INFO 58944 --- [project] [    Test worker] p6spy                                    : #1714387297964 | took 0ms | statement | connection 6| url jdbc:mysql://127.0.0.1:3306/project?serverTimezone=Asia/Seoul
insert into book (author,isbn,item_id) values (?,?,?)
insert into book (author,isbn,item_id) values ('i','i',57);
2024-04-29T19:41:37.964+09:00 DEBUG 58944 --- [project] [    Test worker] org.hibernate.SQL                        : 
    insert 
    into
        upload_file
        (item_id, store_file_name, upload_file_name, file_id) 
    values
        (?, ?, ?, ?)
Hibernate: 
    insert 
    into
        upload_file
        (item_id, store_file_name, upload_file_name, file_id) 
    values
        (?, ?, ?, ?)
2024-04-29T19:41:37.965+09:00  INFO 58944 --- [project] [    Test worker] p6spy                                    : #1714387297965 | took 0ms | statement | connection 6| url jdbc:mysql://127.0.0.1:3306/project?serverTimezone=Asia/Seoul
insert into upload_file (item_id,store_file_name,upload_file_name,file_id) values (?,?,?,?)
insert into upload_file (item_id,store_file_name,upload_file_name,file_id) values (57,'java.io.StringReader@21e72fb2','java.io.StringReader@219a9b16',57);
2024-04-29T19:41:37.966+09:00 DEBUG 58944 --- [project] [    Test worker] org.hibernate.SQL                        : 
    insert 
    into
        item
        (name, price, quantity, dtype, item_id) 
    values
        (?, ?, ?, 'Book', ?)
Hibernate: 
    insert 
    into
        item
        (name, price, quantity, dtype, item_id) 
    values
        (?, ?, ?, 'Book', ?)
2024-04-29T19:41:37.967+09:00  INFO 58944 --- [project] [    Test worker] p6spy                                    : #1714387297967 | took 0ms | statement | connection 6| url jdbc:mysql://127.0.0.1:3306/project?serverTimezone=Asia/Seoul
insert into item (name,price,quantity,dtype,item_id) values (?,?,?,'Book',?)
insert into item (name,price,quantity,dtype,item_id) values ('i',58,58,'Book',58);
2024-04-29T19:41:37.967+09:00 DEBUG 58944 --- [project] [    Test worker] org.hibernate.SQL                        : 
    insert 
    into
        book
        (author, isbn, item_id) 
    values
        (?, ?, ?)
Hibernate: 
    insert 
    into
        book
        (author, isbn, item_id) 
    values
        (?, ?, ?)
2024-04-29T19:41:37.967+09:00  INFO 58944 --- [project] [    Test worker] p6spy                                    : #1714387297967 | took 0ms | statement | connection 6| url jdbc:mysql://127.0.0.1:3306/project?serverTimezone=Asia/Seoul
insert into book (author,isbn,item_id) values (?,?,?)
insert into book (author,isbn,item_id) values ('i','i',58);
2024-04-29T19:41:37.968+09:00 DEBUG 58944 --- [project] [    Test worker] org.hibernate.SQL                        : 
    insert 
    into
        upload_file
        (item_id, store_file_name, upload_file_name, file_id) 
    values
        (?, ?, ?, ?)
Hibernate: 
    insert 
    into
        upload_file
        (item_id, store_file_name, upload_file_name, file_id) 
    values
        (?, ?, ?, ?)
2024-04-29T19:41:37.969+09:00  INFO 58944 --- [project] [    Test worker] p6spy                                    : #1714387297969 | took 0ms | statement | connection 6| url jdbc:mysql://127.0.0.1:3306/project?serverTimezone=Asia/Seoul
insert into upload_file (item_id,store_file_name,upload_file_name,file_id) values (?,?,?,?)
insert into upload_file (item_id,store_file_name,upload_file_name,file_id) values (58,'java.io.StringReader@1ab6a093','java.io.StringReader@6d95b51d',58);
2024-04-29T19:41:37.970+09:00 DEBUG 58944 --- [project] [    Test worker] org.hibernate.SQL                        : 
    insert 
    into
        item
        (name, price, quantity, dtype, item_id) 
    values
        (?, ?, ?, 'Book', ?)
Hibernate: 
    insert 
    into
        item
        (name, price, quantity, dtype, item_id) 
    values
        (?, ?, ?, 'Book', ?)
2024-04-29T19:41:37.972+09:00  INFO 58944 --- [project] [    Test worker] p6spy                                    : #1714387297972 | took 1ms | statement | connection 6| url jdbc:mysql://127.0.0.1:3306/project?serverTimezone=Asia/Seoul
insert into item (name,price,quantity,dtype,item_id) values (?,?,?,'Book',?)
insert into item (name,price,quantity,dtype,item_id) values ('i',59,59,'Book',59);
2024-04-29T19:41:37.972+09:00 DEBUG 58944 --- [project] [    Test worker] org.hibernate.SQL                        : 
    insert 
    into
        book
        (author, isbn, item_id) 
    values
        (?, ?, ?)
Hibernate: 
    insert 
    into
        book
        (author, isbn, item_id) 
    values
        (?, ?, ?)
2024-04-29T19:41:37.973+09:00  INFO 58944 --- [project] [    Test worker] p6spy                                    : #1714387297973 | took 0ms | statement | connection 6| url jdbc:mysql://127.0.0.1:3306/project?serverTimezone=Asia/Seoul
insert into book (author,isbn,item_id) values (?,?,?)
insert into book (author,isbn,item_id) values ('i','i',59);
2024-04-29T19:41:37.973+09:00 DEBUG 58944 --- [project] [    Test worker] org.hibernate.SQL                        : 
    insert 
    into
        upload_file
        (item_id, store_file_name, upload_file_name, file_id) 
    values
        (?, ?, ?, ?)
Hibernate: 
    insert 
    into
        upload_file
        (item_id, store_file_name, upload_file_name, file_id) 
    values
        (?, ?, ?, ?)
2024-04-29T19:41:37.974+09:00  INFO 58944 --- [project] [    Test worker] p6spy                                    : #1714387297974 | took 0ms | statement | connection 6| url jdbc:mysql://127.0.0.1:3306/project?serverTimezone=Asia/Seoul
insert into upload_file (item_id,store_file_name,upload_file_name,file_id) values (?,?,?,?)
insert into upload_file (item_id,store_file_name,upload_file_name,file_id) values (59,'java.io.StringReader@2dfdea3a','java.io.StringReader@4b1339bf',59);
2024-04-29T19:41:37.974+09:00 DEBUG 58944 --- [project] [    Test worker] org.hibernate.SQL                        : 
    insert 
    into
        item
        (name, price, quantity, dtype, item_id) 
    values
        (?, ?, ?, 'Book', ?)
Hibernate: 
    insert 
    into
        item
        (name, price, quantity, dtype, item_id) 
    values
        (?, ?, ?, 'Book', ?)
2024-04-29T19:41:37.975+09:00  INFO 58944 --- [project] [    Test worker] p6spy                                    : #1714387297975 | took 0ms | statement | connection 6| url jdbc:mysql://127.0.0.1:3306/project?serverTimezone=Asia/Seoul
insert into item (name,price,quantity,dtype,item_id) values (?,?,?,'Book',?)
insert into item (name,price,quantity,dtype,item_id) values ('i',60,60,'Book',60);
2024-04-29T19:41:37.975+09:00 DEBUG 58944 --- [project] [    Test worker] org.hibernate.SQL                        : 
    insert 
    into
        book
        (author, isbn, item_id) 
    values
        (?, ?, ?)
Hibernate: 
    insert 
    into
        book
        (author, isbn, item_id) 
    values
        (?, ?, ?)
2024-04-29T19:41:37.975+09:00  INFO 58944 --- [project] [    Test worker] p6spy                                    : #1714387297975 | took 0ms | statement | connection 6| url jdbc:mysql://127.0.0.1:3306/project?serverTimezone=Asia/Seoul
insert into book (author,isbn,item_id) values (?,?,?)
insert into book (author,isbn,item_id) values ('i','i',60);
2024-04-29T19:41:37.976+09:00 DEBUG 58944 --- [project] [    Test worker] org.hibernate.SQL                        : 
    insert 
    into
        upload_file
        (item_id, store_file_name, upload_file_name, file_id) 
    values
        (?, ?, ?, ?)
Hibernate: 
    insert 
    into
        upload_file
        (item_id, store_file_name, upload_file_name, file_id) 
    values
        (?, ?, ?, ?)
2024-04-29T19:41:37.977+09:00  INFO 58944 --- [project] [    Test worker] p6spy                                    : #1714387297977 | took 0ms | statement | connection 6| url jdbc:mysql://127.0.0.1:3306/project?serverTimezone=Asia/Seoul
insert into upload_file (item_id,store_file_name,upload_file_name,file_id) values (?,?,?,?)
insert into upload_file (item_id,store_file_name,upload_file_name,file_id) values (60,'java.io.StringReader@8872669','java.io.StringReader@14b53f58',60);
2024-04-29T19:41:37.977+09:00 DEBUG 58944 --- [project] [    Test worker] org.hibernate.SQL                        : 
    insert 
    into
        item
        (name, price, quantity, dtype, item_id) 
    values
        (?, ?, ?, 'Book', ?)
Hibernate: 
    insert 
    into
        item
        (name, price, quantity, dtype, item_id) 
    values
        (?, ?, ?, 'Book', ?)
2024-04-29T19:41:37.978+09:00  INFO 58944 --- [project] [    Test worker] p6spy                                    : #1714387297978 | took 0ms | statement | connection 6| url jdbc:mysql://127.0.0.1:3306/project?serverTimezone=Asia/Seoul
insert into item (name,price,quantity,dtype,item_id) values (?,?,?,'Book',?)
insert into item (name,price,quantity,dtype,item_id) values ('i',61,61,'Book',61);
2024-04-29T19:41:37.978+09:00 DEBUG 58944 --- [project] [    Test worker] org.hibernate.SQL                        : 
    insert 
    into
        book
        (author, isbn, item_id) 
    values
        (?, ?, ?)
Hibernate: 
    insert 
    into
        book
        (author, isbn, item_id) 
    values
        (?, ?, ?)
2024-04-29T19:41:37.978+09:00  INFO 58944 --- [project] [    Test worker] p6spy                                    : #1714387297978 | took 0ms | statement | connection 6| url jdbc:mysql://127.0.0.1:3306/project?serverTimezone=Asia/Seoul
insert into book (author,isbn,item_id) values (?,?,?)
insert into book (author,isbn,item_id) values ('i','i',61);
2024-04-29T19:41:37.979+09:00 DEBUG 58944 --- [project] [    Test worker] org.hibernate.SQL                        : 
    insert 
    into
        upload_file
        (item_id, store_file_name, upload_file_name, file_id) 
    values
        (?, ?, ?, ?)
Hibernate: 
    insert 
    into
        upload_file
        (item_id, store_file_name, upload_file_name, file_id) 
    values
        (?, ?, ?, ?)
2024-04-29T19:41:37.979+09:00  INFO 58944 --- [project] [    Test worker] p6spy                                    : #1714387297979 | took 0ms | statement | connection 6| url jdbc:mysql://127.0.0.1:3306/project?serverTimezone=Asia/Seoul
insert into upload_file (item_id,store_file_name,upload_file_name,file_id) values (?,?,?,?)
insert into upload_file (item_id,store_file_name,upload_file_name,file_id) values (61,'java.io.StringReader@5bf9bb2','java.io.StringReader@76c5599b',61);
2024-04-29T19:41:37.980+09:00 DEBUG 58944 --- [project] [    Test worker] org.hibernate.SQL                        : 
    insert 
    into
        item
        (name, price, quantity, dtype, item_id) 
    values
        (?, ?, ?, 'Book', ?)
Hibernate: 
    insert 
    into
        item
        (name, price, quantity, dtype, item_id) 
    values
        (?, ?, ?, 'Book', ?)
2024-04-29T19:41:37.981+09:00  INFO 58944 --- [project] [    Test worker] p6spy                                    : #1714387297981 | took 0ms | statement | connection 6| url jdbc:mysql://127.0.0.1:3306/project?serverTimezone=Asia/Seoul
insert into item (name,price,quantity,dtype,item_id) values (?,?,?,'Book',?)
insert into item (name,price,quantity,dtype,item_id) values ('i',62,62,'Book',62);
2024-04-29T19:41:37.982+09:00 DEBUG 58944 --- [project] [    Test worker] org.hibernate.SQL                        : 
    insert 
    into
        book
        (author, isbn, item_id) 
    values
        (?, ?, ?)
Hibernate: 
    insert 
    into
        book
        (author, isbn, item_id) 
    values
        (?, ?, ?)
2024-04-29T19:41:37.982+09:00  INFO 58944 --- [project] [    Test worker] p6spy                                    : #1714387297982 | took 0ms | statement | connection 6| url jdbc:mysql://127.0.0.1:3306/project?serverTimezone=Asia/Seoul
insert into book (author,isbn,item_id) values (?,?,?)
insert into book (author,isbn,item_id) values ('i','i',62);
2024-04-29T19:41:37.983+09:00 DEBUG 58944 --- [project] [    Test worker] org.hibernate.SQL                        : 
    insert 
    into
        upload_file
        (item_id, store_file_name, upload_file_name, file_id) 
    values
        (?, ?, ?, ?)
Hibernate: 
    insert 
    into
        upload_file
        (item_id, store_file_name, upload_file_name, file_id) 
    values
        (?, ?, ?, ?)
2024-04-29T19:41:37.983+09:00  INFO 58944 --- [project] [    Test worker] p6spy                                    : #1714387297983 | took 0ms | statement | connection 6| url jdbc:mysql://127.0.0.1:3306/project?serverTimezone=Asia/Seoul
insert into upload_file (item_id,store_file_name,upload_file_name,file_id) values (?,?,?,?)
insert into upload_file (item_id,store_file_name,upload_file_name,file_id) values (62,'java.io.StringReader@56034552','java.io.StringReader@32bff23d',62);
2024-04-29T19:41:37.983+09:00 DEBUG 58944 --- [project] [    Test worker] org.hibernate.SQL                        : 
    insert 
    into
        item
        (name, price, quantity, dtype, item_id) 
    values
        (?, ?, ?, 'Book', ?)
Hibernate: 
    insert 
    into
        item
        (name, price, quantity, dtype, item_id) 
    values
        (?, ?, ?, 'Book', ?)
2024-04-29T19:41:37.984+09:00  INFO 58944 --- [project] [    Test worker] p6spy                                    : #1714387297984 | took 0ms | statement | connection 6| url jdbc:mysql://127.0.0.1:3306/project?serverTimezone=Asia/Seoul
insert into item (name,price,quantity,dtype,item_id) values (?,?,?,'Book',?)
insert into item (name,price,quantity,dtype,item_id) values ('i',63,63,'Book',63);
2024-04-29T19:41:37.984+09:00 DEBUG 58944 --- [project] [    Test worker] org.hibernate.SQL                        : 
    insert 
    into
        book
        (author, isbn, item_id) 
    values
        (?, ?, ?)
Hibernate: 
    insert 
    into
        book
        (author, isbn, item_id) 
    values
        (?, ?, ?)
2024-04-29T19:41:37.985+09:00  INFO 58944 --- [project] [    Test worker] p6spy                                    : #1714387297985 | took 0ms | statement | connection 6| url jdbc:mysql://127.0.0.1:3306/project?serverTimezone=Asia/Seoul
insert into book (author,isbn,item_id) values (?,?,?)
insert into book (author,isbn,item_id) values ('i','i',63);
2024-04-29T19:41:37.986+09:00 DEBUG 58944 --- [project] [    Test worker] org.hibernate.SQL                        : 
    insert 
    into
        upload_file
        (item_id, store_file_name, upload_file_name, file_id) 
    values
        (?, ?, ?, ?)
Hibernate: 
    insert 
    into
        upload_file
        (item_id, store_file_name, upload_file_name, file_id) 
    values
        (?, ?, ?, ?)
2024-04-29T19:41:37.987+09:00  INFO 58944 --- [project] [    Test worker] p6spy                                    : #1714387297987 | took 0ms | statement | connection 6| url jdbc:mysql://127.0.0.1:3306/project?serverTimezone=Asia/Seoul
insert into upload_file (item_id,store_file_name,upload_file_name,file_id) values (?,?,?,?)
insert into upload_file (item_id,store_file_name,upload_file_name,file_id) values (63,'java.io.StringReader@6042b613','java.io.StringReader@4d162d67',63);
2024-04-29T19:41:37.988+09:00 DEBUG 58944 --- [project] [    Test worker] org.hibernate.SQL                        : 
    insert 
    into
        item
        (name, price, quantity, dtype, item_id) 
    values
        (?, ?, ?, 'Book', ?)
Hibernate: 
    insert 
    into
        item
        (name, price, quantity, dtype, item_id) 
    values
        (?, ?, ?, 'Book', ?)
2024-04-29T19:41:37.989+09:00  INFO 58944 --- [project] [    Test worker] p6spy                                    : #1714387297989 | took 0ms | statement | connection 6| url jdbc:mysql://127.0.0.1:3306/project?serverTimezone=Asia/Seoul
insert into item (name,price,quantity,dtype,item_id) values (?,?,?,'Book',?)
insert into item (name,price,quantity,dtype,item_id) values ('i',64,64,'Book',64);
2024-04-29T19:41:37.989+09:00 DEBUG 58944 --- [project] [    Test worker] org.hibernate.SQL                        : 
    insert 
    into
        book
        (author, isbn, item_id) 
    values
        (?, ?, ?)
Hibernate: 
    insert 
    into
        book
        (author, isbn, item_id) 
    values
        (?, ?, ?)
2024-04-29T19:41:37.990+09:00  INFO 58944 --- [project] [    Test worker] p6spy                                    : #1714387297990 | took 0ms | statement | connection 6| url jdbc:mysql://127.0.0.1:3306/project?serverTimezone=Asia/Seoul
insert into book (author,isbn,item_id) values (?,?,?)
insert into book (author,isbn,item_id) values ('i','i',64);
2024-04-29T19:41:37.990+09:00 DEBUG 58944 --- [project] [    Test worker] org.hibernate.SQL                        : 
    insert 
    into
        upload_file
        (item_id, store_file_name, upload_file_name, file_id) 
    values
        (?, ?, ?, ?)
Hibernate: 
    insert 
    into
        upload_file
        (item_id, store_file_name, upload_file_name, file_id) 
    values
        (?, ?, ?, ?)
2024-04-29T19:41:37.991+09:00  INFO 58944 --- [project] [    Test worker] p6spy                                    : #1714387297991 | took 0ms | statement | connection 6| url jdbc:mysql://127.0.0.1:3306/project?serverTimezone=Asia/Seoul
insert into upload_file (item_id,store_file_name,upload_file_name,file_id) values (?,?,?,?)
insert into upload_file (item_id,store_file_name,upload_file_name,file_id) values (64,'java.io.StringReader@455082d2','java.io.StringReader@1a177f2c',64);
2024-04-29T19:41:37.992+09:00 DEBUG 58944 --- [project] [    Test worker] org.hibernate.SQL                        : 
    insert 
    into
        item
        (name, price, quantity, dtype, item_id) 
    values
        (?, ?, ?, 'Book', ?)
Hibernate: 
    insert 
    into
        item
        (name, price, quantity, dtype, item_id) 
    values
        (?, ?, ?, 'Book', ?)
2024-04-29T19:41:37.993+09:00  INFO 58944 --- [project] [    Test worker] p6spy                                    : #1714387297993 | took 0ms | statement | connection 6| url jdbc:mysql://127.0.0.1:3306/project?serverTimezone=Asia/Seoul
insert into item (name,price,quantity,dtype,item_id) values (?,?,?,'Book',?)
insert into item (name,price,quantity,dtype,item_id) values ('i',65,65,'Book',65);
2024-04-29T19:41:37.993+09:00 DEBUG 58944 --- [project] [    Test worker] org.hibernate.SQL                        : 
    insert 
    into
        book
        (author, isbn, item_id) 
    values
        (?, ?, ?)
Hibernate: 
    insert 
    into
        book
        (author, isbn, item_id) 
    values
        (?, ?, ?)
2024-04-29T19:41:37.994+09:00  INFO 58944 --- [project] [    Test worker] p6spy                                    : #1714387297994 | took 0ms | statement | connection 6| url jdbc:mysql://127.0.0.1:3306/project?serverTimezone=Asia/Seoul
insert into book (author,isbn,item_id) values (?,?,?)
insert into book (author,isbn,item_id) values ('i','i',65);
2024-04-29T19:41:37.994+09:00 DEBUG 58944 --- [project] [    Test worker] org.hibernate.SQL                        : 
    insert 
    into
        upload_file
        (item_id, store_file_name, upload_file_name, file_id) 
    values
        (?, ?, ?, ?)
Hibernate: 
    insert 
    into
        upload_file
        (item_id, store_file_name, upload_file_name, file_id) 
    values
        (?, ?, ?, ?)
2024-04-29T19:41:37.995+09:00  INFO 58944 --- [project] [    Test worker] p6spy                                    : #1714387297995 | took 0ms | statement | connection 6| url jdbc:mysql://127.0.0.1:3306/project?serverTimezone=Asia/Seoul
insert into upload_file (item_id,store_file_name,upload_file_name,file_id) values (?,?,?,?)
insert into upload_file (item_id,store_file_name,upload_file_name,file_id) values (65,'java.io.StringReader@34a8a5ad','java.io.StringReader@2574123a',65);
2024-04-29T19:41:37.996+09:00 DEBUG 58944 --- [project] [    Test worker] org.hibernate.SQL                        : 
    insert 
    into
        item
        (name, price, quantity, dtype, item_id) 
    values
        (?, ?, ?, 'Book', ?)
Hibernate: 
    insert 
    into
        item
        (name, price, quantity, dtype, item_id) 
    values
        (?, ?, ?, 'Book', ?)
2024-04-29T19:41:37.997+09:00  INFO 58944 --- [project] [    Test worker] p6spy                                    : #1714387297997 | took 0ms | statement | connection 6| url jdbc:mysql://127.0.0.1:3306/project?serverTimezone=Asia/Seoul
insert into item (name,price,quantity,dtype,item_id) values (?,?,?,'Book',?)
insert into item (name,price,quantity,dtype,item_id) values ('i',66,66,'Book',66);
2024-04-29T19:41:37.997+09:00 DEBUG 58944 --- [project] [    Test worker] org.hibernate.SQL                        : 
    insert 
    into
        book
        (author, isbn, item_id) 
    values
        (?, ?, ?)
Hibernate: 
    insert 
    into
        book
        (author, isbn, item_id) 
    values
        (?, ?, ?)
2024-04-29T19:41:37.998+09:00  INFO 58944 --- [project] [    Test worker] p6spy                                    : #1714387297998 | took 0ms | statement | connection 6| url jdbc:mysql://127.0.0.1:3306/project?serverTimezone=Asia/Seoul
insert into book (author,isbn,item_id) values (?,?,?)
insert into book (author,isbn,item_id) values ('i','i',66);
2024-04-29T19:41:37.999+09:00 DEBUG 58944 --- [project] [    Test worker] org.hibernate.SQL                        : 
    insert 
    into
        upload_file
        (item_id, store_file_name, upload_file_name, file_id) 
    values
        (?, ?, ?, ?)
Hibernate: 
    insert 
    into
        upload_file
        (item_id, store_file_name, upload_file_name, file_id) 
    values
        (?, ?, ?, ?)
2024-04-29T19:41:37.999+09:00  INFO 58944 --- [project] [    Test worker] p6spy                                    : #1714387297999 | took 0ms | statement | connection 6| url jdbc:mysql://127.0.0.1:3306/project?serverTimezone=Asia/Seoul
insert into upload_file (item_id,store_file_name,upload_file_name,file_id) values (?,?,?,?)
insert into upload_file (item_id,store_file_name,upload_file_name,file_id) values (66,'java.io.StringReader@7b4791d9','java.io.StringReader@70201785',66);
2024-04-29T19:41:37.999+09:00 DEBUG 58944 --- [project] [    Test worker] org.hibernate.SQL                        : 
    insert 
    into
        item
        (name, price, quantity, dtype, item_id) 
    values
        (?, ?, ?, 'Book', ?)
Hibernate: 
    insert 
    into
        item
        (name, price, quantity, dtype, item_id) 
    values
        (?, ?, ?, 'Book', ?)
2024-04-29T19:41:38.000+09:00  INFO 58944 --- [project] [    Test worker] p6spy                                    : #1714387298000 | took 0ms | statement | connection 6| url jdbc:mysql://127.0.0.1:3306/project?serverTimezone=Asia/Seoul
insert into item (name,price,quantity,dtype,item_id) values (?,?,?,'Book',?)
insert into item (name,price,quantity,dtype,item_id) values ('i',67,67,'Book',67);
2024-04-29T19:41:38.000+09:00 DEBUG 58944 --- [project] [    Test worker] org.hibernate.SQL                        : 
    insert 
    into
        book
        (author, isbn, item_id) 
    values
        (?, ?, ?)
Hibernate: 
    insert 
    into
        book
        (author, isbn, item_id) 
    values
        (?, ?, ?)
2024-04-29T19:41:38.001+09:00  INFO 58944 --- [project] [    Test worker] p6spy                                    : #1714387298001 | took 0ms | statement | connection 6| url jdbc:mysql://127.0.0.1:3306/project?serverTimezone=Asia/Seoul
insert into book (author,isbn,item_id) values (?,?,?)
insert into book (author,isbn,item_id) values ('i','i',67);
2024-04-29T19:41:38.001+09:00 DEBUG 58944 --- [project] [    Test worker] org.hibernate.SQL                        : 
    insert 
    into
        upload_file
        (item_id, store_file_name, upload_file_name, file_id) 
    values
        (?, ?, ?, ?)
Hibernate: 
    insert 
    into
        upload_file
        (item_id, store_file_name, upload_file_name, file_id) 
    values
        (?, ?, ?, ?)
2024-04-29T19:41:38.002+09:00  INFO 58944 --- [project] [    Test worker] p6spy                                    : #1714387298002 | took 0ms | statement | connection 6| url jdbc:mysql://127.0.0.1:3306/project?serverTimezone=Asia/Seoul
insert into upload_file (item_id,store_file_name,upload_file_name,file_id) values (?,?,?,?)
insert into upload_file (item_id,store_file_name,upload_file_name,file_id) values (67,'java.io.StringReader@7aeb7bd6','java.io.StringReader@5c0bacaa',67);
2024-04-29T19:41:38.003+09:00 DEBUG 58944 --- [project] [    Test worker] org.hibernate.SQL                        : 
    insert 
    into
        item
        (name, price, quantity, dtype, item_id) 
    values
        (?, ?, ?, 'Book', ?)
Hibernate: 
    insert 
    into
        item
        (name, price, quantity, dtype, item_id) 
    values
        (?, ?, ?, 'Book', ?)
2024-04-29T19:41:38.004+09:00  INFO 58944 --- [project] [    Test worker] p6spy                                    : #1714387298004 | took 0ms | statement | connection 6| url jdbc:mysql://127.0.0.1:3306/project?serverTimezone=Asia/Seoul
insert into item (name,price,quantity,dtype,item_id) values (?,?,?,'Book',?)
insert into item (name,price,quantity,dtype,item_id) values ('i',68,68,'Book',68);
2024-04-29T19:41:38.004+09:00 DEBUG 58944 --- [project] [    Test worker] org.hibernate.SQL                        : 
    insert 
    into
        book
        (author, isbn, item_id) 
    values
        (?, ?, ?)
Hibernate: 
    insert 
    into
        book
        (author, isbn, item_id) 
    values
        (?, ?, ?)
2024-04-29T19:41:38.005+09:00  INFO 58944 --- [project] [    Test worker] p6spy                                    : #1714387298005 | took 0ms | statement | connection 6| url jdbc:mysql://127.0.0.1:3306/project?serverTimezone=Asia/Seoul
insert into book (author,isbn,item_id) values (?,?,?)
insert into book (author,isbn,item_id) values ('i','i',68);
2024-04-29T19:41:38.006+09:00 DEBUG 58944 --- [project] [    Test worker] org.hibernate.SQL                        : 
    insert 
    into
        upload_file
        (item_id, store_file_name, upload_file_name, file_id) 
    values
        (?, ?, ?, ?)
Hibernate: 
    insert 
    into
        upload_file
        (item_id, store_file_name, upload_file_name, file_id) 
    values
        (?, ?, ?, ?)
2024-04-29T19:41:38.006+09:00  INFO 58944 --- [project] [    Test worker] p6spy                                    : #1714387298006 | took 0ms | statement | connection 6| url jdbc:mysql://127.0.0.1:3306/project?serverTimezone=Asia/Seoul
insert into upload_file (item_id,store_file_name,upload_file_name,file_id) values (?,?,?,?)
insert into upload_file (item_id,store_file_name,upload_file_name,file_id) values (68,'java.io.StringReader@2a9464d9','java.io.StringReader@21cb907d',68);
2024-04-29T19:41:38.007+09:00 DEBUG 58944 --- [project] [    Test worker] org.hibernate.SQL                        : 
    insert 
    into
        item
        (name, price, quantity, dtype, item_id) 
    values
        (?, ?, ?, 'Book', ?)
Hibernate: 
    insert 
    into
        item
        (name, price, quantity, dtype, item_id) 
    values
        (?, ?, ?, 'Book', ?)
2024-04-29T19:41:38.008+09:00  INFO 58944 --- [project] [    Test worker] p6spy                                    : #1714387298008 | took 0ms | statement | connection 6| url jdbc:mysql://127.0.0.1:3306/project?serverTimezone=Asia/Seoul
insert into item (name,price,quantity,dtype,item_id) values (?,?,?,'Book',?)
insert into item (name,price,quantity,dtype,item_id) values ('i',69,69,'Book',69);
2024-04-29T19:41:38.008+09:00 DEBUG 58944 --- [project] [    Test worker] org.hibernate.SQL                        : 
    insert 
    into
        book
        (author, isbn, item_id) 
    values
        (?, ?, ?)
Hibernate: 
    insert 
    into
        book
        (author, isbn, item_id) 
    values
        (?, ?, ?)
2024-04-29T19:41:38.008+09:00  INFO 58944 --- [project] [    Test worker] p6spy                                    : #1714387298008 | took 0ms | statement | connection 6| url jdbc:mysql://127.0.0.1:3306/project?serverTimezone=Asia/Seoul
insert into book (author,isbn,item_id) values (?,?,?)
insert into book (author,isbn,item_id) values ('i','i',69);
2024-04-29T19:41:38.009+09:00 DEBUG 58944 --- [project] [    Test worker] org.hibernate.SQL                        : 
    insert 
    into
        upload_file
        (item_id, store_file_name, upload_file_name, file_id) 
    values
        (?, ?, ?, ?)
Hibernate: 
    insert 
    into
        upload_file
        (item_id, store_file_name, upload_file_name, file_id) 
    values
        (?, ?, ?, ?)
2024-04-29T19:41:38.009+09:00  INFO 58944 --- [project] [    Test worker] p6spy                                    : #1714387298009 | took 0ms | statement | connection 6| url jdbc:mysql://127.0.0.1:3306/project?serverTimezone=Asia/Seoul
insert into upload_file (item_id,store_file_name,upload_file_name,file_id) values (?,?,?,?)
insert into upload_file (item_id,store_file_name,upload_file_name,file_id) values (69,'java.io.StringReader@243b8682','java.io.StringReader@2caf6813',69);
2024-04-29T19:41:38.010+09:00 DEBUG 58944 --- [project] [    Test worker] org.hibernate.SQL                        : 
    insert 
    into
        item
        (name, price, quantity, dtype, item_id) 
    values
        (?, ?, ?, 'Book', ?)
Hibernate: 
    insert 
    into
        item
        (name, price, quantity, dtype, item_id) 
    values
        (?, ?, ?, 'Book', ?)
2024-04-29T19:41:38.010+09:00  INFO 58944 --- [project] [    Test worker] p6spy                                    : #1714387298010 | took 0ms | statement | connection 6| url jdbc:mysql://127.0.0.1:3306/project?serverTimezone=Asia/Seoul
insert into item (name,price,quantity,dtype,item_id) values (?,?,?,'Book',?)
insert into item (name,price,quantity,dtype,item_id) values ('i',70,70,'Book',70);
2024-04-29T19:41:38.010+09:00 DEBUG 58944 --- [project] [    Test worker] org.hibernate.SQL                        : 
    insert 
    into
        book
        (author, isbn, item_id) 
    values
        (?, ?, ?)
Hibernate: 
    insert 
    into
        book
        (author, isbn, item_id) 
    values
        (?, ?, ?)
2024-04-29T19:41:38.011+09:00  INFO 58944 --- [project] [    Test worker] p6spy                                    : #1714387298011 | took 0ms | statement | connection 6| url jdbc:mysql://127.0.0.1:3306/project?serverTimezone=Asia/Seoul
insert into book (author,isbn,item_id) values (?,?,?)
insert into book (author,isbn,item_id) values ('i','i',70);
2024-04-29T19:41:38.011+09:00 DEBUG 58944 --- [project] [    Test worker] org.hibernate.SQL                        : 
    insert 
    into
        upload_file
        (item_id, store_file_name, upload_file_name, file_id) 
    values
        (?, ?, ?, ?)
Hibernate: 
    insert 
    into
        upload_file
        (item_id, store_file_name, upload_file_name, file_id) 
    values
        (?, ?, ?, ?)
2024-04-29T19:41:38.012+09:00  INFO 58944 --- [project] [    Test worker] p6spy                                    : #1714387298012 | took 0ms | statement | connection 6| url jdbc:mysql://127.0.0.1:3306/project?serverTimezone=Asia/Seoul
insert into upload_file (item_id,store_file_name,upload_file_name,file_id) values (?,?,?,?)
insert into upload_file (item_id,store_file_name,upload_file_name,file_id) values (70,'java.io.StringReader@7625bfbd','java.io.StringReader@3bc2146c',70);
2024-04-29T19:41:38.012+09:00 DEBUG 58944 --- [project] [    Test worker] org.hibernate.SQL                        : 
    insert 
    into
        item
        (name, price, quantity, dtype, item_id) 
    values
        (?, ?, ?, 'Book', ?)
Hibernate: 
    insert 
    into
        item
        (name, price, quantity, dtype, item_id) 
    values
        (?, ?, ?, 'Book', ?)
2024-04-29T19:41:38.013+09:00  INFO 58944 --- [project] [    Test worker] p6spy                                    : #1714387298013 | took 0ms | statement | connection 6| url jdbc:mysql://127.0.0.1:3306/project?serverTimezone=Asia/Seoul
insert into item (name,price,quantity,dtype,item_id) values (?,?,?,'Book',?)
insert into item (name,price,quantity,dtype,item_id) values ('i',71,71,'Book',71);
2024-04-29T19:41:38.013+09:00 DEBUG 58944 --- [project] [    Test worker] org.hibernate.SQL                        : 
    insert 
    into
        book
        (author, isbn, item_id) 
    values
        (?, ?, ?)
Hibernate: 
    insert 
    into
        book
        (author, isbn, item_id) 
    values
        (?, ?, ?)
2024-04-29T19:41:38.014+09:00  INFO 58944 --- [project] [    Test worker] p6spy                                    : #1714387298014 | took 0ms | statement | connection 6| url jdbc:mysql://127.0.0.1:3306/project?serverTimezone=Asia/Seoul
insert into book (author,isbn,item_id) values (?,?,?)
insert into book (author,isbn,item_id) values ('i','i',71);
2024-04-29T19:41:38.014+09:00 DEBUG 58944 --- [project] [    Test worker] org.hibernate.SQL                        : 
    insert 
    into
        upload_file
        (item_id, store_file_name, upload_file_name, file_id) 
    values
        (?, ?, ?, ?)
Hibernate: 
    insert 
    into
        upload_file
        (item_id, store_file_name, upload_file_name, file_id) 
    values
        (?, ?, ?, ?)
2024-04-29T19:41:38.015+09:00  INFO 58944 --- [project] [    Test worker] p6spy                                    : #1714387298015 | took 0ms | statement | connection 6| url jdbc:mysql://127.0.0.1:3306/project?serverTimezone=Asia/Seoul
insert into upload_file (item_id,store_file_name,upload_file_name,file_id) values (?,?,?,?)
insert into upload_file (item_id,store_file_name,upload_file_name,file_id) values (71,'java.io.StringReader@19bdfa3e','java.io.StringReader@78e3bebd',71);
2024-04-29T19:41:38.016+09:00 DEBUG 58944 --- [project] [    Test worker] org.hibernate.SQL                        : 
    insert 
    into
        item
        (name, price, quantity, dtype, item_id) 
    values
        (?, ?, ?, 'Book', ?)
Hibernate: 
    insert 
    into
        item
        (name, price, quantity, dtype, item_id) 
    values
        (?, ?, ?, 'Book', ?)
2024-04-29T19:41:38.018+09:00  INFO 58944 --- [project] [    Test worker] p6spy                                    : #1714387298018 | took 0ms | statement | connection 6| url jdbc:mysql://127.0.0.1:3306/project?serverTimezone=Asia/Seoul
insert into item (name,price,quantity,dtype,item_id) values (?,?,?,'Book',?)
insert into item (name,price,quantity,dtype,item_id) values ('i',72,72,'Book',72);
2024-04-29T19:41:38.019+09:00 DEBUG 58944 --- [project] [    Test worker] org.hibernate.SQL                        : 
    insert 
    into
        book
        (author, isbn, item_id) 
    values
        (?, ?, ?)
Hibernate: 
    insert 
    into
        book
        (author, isbn, item_id) 
    values
        (?, ?, ?)
2024-04-29T19:41:38.021+09:00  INFO 58944 --- [project] [    Test worker] p6spy                                    : #1714387298021 | took 0ms | statement | connection 6| url jdbc:mysql://127.0.0.1:3306/project?serverTimezone=Asia/Seoul
insert into book (author,isbn,item_id) values (?,?,?)
insert into book (author,isbn,item_id) values ('i','i',72);
2024-04-29T19:41:38.022+09:00 DEBUG 58944 --- [project] [    Test worker] org.hibernate.SQL                        : 
    insert 
    into
        upload_file
        (item_id, store_file_name, upload_file_name, file_id) 
    values
        (?, ?, ?, ?)
Hibernate: 
    insert 
    into
        upload_file
        (item_id, store_file_name, upload_file_name, file_id) 
    values
        (?, ?, ?, ?)
2024-04-29T19:41:38.023+09:00  INFO 58944 --- [project] [    Test worker] p6spy                                    : #1714387298023 | took 0ms | statement | connection 6| url jdbc:mysql://127.0.0.1:3306/project?serverTimezone=Asia/Seoul
insert into upload_file (item_id,store_file_name,upload_file_name,file_id) values (?,?,?,?)
insert into upload_file (item_id,store_file_name,upload_file_name,file_id) values (72,'java.io.StringReader@27c2f134','java.io.StringReader@64bed8b2',72);
2024-04-29T19:41:38.023+09:00 DEBUG 58944 --- [project] [    Test worker] org.hibernate.SQL                        : 
    insert 
    into
        item
        (name, price, quantity, dtype, item_id) 
    values
        (?, ?, ?, 'Book', ?)
Hibernate: 
    insert 
    into
        item
        (name, price, quantity, dtype, item_id) 
    values
        (?, ?, ?, 'Book', ?)
2024-04-29T19:41:38.023+09:00  INFO 58944 --- [project] [    Test worker] p6spy                                    : #1714387298023 | took 0ms | statement | connection 6| url jdbc:mysql://127.0.0.1:3306/project?serverTimezone=Asia/Seoul
insert into item (name,price,quantity,dtype,item_id) values (?,?,?,'Book',?)
insert into item (name,price,quantity,dtype,item_id) values ('i',73,73,'Book',73);
2024-04-29T19:41:38.024+09:00 DEBUG 58944 --- [project] [    Test worker] org.hibernate.SQL                        : 
    insert 
    into
        book
        (author, isbn, item_id) 
    values
        (?, ?, ?)
Hibernate: 
    insert 
    into
        book
        (author, isbn, item_id) 
    values
        (?, ?, ?)
2024-04-29T19:41:38.024+09:00  INFO 58944 --- [project] [    Test worker] p6spy                                    : #1714387298024 | took 0ms | statement | connection 6| url jdbc:mysql://127.0.0.1:3306/project?serverTimezone=Asia/Seoul
insert into book (author,isbn,item_id) values (?,?,?)
insert into book (author,isbn,item_id) values ('i','i',73);
2024-04-29T19:41:38.025+09:00 DEBUG 58944 --- [project] [    Test worker] org.hibernate.SQL                        : 
    insert 
    into
        upload_file
        (item_id, store_file_name, upload_file_name, file_id) 
    values
        (?, ?, ?, ?)
Hibernate: 
    insert 
    into
        upload_file
        (item_id, store_file_name, upload_file_name, file_id) 
    values
        (?, ?, ?, ?)
2024-04-29T19:41:38.027+09:00  INFO 58944 --- [project] [    Test worker] p6spy                                    : #1714387298027 | took 0ms | statement | connection 6| url jdbc:mysql://127.0.0.1:3306/project?serverTimezone=Asia/Seoul
insert into upload_file (item_id,store_file_name,upload_file_name,file_id) values (?,?,?,?)
insert into upload_file (item_id,store_file_name,upload_file_name,file_id) values (73,'java.io.StringReader@6fb87b73','java.io.StringReader@5f2788f2',73);
2024-04-29T19:41:38.028+09:00 DEBUG 58944 --- [project] [    Test worker] org.hibernate.SQL                        : 
    insert 
    into
        item
        (name, price, quantity, dtype, item_id) 
    values
        (?, ?, ?, 'Book', ?)
Hibernate: 
    insert 
    into
        item
        (name, price, quantity, dtype, item_id) 
    values
        (?, ?, ?, 'Book', ?)
2024-04-29T19:41:38.030+09:00  INFO 58944 --- [project] [    Test worker] p6spy                                    : #1714387298029 | took 0ms | statement | connection 6| url jdbc:mysql://127.0.0.1:3306/project?serverTimezone=Asia/Seoul
insert into item (name,price,quantity,dtype,item_id) values (?,?,?,'Book',?)
insert into item (name,price,quantity,dtype,item_id) values ('i',74,74,'Book',74);
2024-04-29T19:41:38.030+09:00 DEBUG 58944 --- [project] [    Test worker] org.hibernate.SQL                        : 
    insert 
    into
        book
        (author, isbn, item_id) 
    values
        (?, ?, ?)
Hibernate: 
    insert 
    into
        book
        (author, isbn, item_id) 
    values
        (?, ?, ?)
2024-04-29T19:41:38.031+09:00  INFO 58944 --- [project] [    Test worker] p6spy                                    : #1714387298031 | took 0ms | statement | connection 6| url jdbc:mysql://127.0.0.1:3306/project?serverTimezone=Asia/Seoul
insert into book (author,isbn,item_id) values (?,?,?)
insert into book (author,isbn,item_id) values ('i','i',74);
2024-04-29T19:41:38.033+09:00 DEBUG 58944 --- [project] [    Test worker] org.hibernate.SQL                        : 
    insert 
    into
        upload_file
        (item_id, store_file_name, upload_file_name, file_id) 
    values
        (?, ?, ?, ?)
Hibernate: 
    insert 
    into
        upload_file
        (item_id, store_file_name, upload_file_name, file_id) 
    values
        (?, ?, ?, ?)
2024-04-29T19:41:38.033+09:00  INFO 58944 --- [project] [    Test worker] p6spy                                    : #1714387298033 | took 0ms | statement | connection 6| url jdbc:mysql://127.0.0.1:3306/project?serverTimezone=Asia/Seoul
insert into upload_file (item_id,store_file_name,upload_file_name,file_id) values (?,?,?,?)
insert into upload_file (item_id,store_file_name,upload_file_name,file_id) values (74,'java.io.StringReader@3760f3e8','java.io.StringReader@73032867',74);
2024-04-29T19:41:38.035+09:00 DEBUG 58944 --- [project] [    Test worker] org.hibernate.SQL                        : 
    insert 
    into
        item
        (name, price, quantity, dtype, item_id) 
    values
        (?, ?, ?, 'Book', ?)
Hibernate: 
    insert 
    into
        item
        (name, price, quantity, dtype, item_id) 
    values
        (?, ?, ?, 'Book', ?)
2024-04-29T19:41:38.037+09:00  INFO 58944 --- [project] [    Test worker] p6spy                                    : #1714387298037 | took 0ms | statement | connection 6| url jdbc:mysql://127.0.0.1:3306/project?serverTimezone=Asia/Seoul
insert into item (name,price,quantity,dtype,item_id) values (?,?,?,'Book',?)
insert into item (name,price,quantity,dtype,item_id) values ('i',75,75,'Book',75);
2024-04-29T19:41:38.038+09:00 DEBUG 58944 --- [project] [    Test worker] org.hibernate.SQL                        : 
    insert 
    into
        book
        (author, isbn, item_id) 
    values
        (?, ?, ?)
Hibernate: 
    insert 
    into
        book
        (author, isbn, item_id) 
    values
        (?, ?, ?)
2024-04-29T19:41:38.039+09:00  INFO 58944 --- [project] [    Test worker] p6spy                                    : #1714387298039 | took 0ms | statement | connection 6| url jdbc:mysql://127.0.0.1:3306/project?serverTimezone=Asia/Seoul
insert into book (author,isbn,item_id) values (?,?,?)
insert into book (author,isbn,item_id) values ('i','i',75);
2024-04-29T19:41:38.039+09:00 DEBUG 58944 --- [project] [    Test worker] org.hibernate.SQL                        : 
    insert 
    into
        upload_file
        (item_id, store_file_name, upload_file_name, file_id) 
    values
        (?, ?, ?, ?)
Hibernate: 
    insert 
    into
        upload_file
        (item_id, store_file_name, upload_file_name, file_id) 
    values
        (?, ?, ?, ?)
2024-04-29T19:41:38.041+09:00  INFO 58944 --- [project] [    Test worker] p6spy                                    : #1714387298041 | took 0ms | statement | connection 6| url jdbc:mysql://127.0.0.1:3306/project?serverTimezone=Asia/Seoul
insert into upload_file (item_id,store_file_name,upload_file_name,file_id) values (?,?,?,?)
insert into upload_file (item_id,store_file_name,upload_file_name,file_id) values (75,'java.io.StringReader@59e02113','java.io.StringReader@59a79420',75);
2024-04-29T19:41:38.041+09:00 DEBUG 58944 --- [project] [    Test worker] org.hibernate.SQL                        : 
    insert 
    into
        item
        (name, price, quantity, dtype, item_id) 
    values
        (?, ?, ?, 'Book', ?)
Hibernate: 
    insert 
    into
        item
        (name, price, quantity, dtype, item_id) 
    values
        (?, ?, ?, 'Book', ?)
2024-04-29T19:41:38.042+09:00  INFO 58944 --- [project] [    Test worker] p6spy                                    : #1714387298042 | took 0ms | statement | connection 6| url jdbc:mysql://127.0.0.1:3306/project?serverTimezone=Asia/Seoul
insert into item (name,price,quantity,dtype,item_id) values (?,?,?,'Book',?)
insert into item (name,price,quantity,dtype,item_id) values ('i',76,76,'Book',76);
2024-04-29T19:41:38.042+09:00 DEBUG 58944 --- [project] [    Test worker] org.hibernate.SQL                        : 
    insert 
    into
        book
        (author, isbn, item_id) 
    values
        (?, ?, ?)
Hibernate: 
    insert 
    into
        book
        (author, isbn, item_id) 
    values
        (?, ?, ?)
2024-04-29T19:41:38.044+09:00  INFO 58944 --- [project] [    Test worker] p6spy                                    : #1714387298044 | took 1ms | statement | connection 6| url jdbc:mysql://127.0.0.1:3306/project?serverTimezone=Asia/Seoul
insert into book (author,isbn,item_id) values (?,?,?)
insert into book (author,isbn,item_id) values ('i','i',76);
2024-04-29T19:41:38.045+09:00 DEBUG 58944 --- [project] [    Test worker] org.hibernate.SQL                        : 
    insert 
    into
        upload_file
        (item_id, store_file_name, upload_file_name, file_id) 
    values
        (?, ?, ?, ?)
Hibernate: 
    insert 
    into
        upload_file
        (item_id, store_file_name, upload_file_name, file_id) 
    values
        (?, ?, ?, ?)
2024-04-29T19:41:38.047+09:00  INFO 58944 --- [project] [    Test worker] p6spy                                    : #1714387298047 | took 1ms | statement | connection 6| url jdbc:mysql://127.0.0.1:3306/project?serverTimezone=Asia/Seoul
insert into upload_file (item_id,store_file_name,upload_file_name,file_id) values (?,?,?,?)
insert into upload_file (item_id,store_file_name,upload_file_name,file_id) values (76,'java.io.StringReader@5c943847','java.io.StringReader@352b5f3c',76);
2024-04-29T19:41:38.047+09:00 DEBUG 58944 --- [project] [    Test worker] org.hibernate.SQL                        : 
    insert 
    into
        item
        (name, price, quantity, dtype, item_id) 
    values
        (?, ?, ?, 'Book', ?)
Hibernate: 
    insert 
    into
        item
        (name, price, quantity, dtype, item_id) 
    values
        (?, ?, ?, 'Book', ?)
2024-04-29T19:41:38.048+09:00  INFO 58944 --- [project] [    Test worker] p6spy                                    : #1714387298048 | took 0ms | statement | connection 6| url jdbc:mysql://127.0.0.1:3306/project?serverTimezone=Asia/Seoul
insert into item (name,price,quantity,dtype,item_id) values (?,?,?,'Book',?)
insert into item (name,price,quantity,dtype,item_id) values ('i',77,77,'Book',77);
2024-04-29T19:41:38.048+09:00 DEBUG 58944 --- [project] [    Test worker] org.hibernate.SQL                        : 
    insert 
    into
        book
        (author, isbn, item_id) 
    values
        (?, ?, ?)
Hibernate: 
    insert 
    into
        book
        (author, isbn, item_id) 
    values
        (?, ?, ?)
2024-04-29T19:41:38.049+09:00  INFO 58944 --- [project] [    Test worker] p6spy                                    : #1714387298049 | took 0ms | statement | connection 6| url jdbc:mysql://127.0.0.1:3306/project?serverTimezone=Asia/Seoul
insert into book (author,isbn,item_id) values (?,?,?)
insert into book (author,isbn,item_id) values ('i','i',77);
2024-04-29T19:41:38.050+09:00 DEBUG 58944 --- [project] [    Test worker] org.hibernate.SQL                        : 
    insert 
    into
        upload_file
        (item_id, store_file_name, upload_file_name, file_id) 
    values
        (?, ?, ?, ?)
Hibernate: 
    insert 
    into
        upload_file
        (item_id, store_file_name, upload_file_name, file_id) 
    values
        (?, ?, ?, ?)
2024-04-29T19:41:38.054+09:00  INFO 58944 --- [project] [    Test worker] p6spy                                    : #1714387298054 | took 3ms | statement | connection 6| url jdbc:mysql://127.0.0.1:3306/project?serverTimezone=Asia/Seoul
insert into upload_file (item_id,store_file_name,upload_file_name,file_id) values (?,?,?,?)
insert into upload_file (item_id,store_file_name,upload_file_name,file_id) values (77,'java.io.StringReader@67c64b9c','java.io.StringReader@311d8595',77);
2024-04-29T19:41:38.055+09:00 DEBUG 58944 --- [project] [    Test worker] org.hibernate.SQL                        : 
    insert 
    into
        item
        (name, price, quantity, dtype, item_id) 
    values
        (?, ?, ?, 'Book', ?)
Hibernate: 
    insert 
    into
        item
        (name, price, quantity, dtype, item_id) 
    values
        (?, ?, ?, 'Book', ?)
2024-04-29T19:41:38.057+09:00  INFO 58944 --- [project] [    Test worker] p6spy                                    : #1714387298057 | took 1ms | statement | connection 6| url jdbc:mysql://127.0.0.1:3306/project?serverTimezone=Asia/Seoul
insert into item (name,price,quantity,dtype,item_id) values (?,?,?,'Book',?)
insert into item (name,price,quantity,dtype,item_id) values ('i',78,78,'Book',78);
2024-04-29T19:41:38.057+09:00 DEBUG 58944 --- [project] [    Test worker] org.hibernate.SQL                        : 
    insert 
    into
        book
        (author, isbn, item_id) 
    values
        (?, ?, ?)
Hibernate: 
    insert 
    into
        book
        (author, isbn, item_id) 
    values
        (?, ?, ?)
2024-04-29T19:41:38.058+09:00  INFO 58944 --- [project] [    Test worker] p6spy                                    : #1714387298058 | took 0ms | statement | connection 6| url jdbc:mysql://127.0.0.1:3306/project?serverTimezone=Asia/Seoul
insert into book (author,isbn,item_id) values (?,?,?)
insert into book (author,isbn,item_id) values ('i','i',78);
2024-04-29T19:41:38.058+09:00 DEBUG 58944 --- [project] [    Test worker] org.hibernate.SQL                        : 
    insert 
    into
        upload_file
        (item_id, store_file_name, upload_file_name, file_id) 
    values
        (?, ?, ?, ?)
Hibernate: 
    insert 
    into
        upload_file
        (item_id, store_file_name, upload_file_name, file_id) 
    values
        (?, ?, ?, ?)
2024-04-29T19:41:38.059+09:00  INFO 58944 --- [project] [    Test worker] p6spy                                    : #1714387298059 | took 0ms | statement | connection 6| url jdbc:mysql://127.0.0.1:3306/project?serverTimezone=Asia/Seoul
insert into upload_file (item_id,store_file_name,upload_file_name,file_id) values (?,?,?,?)
insert into upload_file (item_id,store_file_name,upload_file_name,file_id) values (78,'java.io.StringReader@5410bbdf','java.io.StringReader@323dd422',78);
2024-04-29T19:41:38.059+09:00 DEBUG 58944 --- [project] [    Test worker] org.hibernate.SQL                        : 
    insert 
    into
        item
        (name, price, quantity, dtype, item_id) 
    values
        (?, ?, ?, 'Book', ?)
Hibernate: 
    insert 
    into
        item
        (name, price, quantity, dtype, item_id) 
    values
        (?, ?, ?, 'Book', ?)
2024-04-29T19:41:38.061+09:00  INFO 58944 --- [project] [    Test worker] p6spy                                    : #1714387298061 | took 1ms | statement | connection 6| url jdbc:mysql://127.0.0.1:3306/project?serverTimezone=Asia/Seoul
insert into item (name,price,quantity,dtype,item_id) values (?,?,?,'Book',?)
insert into item (name,price,quantity,dtype,item_id) values ('i',79,79,'Book',79);
2024-04-29T19:41:38.062+09:00 DEBUG 58944 --- [project] [    Test worker] org.hibernate.SQL                        : 
    insert 
    into
        book
        (author, isbn, item_id) 
    values
        (?, ?, ?)
Hibernate: 
    insert 
    into
        book
        (author, isbn, item_id) 
    values
        (?, ?, ?)
2024-04-29T19:41:38.062+09:00  INFO 58944 --- [project] [    Test worker] p6spy                                    : #1714387298062 | took 0ms | statement | connection 6| url jdbc:mysql://127.0.0.1:3306/project?serverTimezone=Asia/Seoul
insert into book (author,isbn,item_id) values (?,?,?)
insert into book (author,isbn,item_id) values ('i','i',79);
2024-04-29T19:41:38.063+09:00 DEBUG 58944 --- [project] [    Test worker] org.hibernate.SQL                        : 
    insert 
    into
        upload_file
        (item_id, store_file_name, upload_file_name, file_id) 
    values
        (?, ?, ?, ?)
Hibernate: 
    insert 
    into
        upload_file
        (item_id, store_file_name, upload_file_name, file_id) 
    values
        (?, ?, ?, ?)
2024-04-29T19:41:38.064+09:00  INFO 58944 --- [project] [    Test worker] p6spy                                    : #1714387298064 | took 0ms | statement | connection 6| url jdbc:mysql://127.0.0.1:3306/project?serverTimezone=Asia/Seoul
insert into upload_file (item_id,store_file_name,upload_file_name,file_id) values (?,?,?,?)
insert into upload_file (item_id,store_file_name,upload_file_name,file_id) values (79,'java.io.StringReader@54fd5f6','java.io.StringReader@219aab91',79);
2024-04-29T19:41:38.065+09:00 DEBUG 58944 --- [project] [    Test worker] org.hibernate.SQL                        : 
    insert 
    into
        item
        (name, price, quantity, dtype, item_id) 
    values
        (?, ?, ?, 'Book', ?)
Hibernate: 
    insert 
    into
        item
        (name, price, quantity, dtype, item_id) 
    values
        (?, ?, ?, 'Book', ?)
2024-04-29T19:41:38.066+09:00  INFO 58944 --- [project] [    Test worker] p6spy                                    : #1714387298066 | took 0ms | statement | connection 6| url jdbc:mysql://127.0.0.1:3306/project?serverTimezone=Asia/Seoul
insert into item (name,price,quantity,dtype,item_id) values (?,?,?,'Book',?)
insert into item (name,price,quantity,dtype,item_id) values ('i',80,80,'Book',80);
2024-04-29T19:41:38.068+09:00 DEBUG 58944 --- [project] [    Test worker] org.hibernate.SQL                        : 
    insert 
    into
        book
        (author, isbn, item_id) 
    values
        (?, ?, ?)
Hibernate: 
    insert 
    into
        book
        (author, isbn, item_id) 
    values
        (?, ?, ?)
2024-04-29T19:41:38.071+09:00  INFO 58944 --- [project] [    Test worker] p6spy                                    : #1714387298071 | took 2ms | statement | connection 6| url jdbc:mysql://127.0.0.1:3306/project?serverTimezone=Asia/Seoul
insert into book (author,isbn,item_id) values (?,?,?)
insert into book (author,isbn,item_id) values ('i','i',80);
2024-04-29T19:41:38.073+09:00 DEBUG 58944 --- [project] [    Test worker] org.hibernate.SQL                        : 
    insert 
    into
        upload_file
        (item_id, store_file_name, upload_file_name, file_id) 
    values
        (?, ?, ?, ?)
Hibernate: 
    insert 
    into
        upload_file
        (item_id, store_file_name, upload_file_name, file_id) 
    values
        (?, ?, ?, ?)
2024-04-29T19:41:38.074+09:00  INFO 58944 --- [project] [    Test worker] p6spy                                    : #1714387298074 | took 0ms | statement | connection 6| url jdbc:mysql://127.0.0.1:3306/project?serverTimezone=Asia/Seoul
insert into upload_file (item_id,store_file_name,upload_file_name,file_id) values (?,?,?,?)
insert into upload_file (item_id,store_file_name,upload_file_name,file_id) values (80,'java.io.StringReader@4b954cbb','java.io.StringReader@bec2d81',80);
2024-04-29T19:41:38.074+09:00 DEBUG 58944 --- [project] [    Test worker] org.hibernate.SQL                        : 
    insert 
    into
        item
        (name, price, quantity, dtype, item_id) 
    values
        (?, ?, ?, 'Book', ?)
Hibernate: 
    insert 
    into
        item
        (name, price, quantity, dtype, item_id) 
    values
        (?, ?, ?, 'Book', ?)
2024-04-29T19:41:38.077+09:00  INFO 58944 --- [project] [    Test worker] p6spy                                    : #1714387298077 | took 1ms | statement | connection 6| url jdbc:mysql://127.0.0.1:3306/project?serverTimezone=Asia/Seoul
insert into item (name,price,quantity,dtype,item_id) values (?,?,?,'Book',?)
insert into item (name,price,quantity,dtype,item_id) values ('i',81,81,'Book',81);
2024-04-29T19:41:38.077+09:00 DEBUG 58944 --- [project] [    Test worker] org.hibernate.SQL                        : 
    insert 
    into
        book
        (author, isbn, item_id) 
    values
        (?, ?, ?)
Hibernate: 
    insert 
    into
        book
        (author, isbn, item_id) 
    values
        (?, ?, ?)
2024-04-29T19:41:38.078+09:00  INFO 58944 --- [project] [    Test worker] p6spy                                    : #1714387298078 | took 0ms | statement | connection 6| url jdbc:mysql://127.0.0.1:3306/project?serverTimezone=Asia/Seoul
insert into book (author,isbn,item_id) values (?,?,?)
insert into book (author,isbn,item_id) values ('i','i',81);
2024-04-29T19:41:38.079+09:00 DEBUG 58944 --- [project] [    Test worker] org.hibernate.SQL                        : 
    insert 
    into
        upload_file
        (item_id, store_file_name, upload_file_name, file_id) 
    values
        (?, ?, ?, ?)
Hibernate: 
    insert 
    into
        upload_file
        (item_id, store_file_name, upload_file_name, file_id) 
    values
        (?, ?, ?, ?)
2024-04-29T19:41:38.080+09:00  INFO 58944 --- [project] [    Test worker] p6spy                                    : #1714387298080 | took 0ms | statement | connection 6| url jdbc:mysql://127.0.0.1:3306/project?serverTimezone=Asia/Seoul
insert into upload_file (item_id,store_file_name,upload_file_name,file_id) values (?,?,?,?)
insert into upload_file (item_id,store_file_name,upload_file_name,file_id) values (81,'java.io.StringReader@578036a2','java.io.StringReader@36cc6055',81);
2024-04-29T19:41:38.080+09:00 DEBUG 58944 --- [project] [    Test worker] org.hibernate.SQL                        : 
    insert 
    into
        item
        (name, price, quantity, dtype, item_id) 
    values
        (?, ?, ?, 'Book', ?)
Hibernate: 
    insert 
    into
        item
        (name, price, quantity, dtype, item_id) 
    values
        (?, ?, ?, 'Book', ?)
2024-04-29T19:41:38.081+09:00  INFO 58944 --- [project] [    Test worker] p6spy                                    : #1714387298081 | took 0ms | statement | connection 6| url jdbc:mysql://127.0.0.1:3306/project?serverTimezone=Asia/Seoul
insert into item (name,price,quantity,dtype,item_id) values (?,?,?,'Book',?)
insert into item (name,price,quantity,dtype,item_id) values ('i',82,82,'Book',82);
2024-04-29T19:41:38.081+09:00 DEBUG 58944 --- [project] [    Test worker] org.hibernate.SQL                        : 
    insert 
    into
        book
        (author, isbn, item_id) 
    values
        (?, ?, ?)
Hibernate: 
    insert 
    into
        book
        (author, isbn, item_id) 
    values
        (?, ?, ?)
2024-04-29T19:41:38.082+09:00  INFO 58944 --- [project] [    Test worker] p6spy                                    : #1714387298082 | took 0ms | statement | connection 6| url jdbc:mysql://127.0.0.1:3306/project?serverTimezone=Asia/Seoul
insert into book (author,isbn,item_id) values (?,?,?)
insert into book (author,isbn,item_id) values ('i','i',82);
2024-04-29T19:41:38.082+09:00 DEBUG 58944 --- [project] [    Test worker] org.hibernate.SQL                        : 
    insert 
    into
        upload_file
        (item_id, store_file_name, upload_file_name, file_id) 
    values
        (?, ?, ?, ?)
Hibernate: 
    insert 
    into
        upload_file
        (item_id, store_file_name, upload_file_name, file_id) 
    values
        (?, ?, ?, ?)
2024-04-29T19:41:38.083+09:00  INFO 58944 --- [project] [    Test worker] p6spy                                    : #1714387298083 | took 1ms | statement | connection 6| url jdbc:mysql://127.0.0.1:3306/project?serverTimezone=Asia/Seoul
insert into upload_file (item_id,store_file_name,upload_file_name,file_id) values (?,?,?,?)
insert into upload_file (item_id,store_file_name,upload_file_name,file_id) values (82,'java.io.StringReader@4b5c84be','java.io.StringReader@404bca88',82);
2024-04-29T19:41:38.084+09:00 DEBUG 58944 --- [project] [    Test worker] org.hibernate.SQL                        : 
    insert 
    into
        item
        (name, price, quantity, dtype, item_id) 
    values
        (?, ?, ?, 'Book', ?)
Hibernate: 
    insert 
    into
        item
        (name, price, quantity, dtype, item_id) 
    values
        (?, ?, ?, 'Book', ?)
2024-04-29T19:41:38.085+09:00  INFO 58944 --- [project] [    Test worker] p6spy                                    : #1714387298085 | took 0ms | statement | connection 6| url jdbc:mysql://127.0.0.1:3306/project?serverTimezone=Asia/Seoul
insert into item (name,price,quantity,dtype,item_id) values (?,?,?,'Book',?)
insert into item (name,price,quantity,dtype,item_id) values ('i',83,83,'Book',83);
2024-04-29T19:41:38.085+09:00 DEBUG 58944 --- [project] [    Test worker] org.hibernate.SQL                        : 
    insert 
    into
        book
        (author, isbn, item_id) 
    values
        (?, ?, ?)
Hibernate: 
    insert 
    into
        book
        (author, isbn, item_id) 
    values
        (?, ?, ?)
2024-04-29T19:41:38.086+09:00  INFO 58944 --- [project] [    Test worker] p6spy                                    : #1714387298086 | took 0ms | statement | connection 6| url jdbc:mysql://127.0.0.1:3306/project?serverTimezone=Asia/Seoul
insert into book (author,isbn,item_id) values (?,?,?)
insert into book (author,isbn,item_id) values ('i','i',83);
2024-04-29T19:41:38.086+09:00 DEBUG 58944 --- [project] [    Test worker] org.hibernate.SQL                        : 
    insert 
    into
        upload_file
        (item_id, store_file_name, upload_file_name, file_id) 
    values
        (?, ?, ?, ?)
Hibernate: 
    insert 
    into
        upload_file
        (item_id, store_file_name, upload_file_name, file_id) 
    values
        (?, ?, ?, ?)
2024-04-29T19:41:38.088+09:00  INFO 58944 --- [project] [    Test worker] p6spy                                    : #1714387298088 | took 0ms | statement | connection 6| url jdbc:mysql://127.0.0.1:3306/project?serverTimezone=Asia/Seoul
insert into upload_file (item_id,store_file_name,upload_file_name,file_id) values (?,?,?,?)
insert into upload_file (item_id,store_file_name,upload_file_name,file_id) values (83,'java.io.StringReader@48d44acf','java.io.StringReader@21304869',83);
2024-04-29T19:41:38.088+09:00 DEBUG 58944 --- [project] [    Test worker] org.hibernate.SQL                        : 
    insert 
    into
        item
        (name, price, quantity, dtype, item_id) 
    values
        (?, ?, ?, 'Book', ?)
Hibernate: 
    insert 
    into
        item
        (name, price, quantity, dtype, item_id) 
    values
        (?, ?, ?, 'Book', ?)
2024-04-29T19:41:38.089+09:00  INFO 58944 --- [project] [    Test worker] p6spy                                    : #1714387298089 | took 0ms | statement | connection 6| url jdbc:mysql://127.0.0.1:3306/project?serverTimezone=Asia/Seoul
insert into item (name,price,quantity,dtype,item_id) values (?,?,?,'Book',?)
insert into item (name,price,quantity,dtype,item_id) values ('i',84,84,'Book',84);
2024-04-29T19:41:38.089+09:00 DEBUG 58944 --- [project] [    Test worker] org.hibernate.SQL                        : 
    insert 
    into
        book
        (author, isbn, item_id) 
    values
        (?, ?, ?)
Hibernate: 
    insert 
    into
        book
        (author, isbn, item_id) 
    values
        (?, ?, ?)
2024-04-29T19:41:38.089+09:00  INFO 58944 --- [project] [    Test worker] p6spy                                    : #1714387298089 | took 0ms | statement | connection 6| url jdbc:mysql://127.0.0.1:3306/project?serverTimezone=Asia/Seoul
insert into book (author,isbn,item_id) values (?,?,?)
insert into book (author,isbn,item_id) values ('i','i',84);
2024-04-29T19:41:38.090+09:00 DEBUG 58944 --- [project] [    Test worker] org.hibernate.SQL                        : 
    insert 
    into
        upload_file
        (item_id, store_file_name, upload_file_name, file_id) 
    values
        (?, ?, ?, ?)
Hibernate: 
    insert 
    into
        upload_file
        (item_id, store_file_name, upload_file_name, file_id) 
    values
        (?, ?, ?, ?)
2024-04-29T19:41:38.090+09:00  INFO 58944 --- [project] [    Test worker] p6spy                                    : #1714387298090 | took 0ms | statement | connection 6| url jdbc:mysql://127.0.0.1:3306/project?serverTimezone=Asia/Seoul
insert into upload_file (item_id,store_file_name,upload_file_name,file_id) values (?,?,?,?)
insert into upload_file (item_id,store_file_name,upload_file_name,file_id) values (84,'java.io.StringReader@500341c4','java.io.StringReader@3d4b3b94',84);
2024-04-29T19:41:38.090+09:00 DEBUG 58944 --- [project] [    Test worker] org.hibernate.SQL                        : 
    insert 
    into
        item
        (name, price, quantity, dtype, item_id) 
    values
        (?, ?, ?, 'Book', ?)
Hibernate: 
    insert 
    into
        item
        (name, price, quantity, dtype, item_id) 
    values
        (?, ?, ?, 'Book', ?)
2024-04-29T19:41:38.094+09:00  INFO 58944 --- [project] [    Test worker] p6spy                                    : #1714387298094 | took 3ms | statement | connection 6| url jdbc:mysql://127.0.0.1:3306/project?serverTimezone=Asia/Seoul
insert into item (name,price,quantity,dtype,item_id) values (?,?,?,'Book',?)
insert into item (name,price,quantity,dtype,item_id) values ('i',85,85,'Book',85);
2024-04-29T19:41:38.094+09:00 DEBUG 58944 --- [project] [    Test worker] org.hibernate.SQL                        : 
    insert 
    into
        book
        (author, isbn, item_id) 
    values
        (?, ?, ?)
Hibernate: 
    insert 
    into
        book
        (author, isbn, item_id) 
    values
        (?, ?, ?)
2024-04-29T19:41:38.095+09:00  INFO 58944 --- [project] [    Test worker] p6spy                                    : #1714387298095 | took 0ms | statement | connection 6| url jdbc:mysql://127.0.0.1:3306/project?serverTimezone=Asia/Seoul
insert into book (author,isbn,item_id) values (?,?,?)
insert into book (author,isbn,item_id) values ('i','i',85);
2024-04-29T19:41:38.097+09:00 DEBUG 58944 --- [project] [    Test worker] org.hibernate.SQL                        : 
    insert 
    into
        upload_file
        (item_id, store_file_name, upload_file_name, file_id) 
    values
        (?, ?, ?, ?)
Hibernate: 
    insert 
    into
        upload_file
        (item_id, store_file_name, upload_file_name, file_id) 
    values
        (?, ?, ?, ?)
2024-04-29T19:41:38.098+09:00  INFO 58944 --- [project] [    Test worker] p6spy                                    : #1714387298098 | took 0ms | statement | connection 6| url jdbc:mysql://127.0.0.1:3306/project?serverTimezone=Asia/Seoul
insert into upload_file (item_id,store_file_name,upload_file_name,file_id) values (?,?,?,?)
insert into upload_file (item_id,store_file_name,upload_file_name,file_id) values (85,'java.io.StringReader@30769e7a','java.io.StringReader@14021c10',85);
2024-04-29T19:41:38.100+09:00 DEBUG 58944 --- [project] [    Test worker] org.hibernate.SQL                        : 
    insert 
    into
        item
        (name, price, quantity, dtype, item_id) 
    values
        (?, ?, ?, 'Book', ?)
Hibernate: 
    insert 
    into
        item
        (name, price, quantity, dtype, item_id) 
    values
        (?, ?, ?, 'Book', ?)
2024-04-29T19:41:38.102+09:00  INFO 58944 --- [project] [    Test worker] p6spy                                    : #1714387298102 | took 0ms | statement | connection 6| url jdbc:mysql://127.0.0.1:3306/project?serverTimezone=Asia/Seoul
insert into item (name,price,quantity,dtype,item_id) values (?,?,?,'Book',?)
insert into item (name,price,quantity,dtype,item_id) values ('i',86,86,'Book',86);
2024-04-29T19:41:38.104+09:00 DEBUG 58944 --- [project] [    Test worker] org.hibernate.SQL                        : 
    insert 
    into
        book
        (author, isbn, item_id) 
    values
        (?, ?, ?)
Hibernate: 
    insert 
    into
        book
        (author, isbn, item_id) 
    values
        (?, ?, ?)
2024-04-29T19:41:38.105+09:00  INFO 58944 --- [project] [    Test worker] p6spy                                    : #1714387298105 | took 0ms | statement | connection 6| url jdbc:mysql://127.0.0.1:3306/project?serverTimezone=Asia/Seoul
insert into book (author,isbn,item_id) values (?,?,?)
insert into book (author,isbn,item_id) values ('i','i',86);
2024-04-29T19:41:38.106+09:00 DEBUG 58944 --- [project] [    Test worker] org.hibernate.SQL                        : 
    insert 
    into
        upload_file
        (item_id, store_file_name, upload_file_name, file_id) 
    values
        (?, ?, ?, ?)
Hibernate: 
    insert 
    into
        upload_file
        (item_id, store_file_name, upload_file_name, file_id) 
    values
        (?, ?, ?, ?)
2024-04-29T19:41:38.107+09:00  INFO 58944 --- [project] [    Test worker] p6spy                                    : #1714387298107 | took 0ms | statement | connection 6| url jdbc:mysql://127.0.0.1:3306/project?serverTimezone=Asia/Seoul
insert into upload_file (item_id,store_file_name,upload_file_name,file_id) values (?,?,?,?)
insert into upload_file (item_id,store_file_name,upload_file_name,file_id) values (86,'java.io.StringReader@3eea7c4b','java.io.StringReader@50d507ab',86);
2024-04-29T19:41:38.109+09:00 DEBUG 58944 --- [project] [    Test worker] org.hibernate.SQL                        : 
    insert 
    into
        item
        (name, price, quantity, dtype, item_id) 
    values
        (?, ?, ?, 'Book', ?)
Hibernate: 
    insert 
    into
        item
        (name, price, quantity, dtype, item_id) 
    values
        (?, ?, ?, 'Book', ?)
2024-04-29T19:41:38.110+09:00  INFO 58944 --- [project] [    Test worker] p6spy                                    : #1714387298110 | took 0ms | statement | connection 6| url jdbc:mysql://127.0.0.1:3306/project?serverTimezone=Asia/Seoul
insert into item (name,price,quantity,dtype,item_id) values (?,?,?,'Book',?)
insert into item (name,price,quantity,dtype,item_id) values ('i',87,87,'Book',87);
2024-04-29T19:41:38.110+09:00 DEBUG 58944 --- [project] [    Test worker] org.hibernate.SQL                        : 
    insert 
    into
        book
        (author, isbn, item_id) 
    values
        (?, ?, ?)
Hibernate: 
    insert 
    into
        book
        (author, isbn, item_id) 
    values
        (?, ?, ?)
2024-04-29T19:41:38.110+09:00  INFO 58944 --- [project] [    Test worker] p6spy                                    : #1714387298110 | took 0ms | statement | connection 6| url jdbc:mysql://127.0.0.1:3306/project?serverTimezone=Asia/Seoul
insert into book (author,isbn,item_id) values (?,?,?)
insert into book (author,isbn,item_id) values ('i','i',87);
2024-04-29T19:41:38.111+09:00 DEBUG 58944 --- [project] [    Test worker] org.hibernate.SQL                        : 
    insert 
    into
        upload_file
        (item_id, store_file_name, upload_file_name, file_id) 
    values
        (?, ?, ?, ?)
Hibernate: 
    insert 
    into
        upload_file
        (item_id, store_file_name, upload_file_name, file_id) 
    values
        (?, ?, ?, ?)
2024-04-29T19:41:38.111+09:00  INFO 58944 --- [project] [    Test worker] p6spy                                    : #1714387298111 | took 0ms | statement | connection 6| url jdbc:mysql://127.0.0.1:3306/project?serverTimezone=Asia/Seoul
insert into upload_file (item_id,store_file_name,upload_file_name,file_id) values (?,?,?,?)
insert into upload_file (item_id,store_file_name,upload_file_name,file_id) values (87,'java.io.StringReader@3027fe42','java.io.StringReader@410185ec',87);
2024-04-29T19:41:38.111+09:00 DEBUG 58944 --- [project] [    Test worker] org.hibernate.SQL                        : 
    insert 
    into
        item
        (name, price, quantity, dtype, item_id) 
    values
        (?, ?, ?, 'Book', ?)
Hibernate: 
    insert 
    into
        item
        (name, price, quantity, dtype, item_id) 
    values
        (?, ?, ?, 'Book', ?)
2024-04-29T19:41:38.113+09:00  INFO 58944 --- [project] [    Test worker] p6spy                                    : #1714387298113 | took 0ms | statement | connection 6| url jdbc:mysql://127.0.0.1:3306/project?serverTimezone=Asia/Seoul
insert into item (name,price,quantity,dtype,item_id) values (?,?,?,'Book',?)
insert into item (name,price,quantity,dtype,item_id) values ('i',88,88,'Book',88);
2024-04-29T19:41:38.113+09:00 DEBUG 58944 --- [project] [    Test worker] org.hibernate.SQL                        : 
    insert 
    into
        book
        (author, isbn, item_id) 
    values
        (?, ?, ?)
Hibernate: 
    insert 
    into
        book
        (author, isbn, item_id) 
    values
        (?, ?, ?)
2024-04-29T19:41:38.113+09:00  INFO 58944 --- [project] [    Test worker] p6spy                                    : #1714387298113 | took 0ms | statement | connection 6| url jdbc:mysql://127.0.0.1:3306/project?serverTimezone=Asia/Seoul
insert into book (author,isbn,item_id) values (?,?,?)
insert into book (author,isbn,item_id) values ('i','i',88);
2024-04-29T19:41:38.114+09:00 DEBUG 58944 --- [project] [    Test worker] org.hibernate.SQL                        : 
    insert 
    into
        upload_file
        (item_id, store_file_name, upload_file_name, file_id) 
    values
        (?, ?, ?, ?)
Hibernate: 
    insert 
    into
        upload_file
        (item_id, store_file_name, upload_file_name, file_id) 
    values
        (?, ?, ?, ?)
2024-04-29T19:41:38.116+09:00  INFO 58944 --- [project] [    Test worker] p6spy                                    : #1714387298116 | took 0ms | statement | connection 6| url jdbc:mysql://127.0.0.1:3306/project?serverTimezone=Asia/Seoul
insert into upload_file (item_id,store_file_name,upload_file_name,file_id) values (?,?,?,?)
insert into upload_file (item_id,store_file_name,upload_file_name,file_id) values (88,'java.io.StringReader@4998944b','java.io.StringReader@39ebf505',88);
2024-04-29T19:41:38.116+09:00 DEBUG 58944 --- [project] [    Test worker] org.hibernate.SQL                        : 
    insert 
    into
        item
        (name, price, quantity, dtype, item_id) 
    values
        (?, ?, ?, 'Book', ?)
Hibernate: 
    insert 
    into
        item
        (name, price, quantity, dtype, item_id) 
    values
        (?, ?, ?, 'Book', ?)
2024-04-29T19:41:38.117+09:00  INFO 58944 --- [project] [    Test worker] p6spy                                    : #1714387298117 | took 0ms | statement | connection 6| url jdbc:mysql://127.0.0.1:3306/project?serverTimezone=Asia/Seoul
insert into item (name,price,quantity,dtype,item_id) values (?,?,?,'Book',?)
insert into item (name,price,quantity,dtype,item_id) values ('i',89,89,'Book',89);
2024-04-29T19:41:38.117+09:00 DEBUG 58944 --- [project] [    Test worker] org.hibernate.SQL                        : 
    insert 
    into
        book
        (author, isbn, item_id) 
    values
        (?, ?, ?)
Hibernate: 
    insert 
    into
        book
        (author, isbn, item_id) 
    values
        (?, ?, ?)
2024-04-29T19:41:38.118+09:00  INFO 58944 --- [project] [    Test worker] p6spy                                    : #1714387298118 | took 0ms | statement | connection 6| url jdbc:mysql://127.0.0.1:3306/project?serverTimezone=Asia/Seoul
insert into book (author,isbn,item_id) values (?,?,?)
insert into book (author,isbn,item_id) values ('i','i',89);
2024-04-29T19:41:38.119+09:00 DEBUG 58944 --- [project] [    Test worker] org.hibernate.SQL                        : 
    insert 
    into
        upload_file
        (item_id, store_file_name, upload_file_name, file_id) 
    values
        (?, ?, ?, ?)
Hibernate: 
    insert 
    into
        upload_file
        (item_id, store_file_name, upload_file_name, file_id) 
    values
        (?, ?, ?, ?)
2024-04-29T19:41:38.123+09:00  INFO 58944 --- [project] [    Test worker] p6spy                                    : #1714387298123 | took 2ms | statement | connection 6| url jdbc:mysql://127.0.0.1:3306/project?serverTimezone=Asia/Seoul
insert into upload_file (item_id,store_file_name,upload_file_name,file_id) values (?,?,?,?)
insert into upload_file (item_id,store_file_name,upload_file_name,file_id) values (89,'java.io.StringReader@37669c4','java.io.StringReader@1e3469df',89);
2024-04-29T19:41:38.123+09:00 DEBUG 58944 --- [project] [    Test worker] org.hibernate.SQL                        : 
    insert 
    into
        item
        (name, price, quantity, dtype, item_id) 
    values
        (?, ?, ?, 'Book', ?)
Hibernate: 
    insert 
    into
        item
        (name, price, quantity, dtype, item_id) 
    values
        (?, ?, ?, 'Book', ?)
2024-04-29T19:41:38.124+09:00  INFO 58944 --- [project] [    Test worker] p6spy                                    : #1714387298124 | took 0ms | statement | connection 6| url jdbc:mysql://127.0.0.1:3306/project?serverTimezone=Asia/Seoul
insert into item (name,price,quantity,dtype,item_id) values (?,?,?,'Book',?)
insert into item (name,price,quantity,dtype,item_id) values ('i',90,90,'Book',90);
2024-04-29T19:41:38.125+09:00 DEBUG 58944 --- [project] [    Test worker] org.hibernate.SQL                        : 
    insert 
    into
        book
        (author, isbn, item_id) 
    values
        (?, ?, ?)
Hibernate: 
    insert 
    into
        book
        (author, isbn, item_id) 
    values
        (?, ?, ?)
2024-04-29T19:41:38.125+09:00  INFO 58944 --- [project] [    Test worker] p6spy                                    : #1714387298125 | took 0ms | statement | connection 6| url jdbc:mysql://127.0.0.1:3306/project?serverTimezone=Asia/Seoul
insert into book (author,isbn,item_id) values (?,?,?)
insert into book (author,isbn,item_id) values ('i','i',90);
2024-04-29T19:41:38.126+09:00 DEBUG 58944 --- [project] [    Test worker] org.hibernate.SQL                        : 
    insert 
    into
        upload_file
        (item_id, store_file_name, upload_file_name, file_id) 
    values
        (?, ?, ?, ?)
Hibernate: 
    insert 
    into
        upload_file
        (item_id, store_file_name, upload_file_name, file_id) 
    values
        (?, ?, ?, ?)
2024-04-29T19:41:38.126+09:00  INFO 58944 --- [project] [    Test worker] p6spy                                    : #1714387298126 | took 0ms | statement | connection 6| url jdbc:mysql://127.0.0.1:3306/project?serverTimezone=Asia/Seoul
insert into upload_file (item_id,store_file_name,upload_file_name,file_id) values (?,?,?,?)
insert into upload_file (item_id,store_file_name,upload_file_name,file_id) values (90,'java.io.StringReader@3ae81b53','java.io.StringReader@4b9da2f0',90);
2024-04-29T19:41:38.126+09:00 DEBUG 58944 --- [project] [    Test worker] org.hibernate.SQL                        : 
    insert 
    into
        item
        (name, price, quantity, dtype, item_id) 
    values
        (?, ?, ?, 'Book', ?)
Hibernate: 
    insert 
    into
        item
        (name, price, quantity, dtype, item_id) 
    values
        (?, ?, ?, 'Book', ?)
2024-04-29T19:41:38.127+09:00  INFO 58944 --- [project] [    Test worker] p6spy                                    : #1714387298127 | took 0ms | statement | connection 6| url jdbc:mysql://127.0.0.1:3306/project?serverTimezone=Asia/Seoul
insert into item (name,price,quantity,dtype,item_id) values (?,?,?,'Book',?)
insert into item (name,price,quantity,dtype,item_id) values ('i',91,91,'Book',91);
2024-04-29T19:41:38.127+09:00 DEBUG 58944 --- [project] [    Test worker] org.hibernate.SQL                        : 
    insert 
    into
        book
        (author, isbn, item_id) 
    values
        (?, ?, ?)
Hibernate: 
    insert 
    into
        book
        (author, isbn, item_id) 
    values
        (?, ?, ?)
2024-04-29T19:41:38.127+09:00  INFO 58944 --- [project] [    Test worker] p6spy                                    : #1714387298127 | took 0ms | statement | connection 6| url jdbc:mysql://127.0.0.1:3306/project?serverTimezone=Asia/Seoul
insert into book (author,isbn,item_id) values (?,?,?)
insert into book (author,isbn,item_id) values ('i','i',91);
2024-04-29T19:41:38.127+09:00 DEBUG 58944 --- [project] [    Test worker] org.hibernate.SQL                        : 
    insert 
    into
        upload_file
        (item_id, store_file_name, upload_file_name, file_id) 
    values
        (?, ?, ?, ?)
Hibernate: 
    insert 
    into
        upload_file
        (item_id, store_file_name, upload_file_name, file_id) 
    values
        (?, ?, ?, ?)
2024-04-29T19:41:38.128+09:00  INFO 58944 --- [project] [    Test worker] p6spy                                    : #1714387298128 | took 0ms | statement | connection 6| url jdbc:mysql://127.0.0.1:3306/project?serverTimezone=Asia/Seoul
insert into upload_file (item_id,store_file_name,upload_file_name,file_id) values (?,?,?,?)
insert into upload_file (item_id,store_file_name,upload_file_name,file_id) values (91,'java.io.StringReader@71639428','java.io.StringReader@26c9225a',91);
2024-04-29T19:41:38.128+09:00 DEBUG 58944 --- [project] [    Test worker] org.hibernate.SQL                        : 
    insert 
    into
        item
        (name, price, quantity, dtype, item_id) 
    values
        (?, ?, ?, 'Book', ?)
Hibernate: 
    insert 
    into
        item
        (name, price, quantity, dtype, item_id) 
    values
        (?, ?, ?, 'Book', ?)
2024-04-29T19:41:38.128+09:00  INFO 58944 --- [project] [    Test worker] p6spy                                    : #1714387298128 | took 0ms | statement | connection 6| url jdbc:mysql://127.0.0.1:3306/project?serverTimezone=Asia/Seoul
insert into item (name,price,quantity,dtype,item_id) values (?,?,?,'Book',?)
insert into item (name,price,quantity,dtype,item_id) values ('i',92,92,'Book',92);
2024-04-29T19:41:38.128+09:00 DEBUG 58944 --- [project] [    Test worker] org.hibernate.SQL                        : 
    insert 
    into
        book
        (author, isbn, item_id) 
    values
        (?, ?, ?)
Hibernate: 
    insert 
    into
        book
        (author, isbn, item_id) 
    values
        (?, ?, ?)
2024-04-29T19:41:38.129+09:00  INFO 58944 --- [project] [    Test worker] p6spy                                    : #1714387298129 | took 0ms | statement | connection 6| url jdbc:mysql://127.0.0.1:3306/project?serverTimezone=Asia/Seoul
insert into book (author,isbn,item_id) values (?,?,?)
insert into book (author,isbn,item_id) values ('i','i',92);
2024-04-29T19:41:38.129+09:00 DEBUG 58944 --- [project] [    Test worker] org.hibernate.SQL                        : 
    insert 
    into
        upload_file
        (item_id, store_file_name, upload_file_name, file_id) 
    values
        (?, ?, ?, ?)
Hibernate: 
    insert 
    into
        upload_file
        (item_id, store_file_name, upload_file_name, file_id) 
    values
        (?, ?, ?, ?)
2024-04-29T19:41:38.132+09:00  INFO 58944 --- [project] [    Test worker] p6spy                                    : #1714387298130 | took 0ms | statement | connection 6| url jdbc:mysql://127.0.0.1:3306/project?serverTimezone=Asia/Seoul
insert into upload_file (item_id,store_file_name,upload_file_name,file_id) values (?,?,?,?)
insert into upload_file (item_id,store_file_name,upload_file_name,file_id) values (92,'java.io.StringReader@6757ed9e','java.io.StringReader@77d5395a',92);
2024-04-29T19:41:38.133+09:00 DEBUG 58944 --- [project] [    Test worker] org.hibernate.SQL                        : 
    insert 
    into
        item
        (name, price, quantity, dtype, item_id) 
    values
        (?, ?, ?, 'Book', ?)
Hibernate: 
    insert 
    into
        item
        (name, price, quantity, dtype, item_id) 
    values
        (?, ?, ?, 'Book', ?)
2024-04-29T19:41:38.136+09:00  INFO 58944 --- [project] [    Test worker] p6spy                                    : #1714387298135 | took 1ms | statement | connection 6| url jdbc:mysql://127.0.0.1:3306/project?serverTimezone=Asia/Seoul
insert into item (name,price,quantity,dtype,item_id) values (?,?,?,'Book',?)
insert into item (name,price,quantity,dtype,item_id) values ('i',93,93,'Book',93);
2024-04-29T19:41:38.136+09:00 DEBUG 58944 --- [project] [    Test worker] org.hibernate.SQL                        : 
    insert 
    into
        book
        (author, isbn, item_id) 
    values
        (?, ?, ?)
Hibernate: 
    insert 
    into
        book
        (author, isbn, item_id) 
    values
        (?, ?, ?)
2024-04-29T19:41:38.137+09:00  INFO 58944 --- [project] [    Test worker] p6spy                                    : #1714387298137 | took 1ms | statement | connection 6| url jdbc:mysql://127.0.0.1:3306/project?serverTimezone=Asia/Seoul
insert into book (author,isbn,item_id) values (?,?,?)
insert into book (author,isbn,item_id) values ('i','i',93);
2024-04-29T19:41:38.138+09:00 DEBUG 58944 --- [project] [    Test worker] org.hibernate.SQL                        : 
    insert 
    into
        upload_file
        (item_id, store_file_name, upload_file_name, file_id) 
    values
        (?, ?, ?, ?)
Hibernate: 
    insert 
    into
        upload_file
        (item_id, store_file_name, upload_file_name, file_id) 
    values
        (?, ?, ?, ?)
2024-04-29T19:41:38.173+09:00  INFO 58944 --- [project] [    Test worker] p6spy                                    : #1714387298173 | took 35ms | statement | connection 6| url jdbc:mysql://127.0.0.1:3306/project?serverTimezone=Asia/Seoul
insert into upload_file (item_id,store_file_name,upload_file_name,file_id) values (?,?,?,?)
insert into upload_file (item_id,store_file_name,upload_file_name,file_id) values (93,'java.io.StringReader@61774805','java.io.StringReader@57e351a',93);
2024-04-29T19:41:38.174+09:00 DEBUG 58944 --- [project] [    Test worker] org.hibernate.SQL                        : 
    insert 
    into
        item
        (name, price, quantity, dtype, item_id) 
    values
        (?, ?, ?, 'Book', ?)
Hibernate: 
    insert 
    into
        item
        (name, price, quantity, dtype, item_id) 
    values
        (?, ?, ?, 'Book', ?)
2024-04-29T19:41:38.175+09:00  INFO 58944 --- [project] [    Test worker] p6spy                                    : #1714387298175 | took 0ms | statement | connection 6| url jdbc:mysql://127.0.0.1:3306/project?serverTimezone=Asia/Seoul
insert into item (name,price,quantity,dtype,item_id) values (?,?,?,'Book',?)
insert into item (name,price,quantity,dtype,item_id) values ('i',94,94,'Book',94);
2024-04-29T19:41:38.175+09:00 DEBUG 58944 --- [project] [    Test worker] org.hibernate.SQL                        : 
    insert 
    into
        book
        (author, isbn, item_id) 
    values
        (?, ?, ?)
Hibernate: 
    insert 
    into
        book
        (author, isbn, item_id) 
    values
        (?, ?, ?)
2024-04-29T19:41:38.175+09:00  INFO 58944 --- [project] [    Test worker] p6spy                                    : #1714387298175 | took 0ms | statement | connection 6| url jdbc:mysql://127.0.0.1:3306/project?serverTimezone=Asia/Seoul
insert into book (author,isbn,item_id) values (?,?,?)
insert into book (author,isbn,item_id) values ('i','i',94);
2024-04-29T19:41:38.175+09:00 DEBUG 58944 --- [project] [    Test worker] org.hibernate.SQL                        : 
    insert 
    into
        upload_file
        (item_id, store_file_name, upload_file_name, file_id) 
    values
        (?, ?, ?, ?)
Hibernate: 
    insert 
    into
        upload_file
        (item_id, store_file_name, upload_file_name, file_id) 
    values
        (?, ?, ?, ?)
2024-04-29T19:41:38.176+09:00  INFO 58944 --- [project] [    Test worker] p6spy                                    : #1714387298176 | took 0ms | statement | connection 6| url jdbc:mysql://127.0.0.1:3306/project?serverTimezone=Asia/Seoul
insert into upload_file (item_id,store_file_name,upload_file_name,file_id) values (?,?,?,?)
insert into upload_file (item_id,store_file_name,upload_file_name,file_id) values (94,'java.io.StringReader@1054864f','java.io.StringReader@2adb532c',94);
2024-04-29T19:41:38.176+09:00 DEBUG 58944 --- [project] [    Test worker] org.hibernate.SQL                        : 
    insert 
    into
        item
        (name, price, quantity, dtype, item_id) 
    values
        (?, ?, ?, 'Book', ?)
Hibernate: 
    insert 
    into
        item
        (name, price, quantity, dtype, item_id) 
    values
        (?, ?, ?, 'Book', ?)
2024-04-29T19:41:38.177+09:00  INFO 58944 --- [project] [    Test worker] p6spy                                    : #1714387298177 | took 0ms | statement | connection 6| url jdbc:mysql://127.0.0.1:3306/project?serverTimezone=Asia/Seoul
insert into item (name,price,quantity,dtype,item_id) values (?,?,?,'Book',?)
insert into item (name,price,quantity,dtype,item_id) values ('i',95,95,'Book',95);
2024-04-29T19:41:38.177+09:00 DEBUG 58944 --- [project] [    Test worker] org.hibernate.SQL                        : 
    insert 
    into
        book
        (author, isbn, item_id) 
    values
        (?, ?, ?)
Hibernate: 
    insert 
    into
        book
        (author, isbn, item_id) 
    values
        (?, ?, ?)
2024-04-29T19:41:38.178+09:00  INFO 58944 --- [project] [    Test worker] p6spy                                    : #1714387298178 | took 0ms | statement | connection 6| url jdbc:mysql://127.0.0.1:3306/project?serverTimezone=Asia/Seoul
insert into book (author,isbn,item_id) values (?,?,?)
insert into book (author,isbn,item_id) values ('i','i',95);
2024-04-29T19:41:38.179+09:00 DEBUG 58944 --- [project] [    Test worker] org.hibernate.SQL                        : 
    insert 
    into
        upload_file
        (item_id, store_file_name, upload_file_name, file_id) 
    values
        (?, ?, ?, ?)
Hibernate: 
    insert 
    into
        upload_file
        (item_id, store_file_name, upload_file_name, file_id) 
    values
        (?, ?, ?, ?)
2024-04-29T19:41:38.180+09:00  INFO 58944 --- [project] [    Test worker] p6spy                                    : #1714387298180 | took 0ms | statement | connection 6| url jdbc:mysql://127.0.0.1:3306/project?serverTimezone=Asia/Seoul
insert into upload_file (item_id,store_file_name,upload_file_name,file_id) values (?,?,?,?)
insert into upload_file (item_id,store_file_name,upload_file_name,file_id) values (95,'java.io.StringReader@1bb1c6dd','java.io.StringReader@59929512',95);
2024-04-29T19:41:38.180+09:00 DEBUG 58944 --- [project] [    Test worker] org.hibernate.SQL                        : 
    insert 
    into
        item
        (name, price, quantity, dtype, item_id) 
    values
        (?, ?, ?, 'Book', ?)
Hibernate: 
    insert 
    into
        item
        (name, price, quantity, dtype, item_id) 
    values
        (?, ?, ?, 'Book', ?)
2024-04-29T19:41:38.181+09:00  INFO 58944 --- [project] [    Test worker] p6spy                                    : #1714387298181 | took 0ms | statement | connection 6| url jdbc:mysql://127.0.0.1:3306/project?serverTimezone=Asia/Seoul
insert into item (name,price,quantity,dtype,item_id) values (?,?,?,'Book',?)
insert into item (name,price,quantity,dtype,item_id) values ('i',96,96,'Book',96);
2024-04-29T19:41:38.181+09:00 DEBUG 58944 --- [project] [    Test worker] org.hibernate.SQL                        : 
    insert 
    into
        book
        (author, isbn, item_id) 
    values
        (?, ?, ?)
Hibernate: 
    insert 
    into
        book
        (author, isbn, item_id) 
    values
        (?, ?, ?)
2024-04-29T19:41:38.181+09:00  INFO 58944 --- [project] [    Test worker] p6spy                                    : #1714387298181 | took 0ms | statement | connection 6| url jdbc:mysql://127.0.0.1:3306/project?serverTimezone=Asia/Seoul
insert into book (author,isbn,item_id) values (?,?,?)
insert into book (author,isbn,item_id) values ('i','i',96);
2024-04-29T19:41:38.182+09:00 DEBUG 58944 --- [project] [    Test worker] org.hibernate.SQL                        : 
    insert 
    into
        upload_file
        (item_id, store_file_name, upload_file_name, file_id) 
    values
        (?, ?, ?, ?)
Hibernate: 
    insert 
    into
        upload_file
        (item_id, store_file_name, upload_file_name, file_id) 
    values
        (?, ?, ?, ?)
2024-04-29T19:41:38.184+09:00  INFO 58944 --- [project] [    Test worker] p6spy                                    : #1714387298184 | took 0ms | statement | connection 6| url jdbc:mysql://127.0.0.1:3306/project?serverTimezone=Asia/Seoul
insert into upload_file (item_id,store_file_name,upload_file_name,file_id) values (?,?,?,?)
insert into upload_file (item_id,store_file_name,upload_file_name,file_id) values (96,'java.io.StringReader@4dbf902','java.io.StringReader@3c0a4c8b',96);
2024-04-29T19:41:38.185+09:00 DEBUG 58944 --- [project] [    Test worker] org.hibernate.SQL                        : 
    insert 
    into
        item
        (name, price, quantity, dtype, item_id) 
    values
        (?, ?, ?, 'Book', ?)
Hibernate: 
    insert 
    into
        item
        (name, price, quantity, dtype, item_id) 
    values
        (?, ?, ?, 'Book', ?)
2024-04-29T19:41:38.188+09:00  INFO 58944 --- [project] [    Test worker] p6spy                                    : #1714387298187 | took 1ms | statement | connection 6| url jdbc:mysql://127.0.0.1:3306/project?serverTimezone=Asia/Seoul
insert into item (name,price,quantity,dtype,item_id) values (?,?,?,'Book',?)
insert into item (name,price,quantity,dtype,item_id) values ('i',97,97,'Book',97);
2024-04-29T19:41:38.188+09:00 DEBUG 58944 --- [project] [    Test worker] org.hibernate.SQL                        : 
    insert 
    into
        book
        (author, isbn, item_id) 
    values
        (?, ?, ?)
Hibernate: 
    insert 
    into
        book
        (author, isbn, item_id) 
    values
        (?, ?, ?)
2024-04-29T19:41:38.189+09:00  INFO 58944 --- [project] [    Test worker] p6spy                                    : #1714387298189 | took 0ms | statement | connection 6| url jdbc:mysql://127.0.0.1:3306/project?serverTimezone=Asia/Seoul
insert into book (author,isbn,item_id) values (?,?,?)
insert into book (author,isbn,item_id) values ('i','i',97);
2024-04-29T19:41:38.190+09:00 DEBUG 58944 --- [project] [    Test worker] org.hibernate.SQL                        : 
    insert 
    into
        upload_file
        (item_id, store_file_name, upload_file_name, file_id) 
    values
        (?, ?, ?, ?)
Hibernate: 
    insert 
    into
        upload_file
        (item_id, store_file_name, upload_file_name, file_id) 
    values
        (?, ?, ?, ?)
2024-04-29T19:41:38.191+09:00  INFO 58944 --- [project] [    Test worker] p6spy                                    : #1714387298191 | took 0ms | statement | connection 6| url jdbc:mysql://127.0.0.1:3306/project?serverTimezone=Asia/Seoul
insert into upload_file (item_id,store_file_name,upload_file_name,file_id) values (?,?,?,?)
insert into upload_file (item_id,store_file_name,upload_file_name,file_id) values (97,'java.io.StringReader@5afb0a4f','java.io.StringReader@1c8bf01d',97);
2024-04-29T19:41:38.191+09:00 DEBUG 58944 --- [project] [    Test worker] org.hibernate.SQL                        : 
    insert 
    into
        item
        (name, price, quantity, dtype, item_id) 
    values
        (?, ?, ?, 'Book', ?)
Hibernate: 
    insert 
    into
        item
        (name, price, quantity, dtype, item_id) 
    values
        (?, ?, ?, 'Book', ?)
2024-04-29T19:41:38.192+09:00  INFO 58944 --- [project] [    Test worker] p6spy                                    : #1714387298192 | took 0ms | statement | connection 6| url jdbc:mysql://127.0.0.1:3306/project?serverTimezone=Asia/Seoul
insert into item (name,price,quantity,dtype,item_id) values (?,?,?,'Book',?)
insert into item (name,price,quantity,dtype,item_id) values ('i',98,98,'Book',98);
2024-04-29T19:41:38.192+09:00 DEBUG 58944 --- [project] [    Test worker] org.hibernate.SQL                        : 
    insert 
    into
        book
        (author, isbn, item_id) 
    values
        (?, ?, ?)
Hibernate: 
    insert 
    into
        book
        (author, isbn, item_id) 
    values
        (?, ?, ?)
2024-04-29T19:41:38.193+09:00  INFO 58944 --- [project] [    Test worker] p6spy                                    : #1714387298193 | took 0ms | statement | connection 6| url jdbc:mysql://127.0.0.1:3306/project?serverTimezone=Asia/Seoul
insert into book (author,isbn,item_id) values (?,?,?)
insert into book (author,isbn,item_id) values ('i','i',98);
2024-04-29T19:41:38.193+09:00 DEBUG 58944 --- [project] [    Test worker] org.hibernate.SQL                        : 
    insert 
    into
        upload_file
        (item_id, store_file_name, upload_file_name, file_id) 
    values
        (?, ?, ?, ?)
Hibernate: 
    insert 
    into
        upload_file
        (item_id, store_file_name, upload_file_name, file_id) 
    values
        (?, ?, ?, ?)
2024-04-29T19:41:38.194+09:00  INFO 58944 --- [project] [    Test worker] p6spy                                    : #1714387298194 | took 0ms | statement | connection 6| url jdbc:mysql://127.0.0.1:3306/project?serverTimezone=Asia/Seoul
insert into upload_file (item_id,store_file_name,upload_file_name,file_id) values (?,?,?,?)
insert into upload_file (item_id,store_file_name,upload_file_name,file_id) values (98,'java.io.StringReader@c360f40','java.io.StringReader@badf24b',98);
2024-04-29T19:41:38.194+09:00 DEBUG 58944 --- [project] [    Test worker] org.hibernate.SQL                        : 
    insert 
    into
        item
        (name, price, quantity, dtype, item_id) 
    values
        (?, ?, ?, 'Book', ?)
Hibernate: 
    insert 
    into
        item
        (name, price, quantity, dtype, item_id) 
    values
        (?, ?, ?, 'Book', ?)
2024-04-29T19:41:38.194+09:00  INFO 58944 --- [project] [    Test worker] p6spy                                    : #1714387298194 | took 0ms | statement | connection 6| url jdbc:mysql://127.0.0.1:3306/project?serverTimezone=Asia/Seoul
insert into item (name,price,quantity,dtype,item_id) values (?,?,?,'Book',?)
insert into item (name,price,quantity,dtype,item_id) values ('i',99,99,'Book',99);
2024-04-29T19:41:38.194+09:00 DEBUG 58944 --- [project] [    Test worker] org.hibernate.SQL                        : 
    insert 
    into
        book
        (author, isbn, item_id) 
    values
        (?, ?, ?)
Hibernate: 
    insert 
    into
        book
        (author, isbn, item_id) 
    values
        (?, ?, ?)
2024-04-29T19:41:38.195+09:00  INFO 58944 --- [project] [    Test worker] p6spy                                    : #1714387298195 | took 0ms | statement | connection 6| url jdbc:mysql://127.0.0.1:3306/project?serverTimezone=Asia/Seoul
insert into book (author,isbn,item_id) values (?,?,?)
insert into book (author,isbn,item_id) values ('i','i',99);
2024-04-29T19:41:38.195+09:00 DEBUG 58944 --- [project] [    Test worker] org.hibernate.SQL                        : 
    insert 
    into
        upload_file
        (item_id, store_file_name, upload_file_name, file_id) 
    values
        (?, ?, ?, ?)
Hibernate: 
    insert 
    into
        upload_file
        (item_id, store_file_name, upload_file_name, file_id) 
    values
        (?, ?, ?, ?)
2024-04-29T19:41:38.196+09:00  INFO 58944 --- [project] [    Test worker] p6spy                                    : #1714387298196 | took 0ms | statement | connection 6| url jdbc:mysql://127.0.0.1:3306/project?serverTimezone=Asia/Seoul
insert into upload_file (item_id,store_file_name,upload_file_name,file_id) values (?,?,?,?)
insert into upload_file (item_id,store_file_name,upload_file_name,file_id) values (99,'java.io.StringReader@632d8166','java.io.StringReader@151ce559',99);
2024-04-29T19:41:38.196+09:00 DEBUG 58944 --- [project] [    Test worker] org.hibernate.SQL                        : 
    insert 
    into
        item
        (name, price, quantity, dtype, item_id) 
    values
        (?, ?, ?, 'Book', ?)
Hibernate: 
    insert 
    into
        item
        (name, price, quantity, dtype, item_id) 
    values
        (?, ?, ?, 'Book', ?)
2024-04-29T19:41:38.197+09:00  INFO 58944 --- [project] [    Test worker] p6spy                                    : #1714387298197 | took 0ms | statement | connection 6| url jdbc:mysql://127.0.0.1:3306/project?serverTimezone=Asia/Seoul
insert into item (name,price,quantity,dtype,item_id) values (?,?,?,'Book',?)
insert into item (name,price,quantity,dtype,item_id) values ('i',100,100,'Book',100);
2024-04-29T19:41:38.197+09:00 DEBUG 58944 --- [project] [    Test worker] org.hibernate.SQL                        : 
    insert 
    into
        book
        (author, isbn, item_id) 
    values
        (?, ?, ?)
Hibernate: 
    insert 
    into
        book
        (author, isbn, item_id) 
    values
        (?, ?, ?)
2024-04-29T19:41:38.198+09:00  INFO 58944 --- [project] [    Test worker] p6spy                                    : #1714387298198 | took 0ms | statement | connection 6| url jdbc:mysql://127.0.0.1:3306/project?serverTimezone=Asia/Seoul
insert into book (author,isbn,item_id) values (?,?,?)
insert into book (author,isbn,item_id) values ('i','i',100);
2024-04-29T19:41:38.198+09:00 DEBUG 58944 --- [project] [    Test worker] org.hibernate.SQL                        : 
    insert 
    into
        upload_file
        (item_id, store_file_name, upload_file_name, file_id) 
    values
        (?, ?, ?, ?)
Hibernate: 
    insert 
    into
        upload_file
        (item_id, store_file_name, upload_file_name, file_id) 
    values
        (?, ?, ?, ?)
2024-04-29T19:41:38.199+09:00  INFO 58944 --- [project] [    Test worker] p6spy                                    : #1714387298199 | took 0ms | statement | connection 6| url jdbc:mysql://127.0.0.1:3306/project?serverTimezone=Asia/Seoul
insert into upload_file (item_id,store_file_name,upload_file_name,file_id) values (?,?,?,?)
insert into upload_file (item_id,store_file_name,upload_file_name,file_id) values (100,'java.io.StringReader@181b8d0c','java.io.StringReader@376a34fb',100);
2024-04-29T19:41:38.199+09:00 DEBUG 58944 --- [project] [    Test worker] org.hibernate.SQL                        : 
    insert 
    into
        item
        (name, price, quantity, dtype, item_id) 
    values
        (?, ?, ?, 'Book', ?)
Hibernate: 
    insert 
    into
        item
        (name, price, quantity, dtype, item_id) 
    values
        (?, ?, ?, 'Book', ?)
2024-04-29T19:41:38.200+09:00  INFO 58944 --- [project] [    Test worker] p6spy                                    : #1714387298200 | took 0ms | statement | connection 6| url jdbc:mysql://127.0.0.1:3306/project?serverTimezone=Asia/Seoul
insert into item (name,price,quantity,dtype,item_id) values (?,?,?,'Book',?)
insert into item (name,price,quantity,dtype,item_id) values ('i',101,101,'Book',101);
2024-04-29T19:41:38.200+09:00 DEBUG 58944 --- [project] [    Test worker] org.hibernate.SQL                        : 
    insert 
    into
        book
        (author, isbn, item_id) 
    values
        (?, ?, ?)
Hibernate: 
    insert 
    into
        book
        (author, isbn, item_id) 
    values
        (?, ?, ?)
2024-04-29T19:41:38.200+09:00  INFO 58944 --- [project] [    Test worker] p6spy                                    : #1714387298200 | took 0ms | statement | connection 6| url jdbc:mysql://127.0.0.1:3306/project?serverTimezone=Asia/Seoul
insert into book (author,isbn,item_id) values (?,?,?)
insert into book (author,isbn,item_id) values ('i','i',101);
2024-04-29T19:41:38.200+09:00 DEBUG 58944 --- [project] [    Test worker] org.hibernate.SQL                        : 
    insert 
    into
        upload_file
        (item_id, store_file_name, upload_file_name, file_id) 
    values
        (?, ?, ?, ?)
Hibernate: 
    insert 
    into
        upload_file
        (item_id, store_file_name, upload_file_name, file_id) 
    values
        (?, ?, ?, ?)
2024-04-29T19:41:38.201+09:00  INFO 58944 --- [project] [    Test worker] p6spy                                    : #1714387298201 | took 0ms | statement | connection 6| url jdbc:mysql://127.0.0.1:3306/project?serverTimezone=Asia/Seoul
insert into upload_file (item_id,store_file_name,upload_file_name,file_id) values (?,?,?,?)
insert into upload_file (item_id,store_file_name,upload_file_name,file_id) values (101,'java.io.StringReader@3d44f15d','java.io.StringReader@674c9079',101);
2024-04-29T19:41:38.201+09:00 DEBUG 58944 --- [project] [    Test worker] org.hibernate.SQL                        : 
    insert 
    into
        item
        (name, price, quantity, dtype, item_id) 
    values
        (?, ?, ?, 'Book', ?)
Hibernate: 
    insert 
    into
        item
        (name, price, quantity, dtype, item_id) 
    values
        (?, ?, ?, 'Book', ?)
2024-04-29T19:41:38.201+09:00  INFO 58944 --- [project] [    Test worker] p6spy                                    : #1714387298201 | took 0ms | statement | connection 6| url jdbc:mysql://127.0.0.1:3306/project?serverTimezone=Asia/Seoul
insert into item (name,price,quantity,dtype,item_id) values (?,?,?,'Book',?)
insert into item (name,price,quantity,dtype,item_id) values ('i',102,102,'Book',102);
2024-04-29T19:41:38.201+09:00 DEBUG 58944 --- [project] [    Test worker] org.hibernate.SQL                        : 
    insert 
    into
        book
        (author, isbn, item_id) 
    values
        (?, ?, ?)
Hibernate: 
    insert 
    into
        book
        (author, isbn, item_id) 
    values
        (?, ?, ?)
2024-04-29T19:41:38.202+09:00  INFO 58944 --- [project] [    Test worker] p6spy                                    : #1714387298202 | took 0ms | statement | connection 6| url jdbc:mysql://127.0.0.1:3306/project?serverTimezone=Asia/Seoul
insert into book (author,isbn,item_id) values (?,?,?)
insert into book (author,isbn,item_id) values ('i','i',102);
2024-04-29T19:41:38.202+09:00 DEBUG 58944 --- [project] [    Test worker] org.hibernate.SQL                        : 
    insert 
    into
        upload_file
        (item_id, store_file_name, upload_file_name, file_id) 
    values
        (?, ?, ?, ?)
Hibernate: 
    insert 
    into
        upload_file
        (item_id, store_file_name, upload_file_name, file_id) 
    values
        (?, ?, ?, ?)
2024-04-29T19:41:38.202+09:00  INFO 58944 --- [project] [    Test worker] p6spy                                    : #1714387298202 | took 0ms | statement | connection 6| url jdbc:mysql://127.0.0.1:3306/project?serverTimezone=Asia/Seoul
insert into upload_file (item_id,store_file_name,upload_file_name,file_id) values (?,?,?,?)
insert into upload_file (item_id,store_file_name,upload_file_name,file_id) values (102,'java.io.StringReader@37dcda42','java.io.StringReader@42d039ef',102);
2024-04-29T19:41:38.203+09:00 DEBUG 58944 --- [project] [    Test worker] org.hibernate.SQL                        : 
    insert 
    into
        item
        (name, price, quantity, dtype, item_id) 
    values
        (?, ?, ?, 'Book', ?)
Hibernate: 
    insert 
    into
        item
        (name, price, quantity, dtype, item_id) 
    values
        (?, ?, ?, 'Book', ?)
2024-04-29T19:41:38.204+09:00  INFO 58944 --- [project] [    Test worker] p6spy                                    : #1714387298204 | took 0ms | statement | connection 6| url jdbc:mysql://127.0.0.1:3306/project?serverTimezone=Asia/Seoul
insert into item (name,price,quantity,dtype,item_id) values (?,?,?,'Book',?)
insert into item (name,price,quantity,dtype,item_id) values ('i',103,103,'Book',103);
2024-04-29T19:41:38.204+09:00 DEBUG 58944 --- [project] [    Test worker] org.hibernate.SQL                        : 
    insert 
    into
        book
        (author, isbn, item_id) 
    values
        (?, ?, ?)
Hibernate: 
    insert 
    into
        book
        (author, isbn, item_id) 
    values
        (?, ?, ?)
2024-04-29T19:41:38.205+09:00  INFO 58944 --- [project] [    Test worker] p6spy                                    : #1714387298205 | took 0ms | statement | connection 6| url jdbc:mysql://127.0.0.1:3306/project?serverTimezone=Asia/Seoul
insert into book (author,isbn,item_id) values (?,?,?)
insert into book (author,isbn,item_id) values ('i','i',103);
2024-04-29T19:41:38.206+09:00 DEBUG 58944 --- [project] [    Test worker] org.hibernate.SQL                        : 
    insert 
    into
        upload_file
        (item_id, store_file_name, upload_file_name, file_id) 
    values
        (?, ?, ?, ?)
Hibernate: 
    insert 
    into
        upload_file
        (item_id, store_file_name, upload_file_name, file_id) 
    values
        (?, ?, ?, ?)
2024-04-29T19:41:38.207+09:00  INFO 58944 --- [project] [    Test worker] p6spy                                    : #1714387298207 | took 0ms | statement | connection 6| url jdbc:mysql://127.0.0.1:3306/project?serverTimezone=Asia/Seoul
insert into upload_file (item_id,store_file_name,upload_file_name,file_id) values (?,?,?,?)
insert into upload_file (item_id,store_file_name,upload_file_name,file_id) values (103,'java.io.StringReader@2d4df467','java.io.StringReader@65c2610f',103);
2024-04-29T19:41:38.207+09:00 DEBUG 58944 --- [project] [    Test worker] org.hibernate.SQL                        : 
    insert 
    into
        item
        (name, price, quantity, dtype, item_id) 
    values
        (?, ?, ?, 'Book', ?)
Hibernate: 
    insert 
    into
        item
        (name, price, quantity, dtype, item_id) 
    values
        (?, ?, ?, 'Book', ?)
2024-04-29T19:41:38.208+09:00  INFO 58944 --- [project] [    Test worker] p6spy                                    : #1714387298208 | took 0ms | statement | connection 6| url jdbc:mysql://127.0.0.1:3306/project?serverTimezone=Asia/Seoul
insert into item (name,price,quantity,dtype,item_id) values (?,?,?,'Book',?)
insert into item (name,price,quantity,dtype,item_id) values ('i',104,104,'Book',104);
2024-04-29T19:41:38.208+09:00 DEBUG 58944 --- [project] [    Test worker] org.hibernate.SQL                        : 
    insert 
    into
        book
        (author, isbn, item_id) 
    values
        (?, ?, ?)
Hibernate: 
    insert 
    into
        book
        (author, isbn, item_id) 
    values
        (?, ?, ?)
2024-04-29T19:41:38.208+09:00  INFO 58944 --- [project] [    Test worker] p6spy                                    : #1714387298208 | took 0ms | statement | connection 6| url jdbc:mysql://127.0.0.1:3306/project?serverTimezone=Asia/Seoul
insert into book (author,isbn,item_id) values (?,?,?)
insert into book (author,isbn,item_id) values ('i','i',104);
2024-04-29T19:41:38.209+09:00 DEBUG 58944 --- [project] [    Test worker] org.hibernate.SQL                        : 
    insert 
    into
        upload_file
        (item_id, store_file_name, upload_file_name, file_id) 
    values
        (?, ?, ?, ?)
Hibernate: 
    insert 
    into
        upload_file
        (item_id, store_file_name, upload_file_name, file_id) 
    values
        (?, ?, ?, ?)
2024-04-29T19:41:38.209+09:00  INFO 58944 --- [project] [    Test worker] p6spy                                    : #1714387298209 | took 0ms | statement | connection 6| url jdbc:mysql://127.0.0.1:3306/project?serverTimezone=Asia/Seoul
insert into upload_file (item_id,store_file_name,upload_file_name,file_id) values (?,?,?,?)
insert into upload_file (item_id,store_file_name,upload_file_name,file_id) values (104,'java.io.StringReader@66abb7d4','java.io.StringReader@494f74cd',104);
2024-04-29T19:41:38.209+09:00 DEBUG 58944 --- [project] [    Test worker] org.hibernate.SQL                        : 
    insert 
    into
        item
        (name, price, quantity, dtype, item_id) 
    values
        (?, ?, ?, 'Book', ?)
Hibernate: 
    insert 
    into
        item
        (name, price, quantity, dtype, item_id) 
    values
        (?, ?, ?, 'Book', ?)
2024-04-29T19:41:38.210+09:00  INFO 58944 --- [project] [    Test worker] p6spy                                    : #1714387298210 | took 0ms | statement | connection 6| url jdbc:mysql://127.0.0.1:3306/project?serverTimezone=Asia/Seoul
insert into item (name,price,quantity,dtype,item_id) values (?,?,?,'Book',?)
insert into item (name,price,quantity,dtype,item_id) values ('i',105,105,'Book',105);
2024-04-29T19:41:38.210+09:00 DEBUG 58944 --- [project] [    Test worker] org.hibernate.SQL                        : 
    insert 
    into
        book
        (author, isbn, item_id) 
    values
        (?, ?, ?)
Hibernate: 
    insert 
    into
        book
        (author, isbn, item_id) 
    values
        (?, ?, ?)
2024-04-29T19:41:38.210+09:00  INFO 58944 --- [project] [    Test worker] p6spy                                    : #1714387298210 | took 0ms | statement | connection 6| url jdbc:mysql://127.0.0.1:3306/project?serverTimezone=Asia/Seoul
insert into book (author,isbn,item_id) values (?,?,?)
insert into book (author,isbn,item_id) values ('i','i',105);
2024-04-29T19:41:38.210+09:00 DEBUG 58944 --- [project] [    Test worker] org.hibernate.SQL                        : 
    insert 
    into
        upload_file
        (item_id, store_file_name, upload_file_name, file_id) 
    values
        (?, ?, ?, ?)
Hibernate: 
    insert 
    into
        upload_file
        (item_id, store_file_name, upload_file_name, file_id) 
    values
        (?, ?, ?, ?)
2024-04-29T19:41:38.210+09:00  INFO 58944 --- [project] [    Test worker] p6spy                                    : #1714387298210 | took 0ms | statement | connection 6| url jdbc:mysql://127.0.0.1:3306/project?serverTimezone=Asia/Seoul
insert into upload_file (item_id,store_file_name,upload_file_name,file_id) values (?,?,?,?)
insert into upload_file (item_id,store_file_name,upload_file_name,file_id) values (105,'java.io.StringReader@40eb85e9','java.io.StringReader@5f58ac11',105);
2024-04-29T19:41:38.211+09:00 DEBUG 58944 --- [project] [    Test worker] org.hibernate.SQL                        : 
    insert 
    into
        item
        (name, price, quantity, dtype, item_id) 
    values
        (?, ?, ?, 'Book', ?)
Hibernate: 
    insert 
    into
        item
        (name, price, quantity, dtype, item_id) 
    values
        (?, ?, ?, 'Book', ?)
2024-04-29T19:41:38.211+09:00  INFO 58944 --- [project] [    Test worker] p6spy                                    : #1714387298211 | took 0ms | statement | connection 6| url jdbc:mysql://127.0.0.1:3306/project?serverTimezone=Asia/Seoul
insert into item (name,price,quantity,dtype,item_id) values (?,?,?,'Book',?)
insert into item (name,price,quantity,dtype,item_id) values ('i',106,106,'Book',106);
2024-04-29T19:41:38.211+09:00 DEBUG 58944 --- [project] [    Test worker] org.hibernate.SQL                        : 
    insert 
    into
        book
        (author, isbn, item_id) 
    values
        (?, ?, ?)
Hibernate: 
    insert 
    into
        book
        (author, isbn, item_id) 
    values
        (?, ?, ?)
2024-04-29T19:41:38.212+09:00  INFO 58944 --- [project] [    Test worker] p6spy                                    : #1714387298212 | took 0ms | statement | connection 6| url jdbc:mysql://127.0.0.1:3306/project?serverTimezone=Asia/Seoul
insert into book (author,isbn,item_id) values (?,?,?)
insert into book (author,isbn,item_id) values ('i','i',106);
2024-04-29T19:41:38.212+09:00 DEBUG 58944 --- [project] [    Test worker] org.hibernate.SQL                        : 
    insert 
    into
        upload_file
        (item_id, store_file_name, upload_file_name, file_id) 
    values
        (?, ?, ?, ?)
Hibernate: 
    insert 
    into
        upload_file
        (item_id, store_file_name, upload_file_name, file_id) 
    values
        (?, ?, ?, ?)
2024-04-29T19:41:38.213+09:00  INFO 58944 --- [project] [    Test worker] p6spy                                    : #1714387298213 | took 0ms | statement | connection 6| url jdbc:mysql://127.0.0.1:3306/project?serverTimezone=Asia/Seoul
insert into upload_file (item_id,store_file_name,upload_file_name,file_id) values (?,?,?,?)
insert into upload_file (item_id,store_file_name,upload_file_name,file_id) values (106,'java.io.StringReader@58965e17','java.io.StringReader@5e4874ae',106);
2024-04-29T19:41:38.213+09:00 DEBUG 58944 --- [project] [    Test worker] org.hibernate.SQL                        : 
    insert 
    into
        item
        (name, price, quantity, dtype, item_id) 
    values
        (?, ?, ?, 'Book', ?)
Hibernate: 
    insert 
    into
        item
        (name, price, quantity, dtype, item_id) 
    values
        (?, ?, ?, 'Book', ?)
2024-04-29T19:41:38.213+09:00  INFO 58944 --- [project] [    Test worker] p6spy                                    : #1714387298213 | took 0ms | statement | connection 6| url jdbc:mysql://127.0.0.1:3306/project?serverTimezone=Asia/Seoul
insert into item (name,price,quantity,dtype,item_id) values (?,?,?,'Book',?)
insert into item (name,price,quantity,dtype,item_id) values ('i',107,107,'Book',107);
2024-04-29T19:41:38.214+09:00 DEBUG 58944 --- [project] [    Test worker] org.hibernate.SQL                        : 
    insert 
    into
        book
        (author, isbn, item_id) 
    values
        (?, ?, ?)
Hibernate: 
    insert 
    into
        book
        (author, isbn, item_id) 
    values
        (?, ?, ?)
2024-04-29T19:41:38.214+09:00  INFO 58944 --- [project] [    Test worker] p6spy                                    : #1714387298214 | took 0ms | statement | connection 6| url jdbc:mysql://127.0.0.1:3306/project?serverTimezone=Asia/Seoul
insert into book (author,isbn,item_id) values (?,?,?)
insert into book (author,isbn,item_id) values ('i','i',107);
2024-04-29T19:41:38.216+09:00 DEBUG 58944 --- [project] [    Test worker] org.hibernate.SQL                        : 
    insert 
    into
        upload_file
        (item_id, store_file_name, upload_file_name, file_id) 
    values
        (?, ?, ?, ?)
Hibernate: 
    insert 
    into
        upload_file
        (item_id, store_file_name, upload_file_name, file_id) 
    values
        (?, ?, ?, ?)
2024-04-29T19:41:38.218+09:00  INFO 58944 --- [project] [    Test worker] p6spy                                    : #1714387298218 | took 0ms | statement | connection 6| url jdbc:mysql://127.0.0.1:3306/project?serverTimezone=Asia/Seoul
insert into upload_file (item_id,store_file_name,upload_file_name,file_id) values (?,?,?,?)
insert into upload_file (item_id,store_file_name,upload_file_name,file_id) values (107,'java.io.StringReader@64c189d8','java.io.StringReader@294ffc88',107);
2024-04-29T19:41:38.218+09:00 DEBUG 58944 --- [project] [    Test worker] org.hibernate.SQL                        : 
    insert 
    into
        item
        (name, price, quantity, dtype, item_id) 
    values
        (?, ?, ?, 'Book', ?)
Hibernate: 
    insert 
    into
        item
        (name, price, quantity, dtype, item_id) 
    values
        (?, ?, ?, 'Book', ?)
2024-04-29T19:41:38.220+09:00  INFO 58944 --- [project] [    Test worker] p6spy                                    : #1714387298220 | took 1ms | statement | connection 6| url jdbc:mysql://127.0.0.1:3306/project?serverTimezone=Asia/Seoul
insert into item (name,price,quantity,dtype,item_id) values (?,?,?,'Book',?)
insert into item (name,price,quantity,dtype,item_id) values ('i',108,108,'Book',108);
2024-04-29T19:41:38.220+09:00 DEBUG 58944 --- [project] [    Test worker] org.hibernate.SQL                        : 
    insert 
    into
        book
        (author, isbn, item_id) 
    values
        (?, ?, ?)
Hibernate: 
    insert 
    into
        book
        (author, isbn, item_id) 
    values
        (?, ?, ?)
2024-04-29T19:41:38.222+09:00  INFO 58944 --- [project] [    Test worker] p6spy                                    : #1714387298222 | took 0ms | statement | connection 6| url jdbc:mysql://127.0.0.1:3306/project?serverTimezone=Asia/Seoul
insert into book (author,isbn,item_id) values (?,?,?)
insert into book (author,isbn,item_id) values ('i','i',108);
2024-04-29T19:41:38.222+09:00 DEBUG 58944 --- [project] [    Test worker] org.hibernate.SQL                        : 
    insert 
    into
        upload_file
        (item_id, store_file_name, upload_file_name, file_id) 
    values
        (?, ?, ?, ?)
Hibernate: 
    insert 
    into
        upload_file
        (item_id, store_file_name, upload_file_name, file_id) 
    values
        (?, ?, ?, ?)
2024-04-29T19:41:38.222+09:00  INFO 58944 --- [project] [    Test worker] p6spy                                    : #1714387298222 | took 0ms | statement | connection 6| url jdbc:mysql://127.0.0.1:3306/project?serverTimezone=Asia/Seoul
insert into upload_file (item_id,store_file_name,upload_file_name,file_id) values (?,?,?,?)
insert into upload_file (item_id,store_file_name,upload_file_name,file_id) values (108,'java.io.StringReader@4dbcc8ce','java.io.StringReader@60a98fa6',108);
2024-04-29T19:41:38.222+09:00 DEBUG 58944 --- [project] [    Test worker] org.hibernate.SQL                        : 
    insert 
    into
        item
        (name, price, quantity, dtype, item_id) 
    values
        (?, ?, ?, 'Book', ?)
Hibernate: 
    insert 
    into
        item
        (name, price, quantity, dtype, item_id) 
    values
        (?, ?, ?, 'Book', ?)
2024-04-29T19:41:38.223+09:00  INFO 58944 --- [project] [    Test worker] p6spy                                    : #1714387298223 | took 0ms | statement | connection 6| url jdbc:mysql://127.0.0.1:3306/project?serverTimezone=Asia/Seoul
insert into item (name,price,quantity,dtype,item_id) values (?,?,?,'Book',?)
insert into item (name,price,quantity,dtype,item_id) values ('i',109,109,'Book',109);
2024-04-29T19:41:38.223+09:00 DEBUG 58944 --- [project] [    Test worker] org.hibernate.SQL                        : 
    insert 
    into
        book
        (author, isbn, item_id) 
    values
        (?, ?, ?)
Hibernate: 
    insert 
    into
        book
        (author, isbn, item_id) 
    values
        (?, ?, ?)
2024-04-29T19:41:38.223+09:00  INFO 58944 --- [project] [    Test worker] p6spy                                    : #1714387298223 | took 0ms | statement | connection 6| url jdbc:mysql://127.0.0.1:3306/project?serverTimezone=Asia/Seoul
insert into book (author,isbn,item_id) values (?,?,?)
insert into book (author,isbn,item_id) values ('i','i',109);
2024-04-29T19:41:38.223+09:00 DEBUG 58944 --- [project] [    Test worker] org.hibernate.SQL                        : 
    insert 
    into
        upload_file
        (item_id, store_file_name, upload_file_name, file_id) 
    values
        (?, ?, ?, ?)
Hibernate: 
    insert 
    into
        upload_file
        (item_id, store_file_name, upload_file_name, file_id) 
    values
        (?, ?, ?, ?)
2024-04-29T19:41:38.225+09:00  INFO 58944 --- [project] [    Test worker] p6spy                                    : #1714387298225 | took 0ms | statement | connection 6| url jdbc:mysql://127.0.0.1:3306/project?serverTimezone=Asia/Seoul
insert into upload_file (item_id,store_file_name,upload_file_name,file_id) values (?,?,?,?)
insert into upload_file (item_id,store_file_name,upload_file_name,file_id) values (109,'java.io.StringReader@633e4742','java.io.StringReader@2bf83b29',109);
2024-04-29T19:41:38.225+09:00 DEBUG 58944 --- [project] [    Test worker] org.hibernate.SQL                        : 
    insert 
    into
        item
        (name, price, quantity, dtype, item_id) 
    values
        (?, ?, ?, 'Book', ?)
Hibernate: 
    insert 
    into
        item
        (name, price, quantity, dtype, item_id) 
    values
        (?, ?, ?, 'Book', ?)
2024-04-29T19:41:38.225+09:00  INFO 58944 --- [project] [    Test worker] p6spy                                    : #1714387298225 | took 0ms | statement | connection 6| url jdbc:mysql://127.0.0.1:3306/project?serverTimezone=Asia/Seoul
insert into item (name,price,quantity,dtype,item_id) values (?,?,?,'Book',?)
insert into item (name,price,quantity,dtype,item_id) values ('i',110,110,'Book',110);
2024-04-29T19:41:38.225+09:00 DEBUG 58944 --- [project] [    Test worker] org.hibernate.SQL                        : 
    insert 
    into
        book
        (author, isbn, item_id) 
    values
        (?, ?, ?)
Hibernate: 
    insert 
    into
        book
        (author, isbn, item_id) 
    values
        (?, ?, ?)
2024-04-29T19:41:38.226+09:00  INFO 58944 --- [project] [    Test worker] p6spy                                    : #1714387298226 | took 0ms | statement | connection 6| url jdbc:mysql://127.0.0.1:3306/project?serverTimezone=Asia/Seoul
insert into book (author,isbn,item_id) values (?,?,?)
insert into book (author,isbn,item_id) values ('i','i',110);
2024-04-29T19:41:38.226+09:00 DEBUG 58944 --- [project] [    Test worker] org.hibernate.SQL                        : 
    insert 
    into
        upload_file
        (item_id, store_file_name, upload_file_name, file_id) 
    values
        (?, ?, ?, ?)
Hibernate: 
    insert 
    into
        upload_file
        (item_id, store_file_name, upload_file_name, file_id) 
    values
        (?, ?, ?, ?)
2024-04-29T19:41:38.226+09:00  INFO 58944 --- [project] [    Test worker] p6spy                                    : #1714387298226 | took 0ms | statement | connection 6| url jdbc:mysql://127.0.0.1:3306/project?serverTimezone=Asia/Seoul
insert into upload_file (item_id,store_file_name,upload_file_name,file_id) values (?,?,?,?)
insert into upload_file (item_id,store_file_name,upload_file_name,file_id) values (110,'java.io.StringReader@7bd6a7f9','java.io.StringReader@690b6292',110);
2024-04-29T19:41:38.226+09:00 DEBUG 58944 --- [project] [    Test worker] org.hibernate.SQL                        : 
    insert 
    into
        item
        (name, price, quantity, dtype, item_id) 
    values
        (?, ?, ?, 'Book', ?)
Hibernate: 
    insert 
    into
        item
        (name, price, quantity, dtype, item_id) 
    values
        (?, ?, ?, 'Book', ?)
2024-04-29T19:41:38.227+09:00  INFO 58944 --- [project] [    Test worker] p6spy                                    : #1714387298227 | took 0ms | statement | connection 6| url jdbc:mysql://127.0.0.1:3306/project?serverTimezone=Asia/Seoul
insert into item (name,price,quantity,dtype,item_id) values (?,?,?,'Book',?)
insert into item (name,price,quantity,dtype,item_id) values ('i',111,111,'Book',111);
2024-04-29T19:41:38.227+09:00 DEBUG 58944 --- [project] [    Test worker] org.hibernate.SQL                        : 
    insert 
    into
        book
        (author, isbn, item_id) 
    values
        (?, ?, ?)
Hibernate: 
    insert 
    into
        book
        (author, isbn, item_id) 
    values
        (?, ?, ?)
2024-04-29T19:41:38.227+09:00  INFO 58944 --- [project] [    Test worker] p6spy                                    : #1714387298227 | took 0ms | statement | connection 6| url jdbc:mysql://127.0.0.1:3306/project?serverTimezone=Asia/Seoul
insert into book (author,isbn,item_id) values (?,?,?)
insert into book (author,isbn,item_id) values ('i','i',111);
2024-04-29T19:41:38.227+09:00 DEBUG 58944 --- [project] [    Test worker] org.hibernate.SQL                        : 
    insert 
    into
        upload_file
        (item_id, store_file_name, upload_file_name, file_id) 
    values
        (?, ?, ?, ?)
Hibernate: 
    insert 
    into
        upload_file
        (item_id, store_file_name, upload_file_name, file_id) 
    values
        (?, ?, ?, ?)
2024-04-29T19:41:38.227+09:00  INFO 58944 --- [project] [    Test worker] p6spy                                    : #1714387298227 | took 0ms | statement | connection 6| url jdbc:mysql://127.0.0.1:3306/project?serverTimezone=Asia/Seoul
insert into upload_file (item_id,store_file_name,upload_file_name,file_id) values (?,?,?,?)
insert into upload_file (item_id,store_file_name,upload_file_name,file_id) values (111,'java.io.StringReader@605610e5','java.io.StringReader@515d6c9f',111);
2024-04-29T19:41:38.228+09:00 DEBUG 58944 --- [project] [    Test worker] org.hibernate.SQL                        : 
    insert 
    into
        item
        (name, price, quantity, dtype, item_id) 
    values
        (?, ?, ?, 'Book', ?)
Hibernate: 
    insert 
    into
        item
        (name, price, quantity, dtype, item_id) 
    values
        (?, ?, ?, 'Book', ?)
2024-04-29T19:41:38.229+09:00  INFO 58944 --- [project] [    Test worker] p6spy                                    : #1714387298229 | took 0ms | statement | connection 6| url jdbc:mysql://127.0.0.1:3306/project?serverTimezone=Asia/Seoul
insert into item (name,price,quantity,dtype,item_id) values (?,?,?,'Book',?)
insert into item (name,price,quantity,dtype,item_id) values ('i',112,112,'Book',112);
2024-04-29T19:41:38.229+09:00 DEBUG 58944 --- [project] [    Test worker] org.hibernate.SQL                        : 
    insert 
    into
        book
        (author, isbn, item_id) 
    values
        (?, ?, ?)
Hibernate: 
    insert 
    into
        book
        (author, isbn, item_id) 
    values
        (?, ?, ?)
2024-04-29T19:41:38.230+09:00  INFO 58944 --- [project] [    Test worker] p6spy                                    : #1714387298230 | took 0ms | statement | connection 6| url jdbc:mysql://127.0.0.1:3306/project?serverTimezone=Asia/Seoul
insert into book (author,isbn,item_id) values (?,?,?)
insert into book (author,isbn,item_id) values ('i','i',112);
2024-04-29T19:41:38.230+09:00 DEBUG 58944 --- [project] [    Test worker] org.hibernate.SQL                        : 
    insert 
    into
        upload_file
        (item_id, store_file_name, upload_file_name, file_id) 
    values
        (?, ?, ?, ?)
Hibernate: 
    insert 
    into
        upload_file
        (item_id, store_file_name, upload_file_name, file_id) 
    values
        (?, ?, ?, ?)
2024-04-29T19:41:38.231+09:00  INFO 58944 --- [project] [    Test worker] p6spy                                    : #1714387298231 | took 0ms | statement | connection 6| url jdbc:mysql://127.0.0.1:3306/project?serverTimezone=Asia/Seoul
insert into upload_file (item_id,store_file_name,upload_file_name,file_id) values (?,?,?,?)
insert into upload_file (item_id,store_file_name,upload_file_name,file_id) values (112,'java.io.StringReader@6dd65b79','java.io.StringReader@1b136640',112);
2024-04-29T19:41:38.231+09:00 DEBUG 58944 --- [project] [    Test worker] org.hibernate.SQL                        : 
    insert 
    into
        item
        (name, price, quantity, dtype, item_id) 
    values
        (?, ?, ?, 'Book', ?)
Hibernate: 
    insert 
    into
        item
        (name, price, quantity, dtype, item_id) 
    values
        (?, ?, ?, 'Book', ?)
2024-04-29T19:41:38.232+09:00  INFO 58944 --- [project] [    Test worker] p6spy                                    : #1714387298232 | took 0ms | statement | connection 6| url jdbc:mysql://127.0.0.1:3306/project?serverTimezone=Asia/Seoul
insert into item (name,price,quantity,dtype,item_id) values (?,?,?,'Book',?)
insert into item (name,price,quantity,dtype,item_id) values ('i',113,113,'Book',113);
2024-04-29T19:41:38.232+09:00 DEBUG 58944 --- [project] [    Test worker] org.hibernate.SQL                        : 
    insert 
    into
        book
        (author, isbn, item_id) 
    values
        (?, ?, ?)
Hibernate: 
    insert 
    into
        book
        (author, isbn, item_id) 
    values
        (?, ?, ?)
2024-04-29T19:41:38.232+09:00  INFO 58944 --- [project] [    Test worker] p6spy                                    : #1714387298232 | took 0ms | statement | connection 6| url jdbc:mysql://127.0.0.1:3306/project?serverTimezone=Asia/Seoul
insert into book (author,isbn,item_id) values (?,?,?)
insert into book (author,isbn,item_id) values ('i','i',113);
2024-04-29T19:41:38.232+09:00 DEBUG 58944 --- [project] [    Test worker] org.hibernate.SQL                        : 
    insert 
    into
        upload_file
        (item_id, store_file_name, upload_file_name, file_id) 
    values
        (?, ?, ?, ?)
Hibernate: 
    insert 
    into
        upload_file
        (item_id, store_file_name, upload_file_name, file_id) 
    values
        (?, ?, ?, ?)
2024-04-29T19:41:38.232+09:00  INFO 58944 --- [project] [    Test worker] p6spy                                    : #1714387298232 | took 0ms | statement | connection 6| url jdbc:mysql://127.0.0.1:3306/project?serverTimezone=Asia/Seoul
insert into upload_file (item_id,store_file_name,upload_file_name,file_id) values (?,?,?,?)
insert into upload_file (item_id,store_file_name,upload_file_name,file_id) values (113,'java.io.StringReader@6c30efc4','java.io.StringReader@10847aeb',113);
2024-04-29T19:41:38.233+09:00 DEBUG 58944 --- [project] [    Test worker] org.hibernate.SQL                        : 
    insert 
    into
        item
        (name, price, quantity, dtype, item_id) 
    values
        (?, ?, ?, 'Book', ?)
Hibernate: 
    insert 
    into
        item
        (name, price, quantity, dtype, item_id) 
    values
        (?, ?, ?, 'Book', ?)
2024-04-29T19:41:38.233+09:00  INFO 58944 --- [project] [    Test worker] p6spy                                    : #1714387298233 | took 0ms | statement | connection 6| url jdbc:mysql://127.0.0.1:3306/project?serverTimezone=Asia/Seoul
insert into item (name,price,quantity,dtype,item_id) values (?,?,?,'Book',?)
insert into item (name,price,quantity,dtype,item_id) values ('i',114,114,'Book',114);
2024-04-29T19:41:38.233+09:00 DEBUG 58944 --- [project] [    Test worker] org.hibernate.SQL                        : 
    insert 
    into
        book
        (author, isbn, item_id) 
    values
        (?, ?, ?)
Hibernate: 
    insert 
    into
        book
        (author, isbn, item_id) 
    values
        (?, ?, ?)
2024-04-29T19:41:38.233+09:00  INFO 58944 --- [project] [    Test worker] p6spy                                    : #1714387298233 | took 0ms | statement | connection 6| url jdbc:mysql://127.0.0.1:3306/project?serverTimezone=Asia/Seoul
insert into book (author,isbn,item_id) values (?,?,?)
insert into book (author,isbn,item_id) values ('i','i',114);
2024-04-29T19:41:38.234+09:00 DEBUG 58944 --- [project] [    Test worker] org.hibernate.SQL                        : 
    insert 
    into
        upload_file
        (item_id, store_file_name, upload_file_name, file_id) 
    values
        (?, ?, ?, ?)
Hibernate: 
    insert 
    into
        upload_file
        (item_id, store_file_name, upload_file_name, file_id) 
    values
        (?, ?, ?, ?)
2024-04-29T19:41:38.234+09:00  INFO 58944 --- [project] [    Test worker] p6spy                                    : #1714387298234 | took 0ms | statement | connection 6| url jdbc:mysql://127.0.0.1:3306/project?serverTimezone=Asia/Seoul
insert into upload_file (item_id,store_file_name,upload_file_name,file_id) values (?,?,?,?)
insert into upload_file (item_id,store_file_name,upload_file_name,file_id) values (114,'java.io.StringReader@f54cdc4','java.io.StringReader@7241872c',114);
2024-04-29T19:41:38.234+09:00 DEBUG 58944 --- [project] [    Test worker] org.hibernate.SQL                        : 
    insert 
    into
        item
        (name, price, quantity, dtype, item_id) 
    values
        (?, ?, ?, 'Book', ?)
Hibernate: 
    insert 
    into
        item
        (name, price, quantity, dtype, item_id) 
    values
        (?, ?, ?, 'Book', ?)
2024-04-29T19:41:38.235+09:00  INFO 58944 --- [project] [    Test worker] p6spy                                    : #1714387298235 | took 0ms | statement | connection 6| url jdbc:mysql://127.0.0.1:3306/project?serverTimezone=Asia/Seoul
insert into item (name,price,quantity,dtype,item_id) values (?,?,?,'Book',?)
insert into item (name,price,quantity,dtype,item_id) values ('i',115,115,'Book',115);
2024-04-29T19:41:38.235+09:00 DEBUG 58944 --- [project] [    Test worker] org.hibernate.SQL                        : 
    insert 
    into
        book
        (author, isbn, item_id) 
    values
        (?, ?, ?)
Hibernate: 
    insert 
    into
        book
        (author, isbn, item_id) 
    values
        (?, ?, ?)
2024-04-29T19:41:38.235+09:00  INFO 58944 --- [project] [    Test worker] p6spy                                    : #1714387298235 | took 0ms | statement | connection 6| url jdbc:mysql://127.0.0.1:3306/project?serverTimezone=Asia/Seoul
insert into book (author,isbn,item_id) values (?,?,?)
insert into book (author,isbn,item_id) values ('i','i',115);
2024-04-29T19:41:38.236+09:00 DEBUG 58944 --- [project] [    Test worker] org.hibernate.SQL                        : 
    insert 
    into
        upload_file
        (item_id, store_file_name, upload_file_name, file_id) 
    values
        (?, ?, ?, ?)
Hibernate: 
    insert 
    into
        upload_file
        (item_id, store_file_name, upload_file_name, file_id) 
    values
        (?, ?, ?, ?)
2024-04-29T19:41:38.236+09:00  INFO 58944 --- [project] [    Test worker] p6spy                                    : #1714387298236 | took 0ms | statement | connection 6| url jdbc:mysql://127.0.0.1:3306/project?serverTimezone=Asia/Seoul
insert into upload_file (item_id,store_file_name,upload_file_name,file_id) values (?,?,?,?)
insert into upload_file (item_id,store_file_name,upload_file_name,file_id) values (115,'java.io.StringReader@2e90a3de','java.io.StringReader@532860c7',115);
2024-04-29T19:41:38.236+09:00 DEBUG 58944 --- [project] [    Test worker] org.hibernate.SQL                        : 
    insert 
    into
        item
        (name, price, quantity, dtype, item_id) 
    values
        (?, ?, ?, 'Book', ?)
Hibernate: 
    insert 
    into
        item
        (name, price, quantity, dtype, item_id) 
    values
        (?, ?, ?, 'Book', ?)
2024-04-29T19:41:38.237+09:00  INFO 58944 --- [project] [    Test worker] p6spy                                    : #1714387298237 | took 0ms | statement | connection 6| url jdbc:mysql://127.0.0.1:3306/project?serverTimezone=Asia/Seoul
insert into item (name,price,quantity,dtype,item_id) values (?,?,?,'Book',?)
insert into item (name,price,quantity,dtype,item_id) values ('i',116,116,'Book',116);
2024-04-29T19:41:38.237+09:00 DEBUG 58944 --- [project] [    Test worker] org.hibernate.SQL                        : 
    insert 
    into
        book
        (author, isbn, item_id) 
    values
        (?, ?, ?)
Hibernate: 
    insert 
    into
        book
        (author, isbn, item_id) 
    values
        (?, ?, ?)
2024-04-29T19:41:38.238+09:00  INFO 58944 --- [project] [    Test worker] p6spy                                    : #1714387298238 | took 0ms | statement | connection 6| url jdbc:mysql://127.0.0.1:3306/project?serverTimezone=Asia/Seoul
insert into book (author,isbn,item_id) values (?,?,?)
insert into book (author,isbn,item_id) values ('i','i',116);
2024-04-29T19:41:38.238+09:00 DEBUG 58944 --- [project] [    Test worker] org.hibernate.SQL                        : 
    insert 
    into
        upload_file
        (item_id, store_file_name, upload_file_name, file_id) 
    values
        (?, ?, ?, ?)
Hibernate: 
    insert 
    into
        upload_file
        (item_id, store_file_name, upload_file_name, file_id) 
    values
        (?, ?, ?, ?)
2024-04-29T19:41:38.239+09:00  INFO 58944 --- [project] [    Test worker] p6spy                                    : #1714387298239 | took 1ms | statement | connection 6| url jdbc:mysql://127.0.0.1:3306/project?serverTimezone=Asia/Seoul
insert into upload_file (item_id,store_file_name,upload_file_name,file_id) values (?,?,?,?)
insert into upload_file (item_id,store_file_name,upload_file_name,file_id) values (116,'java.io.StringReader@c7485d2','java.io.StringReader@1ac65143',116);
2024-04-29T19:41:38.240+09:00 DEBUG 58944 --- [project] [    Test worker] org.hibernate.SQL                        : 
    insert 
    into
        item
        (name, price, quantity, dtype, item_id) 
    values
        (?, ?, ?, 'Book', ?)
Hibernate: 
    insert 
    into
        item
        (name, price, quantity, dtype, item_id) 
    values
        (?, ?, ?, 'Book', ?)
2024-04-29T19:41:38.244+09:00  INFO 58944 --- [project] [    Test worker] p6spy                                    : #1714387298244 | took 0ms | statement | connection 6| url jdbc:mysql://127.0.0.1:3306/project?serverTimezone=Asia/Seoul
insert into item (name,price,quantity,dtype,item_id) values (?,?,?,'Book',?)
insert into item (name,price,quantity,dtype,item_id) values ('i',117,117,'Book',117);
2024-04-29T19:41:38.244+09:00 DEBUG 58944 --- [project] [    Test worker] org.hibernate.SQL                        : 
    insert 
    into
        book
        (author, isbn, item_id) 
    values
        (?, ?, ?)
Hibernate: 
    insert 
    into
        book
        (author, isbn, item_id) 
    values
        (?, ?, ?)
2024-04-29T19:41:38.246+09:00  INFO 58944 --- [project] [    Test worker] p6spy                                    : #1714387298246 | took 0ms | statement | connection 6| url jdbc:mysql://127.0.0.1:3306/project?serverTimezone=Asia/Seoul
insert into book (author,isbn,item_id) values (?,?,?)
insert into book (author,isbn,item_id) values ('i','i',117);
2024-04-29T19:41:38.246+09:00 DEBUG 58944 --- [project] [    Test worker] org.hibernate.SQL                        : 
    insert 
    into
        upload_file
        (item_id, store_file_name, upload_file_name, file_id) 
    values
        (?, ?, ?, ?)
Hibernate: 
    insert 
    into
        upload_file
        (item_id, store_file_name, upload_file_name, file_id) 
    values
        (?, ?, ?, ?)
2024-04-29T19:41:38.250+09:00  INFO 58944 --- [project] [    Test worker] p6spy                                    : #1714387298250 | took 0ms | statement | connection 6| url jdbc:mysql://127.0.0.1:3306/project?serverTimezone=Asia/Seoul
insert into upload_file (item_id,store_file_name,upload_file_name,file_id) values (?,?,?,?)
insert into upload_file (item_id,store_file_name,upload_file_name,file_id) values (117,'java.io.StringReader@5af535ff','java.io.StringReader@161138c8',117);
2024-04-29T19:41:38.250+09:00 DEBUG 58944 --- [project] [    Test worker] org.hibernate.SQL                        : 
    insert 
    into
        item
        (name, price, quantity, dtype, item_id) 
    values
        (?, ?, ?, 'Book', ?)
Hibernate: 
    insert 
    into
        item
        (name, price, quantity, dtype, item_id) 
    values
        (?, ?, ?, 'Book', ?)
2024-04-29T19:41:38.252+09:00  INFO 58944 --- [project] [    Test worker] p6spy                                    : #1714387298252 | took 0ms | statement | connection 6| url jdbc:mysql://127.0.0.1:3306/project?serverTimezone=Asia/Seoul
insert into item (name,price,quantity,dtype,item_id) values (?,?,?,'Book',?)
insert into item (name,price,quantity,dtype,item_id) values ('i',118,118,'Book',118);
2024-04-29T19:41:38.252+09:00 DEBUG 58944 --- [project] [    Test worker] org.hibernate.SQL                        : 
    insert 
    into
        book
        (author, isbn, item_id) 
    values
        (?, ?, ?)
Hibernate: 
    insert 
    into
        book
        (author, isbn, item_id) 
    values
        (?, ?, ?)
2024-04-29T19:41:38.252+09:00  INFO 58944 --- [project] [    Test worker] p6spy                                    : #1714387298252 | took 0ms | statement | connection 6| url jdbc:mysql://127.0.0.1:3306/project?serverTimezone=Asia/Seoul
insert into book (author,isbn,item_id) values (?,?,?)
insert into book (author,isbn,item_id) values ('i','i',118);
2024-04-29T19:41:38.255+09:00 DEBUG 58944 --- [project] [    Test worker] org.hibernate.SQL                        : 
    insert 
    into
        upload_file
        (item_id, store_file_name, upload_file_name, file_id) 
    values
        (?, ?, ?, ?)
Hibernate: 
    insert 
    into
        upload_file
        (item_id, store_file_name, upload_file_name, file_id) 
    values
        (?, ?, ?, ?)
2024-04-29T19:41:38.256+09:00  INFO 58944 --- [project] [    Test worker] p6spy                                    : #1714387298256 | took 0ms | statement | connection 6| url jdbc:mysql://127.0.0.1:3306/project?serverTimezone=Asia/Seoul
insert into upload_file (item_id,store_file_name,upload_file_name,file_id) values (?,?,?,?)
insert into upload_file (item_id,store_file_name,upload_file_name,file_id) values (118,'java.io.StringReader@135ddb56','java.io.StringReader@8508dae',118);
2024-04-29T19:41:38.256+09:00 DEBUG 58944 --- [project] [    Test worker] org.hibernate.SQL                        : 
    insert 
    into
        item
        (name, price, quantity, dtype, item_id) 
    values
        (?, ?, ?, 'Book', ?)
Hibernate: 
    insert 
    into
        item
        (name, price, quantity, dtype, item_id) 
    values
        (?, ?, ?, 'Book', ?)
2024-04-29T19:41:38.257+09:00  INFO 58944 --- [project] [    Test worker] p6spy                                    : #1714387298257 | took 0ms | statement | connection 6| url jdbc:mysql://127.0.0.1:3306/project?serverTimezone=Asia/Seoul
insert into item (name,price,quantity,dtype,item_id) values (?,?,?,'Book',?)
insert into item (name,price,quantity,dtype,item_id) values ('i',119,119,'Book',119);
2024-04-29T19:41:38.257+09:00 DEBUG 58944 --- [project] [    Test worker] org.hibernate.SQL                        : 
    insert 
    into
        book
        (author, isbn, item_id) 
    values
        (?, ?, ?)
Hibernate: 
    insert 
    into
        book
        (author, isbn, item_id) 
    values
        (?, ?, ?)
2024-04-29T19:41:38.258+09:00  INFO 58944 --- [project] [    Test worker] p6spy                                    : #1714387298258 | took 0ms | statement | connection 6| url jdbc:mysql://127.0.0.1:3306/project?serverTimezone=Asia/Seoul
insert into book (author,isbn,item_id) values (?,?,?)
insert into book (author,isbn,item_id) values ('i','i',119);
2024-04-29T19:41:38.258+09:00 DEBUG 58944 --- [project] [    Test worker] org.hibernate.SQL                        : 
    insert 
    into
        upload_file
        (item_id, store_file_name, upload_file_name, file_id) 
    values
        (?, ?, ?, ?)
Hibernate: 
    insert 
    into
        upload_file
        (item_id, store_file_name, upload_file_name, file_id) 
    values
        (?, ?, ?, ?)
2024-04-29T19:41:38.258+09:00  INFO 58944 --- [project] [    Test worker] p6spy                                    : #1714387298258 | took 0ms | statement | connection 6| url jdbc:mysql://127.0.0.1:3306/project?serverTimezone=Asia/Seoul
insert into upload_file (item_id,store_file_name,upload_file_name,file_id) values (?,?,?,?)
insert into upload_file (item_id,store_file_name,upload_file_name,file_id) values (119,'java.io.StringReader@891f18f','java.io.StringReader@189e986f',119);
2024-04-29T19:41:38.259+09:00 DEBUG 58944 --- [project] [    Test worker] org.hibernate.SQL                        : 
    insert 
    into
        item
        (name, price, quantity, dtype, item_id) 
    values
        (?, ?, ?, 'Book', ?)
Hibernate: 
    insert 
    into
        item
        (name, price, quantity, dtype, item_id) 
    values
        (?, ?, ?, 'Book', ?)
2024-04-29T19:41:38.259+09:00  INFO 58944 --- [project] [    Test worker] p6spy                                    : #1714387298259 | took 0ms | statement | connection 6| url jdbc:mysql://127.0.0.1:3306/project?serverTimezone=Asia/Seoul
insert into item (name,price,quantity,dtype,item_id) values (?,?,?,'Book',?)
insert into item (name,price,quantity,dtype,item_id) values ('i',120,120,'Book',120);
2024-04-29T19:41:38.259+09:00 DEBUG 58944 --- [project] [    Test worker] org.hibernate.SQL                        : 
    insert 
    into
        book
        (author, isbn, item_id) 
    values
        (?, ?, ?)
Hibernate: 
    insert 
    into
        book
        (author, isbn, item_id) 
    values
        (?, ?, ?)
2024-04-29T19:41:38.260+09:00  INFO 58944 --- [project] [    Test worker] p6spy                                    : #1714387298260 | took 0ms | statement | connection 6| url jdbc:mysql://127.0.0.1:3306/project?serverTimezone=Asia/Seoul
insert into book (author,isbn,item_id) values (?,?,?)
insert into book (author,isbn,item_id) values ('i','i',120);
2024-04-29T19:41:38.261+09:00 DEBUG 58944 --- [project] [    Test worker] org.hibernate.SQL                        : 
    insert 
    into
        upload_file
        (item_id, store_file_name, upload_file_name, file_id) 
    values
        (?, ?, ?, ?)
Hibernate: 
    insert 
    into
        upload_file
        (item_id, store_file_name, upload_file_name, file_id) 
    values
        (?, ?, ?, ?)
2024-04-29T19:41:38.262+09:00  INFO 58944 --- [project] [    Test worker] p6spy                                    : #1714387298262 | took 0ms | statement | connection 6| url jdbc:mysql://127.0.0.1:3306/project?serverTimezone=Asia/Seoul
insert into upload_file (item_id,store_file_name,upload_file_name,file_id) values (?,?,?,?)
insert into upload_file (item_id,store_file_name,upload_file_name,file_id) values (120,'java.io.StringReader@5ce1b67b','java.io.StringReader@d05d8c3',120);
2024-04-29T19:41:38.263+09:00 DEBUG 58944 --- [project] [    Test worker] org.hibernate.SQL                        : 
    insert 
    into
        item
        (name, price, quantity, dtype, item_id) 
    values
        (?, ?, ?, 'Book', ?)
Hibernate: 
    insert 
    into
        item
        (name, price, quantity, dtype, item_id) 
    values
        (?, ?, ?, 'Book', ?)
2024-04-29T19:41:38.263+09:00  INFO 58944 --- [project] [    Test worker] p6spy                                    : #1714387298263 | took 0ms | statement | connection 6| url jdbc:mysql://127.0.0.1:3306/project?serverTimezone=Asia/Seoul
insert into item (name,price,quantity,dtype,item_id) values (?,?,?,'Book',?)
insert into item (name,price,quantity,dtype,item_id) values ('i',121,121,'Book',121);
2024-04-29T19:41:38.263+09:00 DEBUG 58944 --- [project] [    Test worker] org.hibernate.SQL                        : 
    insert 
    into
        book
        (author, isbn, item_id) 
    values
        (?, ?, ?)
Hibernate: 
    insert 
    into
        book
        (author, isbn, item_id) 
    values
        (?, ?, ?)
2024-04-29T19:41:38.264+09:00  INFO 58944 --- [project] [    Test worker] p6spy                                    : #1714387298264 | took 0ms | statement | connection 6| url jdbc:mysql://127.0.0.1:3306/project?serverTimezone=Asia/Seoul
insert into book (author,isbn,item_id) values (?,?,?)
insert into book (author,isbn,item_id) values ('i','i',121);
2024-04-29T19:41:38.264+09:00 DEBUG 58944 --- [project] [    Test worker] org.hibernate.SQL                        : 
    insert 
    into
        upload_file
        (item_id, store_file_name, upload_file_name, file_id) 
    values
        (?, ?, ?, ?)
Hibernate: 
    insert 
    into
        upload_file
        (item_id, store_file_name, upload_file_name, file_id) 
    values
        (?, ?, ?, ?)
2024-04-29T19:41:38.265+09:00  INFO 58944 --- [project] [    Test worker] p6spy                                    : #1714387298265 | took 0ms | statement | connection 6| url jdbc:mysql://127.0.0.1:3306/project?serverTimezone=Asia/Seoul
insert into upload_file (item_id,store_file_name,upload_file_name,file_id) values (?,?,?,?)
insert into upload_file (item_id,store_file_name,upload_file_name,file_id) values (121,'java.io.StringReader@34f636a5','java.io.StringReader@5d55eb7a',121);
2024-04-29T19:41:38.265+09:00 DEBUG 58944 --- [project] [    Test worker] org.hibernate.SQL                        : 
    insert 
    into
        item
        (name, price, quantity, dtype, item_id) 
    values
        (?, ?, ?, 'Book', ?)
Hibernate: 
    insert 
    into
        item
        (name, price, quantity, dtype, item_id) 
    values
        (?, ?, ?, 'Book', ?)
2024-04-29T19:41:38.266+09:00  INFO 58944 --- [project] [    Test worker] p6spy                                    : #1714387298266 | took 0ms | statement | connection 6| url jdbc:mysql://127.0.0.1:3306/project?serverTimezone=Asia/Seoul
insert into item (name,price,quantity,dtype,item_id) values (?,?,?,'Book',?)
insert into item (name,price,quantity,dtype,item_id) values ('i',122,122,'Book',122);
2024-04-29T19:41:38.266+09:00 DEBUG 58944 --- [project] [    Test worker] org.hibernate.SQL                        : 
    insert 
    into
        book
        (author, isbn, item_id) 
    values
        (?, ?, ?)
Hibernate: 
    insert 
    into
        book
        (author, isbn, item_id) 
    values
        (?, ?, ?)
2024-04-29T19:41:38.266+09:00  INFO 58944 --- [project] [    Test worker] p6spy                                    : #1714387298266 | took 0ms | statement | connection 6| url jdbc:mysql://127.0.0.1:3306/project?serverTimezone=Asia/Seoul
insert into book (author,isbn,item_id) values (?,?,?)
insert into book (author,isbn,item_id) values ('i','i',122);
2024-04-29T19:41:38.267+09:00 DEBUG 58944 --- [project] [    Test worker] org.hibernate.SQL                        : 
    insert 
    into
        upload_file
        (item_id, store_file_name, upload_file_name, file_id) 
    values
        (?, ?, ?, ?)
Hibernate: 
    insert 
    into
        upload_file
        (item_id, store_file_name, upload_file_name, file_id) 
    values
        (?, ?, ?, ?)
2024-04-29T19:41:38.269+09:00  INFO 58944 --- [project] [    Test worker] p6spy                                    : #1714387298269 | took 0ms | statement | connection 6| url jdbc:mysql://127.0.0.1:3306/project?serverTimezone=Asia/Seoul
insert into upload_file (item_id,store_file_name,upload_file_name,file_id) values (?,?,?,?)
insert into upload_file (item_id,store_file_name,upload_file_name,file_id) values (122,'java.io.StringReader@1380a19b','java.io.StringReader@49fb77d0',122);
2024-04-29T19:41:38.270+09:00 DEBUG 58944 --- [project] [    Test worker] org.hibernate.SQL                        : 
    insert 
    into
        item
        (name, price, quantity, dtype, item_id) 
    values
        (?, ?, ?, 'Book', ?)
Hibernate: 
    insert 
    into
        item
        (name, price, quantity, dtype, item_id) 
    values
        (?, ?, ?, 'Book', ?)
2024-04-29T19:41:38.271+09:00  INFO 58944 --- [project] [    Test worker] p6spy                                    : #1714387298271 | took 0ms | statement | connection 6| url jdbc:mysql://127.0.0.1:3306/project?serverTimezone=Asia/Seoul
insert into item (name,price,quantity,dtype,item_id) values (?,?,?,'Book',?)
insert into item (name,price,quantity,dtype,item_id) values ('i',123,123,'Book',123);
2024-04-29T19:41:38.271+09:00 DEBUG 58944 --- [project] [    Test worker] org.hibernate.SQL                        : 
    insert 
    into
        book
        (author, isbn, item_id) 
    values
        (?, ?, ?)
Hibernate: 
    insert 
    into
        book
        (author, isbn, item_id) 
    values
        (?, ?, ?)
2024-04-29T19:41:38.272+09:00  INFO 58944 --- [project] [    Test worker] p6spy                                    : #1714387298272 | took 0ms | statement | connection 6| url jdbc:mysql://127.0.0.1:3306/project?serverTimezone=Asia/Seoul
insert into book (author,isbn,item_id) values (?,?,?)
insert into book (author,isbn,item_id) values ('i','i',123);
2024-04-29T19:41:38.272+09:00 DEBUG 58944 --- [project] [    Test worker] org.hibernate.SQL                        : 
    insert 
    into
        upload_file
        (item_id, store_file_name, upload_file_name, file_id) 
    values
        (?, ?, ?, ?)
Hibernate: 
    insert 
    into
        upload_file
        (item_id, store_file_name, upload_file_name, file_id) 
    values
        (?, ?, ?, ?)
2024-04-29T19:41:38.273+09:00  INFO 58944 --- [project] [    Test worker] p6spy                                    : #1714387298273 | took 0ms | statement | connection 6| url jdbc:mysql://127.0.0.1:3306/project?serverTimezone=Asia/Seoul
insert into upload_file (item_id,store_file_name,upload_file_name,file_id) values (?,?,?,?)
insert into upload_file (item_id,store_file_name,upload_file_name,file_id) values (123,'java.io.StringReader@15c46930','java.io.StringReader@2c635953',123);
2024-04-29T19:41:38.273+09:00 DEBUG 58944 --- [project] [    Test worker] org.hibernate.SQL                        : 
    insert 
    into
        item
        (name, price, quantity, dtype, item_id) 
    values
        (?, ?, ?, 'Book', ?)
Hibernate: 
    insert 
    into
        item
        (name, price, quantity, dtype, item_id) 
    values
        (?, ?, ?, 'Book', ?)
2024-04-29T19:41:38.275+09:00  INFO 58944 --- [project] [    Test worker] p6spy                                    : #1714387298275 | took 0ms | statement | connection 6| url jdbc:mysql://127.0.0.1:3306/project?serverTimezone=Asia/Seoul
insert into item (name,price,quantity,dtype,item_id) values (?,?,?,'Book',?)
insert into item (name,price,quantity,dtype,item_id) values ('i',124,124,'Book',124);
2024-04-29T19:41:38.275+09:00 DEBUG 58944 --- [project] [    Test worker] org.hibernate.SQL                        : 
    insert 
    into
        book
        (author, isbn, item_id) 
    values
        (?, ?, ?)
Hibernate: 
    insert 
    into
        book
        (author, isbn, item_id) 
    values
        (?, ?, ?)
2024-04-29T19:41:38.276+09:00  INFO 58944 --- [project] [    Test worker] p6spy                                    : #1714387298276 | took 0ms | statement | connection 6| url jdbc:mysql://127.0.0.1:3306/project?serverTimezone=Asia/Seoul
insert into book (author,isbn,item_id) values (?,?,?)
insert into book (author,isbn,item_id) values ('i','i',124);
2024-04-29T19:41:38.276+09:00 DEBUG 58944 --- [project] [    Test worker] org.hibernate.SQL                        : 
    insert 
    into
        upload_file
        (item_id, store_file_name, upload_file_name, file_id) 
    values
        (?, ?, ?, ?)
Hibernate: 
    insert 
    into
        upload_file
        (item_id, store_file_name, upload_file_name, file_id) 
    values
        (?, ?, ?, ?)
2024-04-29T19:41:38.277+09:00  INFO 58944 --- [project] [    Test worker] p6spy                                    : #1714387298277 | took 0ms | statement | connection 6| url jdbc:mysql://127.0.0.1:3306/project?serverTimezone=Asia/Seoul
insert into upload_file (item_id,store_file_name,upload_file_name,file_id) values (?,?,?,?)
insert into upload_file (item_id,store_file_name,upload_file_name,file_id) values (124,'java.io.StringReader@6c40ae2d','java.io.StringReader@d0c3793',124);
2024-04-29T19:41:38.277+09:00 DEBUG 58944 --- [project] [    Test worker] org.hibernate.SQL                        : 
    insert 
    into
        item
        (name, price, quantity, dtype, item_id) 
    values
        (?, ?, ?, 'Book', ?)
Hibernate: 
    insert 
    into
        item
        (name, price, quantity, dtype, item_id) 
    values
        (?, ?, ?, 'Book', ?)
2024-04-29T19:41:38.278+09:00  INFO 58944 --- [project] [    Test worker] p6spy                                    : #1714387298278 | took 0ms | statement | connection 6| url jdbc:mysql://127.0.0.1:3306/project?serverTimezone=Asia/Seoul
insert into item (name,price,quantity,dtype,item_id) values (?,?,?,'Book',?)
insert into item (name,price,quantity,dtype,item_id) values ('i',125,125,'Book',125);
2024-04-29T19:41:38.278+09:00 DEBUG 58944 --- [project] [    Test worker] org.hibernate.SQL                        : 
    insert 
    into
        book
        (author, isbn, item_id) 
    values
        (?, ?, ?)
Hibernate: 
    insert 
    into
        book
        (author, isbn, item_id) 
    values
        (?, ?, ?)
2024-04-29T19:41:38.278+09:00  INFO 58944 --- [project] [    Test worker] p6spy                                    : #1714387298278 | took 0ms | statement | connection 6| url jdbc:mysql://127.0.0.1:3306/project?serverTimezone=Asia/Seoul
insert into book (author,isbn,item_id) values (?,?,?)
insert into book (author,isbn,item_id) values ('i','i',125);
2024-04-29T19:41:38.279+09:00 DEBUG 58944 --- [project] [    Test worker] org.hibernate.SQL                        : 
    insert 
    into
        upload_file
        (item_id, store_file_name, upload_file_name, file_id) 
    values
        (?, ?, ?, ?)
Hibernate: 
    insert 
    into
        upload_file
        (item_id, store_file_name, upload_file_name, file_id) 
    values
        (?, ?, ?, ?)
2024-04-29T19:41:38.279+09:00  INFO 58944 --- [project] [    Test worker] p6spy                                    : #1714387298279 | took 0ms | statement | connection 6| url jdbc:mysql://127.0.0.1:3306/project?serverTimezone=Asia/Seoul
insert into upload_file (item_id,store_file_name,upload_file_name,file_id) values (?,?,?,?)
insert into upload_file (item_id,store_file_name,upload_file_name,file_id) values (125,'java.io.StringReader@43c76550','java.io.StringReader@70d3b49c',125);
2024-04-29T19:41:38.280+09:00 DEBUG 58944 --- [project] [    Test worker] org.hibernate.SQL                        : 
    insert 
    into
        item
        (name, price, quantity, dtype, item_id) 
    values
        (?, ?, ?, 'Book', ?)
Hibernate: 
    insert 
    into
        item
        (name, price, quantity, dtype, item_id) 
    values
        (?, ?, ?, 'Book', ?)
2024-04-29T19:41:38.280+09:00  INFO 58944 --- [project] [    Test worker] p6spy                                    : #1714387298280 | took 0ms | statement | connection 6| url jdbc:mysql://127.0.0.1:3306/project?serverTimezone=Asia/Seoul
insert into item (name,price,quantity,dtype,item_id) values (?,?,?,'Book',?)
insert into item (name,price,quantity,dtype,item_id) values ('i',126,126,'Book',126);
2024-04-29T19:41:38.280+09:00 DEBUG 58944 --- [project] [    Test worker] org.hibernate.SQL                        : 
    insert 
    into
        book
        (author, isbn, item_id) 
    values
        (?, ?, ?)
Hibernate: 
    insert 
    into
        book
        (author, isbn, item_id) 
    values
        (?, ?, ?)
2024-04-29T19:41:38.281+09:00  INFO 58944 --- [project] [    Test worker] p6spy                                    : #1714387298281 | took 0ms | statement | connection 6| url jdbc:mysql://127.0.0.1:3306/project?serverTimezone=Asia/Seoul
insert into book (author,isbn,item_id) values (?,?,?)
insert into book (author,isbn,item_id) values ('i','i',126);
2024-04-29T19:41:38.281+09:00 DEBUG 58944 --- [project] [    Test worker] org.hibernate.SQL                        : 
    insert 
    into
        upload_file
        (item_id, store_file_name, upload_file_name, file_id) 
    values
        (?, ?, ?, ?)
Hibernate: 
    insert 
    into
        upload_file
        (item_id, store_file_name, upload_file_name, file_id) 
    values
        (?, ?, ?, ?)
2024-04-29T19:41:38.282+09:00  INFO 58944 --- [project] [    Test worker] p6spy                                    : #1714387298282 | took 0ms | statement | connection 6| url jdbc:mysql://127.0.0.1:3306/project?serverTimezone=Asia/Seoul
insert into upload_file (item_id,store_file_name,upload_file_name,file_id) values (?,?,?,?)
insert into upload_file (item_id,store_file_name,upload_file_name,file_id) values (126,'java.io.StringReader@66c70e18','java.io.StringReader@1ea44b7',126);
2024-04-29T19:41:38.282+09:00 DEBUG 58944 --- [project] [    Test worker] org.hibernate.SQL                        : 
    insert 
    into
        item
        (name, price, quantity, dtype, item_id) 
    values
        (?, ?, ?, 'Book', ?)
Hibernate: 
    insert 
    into
        item
        (name, price, quantity, dtype, item_id) 
    values
        (?, ?, ?, 'Book', ?)
2024-04-29T19:41:38.283+09:00  INFO 58944 --- [project] [    Test worker] p6spy                                    : #1714387298283 | took 0ms | statement | connection 6| url jdbc:mysql://127.0.0.1:3306/project?serverTimezone=Asia/Seoul
insert into item (name,price,quantity,dtype,item_id) values (?,?,?,'Book',?)
insert into item (name,price,quantity,dtype,item_id) values ('i',127,127,'Book',127);
2024-04-29T19:41:38.283+09:00 DEBUG 58944 --- [project] [    Test worker] org.hibernate.SQL                        : 
    insert 
    into
        book
        (author, isbn, item_id) 
    values
        (?, ?, ?)
Hibernate: 
    insert 
    into
        book
        (author, isbn, item_id) 
    values
        (?, ?, ?)
2024-04-29T19:41:38.284+09:00  INFO 58944 --- [project] [    Test worker] p6spy                                    : #1714387298284 | took 0ms | statement | connection 6| url jdbc:mysql://127.0.0.1:3306/project?serverTimezone=Asia/Seoul
insert into book (author,isbn,item_id) values (?,?,?)
insert into book (author,isbn,item_id) values ('i','i',127);
2024-04-29T19:41:38.285+09:00 DEBUG 58944 --- [project] [    Test worker] org.hibernate.SQL                        : 
    insert 
    into
        upload_file
        (item_id, store_file_name, upload_file_name, file_id) 
    values
        (?, ?, ?, ?)
Hibernate: 
    insert 
    into
        upload_file
        (item_id, store_file_name, upload_file_name, file_id) 
    values
        (?, ?, ?, ?)
2024-04-29T19:41:38.286+09:00  INFO 58944 --- [project] [    Test worker] p6spy                                    : #1714387298286 | took 0ms | statement | connection 6| url jdbc:mysql://127.0.0.1:3306/project?serverTimezone=Asia/Seoul
insert into upload_file (item_id,store_file_name,upload_file_name,file_id) values (?,?,?,?)
insert into upload_file (item_id,store_file_name,upload_file_name,file_id) values (127,'java.io.StringReader@66ade539','java.io.StringReader@3f07eede',127);
2024-04-29T19:41:38.287+09:00 DEBUG 58944 --- [project] [    Test worker] org.hibernate.SQL                        : 
    insert 
    into
        item
        (name, price, quantity, dtype, item_id) 
    values
        (?, ?, ?, 'Book', ?)
Hibernate: 
    insert 
    into
        item
        (name, price, quantity, dtype, item_id) 
    values
        (?, ?, ?, 'Book', ?)
2024-04-29T19:41:38.288+09:00  INFO 58944 --- [project] [    Test worker] p6spy                                    : #1714387298288 | took 0ms | statement | connection 6| url jdbc:mysql://127.0.0.1:3306/project?serverTimezone=Asia/Seoul
insert into item (name,price,quantity,dtype,item_id) values (?,?,?,'Book',?)
insert into item (name,price,quantity,dtype,item_id) values ('i',128,128,'Book',128);
2024-04-29T19:41:38.288+09:00 DEBUG 58944 --- [project] [    Test worker] org.hibernate.SQL                        : 
    insert 
    into
        book
        (author, isbn, item_id) 
    values
        (?, ?, ?)
Hibernate: 
    insert 
    into
        book
        (author, isbn, item_id) 
    values
        (?, ?, ?)
2024-04-29T19:41:38.289+09:00  INFO 58944 --- [project] [    Test worker] p6spy                                    : #1714387298289 | took 0ms | statement | connection 6| url jdbc:mysql://127.0.0.1:3306/project?serverTimezone=Asia/Seoul
insert into book (author,isbn,item_id) values (?,?,?)
insert into book (author,isbn,item_id) values ('i','i',128);
2024-04-29T19:41:38.291+09:00 DEBUG 58944 --- [project] [    Test worker] org.hibernate.SQL                        : 
    insert 
    into
        upload_file
        (item_id, store_file_name, upload_file_name, file_id) 
    values
        (?, ?, ?, ?)
Hibernate: 
    insert 
    into
        upload_file
        (item_id, store_file_name, upload_file_name, file_id) 
    values
        (?, ?, ?, ?)
2024-04-29T19:41:38.293+09:00  INFO 58944 --- [project] [    Test worker] p6spy                                    : #1714387298293 | took 0ms | statement | connection 6| url jdbc:mysql://127.0.0.1:3306/project?serverTimezone=Asia/Seoul
insert into upload_file (item_id,store_file_name,upload_file_name,file_id) values (?,?,?,?)
insert into upload_file (item_id,store_file_name,upload_file_name,file_id) values (128,'java.io.StringReader@7c8c6922','java.io.StringReader@4a9fdffe',128);
2024-04-29T19:41:38.295+09:00 DEBUG 58944 --- [project] [    Test worker] org.hibernate.SQL                        : 
    insert 
    into
        item
        (name, price, quantity, dtype, item_id) 
    values
        (?, ?, ?, 'Book', ?)
Hibernate: 
    insert 
    into
        item
        (name, price, quantity, dtype, item_id) 
    values
        (?, ?, ?, 'Book', ?)
2024-04-29T19:41:38.296+09:00  INFO 58944 --- [project] [    Test worker] p6spy                                    : #1714387298296 | took 0ms | statement | connection 6| url jdbc:mysql://127.0.0.1:3306/project?serverTimezone=Asia/Seoul
insert into item (name,price,quantity,dtype,item_id) values (?,?,?,'Book',?)
insert into item (name,price,quantity,dtype,item_id) values ('i',129,129,'Book',129);
2024-04-29T19:41:38.296+09:00 DEBUG 58944 --- [project] [    Test worker] org.hibernate.SQL                        : 
    insert 
    into
        book
        (author, isbn, item_id) 
    values
        (?, ?, ?)
Hibernate: 
    insert 
    into
        book
        (author, isbn, item_id) 
    values
        (?, ?, ?)
2024-04-29T19:41:38.296+09:00  INFO 58944 --- [project] [    Test worker] p6spy                                    : #1714387298296 | took 0ms | statement | connection 6| url jdbc:mysql://127.0.0.1:3306/project?serverTimezone=Asia/Seoul
insert into book (author,isbn,item_id) values (?,?,?)
insert into book (author,isbn,item_id) values ('i','i',129);
2024-04-29T19:41:38.298+09:00 DEBUG 58944 --- [project] [    Test worker] org.hibernate.SQL                        : 
    insert 
    into
        upload_file
        (item_id, store_file_name, upload_file_name, file_id) 
    values
        (?, ?, ?, ?)
Hibernate: 
    insert 
    into
        upload_file
        (item_id, store_file_name, upload_file_name, file_id) 
    values
        (?, ?, ?, ?)
2024-04-29T19:41:38.300+09:00  INFO 58944 --- [project] [    Test worker] p6spy                                    : #1714387298300 | took 0ms | statement | connection 6| url jdbc:mysql://127.0.0.1:3306/project?serverTimezone=Asia/Seoul
insert into upload_file (item_id,store_file_name,upload_file_name,file_id) values (?,?,?,?)
insert into upload_file (item_id,store_file_name,upload_file_name,file_id) values (129,'java.io.StringReader@1cb83205','java.io.StringReader@60af08b2',129);
2024-04-29T19:41:38.300+09:00 DEBUG 58944 --- [project] [    Test worker] org.hibernate.SQL                        : 
    insert 
    into
        item
        (name, price, quantity, dtype, item_id) 
    values
        (?, ?, ?, 'Book', ?)
Hibernate: 
    insert 
    into
        item
        (name, price, quantity, dtype, item_id) 
    values
        (?, ?, ?, 'Book', ?)
2024-04-29T19:41:38.301+09:00  INFO 58944 --- [project] [    Test worker] p6spy                                    : #1714387298301 | took 0ms | statement | connection 6| url jdbc:mysql://127.0.0.1:3306/project?serverTimezone=Asia/Seoul
insert into item (name,price,quantity,dtype,item_id) values (?,?,?,'Book',?)
insert into item (name,price,quantity,dtype,item_id) values ('i',130,130,'Book',130);
2024-04-29T19:41:38.301+09:00 DEBUG 58944 --- [project] [    Test worker] org.hibernate.SQL                        : 
    insert 
    into
        book
        (author, isbn, item_id) 
    values
        (?, ?, ?)
Hibernate: 
    insert 
    into
        book
        (author, isbn, item_id) 
    values
        (?, ?, ?)
2024-04-29T19:41:38.302+09:00  INFO 58944 --- [project] [    Test worker] p6spy                                    : #1714387298302 | took 0ms | statement | connection 6| url jdbc:mysql://127.0.0.1:3306/project?serverTimezone=Asia/Seoul
insert into book (author,isbn,item_id) values (?,?,?)
insert into book (author,isbn,item_id) values ('i','i',130);
2024-04-29T19:41:38.302+09:00 DEBUG 58944 --- [project] [    Test worker] org.hibernate.SQL                        : 
    insert 
    into
        upload_file
        (item_id, store_file_name, upload_file_name, file_id) 
    values
        (?, ?, ?, ?)
Hibernate: 
    insert 
    into
        upload_file
        (item_id, store_file_name, upload_file_name, file_id) 
    values
        (?, ?, ?, ?)
2024-04-29T19:41:38.303+09:00  INFO 58944 --- [project] [    Test worker] p6spy                                    : #1714387298303 | took 0ms | statement | connection 6| url jdbc:mysql://127.0.0.1:3306/project?serverTimezone=Asia/Seoul
insert into upload_file (item_id,store_file_name,upload_file_name,file_id) values (?,?,?,?)
insert into upload_file (item_id,store_file_name,upload_file_name,file_id) values (130,'java.io.StringReader@379cfc77','java.io.StringReader@c3fd72',130);
2024-04-29T19:41:38.303+09:00 DEBUG 58944 --- [project] [    Test worker] org.hibernate.SQL                        : 
    insert 
    into
        item
        (name, price, quantity, dtype, item_id) 
    values
        (?, ?, ?, 'Book', ?)
Hibernate: 
    insert 
    into
        item
        (name, price, quantity, dtype, item_id) 
    values
        (?, ?, ?, 'Book', ?)
2024-04-29T19:41:38.304+09:00  INFO 58944 --- [project] [    Test worker] p6spy                                    : #1714387298304 | took 0ms | statement | connection 6| url jdbc:mysql://127.0.0.1:3306/project?serverTimezone=Asia/Seoul
insert into item (name,price,quantity,dtype,item_id) values (?,?,?,'Book',?)
insert into item (name,price,quantity,dtype,item_id) values ('i',131,131,'Book',131);
2024-04-29T19:41:38.304+09:00 DEBUG 58944 --- [project] [    Test worker] org.hibernate.SQL                        : 
    insert 
    into
        book
        (author, isbn, item_id) 
    values
        (?, ?, ?)
Hibernate: 
    insert 
    into
        book
        (author, isbn, item_id) 
    values
        (?, ?, ?)
2024-04-29T19:41:38.304+09:00  INFO 58944 --- [project] [    Test worker] p6spy                                    : #1714387298304 | took 0ms | statement | connection 6| url jdbc:mysql://127.0.0.1:3306/project?serverTimezone=Asia/Seoul
insert into book (author,isbn,item_id) values (?,?,?)
insert into book (author,isbn,item_id) values ('i','i',131);
2024-04-29T19:41:38.305+09:00 DEBUG 58944 --- [project] [    Test worker] org.hibernate.SQL                        : 
    insert 
    into
        upload_file
        (item_id, store_file_name, upload_file_name, file_id) 
    values
        (?, ?, ?, ?)
Hibernate: 
    insert 
    into
        upload_file
        (item_id, store_file_name, upload_file_name, file_id) 
    values
        (?, ?, ?, ?)
2024-04-29T19:41:38.306+09:00  INFO 58944 --- [project] [    Test worker] p6spy                                    : #1714387298306 | took 0ms | statement | connection 6| url jdbc:mysql://127.0.0.1:3306/project?serverTimezone=Asia/Seoul
insert into upload_file (item_id,store_file_name,upload_file_name,file_id) values (?,?,?,?)
insert into upload_file (item_id,store_file_name,upload_file_name,file_id) values (131,'java.io.StringReader@74a15f4','java.io.StringReader@125c443',131);
2024-04-29T19:41:38.306+09:00 DEBUG 58944 --- [project] [    Test worker] org.hibernate.SQL                        : 
    insert 
    into
        item
        (name, price, quantity, dtype, item_id) 
    values
        (?, ?, ?, 'Book', ?)
Hibernate: 
    insert 
    into
        item
        (name, price, quantity, dtype, item_id) 
    values
        (?, ?, ?, 'Book', ?)
2024-04-29T19:41:38.306+09:00  INFO 58944 --- [project] [    Test worker] p6spy                                    : #1714387298306 | took 0ms | statement | connection 6| url jdbc:mysql://127.0.0.1:3306/project?serverTimezone=Asia/Seoul
insert into item (name,price,quantity,dtype,item_id) values (?,?,?,'Book',?)
insert into item (name,price,quantity,dtype,item_id) values ('i',132,132,'Book',132);
2024-04-29T19:41:38.306+09:00 DEBUG 58944 --- [project] [    Test worker] org.hibernate.SQL                        : 
    insert 
    into
        book
        (author, isbn, item_id) 
    values
        (?, ?, ?)
Hibernate: 
    insert 
    into
        book
        (author, isbn, item_id) 
    values
        (?, ?, ?)
2024-04-29T19:41:38.307+09:00  INFO 58944 --- [project] [    Test worker] p6spy                                    : #1714387298307 | took 0ms | statement | connection 6| url jdbc:mysql://127.0.0.1:3306/project?serverTimezone=Asia/Seoul
insert into book (author,isbn,item_id) values (?,?,?)
insert into book (author,isbn,item_id) values ('i','i',132);
2024-04-29T19:41:38.308+09:00 DEBUG 58944 --- [project] [    Test worker] org.hibernate.SQL                        : 
    insert 
    into
        upload_file
        (item_id, store_file_name, upload_file_name, file_id) 
    values
        (?, ?, ?, ?)
Hibernate: 
    insert 
    into
        upload_file
        (item_id, store_file_name, upload_file_name, file_id) 
    values
        (?, ?, ?, ?)
2024-04-29T19:41:38.308+09:00  INFO 58944 --- [project] [    Test worker] p6spy                                    : #1714387298308 | took 0ms | statement | connection 6| url jdbc:mysql://127.0.0.1:3306/project?serverTimezone=Asia/Seoul
insert into upload_file (item_id,store_file_name,upload_file_name,file_id) values (?,?,?,?)
insert into upload_file (item_id,store_file_name,upload_file_name,file_id) values (132,'java.io.StringReader@22e733f5','java.io.StringReader@27211dd9',132);
2024-04-29T19:41:38.308+09:00 DEBUG 58944 --- [project] [    Test worker] org.hibernate.SQL                        : 
    insert 
    into
        item
        (name, price, quantity, dtype, item_id) 
    values
        (?, ?, ?, 'Book', ?)
Hibernate: 
    insert 
    into
        item
        (name, price, quantity, dtype, item_id) 
    values
        (?, ?, ?, 'Book', ?)
2024-04-29T19:41:38.309+09:00  INFO 58944 --- [project] [    Test worker] p6spy                                    : #1714387298309 | took 0ms | statement | connection 6| url jdbc:mysql://127.0.0.1:3306/project?serverTimezone=Asia/Seoul
insert into item (name,price,quantity,dtype,item_id) values (?,?,?,'Book',?)
insert into item (name,price,quantity,dtype,item_id) values ('i',133,133,'Book',133);
2024-04-29T19:41:38.309+09:00 DEBUG 58944 --- [project] [    Test worker] org.hibernate.SQL                        : 
    insert 
    into
        book
        (author, isbn, item_id) 
    values
        (?, ?, ?)
Hibernate: 
    insert 
    into
        book
        (author, isbn, item_id) 
    values
        (?, ?, ?)
2024-04-29T19:41:38.309+09:00  INFO 58944 --- [project] [    Test worker] p6spy                                    : #1714387298309 | took 0ms | statement | connection 6| url jdbc:mysql://127.0.0.1:3306/project?serverTimezone=Asia/Seoul
insert into book (author,isbn,item_id) values (?,?,?)
insert into book (author,isbn,item_id) values ('i','i',133);
2024-04-29T19:41:38.309+09:00 DEBUG 58944 --- [project] [    Test worker] org.hibernate.SQL                        : 
    insert 
    into
        upload_file
        (item_id, store_file_name, upload_file_name, file_id) 
    values
        (?, ?, ?, ?)
Hibernate: 
    insert 
    into
        upload_file
        (item_id, store_file_name, upload_file_name, file_id) 
    values
        (?, ?, ?, ?)
2024-04-29T19:41:38.309+09:00  INFO 58944 --- [project] [    Test worker] p6spy                                    : #1714387298309 | took 0ms | statement | connection 6| url jdbc:mysql://127.0.0.1:3306/project?serverTimezone=Asia/Seoul
insert into upload_file (item_id,store_file_name,upload_file_name,file_id) values (?,?,?,?)
insert into upload_file (item_id,store_file_name,upload_file_name,file_id) values (133,'java.io.StringReader@5c71329f','java.io.StringReader@225fc6a2',133);
2024-04-29T19:41:38.310+09:00 DEBUG 58944 --- [project] [    Test worker] org.hibernate.SQL                        : 
    insert 
    into
        item
        (name, price, quantity, dtype, item_id) 
    values
        (?, ?, ?, 'Book', ?)
Hibernate: 
    insert 
    into
        item
        (name, price, quantity, dtype, item_id) 
    values
        (?, ?, ?, 'Book', ?)
2024-04-29T19:41:38.310+09:00  INFO 58944 --- [project] [    Test worker] p6spy                                    : #1714387298310 | took 0ms | statement | connection 6| url jdbc:mysql://127.0.0.1:3306/project?serverTimezone=Asia/Seoul
insert into item (name,price,quantity,dtype,item_id) values (?,?,?,'Book',?)
insert into item (name,price,quantity,dtype,item_id) values ('i',134,134,'Book',134);
2024-04-29T19:41:38.310+09:00 DEBUG 58944 --- [project] [    Test worker] org.hibernate.SQL                        : 
    insert 
    into
        book
        (author, isbn, item_id) 
    values
        (?, ?, ?)
Hibernate: 
    insert 
    into
        book
        (author, isbn, item_id) 
    values
        (?, ?, ?)
2024-04-29T19:41:38.310+09:00  INFO 58944 --- [project] [    Test worker] p6spy                                    : #1714387298310 | took 0ms | statement | connection 6| url jdbc:mysql://127.0.0.1:3306/project?serverTimezone=Asia/Seoul
insert into book (author,isbn,item_id) values (?,?,?)
insert into book (author,isbn,item_id) values ('i','i',134);
2024-04-29T19:41:38.310+09:00 DEBUG 58944 --- [project] [    Test worker] org.hibernate.SQL                        : 
    insert 
    into
        upload_file
        (item_id, store_file_name, upload_file_name, file_id) 
    values
        (?, ?, ?, ?)
Hibernate: 
    insert 
    into
        upload_file
        (item_id, store_file_name, upload_file_name, file_id) 
    values
        (?, ?, ?, ?)
2024-04-29T19:41:38.311+09:00  INFO 58944 --- [project] [    Test worker] p6spy                                    : #1714387298311 | took 0ms | statement | connection 6| url jdbc:mysql://127.0.0.1:3306/project?serverTimezone=Asia/Seoul
insert into upload_file (item_id,store_file_name,upload_file_name,file_id) values (?,?,?,?)
insert into upload_file (item_id,store_file_name,upload_file_name,file_id) values (134,'java.io.StringReader@2400673b','java.io.StringReader@1c1bb1e7',134);
2024-04-29T19:41:38.311+09:00 DEBUG 58944 --- [project] [    Test worker] org.hibernate.SQL                        : 
    insert 
    into
        item
        (name, price, quantity, dtype, item_id) 
    values
        (?, ?, ?, 'Book', ?)
Hibernate: 
    insert 
    into
        item
        (name, price, quantity, dtype, item_id) 
    values
        (?, ?, ?, 'Book', ?)
2024-04-29T19:41:38.312+09:00  INFO 58944 --- [project] [    Test worker] p6spy                                    : #1714387298312 | took 0ms | statement | connection 6| url jdbc:mysql://127.0.0.1:3306/project?serverTimezone=Asia/Seoul
insert into item (name,price,quantity,dtype,item_id) values (?,?,?,'Book',?)
insert into item (name,price,quantity,dtype,item_id) values ('i',135,135,'Book',135);
2024-04-29T19:41:38.312+09:00 DEBUG 58944 --- [project] [    Test worker] org.hibernate.SQL                        : 
    insert 
    into
        book
        (author, isbn, item_id) 
    values
        (?, ?, ?)
Hibernate: 
    insert 
    into
        book
        (author, isbn, item_id) 
    values
        (?, ?, ?)
2024-04-29T19:41:38.312+09:00  INFO 58944 --- [project] [    Test worker] p6spy                                    : #1714387298312 | took 0ms | statement | connection 6| url jdbc:mysql://127.0.0.1:3306/project?serverTimezone=Asia/Seoul
insert into book (author,isbn,item_id) values (?,?,?)
insert into book (author,isbn,item_id) values ('i','i',135);
2024-04-29T19:41:38.312+09:00 DEBUG 58944 --- [project] [    Test worker] org.hibernate.SQL                        : 
    insert 
    into
        upload_file
        (item_id, store_file_name, upload_file_name, file_id) 
    values
        (?, ?, ?, ?)
Hibernate: 
    insert 
    into
        upload_file
        (item_id, store_file_name, upload_file_name, file_id) 
    values
        (?, ?, ?, ?)
2024-04-29T19:41:38.313+09:00  INFO 58944 --- [project] [    Test worker] p6spy                                    : #1714387298313 | took 0ms | statement | connection 6| url jdbc:mysql://127.0.0.1:3306/project?serverTimezone=Asia/Seoul
insert into upload_file (item_id,store_file_name,upload_file_name,file_id) values (?,?,?,?)
insert into upload_file (item_id,store_file_name,upload_file_name,file_id) values (135,'java.io.StringReader@21dc1d99','java.io.StringReader@7bfa2d74',135);
2024-04-29T19:41:38.313+09:00 DEBUG 58944 --- [project] [    Test worker] org.hibernate.SQL                        : 
    insert 
    into
        item
        (name, price, quantity, dtype, item_id) 
    values
        (?, ?, ?, 'Book', ?)
Hibernate: 
    insert 
    into
        item
        (name, price, quantity, dtype, item_id) 
    values
        (?, ?, ?, 'Book', ?)
2024-04-29T19:41:38.313+09:00  INFO 58944 --- [project] [    Test worker] p6spy                                    : #1714387298313 | took 0ms | statement | connection 6| url jdbc:mysql://127.0.0.1:3306/project?serverTimezone=Asia/Seoul
insert into item (name,price,quantity,dtype,item_id) values (?,?,?,'Book',?)
insert into item (name,price,quantity,dtype,item_id) values ('i',136,136,'Book',136);
2024-04-29T19:41:38.313+09:00 DEBUG 58944 --- [project] [    Test worker] org.hibernate.SQL                        : 
    insert 
    into
        book
        (author, isbn, item_id) 
    values
        (?, ?, ?)
Hibernate: 
    insert 
    into
        book
        (author, isbn, item_id) 
    values
        (?, ?, ?)
2024-04-29T19:41:38.314+09:00  INFO 58944 --- [project] [    Test worker] p6spy                                    : #1714387298314 | took 0ms | statement | connection 6| url jdbc:mysql://127.0.0.1:3306/project?serverTimezone=Asia/Seoul
insert into book (author,isbn,item_id) values (?,?,?)
insert into book (author,isbn,item_id) values ('i','i',136);
2024-04-29T19:41:38.314+09:00 DEBUG 58944 --- [project] [    Test worker] org.hibernate.SQL                        : 
    insert 
    into
        upload_file
        (item_id, store_file_name, upload_file_name, file_id) 
    values
        (?, ?, ?, ?)
Hibernate: 
    insert 
    into
        upload_file
        (item_id, store_file_name, upload_file_name, file_id) 
    values
        (?, ?, ?, ?)
2024-04-29T19:41:38.314+09:00  INFO 58944 --- [project] [    Test worker] p6spy                                    : #1714387298314 | took 0ms | statement | connection 6| url jdbc:mysql://127.0.0.1:3306/project?serverTimezone=Asia/Seoul
insert into upload_file (item_id,store_file_name,upload_file_name,file_id) values (?,?,?,?)
insert into upload_file (item_id,store_file_name,upload_file_name,file_id) values (136,'java.io.StringReader@4d652bc6','java.io.StringReader@4cf93f80',136);
2024-04-29T19:41:38.315+09:00 DEBUG 58944 --- [project] [    Test worker] org.hibernate.SQL                        : 
    insert 
    into
        item
        (name, price, quantity, dtype, item_id) 
    values
        (?, ?, ?, 'Book', ?)
Hibernate: 
    insert 
    into
        item
        (name, price, quantity, dtype, item_id) 
    values
        (?, ?, ?, 'Book', ?)
2024-04-29T19:41:38.316+09:00  INFO 58944 --- [project] [    Test worker] p6spy                                    : #1714387298316 | took 0ms | statement | connection 6| url jdbc:mysql://127.0.0.1:3306/project?serverTimezone=Asia/Seoul
insert into item (name,price,quantity,dtype,item_id) values (?,?,?,'Book',?)
insert into item (name,price,quantity,dtype,item_id) values ('i',137,137,'Book',137);
2024-04-29T19:41:38.317+09:00 DEBUG 58944 --- [project] [    Test worker] org.hibernate.SQL                        : 
    insert 
    into
        book
        (author, isbn, item_id) 
    values
        (?, ?, ?)
Hibernate: 
    insert 
    into
        book
        (author, isbn, item_id) 
    values
        (?, ?, ?)
2024-04-29T19:41:38.317+09:00  INFO 58944 --- [project] [    Test worker] p6spy                                    : #1714387298317 | took 0ms | statement | connection 6| url jdbc:mysql://127.0.0.1:3306/project?serverTimezone=Asia/Seoul
insert into book (author,isbn,item_id) values (?,?,?)
insert into book (author,isbn,item_id) values ('i','i',137);
2024-04-29T19:41:38.318+09:00 DEBUG 58944 --- [project] [    Test worker] org.hibernate.SQL                        : 
    insert 
    into
        upload_file
        (item_id, store_file_name, upload_file_name, file_id) 
    values
        (?, ?, ?, ?)
Hibernate: 
    insert 
    into
        upload_file
        (item_id, store_file_name, upload_file_name, file_id) 
    values
        (?, ?, ?, ?)
2024-04-29T19:41:38.319+09:00  INFO 58944 --- [project] [    Test worker] p6spy                                    : #1714387298319 | took 0ms | statement | connection 6| url jdbc:mysql://127.0.0.1:3306/project?serverTimezone=Asia/Seoul
insert into upload_file (item_id,store_file_name,upload_file_name,file_id) values (?,?,?,?)
insert into upload_file (item_id,store_file_name,upload_file_name,file_id) values (137,'java.io.StringReader@68a1906f','java.io.StringReader@558bff39',137);
2024-04-29T19:41:38.319+09:00 DEBUG 58944 --- [project] [    Test worker] org.hibernate.SQL                        : 
    insert 
    into
        item
        (name, price, quantity, dtype, item_id) 
    values
        (?, ?, ?, 'Book', ?)
Hibernate: 
    insert 
    into
        item
        (name, price, quantity, dtype, item_id) 
    values
        (?, ?, ?, 'Book', ?)
2024-04-29T19:41:38.320+09:00  INFO 58944 --- [project] [    Test worker] p6spy                                    : #1714387298320 | took 0ms | statement | connection 6| url jdbc:mysql://127.0.0.1:3306/project?serverTimezone=Asia/Seoul
insert into item (name,price,quantity,dtype,item_id) values (?,?,?,'Book',?)
insert into item (name,price,quantity,dtype,item_id) values ('i',138,138,'Book',138);
2024-04-29T19:41:38.320+09:00 DEBUG 58944 --- [project] [    Test worker] org.hibernate.SQL                        : 
    insert 
    into
        book
        (author, isbn, item_id) 
    values
        (?, ?, ?)
Hibernate: 
    insert 
    into
        book
        (author, isbn, item_id) 
    values
        (?, ?, ?)
2024-04-29T19:41:38.320+09:00  INFO 58944 --- [project] [    Test worker] p6spy                                    : #1714387298320 | took 0ms | statement | connection 6| url jdbc:mysql://127.0.0.1:3306/project?serverTimezone=Asia/Seoul
insert into book (author,isbn,item_id) values (?,?,?)
insert into book (author,isbn,item_id) values ('i','i',138);
2024-04-29T19:41:38.320+09:00 DEBUG 58944 --- [project] [    Test worker] org.hibernate.SQL                        : 
    insert 
    into
        upload_file
        (item_id, store_file_name, upload_file_name, file_id) 
    values
        (?, ?, ?, ?)
Hibernate: 
    insert 
    into
        upload_file
        (item_id, store_file_name, upload_file_name, file_id) 
    values
        (?, ?, ?, ?)
2024-04-29T19:41:38.322+09:00  INFO 58944 --- [project] [    Test worker] p6spy                                    : #1714387298322 | took 0ms | statement | connection 6| url jdbc:mysql://127.0.0.1:3306/project?serverTimezone=Asia/Seoul
insert into upload_file (item_id,store_file_name,upload_file_name,file_id) values (?,?,?,?)
insert into upload_file (item_id,store_file_name,upload_file_name,file_id) values (138,'java.io.StringReader@9dc9212','java.io.StringReader@5b9815b6',138);
2024-04-29T19:41:38.322+09:00 DEBUG 58944 --- [project] [    Test worker] org.hibernate.SQL                        : 
    insert 
    into
        item
        (name, price, quantity, dtype, item_id) 
    values
        (?, ?, ?, 'Book', ?)
Hibernate: 
    insert 
    into
        item
        (name, price, quantity, dtype, item_id) 
    values
        (?, ?, ?, 'Book', ?)
2024-04-29T19:41:38.322+09:00  INFO 58944 --- [project] [    Test worker] p6spy                                    : #1714387298322 | took 0ms | statement | connection 6| url jdbc:mysql://127.0.0.1:3306/project?serverTimezone=Asia/Seoul
insert into item (name,price,quantity,dtype,item_id) values (?,?,?,'Book',?)
insert into item (name,price,quantity,dtype,item_id) values ('i',139,139,'Book',139);
2024-04-29T19:41:38.322+09:00 DEBUG 58944 --- [project] [    Test worker] org.hibernate.SQL                        : 
    insert 
    into
        book
        (author, isbn, item_id) 
    values
        (?, ?, ?)
Hibernate: 
    insert 
    into
        book
        (author, isbn, item_id) 
    values
        (?, ?, ?)
2024-04-29T19:41:38.323+09:00  INFO 58944 --- [project] [    Test worker] p6spy                                    : #1714387298323 | took 0ms | statement | connection 6| url jdbc:mysql://127.0.0.1:3306/project?serverTimezone=Asia/Seoul
insert into book (author,isbn,item_id) values (?,?,?)
insert into book (author,isbn,item_id) values ('i','i',139);
2024-04-29T19:41:38.323+09:00 DEBUG 58944 --- [project] [    Test worker] org.hibernate.SQL                        : 
    insert 
    into
        upload_file
        (item_id, store_file_name, upload_file_name, file_id) 
    values
        (?, ?, ?, ?)
Hibernate: 
    insert 
    into
        upload_file
        (item_id, store_file_name, upload_file_name, file_id) 
    values
        (?, ?, ?, ?)
2024-04-29T19:41:38.324+09:00  INFO 58944 --- [project] [    Test worker] p6spy                                    : #1714387298324 | took 0ms | statement | connection 6| url jdbc:mysql://127.0.0.1:3306/project?serverTimezone=Asia/Seoul
insert into upload_file (item_id,store_file_name,upload_file_name,file_id) values (?,?,?,?)
insert into upload_file (item_id,store_file_name,upload_file_name,file_id) values (139,'java.io.StringReader@100ed29a','java.io.StringReader@4058b398',139);
2024-04-29T19:41:38.324+09:00 DEBUG 58944 --- [project] [    Test worker] org.hibernate.SQL                        : 
    insert 
    into
        item
        (name, price, quantity, dtype, item_id) 
    values
        (?, ?, ?, 'Book', ?)
Hibernate: 
    insert 
    into
        item
        (name, price, quantity, dtype, item_id) 
    values
        (?, ?, ?, 'Book', ?)
2024-04-29T19:41:38.325+09:00  INFO 58944 --- [project] [    Test worker] p6spy                                    : #1714387298325 | took 0ms | statement | connection 6| url jdbc:mysql://127.0.0.1:3306/project?serverTimezone=Asia/Seoul
insert into item (name,price,quantity,dtype,item_id) values (?,?,?,'Book',?)
insert into item (name,price,quantity,dtype,item_id) values ('i',140,140,'Book',140);
2024-04-29T19:41:38.325+09:00 DEBUG 58944 --- [project] [    Test worker] org.hibernate.SQL                        : 
    insert 
    into
        book
        (author, isbn, item_id) 
    values
        (?, ?, ?)
Hibernate: 
    insert 
    into
        book
        (author, isbn, item_id) 
    values
        (?, ?, ?)
2024-04-29T19:41:38.325+09:00  INFO 58944 --- [project] [    Test worker] p6spy                                    : #1714387298325 | took 0ms | statement | connection 6| url jdbc:mysql://127.0.0.1:3306/project?serverTimezone=Asia/Seoul
insert into book (author,isbn,item_id) values (?,?,?)
insert into book (author,isbn,item_id) values ('i','i',140);
2024-04-29T19:41:38.325+09:00 DEBUG 58944 --- [project] [    Test worker] org.hibernate.SQL                        : 
    insert 
    into
        upload_file
        (item_id, store_file_name, upload_file_name, file_id) 
    values
        (?, ?, ?, ?)
Hibernate: 
    insert 
    into
        upload_file
        (item_id, store_file_name, upload_file_name, file_id) 
    values
        (?, ?, ?, ?)
2024-04-29T19:41:38.325+09:00  INFO 58944 --- [project] [    Test worker] p6spy                                    : #1714387298325 | took 0ms | statement | connection 6| url jdbc:mysql://127.0.0.1:3306/project?serverTimezone=Asia/Seoul
insert into upload_file (item_id,store_file_name,upload_file_name,file_id) values (?,?,?,?)
insert into upload_file (item_id,store_file_name,upload_file_name,file_id) values (140,'java.io.StringReader@1e7edfb2','java.io.StringReader@6d26b068',140);
2024-04-29T19:41:38.326+09:00 DEBUG 58944 --- [project] [    Test worker] org.hibernate.SQL                        : 
    insert 
    into
        item
        (name, price, quantity, dtype, item_id) 
    values
        (?, ?, ?, 'Book', ?)
Hibernate: 
    insert 
    into
        item
        (name, price, quantity, dtype, item_id) 
    values
        (?, ?, ?, 'Book', ?)
2024-04-29T19:41:38.326+09:00  INFO 58944 --- [project] [    Test worker] p6spy                                    : #1714387298326 | took 0ms | statement | connection 6| url jdbc:mysql://127.0.0.1:3306/project?serverTimezone=Asia/Seoul
insert into item (name,price,quantity,dtype,item_id) values (?,?,?,'Book',?)
insert into item (name,price,quantity,dtype,item_id) values ('i',141,141,'Book',141);
2024-04-29T19:41:38.326+09:00 DEBUG 58944 --- [project] [    Test worker] org.hibernate.SQL                        : 
    insert 
    into
        book
        (author, isbn, item_id) 
    values
        (?, ?, ?)
Hibernate: 
    insert 
    into
        book
        (author, isbn, item_id) 
    values
        (?, ?, ?)
2024-04-29T19:41:38.326+09:00  INFO 58944 --- [project] [    Test worker] p6spy                                    : #1714387298326 | took 0ms | statement | connection 6| url jdbc:mysql://127.0.0.1:3306/project?serverTimezone=Asia/Seoul
insert into book (author,isbn,item_id) values (?,?,?)
insert into book (author,isbn,item_id) values ('i','i',141);
2024-04-29T19:41:38.326+09:00 DEBUG 58944 --- [project] [    Test worker] org.hibernate.SQL                        : 
    insert 
    into
        upload_file
        (item_id, store_file_name, upload_file_name, file_id) 
    values
        (?, ?, ?, ?)
Hibernate: 
    insert 
    into
        upload_file
        (item_id, store_file_name, upload_file_name, file_id) 
    values
        (?, ?, ?, ?)
2024-04-29T19:41:38.327+09:00  INFO 58944 --- [project] [    Test worker] p6spy                                    : #1714387298327 | took 0ms | statement | connection 6| url jdbc:mysql://127.0.0.1:3306/project?serverTimezone=Asia/Seoul
insert into upload_file (item_id,store_file_name,upload_file_name,file_id) values (?,?,?,?)
insert into upload_file (item_id,store_file_name,upload_file_name,file_id) values (141,'java.io.StringReader@75630d9e','java.io.StringReader@257ba195',141);
2024-04-29T19:41:38.327+09:00 DEBUG 58944 --- [project] [    Test worker] org.hibernate.SQL                        : 
    insert 
    into
        item
        (name, price, quantity, dtype, item_id) 
    values
        (?, ?, ?, 'Book', ?)
Hibernate: 
    insert 
    into
        item
        (name, price, quantity, dtype, item_id) 
    values
        (?, ?, ?, 'Book', ?)
2024-04-29T19:41:38.327+09:00  INFO 58944 --- [project] [    Test worker] p6spy                                    : #1714387298327 | took 0ms | statement | connection 6| url jdbc:mysql://127.0.0.1:3306/project?serverTimezone=Asia/Seoul
insert into item (name,price,quantity,dtype,item_id) values (?,?,?,'Book',?)
insert into item (name,price,quantity,dtype,item_id) values ('i',142,142,'Book',142);
2024-04-29T19:41:38.327+09:00 DEBUG 58944 --- [project] [    Test worker] org.hibernate.SQL                        : 
    insert 
    into
        book
        (author, isbn, item_id) 
    values
        (?, ?, ?)
Hibernate: 
    insert 
    into
        book
        (author, isbn, item_id) 
    values
        (?, ?, ?)
2024-04-29T19:41:38.327+09:00  INFO 58944 --- [project] [    Test worker] p6spy                                    : #1714387298327 | took 0ms | statement | connection 6| url jdbc:mysql://127.0.0.1:3306/project?serverTimezone=Asia/Seoul
insert into book (author,isbn,item_id) values (?,?,?)
insert into book (author,isbn,item_id) values ('i','i',142);
2024-04-29T19:41:38.328+09:00 DEBUG 58944 --- [project] [    Test worker] org.hibernate.SQL                        : 
    insert 
    into
        upload_file
        (item_id, store_file_name, upload_file_name, file_id) 
    values
        (?, ?, ?, ?)
Hibernate: 
    insert 
    into
        upload_file
        (item_id, store_file_name, upload_file_name, file_id) 
    values
        (?, ?, ?, ?)
2024-04-29T19:41:38.328+09:00  INFO 58944 --- [project] [    Test worker] p6spy                                    : #1714387298328 | took 0ms | statement | connection 6| url jdbc:mysql://127.0.0.1:3306/project?serverTimezone=Asia/Seoul
insert into upload_file (item_id,store_file_name,upload_file_name,file_id) values (?,?,?,?)
insert into upload_file (item_id,store_file_name,upload_file_name,file_id) values (142,'java.io.StringReader@1780bc15','java.io.StringReader@4c2cc99f',142);
2024-04-29T19:41:38.328+09:00 DEBUG 58944 --- [project] [    Test worker] org.hibernate.SQL                        : 
    insert 
    into
        item
        (name, price, quantity, dtype, item_id) 
    values
        (?, ?, ?, 'Book', ?)
Hibernate: 
    insert 
    into
        item
        (name, price, quantity, dtype, item_id) 
    values
        (?, ?, ?, 'Book', ?)
2024-04-29T19:41:38.329+09:00  INFO 58944 --- [project] [    Test worker] p6spy                                    : #1714387298329 | took 0ms | statement | connection 6| url jdbc:mysql://127.0.0.1:3306/project?serverTimezone=Asia/Seoul
insert into item (name,price,quantity,dtype,item_id) values (?,?,?,'Book',?)
insert into item (name,price,quantity,dtype,item_id) values ('i',143,143,'Book',143);
2024-04-29T19:41:38.329+09:00 DEBUG 58944 --- [project] [    Test worker] org.hibernate.SQL                        : 
    insert 
    into
        book
        (author, isbn, item_id) 
    values
        (?, ?, ?)
Hibernate: 
    insert 
    into
        book
        (author, isbn, item_id) 
    values
        (?, ?, ?)
2024-04-29T19:41:38.329+09:00  INFO 58944 --- [project] [    Test worker] p6spy                                    : #1714387298329 | took 0ms | statement | connection 6| url jdbc:mysql://127.0.0.1:3306/project?serverTimezone=Asia/Seoul
insert into book (author,isbn,item_id) values (?,?,?)
insert into book (author,isbn,item_id) values ('i','i',143);
2024-04-29T19:41:38.329+09:00 DEBUG 58944 --- [project] [    Test worker] org.hibernate.SQL                        : 
    insert 
    into
        upload_file
        (item_id, store_file_name, upload_file_name, file_id) 
    values
        (?, ?, ?, ?)
Hibernate: 
    insert 
    into
        upload_file
        (item_id, store_file_name, upload_file_name, file_id) 
    values
        (?, ?, ?, ?)
2024-04-29T19:41:38.329+09:00  INFO 58944 --- [project] [    Test worker] p6spy                                    : #1714387298329 | took 0ms | statement | connection 6| url jdbc:mysql://127.0.0.1:3306/project?serverTimezone=Asia/Seoul
insert into upload_file (item_id,store_file_name,upload_file_name,file_id) values (?,?,?,?)
insert into upload_file (item_id,store_file_name,upload_file_name,file_id) values (143,'java.io.StringReader@5fc3333f','java.io.StringReader@13623138',143);
2024-04-29T19:41:38.330+09:00 DEBUG 58944 --- [project] [    Test worker] org.hibernate.SQL                        : 
    insert 
    into
        item
        (name, price, quantity, dtype, item_id) 
    values
        (?, ?, ?, 'Book', ?)
Hibernate: 
    insert 
    into
        item
        (name, price, quantity, dtype, item_id) 
    values
        (?, ?, ?, 'Book', ?)
2024-04-29T19:41:38.330+09:00  INFO 58944 --- [project] [    Test worker] p6spy                                    : #1714387298330 | took 0ms | statement | connection 6| url jdbc:mysql://127.0.0.1:3306/project?serverTimezone=Asia/Seoul
insert into item (name,price,quantity,dtype,item_id) values (?,?,?,'Book',?)
insert into item (name,price,quantity,dtype,item_id) values ('i',144,144,'Book',144);
2024-04-29T19:41:38.330+09:00 DEBUG 58944 --- [project] [    Test worker] org.hibernate.SQL                        : 
    insert 
    into
        book
        (author, isbn, item_id) 
    values
        (?, ?, ?)
Hibernate: 
    insert 
    into
        book
        (author, isbn, item_id) 
    values
        (?, ?, ?)
2024-04-29T19:41:38.330+09:00  INFO 58944 --- [project] [    Test worker] p6spy                                    : #1714387298330 | took 0ms | statement | connection 6| url jdbc:mysql://127.0.0.1:3306/project?serverTimezone=Asia/Seoul
insert into book (author,isbn,item_id) values (?,?,?)
insert into book (author,isbn,item_id) values ('i','i',144);
2024-04-29T19:41:38.331+09:00 DEBUG 58944 --- [project] [    Test worker] org.hibernate.SQL                        : 
    insert 
    into
        upload_file
        (item_id, store_file_name, upload_file_name, file_id) 
    values
        (?, ?, ?, ?)
Hibernate: 
    insert 
    into
        upload_file
        (item_id, store_file_name, upload_file_name, file_id) 
    values
        (?, ?, ?, ?)
2024-04-29T19:41:38.331+09:00  INFO 58944 --- [project] [    Test worker] p6spy                                    : #1714387298331 | took 0ms | statement | connection 6| url jdbc:mysql://127.0.0.1:3306/project?serverTimezone=Asia/Seoul
insert into upload_file (item_id,store_file_name,upload_file_name,file_id) values (?,?,?,?)
insert into upload_file (item_id,store_file_name,upload_file_name,file_id) values (144,'java.io.StringReader@6a4f3df4','java.io.StringReader@4d76f990',144);
2024-04-29T19:41:38.331+09:00 DEBUG 58944 --- [project] [    Test worker] org.hibernate.SQL                        : 
    insert 
    into
        item
        (name, price, quantity, dtype, item_id) 
    values
        (?, ?, ?, 'Book', ?)
Hibernate: 
    insert 
    into
        item
        (name, price, quantity, dtype, item_id) 
    values
        (?, ?, ?, 'Book', ?)
2024-04-29T19:41:38.332+09:00  INFO 58944 --- [project] [    Test worker] p6spy                                    : #1714387298332 | took 0ms | statement | connection 6| url jdbc:mysql://127.0.0.1:3306/project?serverTimezone=Asia/Seoul
insert into item (name,price,quantity,dtype,item_id) values (?,?,?,'Book',?)
insert into item (name,price,quantity,dtype,item_id) values ('i',145,145,'Book',145);
2024-04-29T19:41:38.332+09:00 DEBUG 58944 --- [project] [    Test worker] org.hibernate.SQL                        : 
    insert 
    into
        book
        (author, isbn, item_id) 
    values
        (?, ?, ?)
Hibernate: 
    insert 
    into
        book
        (author, isbn, item_id) 
    values
        (?, ?, ?)
2024-04-29T19:41:38.332+09:00  INFO 58944 --- [project] [    Test worker] p6spy                                    : #1714387298332 | took 0ms | statement | connection 6| url jdbc:mysql://127.0.0.1:3306/project?serverTimezone=Asia/Seoul
insert into book (author,isbn,item_id) values (?,?,?)
insert into book (author,isbn,item_id) values ('i','i',145);
2024-04-29T19:41:38.332+09:00 DEBUG 58944 --- [project] [    Test worker] org.hibernate.SQL                        : 
    insert 
    into
        upload_file
        (item_id, store_file_name, upload_file_name, file_id) 
    values
        (?, ?, ?, ?)
Hibernate: 
    insert 
    into
        upload_file
        (item_id, store_file_name, upload_file_name, file_id) 
    values
        (?, ?, ?, ?)
2024-04-29T19:41:38.334+09:00  INFO 58944 --- [project] [    Test worker] p6spy                                    : #1714387298334 | took 1ms | statement | connection 6| url jdbc:mysql://127.0.0.1:3306/project?serverTimezone=Asia/Seoul
insert into upload_file (item_id,store_file_name,upload_file_name,file_id) values (?,?,?,?)
insert into upload_file (item_id,store_file_name,upload_file_name,file_id) values (145,'java.io.StringReader@ddca64d','java.io.StringReader@5d39797a',145);
2024-04-29T19:41:38.334+09:00 DEBUG 58944 --- [project] [    Test worker] org.hibernate.SQL                        : 
    insert 
    into
        item
        (name, price, quantity, dtype, item_id) 
    values
        (?, ?, ?, 'Book', ?)
Hibernate: 
    insert 
    into
        item
        (name, price, quantity, dtype, item_id) 
    values
        (?, ?, ?, 'Book', ?)
2024-04-29T19:41:38.335+09:00  INFO 58944 --- [project] [    Test worker] p6spy                                    : #1714387298335 | took 0ms | statement | connection 6| url jdbc:mysql://127.0.0.1:3306/project?serverTimezone=Asia/Seoul
insert into item (name,price,quantity,dtype,item_id) values (?,?,?,'Book',?)
insert into item (name,price,quantity,dtype,item_id) values ('i',146,146,'Book',146);
2024-04-29T19:41:38.335+09:00 DEBUG 58944 --- [project] [    Test worker] org.hibernate.SQL                        : 
    insert 
    into
        book
        (author, isbn, item_id) 
    values
        (?, ?, ?)
Hibernate: 
    insert 
    into
        book
        (author, isbn, item_id) 
    values
        (?, ?, ?)
2024-04-29T19:41:38.335+09:00  INFO 58944 --- [project] [    Test worker] p6spy                                    : #1714387298335 | took 0ms | statement | connection 6| url jdbc:mysql://127.0.0.1:3306/project?serverTimezone=Asia/Seoul
insert into book (author,isbn,item_id) values (?,?,?)
insert into book (author,isbn,item_id) values ('i','i',146);
2024-04-29T19:41:38.335+09:00 DEBUG 58944 --- [project] [    Test worker] org.hibernate.SQL                        : 
    insert 
    into
        upload_file
        (item_id, store_file_name, upload_file_name, file_id) 
    values
        (?, ?, ?, ?)
Hibernate: 
    insert 
    into
        upload_file
        (item_id, store_file_name, upload_file_name, file_id) 
    values
        (?, ?, ?, ?)
2024-04-29T19:41:38.335+09:00  INFO 58944 --- [project] [    Test worker] p6spy                                    : #1714387298335 | took 0ms | statement | connection 6| url jdbc:mysql://127.0.0.1:3306/project?serverTimezone=Asia/Seoul
insert into upload_file (item_id,store_file_name,upload_file_name,file_id) values (?,?,?,?)
insert into upload_file (item_id,store_file_name,upload_file_name,file_id) values (146,'java.io.StringReader@1362f4','java.io.StringReader@6e5506c9',146);
2024-04-29T19:41:38.336+09:00 DEBUG 58944 --- [project] [    Test worker] org.hibernate.SQL                        : 
    insert 
    into
        item
        (name, price, quantity, dtype, item_id) 
    values
        (?, ?, ?, 'Book', ?)
Hibernate: 
    insert 
    into
        item
        (name, price, quantity, dtype, item_id) 
    values
        (?, ?, ?, 'Book', ?)
2024-04-29T19:41:38.336+09:00  INFO 58944 --- [project] [    Test worker] p6spy                                    : #1714387298336 | took 0ms | statement | connection 6| url jdbc:mysql://127.0.0.1:3306/project?serverTimezone=Asia/Seoul
insert into item (name,price,quantity,dtype,item_id) values (?,?,?,'Book',?)
insert into item (name,price,quantity,dtype,item_id) values ('i',147,147,'Book',147);
2024-04-29T19:41:38.336+09:00 DEBUG 58944 --- [project] [    Test worker] org.hibernate.SQL                        : 
    insert 
    into
        book
        (author, isbn, item_id) 
    values
        (?, ?, ?)
Hibernate: 
    insert 
    into
        book
        (author, isbn, item_id) 
    values
        (?, ?, ?)
2024-04-29T19:41:38.337+09:00  INFO 58944 --- [project] [    Test worker] p6spy                                    : #1714387298337 | took 0ms | statement | connection 6| url jdbc:mysql://127.0.0.1:3306/project?serverTimezone=Asia/Seoul
insert into book (author,isbn,item_id) values (?,?,?)
insert into book (author,isbn,item_id) values ('i','i',147);
2024-04-29T19:41:38.337+09:00 DEBUG 58944 --- [project] [    Test worker] org.hibernate.SQL                        : 
    insert 
    into
        upload_file
        (item_id, store_file_name, upload_file_name, file_id) 
    values
        (?, ?, ?, ?)
Hibernate: 
    insert 
    into
        upload_file
        (item_id, store_file_name, upload_file_name, file_id) 
    values
        (?, ?, ?, ?)
2024-04-29T19:41:38.338+09:00  INFO 58944 --- [project] [    Test worker] p6spy                                    : #1714387298338 | took 0ms | statement | connection 6| url jdbc:mysql://127.0.0.1:3306/project?serverTimezone=Asia/Seoul
insert into upload_file (item_id,store_file_name,upload_file_name,file_id) values (?,?,?,?)
insert into upload_file (item_id,store_file_name,upload_file_name,file_id) values (147,'java.io.StringReader@13b0755e','java.io.StringReader@21259314',147);
2024-04-29T19:41:38.338+09:00 DEBUG 58944 --- [project] [    Test worker] org.hibernate.SQL                        : 
    insert 
    into
        item
        (name, price, quantity, dtype, item_id) 
    values
        (?, ?, ?, 'Book', ?)
Hibernate: 
    insert 
    into
        item
        (name, price, quantity, dtype, item_id) 
    values
        (?, ?, ?, 'Book', ?)
2024-04-29T19:41:38.339+09:00  INFO 58944 --- [project] [    Test worker] p6spy                                    : #1714387298339 | took 0ms | statement | connection 6| url jdbc:mysql://127.0.0.1:3306/project?serverTimezone=Asia/Seoul
insert into item (name,price,quantity,dtype,item_id) values (?,?,?,'Book',?)
insert into item (name,price,quantity,dtype,item_id) values ('i',148,148,'Book',148);
2024-04-29T19:41:38.339+09:00 DEBUG 58944 --- [project] [    Test worker] org.hibernate.SQL                        : 
    insert 
    into
        book
        (author, isbn, item_id) 
    values
        (?, ?, ?)
Hibernate: 
    insert 
    into
        book
        (author, isbn, item_id) 
    values
        (?, ?, ?)
2024-04-29T19:41:38.339+09:00  INFO 58944 --- [project] [    Test worker] p6spy                                    : #1714387298339 | took 0ms | statement | connection 6| url jdbc:mysql://127.0.0.1:3306/project?serverTimezone=Asia/Seoul
insert into book (author,isbn,item_id) values (?,?,?)
insert into book (author,isbn,item_id) values ('i','i',148);
2024-04-29T19:41:38.339+09:00 DEBUG 58944 --- [project] [    Test worker] org.hibernate.SQL                        : 
    insert 
    into
        upload_file
        (item_id, store_file_name, upload_file_name, file_id) 
    values
        (?, ?, ?, ?)
Hibernate: 
    insert 
    into
        upload_file
        (item_id, store_file_name, upload_file_name, file_id) 
    values
        (?, ?, ?, ?)
2024-04-29T19:41:38.339+09:00  INFO 58944 --- [project] [    Test worker] p6spy                                    : #1714387298339 | took 0ms | statement | connection 6| url jdbc:mysql://127.0.0.1:3306/project?serverTimezone=Asia/Seoul
insert into upload_file (item_id,store_file_name,upload_file_name,file_id) values (?,?,?,?)
insert into upload_file (item_id,store_file_name,upload_file_name,file_id) values (148,'java.io.StringReader@49842c0d','java.io.StringReader@74d6d5ca',148);
2024-04-29T19:41:38.340+09:00 DEBUG 58944 --- [project] [    Test worker] org.hibernate.SQL                        : 
    insert 
    into
        item
        (name, price, quantity, dtype, item_id) 
    values
        (?, ?, ?, 'Book', ?)
Hibernate: 
    insert 
    into
        item
        (name, price, quantity, dtype, item_id) 
    values
        (?, ?, ?, 'Book', ?)
2024-04-29T19:41:38.340+09:00  INFO 58944 --- [project] [    Test worker] p6spy                                    : #1714387298340 | took 0ms | statement | connection 6| url jdbc:mysql://127.0.0.1:3306/project?serverTimezone=Asia/Seoul
insert into item (name,price,quantity,dtype,item_id) values (?,?,?,'Book',?)
insert into item (name,price,quantity,dtype,item_id) values ('i',149,149,'Book',149);
2024-04-29T19:41:38.340+09:00 DEBUG 58944 --- [project] [    Test worker] org.hibernate.SQL                        : 
    insert 
    into
        book
        (author, isbn, item_id) 
    values
        (?, ?, ?)
Hibernate: 
    insert 
    into
        book
        (author, isbn, item_id) 
    values
        (?, ?, ?)
2024-04-29T19:41:38.340+09:00  INFO 58944 --- [project] [    Test worker] p6spy                                    : #1714387298340 | took 0ms | statement | connection 6| url jdbc:mysql://127.0.0.1:3306/project?serverTimezone=Asia/Seoul
insert into book (author,isbn,item_id) values (?,?,?)
insert into book (author,isbn,item_id) values ('i','i',149);
2024-04-29T19:41:38.340+09:00 DEBUG 58944 --- [project] [    Test worker] org.hibernate.SQL                        : 
    insert 
    into
        upload_file
        (item_id, store_file_name, upload_file_name, file_id) 
    values
        (?, ?, ?, ?)
Hibernate: 
    insert 
    into
        upload_file
        (item_id, store_file_name, upload_file_name, file_id) 
    values
        (?, ?, ?, ?)
2024-04-29T19:41:38.341+09:00  INFO 58944 --- [project] [    Test worker] p6spy                                    : #1714387298341 | took 0ms | statement | connection 6| url jdbc:mysql://127.0.0.1:3306/project?serverTimezone=Asia/Seoul
insert into upload_file (item_id,store_file_name,upload_file_name,file_id) values (?,?,?,?)
insert into upload_file (item_id,store_file_name,upload_file_name,file_id) values (149,'java.io.StringReader@5f092eaa','java.io.StringReader@264e0b8e',149);
2024-04-29T19:41:38.341+09:00 DEBUG 58944 --- [project] [    Test worker] org.hibernate.SQL                        : 
    insert 
    into
        item
        (name, price, quantity, dtype, item_id) 
    values
        (?, ?, ?, 'Book', ?)
Hibernate: 
    insert 
    into
        item
        (name, price, quantity, dtype, item_id) 
    values
        (?, ?, ?, 'Book', ?)
2024-04-29T19:41:38.341+09:00  INFO 58944 --- [project] [    Test worker] p6spy                                    : #1714387298341 | took 0ms | statement | connection 6| url jdbc:mysql://127.0.0.1:3306/project?serverTimezone=Asia/Seoul
insert into item (name,price,quantity,dtype,item_id) values (?,?,?,'Book',?)
insert into item (name,price,quantity,dtype,item_id) values ('i',150,150,'Book',150);
2024-04-29T19:41:38.342+09:00 DEBUG 58944 --- [project] [    Test worker] org.hibernate.SQL                        : 
    insert 
    into
        book
        (author, isbn, item_id) 
    values
        (?, ?, ?)
Hibernate: 
    insert 
    into
        book
        (author, isbn, item_id) 
    values
        (?, ?, ?)
2024-04-29T19:41:38.342+09:00  INFO 58944 --- [project] [    Test worker] p6spy                                    : #1714387298342 | took 0ms | statement | connection 6| url jdbc:mysql://127.0.0.1:3306/project?serverTimezone=Asia/Seoul
insert into book (author,isbn,item_id) values (?,?,?)
insert into book (author,isbn,item_id) values ('i','i',150);
2024-04-29T19:41:38.343+09:00 DEBUG 58944 --- [project] [    Test worker] org.hibernate.SQL                        : 
    insert 
    into
        upload_file
        (item_id, store_file_name, upload_file_name, file_id) 
    values
        (?, ?, ?, ?)
Hibernate: 
    insert 
    into
        upload_file
        (item_id, store_file_name, upload_file_name, file_id) 
    values
        (?, ?, ?, ?)
2024-04-29T19:41:38.343+09:00  INFO 58944 --- [project] [    Test worker] p6spy                                    : #1714387298343 | took 0ms | statement | connection 6| url jdbc:mysql://127.0.0.1:3306/project?serverTimezone=Asia/Seoul
insert into upload_file (item_id,store_file_name,upload_file_name,file_id) values (?,?,?,?)
insert into upload_file (item_id,store_file_name,upload_file_name,file_id) values (150,'java.io.StringReader@2153f0d7','java.io.StringReader@3af8f1ef',150);
2024-04-29T19:41:38.344+09:00 DEBUG 58944 --- [project] [    Test worker] org.hibernate.SQL                        : 
    insert 
    into
        item
        (name, price, quantity, dtype, item_id) 
    values
        (?, ?, ?, 'Book', ?)
Hibernate: 
    insert 
    into
        item
        (name, price, quantity, dtype, item_id) 
    values
        (?, ?, ?, 'Book', ?)
2024-04-29T19:41:38.345+09:00  INFO 58944 --- [project] [    Test worker] p6spy                                    : #1714387298345 | took 0ms | statement | connection 6| url jdbc:mysql://127.0.0.1:3306/project?serverTimezone=Asia/Seoul
insert into item (name,price,quantity,dtype,item_id) values (?,?,?,'Book',?)
insert into item (name,price,quantity,dtype,item_id) values ('i',151,151,'Book',151);
2024-04-29T19:41:38.345+09:00 DEBUG 58944 --- [project] [    Test worker] org.hibernate.SQL                        : 
    insert 
    into
        book
        (author, isbn, item_id) 
    values
        (?, ?, ?)
Hibernate: 
    insert 
    into
        book
        (author, isbn, item_id) 
    values
        (?, ?, ?)
2024-04-29T19:41:38.345+09:00  INFO 58944 --- [project] [    Test worker] p6spy                                    : #1714387298345 | took 0ms | statement | connection 6| url jdbc:mysql://127.0.0.1:3306/project?serverTimezone=Asia/Seoul
insert into book (author,isbn,item_id) values (?,?,?)
insert into book (author,isbn,item_id) values ('i','i',151);
2024-04-29T19:41:38.345+09:00 DEBUG 58944 --- [project] [    Test worker] org.hibernate.SQL                        : 
    insert 
    into
        upload_file
        (item_id, store_file_name, upload_file_name, file_id) 
    values
        (?, ?, ?, ?)
Hibernate: 
    insert 
    into
        upload_file
        (item_id, store_file_name, upload_file_name, file_id) 
    values
        (?, ?, ?, ?)
2024-04-29T19:41:38.346+09:00  INFO 58944 --- [project] [    Test worker] p6spy                                    : #1714387298346 | took 0ms | statement | connection 6| url jdbc:mysql://127.0.0.1:3306/project?serverTimezone=Asia/Seoul
insert into upload_file (item_id,store_file_name,upload_file_name,file_id) values (?,?,?,?)
insert into upload_file (item_id,store_file_name,upload_file_name,file_id) values (151,'java.io.StringReader@6b06da60','java.io.StringReader@1be62793',151);
2024-04-29T19:41:38.346+09:00 DEBUG 58944 --- [project] [    Test worker] org.hibernate.SQL                        : 
    insert 
    into
        item
        (name, price, quantity, dtype, item_id) 
    values
        (?, ?, ?, 'Book', ?)
Hibernate: 
    insert 
    into
        item
        (name, price, quantity, dtype, item_id) 
    values
        (?, ?, ?, 'Book', ?)
2024-04-29T19:41:38.346+09:00  INFO 58944 --- [project] [    Test worker] p6spy                                    : #1714387298346 | took 0ms | statement | connection 6| url jdbc:mysql://127.0.0.1:3306/project?serverTimezone=Asia/Seoul
insert into item (name,price,quantity,dtype,item_id) values (?,?,?,'Book',?)
insert into item (name,price,quantity,dtype,item_id) values ('i',152,152,'Book',152);
2024-04-29T19:41:38.346+09:00 DEBUG 58944 --- [project] [    Test worker] org.hibernate.SQL                        : 
    insert 
    into
        book
        (author, isbn, item_id) 
    values
        (?, ?, ?)
Hibernate: 
    insert 
    into
        book
        (author, isbn, item_id) 
    values
        (?, ?, ?)
2024-04-29T19:41:38.347+09:00  INFO 58944 --- [project] [    Test worker] p6spy                                    : #1714387298347 | took 0ms | statement | connection 6| url jdbc:mysql://127.0.0.1:3306/project?serverTimezone=Asia/Seoul
insert into book (author,isbn,item_id) values (?,?,?)
insert into book (author,isbn,item_id) values ('i','i',152);
2024-04-29T19:41:38.347+09:00 DEBUG 58944 --- [project] [    Test worker] org.hibernate.SQL                        : 
    insert 
    into
        upload_file
        (item_id, store_file_name, upload_file_name, file_id) 
    values
        (?, ?, ?, ?)
Hibernate: 
    insert 
    into
        upload_file
        (item_id, store_file_name, upload_file_name, file_id) 
    values
        (?, ?, ?, ?)
2024-04-29T19:41:38.347+09:00  INFO 58944 --- [project] [    Test worker] p6spy                                    : #1714387298347 | took 0ms | statement | connection 6| url jdbc:mysql://127.0.0.1:3306/project?serverTimezone=Asia/Seoul
insert into upload_file (item_id,store_file_name,upload_file_name,file_id) values (?,?,?,?)
insert into upload_file (item_id,store_file_name,upload_file_name,file_id) values (152,'java.io.StringReader@72a522f1','java.io.StringReader@2365facb',152);
2024-04-29T19:41:38.348+09:00 DEBUG 58944 --- [project] [    Test worker] org.hibernate.SQL                        : 
    insert 
    into
        item
        (name, price, quantity, dtype, item_id) 
    values
        (?, ?, ?, 'Book', ?)
Hibernate: 
    insert 
    into
        item
        (name, price, quantity, dtype, item_id) 
    values
        (?, ?, ?, 'Book', ?)
2024-04-29T19:41:38.348+09:00  INFO 58944 --- [project] [    Test worker] p6spy                                    : #1714387298348 | took 0ms | statement | connection 6| url jdbc:mysql://127.0.0.1:3306/project?serverTimezone=Asia/Seoul
insert into item (name,price,quantity,dtype,item_id) values (?,?,?,'Book',?)
insert into item (name,price,quantity,dtype,item_id) values ('i',153,153,'Book',153);
2024-04-29T19:41:38.348+09:00 DEBUG 58944 --- [project] [    Test worker] org.hibernate.SQL                        : 
    insert 
    into
        book
        (author, isbn, item_id) 
    values
        (?, ?, ?)
Hibernate: 
    insert 
    into
        book
        (author, isbn, item_id) 
    values
        (?, ?, ?)
2024-04-29T19:41:38.348+09:00  INFO 58944 --- [project] [    Test worker] p6spy                                    : #1714387298348 | took 0ms | statement | connection 6| url jdbc:mysql://127.0.0.1:3306/project?serverTimezone=Asia/Seoul
insert into book (author,isbn,item_id) values (?,?,?)
insert into book (author,isbn,item_id) values ('i','i',153);
2024-04-29T19:41:38.348+09:00 DEBUG 58944 --- [project] [    Test worker] org.hibernate.SQL                        : 
    insert 
    into
        upload_file
        (item_id, store_file_name, upload_file_name, file_id) 
    values
        (?, ?, ?, ?)
Hibernate: 
    insert 
    into
        upload_file
        (item_id, store_file_name, upload_file_name, file_id) 
    values
        (?, ?, ?, ?)
2024-04-29T19:41:38.349+09:00  INFO 58944 --- [project] [    Test worker] p6spy                                    : #1714387298349 | took 0ms | statement | connection 6| url jdbc:mysql://127.0.0.1:3306/project?serverTimezone=Asia/Seoul
insert into upload_file (item_id,store_file_name,upload_file_name,file_id) values (?,?,?,?)
insert into upload_file (item_id,store_file_name,upload_file_name,file_id) values (153,'java.io.StringReader@7287811f','java.io.StringReader@1e490ed',153);
2024-04-29T19:41:38.349+09:00 DEBUG 58944 --- [project] [    Test worker] org.hibernate.SQL                        : 
    insert 
    into
        item
        (name, price, quantity, dtype, item_id) 
    values
        (?, ?, ?, 'Book', ?)
Hibernate: 
    insert 
    into
        item
        (name, price, quantity, dtype, item_id) 
    values
        (?, ?, ?, 'Book', ?)
2024-04-29T19:41:38.349+09:00  INFO 58944 --- [project] [    Test worker] p6spy                                    : #1714387298349 | took 0ms | statement | connection 6| url jdbc:mysql://127.0.0.1:3306/project?serverTimezone=Asia/Seoul
insert into item (name,price,quantity,dtype,item_id) values (?,?,?,'Book',?)
insert into item (name,price,quantity,dtype,item_id) values ('i',154,154,'Book',154);
2024-04-29T19:41:38.349+09:00 DEBUG 58944 --- [project] [    Test worker] org.hibernate.SQL                        : 
    insert 
    into
        book
        (author, isbn, item_id) 
    values
        (?, ?, ?)
Hibernate: 
    insert 
    into
        book
        (author, isbn, item_id) 
    values
        (?, ?, ?)
2024-04-29T19:41:38.350+09:00  INFO 58944 --- [project] [    Test worker] p6spy                                    : #1714387298350 | took 0ms | statement | connection 6| url jdbc:mysql://127.0.0.1:3306/project?serverTimezone=Asia/Seoul
insert into book (author,isbn,item_id) values (?,?,?)
insert into book (author,isbn,item_id) values ('i','i',154);
2024-04-29T19:41:38.350+09:00 DEBUG 58944 --- [project] [    Test worker] org.hibernate.SQL                        : 
    insert 
    into
        upload_file
        (item_id, store_file_name, upload_file_name, file_id) 
    values
        (?, ?, ?, ?)
Hibernate: 
    insert 
    into
        upload_file
        (item_id, store_file_name, upload_file_name, file_id) 
    values
        (?, ?, ?, ?)
2024-04-29T19:41:38.350+09:00  INFO 58944 --- [project] [    Test worker] p6spy                                    : #1714387298350 | took 0ms | statement | connection 6| url jdbc:mysql://127.0.0.1:3306/project?serverTimezone=Asia/Seoul
insert into upload_file (item_id,store_file_name,upload_file_name,file_id) values (?,?,?,?)
insert into upload_file (item_id,store_file_name,upload_file_name,file_id) values (154,'java.io.StringReader@6967cdee','java.io.StringReader@4c33450c',154);
2024-04-29T19:41:38.350+09:00 DEBUG 58944 --- [project] [    Test worker] org.hibernate.SQL                        : 
    insert 
    into
        item
        (name, price, quantity, dtype, item_id) 
    values
        (?, ?, ?, 'Book', ?)
Hibernate: 
    insert 
    into
        item
        (name, price, quantity, dtype, item_id) 
    values
        (?, ?, ?, 'Book', ?)
2024-04-29T19:41:38.350+09:00  INFO 58944 --- [project] [    Test worker] p6spy                                    : #1714387298350 | took 0ms | statement | connection 6| url jdbc:mysql://127.0.0.1:3306/project?serverTimezone=Asia/Seoul
insert into item (name,price,quantity,dtype,item_id) values (?,?,?,'Book',?)
insert into item (name,price,quantity,dtype,item_id) values ('i',155,155,'Book',155);
2024-04-29T19:41:38.350+09:00 DEBUG 58944 --- [project] [    Test worker] org.hibernate.SQL                        : 
    insert 
    into
        book
        (author, isbn, item_id) 
    values
        (?, ?, ?)
Hibernate: 
    insert 
    into
        book
        (author, isbn, item_id) 
    values
        (?, ?, ?)
2024-04-29T19:41:38.351+09:00  INFO 58944 --- [project] [    Test worker] p6spy                                    : #1714387298351 | took 0ms | statement | connection 6| url jdbc:mysql://127.0.0.1:3306/project?serverTimezone=Asia/Seoul
insert into book (author,isbn,item_id) values (?,?,?)
insert into book (author,isbn,item_id) values ('i','i',155);
2024-04-29T19:41:38.351+09:00 DEBUG 58944 --- [project] [    Test worker] org.hibernate.SQL                        : 
    insert 
    into
        upload_file
        (item_id, store_file_name, upload_file_name, file_id) 
    values
        (?, ?, ?, ?)
Hibernate: 
    insert 
    into
        upload_file
        (item_id, store_file_name, upload_file_name, file_id) 
    values
        (?, ?, ?, ?)
2024-04-29T19:41:38.351+09:00  INFO 58944 --- [project] [    Test worker] p6spy                                    : #1714387298351 | took 0ms | statement | connection 6| url jdbc:mysql://127.0.0.1:3306/project?serverTimezone=Asia/Seoul
insert into upload_file (item_id,store_file_name,upload_file_name,file_id) values (?,?,?,?)
insert into upload_file (item_id,store_file_name,upload_file_name,file_id) values (155,'java.io.StringReader@376aaeec','java.io.StringReader@749330a8',155);
2024-04-29T19:41:38.352+09:00 DEBUG 58944 --- [project] [    Test worker] org.hibernate.SQL                        : 
    insert 
    into
        item
        (name, price, quantity, dtype, item_id) 
    values
        (?, ?, ?, 'Book', ?)
Hibernate: 
    insert 
    into
        item
        (name, price, quantity, dtype, item_id) 
    values
        (?, ?, ?, 'Book', ?)
2024-04-29T19:41:38.352+09:00  INFO 58944 --- [project] [    Test worker] p6spy                                    : #1714387298352 | took 0ms | statement | connection 6| url jdbc:mysql://127.0.0.1:3306/project?serverTimezone=Asia/Seoul
insert into item (name,price,quantity,dtype,item_id) values (?,?,?,'Book',?)
insert into item (name,price,quantity,dtype,item_id) values ('i',156,156,'Book',156);
2024-04-29T19:41:38.352+09:00 DEBUG 58944 --- [project] [    Test worker] org.hibernate.SQL                        : 
    insert 
    into
        book
        (author, isbn, item_id) 
    values
        (?, ?, ?)
Hibernate: 
    insert 
    into
        book
        (author, isbn, item_id) 
    values
        (?, ?, ?)
2024-04-29T19:41:38.352+09:00  INFO 58944 --- [project] [    Test worker] p6spy                                    : #1714387298352 | took 0ms | statement | connection 6| url jdbc:mysql://127.0.0.1:3306/project?serverTimezone=Asia/Seoul
insert into book (author,isbn,item_id) values (?,?,?)
insert into book (author,isbn,item_id) values ('i','i',156);
2024-04-29T19:41:38.352+09:00 DEBUG 58944 --- [project] [    Test worker] org.hibernate.SQL                        : 
    insert 
    into
        upload_file
        (item_id, store_file_name, upload_file_name, file_id) 
    values
        (?, ?, ?, ?)
Hibernate: 
    insert 
    into
        upload_file
        (item_id, store_file_name, upload_file_name, file_id) 
    values
        (?, ?, ?, ?)
2024-04-29T19:41:38.353+09:00  INFO 58944 --- [project] [    Test worker] p6spy                                    : #1714387298353 | took 0ms | statement | connection 6| url jdbc:mysql://127.0.0.1:3306/project?serverTimezone=Asia/Seoul
insert into upload_file (item_id,store_file_name,upload_file_name,file_id) values (?,?,?,?)
insert into upload_file (item_id,store_file_name,upload_file_name,file_id) values (156,'java.io.StringReader@5634f627','java.io.StringReader@380ea757',156);
2024-04-29T19:41:38.353+09:00 DEBUG 58944 --- [project] [    Test worker] org.hibernate.SQL                        : 
    insert 
    into
        item
        (name, price, quantity, dtype, item_id) 
    values
        (?, ?, ?, 'Book', ?)
Hibernate: 
    insert 
    into
        item
        (name, price, quantity, dtype, item_id) 
    values
        (?, ?, ?, 'Book', ?)
2024-04-29T19:41:38.354+09:00  INFO 58944 --- [project] [    Test worker] p6spy                                    : #1714387298354 | took 0ms | statement | connection 6| url jdbc:mysql://127.0.0.1:3306/project?serverTimezone=Asia/Seoul
insert into item (name,price,quantity,dtype,item_id) values (?,?,?,'Book',?)
insert into item (name,price,quantity,dtype,item_id) values ('i',157,157,'Book',157);
2024-04-29T19:41:38.354+09:00 DEBUG 58944 --- [project] [    Test worker] org.hibernate.SQL                        : 
    insert 
    into
        book
        (author, isbn, item_id) 
    values
        (?, ?, ?)
Hibernate: 
    insert 
    into
        book
        (author, isbn, item_id) 
    values
        (?, ?, ?)
2024-04-29T19:41:38.355+09:00  INFO 58944 --- [project] [    Test worker] p6spy                                    : #1714387298355 | took 0ms | statement | connection 6| url jdbc:mysql://127.0.0.1:3306/project?serverTimezone=Asia/Seoul
insert into book (author,isbn,item_id) values (?,?,?)
insert into book (author,isbn,item_id) values ('i','i',157);
2024-04-29T19:41:38.356+09:00 DEBUG 58944 --- [project] [    Test worker] org.hibernate.SQL                        : 
    insert 
    into
        upload_file
        (item_id, store_file_name, upload_file_name, file_id) 
    values
        (?, ?, ?, ?)
Hibernate: 
    insert 
    into
        upload_file
        (item_id, store_file_name, upload_file_name, file_id) 
    values
        (?, ?, ?, ?)
2024-04-29T19:41:38.356+09:00  INFO 58944 --- [project] [    Test worker] p6spy                                    : #1714387298356 | took 0ms | statement | connection 6| url jdbc:mysql://127.0.0.1:3306/project?serverTimezone=Asia/Seoul
insert into upload_file (item_id,store_file_name,upload_file_name,file_id) values (?,?,?,?)
insert into upload_file (item_id,store_file_name,upload_file_name,file_id) values (157,'java.io.StringReader@2d0ed017','java.io.StringReader@445760e0',157);
2024-04-29T19:41:38.356+09:00 DEBUG 58944 --- [project] [    Test worker] org.hibernate.SQL                        : 
    insert 
    into
        item
        (name, price, quantity, dtype, item_id) 
    values
        (?, ?, ?, 'Book', ?)
Hibernate: 
    insert 
    into
        item
        (name, price, quantity, dtype, item_id) 
    values
        (?, ?, ?, 'Book', ?)
2024-04-29T19:41:38.356+09:00  INFO 58944 --- [project] [    Test worker] p6spy                                    : #1714387298356 | took 0ms | statement | connection 6| url jdbc:mysql://127.0.0.1:3306/project?serverTimezone=Asia/Seoul
insert into item (name,price,quantity,dtype,item_id) values (?,?,?,'Book',?)
insert into item (name,price,quantity,dtype,item_id) values ('i',158,158,'Book',158);
2024-04-29T19:41:38.356+09:00 DEBUG 58944 --- [project] [    Test worker] org.hibernate.SQL                        : 
    insert 
    into
        book
        (author, isbn, item_id) 
    values
        (?, ?, ?)
Hibernate: 
    insert 
    into
        book
        (author, isbn, item_id) 
    values
        (?, ?, ?)
2024-04-29T19:41:38.357+09:00  INFO 58944 --- [project] [    Test worker] p6spy                                    : #1714387298357 | took 0ms | statement | connection 6| url jdbc:mysql://127.0.0.1:3306/project?serverTimezone=Asia/Seoul
insert into book (author,isbn,item_id) values (?,?,?)
insert into book (author,isbn,item_id) values ('i','i',158);
2024-04-29T19:41:38.357+09:00 DEBUG 58944 --- [project] [    Test worker] org.hibernate.SQL                        : 
    insert 
    into
        upload_file
        (item_id, store_file_name, upload_file_name, file_id) 
    values
        (?, ?, ?, ?)
Hibernate: 
    insert 
    into
        upload_file
        (item_id, store_file_name, upload_file_name, file_id) 
    values
        (?, ?, ?, ?)
2024-04-29T19:41:38.357+09:00  INFO 58944 --- [project] [    Test worker] p6spy                                    : #1714387298357 | took 0ms | statement | connection 6| url jdbc:mysql://127.0.0.1:3306/project?serverTimezone=Asia/Seoul
insert into upload_file (item_id,store_file_name,upload_file_name,file_id) values (?,?,?,?)
insert into upload_file (item_id,store_file_name,upload_file_name,file_id) values (158,'java.io.StringReader@2bae0ac8','java.io.StringReader@570f2cf7',158);
2024-04-29T19:41:38.357+09:00 DEBUG 58944 --- [project] [    Test worker] org.hibernate.SQL                        : 
    insert 
    into
        item
        (name, price, quantity, dtype, item_id) 
    values
        (?, ?, ?, 'Book', ?)
Hibernate: 
    insert 
    into
        item
        (name, price, quantity, dtype, item_id) 
    values
        (?, ?, ?, 'Book', ?)
2024-04-29T19:41:38.358+09:00  INFO 58944 --- [project] [    Test worker] p6spy                                    : #1714387298358 | took 0ms | statement | connection 6| url jdbc:mysql://127.0.0.1:3306/project?serverTimezone=Asia/Seoul
insert into item (name,price,quantity,dtype,item_id) values (?,?,?,'Book',?)
insert into item (name,price,quantity,dtype,item_id) values ('i',159,159,'Book',159);
2024-04-29T19:41:38.358+09:00 DEBUG 58944 --- [project] [    Test worker] org.hibernate.SQL                        : 
    insert 
    into
        book
        (author, isbn, item_id) 
    values
        (?, ?, ?)
Hibernate: 
    insert 
    into
        book
        (author, isbn, item_id) 
    values
        (?, ?, ?)
2024-04-29T19:41:38.358+09:00  INFO 58944 --- [project] [    Test worker] p6spy                                    : #1714387298358 | took 0ms | statement | connection 6| url jdbc:mysql://127.0.0.1:3306/project?serverTimezone=Asia/Seoul
insert into book (author,isbn,item_id) values (?,?,?)
insert into book (author,isbn,item_id) values ('i','i',159);
2024-04-29T19:41:38.359+09:00 DEBUG 58944 --- [project] [    Test worker] org.hibernate.SQL                        : 
    insert 
    into
        upload_file
        (item_id, store_file_name, upload_file_name, file_id) 
    values
        (?, ?, ?, ?)
Hibernate: 
    insert 
    into
        upload_file
        (item_id, store_file_name, upload_file_name, file_id) 
    values
        (?, ?, ?, ?)
2024-04-29T19:41:38.359+09:00  INFO 58944 --- [project] [    Test worker] p6spy                                    : #1714387298359 | took 0ms | statement | connection 6| url jdbc:mysql://127.0.0.1:3306/project?serverTimezone=Asia/Seoul
insert into upload_file (item_id,store_file_name,upload_file_name,file_id) values (?,?,?,?)
insert into upload_file (item_id,store_file_name,upload_file_name,file_id) values (159,'java.io.StringReader@177d7e98','java.io.StringReader@75ba33b8',159);
2024-04-29T19:41:38.359+09:00 DEBUG 58944 --- [project] [    Test worker] org.hibernate.SQL                        : 
    insert 
    into
        item
        (name, price, quantity, dtype, item_id) 
    values
        (?, ?, ?, 'Book', ?)
Hibernate: 
    insert 
    into
        item
        (name, price, quantity, dtype, item_id) 
    values
        (?, ?, ?, 'Book', ?)
2024-04-29T19:41:38.360+09:00  INFO 58944 --- [project] [    Test worker] p6spy                                    : #1714387298360 | took 0ms | statement | connection 6| url jdbc:mysql://127.0.0.1:3306/project?serverTimezone=Asia/Seoul
insert into item (name,price,quantity,dtype,item_id) values (?,?,?,'Book',?)
insert into item (name,price,quantity,dtype,item_id) values ('i',160,160,'Book',160);
2024-04-29T19:41:38.360+09:00 DEBUG 58944 --- [project] [    Test worker] org.hibernate.SQL                        : 
    insert 
    into
        book
        (author, isbn, item_id) 
    values
        (?, ?, ?)
Hibernate: 
    insert 
    into
        book
        (author, isbn, item_id) 
    values
        (?, ?, ?)
2024-04-29T19:41:38.360+09:00  INFO 58944 --- [project] [    Test worker] p6spy                                    : #1714387298360 | took 0ms | statement | connection 6| url jdbc:mysql://127.0.0.1:3306/project?serverTimezone=Asia/Seoul
insert into book (author,isbn,item_id) values (?,?,?)
insert into book (author,isbn,item_id) values ('i','i',160);
2024-04-29T19:41:38.361+09:00 DEBUG 58944 --- [project] [    Test worker] org.hibernate.SQL                        : 
    insert 
    into
        upload_file
        (item_id, store_file_name, upload_file_name, file_id) 
    values
        (?, ?, ?, ?)
Hibernate: 
    insert 
    into
        upload_file
        (item_id, store_file_name, upload_file_name, file_id) 
    values
        (?, ?, ?, ?)
2024-04-29T19:41:38.362+09:00  INFO 58944 --- [project] [    Test worker] p6spy                                    : #1714387298362 | took 0ms | statement | connection 6| url jdbc:mysql://127.0.0.1:3306/project?serverTimezone=Asia/Seoul
insert into upload_file (item_id,store_file_name,upload_file_name,file_id) values (?,?,?,?)
insert into upload_file (item_id,store_file_name,upload_file_name,file_id) values (160,'java.io.StringReader@6818c0a6','java.io.StringReader@42be0eca',160);
2024-04-29T19:41:38.362+09:00 DEBUG 58944 --- [project] [    Test worker] org.hibernate.SQL                        : 
    insert 
    into
        item
        (name, price, quantity, dtype, item_id) 
    values
        (?, ?, ?, 'Book', ?)
Hibernate: 
    insert 
    into
        item
        (name, price, quantity, dtype, item_id) 
    values
        (?, ?, ?, 'Book', ?)
2024-04-29T19:41:38.365+09:00  INFO 58944 --- [project] [    Test worker] p6spy                                    : #1714387298365 | took 0ms | statement | connection 6| url jdbc:mysql://127.0.0.1:3306/project?serverTimezone=Asia/Seoul
insert into item (name,price,quantity,dtype,item_id) values (?,?,?,'Book',?)
insert into item (name,price,quantity,dtype,item_id) values ('i',161,161,'Book',161);
2024-04-29T19:41:38.366+09:00 DEBUG 58944 --- [project] [    Test worker] org.hibernate.SQL                        : 
    insert 
    into
        book
        (author, isbn, item_id) 
    values
        (?, ?, ?)
Hibernate: 
    insert 
    into
        book
        (author, isbn, item_id) 
    values
        (?, ?, ?)
2024-04-29T19:41:38.369+09:00  INFO 58944 --- [project] [    Test worker] p6spy                                    : #1714387298369 | took 0ms | statement | connection 6| url jdbc:mysql://127.0.0.1:3306/project?serverTimezone=Asia/Seoul
insert into book (author,isbn,item_id) values (?,?,?)
insert into book (author,isbn,item_id) values ('i','i',161);
2024-04-29T19:41:38.369+09:00 DEBUG 58944 --- [project] [    Test worker] org.hibernate.SQL                        : 
    insert 
    into
        upload_file
        (item_id, store_file_name, upload_file_name, file_id) 
    values
        (?, ?, ?, ?)
Hibernate: 
    insert 
    into
        upload_file
        (item_id, store_file_name, upload_file_name, file_id) 
    values
        (?, ?, ?, ?)
2024-04-29T19:41:38.370+09:00  INFO 58944 --- [project] [    Test worker] p6spy                                    : #1714387298370 | took 0ms | statement | connection 6| url jdbc:mysql://127.0.0.1:3306/project?serverTimezone=Asia/Seoul
insert into upload_file (item_id,store_file_name,upload_file_name,file_id) values (?,?,?,?)
insert into upload_file (item_id,store_file_name,upload_file_name,file_id) values (161,'java.io.StringReader@5b4433dc','java.io.StringReader@63ae7031',161);
2024-04-29T19:41:38.371+09:00 DEBUG 58944 --- [project] [    Test worker] org.hibernate.SQL                        : 
    insert 
    into
        item
        (name, price, quantity, dtype, item_id) 
    values
        (?, ?, ?, 'Book', ?)
Hibernate: 
    insert 
    into
        item
        (name, price, quantity, dtype, item_id) 
    values
        (?, ?, ?, 'Book', ?)
2024-04-29T19:41:38.371+09:00  INFO 58944 --- [project] [    Test worker] p6spy                                    : #1714387298371 | took 0ms | statement | connection 6| url jdbc:mysql://127.0.0.1:3306/project?serverTimezone=Asia/Seoul
insert into item (name,price,quantity,dtype,item_id) values (?,?,?,'Book',?)
insert into item (name,price,quantity,dtype,item_id) values ('i',162,162,'Book',162);
2024-04-29T19:41:38.371+09:00 DEBUG 58944 --- [project] [    Test worker] org.hibernate.SQL                        : 
    insert 
    into
        book
        (author, isbn, item_id) 
    values
        (?, ?, ?)
Hibernate: 
    insert 
    into
        book
        (author, isbn, item_id) 
    values
        (?, ?, ?)
2024-04-29T19:41:38.371+09:00  INFO 58944 --- [project] [    Test worker] p6spy                                    : #1714387298371 | took 0ms | statement | connection 6| url jdbc:mysql://127.0.0.1:3306/project?serverTimezone=Asia/Seoul
insert into book (author,isbn,item_id) values (?,?,?)
insert into book (author,isbn,item_id) values ('i','i',162);
2024-04-29T19:41:38.372+09:00 DEBUG 58944 --- [project] [    Test worker] org.hibernate.SQL                        : 
    insert 
    into
        upload_file
        (item_id, store_file_name, upload_file_name, file_id) 
    values
        (?, ?, ?, ?)
Hibernate: 
    insert 
    into
        upload_file
        (item_id, store_file_name, upload_file_name, file_id) 
    values
        (?, ?, ?, ?)
2024-04-29T19:41:38.372+09:00  INFO 58944 --- [project] [    Test worker] p6spy                                    : #1714387298372 | took 0ms | statement | connection 6| url jdbc:mysql://127.0.0.1:3306/project?serverTimezone=Asia/Seoul
insert into upload_file (item_id,store_file_name,upload_file_name,file_id) values (?,?,?,?)
insert into upload_file (item_id,store_file_name,upload_file_name,file_id) values (162,'java.io.StringReader@4dc74211','java.io.StringReader@4bbc9862',162);
2024-04-29T19:41:38.372+09:00 DEBUG 58944 --- [project] [    Test worker] org.hibernate.SQL                        : 
    insert 
    into
        item
        (name, price, quantity, dtype, item_id) 
    values
        (?, ?, ?, 'Book', ?)
Hibernate: 
    insert 
    into
        item
        (name, price, quantity, dtype, item_id) 
    values
        (?, ?, ?, 'Book', ?)
2024-04-29T19:41:38.373+09:00  INFO 58944 --- [project] [    Test worker] p6spy                                    : #1714387298373 | took 0ms | statement | connection 6| url jdbc:mysql://127.0.0.1:3306/project?serverTimezone=Asia/Seoul
insert into item (name,price,quantity,dtype,item_id) values (?,?,?,'Book',?)
insert into item (name,price,quantity,dtype,item_id) values ('i',163,163,'Book',163);
2024-04-29T19:41:38.373+09:00 DEBUG 58944 --- [project] [    Test worker] org.hibernate.SQL                        : 
    insert 
    into
        book
        (author, isbn, item_id) 
    values
        (?, ?, ?)
Hibernate: 
    insert 
    into
        book
        (author, isbn, item_id) 
    values
        (?, ?, ?)
2024-04-29T19:41:38.373+09:00  INFO 58944 --- [project] [    Test worker] p6spy                                    : #1714387298373 | took 0ms | statement | connection 6| url jdbc:mysql://127.0.0.1:3306/project?serverTimezone=Asia/Seoul
insert into book (author,isbn,item_id) values (?,?,?)
insert into book (author,isbn,item_id) values ('i','i',163);
2024-04-29T19:41:38.373+09:00 DEBUG 58944 --- [project] [    Test worker] org.hibernate.SQL                        : 
    insert 
    into
        upload_file
        (item_id, store_file_name, upload_file_name, file_id) 
    values
        (?, ?, ?, ?)
Hibernate: 
    insert 
    into
        upload_file
        (item_id, store_file_name, upload_file_name, file_id) 
    values
        (?, ?, ?, ?)
2024-04-29T19:41:38.374+09:00  INFO 58944 --- [project] [    Test worker] p6spy                                    : #1714387298374 | took 0ms | statement | connection 6| url jdbc:mysql://127.0.0.1:3306/project?serverTimezone=Asia/Seoul
insert into upload_file (item_id,store_file_name,upload_file_name,file_id) values (?,?,?,?)
insert into upload_file (item_id,store_file_name,upload_file_name,file_id) values (163,'java.io.StringReader@20bd3082','java.io.StringReader@6d03404e',163);
2024-04-29T19:41:38.374+09:00 DEBUG 58944 --- [project] [    Test worker] org.hibernate.SQL                        : 
    insert 
    into
        item
        (name, price, quantity, dtype, item_id) 
    values
        (?, ?, ?, 'Book', ?)
Hibernate: 
    insert 
    into
        item
        (name, price, quantity, dtype, item_id) 
    values
        (?, ?, ?, 'Book', ?)
2024-04-29T19:41:38.374+09:00  INFO 58944 --- [project] [    Test worker] p6spy                                    : #1714387298374 | took 0ms | statement | connection 6| url jdbc:mysql://127.0.0.1:3306/project?serverTimezone=Asia/Seoul
insert into item (name,price,quantity,dtype,item_id) values (?,?,?,'Book',?)
insert into item (name,price,quantity,dtype,item_id) values ('i',164,164,'Book',164);
2024-04-29T19:41:38.374+09:00 DEBUG 58944 --- [project] [    Test worker] org.hibernate.SQL                        : 
    insert 
    into
        book
        (author, isbn, item_id) 
    values
        (?, ?, ?)
Hibernate: 
    insert 
    into
        book
        (author, isbn, item_id) 
    values
        (?, ?, ?)
2024-04-29T19:41:38.374+09:00  INFO 58944 --- [project] [    Test worker] p6spy                                    : #1714387298374 | took 0ms | statement | connection 6| url jdbc:mysql://127.0.0.1:3306/project?serverTimezone=Asia/Seoul
insert into book (author,isbn,item_id) values (?,?,?)
insert into book (author,isbn,item_id) values ('i','i',164);
2024-04-29T19:41:38.375+09:00 DEBUG 58944 --- [project] [    Test worker] org.hibernate.SQL                        : 
    insert 
    into
        upload_file
        (item_id, store_file_name, upload_file_name, file_id) 
    values
        (?, ?, ?, ?)
Hibernate: 
    insert 
    into
        upload_file
        (item_id, store_file_name, upload_file_name, file_id) 
    values
        (?, ?, ?, ?)
2024-04-29T19:41:38.375+09:00  INFO 58944 --- [project] [    Test worker] p6spy                                    : #1714387298375 | took 0ms | statement | connection 6| url jdbc:mysql://127.0.0.1:3306/project?serverTimezone=Asia/Seoul
insert into upload_file (item_id,store_file_name,upload_file_name,file_id) values (?,?,?,?)
insert into upload_file (item_id,store_file_name,upload_file_name,file_id) values (164,'java.io.StringReader@73c71083','java.io.StringReader@4cef1ea6',164);
2024-04-29T19:41:38.375+09:00 DEBUG 58944 --- [project] [    Test worker] org.hibernate.SQL                        : 
    insert 
    into
        item
        (name, price, quantity, dtype, item_id) 
    values
        (?, ?, ?, 'Book', ?)
Hibernate: 
    insert 
    into
        item
        (name, price, quantity, dtype, item_id) 
    values
        (?, ?, ?, 'Book', ?)
2024-04-29T19:41:38.376+09:00  INFO 58944 --- [project] [    Test worker] p6spy                                    : #1714387298376 | took 0ms | statement | connection 6| url jdbc:mysql://127.0.0.1:3306/project?serverTimezone=Asia/Seoul
insert into item (name,price,quantity,dtype,item_id) values (?,?,?,'Book',?)
insert into item (name,price,quantity,dtype,item_id) values ('i',165,165,'Book',165);
2024-04-29T19:41:38.376+09:00 DEBUG 58944 --- [project] [    Test worker] org.hibernate.SQL                        : 
    insert 
    into
        book
        (author, isbn, item_id) 
    values
        (?, ?, ?)
Hibernate: 
    insert 
    into
        book
        (author, isbn, item_id) 
    values
        (?, ?, ?)
2024-04-29T19:41:38.376+09:00  INFO 58944 --- [project] [    Test worker] p6spy                                    : #1714387298376 | took 0ms | statement | connection 6| url jdbc:mysql://127.0.0.1:3306/project?serverTimezone=Asia/Seoul
insert into book (author,isbn,item_id) values (?,?,?)
insert into book (author,isbn,item_id) values ('i','i',165);
2024-04-29T19:41:38.376+09:00 DEBUG 58944 --- [project] [    Test worker] org.hibernate.SQL                        : 
    insert 
    into
        upload_file
        (item_id, store_file_name, upload_file_name, file_id) 
    values
        (?, ?, ?, ?)
Hibernate: 
    insert 
    into
        upload_file
        (item_id, store_file_name, upload_file_name, file_id) 
    values
        (?, ?, ?, ?)
2024-04-29T19:41:38.377+09:00  INFO 58944 --- [project] [    Test worker] p6spy                                    : #1714387298377 | took 0ms | statement | connection 6| url jdbc:mysql://127.0.0.1:3306/project?serverTimezone=Asia/Seoul
insert into upload_file (item_id,store_file_name,upload_file_name,file_id) values (?,?,?,?)
insert into upload_file (item_id,store_file_name,upload_file_name,file_id) values (165,'java.io.StringReader@6258ea84','java.io.StringReader@6c720765',165);
2024-04-29T19:41:38.377+09:00 DEBUG 58944 --- [project] [    Test worker] org.hibernate.SQL                        : 
    insert 
    into
        item
        (name, price, quantity, dtype, item_id) 
    values
        (?, ?, ?, 'Book', ?)
Hibernate: 
    insert 
    into
        item
        (name, price, quantity, dtype, item_id) 
    values
        (?, ?, ?, 'Book', ?)
2024-04-29T19:41:38.380+09:00  INFO 58944 --- [project] [    Test worker] p6spy                                    : #1714387298380 | took 1ms | statement | connection 6| url jdbc:mysql://127.0.0.1:3306/project?serverTimezone=Asia/Seoul
insert into item (name,price,quantity,dtype,item_id) values (?,?,?,'Book',?)
insert into item (name,price,quantity,dtype,item_id) values ('i',166,166,'Book',166);
2024-04-29T19:41:38.380+09:00 DEBUG 58944 --- [project] [    Test worker] org.hibernate.SQL                        : 
    insert 
    into
        book
        (author, isbn, item_id) 
    values
        (?, ?, ?)
Hibernate: 
    insert 
    into
        book
        (author, isbn, item_id) 
    values
        (?, ?, ?)
2024-04-29T19:41:38.382+09:00  INFO 58944 --- [project] [    Test worker] p6spy                                    : #1714387298382 | took 0ms | statement | connection 6| url jdbc:mysql://127.0.0.1:3306/project?serverTimezone=Asia/Seoul
insert into book (author,isbn,item_id) values (?,?,?)
insert into book (author,isbn,item_id) values ('i','i',166);
2024-04-29T19:41:38.382+09:00 DEBUG 58944 --- [project] [    Test worker] org.hibernate.SQL                        : 
    insert 
    into
        upload_file
        (item_id, store_file_name, upload_file_name, file_id) 
    values
        (?, ?, ?, ?)
Hibernate: 
    insert 
    into
        upload_file
        (item_id, store_file_name, upload_file_name, file_id) 
    values
        (?, ?, ?, ?)
2024-04-29T19:41:38.384+09:00  INFO 58944 --- [project] [    Test worker] p6spy                                    : #1714387298384 | took 1ms | statement | connection 6| url jdbc:mysql://127.0.0.1:3306/project?serverTimezone=Asia/Seoul
insert into upload_file (item_id,store_file_name,upload_file_name,file_id) values (?,?,?,?)
insert into upload_file (item_id,store_file_name,upload_file_name,file_id) values (166,'java.io.StringReader@2d5cb059','java.io.StringReader@23591a2c',166);
2024-04-29T19:41:38.384+09:00 DEBUG 58944 --- [project] [    Test worker] org.hibernate.SQL                        : 
    insert 
    into
        item
        (name, price, quantity, dtype, item_id) 
    values
        (?, ?, ?, 'Book', ?)
Hibernate: 
    insert 
    into
        item
        (name, price, quantity, dtype, item_id) 
    values
        (?, ?, ?, 'Book', ?)
2024-04-29T19:41:38.385+09:00  INFO 58944 --- [project] [    Test worker] p6spy                                    : #1714387298385 | took 0ms | statement | connection 6| url jdbc:mysql://127.0.0.1:3306/project?serverTimezone=Asia/Seoul
insert into item (name,price,quantity,dtype,item_id) values (?,?,?,'Book',?)
insert into item (name,price,quantity,dtype,item_id) values ('i',167,167,'Book',167);
2024-04-29T19:41:38.385+09:00 DEBUG 58944 --- [project] [    Test worker] org.hibernate.SQL                        : 
    insert 
    into
        book
        (author, isbn, item_id) 
    values
        (?, ?, ?)
Hibernate: 
    insert 
    into
        book
        (author, isbn, item_id) 
    values
        (?, ?, ?)
2024-04-29T19:41:38.385+09:00  INFO 58944 --- [project] [    Test worker] p6spy                                    : #1714387298385 | took 0ms | statement | connection 6| url jdbc:mysql://127.0.0.1:3306/project?serverTimezone=Asia/Seoul
insert into book (author,isbn,item_id) values (?,?,?)
insert into book (author,isbn,item_id) values ('i','i',167);
2024-04-29T19:41:38.386+09:00 DEBUG 58944 --- [project] [    Test worker] org.hibernate.SQL                        : 
    insert 
    into
        upload_file
        (item_id, store_file_name, upload_file_name, file_id) 
    values
        (?, ?, ?, ?)
Hibernate: 
    insert 
    into
        upload_file
        (item_id, store_file_name, upload_file_name, file_id) 
    values
        (?, ?, ?, ?)
2024-04-29T19:41:38.386+09:00  INFO 58944 --- [project] [    Test worker] p6spy                                    : #1714387298386 | took 0ms | statement | connection 6| url jdbc:mysql://127.0.0.1:3306/project?serverTimezone=Asia/Seoul
insert into upload_file (item_id,store_file_name,upload_file_name,file_id) values (?,?,?,?)
insert into upload_file (item_id,store_file_name,upload_file_name,file_id) values (167,'java.io.StringReader@72cbe3b6','java.io.StringReader@7aadb5e8',167);
2024-04-29T19:41:38.386+09:00 DEBUG 58944 --- [project] [    Test worker] org.hibernate.SQL                        : 
    insert 
    into
        item
        (name, price, quantity, dtype, item_id) 
    values
        (?, ?, ?, 'Book', ?)
Hibernate: 
    insert 
    into
        item
        (name, price, quantity, dtype, item_id) 
    values
        (?, ?, ?, 'Book', ?)
2024-04-29T19:41:38.387+09:00  INFO 58944 --- [project] [    Test worker] p6spy                                    : #1714387298387 | took 0ms | statement | connection 6| url jdbc:mysql://127.0.0.1:3306/project?serverTimezone=Asia/Seoul
insert into item (name,price,quantity,dtype,item_id) values (?,?,?,'Book',?)
insert into item (name,price,quantity,dtype,item_id) values ('i',168,168,'Book',168);
2024-04-29T19:41:38.387+09:00 DEBUG 58944 --- [project] [    Test worker] org.hibernate.SQL                        : 
    insert 
    into
        book
        (author, isbn, item_id) 
    values
        (?, ?, ?)
Hibernate: 
    insert 
    into
        book
        (author, isbn, item_id) 
    values
        (?, ?, ?)
2024-04-29T19:41:38.388+09:00  INFO 58944 --- [project] [    Test worker] p6spy                                    : #1714387298388 | took 0ms | statement | connection 6| url jdbc:mysql://127.0.0.1:3306/project?serverTimezone=Asia/Seoul
insert into book (author,isbn,item_id) values (?,?,?)
insert into book (author,isbn,item_id) values ('i','i',168);
2024-04-29T19:41:38.388+09:00 DEBUG 58944 --- [project] [    Test worker] org.hibernate.SQL                        : 
    insert 
    into
        upload_file
        (item_id, store_file_name, upload_file_name, file_id) 
    values
        (?, ?, ?, ?)
Hibernate: 
    insert 
    into
        upload_file
        (item_id, store_file_name, upload_file_name, file_id) 
    values
        (?, ?, ?, ?)
2024-04-29T19:41:38.388+09:00  INFO 58944 --- [project] [    Test worker] p6spy                                    : #1714387298388 | took 0ms | statement | connection 6| url jdbc:mysql://127.0.0.1:3306/project?serverTimezone=Asia/Seoul
insert into upload_file (item_id,store_file_name,upload_file_name,file_id) values (?,?,?,?)
insert into upload_file (item_id,store_file_name,upload_file_name,file_id) values (168,'java.io.StringReader@765d2d4d','java.io.StringReader@377fca35',168);
2024-04-29T19:41:38.389+09:00 DEBUG 58944 --- [project] [    Test worker] org.hibernate.SQL                        : 
    insert 
    into
        item
        (name, price, quantity, dtype, item_id) 
    values
        (?, ?, ?, 'Book', ?)
Hibernate: 
    insert 
    into
        item
        (name, price, quantity, dtype, item_id) 
    values
        (?, ?, ?, 'Book', ?)
2024-04-29T19:41:38.389+09:00  INFO 58944 --- [project] [    Test worker] p6spy                                    : #1714387298389 | took 0ms | statement | connection 6| url jdbc:mysql://127.0.0.1:3306/project?serverTimezone=Asia/Seoul
insert into item (name,price,quantity,dtype,item_id) values (?,?,?,'Book',?)
insert into item (name,price,quantity,dtype,item_id) values ('i',169,169,'Book',169);
2024-04-29T19:41:38.389+09:00 DEBUG 58944 --- [project] [    Test worker] org.hibernate.SQL                        : 
    insert 
    into
        book
        (author, isbn, item_id) 
    values
        (?, ?, ?)
Hibernate: 
    insert 
    into
        book
        (author, isbn, item_id) 
    values
        (?, ?, ?)
2024-04-29T19:41:38.389+09:00  INFO 58944 --- [project] [    Test worker] p6spy                                    : #1714387298389 | took 0ms | statement | connection 6| url jdbc:mysql://127.0.0.1:3306/project?serverTimezone=Asia/Seoul
insert into book (author,isbn,item_id) values (?,?,?)
insert into book (author,isbn,item_id) values ('i','i',169);
2024-04-29T19:41:38.389+09:00 DEBUG 58944 --- [project] [    Test worker] org.hibernate.SQL                        : 
    insert 
    into
        upload_file
        (item_id, store_file_name, upload_file_name, file_id) 
    values
        (?, ?, ?, ?)
Hibernate: 
    insert 
    into
        upload_file
        (item_id, store_file_name, upload_file_name, file_id) 
    values
        (?, ?, ?, ?)
2024-04-29T19:41:38.390+09:00  INFO 58944 --- [project] [    Test worker] p6spy                                    : #1714387298390 | took 0ms | statement | connection 6| url jdbc:mysql://127.0.0.1:3306/project?serverTimezone=Asia/Seoul
insert into upload_file (item_id,store_file_name,upload_file_name,file_id) values (?,?,?,?)
insert into upload_file (item_id,store_file_name,upload_file_name,file_id) values (169,'java.io.StringReader@17b3b021','java.io.StringReader@504ed038',169);
2024-04-29T19:41:38.390+09:00 DEBUG 58944 --- [project] [    Test worker] org.hibernate.SQL                        : 
    insert 
    into
        item
        (name, price, quantity, dtype, item_id) 
    values
        (?, ?, ?, 'Book', ?)
Hibernate: 
    insert 
    into
        item
        (name, price, quantity, dtype, item_id) 
    values
        (?, ?, ?, 'Book', ?)
2024-04-29T19:41:38.390+09:00  INFO 58944 --- [project] [    Test worker] p6spy                                    : #1714387298390 | took 0ms | statement | connection 6| url jdbc:mysql://127.0.0.1:3306/project?serverTimezone=Asia/Seoul
insert into item (name,price,quantity,dtype,item_id) values (?,?,?,'Book',?)
insert into item (name,price,quantity,dtype,item_id) values ('i',170,170,'Book',170);
2024-04-29T19:41:38.390+09:00 DEBUG 58944 --- [project] [    Test worker] org.hibernate.SQL                        : 
    insert 
    into
        book
        (author, isbn, item_id) 
    values
        (?, ?, ?)
Hibernate: 
    insert 
    into
        book
        (author, isbn, item_id) 
    values
        (?, ?, ?)
2024-04-29T19:41:38.391+09:00  INFO 58944 --- [project] [    Test worker] p6spy                                    : #1714387298391 | took 0ms | statement | connection 6| url jdbc:mysql://127.0.0.1:3306/project?serverTimezone=Asia/Seoul
insert into book (author,isbn,item_id) values (?,?,?)
insert into book (author,isbn,item_id) values ('i','i',170);
2024-04-29T19:41:38.391+09:00 DEBUG 58944 --- [project] [    Test worker] org.hibernate.SQL                        : 
    insert 
    into
        upload_file
        (item_id, store_file_name, upload_file_name, file_id) 
    values
        (?, ?, ?, ?)
Hibernate: 
    insert 
    into
        upload_file
        (item_id, store_file_name, upload_file_name, file_id) 
    values
        (?, ?, ?, ?)
2024-04-29T19:41:38.392+09:00  INFO 58944 --- [project] [    Test worker] p6spy                                    : #1714387298392 | took 0ms | statement | connection 6| url jdbc:mysql://127.0.0.1:3306/project?serverTimezone=Asia/Seoul
insert into upload_file (item_id,store_file_name,upload_file_name,file_id) values (?,?,?,?)
insert into upload_file (item_id,store_file_name,upload_file_name,file_id) values (170,'java.io.StringReader@5fb6fdb8','java.io.StringReader@43e587cd',170);
2024-04-29T19:41:38.395+09:00 DEBUG 58944 --- [project] [    Test worker] org.hibernate.SQL                        : 
    insert 
    into
        item
        (name, price, quantity, dtype, item_id) 
    values
        (?, ?, ?, 'Book', ?)
Hibernate: 
    insert 
    into
        item
        (name, price, quantity, dtype, item_id) 
    values
        (?, ?, ?, 'Book', ?)
2024-04-29T19:41:38.396+09:00  INFO 58944 --- [project] [    Test worker] p6spy                                    : #1714387298396 | took 0ms | statement | connection 6| url jdbc:mysql://127.0.0.1:3306/project?serverTimezone=Asia/Seoul
insert into item (name,price,quantity,dtype,item_id) values (?,?,?,'Book',?)
insert into item (name,price,quantity,dtype,item_id) values ('i',171,171,'Book',171);
2024-04-29T19:41:38.398+09:00 DEBUG 58944 --- [project] [    Test worker] org.hibernate.SQL                        : 
    insert 
    into
        book
        (author, isbn, item_id) 
    values
        (?, ?, ?)
Hibernate: 
    insert 
    into
        book
        (author, isbn, item_id) 
    values
        (?, ?, ?)
2024-04-29T19:41:38.399+09:00  INFO 58944 --- [project] [    Test worker] p6spy                                    : #1714387298399 | took 0ms | statement | connection 6| url jdbc:mysql://127.0.0.1:3306/project?serverTimezone=Asia/Seoul
insert into book (author,isbn,item_id) values (?,?,?)
insert into book (author,isbn,item_id) values ('i','i',171);
2024-04-29T19:41:38.400+09:00 DEBUG 58944 --- [project] [    Test worker] org.hibernate.SQL                        : 
    insert 
    into
        upload_file
        (item_id, store_file_name, upload_file_name, file_id) 
    values
        (?, ?, ?, ?)
Hibernate: 
    insert 
    into
        upload_file
        (item_id, store_file_name, upload_file_name, file_id) 
    values
        (?, ?, ?, ?)
2024-04-29T19:41:38.401+09:00  INFO 58944 --- [project] [    Test worker] p6spy                                    : #1714387298401 | took 0ms | statement | connection 6| url jdbc:mysql://127.0.0.1:3306/project?serverTimezone=Asia/Seoul
insert into upload_file (item_id,store_file_name,upload_file_name,file_id) values (?,?,?,?)
insert into upload_file (item_id,store_file_name,upload_file_name,file_id) values (171,'java.io.StringReader@60b90fd3','java.io.StringReader@78494a59',171);
2024-04-29T19:41:38.401+09:00 DEBUG 58944 --- [project] [    Test worker] org.hibernate.SQL                        : 
    insert 
    into
        item
        (name, price, quantity, dtype, item_id) 
    values
        (?, ?, ?, 'Book', ?)
Hibernate: 
    insert 
    into
        item
        (name, price, quantity, dtype, item_id) 
    values
        (?, ?, ?, 'Book', ?)
2024-04-29T19:41:38.401+09:00  INFO 58944 --- [project] [    Test worker] p6spy                                    : #1714387298401 | took 0ms | statement | connection 6| url jdbc:mysql://127.0.0.1:3306/project?serverTimezone=Asia/Seoul
insert into item (name,price,quantity,dtype,item_id) values (?,?,?,'Book',?)
insert into item (name,price,quantity,dtype,item_id) values ('i',172,172,'Book',172);
2024-04-29T19:41:38.402+09:00 DEBUG 58944 --- [project] [    Test worker] org.hibernate.SQL                        : 
    insert 
    into
        book
        (author, isbn, item_id) 
    values
        (?, ?, ?)
Hibernate: 
    insert 
    into
        book
        (author, isbn, item_id) 
    values
        (?, ?, ?)
2024-04-29T19:41:38.402+09:00  INFO 58944 --- [project] [    Test worker] p6spy                                    : #1714387298402 | took 0ms | statement | connection 6| url jdbc:mysql://127.0.0.1:3306/project?serverTimezone=Asia/Seoul
insert into book (author,isbn,item_id) values (?,?,?)
insert into book (author,isbn,item_id) values ('i','i',172);
2024-04-29T19:41:38.402+09:00 DEBUG 58944 --- [project] [    Test worker] org.hibernate.SQL                        : 
    insert 
    into
        upload_file
        (item_id, store_file_name, upload_file_name, file_id) 
    values
        (?, ?, ?, ?)
Hibernate: 
    insert 
    into
        upload_file
        (item_id, store_file_name, upload_file_name, file_id) 
    values
        (?, ?, ?, ?)
2024-04-29T19:41:38.403+09:00  INFO 58944 --- [project] [    Test worker] p6spy                                    : #1714387298403 | took 0ms | statement | connection 6| url jdbc:mysql://127.0.0.1:3306/project?serverTimezone=Asia/Seoul
insert into upload_file (item_id,store_file_name,upload_file_name,file_id) values (?,?,?,?)
insert into upload_file (item_id,store_file_name,upload_file_name,file_id) values (172,'java.io.StringReader@37c5e2e6','java.io.StringReader@342cc706',172);
2024-04-29T19:41:38.403+09:00 DEBUG 58944 --- [project] [    Test worker] org.hibernate.SQL                        : 
    insert 
    into
        item
        (name, price, quantity, dtype, item_id) 
    values
        (?, ?, ?, 'Book', ?)
Hibernate: 
    insert 
    into
        item
        (name, price, quantity, dtype, item_id) 
    values
        (?, ?, ?, 'Book', ?)
2024-04-29T19:41:38.403+09:00  INFO 58944 --- [project] [    Test worker] p6spy                                    : #1714387298403 | took 0ms | statement | connection 6| url jdbc:mysql://127.0.0.1:3306/project?serverTimezone=Asia/Seoul
insert into item (name,price,quantity,dtype,item_id) values (?,?,?,'Book',?)
insert into item (name,price,quantity,dtype,item_id) values ('i',173,173,'Book',173);
2024-04-29T19:41:38.404+09:00 DEBUG 58944 --- [project] [    Test worker] org.hibernate.SQL                        : 
    insert 
    into
        book
        (author, isbn, item_id) 
    values
        (?, ?, ?)
Hibernate: 
    insert 
    into
        book
        (author, isbn, item_id) 
    values
        (?, ?, ?)
2024-04-29T19:41:38.405+09:00  INFO 58944 --- [project] [    Test worker] p6spy                                    : #1714387298405 | took 0ms | statement | connection 6| url jdbc:mysql://127.0.0.1:3306/project?serverTimezone=Asia/Seoul
insert into book (author,isbn,item_id) values (?,?,?)
insert into book (author,isbn,item_id) values ('i','i',173);
2024-04-29T19:41:38.405+09:00 DEBUG 58944 --- [project] [    Test worker] org.hibernate.SQL                        : 
    insert 
    into
        upload_file
        (item_id, store_file_name, upload_file_name, file_id) 
    values
        (?, ?, ?, ?)
Hibernate: 
    insert 
    into
        upload_file
        (item_id, store_file_name, upload_file_name, file_id) 
    values
        (?, ?, ?, ?)
2024-04-29T19:41:38.406+09:00  INFO 58944 --- [project] [    Test worker] p6spy                                    : #1714387298406 | took 0ms | statement | connection 6| url jdbc:mysql://127.0.0.1:3306/project?serverTimezone=Asia/Seoul
insert into upload_file (item_id,store_file_name,upload_file_name,file_id) values (?,?,?,?)
insert into upload_file (item_id,store_file_name,upload_file_name,file_id) values (173,'java.io.StringReader@283eb984','java.io.StringReader@4913465d',173);
2024-04-29T19:41:38.406+09:00 DEBUG 58944 --- [project] [    Test worker] org.hibernate.SQL                        : 
    insert 
    into
        item
        (name, price, quantity, dtype, item_id) 
    values
        (?, ?, ?, 'Book', ?)
Hibernate: 
    insert 
    into
        item
        (name, price, quantity, dtype, item_id) 
    values
        (?, ?, ?, 'Book', ?)
2024-04-29T19:41:38.406+09:00  INFO 58944 --- [project] [    Test worker] p6spy                                    : #1714387298406 | took 0ms | statement | connection 6| url jdbc:mysql://127.0.0.1:3306/project?serverTimezone=Asia/Seoul
insert into item (name,price,quantity,dtype,item_id) values (?,?,?,'Book',?)
insert into item (name,price,quantity,dtype,item_id) values ('i',174,174,'Book',174);
2024-04-29T19:41:38.406+09:00 DEBUG 58944 --- [project] [    Test worker] org.hibernate.SQL                        : 
    insert 
    into
        book
        (author, isbn, item_id) 
    values
        (?, ?, ?)
Hibernate: 
    insert 
    into
        book
        (author, isbn, item_id) 
    values
        (?, ?, ?)
2024-04-29T19:41:38.406+09:00  INFO 58944 --- [project] [    Test worker] p6spy                                    : #1714387298406 | took 0ms | statement | connection 6| url jdbc:mysql://127.0.0.1:3306/project?serverTimezone=Asia/Seoul
insert into book (author,isbn,item_id) values (?,?,?)
insert into book (author,isbn,item_id) values ('i','i',174);
2024-04-29T19:41:38.407+09:00 DEBUG 58944 --- [project] [    Test worker] org.hibernate.SQL                        : 
    insert 
    into
        upload_file
        (item_id, store_file_name, upload_file_name, file_id) 
    values
        (?, ?, ?, ?)
Hibernate: 
    insert 
    into
        upload_file
        (item_id, store_file_name, upload_file_name, file_id) 
    values
        (?, ?, ?, ?)
2024-04-29T19:41:38.407+09:00  INFO 58944 --- [project] [    Test worker] p6spy                                    : #1714387298407 | took 0ms | statement | connection 6| url jdbc:mysql://127.0.0.1:3306/project?serverTimezone=Asia/Seoul
insert into upload_file (item_id,store_file_name,upload_file_name,file_id) values (?,?,?,?)
insert into upload_file (item_id,store_file_name,upload_file_name,file_id) values (174,'java.io.StringReader@7b51fc45','java.io.StringReader@78c0fad6',174);
2024-04-29T19:41:38.407+09:00 DEBUG 58944 --- [project] [    Test worker] org.hibernate.SQL                        : 
    insert 
    into
        item
        (name, price, quantity, dtype, item_id) 
    values
        (?, ?, ?, 'Book', ?)
Hibernate: 
    insert 
    into
        item
        (name, price, quantity, dtype, item_id) 
    values
        (?, ?, ?, 'Book', ?)
2024-04-29T19:41:38.407+09:00  INFO 58944 --- [project] [    Test worker] p6spy                                    : #1714387298407 | took 0ms | statement | connection 6| url jdbc:mysql://127.0.0.1:3306/project?serverTimezone=Asia/Seoul
insert into item (name,price,quantity,dtype,item_id) values (?,?,?,'Book',?)
insert into item (name,price,quantity,dtype,item_id) values ('i',175,175,'Book',175);
2024-04-29T19:41:38.407+09:00 DEBUG 58944 --- [project] [    Test worker] org.hibernate.SQL                        : 
    insert 
    into
        book
        (author, isbn, item_id) 
    values
        (?, ?, ?)
Hibernate: 
    insert 
    into
        book
        (author, isbn, item_id) 
    values
        (?, ?, ?)
2024-04-29T19:41:38.408+09:00  INFO 58944 --- [project] [    Test worker] p6spy                                    : #1714387298408 | took 0ms | statement | connection 6| url jdbc:mysql://127.0.0.1:3306/project?serverTimezone=Asia/Seoul
insert into book (author,isbn,item_id) values (?,?,?)
insert into book (author,isbn,item_id) values ('i','i',175);
2024-04-29T19:41:38.408+09:00 DEBUG 58944 --- [project] [    Test worker] org.hibernate.SQL                        : 
    insert 
    into
        upload_file
        (item_id, store_file_name, upload_file_name, file_id) 
    values
        (?, ?, ?, ?)
Hibernate: 
    insert 
    into
        upload_file
        (item_id, store_file_name, upload_file_name, file_id) 
    values
        (?, ?, ?, ?)
2024-04-29T19:41:38.408+09:00  INFO 58944 --- [project] [    Test worker] p6spy                                    : #1714387298408 | took 0ms | statement | connection 6| url jdbc:mysql://127.0.0.1:3306/project?serverTimezone=Asia/Seoul
insert into upload_file (item_id,store_file_name,upload_file_name,file_id) values (?,?,?,?)
insert into upload_file (item_id,store_file_name,upload_file_name,file_id) values (175,'java.io.StringReader@25a218a','java.io.StringReader@411e5672',175);
2024-04-29T19:41:38.408+09:00 DEBUG 58944 --- [project] [    Test worker] org.hibernate.SQL                        : 
    insert 
    into
        item
        (name, price, quantity, dtype, item_id) 
    values
        (?, ?, ?, 'Book', ?)
Hibernate: 
    insert 
    into
        item
        (name, price, quantity, dtype, item_id) 
    values
        (?, ?, ?, 'Book', ?)
2024-04-29T19:41:38.409+09:00  INFO 58944 --- [project] [    Test worker] p6spy                                    : #1714387298409 | took 0ms | statement | connection 6| url jdbc:mysql://127.0.0.1:3306/project?serverTimezone=Asia/Seoul
insert into item (name,price,quantity,dtype,item_id) values (?,?,?,'Book',?)
insert into item (name,price,quantity,dtype,item_id) values ('i',176,176,'Book',176);
2024-04-29T19:41:38.409+09:00 DEBUG 58944 --- [project] [    Test worker] org.hibernate.SQL                        : 
    insert 
    into
        book
        (author, isbn, item_id) 
    values
        (?, ?, ?)
Hibernate: 
    insert 
    into
        book
        (author, isbn, item_id) 
    values
        (?, ?, ?)
2024-04-29T19:41:38.409+09:00  INFO 58944 --- [project] [    Test worker] p6spy                                    : #1714387298409 | took 0ms | statement | connection 6| url jdbc:mysql://127.0.0.1:3306/project?serverTimezone=Asia/Seoul
insert into book (author,isbn,item_id) values (?,?,?)
insert into book (author,isbn,item_id) values ('i','i',176);
2024-04-29T19:41:38.409+09:00 DEBUG 58944 --- [project] [    Test worker] org.hibernate.SQL                        : 
    insert 
    into
        upload_file
        (item_id, store_file_name, upload_file_name, file_id) 
    values
        (?, ?, ?, ?)
Hibernate: 
    insert 
    into
        upload_file
        (item_id, store_file_name, upload_file_name, file_id) 
    values
        (?, ?, ?, ?)
2024-04-29T19:41:38.410+09:00  INFO 58944 --- [project] [    Test worker] p6spy                                    : #1714387298410 | took 0ms | statement | connection 6| url jdbc:mysql://127.0.0.1:3306/project?serverTimezone=Asia/Seoul
insert into upload_file (item_id,store_file_name,upload_file_name,file_id) values (?,?,?,?)
insert into upload_file (item_id,store_file_name,upload_file_name,file_id) values (176,'java.io.StringReader@c4ba591','java.io.StringReader@2c73a332',176);
2024-04-29T19:41:38.410+09:00 DEBUG 58944 --- [project] [    Test worker] org.hibernate.SQL                        : 
    insert 
    into
        item
        (name, price, quantity, dtype, item_id) 
    values
        (?, ?, ?, 'Book', ?)
Hibernate: 
    insert 
    into
        item
        (name, price, quantity, dtype, item_id) 
    values
        (?, ?, ?, 'Book', ?)
2024-04-29T19:41:38.410+09:00  INFO 58944 --- [project] [    Test worker] p6spy                                    : #1714387298410 | took 0ms | statement | connection 6| url jdbc:mysql://127.0.0.1:3306/project?serverTimezone=Asia/Seoul
insert into item (name,price,quantity,dtype,item_id) values (?,?,?,'Book',?)
insert into item (name,price,quantity,dtype,item_id) values ('i',177,177,'Book',177);
2024-04-29T19:41:38.410+09:00 DEBUG 58944 --- [project] [    Test worker] org.hibernate.SQL                        : 
    insert 
    into
        book
        (author, isbn, item_id) 
    values
        (?, ?, ?)
Hibernate: 
    insert 
    into
        book
        (author, isbn, item_id) 
    values
        (?, ?, ?)
2024-04-29T19:41:38.411+09:00  INFO 58944 --- [project] [    Test worker] p6spy                                    : #1714387298411 | took 0ms | statement | connection 6| url jdbc:mysql://127.0.0.1:3306/project?serverTimezone=Asia/Seoul
insert into book (author,isbn,item_id) values (?,?,?)
insert into book (author,isbn,item_id) values ('i','i',177);
2024-04-29T19:41:38.411+09:00 DEBUG 58944 --- [project] [    Test worker] org.hibernate.SQL                        : 
    insert 
    into
        upload_file
        (item_id, store_file_name, upload_file_name, file_id) 
    values
        (?, ?, ?, ?)
Hibernate: 
    insert 
    into
        upload_file
        (item_id, store_file_name, upload_file_name, file_id) 
    values
        (?, ?, ?, ?)
2024-04-29T19:41:38.412+09:00  INFO 58944 --- [project] [    Test worker] p6spy                                    : #1714387298412 | took 0ms | statement | connection 6| url jdbc:mysql://127.0.0.1:3306/project?serverTimezone=Asia/Seoul
insert into upload_file (item_id,store_file_name,upload_file_name,file_id) values (?,?,?,?)
insert into upload_file (item_id,store_file_name,upload_file_name,file_id) values (177,'java.io.StringReader@6e975866','java.io.StringReader@1dde749e',177);
2024-04-29T19:41:38.412+09:00 DEBUG 58944 --- [project] [    Test worker] org.hibernate.SQL                        : 
    insert 
    into
        item
        (name, price, quantity, dtype, item_id) 
    values
        (?, ?, ?, 'Book', ?)
Hibernate: 
    insert 
    into
        item
        (name, price, quantity, dtype, item_id) 
    values
        (?, ?, ?, 'Book', ?)
2024-04-29T19:41:38.412+09:00  INFO 58944 --- [project] [    Test worker] p6spy                                    : #1714387298412 | took 0ms | statement | connection 6| url jdbc:mysql://127.0.0.1:3306/project?serverTimezone=Asia/Seoul
insert into item (name,price,quantity,dtype,item_id) values (?,?,?,'Book',?)
insert into item (name,price,quantity,dtype,item_id) values ('i',178,178,'Book',178);
2024-04-29T19:41:38.412+09:00 DEBUG 58944 --- [project] [    Test worker] org.hibernate.SQL                        : 
    insert 
    into
        book
        (author, isbn, item_id) 
    values
        (?, ?, ?)
Hibernate: 
    insert 
    into
        book
        (author, isbn, item_id) 
    values
        (?, ?, ?)
2024-04-29T19:41:38.413+09:00  INFO 58944 --- [project] [    Test worker] p6spy                                    : #1714387298413 | took 0ms | statement | connection 6| url jdbc:mysql://127.0.0.1:3306/project?serverTimezone=Asia/Seoul
insert into book (author,isbn,item_id) values (?,?,?)
insert into book (author,isbn,item_id) values ('i','i',178);
2024-04-29T19:41:38.413+09:00 DEBUG 58944 --- [project] [    Test worker] org.hibernate.SQL                        : 
    insert 
    into
        upload_file
        (item_id, store_file_name, upload_file_name, file_id) 
    values
        (?, ?, ?, ?)
Hibernate: 
    insert 
    into
        upload_file
        (item_id, store_file_name, upload_file_name, file_id) 
    values
        (?, ?, ?, ?)
2024-04-29T19:41:38.413+09:00  INFO 58944 --- [project] [    Test worker] p6spy                                    : #1714387298413 | took 0ms | statement | connection 6| url jdbc:mysql://127.0.0.1:3306/project?serverTimezone=Asia/Seoul
insert into upload_file (item_id,store_file_name,upload_file_name,file_id) values (?,?,?,?)
insert into upload_file (item_id,store_file_name,upload_file_name,file_id) values (178,'java.io.StringReader@1e717745','java.io.StringReader@3ba468ec',178);
2024-04-29T19:41:38.414+09:00 DEBUG 58944 --- [project] [    Test worker] org.hibernate.SQL                        : 
    insert 
    into
        item
        (name, price, quantity, dtype, item_id) 
    values
        (?, ?, ?, 'Book', ?)
Hibernate: 
    insert 
    into
        item
        (name, price, quantity, dtype, item_id) 
    values
        (?, ?, ?, 'Book', ?)
2024-04-29T19:41:38.414+09:00  INFO 58944 --- [project] [    Test worker] p6spy                                    : #1714387298414 | took 0ms | statement | connection 6| url jdbc:mysql://127.0.0.1:3306/project?serverTimezone=Asia/Seoul
insert into item (name,price,quantity,dtype,item_id) values (?,?,?,'Book',?)
insert into item (name,price,quantity,dtype,item_id) values ('i',179,179,'Book',179);
2024-04-29T19:41:38.414+09:00 DEBUG 58944 --- [project] [    Test worker] org.hibernate.SQL                        : 
    insert 
    into
        book
        (author, isbn, item_id) 
    values
        (?, ?, ?)
Hibernate: 
    insert 
    into
        book
        (author, isbn, item_id) 
    values
        (?, ?, ?)
2024-04-29T19:41:38.414+09:00  INFO 58944 --- [project] [    Test worker] p6spy                                    : #1714387298414 | took 0ms | statement | connection 6| url jdbc:mysql://127.0.0.1:3306/project?serverTimezone=Asia/Seoul
insert into book (author,isbn,item_id) values (?,?,?)
insert into book (author,isbn,item_id) values ('i','i',179);
2024-04-29T19:41:38.415+09:00 DEBUG 58944 --- [project] [    Test worker] org.hibernate.SQL                        : 
    insert 
    into
        upload_file
        (item_id, store_file_name, upload_file_name, file_id) 
    values
        (?, ?, ?, ?)
Hibernate: 
    insert 
    into
        upload_file
        (item_id, store_file_name, upload_file_name, file_id) 
    values
        (?, ?, ?, ?)
2024-04-29T19:41:38.416+09:00  INFO 58944 --- [project] [    Test worker] p6spy                                    : #1714387298416 | took 0ms | statement | connection 6| url jdbc:mysql://127.0.0.1:3306/project?serverTimezone=Asia/Seoul
insert into upload_file (item_id,store_file_name,upload_file_name,file_id) values (?,?,?,?)
insert into upload_file (item_id,store_file_name,upload_file_name,file_id) values (179,'java.io.StringReader@3bca62d','java.io.StringReader@67d99612',179);
2024-04-29T19:41:38.416+09:00 DEBUG 58944 --- [project] [    Test worker] org.hibernate.SQL                        : 
    insert 
    into
        item
        (name, price, quantity, dtype, item_id) 
    values
        (?, ?, ?, 'Book', ?)
Hibernate: 
    insert 
    into
        item
        (name, price, quantity, dtype, item_id) 
    values
        (?, ?, ?, 'Book', ?)
2024-04-29T19:41:38.418+09:00  INFO 58944 --- [project] [    Test worker] p6spy                                    : #1714387298418 | took 0ms | statement | connection 6| url jdbc:mysql://127.0.0.1:3306/project?serverTimezone=Asia/Seoul
insert into item (name,price,quantity,dtype,item_id) values (?,?,?,'Book',?)
insert into item (name,price,quantity,dtype,item_id) values ('i',180,180,'Book',180);
2024-04-29T19:41:38.418+09:00 DEBUG 58944 --- [project] [    Test worker] org.hibernate.SQL                        : 
    insert 
    into
        book
        (author, isbn, item_id) 
    values
        (?, ?, ?)
Hibernate: 
    insert 
    into
        book
        (author, isbn, item_id) 
    values
        (?, ?, ?)
2024-04-29T19:41:38.419+09:00  INFO 58944 --- [project] [    Test worker] p6spy                                    : #1714387298419 | took 0ms | statement | connection 6| url jdbc:mysql://127.0.0.1:3306/project?serverTimezone=Asia/Seoul
insert into book (author,isbn,item_id) values (?,?,?)
insert into book (author,isbn,item_id) values ('i','i',180);
2024-04-29T19:41:38.420+09:00 DEBUG 58944 --- [project] [    Test worker] org.hibernate.SQL                        : 
    insert 
    into
        upload_file
        (item_id, store_file_name, upload_file_name, file_id) 
    values
        (?, ?, ?, ?)
Hibernate: 
    insert 
    into
        upload_file
        (item_id, store_file_name, upload_file_name, file_id) 
    values
        (?, ?, ?, ?)
2024-04-29T19:41:38.421+09:00  INFO 58944 --- [project] [    Test worker] p6spy                                    : #1714387298421 | took 0ms | statement | connection 6| url jdbc:mysql://127.0.0.1:3306/project?serverTimezone=Asia/Seoul
insert into upload_file (item_id,store_file_name,upload_file_name,file_id) values (?,?,?,?)
insert into upload_file (item_id,store_file_name,upload_file_name,file_id) values (180,'java.io.StringReader@1b596e21','java.io.StringReader@7de1cc9f',180);
2024-04-29T19:41:38.421+09:00 DEBUG 58944 --- [project] [    Test worker] org.hibernate.SQL                        : 
    insert 
    into
        item
        (name, price, quantity, dtype, item_id) 
    values
        (?, ?, ?, 'Book', ?)
Hibernate: 
    insert 
    into
        item
        (name, price, quantity, dtype, item_id) 
    values
        (?, ?, ?, 'Book', ?)
2024-04-29T19:41:38.422+09:00  INFO 58944 --- [project] [    Test worker] p6spy                                    : #1714387298422 | took 0ms | statement | connection 6| url jdbc:mysql://127.0.0.1:3306/project?serverTimezone=Asia/Seoul
insert into item (name,price,quantity,dtype,item_id) values (?,?,?,'Book',?)
insert into item (name,price,quantity,dtype,item_id) values ('i',181,181,'Book',181);
2024-04-29T19:41:38.422+09:00 DEBUG 58944 --- [project] [    Test worker] org.hibernate.SQL                        : 
    insert 
    into
        book
        (author, isbn, item_id) 
    values
        (?, ?, ?)
Hibernate: 
    insert 
    into
        book
        (author, isbn, item_id) 
    values
        (?, ?, ?)
2024-04-29T19:41:38.422+09:00  INFO 58944 --- [project] [    Test worker] p6spy                                    : #1714387298422 | took 0ms | statement | connection 6| url jdbc:mysql://127.0.0.1:3306/project?serverTimezone=Asia/Seoul
insert into book (author,isbn,item_id) values (?,?,?)
insert into book (author,isbn,item_id) values ('i','i',181);
2024-04-29T19:41:38.422+09:00 DEBUG 58944 --- [project] [    Test worker] org.hibernate.SQL                        : 
    insert 
    into
        upload_file
        (item_id, store_file_name, upload_file_name, file_id) 
    values
        (?, ?, ?, ?)
Hibernate: 
    insert 
    into
        upload_file
        (item_id, store_file_name, upload_file_name, file_id) 
    values
        (?, ?, ?, ?)
2024-04-29T19:41:38.423+09:00  INFO 58944 --- [project] [    Test worker] p6spy                                    : #1714387298423 | took 0ms | statement | connection 6| url jdbc:mysql://127.0.0.1:3306/project?serverTimezone=Asia/Seoul
insert into upload_file (item_id,store_file_name,upload_file_name,file_id) values (?,?,?,?)
insert into upload_file (item_id,store_file_name,upload_file_name,file_id) values (181,'java.io.StringReader@6b13f456','java.io.StringReader@2e006f67',181);
2024-04-29T19:41:38.423+09:00 DEBUG 58944 --- [project] [    Test worker] org.hibernate.SQL                        : 
    insert 
    into
        item
        (name, price, quantity, dtype, item_id) 
    values
        (?, ?, ?, 'Book', ?)
Hibernate: 
    insert 
    into
        item
        (name, price, quantity, dtype, item_id) 
    values
        (?, ?, ?, 'Book', ?)
2024-04-29T19:41:38.423+09:00  INFO 58944 --- [project] [    Test worker] p6spy                                    : #1714387298423 | took 0ms | statement | connection 6| url jdbc:mysql://127.0.0.1:3306/project?serverTimezone=Asia/Seoul
insert into item (name,price,quantity,dtype,item_id) values (?,?,?,'Book',?)
insert into item (name,price,quantity,dtype,item_id) values ('i',182,182,'Book',182);
2024-04-29T19:41:38.423+09:00 DEBUG 58944 --- [project] [    Test worker] org.hibernate.SQL                        : 
    insert 
    into
        book
        (author, isbn, item_id) 
    values
        (?, ?, ?)
Hibernate: 
    insert 
    into
        book
        (author, isbn, item_id) 
    values
        (?, ?, ?)
2024-04-29T19:41:38.423+09:00  INFO 58944 --- [project] [    Test worker] p6spy                                    : #1714387298423 | took 0ms | statement | connection 6| url jdbc:mysql://127.0.0.1:3306/project?serverTimezone=Asia/Seoul
insert into book (author,isbn,item_id) values (?,?,?)
insert into book (author,isbn,item_id) values ('i','i',182);
2024-04-29T19:41:38.423+09:00 DEBUG 58944 --- [project] [    Test worker] org.hibernate.SQL                        : 
    insert 
    into
        upload_file
        (item_id, store_file_name, upload_file_name, file_id) 
    values
        (?, ?, ?, ?)
Hibernate: 
    insert 
    into
        upload_file
        (item_id, store_file_name, upload_file_name, file_id) 
    values
        (?, ?, ?, ?)
2024-04-29T19:41:38.424+09:00  INFO 58944 --- [project] [    Test worker] p6spy                                    : #1714387298424 | took 0ms | statement | connection 6| url jdbc:mysql://127.0.0.1:3306/project?serverTimezone=Asia/Seoul
insert into upload_file (item_id,store_file_name,upload_file_name,file_id) values (?,?,?,?)
insert into upload_file (item_id,store_file_name,upload_file_name,file_id) values (182,'java.io.StringReader@326c526a','java.io.StringReader@2094a7be',182);
2024-04-29T19:41:38.424+09:00 DEBUG 58944 --- [project] [    Test worker] org.hibernate.SQL                        : 
    insert 
    into
        item
        (name, price, quantity, dtype, item_id) 
    values
        (?, ?, ?, 'Book', ?)
Hibernate: 
    insert 
    into
        item
        (name, price, quantity, dtype, item_id) 
    values
        (?, ?, ?, 'Book', ?)
2024-04-29T19:41:38.424+09:00  INFO 58944 --- [project] [    Test worker] p6spy                                    : #1714387298424 | took 0ms | statement | connection 6| url jdbc:mysql://127.0.0.1:3306/project?serverTimezone=Asia/Seoul
insert into item (name,price,quantity,dtype,item_id) values (?,?,?,'Book',?)
insert into item (name,price,quantity,dtype,item_id) values ('i',183,183,'Book',183);
2024-04-29T19:41:38.424+09:00 DEBUG 58944 --- [project] [    Test worker] org.hibernate.SQL                        : 
    insert 
    into
        book
        (author, isbn, item_id) 
    values
        (?, ?, ?)
Hibernate: 
    insert 
    into
        book
        (author, isbn, item_id) 
    values
        (?, ?, ?)
2024-04-29T19:41:38.425+09:00  INFO 58944 --- [project] [    Test worker] p6spy                                    : #1714387298425 | took 0ms | statement | connection 6| url jdbc:mysql://127.0.0.1:3306/project?serverTimezone=Asia/Seoul
insert into book (author,isbn,item_id) values (?,?,?)
insert into book (author,isbn,item_id) values ('i','i',183);
2024-04-29T19:41:38.425+09:00 DEBUG 58944 --- [project] [    Test worker] org.hibernate.SQL                        : 
    insert 
    into
        upload_file
        (item_id, store_file_name, upload_file_name, file_id) 
    values
        (?, ?, ?, ?)
Hibernate: 
    insert 
    into
        upload_file
        (item_id, store_file_name, upload_file_name, file_id) 
    values
        (?, ?, ?, ?)
2024-04-29T19:41:38.425+09:00  INFO 58944 --- [project] [    Test worker] p6spy                                    : #1714387298425 | took 0ms | statement | connection 6| url jdbc:mysql://127.0.0.1:3306/project?serverTimezone=Asia/Seoul
insert into upload_file (item_id,store_file_name,upload_file_name,file_id) values (?,?,?,?)
insert into upload_file (item_id,store_file_name,upload_file_name,file_id) values (183,'java.io.StringReader@571ecfe2','java.io.StringReader@17125ea9',183);
2024-04-29T19:41:38.425+09:00 DEBUG 58944 --- [project] [    Test worker] org.hibernate.SQL                        : 
    insert 
    into
        item
        (name, price, quantity, dtype, item_id) 
    values
        (?, ?, ?, 'Book', ?)
Hibernate: 
    insert 
    into
        item
        (name, price, quantity, dtype, item_id) 
    values
        (?, ?, ?, 'Book', ?)
2024-04-29T19:41:38.426+09:00  INFO 58944 --- [project] [    Test worker] p6spy                                    : #1714387298426 | took 0ms | statement | connection 6| url jdbc:mysql://127.0.0.1:3306/project?serverTimezone=Asia/Seoul
insert into item (name,price,quantity,dtype,item_id) values (?,?,?,'Book',?)
insert into item (name,price,quantity,dtype,item_id) values ('i',184,184,'Book',184);
2024-04-29T19:41:38.426+09:00 DEBUG 58944 --- [project] [    Test worker] org.hibernate.SQL                        : 
    insert 
    into
        book
        (author, isbn, item_id) 
    values
        (?, ?, ?)
Hibernate: 
    insert 
    into
        book
        (author, isbn, item_id) 
    values
        (?, ?, ?)
2024-04-29T19:41:38.426+09:00  INFO 58944 --- [project] [    Test worker] p6spy                                    : #1714387298426 | took 0ms | statement | connection 6| url jdbc:mysql://127.0.0.1:3306/project?serverTimezone=Asia/Seoul
insert into book (author,isbn,item_id) values (?,?,?)
insert into book (author,isbn,item_id) values ('i','i',184);
2024-04-29T19:41:38.426+09:00 DEBUG 58944 --- [project] [    Test worker] org.hibernate.SQL                        : 
    insert 
    into
        upload_file
        (item_id, store_file_name, upload_file_name, file_id) 
    values
        (?, ?, ?, ?)
Hibernate: 
    insert 
    into
        upload_file
        (item_id, store_file_name, upload_file_name, file_id) 
    values
        (?, ?, ?, ?)
2024-04-29T19:41:38.427+09:00  INFO 58944 --- [project] [    Test worker] p6spy                                    : #1714387298427 | took 0ms | statement | connection 6| url jdbc:mysql://127.0.0.1:3306/project?serverTimezone=Asia/Seoul
insert into upload_file (item_id,store_file_name,upload_file_name,file_id) values (?,?,?,?)
insert into upload_file (item_id,store_file_name,upload_file_name,file_id) values (184,'java.io.StringReader@4fc50fee','java.io.StringReader@2e949007',184);
2024-04-29T19:41:38.427+09:00 DEBUG 58944 --- [project] [    Test worker] org.hibernate.SQL                        : 
    insert 
    into
        item
        (name, price, quantity, dtype, item_id) 
    values
        (?, ?, ?, 'Book', ?)
Hibernate: 
    insert 
    into
        item
        (name, price, quantity, dtype, item_id) 
    values
        (?, ?, ?, 'Book', ?)
2024-04-29T19:41:38.427+09:00  INFO 58944 --- [project] [    Test worker] p6spy                                    : #1714387298427 | took 0ms | statement | connection 6| url jdbc:mysql://127.0.0.1:3306/project?serverTimezone=Asia/Seoul
insert into item (name,price,quantity,dtype,item_id) values (?,?,?,'Book',?)
insert into item (name,price,quantity,dtype,item_id) values ('i',185,185,'Book',185);
2024-04-29T19:41:38.427+09:00 DEBUG 58944 --- [project] [    Test worker] org.hibernate.SQL                        : 
    insert 
    into
        book
        (author, isbn, item_id) 
    values
        (?, ?, ?)
Hibernate: 
    insert 
    into
        book
        (author, isbn, item_id) 
    values
        (?, ?, ?)
2024-04-29T19:41:38.428+09:00  INFO 58944 --- [project] [    Test worker] p6spy                                    : #1714387298428 | took 0ms | statement | connection 6| url jdbc:mysql://127.0.0.1:3306/project?serverTimezone=Asia/Seoul
insert into book (author,isbn,item_id) values (?,?,?)
insert into book (author,isbn,item_id) values ('i','i',185);
2024-04-29T19:41:38.428+09:00 DEBUG 58944 --- [project] [    Test worker] org.hibernate.SQL                        : 
    insert 
    into
        upload_file
        (item_id, store_file_name, upload_file_name, file_id) 
    values
        (?, ?, ?, ?)
Hibernate: 
    insert 
    into
        upload_file
        (item_id, store_file_name, upload_file_name, file_id) 
    values
        (?, ?, ?, ?)
2024-04-29T19:41:38.429+09:00  INFO 58944 --- [project] [    Test worker] p6spy                                    : #1714387298428 | took 0ms | statement | connection 6| url jdbc:mysql://127.0.0.1:3306/project?serverTimezone=Asia/Seoul
insert into upload_file (item_id,store_file_name,upload_file_name,file_id) values (?,?,?,?)
insert into upload_file (item_id,store_file_name,upload_file_name,file_id) values (185,'java.io.StringReader@71c16f67','java.io.StringReader@47e2a158',185);
2024-04-29T19:41:38.429+09:00 DEBUG 58944 --- [project] [    Test worker] org.hibernate.SQL                        : 
    insert 
    into
        item
        (name, price, quantity, dtype, item_id) 
    values
        (?, ?, ?, 'Book', ?)
Hibernate: 
    insert 
    into
        item
        (name, price, quantity, dtype, item_id) 
    values
        (?, ?, ?, 'Book', ?)
2024-04-29T19:41:38.429+09:00  INFO 58944 --- [project] [    Test worker] p6spy                                    : #1714387298429 | took 0ms | statement | connection 6| url jdbc:mysql://127.0.0.1:3306/project?serverTimezone=Asia/Seoul
insert into item (name,price,quantity,dtype,item_id) values (?,?,?,'Book',?)
insert into item (name,price,quantity,dtype,item_id) values ('i',186,186,'Book',186);
2024-04-29T19:41:38.429+09:00 DEBUG 58944 --- [project] [    Test worker] org.hibernate.SQL                        : 
    insert 
    into
        book
        (author, isbn, item_id) 
    values
        (?, ?, ?)
Hibernate: 
    insert 
    into
        book
        (author, isbn, item_id) 
    values
        (?, ?, ?)
2024-04-29T19:41:38.430+09:00  INFO 58944 --- [project] [    Test worker] p6spy                                    : #1714387298430 | took 0ms | statement | connection 6| url jdbc:mysql://127.0.0.1:3306/project?serverTimezone=Asia/Seoul
insert into book (author,isbn,item_id) values (?,?,?)
insert into book (author,isbn,item_id) values ('i','i',186);
2024-04-29T19:41:38.430+09:00 DEBUG 58944 --- [project] [    Test worker] org.hibernate.SQL                        : 
    insert 
    into
        upload_file
        (item_id, store_file_name, upload_file_name, file_id) 
    values
        (?, ?, ?, ?)
Hibernate: 
    insert 
    into
        upload_file
        (item_id, store_file_name, upload_file_name, file_id) 
    values
        (?, ?, ?, ?)
2024-04-29T19:41:38.431+09:00  INFO 58944 --- [project] [    Test worker] p6spy                                    : #1714387298431 | took 0ms | statement | connection 6| url jdbc:mysql://127.0.0.1:3306/project?serverTimezone=Asia/Seoul
insert into upload_file (item_id,store_file_name,upload_file_name,file_id) values (?,?,?,?)
insert into upload_file (item_id,store_file_name,upload_file_name,file_id) values (186,'java.io.StringReader@562b791b','java.io.StringReader@136dc575',186);
2024-04-29T19:41:38.433+09:00 DEBUG 58944 --- [project] [    Test worker] org.hibernate.SQL                        : 
    insert 
    into
        item
        (name, price, quantity, dtype, item_id) 
    values
        (?, ?, ?, 'Book', ?)
Hibernate: 
    insert 
    into
        item
        (name, price, quantity, dtype, item_id) 
    values
        (?, ?, ?, 'Book', ?)
2024-04-29T19:41:38.433+09:00  INFO 58944 --- [project] [    Test worker] p6spy                                    : #1714387298433 | took 0ms | statement | connection 6| url jdbc:mysql://127.0.0.1:3306/project?serverTimezone=Asia/Seoul
insert into item (name,price,quantity,dtype,item_id) values (?,?,?,'Book',?)
insert into item (name,price,quantity,dtype,item_id) values ('i',187,187,'Book',187);
2024-04-29T19:41:38.434+09:00 DEBUG 58944 --- [project] [    Test worker] org.hibernate.SQL                        : 
    insert 
    into
        book
        (author, isbn, item_id) 
    values
        (?, ?, ?)
Hibernate: 
    insert 
    into
        book
        (author, isbn, item_id) 
    values
        (?, ?, ?)
2024-04-29T19:41:38.434+09:00  INFO 58944 --- [project] [    Test worker] p6spy                                    : #1714387298434 | took 0ms | statement | connection 6| url jdbc:mysql://127.0.0.1:3306/project?serverTimezone=Asia/Seoul
insert into book (author,isbn,item_id) values (?,?,?)
insert into book (author,isbn,item_id) values ('i','i',187);
2024-04-29T19:41:38.435+09:00 DEBUG 58944 --- [project] [    Test worker] org.hibernate.SQL                        : 
    insert 
    into
        upload_file
        (item_id, store_file_name, upload_file_name, file_id) 
    values
        (?, ?, ?, ?)
Hibernate: 
    insert 
    into
        upload_file
        (item_id, store_file_name, upload_file_name, file_id) 
    values
        (?, ?, ?, ?)
2024-04-29T19:41:38.436+09:00  INFO 58944 --- [project] [    Test worker] p6spy                                    : #1714387298436 | took 0ms | statement | connection 6| url jdbc:mysql://127.0.0.1:3306/project?serverTimezone=Asia/Seoul
insert into upload_file (item_id,store_file_name,upload_file_name,file_id) values (?,?,?,?)
insert into upload_file (item_id,store_file_name,upload_file_name,file_id) values (187,'java.io.StringReader@6fbfd6ed','java.io.StringReader@191a3448',187);
2024-04-29T19:41:38.438+09:00 DEBUG 58944 --- [project] [    Test worker] org.hibernate.SQL                        : 
    insert 
    into
        item
        (name, price, quantity, dtype, item_id) 
    values
        (?, ?, ?, 'Book', ?)
Hibernate: 
    insert 
    into
        item
        (name, price, quantity, dtype, item_id) 
    values
        (?, ?, ?, 'Book', ?)
2024-04-29T19:41:38.438+09:00  INFO 58944 --- [project] [    Test worker] p6spy                                    : #1714387298438 | took 0ms | statement | connection 6| url jdbc:mysql://127.0.0.1:3306/project?serverTimezone=Asia/Seoul
insert into item (name,price,quantity,dtype,item_id) values (?,?,?,'Book',?)
insert into item (name,price,quantity,dtype,item_id) values ('i',188,188,'Book',188);
2024-04-29T19:41:38.438+09:00 DEBUG 58944 --- [project] [    Test worker] org.hibernate.SQL                        : 
    insert 
    into
        book
        (author, isbn, item_id) 
    values
        (?, ?, ?)
Hibernate: 
    insert 
    into
        book
        (author, isbn, item_id) 
    values
        (?, ?, ?)
2024-04-29T19:41:38.439+09:00  INFO 58944 --- [project] [    Test worker] p6spy                                    : #1714387298439 | took 0ms | statement | connection 6| url jdbc:mysql://127.0.0.1:3306/project?serverTimezone=Asia/Seoul
insert into book (author,isbn,item_id) values (?,?,?)
insert into book (author,isbn,item_id) values ('i','i',188);
2024-04-29T19:41:38.439+09:00 DEBUG 58944 --- [project] [    Test worker] org.hibernate.SQL                        : 
    insert 
    into
        upload_file
        (item_id, store_file_name, upload_file_name, file_id) 
    values
        (?, ?, ?, ?)
Hibernate: 
    insert 
    into
        upload_file
        (item_id, store_file_name, upload_file_name, file_id) 
    values
        (?, ?, ?, ?)
2024-04-29T19:41:38.439+09:00  INFO 58944 --- [project] [    Test worker] p6spy                                    : #1714387298439 | took 0ms | statement | connection 6| url jdbc:mysql://127.0.0.1:3306/project?serverTimezone=Asia/Seoul
insert into upload_file (item_id,store_file_name,upload_file_name,file_id) values (?,?,?,?)
insert into upload_file (item_id,store_file_name,upload_file_name,file_id) values (188,'java.io.StringReader@1abc3085','java.io.StringReader@32c8df0b',188);
2024-04-29T19:41:38.440+09:00 DEBUG 58944 --- [project] [    Test worker] org.hibernate.SQL                        : 
    insert 
    into
        item
        (name, price, quantity, dtype, item_id) 
    values
        (?, ?, ?, 'Book', ?)
Hibernate: 
    insert 
    into
        item
        (name, price, quantity, dtype, item_id) 
    values
        (?, ?, ?, 'Book', ?)
2024-04-29T19:41:38.440+09:00  INFO 58944 --- [project] [    Test worker] p6spy                                    : #1714387298440 | took 0ms | statement | connection 6| url jdbc:mysql://127.0.0.1:3306/project?serverTimezone=Asia/Seoul
insert into item (name,price,quantity,dtype,item_id) values (?,?,?,'Book',?)
insert into item (name,price,quantity,dtype,item_id) values ('i',189,189,'Book',189);
2024-04-29T19:41:38.440+09:00 DEBUG 58944 --- [project] [    Test worker] org.hibernate.SQL                        : 
    insert 
    into
        book
        (author, isbn, item_id) 
    values
        (?, ?, ?)
Hibernate: 
    insert 
    into
        book
        (author, isbn, item_id) 
    values
        (?, ?, ?)
2024-04-29T19:41:38.440+09:00  INFO 58944 --- [project] [    Test worker] p6spy                                    : #1714387298440 | took 0ms | statement | connection 6| url jdbc:mysql://127.0.0.1:3306/project?serverTimezone=Asia/Seoul
insert into book (author,isbn,item_id) values (?,?,?)
insert into book (author,isbn,item_id) values ('i','i',189);
2024-04-29T19:41:38.440+09:00 DEBUG 58944 --- [project] [    Test worker] org.hibernate.SQL                        : 
    insert 
    into
        upload_file
        (item_id, store_file_name, upload_file_name, file_id) 
    values
        (?, ?, ?, ?)
Hibernate: 
    insert 
    into
        upload_file
        (item_id, store_file_name, upload_file_name, file_id) 
    values
        (?, ?, ?, ?)
2024-04-29T19:41:38.441+09:00  INFO 58944 --- [project] [    Test worker] p6spy                                    : #1714387298441 | took 0ms | statement | connection 6| url jdbc:mysql://127.0.0.1:3306/project?serverTimezone=Asia/Seoul
insert into upload_file (item_id,store_file_name,upload_file_name,file_id) values (?,?,?,?)
insert into upload_file (item_id,store_file_name,upload_file_name,file_id) values (189,'java.io.StringReader@40ee664c','java.io.StringReader@52072c45',189);
2024-04-29T19:41:38.441+09:00 DEBUG 58944 --- [project] [    Test worker] org.hibernate.SQL                        : 
    insert 
    into
        item
        (name, price, quantity, dtype, item_id) 
    values
        (?, ?, ?, 'Book', ?)
Hibernate: 
    insert 
    into
        item
        (name, price, quantity, dtype, item_id) 
    values
        (?, ?, ?, 'Book', ?)
2024-04-29T19:41:38.441+09:00  INFO 58944 --- [project] [    Test worker] p6spy                                    : #1714387298441 | took 0ms | statement | connection 6| url jdbc:mysql://127.0.0.1:3306/project?serverTimezone=Asia/Seoul
insert into item (name,price,quantity,dtype,item_id) values (?,?,?,'Book',?)
insert into item (name,price,quantity,dtype,item_id) values ('i',190,190,'Book',190);
2024-04-29T19:41:38.441+09:00 DEBUG 58944 --- [project] [    Test worker] org.hibernate.SQL                        : 
    insert 
    into
        book
        (author, isbn, item_id) 
    values
        (?, ?, ?)
Hibernate: 
    insert 
    into
        book
        (author, isbn, item_id) 
    values
        (?, ?, ?)
2024-04-29T19:41:38.442+09:00  INFO 58944 --- [project] [    Test worker] p6spy                                    : #1714387298442 | took 0ms | statement | connection 6| url jdbc:mysql://127.0.0.1:3306/project?serverTimezone=Asia/Seoul
insert into book (author,isbn,item_id) values (?,?,?)
insert into book (author,isbn,item_id) values ('i','i',190);
2024-04-29T19:41:38.442+09:00 DEBUG 58944 --- [project] [    Test worker] org.hibernate.SQL                        : 
    insert 
    into
        upload_file
        (item_id, store_file_name, upload_file_name, file_id) 
    values
        (?, ?, ?, ?)
Hibernate: 
    insert 
    into
        upload_file
        (item_id, store_file_name, upload_file_name, file_id) 
    values
        (?, ?, ?, ?)
2024-04-29T19:41:38.443+09:00  INFO 58944 --- [project] [    Test worker] p6spy                                    : #1714387298443 | took 0ms | statement | connection 6| url jdbc:mysql://127.0.0.1:3306/project?serverTimezone=Asia/Seoul
insert into upload_file (item_id,store_file_name,upload_file_name,file_id) values (?,?,?,?)
insert into upload_file (item_id,store_file_name,upload_file_name,file_id) values (190,'java.io.StringReader@61906bb1','java.io.StringReader@46672a62',190);
2024-04-29T19:41:38.443+09:00 DEBUG 58944 --- [project] [    Test worker] org.hibernate.SQL                        : 
    insert 
    into
        item
        (name, price, quantity, dtype, item_id) 
    values
        (?, ?, ?, 'Book', ?)
Hibernate: 
    insert 
    into
        item
        (name, price, quantity, dtype, item_id) 
    values
        (?, ?, ?, 'Book', ?)
2024-04-29T19:41:38.445+09:00  INFO 58944 --- [project] [    Test worker] p6spy                                    : #1714387298445 | took 0ms | statement | connection 6| url jdbc:mysql://127.0.0.1:3306/project?serverTimezone=Asia/Seoul
insert into item (name,price,quantity,dtype,item_id) values (?,?,?,'Book',?)
insert into item (name,price,quantity,dtype,item_id) values ('i',191,191,'Book',191);
2024-04-29T19:41:38.446+09:00 DEBUG 58944 --- [project] [    Test worker] org.hibernate.SQL                        : 
    insert 
    into
        book
        (author, isbn, item_id) 
    values
        (?, ?, ?)
Hibernate: 
    insert 
    into
        book
        (author, isbn, item_id) 
    values
        (?, ?, ?)
2024-04-29T19:41:38.446+09:00  INFO 58944 --- [project] [    Test worker] p6spy                                    : #1714387298446 | took 0ms | statement | connection 6| url jdbc:mysql://127.0.0.1:3306/project?serverTimezone=Asia/Seoul
insert into book (author,isbn,item_id) values (?,?,?)
insert into book (author,isbn,item_id) values ('i','i',191);
2024-04-29T19:41:38.446+09:00 DEBUG 58944 --- [project] [    Test worker] org.hibernate.SQL                        : 
    insert 
    into
        upload_file
        (item_id, store_file_name, upload_file_name, file_id) 
    values
        (?, ?, ?, ?)
Hibernate: 
    insert 
    into
        upload_file
        (item_id, store_file_name, upload_file_name, file_id) 
    values
        (?, ?, ?, ?)
2024-04-29T19:41:38.449+09:00  INFO 58944 --- [project] [    Test worker] p6spy                                    : #1714387298449 | took 1ms | statement | connection 6| url jdbc:mysql://127.0.0.1:3306/project?serverTimezone=Asia/Seoul
insert into upload_file (item_id,store_file_name,upload_file_name,file_id) values (?,?,?,?)
insert into upload_file (item_id,store_file_name,upload_file_name,file_id) values (191,'java.io.StringReader@22265a8d','java.io.StringReader@492939b',191);
2024-04-29T19:41:38.450+09:00 DEBUG 58944 --- [project] [    Test worker] org.hibernate.SQL                        : 
    insert 
    into
        item
        (name, price, quantity, dtype, item_id) 
    values
        (?, ?, ?, 'Book', ?)
Hibernate: 
    insert 
    into
        item
        (name, price, quantity, dtype, item_id) 
    values
        (?, ?, ?, 'Book', ?)
2024-04-29T19:41:38.451+09:00  INFO 58944 --- [project] [    Test worker] p6spy                                    : #1714387298451 | took 1ms | statement | connection 6| url jdbc:mysql://127.0.0.1:3306/project?serverTimezone=Asia/Seoul
insert into item (name,price,quantity,dtype,item_id) values (?,?,?,'Book',?)
insert into item (name,price,quantity,dtype,item_id) values ('i',192,192,'Book',192);
2024-04-29T19:41:38.452+09:00 DEBUG 58944 --- [project] [    Test worker] org.hibernate.SQL                        : 
    insert 
    into
        book
        (author, isbn, item_id) 
    values
        (?, ?, ?)
Hibernate: 
    insert 
    into
        book
        (author, isbn, item_id) 
    values
        (?, ?, ?)
2024-04-29T19:41:38.453+09:00  INFO 58944 --- [project] [    Test worker] p6spy                                    : #1714387298453 | took 0ms | statement | connection 6| url jdbc:mysql://127.0.0.1:3306/project?serverTimezone=Asia/Seoul
insert into book (author,isbn,item_id) values (?,?,?)
insert into book (author,isbn,item_id) values ('i','i',192);
2024-04-29T19:41:38.457+09:00 DEBUG 58944 --- [project] [    Test worker] org.hibernate.SQL                        : 
    insert 
    into
        upload_file
        (item_id, store_file_name, upload_file_name, file_id) 
    values
        (?, ?, ?, ?)
Hibernate: 
    insert 
    into
        upload_file
        (item_id, store_file_name, upload_file_name, file_id) 
    values
        (?, ?, ?, ?)
2024-04-29T19:41:38.458+09:00  INFO 58944 --- [project] [    Test worker] p6spy                                    : #1714387298458 | took 0ms | statement | connection 6| url jdbc:mysql://127.0.0.1:3306/project?serverTimezone=Asia/Seoul
insert into upload_file (item_id,store_file_name,upload_file_name,file_id) values (?,?,?,?)
insert into upload_file (item_id,store_file_name,upload_file_name,file_id) values (192,'java.io.StringReader@4a244aa3','java.io.StringReader@3f491bd2',192);
2024-04-29T19:41:38.460+09:00 DEBUG 58944 --- [project] [    Test worker] org.hibernate.SQL                        : 
    insert 
    into
        item
        (name, price, quantity, dtype, item_id) 
    values
        (?, ?, ?, 'Book', ?)
Hibernate: 
    insert 
    into
        item
        (name, price, quantity, dtype, item_id) 
    values
        (?, ?, ?, 'Book', ?)
2024-04-29T19:41:38.460+09:00  INFO 58944 --- [project] [    Test worker] p6spy                                    : #1714387298460 | took 0ms | statement | connection 6| url jdbc:mysql://127.0.0.1:3306/project?serverTimezone=Asia/Seoul
insert into item (name,price,quantity,dtype,item_id) values (?,?,?,'Book',?)
insert into item (name,price,quantity,dtype,item_id) values ('i',193,193,'Book',193);
2024-04-29T19:41:38.461+09:00 DEBUG 58944 --- [project] [    Test worker] org.hibernate.SQL                        : 
    insert 
    into
        book
        (author, isbn, item_id) 
    values
        (?, ?, ?)
Hibernate: 
    insert 
    into
        book
        (author, isbn, item_id) 
    values
        (?, ?, ?)
2024-04-29T19:41:38.461+09:00  INFO 58944 --- [project] [    Test worker] p6spy                                    : #1714387298461 | took 0ms | statement | connection 6| url jdbc:mysql://127.0.0.1:3306/project?serverTimezone=Asia/Seoul
insert into book (author,isbn,item_id) values (?,?,?)
insert into book (author,isbn,item_id) values ('i','i',193);
2024-04-29T19:41:38.462+09:00 DEBUG 58944 --- [project] [    Test worker] org.hibernate.SQL                        : 
    insert 
    into
        upload_file
        (item_id, store_file_name, upload_file_name, file_id) 
    values
        (?, ?, ?, ?)
Hibernate: 
    insert 
    into
        upload_file
        (item_id, store_file_name, upload_file_name, file_id) 
    values
        (?, ?, ?, ?)
2024-04-29T19:41:38.465+09:00  INFO 58944 --- [project] [    Test worker] p6spy                                    : #1714387298465 | took 1ms | statement | connection 6| url jdbc:mysql://127.0.0.1:3306/project?serverTimezone=Asia/Seoul
insert into upload_file (item_id,store_file_name,upload_file_name,file_id) values (?,?,?,?)
insert into upload_file (item_id,store_file_name,upload_file_name,file_id) values (193,'java.io.StringReader@601e465f','java.io.StringReader@7cb84fb5',193);
2024-04-29T19:41:38.465+09:00 DEBUG 58944 --- [project] [    Test worker] org.hibernate.SQL                        : 
    insert 
    into
        item
        (name, price, quantity, dtype, item_id) 
    values
        (?, ?, ?, 'Book', ?)
Hibernate: 
    insert 
    into
        item
        (name, price, quantity, dtype, item_id) 
    values
        (?, ?, ?, 'Book', ?)
2024-04-29T19:41:38.465+09:00  INFO 58944 --- [project] [    Test worker] p6spy                                    : #1714387298465 | took 0ms | statement | connection 6| url jdbc:mysql://127.0.0.1:3306/project?serverTimezone=Asia/Seoul
insert into item (name,price,quantity,dtype,item_id) values (?,?,?,'Book',?)
insert into item (name,price,quantity,dtype,item_id) values ('i',194,194,'Book',194);
2024-04-29T19:41:38.466+09:00 DEBUG 58944 --- [project] [    Test worker] org.hibernate.SQL                        : 
    insert 
    into
        book
        (author, isbn, item_id) 
    values
        (?, ?, ?)
Hibernate: 
    insert 
    into
        book
        (author, isbn, item_id) 
    values
        (?, ?, ?)
2024-04-29T19:41:38.466+09:00  INFO 58944 --- [project] [    Test worker] p6spy                                    : #1714387298466 | took 0ms | statement | connection 6| url jdbc:mysql://127.0.0.1:3306/project?serverTimezone=Asia/Seoul
insert into book (author,isbn,item_id) values (?,?,?)
insert into book (author,isbn,item_id) values ('i','i',194);
2024-04-29T19:41:38.466+09:00 DEBUG 58944 --- [project] [    Test worker] org.hibernate.SQL                        : 
    insert 
    into
        upload_file
        (item_id, store_file_name, upload_file_name, file_id) 
    values
        (?, ?, ?, ?)
Hibernate: 
    insert 
    into
        upload_file
        (item_id, store_file_name, upload_file_name, file_id) 
    values
        (?, ?, ?, ?)
2024-04-29T19:41:38.466+09:00  INFO 58944 --- [project] [    Test worker] p6spy                                    : #1714387298466 | took 0ms | statement | connection 6| url jdbc:mysql://127.0.0.1:3306/project?serverTimezone=Asia/Seoul
insert into upload_file (item_id,store_file_name,upload_file_name,file_id) values (?,?,?,?)
insert into upload_file (item_id,store_file_name,upload_file_name,file_id) values (194,'java.io.StringReader@7324d83','java.io.StringReader@370bd951',194);
2024-04-29T19:41:38.467+09:00 DEBUG 58944 --- [project] [    Test worker] org.hibernate.SQL                        : 
    insert 
    into
        item
        (name, price, quantity, dtype, item_id) 
    values
        (?, ?, ?, 'Book', ?)
Hibernate: 
    insert 
    into
        item
        (name, price, quantity, dtype, item_id) 
    values
        (?, ?, ?, 'Book', ?)
2024-04-29T19:41:38.467+09:00  INFO 58944 --- [project] [    Test worker] p6spy                                    : #1714387298467 | took 0ms | statement | connection 6| url jdbc:mysql://127.0.0.1:3306/project?serverTimezone=Asia/Seoul
insert into item (name,price,quantity,dtype,item_id) values (?,?,?,'Book',?)
insert into item (name,price,quantity,dtype,item_id) values ('i',195,195,'Book',195);
2024-04-29T19:41:38.467+09:00 DEBUG 58944 --- [project] [    Test worker] org.hibernate.SQL                        : 
    insert 
    into
        book
        (author, isbn, item_id) 
    values
        (?, ?, ?)
Hibernate: 
    insert 
    into
        book
        (author, isbn, item_id) 
    values
        (?, ?, ?)
2024-04-29T19:41:38.467+09:00  INFO 58944 --- [project] [    Test worker] p6spy                                    : #1714387298467 | took 0ms | statement | connection 6| url jdbc:mysql://127.0.0.1:3306/project?serverTimezone=Asia/Seoul
insert into book (author,isbn,item_id) values (?,?,?)
insert into book (author,isbn,item_id) values ('i','i',195);
2024-04-29T19:41:38.468+09:00 DEBUG 58944 --- [project] [    Test worker] org.hibernate.SQL                        : 
    insert 
    into
        upload_file
        (item_id, store_file_name, upload_file_name, file_id) 
    values
        (?, ?, ?, ?)
Hibernate: 
    insert 
    into
        upload_file
        (item_id, store_file_name, upload_file_name, file_id) 
    values
        (?, ?, ?, ?)
2024-04-29T19:41:38.468+09:00  INFO 58944 --- [project] [    Test worker] p6spy                                    : #1714387298468 | took 0ms | statement | connection 6| url jdbc:mysql://127.0.0.1:3306/project?serverTimezone=Asia/Seoul
insert into upload_file (item_id,store_file_name,upload_file_name,file_id) values (?,?,?,?)
insert into upload_file (item_id,store_file_name,upload_file_name,file_id) values (195,'java.io.StringReader@678c654c','java.io.StringReader@50e3be0a',195);
2024-04-29T19:41:38.468+09:00 DEBUG 58944 --- [project] [    Test worker] org.hibernate.SQL                        : 
    insert 
    into
        item
        (name, price, quantity, dtype, item_id) 
    values
        (?, ?, ?, 'Book', ?)
Hibernate: 
    insert 
    into
        item
        (name, price, quantity, dtype, item_id) 
    values
        (?, ?, ?, 'Book', ?)
2024-04-29T19:41:38.468+09:00  INFO 58944 --- [project] [    Test worker] p6spy                                    : #1714387298468 | took 0ms | statement | connection 6| url jdbc:mysql://127.0.0.1:3306/project?serverTimezone=Asia/Seoul
insert into item (name,price,quantity,dtype,item_id) values (?,?,?,'Book',?)
insert into item (name,price,quantity,dtype,item_id) values ('i',196,196,'Book',196);
2024-04-29T19:41:38.468+09:00 DEBUG 58944 --- [project] [    Test worker] org.hibernate.SQL                        : 
    insert 
    into
        book
        (author, isbn, item_id) 
    values
        (?, ?, ?)
Hibernate: 
    insert 
    into
        book
        (author, isbn, item_id) 
    values
        (?, ?, ?)
2024-04-29T19:41:38.469+09:00  INFO 58944 --- [project] [    Test worker] p6spy                                    : #1714387298469 | took 0ms | statement | connection 6| url jdbc:mysql://127.0.0.1:3306/project?serverTimezone=Asia/Seoul
insert into book (author,isbn,item_id) values (?,?,?)
insert into book (author,isbn,item_id) values ('i','i',196);
2024-04-29T19:41:38.469+09:00 DEBUG 58944 --- [project] [    Test worker] org.hibernate.SQL                        : 
    insert 
    into
        upload_file
        (item_id, store_file_name, upload_file_name, file_id) 
    values
        (?, ?, ?, ?)
Hibernate: 
    insert 
    into
        upload_file
        (item_id, store_file_name, upload_file_name, file_id) 
    values
        (?, ?, ?, ?)
2024-04-29T19:41:38.470+09:00  INFO 58944 --- [project] [    Test worker] p6spy                                    : #1714387298470 | took 0ms | statement | connection 6| url jdbc:mysql://127.0.0.1:3306/project?serverTimezone=Asia/Seoul
insert into upload_file (item_id,store_file_name,upload_file_name,file_id) values (?,?,?,?)
insert into upload_file (item_id,store_file_name,upload_file_name,file_id) values (196,'java.io.StringReader@418f2af3','java.io.StringReader@71d6e503',196);
2024-04-29T19:41:38.470+09:00 DEBUG 58944 --- [project] [    Test worker] org.hibernate.SQL                        : 
    insert 
    into
        item
        (name, price, quantity, dtype, item_id) 
    values
        (?, ?, ?, 'Book', ?)
Hibernate: 
    insert 
    into
        item
        (name, price, quantity, dtype, item_id) 
    values
        (?, ?, ?, 'Book', ?)
2024-04-29T19:41:38.471+09:00  INFO 58944 --- [project] [    Test worker] p6spy                                    : #1714387298471 | took 0ms | statement | connection 6| url jdbc:mysql://127.0.0.1:3306/project?serverTimezone=Asia/Seoul
insert into item (name,price,quantity,dtype,item_id) values (?,?,?,'Book',?)
insert into item (name,price,quantity,dtype,item_id) values ('i',197,197,'Book',197);
2024-04-29T19:41:38.471+09:00 DEBUG 58944 --- [project] [    Test worker] org.hibernate.SQL                        : 
    insert 
    into
        book
        (author, isbn, item_id) 
    values
        (?, ?, ?)
Hibernate: 
    insert 
    into
        book
        (author, isbn, item_id) 
    values
        (?, ?, ?)
2024-04-29T19:41:38.471+09:00  INFO 58944 --- [project] [    Test worker] p6spy                                    : #1714387298471 | took 0ms | statement | connection 6| url jdbc:mysql://127.0.0.1:3306/project?serverTimezone=Asia/Seoul
insert into book (author,isbn,item_id) values (?,?,?)
insert into book (author,isbn,item_id) values ('i','i',197);
2024-04-29T19:41:38.472+09:00 DEBUG 58944 --- [project] [    Test worker] org.hibernate.SQL                        : 
    insert 
    into
        upload_file
        (item_id, store_file_name, upload_file_name, file_id) 
    values
        (?, ?, ?, ?)
Hibernate: 
    insert 
    into
        upload_file
        (item_id, store_file_name, upload_file_name, file_id) 
    values
        (?, ?, ?, ?)
2024-04-29T19:41:38.472+09:00  INFO 58944 --- [project] [    Test worker] p6spy                                    : #1714387298472 | took 0ms | statement | connection 6| url jdbc:mysql://127.0.0.1:3306/project?serverTimezone=Asia/Seoul
insert into upload_file (item_id,store_file_name,upload_file_name,file_id) values (?,?,?,?)
insert into upload_file (item_id,store_file_name,upload_file_name,file_id) values (197,'java.io.StringReader@3015fc1b','java.io.StringReader@4db65fac',197);
2024-04-29T19:41:38.472+09:00 DEBUG 58944 --- [project] [    Test worker] org.hibernate.SQL                        : 
    insert 
    into
        item
        (name, price, quantity, dtype, item_id) 
    values
        (?, ?, ?, 'Book', ?)
Hibernate: 
    insert 
    into
        item
        (name, price, quantity, dtype, item_id) 
    values
        (?, ?, ?, 'Book', ?)
2024-04-29T19:41:38.473+09:00  INFO 58944 --- [project] [    Test worker] p6spy                                    : #1714387298473 | took 0ms | statement | connection 6| url jdbc:mysql://127.0.0.1:3306/project?serverTimezone=Asia/Seoul
insert into item (name,price,quantity,dtype,item_id) values (?,?,?,'Book',?)
insert into item (name,price,quantity,dtype,item_id) values ('i',198,198,'Book',198);
2024-04-29T19:41:38.473+09:00 DEBUG 58944 --- [project] [    Test worker] org.hibernate.SQL                        : 
    insert 
    into
        book
        (author, isbn, item_id) 
    values
        (?, ?, ?)
Hibernate: 
    insert 
    into
        book
        (author, isbn, item_id) 
    values
        (?, ?, ?)
2024-04-29T19:41:38.473+09:00  INFO 58944 --- [project] [    Test worker] p6spy                                    : #1714387298473 | took 0ms | statement | connection 6| url jdbc:mysql://127.0.0.1:3306/project?serverTimezone=Asia/Seoul
insert into book (author,isbn,item_id) values (?,?,?)
insert into book (author,isbn,item_id) values ('i','i',198);
2024-04-29T19:41:38.473+09:00 DEBUG 58944 --- [project] [    Test worker] org.hibernate.SQL                        : 
    insert 
    into
        upload_file
        (item_id, store_file_name, upload_file_name, file_id) 
    values
        (?, ?, ?, ?)
Hibernate: 
    insert 
    into
        upload_file
        (item_id, store_file_name, upload_file_name, file_id) 
    values
        (?, ?, ?, ?)
2024-04-29T19:41:38.474+09:00  INFO 58944 --- [project] [    Test worker] p6spy                                    : #1714387298474 | took 0ms | statement | connection 6| url jdbc:mysql://127.0.0.1:3306/project?serverTimezone=Asia/Seoul
insert into upload_file (item_id,store_file_name,upload_file_name,file_id) values (?,?,?,?)
insert into upload_file (item_id,store_file_name,upload_file_name,file_id) values (198,'java.io.StringReader@28815100','java.io.StringReader@2e85cce1',198);
2024-04-29T19:41:38.474+09:00 DEBUG 58944 --- [project] [    Test worker] org.hibernate.SQL                        : 
    insert 
    into
        item
        (name, price, quantity, dtype, item_id) 
    values
        (?, ?, ?, 'Book', ?)
Hibernate: 
    insert 
    into
        item
        (name, price, quantity, dtype, item_id) 
    values
        (?, ?, ?, 'Book', ?)
2024-04-29T19:41:38.474+09:00  INFO 58944 --- [project] [    Test worker] p6spy                                    : #1714387298474 | took 0ms | statement | connection 6| url jdbc:mysql://127.0.0.1:3306/project?serverTimezone=Asia/Seoul
insert into item (name,price,quantity,dtype,item_id) values (?,?,?,'Book',?)
insert into item (name,price,quantity,dtype,item_id) values ('i',199,199,'Book',199);
2024-04-29T19:41:38.474+09:00 DEBUG 58944 --- [project] [    Test worker] org.hibernate.SQL                        : 
    insert 
    into
        book
        (author, isbn, item_id) 
    values
        (?, ?, ?)
Hibernate: 
    insert 
    into
        book
        (author, isbn, item_id) 
    values
        (?, ?, ?)
2024-04-29T19:41:38.474+09:00  INFO 58944 --- [project] [    Test worker] p6spy                                    : #1714387298474 | took 0ms | statement | connection 6| url jdbc:mysql://127.0.0.1:3306/project?serverTimezone=Asia/Seoul
insert into book (author,isbn,item_id) values (?,?,?)
insert into book (author,isbn,item_id) values ('i','i',199);
2024-04-29T19:41:38.474+09:00 DEBUG 58944 --- [project] [    Test worker] org.hibernate.SQL                        : 
    insert 
    into
        upload_file
        (item_id, store_file_name, upload_file_name, file_id) 
    values
        (?, ?, ?, ?)
Hibernate: 
    insert 
    into
        upload_file
        (item_id, store_file_name, upload_file_name, file_id) 
    values
        (?, ?, ?, ?)
2024-04-29T19:41:38.475+09:00  INFO 58944 --- [project] [    Test worker] p6spy                                    : #1714387298475 | took 0ms | statement | connection 6| url jdbc:mysql://127.0.0.1:3306/project?serverTimezone=Asia/Seoul
insert into upload_file (item_id,store_file_name,upload_file_name,file_id) values (?,?,?,?)
insert into upload_file (item_id,store_file_name,upload_file_name,file_id) values (199,'java.io.StringReader@7959d16a','java.io.StringReader@1d6c69ff',199);
2024-04-29T19:41:38.475+09:00 DEBUG 58944 --- [project] [    Test worker] org.hibernate.SQL                        : 
    insert 
    into
        item
        (name, price, quantity, dtype, item_id) 
    values
        (?, ?, ?, 'Book', ?)
Hibernate: 
    insert 
    into
        item
        (name, price, quantity, dtype, item_id) 
    values
        (?, ?, ?, 'Book', ?)
2024-04-29T19:41:38.475+09:00  INFO 58944 --- [project] [    Test worker] p6spy                                    : #1714387298475 | took 0ms | statement | connection 6| url jdbc:mysql://127.0.0.1:3306/project?serverTimezone=Asia/Seoul
insert into item (name,price,quantity,dtype,item_id) values (?,?,?,'Book',?)
insert into item (name,price,quantity,dtype,item_id) values ('i',200,200,'Book',200);
2024-04-29T19:41:38.475+09:00 DEBUG 58944 --- [project] [    Test worker] org.hibernate.SQL                        : 
    insert 
    into
        book
        (author, isbn, item_id) 
    values
        (?, ?, ?)
Hibernate: 
    insert 
    into
        book
        (author, isbn, item_id) 
    values
        (?, ?, ?)
2024-04-29T19:41:38.476+09:00  INFO 58944 --- [project] [    Test worker] p6spy                                    : #1714387298476 | took 0ms | statement | connection 6| url jdbc:mysql://127.0.0.1:3306/project?serverTimezone=Asia/Seoul
insert into book (author,isbn,item_id) values (?,?,?)
insert into book (author,isbn,item_id) values ('i','i',200);
2024-04-29T19:41:38.476+09:00 DEBUG 58944 --- [project] [    Test worker] org.hibernate.SQL                        : 
    insert 
    into
        upload_file
        (item_id, store_file_name, upload_file_name, file_id) 
    values
        (?, ?, ?, ?)
Hibernate: 
    insert 
    into
        upload_file
        (item_id, store_file_name, upload_file_name, file_id) 
    values
        (?, ?, ?, ?)
2024-04-29T19:41:38.476+09:00  INFO 58944 --- [project] [    Test worker] p6spy                                    : #1714387298476 | took 0ms | statement | connection 6| url jdbc:mysql://127.0.0.1:3306/project?serverTimezone=Asia/Seoul
insert into upload_file (item_id,store_file_name,upload_file_name,file_id) values (?,?,?,?)
insert into upload_file (item_id,store_file_name,upload_file_name,file_id) values (200,'java.io.StringReader@2c5b2d62','java.io.StringReader@5da5bd9e',200);
2024-04-29T19:41:38.477+09:00 DEBUG 58944 --- [project] [    Test worker] org.hibernate.SQL                        : 
    insert 
    into
        item
        (name, price, quantity, dtype, item_id) 
    values
        (?, ?, ?, 'Book', ?)
Hibernate: 
    insert 
    into
        item
        (name, price, quantity, dtype, item_id) 
    values
        (?, ?, ?, 'Book', ?)
2024-04-29T19:41:38.478+09:00  INFO 58944 --- [project] [    Test worker] p6spy                                    : #1714387298478 | took 0ms | statement | connection 6| url jdbc:mysql://127.0.0.1:3306/project?serverTimezone=Asia/Seoul
insert into item (name,price,quantity,dtype,item_id) values (?,?,?,'Book',?)
insert into item (name,price,quantity,dtype,item_id) values ('i',201,201,'Book',201);
2024-04-29T19:41:38.478+09:00 DEBUG 58944 --- [project] [    Test worker] org.hibernate.SQL                        : 
    insert 
    into
        book
        (author, isbn, item_id) 
    values
        (?, ?, ?)
Hibernate: 
    insert 
    into
        book
        (author, isbn, item_id) 
    values
        (?, ?, ?)
2024-04-29T19:41:38.478+09:00  INFO 58944 --- [project] [    Test worker] p6spy                                    : #1714387298478 | took 0ms | statement | connection 6| url jdbc:mysql://127.0.0.1:3306/project?serverTimezone=Asia/Seoul
insert into book (author,isbn,item_id) values (?,?,?)
insert into book (author,isbn,item_id) values ('i','i',201);
2024-04-29T19:41:38.478+09:00 DEBUG 58944 --- [project] [    Test worker] org.hibernate.SQL                        : 
    insert 
    into
        upload_file
        (item_id, store_file_name, upload_file_name, file_id) 
    values
        (?, ?, ?, ?)
Hibernate: 
    insert 
    into
        upload_file
        (item_id, store_file_name, upload_file_name, file_id) 
    values
        (?, ?, ?, ?)
2024-04-29T19:41:38.479+09:00  INFO 58944 --- [project] [    Test worker] p6spy                                    : #1714387298479 | took 0ms | statement | connection 6| url jdbc:mysql://127.0.0.1:3306/project?serverTimezone=Asia/Seoul
insert into upload_file (item_id,store_file_name,upload_file_name,file_id) values (?,?,?,?)
insert into upload_file (item_id,store_file_name,upload_file_name,file_id) values (201,'java.io.StringReader@2df491be','java.io.StringReader@62f30cea',201);
2024-04-29T19:41:38.479+09:00 DEBUG 58944 --- [project] [    Test worker] org.hibernate.SQL                        : 
    insert 
    into
        item
        (name, price, quantity, dtype, item_id) 
    values
        (?, ?, ?, 'Book', ?)
Hibernate: 
    insert 
    into
        item
        (name, price, quantity, dtype, item_id) 
    values
        (?, ?, ?, 'Book', ?)
2024-04-29T19:41:38.479+09:00  INFO 58944 --- [project] [    Test worker] p6spy                                    : #1714387298479 | took 0ms | statement | connection 6| url jdbc:mysql://127.0.0.1:3306/project?serverTimezone=Asia/Seoul
insert into item (name,price,quantity,dtype,item_id) values (?,?,?,'Book',?)
insert into item (name,price,quantity,dtype,item_id) values ('i',202,202,'Book',202);
2024-04-29T19:41:38.479+09:00 DEBUG 58944 --- [project] [    Test worker] org.hibernate.SQL                        : 
    insert 
    into
        book
        (author, isbn, item_id) 
    values
        (?, ?, ?)
Hibernate: 
    insert 
    into
        book
        (author, isbn, item_id) 
    values
        (?, ?, ?)
2024-04-29T19:41:38.480+09:00  INFO 58944 --- [project] [    Test worker] p6spy                                    : #1714387298480 | took 0ms | statement | connection 6| url jdbc:mysql://127.0.0.1:3306/project?serverTimezone=Asia/Seoul
insert into book (author,isbn,item_id) values (?,?,?)
insert into book (author,isbn,item_id) values ('i','i',202);
2024-04-29T19:41:38.480+09:00 DEBUG 58944 --- [project] [    Test worker] org.hibernate.SQL                        : 
    insert 
    into
        upload_file
        (item_id, store_file_name, upload_file_name, file_id) 
    values
        (?, ?, ?, ?)
Hibernate: 
    insert 
    into
        upload_file
        (item_id, store_file_name, upload_file_name, file_id) 
    values
        (?, ?, ?, ?)
2024-04-29T19:41:38.480+09:00  INFO 58944 --- [project] [    Test worker] p6spy                                    : #1714387298480 | took 0ms | statement | connection 6| url jdbc:mysql://127.0.0.1:3306/project?serverTimezone=Asia/Seoul
insert into upload_file (item_id,store_file_name,upload_file_name,file_id) values (?,?,?,?)
insert into upload_file (item_id,store_file_name,upload_file_name,file_id) values (202,'java.io.StringReader@f6b85c3','java.io.StringReader@3d118651',202);
2024-04-29T19:41:38.481+09:00 DEBUG 58944 --- [project] [    Test worker] org.hibernate.SQL                        : 
    insert 
    into
        item
        (name, price, quantity, dtype, item_id) 
    values
        (?, ?, ?, 'Book', ?)
Hibernate: 
    insert 
    into
        item
        (name, price, quantity, dtype, item_id) 
    values
        (?, ?, ?, 'Book', ?)
2024-04-29T19:41:38.481+09:00  INFO 58944 --- [project] [    Test worker] p6spy                                    : #1714387298481 | took 0ms | statement | connection 6| url jdbc:mysql://127.0.0.1:3306/project?serverTimezone=Asia/Seoul
insert into item (name,price,quantity,dtype,item_id) values (?,?,?,'Book',?)
insert into item (name,price,quantity,dtype,item_id) values ('i',203,203,'Book',203);
2024-04-29T19:41:38.482+09:00 DEBUG 58944 --- [project] [    Test worker] org.hibernate.SQL                        : 
    insert 
    into
        book
        (author, isbn, item_id) 
    values
        (?, ?, ?)
Hibernate: 
    insert 
    into
        book
        (author, isbn, item_id) 
    values
        (?, ?, ?)
2024-04-29T19:41:38.484+09:00  INFO 58944 --- [project] [    Test worker] p6spy                                    : #1714387298484 | took 1ms | statement | connection 6| url jdbc:mysql://127.0.0.1:3306/project?serverTimezone=Asia/Seoul
insert into book (author,isbn,item_id) values (?,?,?)
insert into book (author,isbn,item_id) values ('i','i',203);
2024-04-29T19:41:38.485+09:00 DEBUG 58944 --- [project] [    Test worker] org.hibernate.SQL                        : 
    insert 
    into
        upload_file
        (item_id, store_file_name, upload_file_name, file_id) 
    values
        (?, ?, ?, ?)
Hibernate: 
    insert 
    into
        upload_file
        (item_id, store_file_name, upload_file_name, file_id) 
    values
        (?, ?, ?, ?)
2024-04-29T19:41:38.488+09:00  INFO 58944 --- [project] [    Test worker] p6spy                                    : #1714387298488 | took 1ms | statement | connection 6| url jdbc:mysql://127.0.0.1:3306/project?serverTimezone=Asia/Seoul
insert into upload_file (item_id,store_file_name,upload_file_name,file_id) values (?,?,?,?)
insert into upload_file (item_id,store_file_name,upload_file_name,file_id) values (203,'java.io.StringReader@493557d7','java.io.StringReader@1e512b3',203);
2024-04-29T19:41:38.489+09:00 DEBUG 58944 --- [project] [    Test worker] org.hibernate.SQL                        : 
    insert 
    into
        item
        (name, price, quantity, dtype, item_id) 
    values
        (?, ?, ?, 'Book', ?)
Hibernate: 
    insert 
    into
        item
        (name, price, quantity, dtype, item_id) 
    values
        (?, ?, ?, 'Book', ?)
2024-04-29T19:41:38.489+09:00  INFO 58944 --- [project] [    Test worker] p6spy                                    : #1714387298489 | took 0ms | statement | connection 6| url jdbc:mysql://127.0.0.1:3306/project?serverTimezone=Asia/Seoul
insert into item (name,price,quantity,dtype,item_id) values (?,?,?,'Book',?)
insert into item (name,price,quantity,dtype,item_id) values ('i',204,204,'Book',204);
2024-04-29T19:41:38.489+09:00 DEBUG 58944 --- [project] [    Test worker] org.hibernate.SQL                        : 
    insert 
    into
        book
        (author, isbn, item_id) 
    values
        (?, ?, ?)
Hibernate: 
    insert 
    into
        book
        (author, isbn, item_id) 
    values
        (?, ?, ?)
2024-04-29T19:41:38.490+09:00  INFO 58944 --- [project] [    Test worker] p6spy                                    : #1714387298490 | took 0ms | statement | connection 6| url jdbc:mysql://127.0.0.1:3306/project?serverTimezone=Asia/Seoul
insert into book (author,isbn,item_id) values (?,?,?)
insert into book (author,isbn,item_id) values ('i','i',204);
2024-04-29T19:41:38.490+09:00 DEBUG 58944 --- [project] [    Test worker] org.hibernate.SQL                        : 
    insert 
    into
        upload_file
        (item_id, store_file_name, upload_file_name, file_id) 
    values
        (?, ?, ?, ?)
Hibernate: 
    insert 
    into
        upload_file
        (item_id, store_file_name, upload_file_name, file_id) 
    values
        (?, ?, ?, ?)
2024-04-29T19:41:38.490+09:00  INFO 58944 --- [project] [    Test worker] p6spy                                    : #1714387298490 | took 0ms | statement | connection 6| url jdbc:mysql://127.0.0.1:3306/project?serverTimezone=Asia/Seoul
insert into upload_file (item_id,store_file_name,upload_file_name,file_id) values (?,?,?,?)
insert into upload_file (item_id,store_file_name,upload_file_name,file_id) values (204,'java.io.StringReader@32daccab','java.io.StringReader@d015dba',204);
2024-04-29T19:41:38.490+09:00 DEBUG 58944 --- [project] [    Test worker] org.hibernate.SQL                        : 
    insert 
    into
        item
        (name, price, quantity, dtype, item_id) 
    values
        (?, ?, ?, 'Book', ?)
Hibernate: 
    insert 
    into
        item
        (name, price, quantity, dtype, item_id) 
    values
        (?, ?, ?, 'Book', ?)
2024-04-29T19:41:38.491+09:00  INFO 58944 --- [project] [    Test worker] p6spy                                    : #1714387298491 | took 0ms | statement | connection 6| url jdbc:mysql://127.0.0.1:3306/project?serverTimezone=Asia/Seoul
insert into item (name,price,quantity,dtype,item_id) values (?,?,?,'Book',?)
insert into item (name,price,quantity,dtype,item_id) values ('i',205,205,'Book',205);
2024-04-29T19:41:38.491+09:00 DEBUG 58944 --- [project] [    Test worker] org.hibernate.SQL                        : 
    insert 
    into
        book
        (author, isbn, item_id) 
    values
        (?, ?, ?)
Hibernate: 
    insert 
    into
        book
        (author, isbn, item_id) 
    values
        (?, ?, ?)
2024-04-29T19:41:38.491+09:00  INFO 58944 --- [project] [    Test worker] p6spy                                    : #1714387298491 | took 0ms | statement | connection 6| url jdbc:mysql://127.0.0.1:3306/project?serverTimezone=Asia/Seoul
insert into book (author,isbn,item_id) values (?,?,?)
insert into book (author,isbn,item_id) values ('i','i',205);
2024-04-29T19:41:38.491+09:00 DEBUG 58944 --- [project] [    Test worker] org.hibernate.SQL                        : 
    insert 
    into
        upload_file
        (item_id, store_file_name, upload_file_name, file_id) 
    values
        (?, ?, ?, ?)
Hibernate: 
    insert 
    into
        upload_file
        (item_id, store_file_name, upload_file_name, file_id) 
    values
        (?, ?, ?, ?)
2024-04-29T19:41:38.491+09:00  INFO 58944 --- [project] [    Test worker] p6spy                                    : #1714387298491 | took 0ms | statement | connection 6| url jdbc:mysql://127.0.0.1:3306/project?serverTimezone=Asia/Seoul
insert into upload_file (item_id,store_file_name,upload_file_name,file_id) values (?,?,?,?)
insert into upload_file (item_id,store_file_name,upload_file_name,file_id) values (205,'java.io.StringReader@768dcd21','java.io.StringReader@1be598c',205);
2024-04-29T19:41:38.492+09:00 DEBUG 58944 --- [project] [    Test worker] org.hibernate.SQL                        : 
    insert 
    into
        item
        (name, price, quantity, dtype, item_id) 
    values
        (?, ?, ?, 'Book', ?)
Hibernate: 
    insert 
    into
        item
        (name, price, quantity, dtype, item_id) 
    values
        (?, ?, ?, 'Book', ?)
2024-04-29T19:41:38.492+09:00  INFO 58944 --- [project] [    Test worker] p6spy                                    : #1714387298492 | took 0ms | statement | connection 6| url jdbc:mysql://127.0.0.1:3306/project?serverTimezone=Asia/Seoul
insert into item (name,price,quantity,dtype,item_id) values (?,?,?,'Book',?)
insert into item (name,price,quantity,dtype,item_id) values ('i',206,206,'Book',206);
2024-04-29T19:41:38.492+09:00 DEBUG 58944 --- [project] [    Test worker] org.hibernate.SQL                        : 
    insert 
    into
        book
        (author, isbn, item_id) 
    values
        (?, ?, ?)
Hibernate: 
    insert 
    into
        book
        (author, isbn, item_id) 
    values
        (?, ?, ?)
2024-04-29T19:41:38.492+09:00  INFO 58944 --- [project] [    Test worker] p6spy                                    : #1714387298492 | took 0ms | statement | connection 6| url jdbc:mysql://127.0.0.1:3306/project?serverTimezone=Asia/Seoul
insert into book (author,isbn,item_id) values (?,?,?)
insert into book (author,isbn,item_id) values ('i','i',206);
2024-04-29T19:41:38.493+09:00 DEBUG 58944 --- [project] [    Test worker] org.hibernate.SQL                        : 
    insert 
    into
        upload_file
        (item_id, store_file_name, upload_file_name, file_id) 
    values
        (?, ?, ?, ?)
Hibernate: 
    insert 
    into
        upload_file
        (item_id, store_file_name, upload_file_name, file_id) 
    values
        (?, ?, ?, ?)
2024-04-29T19:41:38.493+09:00  INFO 58944 --- [project] [    Test worker] p6spy                                    : #1714387298493 | took 0ms | statement | connection 6| url jdbc:mysql://127.0.0.1:3306/project?serverTimezone=Asia/Seoul
insert into upload_file (item_id,store_file_name,upload_file_name,file_id) values (?,?,?,?)
insert into upload_file (item_id,store_file_name,upload_file_name,file_id) values (206,'java.io.StringReader@5cb9ef8a','java.io.StringReader@538c823c',206);
2024-04-29T19:41:38.493+09:00 DEBUG 58944 --- [project] [    Test worker] org.hibernate.SQL                        : 
    insert 
    into
        item
        (name, price, quantity, dtype, item_id) 
    values
        (?, ?, ?, 'Book', ?)
Hibernate: 
    insert 
    into
        item
        (name, price, quantity, dtype, item_id) 
    values
        (?, ?, ?, 'Book', ?)
2024-04-29T19:41:38.493+09:00  INFO 58944 --- [project] [    Test worker] p6spy                                    : #1714387298493 | took 0ms | statement | connection 6| url jdbc:mysql://127.0.0.1:3306/project?serverTimezone=Asia/Seoul
insert into item (name,price,quantity,dtype,item_id) values (?,?,?,'Book',?)
insert into item (name,price,quantity,dtype,item_id) values ('i',207,207,'Book',207);
2024-04-29T19:41:38.493+09:00 DEBUG 58944 --- [project] [    Test worker] org.hibernate.SQL                        : 
    insert 
    into
        book
        (author, isbn, item_id) 
    values
        (?, ?, ?)
Hibernate: 
    insert 
    into
        book
        (author, isbn, item_id) 
    values
        (?, ?, ?)
2024-04-29T19:41:38.494+09:00  INFO 58944 --- [project] [    Test worker] p6spy                                    : #1714387298494 | took 0ms | statement | connection 6| url jdbc:mysql://127.0.0.1:3306/project?serverTimezone=Asia/Seoul
insert into book (author,isbn,item_id) values (?,?,?)
insert into book (author,isbn,item_id) values ('i','i',207);
2024-04-29T19:41:38.494+09:00 DEBUG 58944 --- [project] [    Test worker] org.hibernate.SQL                        : 
    insert 
    into
        upload_file
        (item_id, store_file_name, upload_file_name, file_id) 
    values
        (?, ?, ?, ?)
Hibernate: 
    insert 
    into
        upload_file
        (item_id, store_file_name, upload_file_name, file_id) 
    values
        (?, ?, ?, ?)
2024-04-29T19:41:38.494+09:00  INFO 58944 --- [project] [    Test worker] p6spy                                    : #1714387298494 | took 0ms | statement | connection 6| url jdbc:mysql://127.0.0.1:3306/project?serverTimezone=Asia/Seoul
insert into upload_file (item_id,store_file_name,upload_file_name,file_id) values (?,?,?,?)
insert into upload_file (item_id,store_file_name,upload_file_name,file_id) values (207,'java.io.StringReader@510ee215','java.io.StringReader@474c8d42',207);
2024-04-29T19:41:38.495+09:00 DEBUG 58944 --- [project] [    Test worker] org.hibernate.SQL                        : 
    insert 
    into
        item
        (name, price, quantity, dtype, item_id) 
    values
        (?, ?, ?, 'Book', ?)
Hibernate: 
    insert 
    into
        item
        (name, price, quantity, dtype, item_id) 
    values
        (?, ?, ?, 'Book', ?)
2024-04-29T19:41:38.495+09:00  INFO 58944 --- [project] [    Test worker] p6spy                                    : #1714387298495 | took 0ms | statement | connection 6| url jdbc:mysql://127.0.0.1:3306/project?serverTimezone=Asia/Seoul
insert into item (name,price,quantity,dtype,item_id) values (?,?,?,'Book',?)
insert into item (name,price,quantity,dtype,item_id) values ('i',208,208,'Book',208);
2024-04-29T19:41:38.495+09:00 DEBUG 58944 --- [project] [    Test worker] org.hibernate.SQL                        : 
    insert 
    into
        book
        (author, isbn, item_id) 
    values
        (?, ?, ?)
Hibernate: 
    insert 
    into
        book
        (author, isbn, item_id) 
    values
        (?, ?, ?)
2024-04-29T19:41:38.495+09:00  INFO 58944 --- [project] [    Test worker] p6spy                                    : #1714387298495 | took 0ms | statement | connection 6| url jdbc:mysql://127.0.0.1:3306/project?serverTimezone=Asia/Seoul
insert into book (author,isbn,item_id) values (?,?,?)
insert into book (author,isbn,item_id) values ('i','i',208);
2024-04-29T19:41:38.496+09:00 DEBUG 58944 --- [project] [    Test worker] org.hibernate.SQL                        : 
    insert 
    into
        upload_file
        (item_id, store_file_name, upload_file_name, file_id) 
    values
        (?, ?, ?, ?)
Hibernate: 
    insert 
    into
        upload_file
        (item_id, store_file_name, upload_file_name, file_id) 
    values
        (?, ?, ?, ?)
2024-04-29T19:41:38.496+09:00  INFO 58944 --- [project] [    Test worker] p6spy                                    : #1714387298496 | took 0ms | statement | connection 6| url jdbc:mysql://127.0.0.1:3306/project?serverTimezone=Asia/Seoul
insert into upload_file (item_id,store_file_name,upload_file_name,file_id) values (?,?,?,?)
insert into upload_file (item_id,store_file_name,upload_file_name,file_id) values (208,'java.io.StringReader@bcecdd','java.io.StringReader@55f2e76a',208);
2024-04-29T19:41:38.496+09:00 DEBUG 58944 --- [project] [    Test worker] org.hibernate.SQL                        : 
    insert 
    into
        item
        (name, price, quantity, dtype, item_id) 
    values
        (?, ?, ?, 'Book', ?)
Hibernate: 
    insert 
    into
        item
        (name, price, quantity, dtype, item_id) 
    values
        (?, ?, ?, 'Book', ?)
2024-04-29T19:41:38.496+09:00  INFO 58944 --- [project] [    Test worker] p6spy                                    : #1714387298496 | took 0ms | statement | connection 6| url jdbc:mysql://127.0.0.1:3306/project?serverTimezone=Asia/Seoul
insert into item (name,price,quantity,dtype,item_id) values (?,?,?,'Book',?)
insert into item (name,price,quantity,dtype,item_id) values ('i',209,209,'Book',209);
2024-04-29T19:41:38.496+09:00 DEBUG 58944 --- [project] [    Test worker] org.hibernate.SQL                        : 
    insert 
    into
        book
        (author, isbn, item_id) 
    values
        (?, ?, ?)
Hibernate: 
    insert 
    into
        book
        (author, isbn, item_id) 
    values
        (?, ?, ?)
2024-04-29T19:41:38.498+09:00  INFO 58944 --- [project] [    Test worker] p6spy                                    : #1714387298498 | took 1ms | statement | connection 6| url jdbc:mysql://127.0.0.1:3306/project?serverTimezone=Asia/Seoul
insert into book (author,isbn,item_id) values (?,?,?)
insert into book (author,isbn,item_id) values ('i','i',209);
2024-04-29T19:41:38.498+09:00 DEBUG 58944 --- [project] [    Test worker] org.hibernate.SQL                        : 
    insert 
    into
        upload_file
        (item_id, store_file_name, upload_file_name, file_id) 
    values
        (?, ?, ?, ?)
Hibernate: 
    insert 
    into
        upload_file
        (item_id, store_file_name, upload_file_name, file_id) 
    values
        (?, ?, ?, ?)
2024-04-29T19:41:38.499+09:00  INFO 58944 --- [project] [    Test worker] p6spy                                    : #1714387298499 | took 0ms | statement | connection 6| url jdbc:mysql://127.0.0.1:3306/project?serverTimezone=Asia/Seoul
insert into upload_file (item_id,store_file_name,upload_file_name,file_id) values (?,?,?,?)
insert into upload_file (item_id,store_file_name,upload_file_name,file_id) values (209,'java.io.StringReader@6a28f67a','java.io.StringReader@4d4ae76',209);
2024-04-29T19:41:38.499+09:00 DEBUG 58944 --- [project] [    Test worker] org.hibernate.SQL                        : 
    insert 
    into
        item
        (name, price, quantity, dtype, item_id) 
    values
        (?, ?, ?, 'Book', ?)
Hibernate: 
    insert 
    into
        item
        (name, price, quantity, dtype, item_id) 
    values
        (?, ?, ?, 'Book', ?)
2024-04-29T19:41:38.500+09:00  INFO 58944 --- [project] [    Test worker] p6spy                                    : #1714387298500 | took 0ms | statement | connection 6| url jdbc:mysql://127.0.0.1:3306/project?serverTimezone=Asia/Seoul
insert into item (name,price,quantity,dtype,item_id) values (?,?,?,'Book',?)
insert into item (name,price,quantity,dtype,item_id) values ('i',210,210,'Book',210);
2024-04-29T19:41:38.500+09:00 DEBUG 58944 --- [project] [    Test worker] org.hibernate.SQL                        : 
    insert 
    into
        book
        (author, isbn, item_id) 
    values
        (?, ?, ?)
Hibernate: 
    insert 
    into
        book
        (author, isbn, item_id) 
    values
        (?, ?, ?)
2024-04-29T19:41:38.500+09:00  INFO 58944 --- [project] [    Test worker] p6spy                                    : #1714387298500 | took 0ms | statement | connection 6| url jdbc:mysql://127.0.0.1:3306/project?serverTimezone=Asia/Seoul
insert into book (author,isbn,item_id) values (?,?,?)
insert into book (author,isbn,item_id) values ('i','i',210);
2024-04-29T19:41:38.501+09:00 DEBUG 58944 --- [project] [    Test worker] org.hibernate.SQL                        : 
    insert 
    into
        upload_file
        (item_id, store_file_name, upload_file_name, file_id) 
    values
        (?, ?, ?, ?)
Hibernate: 
    insert 
    into
        upload_file
        (item_id, store_file_name, upload_file_name, file_id) 
    values
        (?, ?, ?, ?)
2024-04-29T19:41:38.501+09:00  INFO 58944 --- [project] [    Test worker] p6spy                                    : #1714387298501 | took 0ms | statement | connection 6| url jdbc:mysql://127.0.0.1:3306/project?serverTimezone=Asia/Seoul
insert into upload_file (item_id,store_file_name,upload_file_name,file_id) values (?,?,?,?)
insert into upload_file (item_id,store_file_name,upload_file_name,file_id) values (210,'java.io.StringReader@7321f698','java.io.StringReader@22e470f4',210);
2024-04-29T19:41:38.501+09:00 DEBUG 58944 --- [project] [    Test worker] org.hibernate.SQL                        : 
    insert 
    into
        item
        (name, price, quantity, dtype, item_id) 
    values
        (?, ?, ?, 'Book', ?)
Hibernate: 
    insert 
    into
        item
        (name, price, quantity, dtype, item_id) 
    values
        (?, ?, ?, 'Book', ?)
2024-04-29T19:41:38.502+09:00  INFO 58944 --- [project] [    Test worker] p6spy                                    : #1714387298502 | took 0ms | statement | connection 6| url jdbc:mysql://127.0.0.1:3306/project?serverTimezone=Asia/Seoul
insert into item (name,price,quantity,dtype,item_id) values (?,?,?,'Book',?)
insert into item (name,price,quantity,dtype,item_id) values ('i',211,211,'Book',211);
2024-04-29T19:41:38.502+09:00 DEBUG 58944 --- [project] [    Test worker] org.hibernate.SQL                        : 
    insert 
    into
        book
        (author, isbn, item_id) 
    values
        (?, ?, ?)
Hibernate: 
    insert 
    into
        book
        (author, isbn, item_id) 
    values
        (?, ?, ?)
2024-04-29T19:41:38.502+09:00  INFO 58944 --- [project] [    Test worker] p6spy                                    : #1714387298502 | took 0ms | statement | connection 6| url jdbc:mysql://127.0.0.1:3306/project?serverTimezone=Asia/Seoul
insert into book (author,isbn,item_id) values (?,?,?)
insert into book (author,isbn,item_id) values ('i','i',211);
2024-04-29T19:41:38.502+09:00 DEBUG 58944 --- [project] [    Test worker] org.hibernate.SQL                        : 
    insert 
    into
        upload_file
        (item_id, store_file_name, upload_file_name, file_id) 
    values
        (?, ?, ?, ?)
Hibernate: 
    insert 
    into
        upload_file
        (item_id, store_file_name, upload_file_name, file_id) 
    values
        (?, ?, ?, ?)
2024-04-29T19:41:38.503+09:00  INFO 58944 --- [project] [    Test worker] p6spy                                    : #1714387298503 | took 0ms | statement | connection 6| url jdbc:mysql://127.0.0.1:3306/project?serverTimezone=Asia/Seoul
insert into upload_file (item_id,store_file_name,upload_file_name,file_id) values (?,?,?,?)
insert into upload_file (item_id,store_file_name,upload_file_name,file_id) values (211,'java.io.StringReader@5e744b4b','java.io.StringReader@6740b169',211);
2024-04-29T19:41:38.503+09:00 DEBUG 58944 --- [project] [    Test worker] org.hibernate.SQL                        : 
    insert 
    into
        item
        (name, price, quantity, dtype, item_id) 
    values
        (?, ?, ?, 'Book', ?)
Hibernate: 
    insert 
    into
        item
        (name, price, quantity, dtype, item_id) 
    values
        (?, ?, ?, 'Book', ?)
2024-04-29T19:41:38.504+09:00  INFO 58944 --- [project] [    Test worker] p6spy                                    : #1714387298504 | took 0ms | statement | connection 6| url jdbc:mysql://127.0.0.1:3306/project?serverTimezone=Asia/Seoul
insert into item (name,price,quantity,dtype,item_id) values (?,?,?,'Book',?)
insert into item (name,price,quantity,dtype,item_id) values ('i',212,212,'Book',212);
2024-04-29T19:41:38.504+09:00 DEBUG 58944 --- [project] [    Test worker] org.hibernate.SQL                        : 
    insert 
    into
        book
        (author, isbn, item_id) 
    values
        (?, ?, ?)
Hibernate: 
    insert 
    into
        book
        (author, isbn, item_id) 
    values
        (?, ?, ?)
2024-04-29T19:41:38.504+09:00  INFO 58944 --- [project] [    Test worker] p6spy                                    : #1714387298504 | took 0ms | statement | connection 6| url jdbc:mysql://127.0.0.1:3306/project?serverTimezone=Asia/Seoul
insert into book (author,isbn,item_id) values (?,?,?)
insert into book (author,isbn,item_id) values ('i','i',212);
2024-04-29T19:41:38.505+09:00 DEBUG 58944 --- [project] [    Test worker] org.hibernate.SQL                        : 
    insert 
    into
        upload_file
        (item_id, store_file_name, upload_file_name, file_id) 
    values
        (?, ?, ?, ?)
Hibernate: 
    insert 
    into
        upload_file
        (item_id, store_file_name, upload_file_name, file_id) 
    values
        (?, ?, ?, ?)
2024-04-29T19:41:38.505+09:00  INFO 58944 --- [project] [    Test worker] p6spy                                    : #1714387298505 | took 0ms | statement | connection 6| url jdbc:mysql://127.0.0.1:3306/project?serverTimezone=Asia/Seoul
insert into upload_file (item_id,store_file_name,upload_file_name,file_id) values (?,?,?,?)
insert into upload_file (item_id,store_file_name,upload_file_name,file_id) values (212,'java.io.StringReader@1a8b10dd','java.io.StringReader@5a96081a',212);
2024-04-29T19:41:38.505+09:00 DEBUG 58944 --- [project] [    Test worker] org.hibernate.SQL                        : 
    insert 
    into
        item
        (name, price, quantity, dtype, item_id) 
    values
        (?, ?, ?, 'Book', ?)
Hibernate: 
    insert 
    into
        item
        (name, price, quantity, dtype, item_id) 
    values
        (?, ?, ?, 'Book', ?)
2024-04-29T19:41:38.506+09:00  INFO 58944 --- [project] [    Test worker] p6spy                                    : #1714387298506 | took 0ms | statement | connection 6| url jdbc:mysql://127.0.0.1:3306/project?serverTimezone=Asia/Seoul
insert into item (name,price,quantity,dtype,item_id) values (?,?,?,'Book',?)
insert into item (name,price,quantity,dtype,item_id) values ('i',213,213,'Book',213);
2024-04-29T19:41:38.506+09:00 DEBUG 58944 --- [project] [    Test worker] org.hibernate.SQL                        : 
    insert 
    into
        book
        (author, isbn, item_id) 
    values
        (?, ?, ?)
Hibernate: 
    insert 
    into
        book
        (author, isbn, item_id) 
    values
        (?, ?, ?)
2024-04-29T19:41:38.506+09:00  INFO 58944 --- [project] [    Test worker] p6spy                                    : #1714387298506 | took 0ms | statement | connection 6| url jdbc:mysql://127.0.0.1:3306/project?serverTimezone=Asia/Seoul
insert into book (author,isbn,item_id) values (?,?,?)
insert into book (author,isbn,item_id) values ('i','i',213);
2024-04-29T19:41:38.507+09:00 DEBUG 58944 --- [project] [    Test worker] org.hibernate.SQL                        : 
    insert 
    into
        upload_file
        (item_id, store_file_name, upload_file_name, file_id) 
    values
        (?, ?, ?, ?)
Hibernate: 
    insert 
    into
        upload_file
        (item_id, store_file_name, upload_file_name, file_id) 
    values
        (?, ?, ?, ?)
2024-04-29T19:41:38.508+09:00  INFO 58944 --- [project] [    Test worker] p6spy                                    : #1714387298508 | took 0ms | statement | connection 6| url jdbc:mysql://127.0.0.1:3306/project?serverTimezone=Asia/Seoul
insert into upload_file (item_id,store_file_name,upload_file_name,file_id) values (?,?,?,?)
insert into upload_file (item_id,store_file_name,upload_file_name,file_id) values (213,'java.io.StringReader@39badc71','java.io.StringReader@6048e171',213);
2024-04-29T19:41:38.508+09:00 DEBUG 58944 --- [project] [    Test worker] org.hibernate.SQL                        : 
    insert 
    into
        item
        (name, price, quantity, dtype, item_id) 
    values
        (?, ?, ?, 'Book', ?)
Hibernate: 
    insert 
    into
        item
        (name, price, quantity, dtype, item_id) 
    values
        (?, ?, ?, 'Book', ?)
2024-04-29T19:41:38.509+09:00  INFO 58944 --- [project] [    Test worker] p6spy                                    : #1714387298509 | took 0ms | statement | connection 6| url jdbc:mysql://127.0.0.1:3306/project?serverTimezone=Asia/Seoul
insert into item (name,price,quantity,dtype,item_id) values (?,?,?,'Book',?)
insert into item (name,price,quantity,dtype,item_id) values ('i',214,214,'Book',214);
2024-04-29T19:41:38.510+09:00 DEBUG 58944 --- [project] [    Test worker] org.hibernate.SQL                        : 
    insert 
    into
        book
        (author, isbn, item_id) 
    values
        (?, ?, ?)
Hibernate: 
    insert 
    into
        book
        (author, isbn, item_id) 
    values
        (?, ?, ?)
2024-04-29T19:41:38.511+09:00  INFO 58944 --- [project] [    Test worker] p6spy                                    : #1714387298511 | took 0ms | statement | connection 6| url jdbc:mysql://127.0.0.1:3306/project?serverTimezone=Asia/Seoul
insert into book (author,isbn,item_id) values (?,?,?)
insert into book (author,isbn,item_id) values ('i','i',214);
2024-04-29T19:41:38.512+09:00 DEBUG 58944 --- [project] [    Test worker] org.hibernate.SQL                        : 
    insert 
    into
        upload_file
        (item_id, store_file_name, upload_file_name, file_id) 
    values
        (?, ?, ?, ?)
Hibernate: 
    insert 
    into
        upload_file
        (item_id, store_file_name, upload_file_name, file_id) 
    values
        (?, ?, ?, ?)
2024-04-29T19:41:38.512+09:00  INFO 58944 --- [project] [    Test worker] p6spy                                    : #1714387298512 | took 0ms | statement | connection 6| url jdbc:mysql://127.0.0.1:3306/project?serverTimezone=Asia/Seoul
insert into upload_file (item_id,store_file_name,upload_file_name,file_id) values (?,?,?,?)
insert into upload_file (item_id,store_file_name,upload_file_name,file_id) values (214,'java.io.StringReader@4f5c55a8','java.io.StringReader@2d198533',214);
2024-04-29T19:41:38.512+09:00 DEBUG 58944 --- [project] [    Test worker] org.hibernate.SQL                        : 
    insert 
    into
        item
        (name, price, quantity, dtype, item_id) 
    values
        (?, ?, ?, 'Book', ?)
Hibernate: 
    insert 
    into
        item
        (name, price, quantity, dtype, item_id) 
    values
        (?, ?, ?, 'Book', ?)
2024-04-29T19:41:38.513+09:00  INFO 58944 --- [project] [    Test worker] p6spy                                    : #1714387298513 | took 0ms | statement | connection 6| url jdbc:mysql://127.0.0.1:3306/project?serverTimezone=Asia/Seoul
insert into item (name,price,quantity,dtype,item_id) values (?,?,?,'Book',?)
insert into item (name,price,quantity,dtype,item_id) values ('i',215,215,'Book',215);
2024-04-29T19:41:38.513+09:00 DEBUG 58944 --- [project] [    Test worker] org.hibernate.SQL                        : 
    insert 
    into
        book
        (author, isbn, item_id) 
    values
        (?, ?, ?)
Hibernate: 
    insert 
    into
        book
        (author, isbn, item_id) 
    values
        (?, ?, ?)
2024-04-29T19:41:38.513+09:00  INFO 58944 --- [project] [    Test worker] p6spy                                    : #1714387298513 | took 0ms | statement | connection 6| url jdbc:mysql://127.0.0.1:3306/project?serverTimezone=Asia/Seoul
insert into book (author,isbn,item_id) values (?,?,?)
insert into book (author,isbn,item_id) values ('i','i',215);
2024-04-29T19:41:38.513+09:00 DEBUG 58944 --- [project] [    Test worker] org.hibernate.SQL                        : 
    insert 
    into
        upload_file
        (item_id, store_file_name, upload_file_name, file_id) 
    values
        (?, ?, ?, ?)
Hibernate: 
    insert 
    into
        upload_file
        (item_id, store_file_name, upload_file_name, file_id) 
    values
        (?, ?, ?, ?)
2024-04-29T19:41:38.514+09:00  INFO 58944 --- [project] [    Test worker] p6spy                                    : #1714387298514 | took 0ms | statement | connection 6| url jdbc:mysql://127.0.0.1:3306/project?serverTimezone=Asia/Seoul
insert into upload_file (item_id,store_file_name,upload_file_name,file_id) values (?,?,?,?)
insert into upload_file (item_id,store_file_name,upload_file_name,file_id) values (215,'java.io.StringReader@64a2966a','java.io.StringReader@127e838b',215);
2024-04-29T19:41:38.514+09:00 DEBUG 58944 --- [project] [    Test worker] org.hibernate.SQL                        : 
    insert 
    into
        item
        (name, price, quantity, dtype, item_id) 
    values
        (?, ?, ?, 'Book', ?)
Hibernate: 
    insert 
    into
        item
        (name, price, quantity, dtype, item_id) 
    values
        (?, ?, ?, 'Book', ?)
2024-04-29T19:41:38.514+09:00  INFO 58944 --- [project] [    Test worker] p6spy                                    : #1714387298514 | took 0ms | statement | connection 6| url jdbc:mysql://127.0.0.1:3306/project?serverTimezone=Asia/Seoul
insert into item (name,price,quantity,dtype,item_id) values (?,?,?,'Book',?)
insert into item (name,price,quantity,dtype,item_id) values ('i',216,216,'Book',216);
2024-04-29T19:41:38.514+09:00 DEBUG 58944 --- [project] [    Test worker] org.hibernate.SQL                        : 
    insert 
    into
        book
        (author, isbn, item_id) 
    values
        (?, ?, ?)
Hibernate: 
    insert 
    into
        book
        (author, isbn, item_id) 
    values
        (?, ?, ?)
2024-04-29T19:41:38.514+09:00  INFO 58944 --- [project] [    Test worker] p6spy                                    : #1714387298514 | took 0ms | statement | connection 6| url jdbc:mysql://127.0.0.1:3306/project?serverTimezone=Asia/Seoul
insert into book (author,isbn,item_id) values (?,?,?)
insert into book (author,isbn,item_id) values ('i','i',216);
2024-04-29T19:41:38.515+09:00 DEBUG 58944 --- [project] [    Test worker] org.hibernate.SQL                        : 
    insert 
    into
        upload_file
        (item_id, store_file_name, upload_file_name, file_id) 
    values
        (?, ?, ?, ?)
Hibernate: 
    insert 
    into
        upload_file
        (item_id, store_file_name, upload_file_name, file_id) 
    values
        (?, ?, ?, ?)
2024-04-29T19:41:38.515+09:00  INFO 58944 --- [project] [    Test worker] p6spy                                    : #1714387298515 | took 0ms | statement | connection 6| url jdbc:mysql://127.0.0.1:3306/project?serverTimezone=Asia/Seoul
insert into upload_file (item_id,store_file_name,upload_file_name,file_id) values (?,?,?,?)
insert into upload_file (item_id,store_file_name,upload_file_name,file_id) values (216,'java.io.StringReader@5415ed48','java.io.StringReader@636787fd',216);
2024-04-29T19:41:38.515+09:00 DEBUG 58944 --- [project] [    Test worker] org.hibernate.SQL                        : 
    insert 
    into
        item
        (name, price, quantity, dtype, item_id) 
    values
        (?, ?, ?, 'Book', ?)
Hibernate: 
    insert 
    into
        item
        (name, price, quantity, dtype, item_id) 
    values
        (?, ?, ?, 'Book', ?)
2024-04-29T19:41:38.515+09:00  INFO 58944 --- [project] [    Test worker] p6spy                                    : #1714387298515 | took 0ms | statement | connection 6| url jdbc:mysql://127.0.0.1:3306/project?serverTimezone=Asia/Seoul
insert into item (name,price,quantity,dtype,item_id) values (?,?,?,'Book',?)
insert into item (name,price,quantity,dtype,item_id) values ('i',217,217,'Book',217);
2024-04-29T19:41:38.516+09:00 DEBUG 58944 --- [project] [    Test worker] org.hibernate.SQL                        : 
    insert 
    into
        book
        (author, isbn, item_id) 
    values
        (?, ?, ?)
Hibernate: 
    insert 
    into
        book
        (author, isbn, item_id) 
    values
        (?, ?, ?)
2024-04-29T19:41:38.516+09:00  INFO 58944 --- [project] [    Test worker] p6spy                                    : #1714387298516 | took 0ms | statement | connection 6| url jdbc:mysql://127.0.0.1:3306/project?serverTimezone=Asia/Seoul
insert into book (author,isbn,item_id) values (?,?,?)
insert into book (author,isbn,item_id) values ('i','i',217);
2024-04-29T19:41:38.516+09:00 DEBUG 58944 --- [project] [    Test worker] org.hibernate.SQL                        : 
    insert 
    into
        upload_file
        (item_id, store_file_name, upload_file_name, file_id) 
    values
        (?, ?, ?, ?)
Hibernate: 
    insert 
    into
        upload_file
        (item_id, store_file_name, upload_file_name, file_id) 
    values
        (?, ?, ?, ?)
2024-04-29T19:41:38.517+09:00  INFO 58944 --- [project] [    Test worker] p6spy                                    : #1714387298517 | took 0ms | statement | connection 6| url jdbc:mysql://127.0.0.1:3306/project?serverTimezone=Asia/Seoul
insert into upload_file (item_id,store_file_name,upload_file_name,file_id) values (?,?,?,?)
insert into upload_file (item_id,store_file_name,upload_file_name,file_id) values (217,'java.io.StringReader@3564caf8','java.io.StringReader@ce15aa',217);
2024-04-29T19:41:38.517+09:00 DEBUG 58944 --- [project] [    Test worker] org.hibernate.SQL                        : 
    insert 
    into
        item
        (name, price, quantity, dtype, item_id) 
    values
        (?, ?, ?, 'Book', ?)
Hibernate: 
    insert 
    into
        item
        (name, price, quantity, dtype, item_id) 
    values
        (?, ?, ?, 'Book', ?)
2024-04-29T19:41:38.517+09:00  INFO 58944 --- [project] [    Test worker] p6spy                                    : #1714387298517 | took 0ms | statement | connection 6| url jdbc:mysql://127.0.0.1:3306/project?serverTimezone=Asia/Seoul
insert into item (name,price,quantity,dtype,item_id) values (?,?,?,'Book',?)
insert into item (name,price,quantity,dtype,item_id) values ('i',218,218,'Book',218);
2024-04-29T19:41:38.517+09:00 DEBUG 58944 --- [project] [    Test worker] org.hibernate.SQL                        : 
    insert 
    into
        book
        (author, isbn, item_id) 
    values
        (?, ?, ?)
Hibernate: 
    insert 
    into
        book
        (author, isbn, item_id) 
    values
        (?, ?, ?)
2024-04-29T19:41:38.518+09:00  INFO 58944 --- [project] [    Test worker] p6spy                                    : #1714387298518 | took 0ms | statement | connection 6| url jdbc:mysql://127.0.0.1:3306/project?serverTimezone=Asia/Seoul
insert into book (author,isbn,item_id) values (?,?,?)
insert into book (author,isbn,item_id) values ('i','i',218);
2024-04-29T19:41:38.518+09:00 DEBUG 58944 --- [project] [    Test worker] org.hibernate.SQL                        : 
    insert 
    into
        upload_file
        (item_id, store_file_name, upload_file_name, file_id) 
    values
        (?, ?, ?, ?)
Hibernate: 
    insert 
    into
        upload_file
        (item_id, store_file_name, upload_file_name, file_id) 
    values
        (?, ?, ?, ?)
2024-04-29T19:41:38.518+09:00  INFO 58944 --- [project] [    Test worker] p6spy                                    : #1714387298518 | took 0ms | statement | connection 6| url jdbc:mysql://127.0.0.1:3306/project?serverTimezone=Asia/Seoul
insert into upload_file (item_id,store_file_name,upload_file_name,file_id) values (?,?,?,?)
insert into upload_file (item_id,store_file_name,upload_file_name,file_id) values (218,'java.io.StringReader@276af32d','java.io.StringReader@155ab4b',218);
2024-04-29T19:41:38.518+09:00 DEBUG 58944 --- [project] [    Test worker] org.hibernate.SQL                        : 
    insert 
    into
        item
        (name, price, quantity, dtype, item_id) 
    values
        (?, ?, ?, 'Book', ?)
Hibernate: 
    insert 
    into
        item
        (name, price, quantity, dtype, item_id) 
    values
        (?, ?, ?, 'Book', ?)
2024-04-29T19:41:38.519+09:00  INFO 58944 --- [project] [    Test worker] p6spy                                    : #1714387298519 | took 0ms | statement | connection 6| url jdbc:mysql://127.0.0.1:3306/project?serverTimezone=Asia/Seoul
insert into item (name,price,quantity,dtype,item_id) values (?,?,?,'Book',?)
insert into item (name,price,quantity,dtype,item_id) values ('i',219,219,'Book',219);
2024-04-29T19:41:38.519+09:00 DEBUG 58944 --- [project] [    Test worker] org.hibernate.SQL                        : 
    insert 
    into
        book
        (author, isbn, item_id) 
    values
        (?, ?, ?)
Hibernate: 
    insert 
    into
        book
        (author, isbn, item_id) 
    values
        (?, ?, ?)
2024-04-29T19:41:38.519+09:00  INFO 58944 --- [project] [    Test worker] p6spy                                    : #1714387298519 | took 0ms | statement | connection 6| url jdbc:mysql://127.0.0.1:3306/project?serverTimezone=Asia/Seoul
insert into book (author,isbn,item_id) values (?,?,?)
insert into book (author,isbn,item_id) values ('i','i',219);
2024-04-29T19:41:38.520+09:00 DEBUG 58944 --- [project] [    Test worker] org.hibernate.SQL                        : 
    insert 
    into
        upload_file
        (item_id, store_file_name, upload_file_name, file_id) 
    values
        (?, ?, ?, ?)
Hibernate: 
    insert 
    into
        upload_file
        (item_id, store_file_name, upload_file_name, file_id) 
    values
        (?, ?, ?, ?)
2024-04-29T19:41:38.520+09:00  INFO 58944 --- [project] [    Test worker] p6spy                                    : #1714387298520 | took 0ms | statement | connection 6| url jdbc:mysql://127.0.0.1:3306/project?serverTimezone=Asia/Seoul
insert into upload_file (item_id,store_file_name,upload_file_name,file_id) values (?,?,?,?)
insert into upload_file (item_id,store_file_name,upload_file_name,file_id) values (219,'java.io.StringReader@7820a19d','java.io.StringReader@3a2173cd',219);
2024-04-29T19:41:38.520+09:00 DEBUG 58944 --- [project] [    Test worker] org.hibernate.SQL                        : 
    insert 
    into
        item
        (name, price, quantity, dtype, item_id) 
    values
        (?, ?, ?, 'Book', ?)
Hibernate: 
    insert 
    into
        item
        (name, price, quantity, dtype, item_id) 
    values
        (?, ?, ?, 'Book', ?)
2024-04-29T19:41:38.521+09:00  INFO 58944 --- [project] [    Test worker] p6spy                                    : #1714387298521 | took 0ms | statement | connection 6| url jdbc:mysql://127.0.0.1:3306/project?serverTimezone=Asia/Seoul
insert into item (name,price,quantity,dtype,item_id) values (?,?,?,'Book',?)
insert into item (name,price,quantity,dtype,item_id) values ('i',220,220,'Book',220);
2024-04-29T19:41:38.521+09:00 DEBUG 58944 --- [project] [    Test worker] org.hibernate.SQL                        : 
    insert 
    into
        book
        (author, isbn, item_id) 
    values
        (?, ?, ?)
Hibernate: 
    insert 
    into
        book
        (author, isbn, item_id) 
    values
        (?, ?, ?)
2024-04-29T19:41:38.521+09:00  INFO 58944 --- [project] [    Test worker] p6spy                                    : #1714387298521 | took 0ms | statement | connection 6| url jdbc:mysql://127.0.0.1:3306/project?serverTimezone=Asia/Seoul
insert into book (author,isbn,item_id) values (?,?,?)
insert into book (author,isbn,item_id) values ('i','i',220);
2024-04-29T19:41:38.521+09:00 DEBUG 58944 --- [project] [    Test worker] org.hibernate.SQL                        : 
    insert 
    into
        upload_file
        (item_id, store_file_name, upload_file_name, file_id) 
    values
        (?, ?, ?, ?)
Hibernate: 
    insert 
    into
        upload_file
        (item_id, store_file_name, upload_file_name, file_id) 
    values
        (?, ?, ?, ?)
2024-04-29T19:41:38.522+09:00  INFO 58944 --- [project] [    Test worker] p6spy                                    : #1714387298522 | took 0ms | statement | connection 6| url jdbc:mysql://127.0.0.1:3306/project?serverTimezone=Asia/Seoul
insert into upload_file (item_id,store_file_name,upload_file_name,file_id) values (?,?,?,?)
insert into upload_file (item_id,store_file_name,upload_file_name,file_id) values (220,'java.io.StringReader@113886b1','java.io.StringReader@741d2dda',220);
2024-04-29T19:41:38.522+09:00 DEBUG 58944 --- [project] [    Test worker] org.hibernate.SQL                        : 
    insert 
    into
        item
        (name, price, quantity, dtype, item_id) 
    values
        (?, ?, ?, 'Book', ?)
Hibernate: 
    insert 
    into
        item
        (name, price, quantity, dtype, item_id) 
    values
        (?, ?, ?, 'Book', ?)
2024-04-29T19:41:38.522+09:00  INFO 58944 --- [project] [    Test worker] p6spy                                    : #1714387298522 | took 0ms | statement | connection 6| url jdbc:mysql://127.0.0.1:3306/project?serverTimezone=Asia/Seoul
insert into item (name,price,quantity,dtype,item_id) values (?,?,?,'Book',?)
insert into item (name,price,quantity,dtype,item_id) values ('i',221,221,'Book',221);
2024-04-29T19:41:38.522+09:00 DEBUG 58944 --- [project] [    Test worker] org.hibernate.SQL                        : 
    insert 
    into
        book
        (author, isbn, item_id) 
    values
        (?, ?, ?)
Hibernate: 
    insert 
    into
        book
        (author, isbn, item_id) 
    values
        (?, ?, ?)
2024-04-29T19:41:38.522+09:00  INFO 58944 --- [project] [    Test worker] p6spy                                    : #1714387298522 | took 0ms | statement | connection 6| url jdbc:mysql://127.0.0.1:3306/project?serverTimezone=Asia/Seoul
insert into book (author,isbn,item_id) values (?,?,?)
insert into book (author,isbn,item_id) values ('i','i',221);
2024-04-29T19:41:38.522+09:00 DEBUG 58944 --- [project] [    Test worker] org.hibernate.SQL                        : 
    insert 
    into
        upload_file
        (item_id, store_file_name, upload_file_name, file_id) 
    values
        (?, ?, ?, ?)
Hibernate: 
    insert 
    into
        upload_file
        (item_id, store_file_name, upload_file_name, file_id) 
    values
        (?, ?, ?, ?)
2024-04-29T19:41:38.523+09:00  INFO 58944 --- [project] [    Test worker] p6spy                                    : #1714387298523 | took 0ms | statement | connection 6| url jdbc:mysql://127.0.0.1:3306/project?serverTimezone=Asia/Seoul
insert into upload_file (item_id,store_file_name,upload_file_name,file_id) values (?,?,?,?)
insert into upload_file (item_id,store_file_name,upload_file_name,file_id) values (221,'java.io.StringReader@53ed864c','java.io.StringReader@29514616',221);
2024-04-29T19:41:38.523+09:00 DEBUG 58944 --- [project] [    Test worker] org.hibernate.SQL                        : 
    insert 
    into
        item
        (name, price, quantity, dtype, item_id) 
    values
        (?, ?, ?, 'Book', ?)
Hibernate: 
    insert 
    into
        item
        (name, price, quantity, dtype, item_id) 
    values
        (?, ?, ?, 'Book', ?)
2024-04-29T19:41:38.523+09:00  INFO 58944 --- [project] [    Test worker] p6spy                                    : #1714387298523 | took 0ms | statement | connection 6| url jdbc:mysql://127.0.0.1:3306/project?serverTimezone=Asia/Seoul
insert into item (name,price,quantity,dtype,item_id) values (?,?,?,'Book',?)
insert into item (name,price,quantity,dtype,item_id) values ('i',222,222,'Book',222);
2024-04-29T19:41:38.523+09:00 DEBUG 58944 --- [project] [    Test worker] org.hibernate.SQL                        : 
    insert 
    into
        book
        (author, isbn, item_id) 
    values
        (?, ?, ?)
Hibernate: 
    insert 
    into
        book
        (author, isbn, item_id) 
    values
        (?, ?, ?)
2024-04-29T19:41:38.523+09:00  INFO 58944 --- [project] [    Test worker] p6spy                                    : #1714387298523 | took 0ms | statement | connection 6| url jdbc:mysql://127.0.0.1:3306/project?serverTimezone=Asia/Seoul
insert into book (author,isbn,item_id) values (?,?,?)
insert into book (author,isbn,item_id) values ('i','i',222);
2024-04-29T19:41:38.523+09:00 DEBUG 58944 --- [project] [    Test worker] org.hibernate.SQL                        : 
    insert 
    into
        upload_file
        (item_id, store_file_name, upload_file_name, file_id) 
    values
        (?, ?, ?, ?)
Hibernate: 
    insert 
    into
        upload_file
        (item_id, store_file_name, upload_file_name, file_id) 
    values
        (?, ?, ?, ?)
2024-04-29T19:41:38.524+09:00  INFO 58944 --- [project] [    Test worker] p6spy                                    : #1714387298524 | took 0ms | statement | connection 6| url jdbc:mysql://127.0.0.1:3306/project?serverTimezone=Asia/Seoul
insert into upload_file (item_id,store_file_name,upload_file_name,file_id) values (?,?,?,?)
insert into upload_file (item_id,store_file_name,upload_file_name,file_id) values (222,'java.io.StringReader@7aafaf44','java.io.StringReader@1ed28f57',222);
2024-04-29T19:41:38.524+09:00 DEBUG 58944 --- [project] [    Test worker] org.hibernate.SQL                        : 
    insert 
    into
        item
        (name, price, quantity, dtype, item_id) 
    values
        (?, ?, ?, 'Book', ?)
Hibernate: 
    insert 
    into
        item
        (name, price, quantity, dtype, item_id) 
    values
        (?, ?, ?, 'Book', ?)
2024-04-29T19:41:38.524+09:00  INFO 58944 --- [project] [    Test worker] p6spy                                    : #1714387298524 | took 0ms | statement | connection 6| url jdbc:mysql://127.0.0.1:3306/project?serverTimezone=Asia/Seoul
insert into item (name,price,quantity,dtype,item_id) values (?,?,?,'Book',?)
insert into item (name,price,quantity,dtype,item_id) values ('i',223,223,'Book',223);
2024-04-29T19:41:38.524+09:00 DEBUG 58944 --- [project] [    Test worker] org.hibernate.SQL                        : 
    insert 
    into
        book
        (author, isbn, item_id) 
    values
        (?, ?, ?)
Hibernate: 
    insert 
    into
        book
        (author, isbn, item_id) 
    values
        (?, ?, ?)
2024-04-29T19:41:38.524+09:00  INFO 58944 --- [project] [    Test worker] p6spy                                    : #1714387298524 | took 0ms | statement | connection 6| url jdbc:mysql://127.0.0.1:3306/project?serverTimezone=Asia/Seoul
insert into book (author,isbn,item_id) values (?,?,?)
insert into book (author,isbn,item_id) values ('i','i',223);
2024-04-29T19:41:38.525+09:00 DEBUG 58944 --- [project] [    Test worker] org.hibernate.SQL                        : 
    insert 
    into
        upload_file
        (item_id, store_file_name, upload_file_name, file_id) 
    values
        (?, ?, ?, ?)
Hibernate: 
    insert 
    into
        upload_file
        (item_id, store_file_name, upload_file_name, file_id) 
    values
        (?, ?, ?, ?)
2024-04-29T19:41:38.525+09:00  INFO 58944 --- [project] [    Test worker] p6spy                                    : #1714387298525 | took 0ms | statement | connection 6| url jdbc:mysql://127.0.0.1:3306/project?serverTimezone=Asia/Seoul
insert into upload_file (item_id,store_file_name,upload_file_name,file_id) values (?,?,?,?)
insert into upload_file (item_id,store_file_name,upload_file_name,file_id) values (223,'java.io.StringReader@71b6886','java.io.StringReader@7bdab06c',223);
2024-04-29T19:41:38.525+09:00 DEBUG 58944 --- [project] [    Test worker] org.hibernate.SQL                        : 
    insert 
    into
        item
        (name, price, quantity, dtype, item_id) 
    values
        (?, ?, ?, 'Book', ?)
Hibernate: 
    insert 
    into
        item
        (name, price, quantity, dtype, item_id) 
    values
        (?, ?, ?, 'Book', ?)
2024-04-29T19:41:38.525+09:00  INFO 58944 --- [project] [    Test worker] p6spy                                    : #1714387298525 | took 0ms | statement | connection 6| url jdbc:mysql://127.0.0.1:3306/project?serverTimezone=Asia/Seoul
insert into item (name,price,quantity,dtype,item_id) values (?,?,?,'Book',?)
insert into item (name,price,quantity,dtype,item_id) values ('i',224,224,'Book',224);
2024-04-29T19:41:38.526+09:00 DEBUG 58944 --- [project] [    Test worker] org.hibernate.SQL                        : 
    insert 
    into
        book
        (author, isbn, item_id) 
    values
        (?, ?, ?)
Hibernate: 
    insert 
    into
        book
        (author, isbn, item_id) 
    values
        (?, ?, ?)
2024-04-29T19:41:38.526+09:00  INFO 58944 --- [project] [    Test worker] p6spy                                    : #1714387298526 | took 0ms | statement | connection 6| url jdbc:mysql://127.0.0.1:3306/project?serverTimezone=Asia/Seoul
insert into book (author,isbn,item_id) values (?,?,?)
insert into book (author,isbn,item_id) values ('i','i',224);
2024-04-29T19:41:38.526+09:00 DEBUG 58944 --- [project] [    Test worker] org.hibernate.SQL                        : 
    insert 
    into
        upload_file
        (item_id, store_file_name, upload_file_name, file_id) 
    values
        (?, ?, ?, ?)
Hibernate: 
    insert 
    into
        upload_file
        (item_id, store_file_name, upload_file_name, file_id) 
    values
        (?, ?, ?, ?)
2024-04-29T19:41:38.526+09:00  INFO 58944 --- [project] [    Test worker] p6spy                                    : #1714387298526 | took 0ms | statement | connection 6| url jdbc:mysql://127.0.0.1:3306/project?serverTimezone=Asia/Seoul
insert into upload_file (item_id,store_file_name,upload_file_name,file_id) values (?,?,?,?)
insert into upload_file (item_id,store_file_name,upload_file_name,file_id) values (224,'java.io.StringReader@7953699e','java.io.StringReader@7de922ba',224);
2024-04-29T19:41:38.527+09:00 DEBUG 58944 --- [project] [    Test worker] org.hibernate.SQL                        : 
    insert 
    into
        item
        (name, price, quantity, dtype, item_id) 
    values
        (?, ?, ?, 'Book', ?)
Hibernate: 
    insert 
    into
        item
        (name, price, quantity, dtype, item_id) 
    values
        (?, ?, ?, 'Book', ?)
2024-04-29T19:41:38.527+09:00  INFO 58944 --- [project] [    Test worker] p6spy                                    : #1714387298527 | took 0ms | statement | connection 6| url jdbc:mysql://127.0.0.1:3306/project?serverTimezone=Asia/Seoul
insert into item (name,price,quantity,dtype,item_id) values (?,?,?,'Book',?)
insert into item (name,price,quantity,dtype,item_id) values ('i',225,225,'Book',225);
2024-04-29T19:41:38.527+09:00 DEBUG 58944 --- [project] [    Test worker] org.hibernate.SQL                        : 
    insert 
    into
        book
        (author, isbn, item_id) 
    values
        (?, ?, ?)
Hibernate: 
    insert 
    into
        book
        (author, isbn, item_id) 
    values
        (?, ?, ?)
2024-04-29T19:41:38.527+09:00  INFO 58944 --- [project] [    Test worker] p6spy                                    : #1714387298527 | took 0ms | statement | connection 6| url jdbc:mysql://127.0.0.1:3306/project?serverTimezone=Asia/Seoul
insert into book (author,isbn,item_id) values (?,?,?)
insert into book (author,isbn,item_id) values ('i','i',225);
2024-04-29T19:41:38.527+09:00 DEBUG 58944 --- [project] [    Test worker] org.hibernate.SQL                        : 
    insert 
    into
        upload_file
        (item_id, store_file_name, upload_file_name, file_id) 
    values
        (?, ?, ?, ?)
Hibernate: 
    insert 
    into
        upload_file
        (item_id, store_file_name, upload_file_name, file_id) 
    values
        (?, ?, ?, ?)
2024-04-29T19:41:38.528+09:00  INFO 58944 --- [project] [    Test worker] p6spy                                    : #1714387298528 | took 0ms | statement | connection 6| url jdbc:mysql://127.0.0.1:3306/project?serverTimezone=Asia/Seoul
insert into upload_file (item_id,store_file_name,upload_file_name,file_id) values (?,?,?,?)
insert into upload_file (item_id,store_file_name,upload_file_name,file_id) values (225,'java.io.StringReader@7e913ef1','java.io.StringReader@292109c7',225);
2024-04-29T19:41:38.528+09:00 DEBUG 58944 --- [project] [    Test worker] org.hibernate.SQL                        : 
    insert 
    into
        item
        (name, price, quantity, dtype, item_id) 
    values
        (?, ?, ?, 'Book', ?)
Hibernate: 
    insert 
    into
        item
        (name, price, quantity, dtype, item_id) 
    values
        (?, ?, ?, 'Book', ?)
2024-04-29T19:41:38.528+09:00  INFO 58944 --- [project] [    Test worker] p6spy                                    : #1714387298528 | took 0ms | statement | connection 6| url jdbc:mysql://127.0.0.1:3306/project?serverTimezone=Asia/Seoul
insert into item (name,price,quantity,dtype,item_id) values (?,?,?,'Book',?)
insert into item (name,price,quantity,dtype,item_id) values ('i',226,226,'Book',226);
2024-04-29T19:41:38.528+09:00 DEBUG 58944 --- [project] [    Test worker] org.hibernate.SQL                        : 
    insert 
    into
        book
        (author, isbn, item_id) 
    values
        (?, ?, ?)
Hibernate: 
    insert 
    into
        book
        (author, isbn, item_id) 
    values
        (?, ?, ?)
2024-04-29T19:41:38.529+09:00  INFO 58944 --- [project] [    Test worker] p6spy                                    : #1714387298529 | took 0ms | statement | connection 6| url jdbc:mysql://127.0.0.1:3306/project?serverTimezone=Asia/Seoul
insert into book (author,isbn,item_id) values (?,?,?)
insert into book (author,isbn,item_id) values ('i','i',226);
2024-04-29T19:41:38.529+09:00 DEBUG 58944 --- [project] [    Test worker] org.hibernate.SQL                        : 
    insert 
    into
        upload_file
        (item_id, store_file_name, upload_file_name, file_id) 
    values
        (?, ?, ?, ?)
Hibernate: 
    insert 
    into
        upload_file
        (item_id, store_file_name, upload_file_name, file_id) 
    values
        (?, ?, ?, ?)
2024-04-29T19:41:38.530+09:00  INFO 58944 --- [project] [    Test worker] p6spy                                    : #1714387298530 | took 0ms | statement | connection 6| url jdbc:mysql://127.0.0.1:3306/project?serverTimezone=Asia/Seoul
insert into upload_file (item_id,store_file_name,upload_file_name,file_id) values (?,?,?,?)
insert into upload_file (item_id,store_file_name,upload_file_name,file_id) values (226,'java.io.StringReader@122f58a','java.io.StringReader@b225c59',226);
2024-04-29T19:41:38.530+09:00 DEBUG 58944 --- [project] [    Test worker] org.hibernate.SQL                        : 
    insert 
    into
        item
        (name, price, quantity, dtype, item_id) 
    values
        (?, ?, ?, 'Book', ?)
Hibernate: 
    insert 
    into
        item
        (name, price, quantity, dtype, item_id) 
    values
        (?, ?, ?, 'Book', ?)
2024-04-29T19:41:38.531+09:00  INFO 58944 --- [project] [    Test worker] p6spy                                    : #1714387298531 | took 0ms | statement | connection 6| url jdbc:mysql://127.0.0.1:3306/project?serverTimezone=Asia/Seoul
insert into item (name,price,quantity,dtype,item_id) values (?,?,?,'Book',?)
insert into item (name,price,quantity,dtype,item_id) values ('i',227,227,'Book',227);
2024-04-29T19:41:38.531+09:00 DEBUG 58944 --- [project] [    Test worker] org.hibernate.SQL                        : 
    insert 
    into
        book
        (author, isbn, item_id) 
    values
        (?, ?, ?)
Hibernate: 
    insert 
    into
        book
        (author, isbn, item_id) 
    values
        (?, ?, ?)
2024-04-29T19:41:38.531+09:00  INFO 58944 --- [project] [    Test worker] p6spy                                    : #1714387298531 | took 0ms | statement | connection 6| url jdbc:mysql://127.0.0.1:3306/project?serverTimezone=Asia/Seoul
insert into book (author,isbn,item_id) values (?,?,?)
insert into book (author,isbn,item_id) values ('i','i',227);
2024-04-29T19:41:38.532+09:00 DEBUG 58944 --- [project] [    Test worker] org.hibernate.SQL                        : 
    insert 
    into
        upload_file
        (item_id, store_file_name, upload_file_name, file_id) 
    values
        (?, ?, ?, ?)
Hibernate: 
    insert 
    into
        upload_file
        (item_id, store_file_name, upload_file_name, file_id) 
    values
        (?, ?, ?, ?)
2024-04-29T19:41:38.532+09:00  INFO 58944 --- [project] [    Test worker] p6spy                                    : #1714387298532 | took 0ms | statement | connection 6| url jdbc:mysql://127.0.0.1:3306/project?serverTimezone=Asia/Seoul
insert into upload_file (item_id,store_file_name,upload_file_name,file_id) values (?,?,?,?)
insert into upload_file (item_id,store_file_name,upload_file_name,file_id) values (227,'java.io.StringReader@3badd554','java.io.StringReader@218da1f9',227);
2024-04-29T19:41:38.532+09:00 DEBUG 58944 --- [project] [    Test worker] org.hibernate.SQL                        : 
    insert 
    into
        item
        (name, price, quantity, dtype, item_id) 
    values
        (?, ?, ?, 'Book', ?)
Hibernate: 
    insert 
    into
        item
        (name, price, quantity, dtype, item_id) 
    values
        (?, ?, ?, 'Book', ?)
2024-04-29T19:41:38.533+09:00  INFO 58944 --- [project] [    Test worker] p6spy                                    : #1714387298533 | took 0ms | statement | connection 6| url jdbc:mysql://127.0.0.1:3306/project?serverTimezone=Asia/Seoul
insert into item (name,price,quantity,dtype,item_id) values (?,?,?,'Book',?)
insert into item (name,price,quantity,dtype,item_id) values ('i',228,228,'Book',228);
2024-04-29T19:41:38.533+09:00 DEBUG 58944 --- [project] [    Test worker] org.hibernate.SQL                        : 
    insert 
    into
        book
        (author, isbn, item_id) 
    values
        (?, ?, ?)
Hibernate: 
    insert 
    into
        book
        (author, isbn, item_id) 
    values
        (?, ?, ?)
2024-04-29T19:41:38.533+09:00  INFO 58944 --- [project] [    Test worker] p6spy                                    : #1714387298533 | took 0ms | statement | connection 6| url jdbc:mysql://127.0.0.1:3306/project?serverTimezone=Asia/Seoul
insert into book (author,isbn,item_id) values (?,?,?)
insert into book (author,isbn,item_id) values ('i','i',228);
2024-04-29T19:41:38.534+09:00 DEBUG 58944 --- [project] [    Test worker] org.hibernate.SQL                        : 
    insert 
    into
        upload_file
        (item_id, store_file_name, upload_file_name, file_id) 
    values
        (?, ?, ?, ?)
Hibernate: 
    insert 
    into
        upload_file
        (item_id, store_file_name, upload_file_name, file_id) 
    values
        (?, ?, ?, ?)
2024-04-29T19:41:38.534+09:00  INFO 58944 --- [project] [    Test worker] p6spy                                    : #1714387298534 | took 0ms | statement | connection 6| url jdbc:mysql://127.0.0.1:3306/project?serverTimezone=Asia/Seoul
insert into upload_file (item_id,store_file_name,upload_file_name,file_id) values (?,?,?,?)
insert into upload_file (item_id,store_file_name,upload_file_name,file_id) values (228,'java.io.StringReader@5e66d85d','java.io.StringReader@1a6d072e',228);
2024-04-29T19:41:38.534+09:00 DEBUG 58944 --- [project] [    Test worker] org.hibernate.SQL                        : 
    insert 
    into
        item
        (name, price, quantity, dtype, item_id) 
    values
        (?, ?, ?, 'Book', ?)
Hibernate: 
    insert 
    into
        item
        (name, price, quantity, dtype, item_id) 
    values
        (?, ?, ?, 'Book', ?)
2024-04-29T19:41:38.534+09:00  INFO 58944 --- [project] [    Test worker] p6spy                                    : #1714387298534 | took 0ms | statement | connection 6| url jdbc:mysql://127.0.0.1:3306/project?serverTimezone=Asia/Seoul
insert into item (name,price,quantity,dtype,item_id) values (?,?,?,'Book',?)
insert into item (name,price,quantity,dtype,item_id) values ('i',229,229,'Book',229);
2024-04-29T19:41:38.535+09:00 DEBUG 58944 --- [project] [    Test worker] org.hibernate.SQL                        : 
    insert 
    into
        book
        (author, isbn, item_id) 
    values
        (?, ?, ?)
Hibernate: 
    insert 
    into
        book
        (author, isbn, item_id) 
    values
        (?, ?, ?)
2024-04-29T19:41:38.535+09:00  INFO 58944 --- [project] [    Test worker] p6spy                                    : #1714387298535 | took 0ms | statement | connection 6| url jdbc:mysql://127.0.0.1:3306/project?serverTimezone=Asia/Seoul
insert into book (author,isbn,item_id) values (?,?,?)
insert into book (author,isbn,item_id) values ('i','i',229);
2024-04-29T19:41:38.535+09:00 DEBUG 58944 --- [project] [    Test worker] org.hibernate.SQL                        : 
    insert 
    into
        upload_file
        (item_id, store_file_name, upload_file_name, file_id) 
    values
        (?, ?, ?, ?)
Hibernate: 
    insert 
    into
        upload_file
        (item_id, store_file_name, upload_file_name, file_id) 
    values
        (?, ?, ?, ?)
2024-04-29T19:41:38.536+09:00  INFO 58944 --- [project] [    Test worker] p6spy                                    : #1714387298536 | took 0ms | statement | connection 6| url jdbc:mysql://127.0.0.1:3306/project?serverTimezone=Asia/Seoul
insert into upload_file (item_id,store_file_name,upload_file_name,file_id) values (?,?,?,?)
insert into upload_file (item_id,store_file_name,upload_file_name,file_id) values (229,'java.io.StringReader@ed6d97f','java.io.StringReader@45cfbfe9',229);
2024-04-29T19:41:38.536+09:00 DEBUG 58944 --- [project] [    Test worker] org.hibernate.SQL                        : 
    insert 
    into
        item
        (name, price, quantity, dtype, item_id) 
    values
        (?, ?, ?, 'Book', ?)
Hibernate: 
    insert 
    into
        item
        (name, price, quantity, dtype, item_id) 
    values
        (?, ?, ?, 'Book', ?)
2024-04-29T19:41:38.537+09:00  INFO 58944 --- [project] [    Test worker] p6spy                                    : #1714387298537 | took 0ms | statement | connection 6| url jdbc:mysql://127.0.0.1:3306/project?serverTimezone=Asia/Seoul
insert into item (name,price,quantity,dtype,item_id) values (?,?,?,'Book',?)
insert into item (name,price,quantity,dtype,item_id) values ('i',230,230,'Book',230);
2024-04-29T19:41:38.537+09:00 DEBUG 58944 --- [project] [    Test worker] org.hibernate.SQL                        : 
    insert 
    into
        book
        (author, isbn, item_id) 
    values
        (?, ?, ?)
Hibernate: 
    insert 
    into
        book
        (author, isbn, item_id) 
    values
        (?, ?, ?)
2024-04-29T19:41:38.537+09:00  INFO 58944 --- [project] [    Test worker] p6spy                                    : #1714387298537 | took 0ms | statement | connection 6| url jdbc:mysql://127.0.0.1:3306/project?serverTimezone=Asia/Seoul
insert into book (author,isbn,item_id) values (?,?,?)
insert into book (author,isbn,item_id) values ('i','i',230);
2024-04-29T19:41:38.538+09:00 DEBUG 58944 --- [project] [    Test worker] org.hibernate.SQL                        : 
    insert 
    into
        upload_file
        (item_id, store_file_name, upload_file_name, file_id) 
    values
        (?, ?, ?, ?)
Hibernate: 
    insert 
    into
        upload_file
        (item_id, store_file_name, upload_file_name, file_id) 
    values
        (?, ?, ?, ?)
2024-04-29T19:41:38.538+09:00  INFO 58944 --- [project] [    Test worker] p6spy                                    : #1714387298538 | took 0ms | statement | connection 6| url jdbc:mysql://127.0.0.1:3306/project?serverTimezone=Asia/Seoul
insert into upload_file (item_id,store_file_name,upload_file_name,file_id) values (?,?,?,?)
insert into upload_file (item_id,store_file_name,upload_file_name,file_id) values (230,'java.io.StringReader@427937c1','java.io.StringReader@4a1978df',230);
2024-04-29T19:41:38.538+09:00 DEBUG 58944 --- [project] [    Test worker] org.hibernate.SQL                        : 
    insert 
    into
        item
        (name, price, quantity, dtype, item_id) 
    values
        (?, ?, ?, 'Book', ?)
Hibernate: 
    insert 
    into
        item
        (name, price, quantity, dtype, item_id) 
    values
        (?, ?, ?, 'Book', ?)
2024-04-29T19:41:38.538+09:00  INFO 58944 --- [project] [    Test worker] p6spy                                    : #1714387298538 | took 0ms | statement | connection 6| url jdbc:mysql://127.0.0.1:3306/project?serverTimezone=Asia/Seoul
insert into item (name,price,quantity,dtype,item_id) values (?,?,?,'Book',?)
insert into item (name,price,quantity,dtype,item_id) values ('i',231,231,'Book',231);
2024-04-29T19:41:38.539+09:00 DEBUG 58944 --- [project] [    Test worker] org.hibernate.SQL                        : 
    insert 
    into
        book
        (author, isbn, item_id) 
    values
        (?, ?, ?)
Hibernate: 
    insert 
    into
        book
        (author, isbn, item_id) 
    values
        (?, ?, ?)
2024-04-29T19:41:38.539+09:00  INFO 58944 --- [project] [    Test worker] p6spy                                    : #1714387298539 | took 0ms | statement | connection 6| url jdbc:mysql://127.0.0.1:3306/project?serverTimezone=Asia/Seoul
insert into book (author,isbn,item_id) values (?,?,?)
insert into book (author,isbn,item_id) values ('i','i',231);
2024-04-29T19:41:38.539+09:00 DEBUG 58944 --- [project] [    Test worker] org.hibernate.SQL                        : 
    insert 
    into
        upload_file
        (item_id, store_file_name, upload_file_name, file_id) 
    values
        (?, ?, ?, ?)
Hibernate: 
    insert 
    into
        upload_file
        (item_id, store_file_name, upload_file_name, file_id) 
    values
        (?, ?, ?, ?)
2024-04-29T19:41:38.539+09:00  INFO 58944 --- [project] [    Test worker] p6spy                                    : #1714387298539 | took 0ms | statement | connection 6| url jdbc:mysql://127.0.0.1:3306/project?serverTimezone=Asia/Seoul
insert into upload_file (item_id,store_file_name,upload_file_name,file_id) values (?,?,?,?)
insert into upload_file (item_id,store_file_name,upload_file_name,file_id) values (231,'java.io.StringReader@7fb689fe','java.io.StringReader@1a30ec16',231);
2024-04-29T19:41:38.539+09:00 DEBUG 58944 --- [project] [    Test worker] org.hibernate.SQL                        : 
    insert 
    into
        item
        (name, price, quantity, dtype, item_id) 
    values
        (?, ?, ?, 'Book', ?)
Hibernate: 
    insert 
    into
        item
        (name, price, quantity, dtype, item_id) 
    values
        (?, ?, ?, 'Book', ?)
2024-04-29T19:41:38.540+09:00  INFO 58944 --- [project] [    Test worker] p6spy                                    : #1714387298540 | took 0ms | statement | connection 6| url jdbc:mysql://127.0.0.1:3306/project?serverTimezone=Asia/Seoul
insert into item (name,price,quantity,dtype,item_id) values (?,?,?,'Book',?)
insert into item (name,price,quantity,dtype,item_id) values ('i',232,232,'Book',232);
2024-04-29T19:41:38.540+09:00 DEBUG 58944 --- [project] [    Test worker] org.hibernate.SQL                        : 
    insert 
    into
        book
        (author, isbn, item_id) 
    values
        (?, ?, ?)
Hibernate: 
    insert 
    into
        book
        (author, isbn, item_id) 
    values
        (?, ?, ?)
2024-04-29T19:41:38.540+09:00  INFO 58944 --- [project] [    Test worker] p6spy                                    : #1714387298540 | took 0ms | statement | connection 6| url jdbc:mysql://127.0.0.1:3306/project?serverTimezone=Asia/Seoul
insert into book (author,isbn,item_id) values (?,?,?)
insert into book (author,isbn,item_id) values ('i','i',232);
2024-04-29T19:41:38.540+09:00 DEBUG 58944 --- [project] [    Test worker] org.hibernate.SQL                        : 
    insert 
    into
        upload_file
        (item_id, store_file_name, upload_file_name, file_id) 
    values
        (?, ?, ?, ?)
Hibernate: 
    insert 
    into
        upload_file
        (item_id, store_file_name, upload_file_name, file_id) 
    values
        (?, ?, ?, ?)
2024-04-29T19:41:38.541+09:00  INFO 58944 --- [project] [    Test worker] p6spy                                    : #1714387298541 | took 0ms | statement | connection 6| url jdbc:mysql://127.0.0.1:3306/project?serverTimezone=Asia/Seoul
insert into upload_file (item_id,store_file_name,upload_file_name,file_id) values (?,?,?,?)
insert into upload_file (item_id,store_file_name,upload_file_name,file_id) values (232,'java.io.StringReader@1b7a2459','java.io.StringReader@46a94faf',232);
2024-04-29T19:41:38.541+09:00 DEBUG 58944 --- [project] [    Test worker] org.hibernate.SQL                        : 
    insert 
    into
        item
        (name, price, quantity, dtype, item_id) 
    values
        (?, ?, ?, 'Book', ?)
Hibernate: 
    insert 
    into
        item
        (name, price, quantity, dtype, item_id) 
    values
        (?, ?, ?, 'Book', ?)
2024-04-29T19:41:38.541+09:00  INFO 58944 --- [project] [    Test worker] p6spy                                    : #1714387298541 | took 0ms | statement | connection 6| url jdbc:mysql://127.0.0.1:3306/project?serverTimezone=Asia/Seoul
insert into item (name,price,quantity,dtype,item_id) values (?,?,?,'Book',?)
insert into item (name,price,quantity,dtype,item_id) values ('i',233,233,'Book',233);
2024-04-29T19:41:38.541+09:00 DEBUG 58944 --- [project] [    Test worker] org.hibernate.SQL                        : 
    insert 
    into
        book
        (author, isbn, item_id) 
    values
        (?, ?, ?)
Hibernate: 
    insert 
    into
        book
        (author, isbn, item_id) 
    values
        (?, ?, ?)
2024-04-29T19:41:38.542+09:00  INFO 58944 --- [project] [    Test worker] p6spy                                    : #1714387298542 | took 0ms | statement | connection 6| url jdbc:mysql://127.0.0.1:3306/project?serverTimezone=Asia/Seoul
insert into book (author,isbn,item_id) values (?,?,?)
insert into book (author,isbn,item_id) values ('i','i',233);
2024-04-29T19:41:38.542+09:00 DEBUG 58944 --- [project] [    Test worker] org.hibernate.SQL                        : 
    insert 
    into
        upload_file
        (item_id, store_file_name, upload_file_name, file_id) 
    values
        (?, ?, ?, ?)
Hibernate: 
    insert 
    into
        upload_file
        (item_id, store_file_name, upload_file_name, file_id) 
    values
        (?, ?, ?, ?)
2024-04-29T19:41:38.542+09:00  INFO 58944 --- [project] [    Test worker] p6spy                                    : #1714387298542 | took 0ms | statement | connection 6| url jdbc:mysql://127.0.0.1:3306/project?serverTimezone=Asia/Seoul
insert into upload_file (item_id,store_file_name,upload_file_name,file_id) values (?,?,?,?)
insert into upload_file (item_id,store_file_name,upload_file_name,file_id) values (233,'java.io.StringReader@2a87d40f','java.io.StringReader@586fe6ee',233);
2024-04-29T19:41:38.542+09:00 DEBUG 58944 --- [project] [    Test worker] org.hibernate.SQL                        : 
    insert 
    into
        item
        (name, price, quantity, dtype, item_id) 
    values
        (?, ?, ?, 'Book', ?)
Hibernate: 
    insert 
    into
        item
        (name, price, quantity, dtype, item_id) 
    values
        (?, ?, ?, 'Book', ?)
2024-04-29T19:41:38.542+09:00  INFO 58944 --- [project] [    Test worker] p6spy                                    : #1714387298542 | took 0ms | statement | connection 6| url jdbc:mysql://127.0.0.1:3306/project?serverTimezone=Asia/Seoul
insert into item (name,price,quantity,dtype,item_id) values (?,?,?,'Book',?)
insert into item (name,price,quantity,dtype,item_id) values ('i',234,234,'Book',234);
2024-04-29T19:41:38.543+09:00 DEBUG 58944 --- [project] [    Test worker] org.hibernate.SQL                        : 
    insert 
    into
        book
        (author, isbn, item_id) 
    values
        (?, ?, ?)
Hibernate: 
    insert 
    into
        book
        (author, isbn, item_id) 
    values
        (?, ?, ?)
2024-04-29T19:41:38.543+09:00  INFO 58944 --- [project] [    Test worker] p6spy                                    : #1714387298543 | took 0ms | statement | connection 6| url jdbc:mysql://127.0.0.1:3306/project?serverTimezone=Asia/Seoul
insert into book (author,isbn,item_id) values (?,?,?)
insert into book (author,isbn,item_id) values ('i','i',234);
2024-04-29T19:41:38.543+09:00 DEBUG 58944 --- [project] [    Test worker] org.hibernate.SQL                        : 
    insert 
    into
        upload_file
        (item_id, store_file_name, upload_file_name, file_id) 
    values
        (?, ?, ?, ?)
Hibernate: 
    insert 
    into
        upload_file
        (item_id, store_file_name, upload_file_name, file_id) 
    values
        (?, ?, ?, ?)
2024-04-29T19:41:38.543+09:00  INFO 58944 --- [project] [    Test worker] p6spy                                    : #1714387298543 | took 0ms | statement | connection 6| url jdbc:mysql://127.0.0.1:3306/project?serverTimezone=Asia/Seoul
insert into upload_file (item_id,store_file_name,upload_file_name,file_id) values (?,?,?,?)
insert into upload_file (item_id,store_file_name,upload_file_name,file_id) values (234,'java.io.StringReader@5a8a50b8','java.io.StringReader@5e7026b9',234);
2024-04-29T19:41:38.543+09:00 DEBUG 58944 --- [project] [    Test worker] org.hibernate.SQL                        : 
    insert 
    into
        item
        (name, price, quantity, dtype, item_id) 
    values
        (?, ?, ?, 'Book', ?)
Hibernate: 
    insert 
    into
        item
        (name, price, quantity, dtype, item_id) 
    values
        (?, ?, ?, 'Book', ?)
2024-04-29T19:41:38.544+09:00  INFO 58944 --- [project] [    Test worker] p6spy                                    : #1714387298544 | took 0ms | statement | connection 6| url jdbc:mysql://127.0.0.1:3306/project?serverTimezone=Asia/Seoul
insert into item (name,price,quantity,dtype,item_id) values (?,?,?,'Book',?)
insert into item (name,price,quantity,dtype,item_id) values ('i',235,235,'Book',235);
2024-04-29T19:41:38.544+09:00 DEBUG 58944 --- [project] [    Test worker] org.hibernate.SQL                        : 
    insert 
    into
        book
        (author, isbn, item_id) 
    values
        (?, ?, ?)
Hibernate: 
    insert 
    into
        book
        (author, isbn, item_id) 
    values
        (?, ?, ?)
2024-04-29T19:41:38.544+09:00  INFO 58944 --- [project] [    Test worker] p6spy                                    : #1714387298544 | took 0ms | statement | connection 6| url jdbc:mysql://127.0.0.1:3306/project?serverTimezone=Asia/Seoul
insert into book (author,isbn,item_id) values (?,?,?)
insert into book (author,isbn,item_id) values ('i','i',235);
2024-04-29T19:41:38.544+09:00 DEBUG 58944 --- [project] [    Test worker] org.hibernate.SQL                        : 
    insert 
    into
        upload_file
        (item_id, store_file_name, upload_file_name, file_id) 
    values
        (?, ?, ?, ?)
Hibernate: 
    insert 
    into
        upload_file
        (item_id, store_file_name, upload_file_name, file_id) 
    values
        (?, ?, ?, ?)
2024-04-29T19:41:38.545+09:00  INFO 58944 --- [project] [    Test worker] p6spy                                    : #1714387298544 | took 0ms | statement | connection 6| url jdbc:mysql://127.0.0.1:3306/project?serverTimezone=Asia/Seoul
insert into upload_file (item_id,store_file_name,upload_file_name,file_id) values (?,?,?,?)
insert into upload_file (item_id,store_file_name,upload_file_name,file_id) values (235,'java.io.StringReader@22251bc6','java.io.StringReader@685e398',235);
2024-04-29T19:41:38.545+09:00 DEBUG 58944 --- [project] [    Test worker] org.hibernate.SQL                        : 
    insert 
    into
        item
        (name, price, quantity, dtype, item_id) 
    values
        (?, ?, ?, 'Book', ?)
Hibernate: 
    insert 
    into
        item
        (name, price, quantity, dtype, item_id) 
    values
        (?, ?, ?, 'Book', ?)
2024-04-29T19:41:38.545+09:00  INFO 58944 --- [project] [    Test worker] p6spy                                    : #1714387298545 | took 0ms | statement | connection 6| url jdbc:mysql://127.0.0.1:3306/project?serverTimezone=Asia/Seoul
insert into item (name,price,quantity,dtype,item_id) values (?,?,?,'Book',?)
insert into item (name,price,quantity,dtype,item_id) values ('i',236,236,'Book',236);
2024-04-29T19:41:38.545+09:00 DEBUG 58944 --- [project] [    Test worker] org.hibernate.SQL                        : 
    insert 
    into
        book
        (author, isbn, item_id) 
    values
        (?, ?, ?)
Hibernate: 
    insert 
    into
        book
        (author, isbn, item_id) 
    values
        (?, ?, ?)
2024-04-29T19:41:38.546+09:00  INFO 58944 --- [project] [    Test worker] p6spy                                    : #1714387298546 | took 0ms | statement | connection 6| url jdbc:mysql://127.0.0.1:3306/project?serverTimezone=Asia/Seoul
insert into book (author,isbn,item_id) values (?,?,?)
insert into book (author,isbn,item_id) values ('i','i',236);
2024-04-29T19:41:38.546+09:00 DEBUG 58944 --- [project] [    Test worker] org.hibernate.SQL                        : 
    insert 
    into
        upload_file
        (item_id, store_file_name, upload_file_name, file_id) 
    values
        (?, ?, ?, ?)
Hibernate: 
    insert 
    into
        upload_file
        (item_id, store_file_name, upload_file_name, file_id) 
    values
        (?, ?, ?, ?)
2024-04-29T19:41:38.546+09:00  INFO 58944 --- [project] [    Test worker] p6spy                                    : #1714387298546 | took 0ms | statement | connection 6| url jdbc:mysql://127.0.0.1:3306/project?serverTimezone=Asia/Seoul
insert into upload_file (item_id,store_file_name,upload_file_name,file_id) values (?,?,?,?)
insert into upload_file (item_id,store_file_name,upload_file_name,file_id) values (236,'java.io.StringReader@55c3222d','java.io.StringReader@456b12c3',236);
2024-04-29T19:41:38.546+09:00 DEBUG 58944 --- [project] [    Test worker] org.hibernate.SQL                        : 
    insert 
    into
        item
        (name, price, quantity, dtype, item_id) 
    values
        (?, ?, ?, 'Book', ?)
Hibernate: 
    insert 
    into
        item
        (name, price, quantity, dtype, item_id) 
    values
        (?, ?, ?, 'Book', ?)
2024-04-29T19:41:38.547+09:00  INFO 58944 --- [project] [    Test worker] p6spy                                    : #1714387298547 | took 0ms | statement | connection 6| url jdbc:mysql://127.0.0.1:3306/project?serverTimezone=Asia/Seoul
insert into item (name,price,quantity,dtype,item_id) values (?,?,?,'Book',?)
insert into item (name,price,quantity,dtype,item_id) values ('i',237,237,'Book',237);
2024-04-29T19:41:38.547+09:00 DEBUG 58944 --- [project] [    Test worker] org.hibernate.SQL                        : 
    insert 
    into
        book
        (author, isbn, item_id) 
    values
        (?, ?, ?)
Hibernate: 
    insert 
    into
        book
        (author, isbn, item_id) 
    values
        (?, ?, ?)
2024-04-29T19:41:38.547+09:00  INFO 58944 --- [project] [    Test worker] p6spy                                    : #1714387298547 | took 0ms | statement | connection 6| url jdbc:mysql://127.0.0.1:3306/project?serverTimezone=Asia/Seoul
insert into book (author,isbn,item_id) values (?,?,?)
insert into book (author,isbn,item_id) values ('i','i',237);
2024-04-29T19:41:38.547+09:00 DEBUG 58944 --- [project] [    Test worker] org.hibernate.SQL                        : 
    insert 
    into
        upload_file
        (item_id, store_file_name, upload_file_name, file_id) 
    values
        (?, ?, ?, ?)
Hibernate: 
    insert 
    into
        upload_file
        (item_id, store_file_name, upload_file_name, file_id) 
    values
        (?, ?, ?, ?)
2024-04-29T19:41:38.548+09:00  INFO 58944 --- [project] [    Test worker] p6spy                                    : #1714387298548 | took 0ms | statement | connection 6| url jdbc:mysql://127.0.0.1:3306/project?serverTimezone=Asia/Seoul
insert into upload_file (item_id,store_file_name,upload_file_name,file_id) values (?,?,?,?)
insert into upload_file (item_id,store_file_name,upload_file_name,file_id) values (237,'java.io.StringReader@fac6d4a','java.io.StringReader@57e15f2d',237);
2024-04-29T19:41:38.548+09:00 DEBUG 58944 --- [project] [    Test worker] org.hibernate.SQL                        : 
    insert 
    into
        item
        (name, price, quantity, dtype, item_id) 
    values
        (?, ?, ?, 'Book', ?)
Hibernate: 
    insert 
    into
        item
        (name, price, quantity, dtype, item_id) 
    values
        (?, ?, ?, 'Book', ?)
2024-04-29T19:41:38.548+09:00  INFO 58944 --- [project] [    Test worker] p6spy                                    : #1714387298548 | took 0ms | statement | connection 6| url jdbc:mysql://127.0.0.1:3306/project?serverTimezone=Asia/Seoul
insert into item (name,price,quantity,dtype,item_id) values (?,?,?,'Book',?)
insert into item (name,price,quantity,dtype,item_id) values ('i',238,238,'Book',238);
2024-04-29T19:41:38.548+09:00 DEBUG 58944 --- [project] [    Test worker] org.hibernate.SQL                        : 
    insert 
    into
        book
        (author, isbn, item_id) 
    values
        (?, ?, ?)
Hibernate: 
    insert 
    into
        book
        (author, isbn, item_id) 
    values
        (?, ?, ?)
2024-04-29T19:41:38.549+09:00  INFO 58944 --- [project] [    Test worker] p6spy                                    : #1714387298549 | took 0ms | statement | connection 6| url jdbc:mysql://127.0.0.1:3306/project?serverTimezone=Asia/Seoul
insert into book (author,isbn,item_id) values (?,?,?)
insert into book (author,isbn,item_id) values ('i','i',238);
2024-04-29T19:41:38.549+09:00 DEBUG 58944 --- [project] [    Test worker] org.hibernate.SQL                        : 
    insert 
    into
        upload_file
        (item_id, store_file_name, upload_file_name, file_id) 
    values
        (?, ?, ?, ?)
Hibernate: 
    insert 
    into
        upload_file
        (item_id, store_file_name, upload_file_name, file_id) 
    values
        (?, ?, ?, ?)
2024-04-29T19:41:38.550+09:00  INFO 58944 --- [project] [    Test worker] p6spy                                    : #1714387298550 | took 0ms | statement | connection 6| url jdbc:mysql://127.0.0.1:3306/project?serverTimezone=Asia/Seoul
insert into upload_file (item_id,store_file_name,upload_file_name,file_id) values (?,?,?,?)
insert into upload_file (item_id,store_file_name,upload_file_name,file_id) values (238,'java.io.StringReader@3829e6ca','java.io.StringReader@403230be',238);
2024-04-29T19:41:38.550+09:00 DEBUG 58944 --- [project] [    Test worker] org.hibernate.SQL                        : 
    insert 
    into
        item
        (name, price, quantity, dtype, item_id) 
    values
        (?, ?, ?, 'Book', ?)
Hibernate: 
    insert 
    into
        item
        (name, price, quantity, dtype, item_id) 
    values
        (?, ?, ?, 'Book', ?)
2024-04-29T19:41:38.550+09:00  INFO 58944 --- [project] [    Test worker] p6spy                                    : #1714387298550 | took 0ms | statement | connection 6| url jdbc:mysql://127.0.0.1:3306/project?serverTimezone=Asia/Seoul
insert into item (name,price,quantity,dtype,item_id) values (?,?,?,'Book',?)
insert into item (name,price,quantity,dtype,item_id) values ('i',239,239,'Book',239);
2024-04-29T19:41:38.551+09:00 DEBUG 58944 --- [project] [    Test worker] org.hibernate.SQL                        : 
    insert 
    into
        book
        (author, isbn, item_id) 
    values
        (?, ?, ?)
Hibernate: 
    insert 
    into
        book
        (author, isbn, item_id) 
    values
        (?, ?, ?)
2024-04-29T19:41:38.551+09:00  INFO 58944 --- [project] [    Test worker] p6spy                                    : #1714387298551 | took 0ms | statement | connection 6| url jdbc:mysql://127.0.0.1:3306/project?serverTimezone=Asia/Seoul
insert into book (author,isbn,item_id) values (?,?,?)
insert into book (author,isbn,item_id) values ('i','i',239);
2024-04-29T19:41:38.551+09:00 DEBUG 58944 --- [project] [    Test worker] org.hibernate.SQL                        : 
    insert 
    into
        upload_file
        (item_id, store_file_name, upload_file_name, file_id) 
    values
        (?, ?, ?, ?)
Hibernate: 
    insert 
    into
        upload_file
        (item_id, store_file_name, upload_file_name, file_id) 
    values
        (?, ?, ?, ?)
2024-04-29T19:41:38.552+09:00  INFO 58944 --- [project] [    Test worker] p6spy                                    : #1714387298552 | took 0ms | statement | connection 6| url jdbc:mysql://127.0.0.1:3306/project?serverTimezone=Asia/Seoul
insert into upload_file (item_id,store_file_name,upload_file_name,file_id) values (?,?,?,?)
insert into upload_file (item_id,store_file_name,upload_file_name,file_id) values (239,'java.io.StringReader@58842f55','java.io.StringReader@dc6c5ca',239);
2024-04-29T19:41:38.552+09:00 DEBUG 58944 --- [project] [    Test worker] org.hibernate.SQL                        : 
    insert 
    into
        item
        (name, price, quantity, dtype, item_id) 
    values
        (?, ?, ?, 'Book', ?)
Hibernate: 
    insert 
    into
        item
        (name, price, quantity, dtype, item_id) 
    values
        (?, ?, ?, 'Book', ?)
2024-04-29T19:41:38.552+09:00  INFO 58944 --- [project] [    Test worker] p6spy                                    : #1714387298552 | took 0ms | statement | connection 6| url jdbc:mysql://127.0.0.1:3306/project?serverTimezone=Asia/Seoul
insert into item (name,price,quantity,dtype,item_id) values (?,?,?,'Book',?)
insert into item (name,price,quantity,dtype,item_id) values ('i',240,240,'Book',240);
2024-04-29T19:41:38.553+09:00 DEBUG 58944 --- [project] [    Test worker] org.hibernate.SQL                        : 
    insert 
    into
        book
        (author, isbn, item_id) 
    values
        (?, ?, ?)
Hibernate: 
    insert 
    into
        book
        (author, isbn, item_id) 
    values
        (?, ?, ?)
2024-04-29T19:41:38.553+09:00  INFO 58944 --- [project] [    Test worker] p6spy                                    : #1714387298553 | took 0ms | statement | connection 6| url jdbc:mysql://127.0.0.1:3306/project?serverTimezone=Asia/Seoul
insert into book (author,isbn,item_id) values (?,?,?)
insert into book (author,isbn,item_id) values ('i','i',240);
2024-04-29T19:41:38.553+09:00 DEBUG 58944 --- [project] [    Test worker] org.hibernate.SQL                        : 
    insert 
    into
        upload_file
        (item_id, store_file_name, upload_file_name, file_id) 
    values
        (?, ?, ?, ?)
Hibernate: 
    insert 
    into
        upload_file
        (item_id, store_file_name, upload_file_name, file_id) 
    values
        (?, ?, ?, ?)
2024-04-29T19:41:38.554+09:00  INFO 58944 --- [project] [    Test worker] p6spy                                    : #1714387298554 | took 0ms | statement | connection 6| url jdbc:mysql://127.0.0.1:3306/project?serverTimezone=Asia/Seoul
insert into upload_file (item_id,store_file_name,upload_file_name,file_id) values (?,?,?,?)
insert into upload_file (item_id,store_file_name,upload_file_name,file_id) values (240,'java.io.StringReader@3a273e53','java.io.StringReader@2a4edf0b',240);
2024-04-29T19:41:38.554+09:00 DEBUG 58944 --- [project] [    Test worker] org.hibernate.SQL                        : 
    insert 
    into
        item
        (name, price, quantity, dtype, item_id) 
    values
        (?, ?, ?, 'Book', ?)
Hibernate: 
    insert 
    into
        item
        (name, price, quantity, dtype, item_id) 
    values
        (?, ?, ?, 'Book', ?)
2024-04-29T19:41:38.555+09:00  INFO 58944 --- [project] [    Test worker] p6spy                                    : #1714387298555 | took 0ms | statement | connection 6| url jdbc:mysql://127.0.0.1:3306/project?serverTimezone=Asia/Seoul
insert into item (name,price,quantity,dtype,item_id) values (?,?,?,'Book',?)
insert into item (name,price,quantity,dtype,item_id) values ('i',241,241,'Book',241);
2024-04-29T19:41:38.555+09:00 DEBUG 58944 --- [project] [    Test worker] org.hibernate.SQL                        : 
    insert 
    into
        book
        (author, isbn, item_id) 
    values
        (?, ?, ?)
Hibernate: 
    insert 
    into
        book
        (author, isbn, item_id) 
    values
        (?, ?, ?)
2024-04-29T19:41:38.555+09:00  INFO 58944 --- [project] [    Test worker] p6spy                                    : #1714387298555 | took 0ms | statement | connection 6| url jdbc:mysql://127.0.0.1:3306/project?serverTimezone=Asia/Seoul
insert into book (author,isbn,item_id) values (?,?,?)
insert into book (author,isbn,item_id) values ('i','i',241);
2024-04-29T19:41:38.555+09:00 DEBUG 58944 --- [project] [    Test worker] org.hibernate.SQL                        : 
    insert 
    into
        upload_file
        (item_id, store_file_name, upload_file_name, file_id) 
    values
        (?, ?, ?, ?)
Hibernate: 
    insert 
    into
        upload_file
        (item_id, store_file_name, upload_file_name, file_id) 
    values
        (?, ?, ?, ?)
2024-04-29T19:41:38.556+09:00  INFO 58944 --- [project] [    Test worker] p6spy                                    : #1714387298556 | took 0ms | statement | connection 6| url jdbc:mysql://127.0.0.1:3306/project?serverTimezone=Asia/Seoul
insert into upload_file (item_id,store_file_name,upload_file_name,file_id) values (?,?,?,?)
insert into upload_file (item_id,store_file_name,upload_file_name,file_id) values (241,'java.io.StringReader@d22c288','java.io.StringReader@4151d8a3',241);
2024-04-29T19:41:38.556+09:00 DEBUG 58944 --- [project] [    Test worker] org.hibernate.SQL                        : 
    insert 
    into
        item
        (name, price, quantity, dtype, item_id) 
    values
        (?, ?, ?, 'Book', ?)
Hibernate: 
    insert 
    into
        item
        (name, price, quantity, dtype, item_id) 
    values
        (?, ?, ?, 'Book', ?)
2024-04-29T19:41:38.557+09:00  INFO 58944 --- [project] [    Test worker] p6spy                                    : #1714387298557 | took 0ms | statement | connection 6| url jdbc:mysql://127.0.0.1:3306/project?serverTimezone=Asia/Seoul
insert into item (name,price,quantity,dtype,item_id) values (?,?,?,'Book',?)
insert into item (name,price,quantity,dtype,item_id) values ('i',242,242,'Book',242);
2024-04-29T19:41:38.557+09:00 DEBUG 58944 --- [project] [    Test worker] org.hibernate.SQL                        : 
    insert 
    into
        book
        (author, isbn, item_id) 
    values
        (?, ?, ?)
Hibernate: 
    insert 
    into
        book
        (author, isbn, item_id) 
    values
        (?, ?, ?)
2024-04-29T19:41:38.557+09:00  INFO 58944 --- [project] [    Test worker] p6spy                                    : #1714387298557 | took 0ms | statement | connection 6| url jdbc:mysql://127.0.0.1:3306/project?serverTimezone=Asia/Seoul
insert into book (author,isbn,item_id) values (?,?,?)
insert into book (author,isbn,item_id) values ('i','i',242);
2024-04-29T19:41:38.557+09:00 DEBUG 58944 --- [project] [    Test worker] org.hibernate.SQL                        : 
    insert 
    into
        upload_file
        (item_id, store_file_name, upload_file_name, file_id) 
    values
        (?, ?, ?, ?)
Hibernate: 
    insert 
    into
        upload_file
        (item_id, store_file_name, upload_file_name, file_id) 
    values
        (?, ?, ?, ?)
2024-04-29T19:41:38.558+09:00  INFO 58944 --- [project] [    Test worker] p6spy                                    : #1714387298558 | took 0ms | statement | connection 6| url jdbc:mysql://127.0.0.1:3306/project?serverTimezone=Asia/Seoul
insert into upload_file (item_id,store_file_name,upload_file_name,file_id) values (?,?,?,?)
insert into upload_file (item_id,store_file_name,upload_file_name,file_id) values (242,'java.io.StringReader@47d1798c','java.io.StringReader@4fbc04de',242);
2024-04-29T19:41:38.558+09:00 DEBUG 58944 --- [project] [    Test worker] org.hibernate.SQL                        : 
    insert 
    into
        item
        (name, price, quantity, dtype, item_id) 
    values
        (?, ?, ?, 'Book', ?)
Hibernate: 
    insert 
    into
        item
        (name, price, quantity, dtype, item_id) 
    values
        (?, ?, ?, 'Book', ?)
2024-04-29T19:41:38.558+09:00  INFO 58944 --- [project] [    Test worker] p6spy                                    : #1714387298558 | took 0ms | statement | connection 6| url jdbc:mysql://127.0.0.1:3306/project?serverTimezone=Asia/Seoul
insert into item (name,price,quantity,dtype,item_id) values (?,?,?,'Book',?)
insert into item (name,price,quantity,dtype,item_id) values ('i',243,243,'Book',243);
2024-04-29T19:41:38.559+09:00 DEBUG 58944 --- [project] [    Test worker] org.hibernate.SQL                        : 
    insert 
    into
        book
        (author, isbn, item_id) 
    values
        (?, ?, ?)
Hibernate: 
    insert 
    into
        book
        (author, isbn, item_id) 
    values
        (?, ?, ?)
2024-04-29T19:41:38.559+09:00  INFO 58944 --- [project] [    Test worker] p6spy                                    : #1714387298559 | took 0ms | statement | connection 6| url jdbc:mysql://127.0.0.1:3306/project?serverTimezone=Asia/Seoul
insert into book (author,isbn,item_id) values (?,?,?)
insert into book (author,isbn,item_id) values ('i','i',243);
2024-04-29T19:41:38.559+09:00 DEBUG 58944 --- [project] [    Test worker] org.hibernate.SQL                        : 
    insert 
    into
        upload_file
        (item_id, store_file_name, upload_file_name, file_id) 
    values
        (?, ?, ?, ?)
Hibernate: 
    insert 
    into
        upload_file
        (item_id, store_file_name, upload_file_name, file_id) 
    values
        (?, ?, ?, ?)
2024-04-29T19:41:38.559+09:00  INFO 58944 --- [project] [    Test worker] p6spy                                    : #1714387298559 | took 0ms | statement | connection 6| url jdbc:mysql://127.0.0.1:3306/project?serverTimezone=Asia/Seoul
insert into upload_file (item_id,store_file_name,upload_file_name,file_id) values (?,?,?,?)
insert into upload_file (item_id,store_file_name,upload_file_name,file_id) values (243,'java.io.StringReader@3be3ba84','java.io.StringReader@2aaa5122',243);
2024-04-29T19:41:38.560+09:00 DEBUG 58944 --- [project] [    Test worker] org.hibernate.SQL                        : 
    insert 
    into
        item
        (name, price, quantity, dtype, item_id) 
    values
        (?, ?, ?, 'Book', ?)
Hibernate: 
    insert 
    into
        item
        (name, price, quantity, dtype, item_id) 
    values
        (?, ?, ?, 'Book', ?)
2024-04-29T19:41:38.560+09:00  INFO 58944 --- [project] [    Test worker] p6spy                                    : #1714387298560 | took 0ms | statement | connection 6| url jdbc:mysql://127.0.0.1:3306/project?serverTimezone=Asia/Seoul
insert into item (name,price,quantity,dtype,item_id) values (?,?,?,'Book',?)
insert into item (name,price,quantity,dtype,item_id) values ('i',244,244,'Book',244);
2024-04-29T19:41:38.560+09:00 DEBUG 58944 --- [project] [    Test worker] org.hibernate.SQL                        : 
    insert 
    into
        book
        (author, isbn, item_id) 
    values
        (?, ?, ?)
Hibernate: 
    insert 
    into
        book
        (author, isbn, item_id) 
    values
        (?, ?, ?)
2024-04-29T19:41:38.560+09:00  INFO 58944 --- [project] [    Test worker] p6spy                                    : #1714387298560 | took 0ms | statement | connection 6| url jdbc:mysql://127.0.0.1:3306/project?serverTimezone=Asia/Seoul
insert into book (author,isbn,item_id) values (?,?,?)
insert into book (author,isbn,item_id) values ('i','i',244);
2024-04-29T19:41:38.561+09:00 DEBUG 58944 --- [project] [    Test worker] org.hibernate.SQL                        : 
    insert 
    into
        upload_file
        (item_id, store_file_name, upload_file_name, file_id) 
    values
        (?, ?, ?, ?)
Hibernate: 
    insert 
    into
        upload_file
        (item_id, store_file_name, upload_file_name, file_id) 
    values
        (?, ?, ?, ?)
2024-04-29T19:41:38.561+09:00  INFO 58944 --- [project] [    Test worker] p6spy                                    : #1714387298561 | took 0ms | statement | connection 6| url jdbc:mysql://127.0.0.1:3306/project?serverTimezone=Asia/Seoul
insert into upload_file (item_id,store_file_name,upload_file_name,file_id) values (?,?,?,?)
insert into upload_file (item_id,store_file_name,upload_file_name,file_id) values (244,'java.io.StringReader@2227fa03','java.io.StringReader@7ea7fed5',244);
2024-04-29T19:41:38.562+09:00 DEBUG 58944 --- [project] [    Test worker] org.hibernate.SQL                        : 
    insert 
    into
        item
        (name, price, quantity, dtype, item_id) 
    values
        (?, ?, ?, 'Book', ?)
Hibernate: 
    insert 
    into
        item
        (name, price, quantity, dtype, item_id) 
    values
        (?, ?, ?, 'Book', ?)
2024-04-29T19:41:38.564+09:00  INFO 58944 --- [project] [    Test worker] p6spy                                    : #1714387298564 | took 0ms | statement | connection 6| url jdbc:mysql://127.0.0.1:3306/project?serverTimezone=Asia/Seoul
insert into item (name,price,quantity,dtype,item_id) values (?,?,?,'Book',?)
insert into item (name,price,quantity,dtype,item_id) values ('i',245,245,'Book',245);
2024-04-29T19:41:38.564+09:00 DEBUG 58944 --- [project] [    Test worker] org.hibernate.SQL                        : 
    insert 
    into
        book
        (author, isbn, item_id) 
    values
        (?, ?, ?)
Hibernate: 
    insert 
    into
        book
        (author, isbn, item_id) 
    values
        (?, ?, ?)
2024-04-29T19:41:38.565+09:00  INFO 58944 --- [project] [    Test worker] p6spy                                    : #1714387298565 | took 0ms | statement | connection 6| url jdbc:mysql://127.0.0.1:3306/project?serverTimezone=Asia/Seoul
insert into book (author,isbn,item_id) values (?,?,?)
insert into book (author,isbn,item_id) values ('i','i',245);
2024-04-29T19:41:38.565+09:00 DEBUG 58944 --- [project] [    Test worker] org.hibernate.SQL                        : 
    insert 
    into
        upload_file
        (item_id, store_file_name, upload_file_name, file_id) 
    values
        (?, ?, ?, ?)
Hibernate: 
    insert 
    into
        upload_file
        (item_id, store_file_name, upload_file_name, file_id) 
    values
        (?, ?, ?, ?)
2024-04-29T19:41:38.567+09:00  INFO 58944 --- [project] [    Test worker] p6spy                                    : #1714387298567 | took 0ms | statement | connection 6| url jdbc:mysql://127.0.0.1:3306/project?serverTimezone=Asia/Seoul
insert into upload_file (item_id,store_file_name,upload_file_name,file_id) values (?,?,?,?)
insert into upload_file (item_id,store_file_name,upload_file_name,file_id) values (245,'java.io.StringReader@3b5950f','java.io.StringReader@70921720',245);
2024-04-29T19:41:38.568+09:00 DEBUG 58944 --- [project] [    Test worker] org.hibernate.SQL                        : 
    insert 
    into
        item
        (name, price, quantity, dtype, item_id) 
    values
        (?, ?, ?, 'Book', ?)
Hibernate: 
    insert 
    into
        item
        (name, price, quantity, dtype, item_id) 
    values
        (?, ?, ?, 'Book', ?)
2024-04-29T19:41:38.568+09:00  INFO 58944 --- [project] [    Test worker] p6spy                                    : #1714387298568 | took 0ms | statement | connection 6| url jdbc:mysql://127.0.0.1:3306/project?serverTimezone=Asia/Seoul
insert into item (name,price,quantity,dtype,item_id) values (?,?,?,'Book',?)
insert into item (name,price,quantity,dtype,item_id) values ('i',246,246,'Book',246);
2024-04-29T19:41:38.568+09:00 DEBUG 58944 --- [project] [    Test worker] org.hibernate.SQL                        : 
    insert 
    into
        book
        (author, isbn, item_id) 
    values
        (?, ?, ?)
Hibernate: 
    insert 
    into
        book
        (author, isbn, item_id) 
    values
        (?, ?, ?)
2024-04-29T19:41:38.569+09:00  INFO 58944 --- [project] [    Test worker] p6spy                                    : #1714387298569 | took 0ms | statement | connection 6| url jdbc:mysql://127.0.0.1:3306/project?serverTimezone=Asia/Seoul
insert into book (author,isbn,item_id) values (?,?,?)
insert into book (author,isbn,item_id) values ('i','i',246);
2024-04-29T19:41:38.569+09:00 DEBUG 58944 --- [project] [    Test worker] org.hibernate.SQL                        : 
    insert 
    into
        upload_file
        (item_id, store_file_name, upload_file_name, file_id) 
    values
        (?, ?, ?, ?)
Hibernate: 
    insert 
    into
        upload_file
        (item_id, store_file_name, upload_file_name, file_id) 
    values
        (?, ?, ?, ?)
2024-04-29T19:41:38.571+09:00  INFO 58944 --- [project] [    Test worker] p6spy                                    : #1714387298571 | took 0ms | statement | connection 6| url jdbc:mysql://127.0.0.1:3306/project?serverTimezone=Asia/Seoul
insert into upload_file (item_id,store_file_name,upload_file_name,file_id) values (?,?,?,?)
insert into upload_file (item_id,store_file_name,upload_file_name,file_id) values (246,'java.io.StringReader@306cb0a0','java.io.StringReader@c822a3',246);
2024-04-29T19:41:38.571+09:00 DEBUG 58944 --- [project] [    Test worker] org.hibernate.SQL                        : 
    insert 
    into
        item
        (name, price, quantity, dtype, item_id) 
    values
        (?, ?, ?, 'Book', ?)
Hibernate: 
    insert 
    into
        item
        (name, price, quantity, dtype, item_id) 
    values
        (?, ?, ?, 'Book', ?)
2024-04-29T19:41:38.572+09:00  INFO 58944 --- [project] [    Test worker] p6spy                                    : #1714387298572 | took 0ms | statement | connection 6| url jdbc:mysql://127.0.0.1:3306/project?serverTimezone=Asia/Seoul
insert into item (name,price,quantity,dtype,item_id) values (?,?,?,'Book',?)
insert into item (name,price,quantity,dtype,item_id) values ('i',247,247,'Book',247);
2024-04-29T19:41:38.572+09:00 DEBUG 58944 --- [project] [    Test worker] org.hibernate.SQL                        : 
    insert 
    into
        book
        (author, isbn, item_id) 
    values
        (?, ?, ?)
Hibernate: 
    insert 
    into
        book
        (author, isbn, item_id) 
    values
        (?, ?, ?)
2024-04-29T19:41:38.572+09:00  INFO 58944 --- [project] [    Test worker] p6spy                                    : #1714387298572 | took 0ms | statement | connection 6| url jdbc:mysql://127.0.0.1:3306/project?serverTimezone=Asia/Seoul
insert into book (author,isbn,item_id) values (?,?,?)
insert into book (author,isbn,item_id) values ('i','i',247);
2024-04-29T19:41:38.573+09:00 DEBUG 58944 --- [project] [    Test worker] org.hibernate.SQL                        : 
    insert 
    into
        upload_file
        (item_id, store_file_name, upload_file_name, file_id) 
    values
        (?, ?, ?, ?)
Hibernate: 
    insert 
    into
        upload_file
        (item_id, store_file_name, upload_file_name, file_id) 
    values
        (?, ?, ?, ?)
2024-04-29T19:41:38.573+09:00  INFO 58944 --- [project] [    Test worker] p6spy                                    : #1714387298573 | took 0ms | statement | connection 6| url jdbc:mysql://127.0.0.1:3306/project?serverTimezone=Asia/Seoul
insert into upload_file (item_id,store_file_name,upload_file_name,file_id) values (?,?,?,?)
insert into upload_file (item_id,store_file_name,upload_file_name,file_id) values (247,'java.io.StringReader@13485e82','java.io.StringReader@336c4e3a',247);
2024-04-29T19:41:38.573+09:00 DEBUG 58944 --- [project] [    Test worker] org.hibernate.SQL                        : 
    insert 
    into
        item
        (name, price, quantity, dtype, item_id) 
    values
        (?, ?, ?, 'Book', ?)
Hibernate: 
    insert 
    into
        item
        (name, price, quantity, dtype, item_id) 
    values
        (?, ?, ?, 'Book', ?)
2024-04-29T19:41:38.574+09:00  INFO 58944 --- [project] [    Test worker] p6spy                                    : #1714387298574 | took 0ms | statement | connection 6| url jdbc:mysql://127.0.0.1:3306/project?serverTimezone=Asia/Seoul
insert into item (name,price,quantity,dtype,item_id) values (?,?,?,'Book',?)
insert into item (name,price,quantity,dtype,item_id) values ('i',248,248,'Book',248);
2024-04-29T19:41:38.574+09:00 DEBUG 58944 --- [project] [    Test worker] org.hibernate.SQL                        : 
    insert 
    into
        book
        (author, isbn, item_id) 
    values
        (?, ?, ?)
Hibernate: 
    insert 
    into
        book
        (author, isbn, item_id) 
    values
        (?, ?, ?)
2024-04-29T19:41:38.574+09:00  INFO 58944 --- [project] [    Test worker] p6spy                                    : #1714387298574 | took 0ms | statement | connection 6| url jdbc:mysql://127.0.0.1:3306/project?serverTimezone=Asia/Seoul
insert into book (author,isbn,item_id) values (?,?,?)
insert into book (author,isbn,item_id) values ('i','i',248);
2024-04-29T19:41:38.574+09:00 DEBUG 58944 --- [project] [    Test worker] org.hibernate.SQL                        : 
    insert 
    into
        upload_file
        (item_id, store_file_name, upload_file_name, file_id) 
    values
        (?, ?, ?, ?)
Hibernate: 
    insert 
    into
        upload_file
        (item_id, store_file_name, upload_file_name, file_id) 
    values
        (?, ?, ?, ?)
2024-04-29T19:41:38.574+09:00  INFO 58944 --- [project] [    Test worker] p6spy                                    : #1714387298574 | took 0ms | statement | connection 6| url jdbc:mysql://127.0.0.1:3306/project?serverTimezone=Asia/Seoul
insert into upload_file (item_id,store_file_name,upload_file_name,file_id) values (?,?,?,?)
insert into upload_file (item_id,store_file_name,upload_file_name,file_id) values (248,'java.io.StringReader@72722a6b','java.io.StringReader@2c6ee031',248);
2024-04-29T19:41:38.575+09:00 DEBUG 58944 --- [project] [    Test worker] org.hibernate.SQL                        : 
    insert 
    into
        item
        (name, price, quantity, dtype, item_id) 
    values
        (?, ?, ?, 'Book', ?)
Hibernate: 
    insert 
    into
        item
        (name, price, quantity, dtype, item_id) 
    values
        (?, ?, ?, 'Book', ?)
2024-04-29T19:41:38.575+09:00  INFO 58944 --- [project] [    Test worker] p6spy                                    : #1714387298575 | took 0ms | statement | connection 6| url jdbc:mysql://127.0.0.1:3306/project?serverTimezone=Asia/Seoul
insert into item (name,price,quantity,dtype,item_id) values (?,?,?,'Book',?)
insert into item (name,price,quantity,dtype,item_id) values ('i',249,249,'Book',249);
2024-04-29T19:41:38.575+09:00 DEBUG 58944 --- [project] [    Test worker] org.hibernate.SQL                        : 
    insert 
    into
        book
        (author, isbn, item_id) 
    values
        (?, ?, ?)
Hibernate: 
    insert 
    into
        book
        (author, isbn, item_id) 
    values
        (?, ?, ?)
2024-04-29T19:41:38.575+09:00  INFO 58944 --- [project] [    Test worker] p6spy                                    : #1714387298575 | took 0ms | statement | connection 6| url jdbc:mysql://127.0.0.1:3306/project?serverTimezone=Asia/Seoul
insert into book (author,isbn,item_id) values (?,?,?)
insert into book (author,isbn,item_id) values ('i','i',249);
2024-04-29T19:41:38.576+09:00 DEBUG 58944 --- [project] [    Test worker] org.hibernate.SQL                        : 
    insert 
    into
        upload_file
        (item_id, store_file_name, upload_file_name, file_id) 
    values
        (?, ?, ?, ?)
Hibernate: 
    insert 
    into
        upload_file
        (item_id, store_file_name, upload_file_name, file_id) 
    values
        (?, ?, ?, ?)
2024-04-29T19:41:38.577+09:00  INFO 58944 --- [project] [    Test worker] p6spy                                    : #1714387298577 | took 1ms | statement | connection 6| url jdbc:mysql://127.0.0.1:3306/project?serverTimezone=Asia/Seoul
insert into upload_file (item_id,store_file_name,upload_file_name,file_id) values (?,?,?,?)
insert into upload_file (item_id,store_file_name,upload_file_name,file_id) values (249,'java.io.StringReader@15c900be','java.io.StringReader@72bec302',249);
2024-04-29T19:41:38.579+09:00 DEBUG 58944 --- [project] [    Test worker] org.hibernate.SQL                        : 
    insert 
    into
        item
        (name, price, quantity, dtype, item_id) 
    values
        (?, ?, ?, 'Book', ?)
Hibernate: 
    insert 
    into
        item
        (name, price, quantity, dtype, item_id) 
    values
        (?, ?, ?, 'Book', ?)
2024-04-29T19:41:38.580+09:00  INFO 58944 --- [project] [    Test worker] p6spy                                    : #1714387298580 | took 0ms | statement | connection 6| url jdbc:mysql://127.0.0.1:3306/project?serverTimezone=Asia/Seoul
insert into item (name,price,quantity,dtype,item_id) values (?,?,?,'Book',?)
insert into item (name,price,quantity,dtype,item_id) values ('i',250,250,'Book',250);
2024-04-29T19:41:38.580+09:00 DEBUG 58944 --- [project] [    Test worker] org.hibernate.SQL                        : 
    insert 
    into
        book
        (author, isbn, item_id) 
    values
        (?, ?, ?)
Hibernate: 
    insert 
    into
        book
        (author, isbn, item_id) 
    values
        (?, ?, ?)
2024-04-29T19:41:38.580+09:00  INFO 58944 --- [project] [    Test worker] p6spy                                    : #1714387298580 | took 0ms | statement | connection 6| url jdbc:mysql://127.0.0.1:3306/project?serverTimezone=Asia/Seoul
insert into book (author,isbn,item_id) values (?,?,?)
insert into book (author,isbn,item_id) values ('i','i',250);
2024-04-29T19:41:38.581+09:00 DEBUG 58944 --- [project] [    Test worker] org.hibernate.SQL                        : 
    insert 
    into
        upload_file
        (item_id, store_file_name, upload_file_name, file_id) 
    values
        (?, ?, ?, ?)
Hibernate: 
    insert 
    into
        upload_file
        (item_id, store_file_name, upload_file_name, file_id) 
    values
        (?, ?, ?, ?)
2024-04-29T19:41:38.582+09:00  INFO 58944 --- [project] [    Test worker] p6spy                                    : #1714387298582 | took 0ms | statement | connection 6| url jdbc:mysql://127.0.0.1:3306/project?serverTimezone=Asia/Seoul
insert into upload_file (item_id,store_file_name,upload_file_name,file_id) values (?,?,?,?)
insert into upload_file (item_id,store_file_name,upload_file_name,file_id) values (250,'java.io.StringReader@734990c1','java.io.StringReader@7f8589b1',250);
2024-04-29T19:41:38.582+09:00 DEBUG 58944 --- [project] [    Test worker] org.hibernate.SQL                        : 
    insert 
    into
        item
        (name, price, quantity, dtype, item_id) 
    values
        (?, ?, ?, 'Book', ?)
Hibernate: 
    insert 
    into
        item
        (name, price, quantity, dtype, item_id) 
    values
        (?, ?, ?, 'Book', ?)
2024-04-29T19:41:38.582+09:00  INFO 58944 --- [project] [    Test worker] p6spy                                    : #1714387298582 | took 0ms | statement | connection 6| url jdbc:mysql://127.0.0.1:3306/project?serverTimezone=Asia/Seoul
insert into item (name,price,quantity,dtype,item_id) values (?,?,?,'Book',?)
insert into item (name,price,quantity,dtype,item_id) values ('i',251,251,'Book',251);
2024-04-29T19:41:38.583+09:00 DEBUG 58944 --- [project] [    Test worker] org.hibernate.SQL                        : 
    insert 
    into
        book
        (author, isbn, item_id) 
    values
        (?, ?, ?)
Hibernate: 
    insert 
    into
        book
        (author, isbn, item_id) 
    values
        (?, ?, ?)
2024-04-29T19:41:38.583+09:00  INFO 58944 --- [project] [    Test worker] p6spy                                    : #1714387298583 | took 0ms | statement | connection 6| url jdbc:mysql://127.0.0.1:3306/project?serverTimezone=Asia/Seoul
insert into book (author,isbn,item_id) values (?,?,?)
insert into book (author,isbn,item_id) values ('i','i',251);
2024-04-29T19:41:38.583+09:00 DEBUG 58944 --- [project] [    Test worker] org.hibernate.SQL                        : 
    insert 
    into
        upload_file
        (item_id, store_file_name, upload_file_name, file_id) 
    values
        (?, ?, ?, ?)
Hibernate: 
    insert 
    into
        upload_file
        (item_id, store_file_name, upload_file_name, file_id) 
    values
        (?, ?, ?, ?)
2024-04-29T19:41:38.584+09:00  INFO 58944 --- [project] [    Test worker] p6spy                                    : #1714387298584 | took 0ms | statement | connection 6| url jdbc:mysql://127.0.0.1:3306/project?serverTimezone=Asia/Seoul
insert into upload_file (item_id,store_file_name,upload_file_name,file_id) values (?,?,?,?)
insert into upload_file (item_id,store_file_name,upload_file_name,file_id) values (251,'java.io.StringReader@5dca1c50','java.io.StringReader@7a36c310',251);
2024-04-29T19:41:38.585+09:00 DEBUG 58944 --- [project] [    Test worker] org.hibernate.SQL                        : 
    insert 
    into
        item
        (name, price, quantity, dtype, item_id) 
    values
        (?, ?, ?, 'Book', ?)
Hibernate: 
    insert 
    into
        item
        (name, price, quantity, dtype, item_id) 
    values
        (?, ?, ?, 'Book', ?)
2024-04-29T19:41:38.586+09:00  INFO 58944 --- [project] [    Test worker] p6spy                                    : #1714387298586 | took 0ms | statement | connection 6| url jdbc:mysql://127.0.0.1:3306/project?serverTimezone=Asia/Seoul
insert into item (name,price,quantity,dtype,item_id) values (?,?,?,'Book',?)
insert into item (name,price,quantity,dtype,item_id) values ('i',252,252,'Book',252);
2024-04-29T19:41:38.586+09:00 DEBUG 58944 --- [project] [    Test worker] org.hibernate.SQL                        : 
    insert 
    into
        book
        (author, isbn, item_id) 
    values
        (?, ?, ?)
Hibernate: 
    insert 
    into
        book
        (author, isbn, item_id) 
    values
        (?, ?, ?)
2024-04-29T19:41:38.587+09:00  INFO 58944 --- [project] [    Test worker] p6spy                                    : #1714387298587 | took 0ms | statement | connection 6| url jdbc:mysql://127.0.0.1:3306/project?serverTimezone=Asia/Seoul
insert into book (author,isbn,item_id) values (?,?,?)
insert into book (author,isbn,item_id) values ('i','i',252);
2024-04-29T19:41:38.588+09:00 DEBUG 58944 --- [project] [    Test worker] org.hibernate.SQL                        : 
    insert 
    into
        upload_file
        (item_id, store_file_name, upload_file_name, file_id) 
    values
        (?, ?, ?, ?)
Hibernate: 
    insert 
    into
        upload_file
        (item_id, store_file_name, upload_file_name, file_id) 
    values
        (?, ?, ?, ?)
2024-04-29T19:41:38.588+09:00  INFO 58944 --- [project] [    Test worker] p6spy                                    : #1714387298588 | took 0ms | statement | connection 6| url jdbc:mysql://127.0.0.1:3306/project?serverTimezone=Asia/Seoul
insert into upload_file (item_id,store_file_name,upload_file_name,file_id) values (?,?,?,?)
insert into upload_file (item_id,store_file_name,upload_file_name,file_id) values (252,'java.io.StringReader@6aca85da','java.io.StringReader@15200332',252);
2024-04-29T19:41:38.588+09:00 DEBUG 58944 --- [project] [    Test worker] org.hibernate.SQL                        : 
    insert 
    into
        item
        (name, price, quantity, dtype, item_id) 
    values
        (?, ?, ?, 'Book', ?)
Hibernate: 
    insert 
    into
        item
        (name, price, quantity, dtype, item_id) 
    values
        (?, ?, ?, 'Book', ?)
2024-04-29T19:41:38.589+09:00  INFO 58944 --- [project] [    Test worker] p6spy                                    : #1714387298589 | took 0ms | statement | connection 6| url jdbc:mysql://127.0.0.1:3306/project?serverTimezone=Asia/Seoul
insert into item (name,price,quantity,dtype,item_id) values (?,?,?,'Book',?)
insert into item (name,price,quantity,dtype,item_id) values ('i',253,253,'Book',253);
2024-04-29T19:41:38.589+09:00 DEBUG 58944 --- [project] [    Test worker] org.hibernate.SQL                        : 
    insert 
    into
        book
        (author, isbn, item_id) 
    values
        (?, ?, ?)
Hibernate: 
    insert 
    into
        book
        (author, isbn, item_id) 
    values
        (?, ?, ?)
2024-04-29T19:41:38.589+09:00  INFO 58944 --- [project] [    Test worker] p6spy                                    : #1714387298589 | took 0ms | statement | connection 6| url jdbc:mysql://127.0.0.1:3306/project?serverTimezone=Asia/Seoul
insert into book (author,isbn,item_id) values (?,?,?)
insert into book (author,isbn,item_id) values ('i','i',253);
2024-04-29T19:41:38.589+09:00 DEBUG 58944 --- [project] [    Test worker] org.hibernate.SQL                        : 
    insert 
    into
        upload_file
        (item_id, store_file_name, upload_file_name, file_id) 
    values
        (?, ?, ?, ?)
Hibernate: 
    insert 
    into
        upload_file
        (item_id, store_file_name, upload_file_name, file_id) 
    values
        (?, ?, ?, ?)
2024-04-29T19:41:38.590+09:00  INFO 58944 --- [project] [    Test worker] p6spy                                    : #1714387298590 | took 0ms | statement | connection 6| url jdbc:mysql://127.0.0.1:3306/project?serverTimezone=Asia/Seoul
insert into upload_file (item_id,store_file_name,upload_file_name,file_id) values (?,?,?,?)
insert into upload_file (item_id,store_file_name,upload_file_name,file_id) values (253,'java.io.StringReader@2f29400e','java.io.StringReader@66161fee',253);
2024-04-29T19:41:38.590+09:00 DEBUG 58944 --- [project] [    Test worker] org.hibernate.SQL                        : 
    insert 
    into
        item
        (name, price, quantity, dtype, item_id) 
    values
        (?, ?, ?, 'Book', ?)
Hibernate: 
    insert 
    into
        item
        (name, price, quantity, dtype, item_id) 
    values
        (?, ?, ?, 'Book', ?)
2024-04-29T19:41:38.590+09:00  INFO 58944 --- [project] [    Test worker] p6spy                                    : #1714387298590 | took 0ms | statement | connection 6| url jdbc:mysql://127.0.0.1:3306/project?serverTimezone=Asia/Seoul
insert into item (name,price,quantity,dtype,item_id) values (?,?,?,'Book',?)
insert into item (name,price,quantity,dtype,item_id) values ('i',254,254,'Book',254);
2024-04-29T19:41:38.590+09:00 DEBUG 58944 --- [project] [    Test worker] org.hibernate.SQL                        : 
    insert 
    into
        book
        (author, isbn, item_id) 
    values
        (?, ?, ?)
Hibernate: 
    insert 
    into
        book
        (author, isbn, item_id) 
    values
        (?, ?, ?)
2024-04-29T19:41:38.591+09:00  INFO 58944 --- [project] [    Test worker] p6spy                                    : #1714387298591 | took 0ms | statement | connection 6| url jdbc:mysql://127.0.0.1:3306/project?serverTimezone=Asia/Seoul
insert into book (author,isbn,item_id) values (?,?,?)
insert into book (author,isbn,item_id) values ('i','i',254);
2024-04-29T19:41:38.591+09:00 DEBUG 58944 --- [project] [    Test worker] org.hibernate.SQL                        : 
    insert 
    into
        upload_file
        (item_id, store_file_name, upload_file_name, file_id) 
    values
        (?, ?, ?, ?)
Hibernate: 
    insert 
    into
        upload_file
        (item_id, store_file_name, upload_file_name, file_id) 
    values
        (?, ?, ?, ?)
2024-04-29T19:41:38.591+09:00  INFO 58944 --- [project] [    Test worker] p6spy                                    : #1714387298591 | took 0ms | statement | connection 6| url jdbc:mysql://127.0.0.1:3306/project?serverTimezone=Asia/Seoul
insert into upload_file (item_id,store_file_name,upload_file_name,file_id) values (?,?,?,?)
insert into upload_file (item_id,store_file_name,upload_file_name,file_id) values (254,'java.io.StringReader@ab8b1ef','java.io.StringReader@3413effc',254);
2024-04-29T19:41:38.591+09:00 DEBUG 58944 --- [project] [    Test worker] org.hibernate.SQL                        : 
    insert 
    into
        item
        (name, price, quantity, dtype, item_id) 
    values
        (?, ?, ?, 'Book', ?)
Hibernate: 
    insert 
    into
        item
        (name, price, quantity, dtype, item_id) 
    values
        (?, ?, ?, 'Book', ?)
2024-04-29T19:41:38.592+09:00  INFO 58944 --- [project] [    Test worker] p6spy                                    : #1714387298592 | took 0ms | statement | connection 6| url jdbc:mysql://127.0.0.1:3306/project?serverTimezone=Asia/Seoul
insert into item (name,price,quantity,dtype,item_id) values (?,?,?,'Book',?)
insert into item (name,price,quantity,dtype,item_id) values ('i',255,255,'Book',255);
2024-04-29T19:41:38.592+09:00 DEBUG 58944 --- [project] [    Test worker] org.hibernate.SQL                        : 
    insert 
    into
        book
        (author, isbn, item_id) 
    values
        (?, ?, ?)
Hibernate: 
    insert 
    into
        book
        (author, isbn, item_id) 
    values
        (?, ?, ?)
2024-04-29T19:41:38.593+09:00  INFO 58944 --- [project] [    Test worker] p6spy                                    : #1714387298593 | took 0ms | statement | connection 6| url jdbc:mysql://127.0.0.1:3306/project?serverTimezone=Asia/Seoul
insert into book (author,isbn,item_id) values (?,?,?)
insert into book (author,isbn,item_id) values ('i','i',255);
2024-04-29T19:41:38.594+09:00 DEBUG 58944 --- [project] [    Test worker] org.hibernate.SQL                        : 
    insert 
    into
        upload_file
        (item_id, store_file_name, upload_file_name, file_id) 
    values
        (?, ?, ?, ?)
Hibernate: 
    insert 
    into
        upload_file
        (item_id, store_file_name, upload_file_name, file_id) 
    values
        (?, ?, ?, ?)
2024-04-29T19:41:38.594+09:00  INFO 58944 --- [project] [    Test worker] p6spy                                    : #1714387298594 | took 0ms | statement | connection 6| url jdbc:mysql://127.0.0.1:3306/project?serverTimezone=Asia/Seoul
insert into upload_file (item_id,store_file_name,upload_file_name,file_id) values (?,?,?,?)
insert into upload_file (item_id,store_file_name,upload_file_name,file_id) values (255,'java.io.StringReader@22ccd80f','java.io.StringReader@31829b82',255);
2024-04-29T19:41:38.596+09:00 DEBUG 58944 --- [project] [    Test worker] org.hibernate.SQL                        : 
    insert 
    into
        item
        (name, price, quantity, dtype, item_id) 
    values
        (?, ?, ?, 'Book', ?)
Hibernate: 
    insert 
    into
        item
        (name, price, quantity, dtype, item_id) 
    values
        (?, ?, ?, 'Book', ?)
2024-04-29T19:41:38.596+09:00  INFO 58944 --- [project] [    Test worker] p6spy                                    : #1714387298596 | took 0ms | statement | connection 6| url jdbc:mysql://127.0.0.1:3306/project?serverTimezone=Asia/Seoul
insert into item (name,price,quantity,dtype,item_id) values (?,?,?,'Book',?)
insert into item (name,price,quantity,dtype,item_id) values ('i',256,256,'Book',256);
2024-04-29T19:41:38.597+09:00 DEBUG 58944 --- [project] [    Test worker] org.hibernate.SQL                        : 
    insert 
    into
        book
        (author, isbn, item_id) 
    values
        (?, ?, ?)
Hibernate: 
    insert 
    into
        book
        (author, isbn, item_id) 
    values
        (?, ?, ?)
2024-04-29T19:41:38.597+09:00  INFO 58944 --- [project] [    Test worker] p6spy                                    : #1714387298597 | took 0ms | statement | connection 6| url jdbc:mysql://127.0.0.1:3306/project?serverTimezone=Asia/Seoul
insert into book (author,isbn,item_id) values (?,?,?)
insert into book (author,isbn,item_id) values ('i','i',256);
2024-04-29T19:41:38.600+09:00 DEBUG 58944 --- [project] [    Test worker] org.hibernate.SQL                        : 
    insert 
    into
        upload_file
        (item_id, store_file_name, upload_file_name, file_id) 
    values
        (?, ?, ?, ?)
Hibernate: 
    insert 
    into
        upload_file
        (item_id, store_file_name, upload_file_name, file_id) 
    values
        (?, ?, ?, ?)
2024-04-29T19:41:38.601+09:00  INFO 58944 --- [project] [    Test worker] p6spy                                    : #1714387298601 | took 0ms | statement | connection 6| url jdbc:mysql://127.0.0.1:3306/project?serverTimezone=Asia/Seoul
insert into upload_file (item_id,store_file_name,upload_file_name,file_id) values (?,?,?,?)
insert into upload_file (item_id,store_file_name,upload_file_name,file_id) values (256,'java.io.StringReader@52b7d2d3','java.io.StringReader@249a7ccc',256);
2024-04-29T19:41:38.603+09:00 DEBUG 58944 --- [project] [    Test worker] org.hibernate.SQL                        : 
    insert 
    into
        item
        (name, price, quantity, dtype, item_id) 
    values
        (?, ?, ?, 'Book', ?)
Hibernate: 
    insert 
    into
        item
        (name, price, quantity, dtype, item_id) 
    values
        (?, ?, ?, 'Book', ?)
2024-04-29T19:41:38.605+09:00  INFO 58944 --- [project] [    Test worker] p6spy                                    : #1714387298605 | took 0ms | statement | connection 6| url jdbc:mysql://127.0.0.1:3306/project?serverTimezone=Asia/Seoul
insert into item (name,price,quantity,dtype,item_id) values (?,?,?,'Book',?)
insert into item (name,price,quantity,dtype,item_id) values ('i',257,257,'Book',257);
2024-04-29T19:41:38.606+09:00 DEBUG 58944 --- [project] [    Test worker] org.hibernate.SQL                        : 
    insert 
    into
        book
        (author, isbn, item_id) 
    values
        (?, ?, ?)
Hibernate: 
    insert 
    into
        book
        (author, isbn, item_id) 
    values
        (?, ?, ?)
2024-04-29T19:41:38.606+09:00  INFO 58944 --- [project] [    Test worker] p6spy                                    : #1714387298606 | took 0ms | statement | connection 6| url jdbc:mysql://127.0.0.1:3306/project?serverTimezone=Asia/Seoul
insert into book (author,isbn,item_id) values (?,?,?)
insert into book (author,isbn,item_id) values ('i','i',257);
2024-04-29T19:41:38.607+09:00 DEBUG 58944 --- [project] [    Test worker] org.hibernate.SQL                        : 
    insert 
    into
        upload_file
        (item_id, store_file_name, upload_file_name, file_id) 
    values
        (?, ?, ?, ?)
Hibernate: 
    insert 
    into
        upload_file
        (item_id, store_file_name, upload_file_name, file_id) 
    values
        (?, ?, ?, ?)
2024-04-29T19:41:38.607+09:00  INFO 58944 --- [project] [    Test worker] p6spy                                    : #1714387298607 | took 0ms | statement | connection 6| url jdbc:mysql://127.0.0.1:3306/project?serverTimezone=Asia/Seoul
insert into upload_file (item_id,store_file_name,upload_file_name,file_id) values (?,?,?,?)
insert into upload_file (item_id,store_file_name,upload_file_name,file_id) values (257,'java.io.StringReader@631f188a','java.io.StringReader@285bee4e',257);
2024-04-29T19:41:38.608+09:00 DEBUG 58944 --- [project] [    Test worker] org.hibernate.SQL                        : 
    insert 
    into
        item
        (name, price, quantity, dtype, item_id) 
    values
        (?, ?, ?, 'Book', ?)
Hibernate: 
    insert 
    into
        item
        (name, price, quantity, dtype, item_id) 
    values
        (?, ?, ?, 'Book', ?)
2024-04-29T19:41:38.609+09:00  INFO 58944 --- [project] [    Test worker] p6spy                                    : #1714387298609 | took 0ms | statement | connection 6| url jdbc:mysql://127.0.0.1:3306/project?serverTimezone=Asia/Seoul
insert into item (name,price,quantity,dtype,item_id) values (?,?,?,'Book',?)
insert into item (name,price,quantity,dtype,item_id) values ('i',258,258,'Book',258);
2024-04-29T19:41:38.609+09:00 DEBUG 58944 --- [project] [    Test worker] org.hibernate.SQL                        : 
    insert 
    into
        book
        (author, isbn, item_id) 
    values
        (?, ?, ?)
Hibernate: 
    insert 
    into
        book
        (author, isbn, item_id) 
    values
        (?, ?, ?)
2024-04-29T19:41:38.610+09:00  INFO 58944 --- [project] [    Test worker] p6spy                                    : #1714387298610 | took 0ms | statement | connection 6| url jdbc:mysql://127.0.0.1:3306/project?serverTimezone=Asia/Seoul
insert into book (author,isbn,item_id) values (?,?,?)
insert into book (author,isbn,item_id) values ('i','i',258);
2024-04-29T19:41:38.610+09:00 DEBUG 58944 --- [project] [    Test worker] org.hibernate.SQL                        : 
    insert 
    into
        upload_file
        (item_id, store_file_name, upload_file_name, file_id) 
    values
        (?, ?, ?, ?)
Hibernate: 
    insert 
    into
        upload_file
        (item_id, store_file_name, upload_file_name, file_id) 
    values
        (?, ?, ?, ?)
2024-04-29T19:41:38.610+09:00  INFO 58944 --- [project] [    Test worker] p6spy                                    : #1714387298610 | took 0ms | statement | connection 6| url jdbc:mysql://127.0.0.1:3306/project?serverTimezone=Asia/Seoul
insert into upload_file (item_id,store_file_name,upload_file_name,file_id) values (?,?,?,?)
insert into upload_file (item_id,store_file_name,upload_file_name,file_id) values (258,'java.io.StringReader@42017162','java.io.StringReader@66049424',258);
2024-04-29T19:41:38.610+09:00 DEBUG 58944 --- [project] [    Test worker] org.hibernate.SQL                        : 
    insert 
    into
        item
        (name, price, quantity, dtype, item_id) 
    values
        (?, ?, ?, 'Book', ?)
Hibernate: 
    insert 
    into
        item
        (name, price, quantity, dtype, item_id) 
    values
        (?, ?, ?, 'Book', ?)
2024-04-29T19:41:38.611+09:00  INFO 58944 --- [project] [    Test worker] p6spy                                    : #1714387298611 | took 0ms | statement | connection 6| url jdbc:mysql://127.0.0.1:3306/project?serverTimezone=Asia/Seoul
insert into item (name,price,quantity,dtype,item_id) values (?,?,?,'Book',?)
insert into item (name,price,quantity,dtype,item_id) values ('i',259,259,'Book',259);
2024-04-29T19:41:38.611+09:00 DEBUG 58944 --- [project] [    Test worker] org.hibernate.SQL                        : 
    insert 
    into
        book
        (author, isbn, item_id) 
    values
        (?, ?, ?)
Hibernate: 
    insert 
    into
        book
        (author, isbn, item_id) 
    values
        (?, ?, ?)
2024-04-29T19:41:38.611+09:00  INFO 58944 --- [project] [    Test worker] p6spy                                    : #1714387298611 | took 0ms | statement | connection 6| url jdbc:mysql://127.0.0.1:3306/project?serverTimezone=Asia/Seoul
insert into book (author,isbn,item_id) values (?,?,?)
insert into book (author,isbn,item_id) values ('i','i',259);
2024-04-29T19:41:38.611+09:00 DEBUG 58944 --- [project] [    Test worker] org.hibernate.SQL                        : 
    insert 
    into
        upload_file
        (item_id, store_file_name, upload_file_name, file_id) 
    values
        (?, ?, ?, ?)
Hibernate: 
    insert 
    into
        upload_file
        (item_id, store_file_name, upload_file_name, file_id) 
    values
        (?, ?, ?, ?)
2024-04-29T19:41:38.612+09:00  INFO 58944 --- [project] [    Test worker] p6spy                                    : #1714387298612 | took 0ms | statement | connection 6| url jdbc:mysql://127.0.0.1:3306/project?serverTimezone=Asia/Seoul
insert into upload_file (item_id,store_file_name,upload_file_name,file_id) values (?,?,?,?)
insert into upload_file (item_id,store_file_name,upload_file_name,file_id) values (259,'java.io.StringReader@200cdb37','java.io.StringReader@523d6b45',259);
2024-04-29T19:41:38.612+09:00 DEBUG 58944 --- [project] [    Test worker] org.hibernate.SQL                        : 
    insert 
    into
        item
        (name, price, quantity, dtype, item_id) 
    values
        (?, ?, ?, 'Book', ?)
Hibernate: 
    insert 
    into
        item
        (name, price, quantity, dtype, item_id) 
    values
        (?, ?, ?, 'Book', ?)
2024-04-29T19:41:38.612+09:00  INFO 58944 --- [project] [    Test worker] p6spy                                    : #1714387298612 | took 0ms | statement | connection 6| url jdbc:mysql://127.0.0.1:3306/project?serverTimezone=Asia/Seoul
insert into item (name,price,quantity,dtype,item_id) values (?,?,?,'Book',?)
insert into item (name,price,quantity,dtype,item_id) values ('i',260,260,'Book',260);
2024-04-29T19:41:38.613+09:00 DEBUG 58944 --- [project] [    Test worker] org.hibernate.SQL                        : 
    insert 
    into
        book
        (author, isbn, item_id) 
    values
        (?, ?, ?)
Hibernate: 
    insert 
    into
        book
        (author, isbn, item_id) 
    values
        (?, ?, ?)
2024-04-29T19:41:38.617+09:00  INFO 58944 --- [project] [    Test worker] p6spy                                    : #1714387298617 | took 4ms | statement | connection 6| url jdbc:mysql://127.0.0.1:3306/project?serverTimezone=Asia/Seoul
insert into book (author,isbn,item_id) values (?,?,?)
insert into book (author,isbn,item_id) values ('i','i',260);
2024-04-29T19:41:38.617+09:00 DEBUG 58944 --- [project] [    Test worker] org.hibernate.SQL                        : 
    insert 
    into
        upload_file
        (item_id, store_file_name, upload_file_name, file_id) 
    values
        (?, ?, ?, ?)
Hibernate: 
    insert 
    into
        upload_file
        (item_id, store_file_name, upload_file_name, file_id) 
    values
        (?, ?, ?, ?)
2024-04-29T19:41:38.620+09:00  INFO 58944 --- [project] [    Test worker] p6spy                                    : #1714387298620 | took 2ms | statement | connection 6| url jdbc:mysql://127.0.0.1:3306/project?serverTimezone=Asia/Seoul
insert into upload_file (item_id,store_file_name,upload_file_name,file_id) values (?,?,?,?)
insert into upload_file (item_id,store_file_name,upload_file_name,file_id) values (260,'java.io.StringReader@78cb1a92','java.io.StringReader@7e9e73',260);
2024-04-29T19:41:38.620+09:00 DEBUG 58944 --- [project] [    Test worker] org.hibernate.SQL                        : 
    insert 
    into
        item
        (name, price, quantity, dtype, item_id) 
    values
        (?, ?, ?, 'Book', ?)
Hibernate: 
    insert 
    into
        item
        (name, price, quantity, dtype, item_id) 
    values
        (?, ?, ?, 'Book', ?)
2024-04-29T19:41:38.621+09:00  INFO 58944 --- [project] [    Test worker] p6spy                                    : #1714387298621 | took 1ms | statement | connection 6| url jdbc:mysql://127.0.0.1:3306/project?serverTimezone=Asia/Seoul
insert into item (name,price,quantity,dtype,item_id) values (?,?,?,'Book',?)
insert into item (name,price,quantity,dtype,item_id) values ('i',261,261,'Book',261);
2024-04-29T19:41:38.622+09:00 DEBUG 58944 --- [project] [    Test worker] org.hibernate.SQL                        : 
    insert 
    into
        book
        (author, isbn, item_id) 
    values
        (?, ?, ?)
Hibernate: 
    insert 
    into
        book
        (author, isbn, item_id) 
    values
        (?, ?, ?)
2024-04-29T19:41:38.622+09:00  INFO 58944 --- [project] [    Test worker] p6spy                                    : #1714387298622 | took 0ms | statement | connection 6| url jdbc:mysql://127.0.0.1:3306/project?serverTimezone=Asia/Seoul
insert into book (author,isbn,item_id) values (?,?,?)
insert into book (author,isbn,item_id) values ('i','i',261);
2024-04-29T19:41:38.622+09:00 DEBUG 58944 --- [project] [    Test worker] org.hibernate.SQL                        : 
    insert 
    into
        upload_file
        (item_id, store_file_name, upload_file_name, file_id) 
    values
        (?, ?, ?, ?)
Hibernate: 
    insert 
    into
        upload_file
        (item_id, store_file_name, upload_file_name, file_id) 
    values
        (?, ?, ?, ?)
2024-04-29T19:41:38.623+09:00  INFO 58944 --- [project] [    Test worker] p6spy                                    : #1714387298623 | took 0ms | statement | connection 6| url jdbc:mysql://127.0.0.1:3306/project?serverTimezone=Asia/Seoul
insert into upload_file (item_id,store_file_name,upload_file_name,file_id) values (?,?,?,?)
insert into upload_file (item_id,store_file_name,upload_file_name,file_id) values (261,'java.io.StringReader@ffa60c9','java.io.StringReader@646ba7be',261);
2024-04-29T19:41:38.623+09:00 DEBUG 58944 --- [project] [    Test worker] org.hibernate.SQL                        : 
    insert 
    into
        item
        (name, price, quantity, dtype, item_id) 
    values
        (?, ?, ?, 'Book', ?)
Hibernate: 
    insert 
    into
        item
        (name, price, quantity, dtype, item_id) 
    values
        (?, ?, ?, 'Book', ?)
2024-04-29T19:41:38.623+09:00  INFO 58944 --- [project] [    Test worker] p6spy                                    : #1714387298623 | took 0ms | statement | connection 6| url jdbc:mysql://127.0.0.1:3306/project?serverTimezone=Asia/Seoul
insert into item (name,price,quantity,dtype,item_id) values (?,?,?,'Book',?)
insert into item (name,price,quantity,dtype,item_id) values ('i',262,262,'Book',262);
2024-04-29T19:41:38.623+09:00 DEBUG 58944 --- [project] [    Test worker] org.hibernate.SQL                        : 
    insert 
    into
        book
        (author, isbn, item_id) 
    values
        (?, ?, ?)
Hibernate: 
    insert 
    into
        book
        (author, isbn, item_id) 
    values
        (?, ?, ?)
2024-04-29T19:41:38.624+09:00  INFO 58944 --- [project] [    Test worker] p6spy                                    : #1714387298624 | took 0ms | statement | connection 6| url jdbc:mysql://127.0.0.1:3306/project?serverTimezone=Asia/Seoul
insert into book (author,isbn,item_id) values (?,?,?)
insert into book (author,isbn,item_id) values ('i','i',262);
2024-04-29T19:41:38.624+09:00 DEBUG 58944 --- [project] [    Test worker] org.hibernate.SQL                        : 
    insert 
    into
        upload_file
        (item_id, store_file_name, upload_file_name, file_id) 
    values
        (?, ?, ?, ?)
Hibernate: 
    insert 
    into
        upload_file
        (item_id, store_file_name, upload_file_name, file_id) 
    values
        (?, ?, ?, ?)
2024-04-29T19:41:38.625+09:00  INFO 58944 --- [project] [    Test worker] p6spy                                    : #1714387298625 | took 0ms | statement | connection 6| url jdbc:mysql://127.0.0.1:3306/project?serverTimezone=Asia/Seoul
insert into upload_file (item_id,store_file_name,upload_file_name,file_id) values (?,?,?,?)
insert into upload_file (item_id,store_file_name,upload_file_name,file_id) values (262,'java.io.StringReader@71103416','java.io.StringReader@503e1cd9',262);
2024-04-29T19:41:38.625+09:00 DEBUG 58944 --- [project] [    Test worker] org.hibernate.SQL                        : 
    insert 
    into
        item
        (name, price, quantity, dtype, item_id) 
    values
        (?, ?, ?, 'Book', ?)
Hibernate: 
    insert 
    into
        item
        (name, price, quantity, dtype, item_id) 
    values
        (?, ?, ?, 'Book', ?)
2024-04-29T19:41:38.625+09:00  INFO 58944 --- [project] [    Test worker] p6spy                                    : #1714387298625 | took 0ms | statement | connection 6| url jdbc:mysql://127.0.0.1:3306/project?serverTimezone=Asia/Seoul
insert into item (name,price,quantity,dtype,item_id) values (?,?,?,'Book',?)
insert into item (name,price,quantity,dtype,item_id) values ('i',263,263,'Book',263);
2024-04-29T19:41:38.625+09:00 DEBUG 58944 --- [project] [    Test worker] org.hibernate.SQL                        : 
    insert 
    into
        book
        (author, isbn, item_id) 
    values
        (?, ?, ?)
Hibernate: 
    insert 
    into
        book
        (author, isbn, item_id) 
    values
        (?, ?, ?)
2024-04-29T19:41:38.625+09:00  INFO 58944 --- [project] [    Test worker] p6spy                                    : #1714387298625 | took 0ms | statement | connection 6| url jdbc:mysql://127.0.0.1:3306/project?serverTimezone=Asia/Seoul
insert into book (author,isbn,item_id) values (?,?,?)
insert into book (author,isbn,item_id) values ('i','i',263);
2024-04-29T19:41:38.626+09:00 DEBUG 58944 --- [project] [    Test worker] org.hibernate.SQL                        : 
    insert 
    into
        upload_file
        (item_id, store_file_name, upload_file_name, file_id) 
    values
        (?, ?, ?, ?)
Hibernate: 
    insert 
    into
        upload_file
        (item_id, store_file_name, upload_file_name, file_id) 
    values
        (?, ?, ?, ?)
2024-04-29T19:41:38.626+09:00  INFO 58944 --- [project] [    Test worker] p6spy                                    : #1714387298626 | took 0ms | statement | connection 6| url jdbc:mysql://127.0.0.1:3306/project?serverTimezone=Asia/Seoul
insert into upload_file (item_id,store_file_name,upload_file_name,file_id) values (?,?,?,?)
insert into upload_file (item_id,store_file_name,upload_file_name,file_id) values (263,'java.io.StringReader@f7b6b9e','java.io.StringReader@775429c8',263);
2024-04-29T19:41:38.626+09:00 DEBUG 58944 --- [project] [    Test worker] org.hibernate.SQL                        : 
    insert 
    into
        item
        (name, price, quantity, dtype, item_id) 
    values
        (?, ?, ?, 'Book', ?)
Hibernate: 
    insert 
    into
        item
        (name, price, quantity, dtype, item_id) 
    values
        (?, ?, ?, 'Book', ?)
2024-04-29T19:41:38.626+09:00  INFO 58944 --- [project] [    Test worker] p6spy                                    : #1714387298626 | took 0ms | statement | connection 6| url jdbc:mysql://127.0.0.1:3306/project?serverTimezone=Asia/Seoul
insert into item (name,price,quantity,dtype,item_id) values (?,?,?,'Book',?)
insert into item (name,price,quantity,dtype,item_id) values ('i',264,264,'Book',264);
2024-04-29T19:41:38.626+09:00 DEBUG 58944 --- [project] [    Test worker] org.hibernate.SQL                        : 
    insert 
    into
        book
        (author, isbn, item_id) 
    values
        (?, ?, ?)
Hibernate: 
    insert 
    into
        book
        (author, isbn, item_id) 
    values
        (?, ?, ?)
2024-04-29T19:41:38.627+09:00  INFO 58944 --- [project] [    Test worker] p6spy                                    : #1714387298627 | took 0ms | statement | connection 6| url jdbc:mysql://127.0.0.1:3306/project?serverTimezone=Asia/Seoul
insert into book (author,isbn,item_id) values (?,?,?)
insert into book (author,isbn,item_id) values ('i','i',264);
2024-04-29T19:41:38.627+09:00 DEBUG 58944 --- [project] [    Test worker] org.hibernate.SQL                        : 
    insert 
    into
        upload_file
        (item_id, store_file_name, upload_file_name, file_id) 
    values
        (?, ?, ?, ?)
Hibernate: 
    insert 
    into
        upload_file
        (item_id, store_file_name, upload_file_name, file_id) 
    values
        (?, ?, ?, ?)
2024-04-29T19:41:38.627+09:00  INFO 58944 --- [project] [    Test worker] p6spy                                    : #1714387298627 | took 0ms | statement | connection 6| url jdbc:mysql://127.0.0.1:3306/project?serverTimezone=Asia/Seoul
insert into upload_file (item_id,store_file_name,upload_file_name,file_id) values (?,?,?,?)
insert into upload_file (item_id,store_file_name,upload_file_name,file_id) values (264,'java.io.StringReader@1b6dab22','java.io.StringReader@57832650',264);
2024-04-29T19:41:38.627+09:00 DEBUG 58944 --- [project] [    Test worker] org.hibernate.SQL                        : 
    insert 
    into
        item
        (name, price, quantity, dtype, item_id) 
    values
        (?, ?, ?, 'Book', ?)
Hibernate: 
    insert 
    into
        item
        (name, price, quantity, dtype, item_id) 
    values
        (?, ?, ?, 'Book', ?)
2024-04-29T19:41:38.628+09:00  INFO 58944 --- [project] [    Test worker] p6spy                                    : #1714387298628 | took 0ms | statement | connection 6| url jdbc:mysql://127.0.0.1:3306/project?serverTimezone=Asia/Seoul
insert into item (name,price,quantity,dtype,item_id) values (?,?,?,'Book',?)
insert into item (name,price,quantity,dtype,item_id) values ('i',265,265,'Book',265);
2024-04-29T19:41:38.628+09:00 DEBUG 58944 --- [project] [    Test worker] org.hibernate.SQL                        : 
    insert 
    into
        book
        (author, isbn, item_id) 
    values
        (?, ?, ?)
Hibernate: 
    insert 
    into
        book
        (author, isbn, item_id) 
    values
        (?, ?, ?)
2024-04-29T19:41:38.628+09:00  INFO 58944 --- [project] [    Test worker] p6spy                                    : #1714387298628 | took 0ms | statement | connection 6| url jdbc:mysql://127.0.0.1:3306/project?serverTimezone=Asia/Seoul
insert into book (author,isbn,item_id) values (?,?,?)
insert into book (author,isbn,item_id) values ('i','i',265);
2024-04-29T19:41:38.628+09:00 DEBUG 58944 --- [project] [    Test worker] org.hibernate.SQL                        : 
    insert 
    into
        upload_file
        (item_id, store_file_name, upload_file_name, file_id) 
    values
        (?, ?, ?, ?)
Hibernate: 
    insert 
    into
        upload_file
        (item_id, store_file_name, upload_file_name, file_id) 
    values
        (?, ?, ?, ?)
2024-04-29T19:41:38.629+09:00  INFO 58944 --- [project] [    Test worker] p6spy                                    : #1714387298629 | took 0ms | statement | connection 6| url jdbc:mysql://127.0.0.1:3306/project?serverTimezone=Asia/Seoul
insert into upload_file (item_id,store_file_name,upload_file_name,file_id) values (?,?,?,?)
insert into upload_file (item_id,store_file_name,upload_file_name,file_id) values (265,'java.io.StringReader@4fdf83bb','java.io.StringReader@75e81be2',265);
2024-04-29T19:41:38.629+09:00 DEBUG 58944 --- [project] [    Test worker] org.hibernate.SQL                        : 
    insert 
    into
        item
        (name, price, quantity, dtype, item_id) 
    values
        (?, ?, ?, 'Book', ?)
Hibernate: 
    insert 
    into
        item
        (name, price, quantity, dtype, item_id) 
    values
        (?, ?, ?, 'Book', ?)
2024-04-29T19:41:38.629+09:00  INFO 58944 --- [project] [    Test worker] p6spy                                    : #1714387298629 | took 0ms | statement | connection 6| url jdbc:mysql://127.0.0.1:3306/project?serverTimezone=Asia/Seoul
insert into item (name,price,quantity,dtype,item_id) values (?,?,?,'Book',?)
insert into item (name,price,quantity,dtype,item_id) values ('i',266,266,'Book',266);
2024-04-29T19:41:38.630+09:00 DEBUG 58944 --- [project] [    Test worker] org.hibernate.SQL                        : 
    insert 
    into
        book
        (author, isbn, item_id) 
    values
        (?, ?, ?)
Hibernate: 
    insert 
    into
        book
        (author, isbn, item_id) 
    values
        (?, ?, ?)
2024-04-29T19:41:38.630+09:00  INFO 58944 --- [project] [    Test worker] p6spy                                    : #1714387298630 | took 0ms | statement | connection 6| url jdbc:mysql://127.0.0.1:3306/project?serverTimezone=Asia/Seoul
insert into book (author,isbn,item_id) values (?,?,?)
insert into book (author,isbn,item_id) values ('i','i',266);
2024-04-29T19:41:38.630+09:00 DEBUG 58944 --- [project] [    Test worker] org.hibernate.SQL                        : 
    insert 
    into
        upload_file
        (item_id, store_file_name, upload_file_name, file_id) 
    values
        (?, ?, ?, ?)
Hibernate: 
    insert 
    into
        upload_file
        (item_id, store_file_name, upload_file_name, file_id) 
    values
        (?, ?, ?, ?)
2024-04-29T19:41:38.631+09:00  INFO 58944 --- [project] [    Test worker] p6spy                                    : #1714387298631 | took 0ms | statement | connection 6| url jdbc:mysql://127.0.0.1:3306/project?serverTimezone=Asia/Seoul
insert into upload_file (item_id,store_file_name,upload_file_name,file_id) values (?,?,?,?)
insert into upload_file (item_id,store_file_name,upload_file_name,file_id) values (266,'java.io.StringReader@2659225a','java.io.StringReader@5f82dd9a',266);
2024-04-29T19:41:38.631+09:00 DEBUG 58944 --- [project] [    Test worker] org.hibernate.SQL                        : 
    insert 
    into
        item
        (name, price, quantity, dtype, item_id) 
    values
        (?, ?, ?, 'Book', ?)
Hibernate: 
    insert 
    into
        item
        (name, price, quantity, dtype, item_id) 
    values
        (?, ?, ?, 'Book', ?)
2024-04-29T19:41:38.631+09:00  INFO 58944 --- [project] [    Test worker] p6spy                                    : #1714387298631 | took 0ms | statement | connection 6| url jdbc:mysql://127.0.0.1:3306/project?serverTimezone=Asia/Seoul
insert into item (name,price,quantity,dtype,item_id) values (?,?,?,'Book',?)
insert into item (name,price,quantity,dtype,item_id) values ('i',267,267,'Book',267);
2024-04-29T19:41:38.631+09:00 DEBUG 58944 --- [project] [    Test worker] org.hibernate.SQL                        : 
    insert 
    into
        book
        (author, isbn, item_id) 
    values
        (?, ?, ?)
Hibernate: 
    insert 
    into
        book
        (author, isbn, item_id) 
    values
        (?, ?, ?)
2024-04-29T19:41:38.632+09:00  INFO 58944 --- [project] [    Test worker] p6spy                                    : #1714387298632 | took 0ms | statement | connection 6| url jdbc:mysql://127.0.0.1:3306/project?serverTimezone=Asia/Seoul
insert into book (author,isbn,item_id) values (?,?,?)
insert into book (author,isbn,item_id) values ('i','i',267);
2024-04-29T19:41:38.632+09:00 DEBUG 58944 --- [project] [    Test worker] org.hibernate.SQL                        : 
    insert 
    into
        upload_file
        (item_id, store_file_name, upload_file_name, file_id) 
    values
        (?, ?, ?, ?)
Hibernate: 
    insert 
    into
        upload_file
        (item_id, store_file_name, upload_file_name, file_id) 
    values
        (?, ?, ?, ?)
2024-04-29T19:41:38.632+09:00  INFO 58944 --- [project] [    Test worker] p6spy                                    : #1714387298632 | took 0ms | statement | connection 6| url jdbc:mysql://127.0.0.1:3306/project?serverTimezone=Asia/Seoul
insert into upload_file (item_id,store_file_name,upload_file_name,file_id) values (?,?,?,?)
insert into upload_file (item_id,store_file_name,upload_file_name,file_id) values (267,'java.io.StringReader@23195ebe','java.io.StringReader@5c866852',267);
2024-04-29T19:41:38.633+09:00 DEBUG 58944 --- [project] [    Test worker] org.hibernate.SQL                        : 
    insert 
    into
        item
        (name, price, quantity, dtype, item_id) 
    values
        (?, ?, ?, 'Book', ?)
Hibernate: 
    insert 
    into
        item
        (name, price, quantity, dtype, item_id) 
    values
        (?, ?, ?, 'Book', ?)
2024-04-29T19:41:38.633+09:00  INFO 58944 --- [project] [    Test worker] p6spy                                    : #1714387298633 | took 0ms | statement | connection 6| url jdbc:mysql://127.0.0.1:3306/project?serverTimezone=Asia/Seoul
insert into item (name,price,quantity,dtype,item_id) values (?,?,?,'Book',?)
insert into item (name,price,quantity,dtype,item_id) values ('i',268,268,'Book',268);
2024-04-29T19:41:38.633+09:00 DEBUG 58944 --- [project] [    Test worker] org.hibernate.SQL                        : 
    insert 
    into
        book
        (author, isbn, item_id) 
    values
        (?, ?, ?)
Hibernate: 
    insert 
    into
        book
        (author, isbn, item_id) 
    values
        (?, ?, ?)
2024-04-29T19:41:38.633+09:00  INFO 58944 --- [project] [    Test worker] p6spy                                    : #1714387298633 | took 0ms | statement | connection 6| url jdbc:mysql://127.0.0.1:3306/project?serverTimezone=Asia/Seoul
insert into book (author,isbn,item_id) values (?,?,?)
insert into book (author,isbn,item_id) values ('i','i',268);
2024-04-29T19:41:38.633+09:00 DEBUG 58944 --- [project] [    Test worker] org.hibernate.SQL                        : 
    insert 
    into
        upload_file
        (item_id, store_file_name, upload_file_name, file_id) 
    values
        (?, ?, ?, ?)
Hibernate: 
    insert 
    into
        upload_file
        (item_id, store_file_name, upload_file_name, file_id) 
    values
        (?, ?, ?, ?)
2024-04-29T19:41:38.634+09:00  INFO 58944 --- [project] [    Test worker] p6spy                                    : #1714387298634 | took 0ms | statement | connection 6| url jdbc:mysql://127.0.0.1:3306/project?serverTimezone=Asia/Seoul
insert into upload_file (item_id,store_file_name,upload_file_name,file_id) values (?,?,?,?)
insert into upload_file (item_id,store_file_name,upload_file_name,file_id) values (268,'java.io.StringReader@471021f8','java.io.StringReader@3bbd9232',268);
2024-04-29T19:41:38.634+09:00 DEBUG 58944 --- [project] [    Test worker] org.hibernate.SQL                        : 
    insert 
    into
        item
        (name, price, quantity, dtype, item_id) 
    values
        (?, ?, ?, 'Book', ?)
Hibernate: 
    insert 
    into
        item
        (name, price, quantity, dtype, item_id) 
    values
        (?, ?, ?, 'Book', ?)
2024-04-29T19:41:38.634+09:00  INFO 58944 --- [project] [    Test worker] p6spy                                    : #1714387298634 | took 0ms | statement | connection 6| url jdbc:mysql://127.0.0.1:3306/project?serverTimezone=Asia/Seoul
insert into item (name,price,quantity,dtype,item_id) values (?,?,?,'Book',?)
insert into item (name,price,quantity,dtype,item_id) values ('i',269,269,'Book',269);
2024-04-29T19:41:38.634+09:00 DEBUG 58944 --- [project] [    Test worker] org.hibernate.SQL                        : 
    insert 
    into
        book
        (author, isbn, item_id) 
    values
        (?, ?, ?)
Hibernate: 
    insert 
    into
        book
        (author, isbn, item_id) 
    values
        (?, ?, ?)
2024-04-29T19:41:38.634+09:00  INFO 58944 --- [project] [    Test worker] p6spy                                    : #1714387298634 | took 0ms | statement | connection 6| url jdbc:mysql://127.0.0.1:3306/project?serverTimezone=Asia/Seoul
insert into book (author,isbn,item_id) values (?,?,?)
insert into book (author,isbn,item_id) values ('i','i',269);
2024-04-29T19:41:38.635+09:00 DEBUG 58944 --- [project] [    Test worker] org.hibernate.SQL                        : 
    insert 
    into
        upload_file
        (item_id, store_file_name, upload_file_name, file_id) 
    values
        (?, ?, ?, ?)
Hibernate: 
    insert 
    into
        upload_file
        (item_id, store_file_name, upload_file_name, file_id) 
    values
        (?, ?, ?, ?)
2024-04-29T19:41:38.635+09:00  INFO 58944 --- [project] [    Test worker] p6spy                                    : #1714387298635 | took 0ms | statement | connection 6| url jdbc:mysql://127.0.0.1:3306/project?serverTimezone=Asia/Seoul
insert into upload_file (item_id,store_file_name,upload_file_name,file_id) values (?,?,?,?)
insert into upload_file (item_id,store_file_name,upload_file_name,file_id) values (269,'java.io.StringReader@4d400e77','java.io.StringReader@2033fd39',269);
2024-04-29T19:41:38.635+09:00 DEBUG 58944 --- [project] [    Test worker] org.hibernate.SQL                        : 
    insert 
    into
        item
        (name, price, quantity, dtype, item_id) 
    values
        (?, ?, ?, 'Book', ?)
Hibernate: 
    insert 
    into
        item
        (name, price, quantity, dtype, item_id) 
    values
        (?, ?, ?, 'Book', ?)
2024-04-29T19:41:38.636+09:00  INFO 58944 --- [project] [    Test worker] p6spy                                    : #1714387298636 | took 0ms | statement | connection 6| url jdbc:mysql://127.0.0.1:3306/project?serverTimezone=Asia/Seoul
insert into item (name,price,quantity,dtype,item_id) values (?,?,?,'Book',?)
insert into item (name,price,quantity,dtype,item_id) values ('i',270,270,'Book',270);
2024-04-29T19:41:38.636+09:00 DEBUG 58944 --- [project] [    Test worker] org.hibernate.SQL                        : 
    insert 
    into
        book
        (author, isbn, item_id) 
    values
        (?, ?, ?)
Hibernate: 
    insert 
    into
        book
        (author, isbn, item_id) 
    values
        (?, ?, ?)
2024-04-29T19:41:38.636+09:00  INFO 58944 --- [project] [    Test worker] p6spy                                    : #1714387298636 | took 0ms | statement | connection 6| url jdbc:mysql://127.0.0.1:3306/project?serverTimezone=Asia/Seoul
insert into book (author,isbn,item_id) values (?,?,?)
insert into book (author,isbn,item_id) values ('i','i',270);
2024-04-29T19:41:38.636+09:00 DEBUG 58944 --- [project] [    Test worker] org.hibernate.SQL                        : 
    insert 
    into
        upload_file
        (item_id, store_file_name, upload_file_name, file_id) 
    values
        (?, ?, ?, ?)
Hibernate: 
    insert 
    into
        upload_file
        (item_id, store_file_name, upload_file_name, file_id) 
    values
        (?, ?, ?, ?)
2024-04-29T19:41:38.636+09:00  INFO 58944 --- [project] [    Test worker] p6spy                                    : #1714387298636 | took 0ms | statement | connection 6| url jdbc:mysql://127.0.0.1:3306/project?serverTimezone=Asia/Seoul
insert into upload_file (item_id,store_file_name,upload_file_name,file_id) values (?,?,?,?)
insert into upload_file (item_id,store_file_name,upload_file_name,file_id) values (270,'java.io.StringReader@49f8b57d','java.io.StringReader@4b6b9255',270);
2024-04-29T19:41:38.637+09:00 DEBUG 58944 --- [project] [    Test worker] org.hibernate.SQL                        : 
    insert 
    into
        item
        (name, price, quantity, dtype, item_id) 
    values
        (?, ?, ?, 'Book', ?)
Hibernate: 
    insert 
    into
        item
        (name, price, quantity, dtype, item_id) 
    values
        (?, ?, ?, 'Book', ?)
2024-04-29T19:41:38.637+09:00  INFO 58944 --- [project] [    Test worker] p6spy                                    : #1714387298637 | took 0ms | statement | connection 6| url jdbc:mysql://127.0.0.1:3306/project?serverTimezone=Asia/Seoul
insert into item (name,price,quantity,dtype,item_id) values (?,?,?,'Book',?)
insert into item (name,price,quantity,dtype,item_id) values ('i',271,271,'Book',271);
2024-04-29T19:41:38.637+09:00 DEBUG 58944 --- [project] [    Test worker] org.hibernate.SQL                        : 
    insert 
    into
        book
        (author, isbn, item_id) 
    values
        (?, ?, ?)
Hibernate: 
    insert 
    into
        book
        (author, isbn, item_id) 
    values
        (?, ?, ?)
2024-04-29T19:41:38.638+09:00  INFO 58944 --- [project] [    Test worker] p6spy                                    : #1714387298638 | took 0ms | statement | connection 6| url jdbc:mysql://127.0.0.1:3306/project?serverTimezone=Asia/Seoul
insert into book (author,isbn,item_id) values (?,?,?)
insert into book (author,isbn,item_id) values ('i','i',271);
2024-04-29T19:41:38.638+09:00 DEBUG 58944 --- [project] [    Test worker] org.hibernate.SQL                        : 
    insert 
    into
        upload_file
        (item_id, store_file_name, upload_file_name, file_id) 
    values
        (?, ?, ?, ?)
Hibernate: 
    insert 
    into
        upload_file
        (item_id, store_file_name, upload_file_name, file_id) 
    values
        (?, ?, ?, ?)
2024-04-29T19:41:38.638+09:00  INFO 58944 --- [project] [    Test worker] p6spy                                    : #1714387298638 | took 0ms | statement | connection 6| url jdbc:mysql://127.0.0.1:3306/project?serverTimezone=Asia/Seoul
insert into upload_file (item_id,store_file_name,upload_file_name,file_id) values (?,?,?,?)
insert into upload_file (item_id,store_file_name,upload_file_name,file_id) values (271,'java.io.StringReader@64176780','java.io.StringReader@61668c05',271);
2024-04-29T19:41:38.638+09:00 DEBUG 58944 --- [project] [    Test worker] org.hibernate.SQL                        : 
    insert 
    into
        item
        (name, price, quantity, dtype, item_id) 
    values
        (?, ?, ?, 'Book', ?)
Hibernate: 
    insert 
    into
        item
        (name, price, quantity, dtype, item_id) 
    values
        (?, ?, ?, 'Book', ?)
2024-04-29T19:41:38.639+09:00  INFO 58944 --- [project] [    Test worker] p6spy                                    : #1714387298639 | took 0ms | statement | connection 6| url jdbc:mysql://127.0.0.1:3306/project?serverTimezone=Asia/Seoul
insert into item (name,price,quantity,dtype,item_id) values (?,?,?,'Book',?)
insert into item (name,price,quantity,dtype,item_id) values ('i',272,272,'Book',272);
2024-04-29T19:41:38.639+09:00 DEBUG 58944 --- [project] [    Test worker] org.hibernate.SQL                        : 
    insert 
    into
        book
        (author, isbn, item_id) 
    values
        (?, ?, ?)
Hibernate: 
    insert 
    into
        book
        (author, isbn, item_id) 
    values
        (?, ?, ?)
2024-04-29T19:41:38.639+09:00  INFO 58944 --- [project] [    Test worker] p6spy                                    : #1714387298639 | took 0ms | statement | connection 6| url jdbc:mysql://127.0.0.1:3306/project?serverTimezone=Asia/Seoul
insert into book (author,isbn,item_id) values (?,?,?)
insert into book (author,isbn,item_id) values ('i','i',272);
2024-04-29T19:41:38.639+09:00 DEBUG 58944 --- [project] [    Test worker] org.hibernate.SQL                        : 
    insert 
    into
        upload_file
        (item_id, store_file_name, upload_file_name, file_id) 
    values
        (?, ?, ?, ?)
Hibernate: 
    insert 
    into
        upload_file
        (item_id, store_file_name, upload_file_name, file_id) 
    values
        (?, ?, ?, ?)
2024-04-29T19:41:38.640+09:00  INFO 58944 --- [project] [    Test worker] p6spy                                    : #1714387298640 | took 0ms | statement | connection 6| url jdbc:mysql://127.0.0.1:3306/project?serverTimezone=Asia/Seoul
insert into upload_file (item_id,store_file_name,upload_file_name,file_id) values (?,?,?,?)
insert into upload_file (item_id,store_file_name,upload_file_name,file_id) values (272,'java.io.StringReader@34f3189','java.io.StringReader@aab0379',272);
2024-04-29T19:41:38.640+09:00 DEBUG 58944 --- [project] [    Test worker] org.hibernate.SQL                        : 
    insert 
    into
        item
        (name, price, quantity, dtype, item_id) 
    values
        (?, ?, ?, 'Book', ?)
Hibernate: 
    insert 
    into
        item
        (name, price, quantity, dtype, item_id) 
    values
        (?, ?, ?, 'Book', ?)
2024-04-29T19:41:38.640+09:00  INFO 58944 --- [project] [    Test worker] p6spy                                    : #1714387298640 | took 0ms | statement | connection 6| url jdbc:mysql://127.0.0.1:3306/project?serverTimezone=Asia/Seoul
insert into item (name,price,quantity,dtype,item_id) values (?,?,?,'Book',?)
insert into item (name,price,quantity,dtype,item_id) values ('i',273,273,'Book',273);
2024-04-29T19:41:38.640+09:00 DEBUG 58944 --- [project] [    Test worker] org.hibernate.SQL                        : 
    insert 
    into
        book
        (author, isbn, item_id) 
    values
        (?, ?, ?)
Hibernate: 
    insert 
    into
        book
        (author, isbn, item_id) 
    values
        (?, ?, ?)
2024-04-29T19:41:38.640+09:00  INFO 58944 --- [project] [    Test worker] p6spy                                    : #1714387298640 | took 0ms | statement | connection 6| url jdbc:mysql://127.0.0.1:3306/project?serverTimezone=Asia/Seoul
insert into book (author,isbn,item_id) values (?,?,?)
insert into book (author,isbn,item_id) values ('i','i',273);
2024-04-29T19:41:38.641+09:00 DEBUG 58944 --- [project] [    Test worker] org.hibernate.SQL                        : 
    insert 
    into
        upload_file
        (item_id, store_file_name, upload_file_name, file_id) 
    values
        (?, ?, ?, ?)
Hibernate: 
    insert 
    into
        upload_file
        (item_id, store_file_name, upload_file_name, file_id) 
    values
        (?, ?, ?, ?)
2024-04-29T19:41:38.642+09:00  INFO 58944 --- [project] [    Test worker] p6spy                                    : #1714387298642 | took 0ms | statement | connection 6| url jdbc:mysql://127.0.0.1:3306/project?serverTimezone=Asia/Seoul
insert into upload_file (item_id,store_file_name,upload_file_name,file_id) values (?,?,?,?)
insert into upload_file (item_id,store_file_name,upload_file_name,file_id) values (273,'java.io.StringReader@7065ae93','java.io.StringReader@30c98124',273);
2024-04-29T19:41:38.642+09:00 DEBUG 58944 --- [project] [    Test worker] org.hibernate.SQL                        : 
    insert 
    into
        item
        (name, price, quantity, dtype, item_id) 
    values
        (?, ?, ?, 'Book', ?)
Hibernate: 
    insert 
    into
        item
        (name, price, quantity, dtype, item_id) 
    values
        (?, ?, ?, 'Book', ?)
2024-04-29T19:41:38.642+09:00  INFO 58944 --- [project] [    Test worker] p6spy                                    : #1714387298642 | took 0ms | statement | connection 6| url jdbc:mysql://127.0.0.1:3306/project?serverTimezone=Asia/Seoul
insert into item (name,price,quantity,dtype,item_id) values (?,?,?,'Book',?)
insert into item (name,price,quantity,dtype,item_id) values ('i',274,274,'Book',274);
2024-04-29T19:41:38.642+09:00 DEBUG 58944 --- [project] [    Test worker] org.hibernate.SQL                        : 
    insert 
    into
        book
        (author, isbn, item_id) 
    values
        (?, ?, ?)
Hibernate: 
    insert 
    into
        book
        (author, isbn, item_id) 
    values
        (?, ?, ?)
2024-04-29T19:41:38.643+09:00  INFO 58944 --- [project] [    Test worker] p6spy                                    : #1714387298643 | took 0ms | statement | connection 6| url jdbc:mysql://127.0.0.1:3306/project?serverTimezone=Asia/Seoul
insert into book (author,isbn,item_id) values (?,?,?)
insert into book (author,isbn,item_id) values ('i','i',274);
2024-04-29T19:41:38.643+09:00 DEBUG 58944 --- [project] [    Test worker] org.hibernate.SQL                        : 
    insert 
    into
        upload_file
        (item_id, store_file_name, upload_file_name, file_id) 
    values
        (?, ?, ?, ?)
Hibernate: 
    insert 
    into
        upload_file
        (item_id, store_file_name, upload_file_name, file_id) 
    values
        (?, ?, ?, ?)
2024-04-29T19:41:38.643+09:00  INFO 58944 --- [project] [    Test worker] p6spy                                    : #1714387298643 | took 0ms | statement | connection 6| url jdbc:mysql://127.0.0.1:3306/project?serverTimezone=Asia/Seoul
insert into upload_file (item_id,store_file_name,upload_file_name,file_id) values (?,?,?,?)
insert into upload_file (item_id,store_file_name,upload_file_name,file_id) values (274,'java.io.StringReader@19f19f89','java.io.StringReader@38328799',274);
2024-04-29T19:41:38.643+09:00 DEBUG 58944 --- [project] [    Test worker] org.hibernate.SQL                        : 
    insert 
    into
        item
        (name, price, quantity, dtype, item_id) 
    values
        (?, ?, ?, 'Book', ?)
Hibernate: 
    insert 
    into
        item
        (name, price, quantity, dtype, item_id) 
    values
        (?, ?, ?, 'Book', ?)
2024-04-29T19:41:38.644+09:00  INFO 58944 --- [project] [    Test worker] p6spy                                    : #1714387298643 | took 0ms | statement | connection 6| url jdbc:mysql://127.0.0.1:3306/project?serverTimezone=Asia/Seoul
insert into item (name,price,quantity,dtype,item_id) values (?,?,?,'Book',?)
insert into item (name,price,quantity,dtype,item_id) values ('i',275,275,'Book',275);
2024-04-29T19:41:38.644+09:00 DEBUG 58944 --- [project] [    Test worker] org.hibernate.SQL                        : 
    insert 
    into
        book
        (author, isbn, item_id) 
    values
        (?, ?, ?)
Hibernate: 
    insert 
    into
        book
        (author, isbn, item_id) 
    values
        (?, ?, ?)
2024-04-29T19:41:38.644+09:00  INFO 58944 --- [project] [    Test worker] p6spy                                    : #1714387298644 | took 0ms | statement | connection 6| url jdbc:mysql://127.0.0.1:3306/project?serverTimezone=Asia/Seoul
insert into book (author,isbn,item_id) values (?,?,?)
insert into book (author,isbn,item_id) values ('i','i',275);
2024-04-29T19:41:38.644+09:00 DEBUG 58944 --- [project] [    Test worker] org.hibernate.SQL                        : 
    insert 
    into
        upload_file
        (item_id, store_file_name, upload_file_name, file_id) 
    values
        (?, ?, ?, ?)
Hibernate: 
    insert 
    into
        upload_file
        (item_id, store_file_name, upload_file_name, file_id) 
    values
        (?, ?, ?, ?)
2024-04-29T19:41:38.645+09:00  INFO 58944 --- [project] [    Test worker] p6spy                                    : #1714387298645 | took 0ms | statement | connection 6| url jdbc:mysql://127.0.0.1:3306/project?serverTimezone=Asia/Seoul
insert into upload_file (item_id,store_file_name,upload_file_name,file_id) values (?,?,?,?)
insert into upload_file (item_id,store_file_name,upload_file_name,file_id) values (275,'java.io.StringReader@45e1d6a5','java.io.StringReader@60df0131',275);
2024-04-29T19:41:38.645+09:00 DEBUG 58944 --- [project] [    Test worker] org.hibernate.SQL                        : 
    insert 
    into
        item
        (name, price, quantity, dtype, item_id) 
    values
        (?, ?, ?, 'Book', ?)
Hibernate: 
    insert 
    into
        item
        (name, price, quantity, dtype, item_id) 
    values
        (?, ?, ?, 'Book', ?)
2024-04-29T19:41:38.645+09:00  INFO 58944 --- [project] [    Test worker] p6spy                                    : #1714387298645 | took 0ms | statement | connection 6| url jdbc:mysql://127.0.0.1:3306/project?serverTimezone=Asia/Seoul
insert into item (name,price,quantity,dtype,item_id) values (?,?,?,'Book',?)
insert into item (name,price,quantity,dtype,item_id) values ('i',276,276,'Book',276);
2024-04-29T19:41:38.645+09:00 DEBUG 58944 --- [project] [    Test worker] org.hibernate.SQL                        : 
    insert 
    into
        book
        (author, isbn, item_id) 
    values
        (?, ?, ?)
Hibernate: 
    insert 
    into
        book
        (author, isbn, item_id) 
    values
        (?, ?, ?)
2024-04-29T19:41:38.646+09:00  INFO 58944 --- [project] [    Test worker] p6spy                                    : #1714387298646 | took 0ms | statement | connection 6| url jdbc:mysql://127.0.0.1:3306/project?serverTimezone=Asia/Seoul
insert into book (author,isbn,item_id) values (?,?,?)
insert into book (author,isbn,item_id) values ('i','i',276);
2024-04-29T19:41:38.646+09:00 DEBUG 58944 --- [project] [    Test worker] org.hibernate.SQL                        : 
    insert 
    into
        upload_file
        (item_id, store_file_name, upload_file_name, file_id) 
    values
        (?, ?, ?, ?)
Hibernate: 
    insert 
    into
        upload_file
        (item_id, store_file_name, upload_file_name, file_id) 
    values
        (?, ?, ?, ?)
2024-04-29T19:41:38.646+09:00  INFO 58944 --- [project] [    Test worker] p6spy                                    : #1714387298646 | took 0ms | statement | connection 6| url jdbc:mysql://127.0.0.1:3306/project?serverTimezone=Asia/Seoul
insert into upload_file (item_id,store_file_name,upload_file_name,file_id) values (?,?,?,?)
insert into upload_file (item_id,store_file_name,upload_file_name,file_id) values (276,'java.io.StringReader@3052ce36','java.io.StringReader@6eefc125',276);
2024-04-29T19:41:38.646+09:00 DEBUG 58944 --- [project] [    Test worker] org.hibernate.SQL                        : 
    insert 
    into
        item
        (name, price, quantity, dtype, item_id) 
    values
        (?, ?, ?, 'Book', ?)
Hibernate: 
    insert 
    into
        item
        (name, price, quantity, dtype, item_id) 
    values
        (?, ?, ?, 'Book', ?)
2024-04-29T19:41:38.647+09:00  INFO 58944 --- [project] [    Test worker] p6spy                                    : #1714387298647 | took 0ms | statement | connection 6| url jdbc:mysql://127.0.0.1:3306/project?serverTimezone=Asia/Seoul
insert into item (name,price,quantity,dtype,item_id) values (?,?,?,'Book',?)
insert into item (name,price,quantity,dtype,item_id) values ('i',277,277,'Book',277);
2024-04-29T19:41:38.647+09:00 DEBUG 58944 --- [project] [    Test worker] org.hibernate.SQL                        : 
    insert 
    into
        book
        (author, isbn, item_id) 
    values
        (?, ?, ?)
Hibernate: 
    insert 
    into
        book
        (author, isbn, item_id) 
    values
        (?, ?, ?)
2024-04-29T19:41:38.647+09:00  INFO 58944 --- [project] [    Test worker] p6spy                                    : #1714387298647 | took 0ms | statement | connection 6| url jdbc:mysql://127.0.0.1:3306/project?serverTimezone=Asia/Seoul
insert into book (author,isbn,item_id) values (?,?,?)
insert into book (author,isbn,item_id) values ('i','i',277);
2024-04-29T19:41:38.647+09:00 DEBUG 58944 --- [project] [    Test worker] org.hibernate.SQL                        : 
    insert 
    into
        upload_file
        (item_id, store_file_name, upload_file_name, file_id) 
    values
        (?, ?, ?, ?)
Hibernate: 
    insert 
    into
        upload_file
        (item_id, store_file_name, upload_file_name, file_id) 
    values
        (?, ?, ?, ?)
2024-04-29T19:41:38.648+09:00  INFO 58944 --- [project] [    Test worker] p6spy                                    : #1714387298648 | took 0ms | statement | connection 6| url jdbc:mysql://127.0.0.1:3306/project?serverTimezone=Asia/Seoul
insert into upload_file (item_id,store_file_name,upload_file_name,file_id) values (?,?,?,?)
insert into upload_file (item_id,store_file_name,upload_file_name,file_id) values (277,'java.io.StringReader@1a3761a','java.io.StringReader@509cf73a',277);
2024-04-29T19:41:38.648+09:00 DEBUG 58944 --- [project] [    Test worker] org.hibernate.SQL                        : 
    insert 
    into
        item
        (name, price, quantity, dtype, item_id) 
    values
        (?, ?, ?, 'Book', ?)
Hibernate: 
    insert 
    into
        item
        (name, price, quantity, dtype, item_id) 
    values
        (?, ?, ?, 'Book', ?)
2024-04-29T19:41:38.648+09:00  INFO 58944 --- [project] [    Test worker] p6spy                                    : #1714387298648 | took 0ms | statement | connection 6| url jdbc:mysql://127.0.0.1:3306/project?serverTimezone=Asia/Seoul
insert into item (name,price,quantity,dtype,item_id) values (?,?,?,'Book',?)
insert into item (name,price,quantity,dtype,item_id) values ('i',278,278,'Book',278);
2024-04-29T19:41:38.648+09:00 DEBUG 58944 --- [project] [    Test worker] org.hibernate.SQL                        : 
    insert 
    into
        book
        (author, isbn, item_id) 
    values
        (?, ?, ?)
Hibernate: 
    insert 
    into
        book
        (author, isbn, item_id) 
    values
        (?, ?, ?)
2024-04-29T19:41:38.649+09:00  INFO 58944 --- [project] [    Test worker] p6spy                                    : #1714387298649 | took 0ms | statement | connection 6| url jdbc:mysql://127.0.0.1:3306/project?serverTimezone=Asia/Seoul
insert into book (author,isbn,item_id) values (?,?,?)
insert into book (author,isbn,item_id) values ('i','i',278);
2024-04-29T19:41:38.649+09:00 DEBUG 58944 --- [project] [    Test worker] org.hibernate.SQL                        : 
    insert 
    into
        upload_file
        (item_id, store_file_name, upload_file_name, file_id) 
    values
        (?, ?, ?, ?)
Hibernate: 
    insert 
    into
        upload_file
        (item_id, store_file_name, upload_file_name, file_id) 
    values
        (?, ?, ?, ?)
2024-04-29T19:41:38.649+09:00  INFO 58944 --- [project] [    Test worker] p6spy                                    : #1714387298649 | took 0ms | statement | connection 6| url jdbc:mysql://127.0.0.1:3306/project?serverTimezone=Asia/Seoul
insert into upload_file (item_id,store_file_name,upload_file_name,file_id) values (?,?,?,?)
insert into upload_file (item_id,store_file_name,upload_file_name,file_id) values (278,'java.io.StringReader@72b92ce6','java.io.StringReader@31ebc5fa',278);
2024-04-29T19:41:38.649+09:00 DEBUG 58944 --- [project] [    Test worker] org.hibernate.SQL                        : 
    insert 
    into
        item
        (name, price, quantity, dtype, item_id) 
    values
        (?, ?, ?, 'Book', ?)
Hibernate: 
    insert 
    into
        item
        (name, price, quantity, dtype, item_id) 
    values
        (?, ?, ?, 'Book', ?)
2024-04-29T19:41:38.650+09:00  INFO 58944 --- [project] [    Test worker] p6spy                                    : #1714387298650 | took 0ms | statement | connection 6| url jdbc:mysql://127.0.0.1:3306/project?serverTimezone=Asia/Seoul
insert into item (name,price,quantity,dtype,item_id) values (?,?,?,'Book',?)
insert into item (name,price,quantity,dtype,item_id) values ('i',279,279,'Book',279);
2024-04-29T19:41:38.650+09:00 DEBUG 58944 --- [project] [    Test worker] org.hibernate.SQL                        : 
    insert 
    into
        book
        (author, isbn, item_id) 
    values
        (?, ?, ?)
Hibernate: 
    insert 
    into
        book
        (author, isbn, item_id) 
    values
        (?, ?, ?)
2024-04-29T19:41:38.650+09:00  INFO 58944 --- [project] [    Test worker] p6spy                                    : #1714387298650 | took 0ms | statement | connection 6| url jdbc:mysql://127.0.0.1:3306/project?serverTimezone=Asia/Seoul
insert into book (author,isbn,item_id) values (?,?,?)
insert into book (author,isbn,item_id) values ('i','i',279);
2024-04-29T19:41:38.650+09:00 DEBUG 58944 --- [project] [    Test worker] org.hibernate.SQL                        : 
    insert 
    into
        upload_file
        (item_id, store_file_name, upload_file_name, file_id) 
    values
        (?, ?, ?, ?)
Hibernate: 
    insert 
    into
        upload_file
        (item_id, store_file_name, upload_file_name, file_id) 
    values
        (?, ?, ?, ?)
2024-04-29T19:41:38.650+09:00  INFO 58944 --- [project] [    Test worker] p6spy                                    : #1714387298650 | took 0ms | statement | connection 6| url jdbc:mysql://127.0.0.1:3306/project?serverTimezone=Asia/Seoul
insert into upload_file (item_id,store_file_name,upload_file_name,file_id) values (?,?,?,?)
insert into upload_file (item_id,store_file_name,upload_file_name,file_id) values (279,'java.io.StringReader@75f1c170','java.io.StringReader@63fa0b9',279);
2024-04-29T19:41:38.651+09:00 DEBUG 58944 --- [project] [    Test worker] org.hibernate.SQL                        : 
    insert 
    into
        item
        (name, price, quantity, dtype, item_id) 
    values
        (?, ?, ?, 'Book', ?)
Hibernate: 
    insert 
    into
        item
        (name, price, quantity, dtype, item_id) 
    values
        (?, ?, ?, 'Book', ?)
2024-04-29T19:41:38.651+09:00  INFO 58944 --- [project] [    Test worker] p6spy                                    : #1714387298651 | took 0ms | statement | connection 6| url jdbc:mysql://127.0.0.1:3306/project?serverTimezone=Asia/Seoul
insert into item (name,price,quantity,dtype,item_id) values (?,?,?,'Book',?)
insert into item (name,price,quantity,dtype,item_id) values ('i',280,280,'Book',280);
2024-04-29T19:41:38.651+09:00 DEBUG 58944 --- [project] [    Test worker] org.hibernate.SQL                        : 
    insert 
    into
        book
        (author, isbn, item_id) 
    values
        (?, ?, ?)
Hibernate: 
    insert 
    into
        book
        (author, isbn, item_id) 
    values
        (?, ?, ?)
2024-04-29T19:41:38.651+09:00  INFO 58944 --- [project] [    Test worker] p6spy                                    : #1714387298651 | took 0ms | statement | connection 6| url jdbc:mysql://127.0.0.1:3306/project?serverTimezone=Asia/Seoul
insert into book (author,isbn,item_id) values (?,?,?)
insert into book (author,isbn,item_id) values ('i','i',280);
2024-04-29T19:41:38.651+09:00 DEBUG 58944 --- [project] [    Test worker] org.hibernate.SQL                        : 
    insert 
    into
        upload_file
        (item_id, store_file_name, upload_file_name, file_id) 
    values
        (?, ?, ?, ?)
Hibernate: 
    insert 
    into
        upload_file
        (item_id, store_file_name, upload_file_name, file_id) 
    values
        (?, ?, ?, ?)
2024-04-29T19:41:38.652+09:00  INFO 58944 --- [project] [    Test worker] p6spy                                    : #1714387298652 | took 0ms | statement | connection 6| url jdbc:mysql://127.0.0.1:3306/project?serverTimezone=Asia/Seoul
insert into upload_file (item_id,store_file_name,upload_file_name,file_id) values (?,?,?,?)
insert into upload_file (item_id,store_file_name,upload_file_name,file_id) values (280,'java.io.StringReader@4e2860d3','java.io.StringReader@322b500a',280);
2024-04-29T19:41:38.652+09:00 DEBUG 58944 --- [project] [    Test worker] org.hibernate.SQL                        : 
    insert 
    into
        item
        (name, price, quantity, dtype, item_id) 
    values
        (?, ?, ?, 'Book', ?)
Hibernate: 
    insert 
    into
        item
        (name, price, quantity, dtype, item_id) 
    values
        (?, ?, ?, 'Book', ?)
2024-04-29T19:41:38.652+09:00  INFO 58944 --- [project] [    Test worker] p6spy                                    : #1714387298652 | took 0ms | statement | connection 6| url jdbc:mysql://127.0.0.1:3306/project?serverTimezone=Asia/Seoul
insert into item (name,price,quantity,dtype,item_id) values (?,?,?,'Book',?)
insert into item (name,price,quantity,dtype,item_id) values ('i',281,281,'Book',281);
2024-04-29T19:41:38.652+09:00 DEBUG 58944 --- [project] [    Test worker] org.hibernate.SQL                        : 
    insert 
    into
        book
        (author, isbn, item_id) 
    values
        (?, ?, ?)
Hibernate: 
    insert 
    into
        book
        (author, isbn, item_id) 
    values
        (?, ?, ?)
2024-04-29T19:41:38.653+09:00  INFO 58944 --- [project] [    Test worker] p6spy                                    : #1714387298653 | took 0ms | statement | connection 6| url jdbc:mysql://127.0.0.1:3306/project?serverTimezone=Asia/Seoul
insert into book (author,isbn,item_id) values (?,?,?)
insert into book (author,isbn,item_id) values ('i','i',281);
2024-04-29T19:41:38.653+09:00 DEBUG 58944 --- [project] [    Test worker] org.hibernate.SQL                        : 
    insert 
    into
        upload_file
        (item_id, store_file_name, upload_file_name, file_id) 
    values
        (?, ?, ?, ?)
Hibernate: 
    insert 
    into
        upload_file
        (item_id, store_file_name, upload_file_name, file_id) 
    values
        (?, ?, ?, ?)
2024-04-29T19:41:38.654+09:00  INFO 58944 --- [project] [    Test worker] p6spy                                    : #1714387298654 | took 0ms | statement | connection 6| url jdbc:mysql://127.0.0.1:3306/project?serverTimezone=Asia/Seoul
insert into upload_file (item_id,store_file_name,upload_file_name,file_id) values (?,?,?,?)
insert into upload_file (item_id,store_file_name,upload_file_name,file_id) values (281,'java.io.StringReader@11069bdd','java.io.StringReader@62b903ae',281);
2024-04-29T19:41:38.654+09:00 DEBUG 58944 --- [project] [    Test worker] org.hibernate.SQL                        : 
    insert 
    into
        item
        (name, price, quantity, dtype, item_id) 
    values
        (?, ?, ?, 'Book', ?)
Hibernate: 
    insert 
    into
        item
        (name, price, quantity, dtype, item_id) 
    values
        (?, ?, ?, 'Book', ?)
2024-04-29T19:41:38.654+09:00  INFO 58944 --- [project] [    Test worker] p6spy                                    : #1714387298654 | took 0ms | statement | connection 6| url jdbc:mysql://127.0.0.1:3306/project?serverTimezone=Asia/Seoul
insert into item (name,price,quantity,dtype,item_id) values (?,?,?,'Book',?)
insert into item (name,price,quantity,dtype,item_id) values ('i',282,282,'Book',282);
2024-04-29T19:41:38.654+09:00 DEBUG 58944 --- [project] [    Test worker] org.hibernate.SQL                        : 
    insert 
    into
        book
        (author, isbn, item_id) 
    values
        (?, ?, ?)
Hibernate: 
    insert 
    into
        book
        (author, isbn, item_id) 
    values
        (?, ?, ?)
2024-04-29T19:41:38.655+09:00  INFO 58944 --- [project] [    Test worker] p6spy                                    : #1714387298655 | took 0ms | statement | connection 6| url jdbc:mysql://127.0.0.1:3306/project?serverTimezone=Asia/Seoul
insert into book (author,isbn,item_id) values (?,?,?)
insert into book (author,isbn,item_id) values ('i','i',282);
2024-04-29T19:41:38.655+09:00 DEBUG 58944 --- [project] [    Test worker] org.hibernate.SQL                        : 
    insert 
    into
        upload_file
        (item_id, store_file_name, upload_file_name, file_id) 
    values
        (?, ?, ?, ?)
Hibernate: 
    insert 
    into
        upload_file
        (item_id, store_file_name, upload_file_name, file_id) 
    values
        (?, ?, ?, ?)
2024-04-29T19:41:38.655+09:00  INFO 58944 --- [project] [    Test worker] p6spy                                    : #1714387298655 | took 0ms | statement | connection 6| url jdbc:mysql://127.0.0.1:3306/project?serverTimezone=Asia/Seoul
insert into upload_file (item_id,store_file_name,upload_file_name,file_id) values (?,?,?,?)
insert into upload_file (item_id,store_file_name,upload_file_name,file_id) values (282,'java.io.StringReader@1f5797d5','java.io.StringReader@64ce7e6f',282);
2024-04-29T19:41:38.656+09:00 DEBUG 58944 --- [project] [    Test worker] org.hibernate.SQL                        : 
    insert 
    into
        item
        (name, price, quantity, dtype, item_id) 
    values
        (?, ?, ?, 'Book', ?)
Hibernate: 
    insert 
    into
        item
        (name, price, quantity, dtype, item_id) 
    values
        (?, ?, ?, 'Book', ?)
2024-04-29T19:41:38.656+09:00  INFO 58944 --- [project] [    Test worker] p6spy                                    : #1714387298656 | took 0ms | statement | connection 6| url jdbc:mysql://127.0.0.1:3306/project?serverTimezone=Asia/Seoul
insert into item (name,price,quantity,dtype,item_id) values (?,?,?,'Book',?)
insert into item (name,price,quantity,dtype,item_id) values ('i',283,283,'Book',283);
2024-04-29T19:41:38.656+09:00 DEBUG 58944 --- [project] [    Test worker] org.hibernate.SQL                        : 
    insert 
    into
        book
        (author, isbn, item_id) 
    values
        (?, ?, ?)
Hibernate: 
    insert 
    into
        book
        (author, isbn, item_id) 
    values
        (?, ?, ?)
2024-04-29T19:41:38.657+09:00  INFO 58944 --- [project] [    Test worker] p6spy                                    : #1714387298657 | took 0ms | statement | connection 6| url jdbc:mysql://127.0.0.1:3306/project?serverTimezone=Asia/Seoul
insert into book (author,isbn,item_id) values (?,?,?)
insert into book (author,isbn,item_id) values ('i','i',283);
2024-04-29T19:41:38.657+09:00 DEBUG 58944 --- [project] [    Test worker] org.hibernate.SQL                        : 
    insert 
    into
        upload_file
        (item_id, store_file_name, upload_file_name, file_id) 
    values
        (?, ?, ?, ?)
Hibernate: 
    insert 
    into
        upload_file
        (item_id, store_file_name, upload_file_name, file_id) 
    values
        (?, ?, ?, ?)
2024-04-29T19:41:38.657+09:00  INFO 58944 --- [project] [    Test worker] p6spy                                    : #1714387298657 | took 0ms | statement | connection 6| url jdbc:mysql://127.0.0.1:3306/project?serverTimezone=Asia/Seoul
insert into upload_file (item_id,store_file_name,upload_file_name,file_id) values (?,?,?,?)
insert into upload_file (item_id,store_file_name,upload_file_name,file_id) values (283,'java.io.StringReader@4e58f26d','java.io.StringReader@5c501f62',283);
2024-04-29T19:41:38.657+09:00 DEBUG 58944 --- [project] [    Test worker] org.hibernate.SQL                        : 
    insert 
    into
        item
        (name, price, quantity, dtype, item_id) 
    values
        (?, ?, ?, 'Book', ?)
Hibernate: 
    insert 
    into
        item
        (name, price, quantity, dtype, item_id) 
    values
        (?, ?, ?, 'Book', ?)
2024-04-29T19:41:38.658+09:00  INFO 58944 --- [project] [    Test worker] p6spy                                    : #1714387298658 | took 0ms | statement | connection 6| url jdbc:mysql://127.0.0.1:3306/project?serverTimezone=Asia/Seoul
insert into item (name,price,quantity,dtype,item_id) values (?,?,?,'Book',?)
insert into item (name,price,quantity,dtype,item_id) values ('i',284,284,'Book',284);
2024-04-29T19:41:38.658+09:00 DEBUG 58944 --- [project] [    Test worker] org.hibernate.SQL                        : 
    insert 
    into
        book
        (author, isbn, item_id) 
    values
        (?, ?, ?)
Hibernate: 
    insert 
    into
        book
        (author, isbn, item_id) 
    values
        (?, ?, ?)
2024-04-29T19:41:38.658+09:00  INFO 58944 --- [project] [    Test worker] p6spy                                    : #1714387298658 | took 0ms | statement | connection 6| url jdbc:mysql://127.0.0.1:3306/project?serverTimezone=Asia/Seoul
insert into book (author,isbn,item_id) values (?,?,?)
insert into book (author,isbn,item_id) values ('i','i',284);
2024-04-29T19:41:38.658+09:00 DEBUG 58944 --- [project] [    Test worker] org.hibernate.SQL                        : 
    insert 
    into
        upload_file
        (item_id, store_file_name, upload_file_name, file_id) 
    values
        (?, ?, ?, ?)
Hibernate: 
    insert 
    into
        upload_file
        (item_id, store_file_name, upload_file_name, file_id) 
    values
        (?, ?, ?, ?)
2024-04-29T19:41:38.659+09:00  INFO 58944 --- [project] [    Test worker] p6spy                                    : #1714387298659 | took 0ms | statement | connection 6| url jdbc:mysql://127.0.0.1:3306/project?serverTimezone=Asia/Seoul
insert into upload_file (item_id,store_file_name,upload_file_name,file_id) values (?,?,?,?)
insert into upload_file (item_id,store_file_name,upload_file_name,file_id) values (284,'java.io.StringReader@48720dcf','java.io.StringReader@2f65c341',284);
2024-04-29T19:41:38.659+09:00 DEBUG 58944 --- [project] [    Test worker] org.hibernate.SQL                        : 
    insert 
    into
        item
        (name, price, quantity, dtype, item_id) 
    values
        (?, ?, ?, 'Book', ?)
Hibernate: 
    insert 
    into
        item
        (name, price, quantity, dtype, item_id) 
    values
        (?, ?, ?, 'Book', ?)
2024-04-29T19:41:38.659+09:00  INFO 58944 --- [project] [    Test worker] p6spy                                    : #1714387298659 | took 0ms | statement | connection 6| url jdbc:mysql://127.0.0.1:3306/project?serverTimezone=Asia/Seoul
insert into item (name,price,quantity,dtype,item_id) values (?,?,?,'Book',?)
insert into item (name,price,quantity,dtype,item_id) values ('i',285,285,'Book',285);
2024-04-29T19:41:38.659+09:00 DEBUG 58944 --- [project] [    Test worker] org.hibernate.SQL                        : 
    insert 
    into
        book
        (author, isbn, item_id) 
    values
        (?, ?, ?)
Hibernate: 
    insert 
    into
        book
        (author, isbn, item_id) 
    values
        (?, ?, ?)
2024-04-29T19:41:38.660+09:00  INFO 58944 --- [project] [    Test worker] p6spy                                    : #1714387298660 | took 0ms | statement | connection 6| url jdbc:mysql://127.0.0.1:3306/project?serverTimezone=Asia/Seoul
insert into book (author,isbn,item_id) values (?,?,?)
insert into book (author,isbn,item_id) values ('i','i',285);
2024-04-29T19:41:38.660+09:00 DEBUG 58944 --- [project] [    Test worker] org.hibernate.SQL                        : 
    insert 
    into
        upload_file
        (item_id, store_file_name, upload_file_name, file_id) 
    values
        (?, ?, ?, ?)
Hibernate: 
    insert 
    into
        upload_file
        (item_id, store_file_name, upload_file_name, file_id) 
    values
        (?, ?, ?, ?)
2024-04-29T19:41:38.660+09:00  INFO 58944 --- [project] [    Test worker] p6spy                                    : #1714387298660 | took 0ms | statement | connection 6| url jdbc:mysql://127.0.0.1:3306/project?serverTimezone=Asia/Seoul
insert into upload_file (item_id,store_file_name,upload_file_name,file_id) values (?,?,?,?)
insert into upload_file (item_id,store_file_name,upload_file_name,file_id) values (285,'java.io.StringReader@68b5a37d','java.io.StringReader@558fe3b0',285);
2024-04-29T19:41:38.660+09:00 DEBUG 58944 --- [project] [    Test worker] org.hibernate.SQL                        : 
    insert 
    into
        item
        (name, price, quantity, dtype, item_id) 
    values
        (?, ?, ?, 'Book', ?)
Hibernate: 
    insert 
    into
        item
        (name, price, quantity, dtype, item_id) 
    values
        (?, ?, ?, 'Book', ?)
2024-04-29T19:41:38.661+09:00  INFO 58944 --- [project] [    Test worker] p6spy                                    : #1714387298661 | took 0ms | statement | connection 6| url jdbc:mysql://127.0.0.1:3306/project?serverTimezone=Asia/Seoul
insert into item (name,price,quantity,dtype,item_id) values (?,?,?,'Book',?)
insert into item (name,price,quantity,dtype,item_id) values ('i',286,286,'Book',286);
2024-04-29T19:41:38.661+09:00 DEBUG 58944 --- [project] [    Test worker] org.hibernate.SQL                        : 
    insert 
    into
        book
        (author, isbn, item_id) 
    values
        (?, ?, ?)
Hibernate: 
    insert 
    into
        book
        (author, isbn, item_id) 
    values
        (?, ?, ?)
2024-04-29T19:41:38.661+09:00  INFO 58944 --- [project] [    Test worker] p6spy                                    : #1714387298661 | took 0ms | statement | connection 6| url jdbc:mysql://127.0.0.1:3306/project?serverTimezone=Asia/Seoul
insert into book (author,isbn,item_id) values (?,?,?)
insert into book (author,isbn,item_id) values ('i','i',286);
2024-04-29T19:41:38.661+09:00 DEBUG 58944 --- [project] [    Test worker] org.hibernate.SQL                        : 
    insert 
    into
        upload_file
        (item_id, store_file_name, upload_file_name, file_id) 
    values
        (?, ?, ?, ?)
Hibernate: 
    insert 
    into
        upload_file
        (item_id, store_file_name, upload_file_name, file_id) 
    values
        (?, ?, ?, ?)
2024-04-29T19:41:38.662+09:00  INFO 58944 --- [project] [    Test worker] p6spy                                    : #1714387298662 | took 0ms | statement | connection 6| url jdbc:mysql://127.0.0.1:3306/project?serverTimezone=Asia/Seoul
insert into upload_file (item_id,store_file_name,upload_file_name,file_id) values (?,?,?,?)
insert into upload_file (item_id,store_file_name,upload_file_name,file_id) values (286,'java.io.StringReader@7921eb37','java.io.StringReader@3fdb9c55',286);
2024-04-29T19:41:38.662+09:00 DEBUG 58944 --- [project] [    Test worker] org.hibernate.SQL                        : 
    insert 
    into
        item
        (name, price, quantity, dtype, item_id) 
    values
        (?, ?, ?, 'Book', ?)
Hibernate: 
    insert 
    into
        item
        (name, price, quantity, dtype, item_id) 
    values
        (?, ?, ?, 'Book', ?)
2024-04-29T19:41:38.662+09:00  INFO 58944 --- [project] [    Test worker] p6spy                                    : #1714387298662 | took 0ms | statement | connection 6| url jdbc:mysql://127.0.0.1:3306/project?serverTimezone=Asia/Seoul
insert into item (name,price,quantity,dtype,item_id) values (?,?,?,'Book',?)
insert into item (name,price,quantity,dtype,item_id) values ('i',287,287,'Book',287);
2024-04-29T19:41:38.662+09:00 DEBUG 58944 --- [project] [    Test worker] org.hibernate.SQL                        : 
    insert 
    into
        book
        (author, isbn, item_id) 
    values
        (?, ?, ?)
Hibernate: 
    insert 
    into
        book
        (author, isbn, item_id) 
    values
        (?, ?, ?)
2024-04-29T19:41:38.663+09:00  INFO 58944 --- [project] [    Test worker] p6spy                                    : #1714387298663 | took 0ms | statement | connection 6| url jdbc:mysql://127.0.0.1:3306/project?serverTimezone=Asia/Seoul
insert into book (author,isbn,item_id) values (?,?,?)
insert into book (author,isbn,item_id) values ('i','i',287);
2024-04-29T19:41:38.663+09:00 DEBUG 58944 --- [project] [    Test worker] org.hibernate.SQL                        : 
    insert 
    into
        upload_file
        (item_id, store_file_name, upload_file_name, file_id) 
    values
        (?, ?, ?, ?)
Hibernate: 
    insert 
    into
        upload_file
        (item_id, store_file_name, upload_file_name, file_id) 
    values
        (?, ?, ?, ?)
2024-04-29T19:41:38.663+09:00  INFO 58944 --- [project] [    Test worker] p6spy                                    : #1714387298663 | took 0ms | statement | connection 6| url jdbc:mysql://127.0.0.1:3306/project?serverTimezone=Asia/Seoul
insert into upload_file (item_id,store_file_name,upload_file_name,file_id) values (?,?,?,?)
insert into upload_file (item_id,store_file_name,upload_file_name,file_id) values (287,'java.io.StringReader@6ef7e510','java.io.StringReader@3b89bf47',287);
2024-04-29T19:41:38.663+09:00 DEBUG 58944 --- [project] [    Test worker] org.hibernate.SQL                        : 
    insert 
    into
        item
        (name, price, quantity, dtype, item_id) 
    values
        (?, ?, ?, 'Book', ?)
Hibernate: 
    insert 
    into
        item
        (name, price, quantity, dtype, item_id) 
    values
        (?, ?, ?, 'Book', ?)
2024-04-29T19:41:38.664+09:00  INFO 58944 --- [project] [    Test worker] p6spy                                    : #1714387298664 | took 0ms | statement | connection 6| url jdbc:mysql://127.0.0.1:3306/project?serverTimezone=Asia/Seoul
insert into item (name,price,quantity,dtype,item_id) values (?,?,?,'Book',?)
insert into item (name,price,quantity,dtype,item_id) values ('i',288,288,'Book',288);
2024-04-29T19:41:38.664+09:00 DEBUG 58944 --- [project] [    Test worker] org.hibernate.SQL                        : 
    insert 
    into
        book
        (author, isbn, item_id) 
    values
        (?, ?, ?)
Hibernate: 
    insert 
    into
        book
        (author, isbn, item_id) 
    values
        (?, ?, ?)
2024-04-29T19:41:38.664+09:00  INFO 58944 --- [project] [    Test worker] p6spy                                    : #1714387298664 | took 0ms | statement | connection 6| url jdbc:mysql://127.0.0.1:3306/project?serverTimezone=Asia/Seoul
insert into book (author,isbn,item_id) values (?,?,?)
insert into book (author,isbn,item_id) values ('i','i',288);
2024-04-29T19:41:38.664+09:00 DEBUG 58944 --- [project] [    Test worker] org.hibernate.SQL                        : 
    insert 
    into
        upload_file
        (item_id, store_file_name, upload_file_name, file_id) 
    values
        (?, ?, ?, ?)
Hibernate: 
    insert 
    into
        upload_file
        (item_id, store_file_name, upload_file_name, file_id) 
    values
        (?, ?, ?, ?)
2024-04-29T19:41:38.664+09:00  INFO 58944 --- [project] [    Test worker] p6spy                                    : #1714387298664 | took 0ms | statement | connection 6| url jdbc:mysql://127.0.0.1:3306/project?serverTimezone=Asia/Seoul
insert into upload_file (item_id,store_file_name,upload_file_name,file_id) values (?,?,?,?)
insert into upload_file (item_id,store_file_name,upload_file_name,file_id) values (288,'java.io.StringReader@735c0454','java.io.StringReader@6f475ede',288);
2024-04-29T19:41:38.665+09:00 DEBUG 58944 --- [project] [    Test worker] org.hibernate.SQL                        : 
    insert 
    into
        item
        (name, price, quantity, dtype, item_id) 
    values
        (?, ?, ?, 'Book', ?)
Hibernate: 
    insert 
    into
        item
        (name, price, quantity, dtype, item_id) 
    values
        (?, ?, ?, 'Book', ?)
2024-04-29T19:41:38.665+09:00  INFO 58944 --- [project] [    Test worker] p6spy                                    : #1714387298665 | took 0ms | statement | connection 6| url jdbc:mysql://127.0.0.1:3306/project?serverTimezone=Asia/Seoul
insert into item (name,price,quantity,dtype,item_id) values (?,?,?,'Book',?)
insert into item (name,price,quantity,dtype,item_id) values ('i',289,289,'Book',289);
2024-04-29T19:41:38.665+09:00 DEBUG 58944 --- [project] [    Test worker] org.hibernate.SQL                        : 
    insert 
    into
        book
        (author, isbn, item_id) 
    values
        (?, ?, ?)
Hibernate: 
    insert 
    into
        book
        (author, isbn, item_id) 
    values
        (?, ?, ?)
2024-04-29T19:41:38.665+09:00  INFO 58944 --- [project] [    Test worker] p6spy                                    : #1714387298665 | took 0ms | statement | connection 6| url jdbc:mysql://127.0.0.1:3306/project?serverTimezone=Asia/Seoul
insert into book (author,isbn,item_id) values (?,?,?)
insert into book (author,isbn,item_id) values ('i','i',289);
2024-04-29T19:41:38.665+09:00 DEBUG 58944 --- [project] [    Test worker] org.hibernate.SQL                        : 
    insert 
    into
        upload_file
        (item_id, store_file_name, upload_file_name, file_id) 
    values
        (?, ?, ?, ?)
Hibernate: 
    insert 
    into
        upload_file
        (item_id, store_file_name, upload_file_name, file_id) 
    values
        (?, ?, ?, ?)
2024-04-29T19:41:38.666+09:00  INFO 58944 --- [project] [    Test worker] p6spy                                    : #1714387298666 | took 0ms | statement | connection 6| url jdbc:mysql://127.0.0.1:3306/project?serverTimezone=Asia/Seoul
insert into upload_file (item_id,store_file_name,upload_file_name,file_id) values (?,?,?,?)
insert into upload_file (item_id,store_file_name,upload_file_name,file_id) values (289,'java.io.StringReader@6e58f36d','java.io.StringReader@11f633f',289);
2024-04-29T19:41:38.666+09:00 DEBUG 58944 --- [project] [    Test worker] org.hibernate.SQL                        : 
    insert 
    into
        item
        (name, price, quantity, dtype, item_id) 
    values
        (?, ?, ?, 'Book', ?)
Hibernate: 
    insert 
    into
        item
        (name, price, quantity, dtype, item_id) 
    values
        (?, ?, ?, 'Book', ?)
2024-04-29T19:41:38.666+09:00  INFO 58944 --- [project] [    Test worker] p6spy                                    : #1714387298666 | took 0ms | statement | connection 6| url jdbc:mysql://127.0.0.1:3306/project?serverTimezone=Asia/Seoul
insert into item (name,price,quantity,dtype,item_id) values (?,?,?,'Book',?)
insert into item (name,price,quantity,dtype,item_id) values ('i',290,290,'Book',290);
2024-04-29T19:41:38.666+09:00 DEBUG 58944 --- [project] [    Test worker] org.hibernate.SQL                        : 
    insert 
    into
        book
        (author, isbn, item_id) 
    values
        (?, ?, ?)
Hibernate: 
    insert 
    into
        book
        (author, isbn, item_id) 
    values
        (?, ?, ?)
2024-04-29T19:41:38.666+09:00  INFO 58944 --- [project] [    Test worker] p6spy                                    : #1714387298666 | took 0ms | statement | connection 6| url jdbc:mysql://127.0.0.1:3306/project?serverTimezone=Asia/Seoul
insert into book (author,isbn,item_id) values (?,?,?)
insert into book (author,isbn,item_id) values ('i','i',290);
2024-04-29T19:41:38.667+09:00 DEBUG 58944 --- [project] [    Test worker] org.hibernate.SQL                        : 
    insert 
    into
        upload_file
        (item_id, store_file_name, upload_file_name, file_id) 
    values
        (?, ?, ?, ?)
Hibernate: 
    insert 
    into
        upload_file
        (item_id, store_file_name, upload_file_name, file_id) 
    values
        (?, ?, ?, ?)
2024-04-29T19:41:38.667+09:00  INFO 58944 --- [project] [    Test worker] p6spy                                    : #1714387298667 | took 0ms | statement | connection 6| url jdbc:mysql://127.0.0.1:3306/project?serverTimezone=Asia/Seoul
insert into upload_file (item_id,store_file_name,upload_file_name,file_id) values (?,?,?,?)
insert into upload_file (item_id,store_file_name,upload_file_name,file_id) values (290,'java.io.StringReader@64027866','java.io.StringReader@46b4819c',290);
2024-04-29T19:41:38.667+09:00 DEBUG 58944 --- [project] [    Test worker] org.hibernate.SQL                        : 
    insert 
    into
        item
        (name, price, quantity, dtype, item_id) 
    values
        (?, ?, ?, 'Book', ?)
Hibernate: 
    insert 
    into
        item
        (name, price, quantity, dtype, item_id) 
    values
        (?, ?, ?, 'Book', ?)
2024-04-29T19:41:38.667+09:00  INFO 58944 --- [project] [    Test worker] p6spy                                    : #1714387298667 | took 0ms | statement | connection 6| url jdbc:mysql://127.0.0.1:3306/project?serverTimezone=Asia/Seoul
insert into item (name,price,quantity,dtype,item_id) values (?,?,?,'Book',?)
insert into item (name,price,quantity,dtype,item_id) values ('i',291,291,'Book',291);
2024-04-29T19:41:38.668+09:00 DEBUG 58944 --- [project] [    Test worker] org.hibernate.SQL                        : 
    insert 
    into
        book
        (author, isbn, item_id) 
    values
        (?, ?, ?)
Hibernate: 
    insert 
    into
        book
        (author, isbn, item_id) 
    values
        (?, ?, ?)
2024-04-29T19:41:38.668+09:00  INFO 58944 --- [project] [    Test worker] p6spy                                    : #1714387298668 | took 0ms | statement | connection 6| url jdbc:mysql://127.0.0.1:3306/project?serverTimezone=Asia/Seoul
insert into book (author,isbn,item_id) values (?,?,?)
insert into book (author,isbn,item_id) values ('i','i',291);
2024-04-29T19:41:38.668+09:00 DEBUG 58944 --- [project] [    Test worker] org.hibernate.SQL                        : 
    insert 
    into
        upload_file
        (item_id, store_file_name, upload_file_name, file_id) 
    values
        (?, ?, ?, ?)
Hibernate: 
    insert 
    into
        upload_file
        (item_id, store_file_name, upload_file_name, file_id) 
    values
        (?, ?, ?, ?)
2024-04-29T19:41:38.668+09:00  INFO 58944 --- [project] [    Test worker] p6spy                                    : #1714387298668 | took 0ms | statement | connection 6| url jdbc:mysql://127.0.0.1:3306/project?serverTimezone=Asia/Seoul
insert into upload_file (item_id,store_file_name,upload_file_name,file_id) values (?,?,?,?)
insert into upload_file (item_id,store_file_name,upload_file_name,file_id) values (291,'java.io.StringReader@4077e676','java.io.StringReader@25c4d2a0',291);
2024-04-29T19:41:38.668+09:00 DEBUG 58944 --- [project] [    Test worker] org.hibernate.SQL                        : 
    insert 
    into
        item
        (name, price, quantity, dtype, item_id) 
    values
        (?, ?, ?, 'Book', ?)
Hibernate: 
    insert 
    into
        item
        (name, price, quantity, dtype, item_id) 
    values
        (?, ?, ?, 'Book', ?)
2024-04-29T19:41:38.669+09:00  INFO 58944 --- [project] [    Test worker] p6spy                                    : #1714387298669 | took 0ms | statement | connection 6| url jdbc:mysql://127.0.0.1:3306/project?serverTimezone=Asia/Seoul
insert into item (name,price,quantity,dtype,item_id) values (?,?,?,'Book',?)
insert into item (name,price,quantity,dtype,item_id) values ('i',292,292,'Book',292);
2024-04-29T19:41:38.669+09:00 DEBUG 58944 --- [project] [    Test worker] org.hibernate.SQL                        : 
    insert 
    into
        book
        (author, isbn, item_id) 
    values
        (?, ?, ?)
Hibernate: 
    insert 
    into
        book
        (author, isbn, item_id) 
    values
        (?, ?, ?)
2024-04-29T19:41:38.669+09:00  INFO 58944 --- [project] [    Test worker] p6spy                                    : #1714387298669 | took 0ms | statement | connection 6| url jdbc:mysql://127.0.0.1:3306/project?serverTimezone=Asia/Seoul
insert into book (author,isbn,item_id) values (?,?,?)
insert into book (author,isbn,item_id) values ('i','i',292);
2024-04-29T19:41:38.669+09:00 DEBUG 58944 --- [project] [    Test worker] org.hibernate.SQL                        : 
    insert 
    into
        upload_file
        (item_id, store_file_name, upload_file_name, file_id) 
    values
        (?, ?, ?, ?)
Hibernate: 
    insert 
    into
        upload_file
        (item_id, store_file_name, upload_file_name, file_id) 
    values
        (?, ?, ?, ?)
2024-04-29T19:41:38.670+09:00  INFO 58944 --- [project] [    Test worker] p6spy                                    : #1714387298670 | took 0ms | statement | connection 6| url jdbc:mysql://127.0.0.1:3306/project?serverTimezone=Asia/Seoul
insert into upload_file (item_id,store_file_name,upload_file_name,file_id) values (?,?,?,?)
insert into upload_file (item_id,store_file_name,upload_file_name,file_id) values (292,'java.io.StringReader@51edc97d','java.io.StringReader@5837b801',292);
2024-04-29T19:41:38.670+09:00 DEBUG 58944 --- [project] [    Test worker] org.hibernate.SQL                        : 
    insert 
    into
        item
        (name, price, quantity, dtype, item_id) 
    values
        (?, ?, ?, 'Book', ?)
Hibernate: 
    insert 
    into
        item
        (name, price, quantity, dtype, item_id) 
    values
        (?, ?, ?, 'Book', ?)
2024-04-29T19:41:38.670+09:00  INFO 58944 --- [project] [    Test worker] p6spy                                    : #1714387298670 | took 0ms | statement | connection 6| url jdbc:mysql://127.0.0.1:3306/project?serverTimezone=Asia/Seoul
insert into item (name,price,quantity,dtype,item_id) values (?,?,?,'Book',?)
insert into item (name,price,quantity,dtype,item_id) values ('i',293,293,'Book',293);
2024-04-29T19:41:38.670+09:00 DEBUG 58944 --- [project] [    Test worker] org.hibernate.SQL                        : 
    insert 
    into
        book
        (author, isbn, item_id) 
    values
        (?, ?, ?)
Hibernate: 
    insert 
    into
        book
        (author, isbn, item_id) 
    values
        (?, ?, ?)
2024-04-29T19:41:38.671+09:00  INFO 58944 --- [project] [    Test worker] p6spy                                    : #1714387298671 | took 0ms | statement | connection 6| url jdbc:mysql://127.0.0.1:3306/project?serverTimezone=Asia/Seoul
insert into book (author,isbn,item_id) values (?,?,?)
insert into book (author,isbn,item_id) values ('i','i',293);
2024-04-29T19:41:38.671+09:00 DEBUG 58944 --- [project] [    Test worker] org.hibernate.SQL                        : 
    insert 
    into
        upload_file
        (item_id, store_file_name, upload_file_name, file_id) 
    values
        (?, ?, ?, ?)
Hibernate: 
    insert 
    into
        upload_file
        (item_id, store_file_name, upload_file_name, file_id) 
    values
        (?, ?, ?, ?)
2024-04-29T19:41:38.672+09:00  INFO 58944 --- [project] [    Test worker] p6spy                                    : #1714387298672 | took 0ms | statement | connection 6| url jdbc:mysql://127.0.0.1:3306/project?serverTimezone=Asia/Seoul
insert into upload_file (item_id,store_file_name,upload_file_name,file_id) values (?,?,?,?)
insert into upload_file (item_id,store_file_name,upload_file_name,file_id) values (293,'java.io.StringReader@702f99a5','java.io.StringReader@7b303608',293);
2024-04-29T19:41:38.672+09:00 DEBUG 58944 --- [project] [    Test worker] org.hibernate.SQL                        : 
    insert 
    into
        item
        (name, price, quantity, dtype, item_id) 
    values
        (?, ?, ?, 'Book', ?)
Hibernate: 
    insert 
    into
        item
        (name, price, quantity, dtype, item_id) 
    values
        (?, ?, ?, 'Book', ?)
2024-04-29T19:41:38.672+09:00  INFO 58944 --- [project] [    Test worker] p6spy                                    : #1714387298672 | took 0ms | statement | connection 6| url jdbc:mysql://127.0.0.1:3306/project?serverTimezone=Asia/Seoul
insert into item (name,price,quantity,dtype,item_id) values (?,?,?,'Book',?)
insert into item (name,price,quantity,dtype,item_id) values ('i',294,294,'Book',294);
2024-04-29T19:41:38.672+09:00 DEBUG 58944 --- [project] [    Test worker] org.hibernate.SQL                        : 
    insert 
    into
        book
        (author, isbn, item_id) 
    values
        (?, ?, ?)
Hibernate: 
    insert 
    into
        book
        (author, isbn, item_id) 
    values
        (?, ?, ?)
2024-04-29T19:41:38.672+09:00  INFO 58944 --- [project] [    Test worker] p6spy                                    : #1714387298672 | took 0ms | statement | connection 6| url jdbc:mysql://127.0.0.1:3306/project?serverTimezone=Asia/Seoul
insert into book (author,isbn,item_id) values (?,?,?)
insert into book (author,isbn,item_id) values ('i','i',294);
2024-04-29T19:41:38.673+09:00 DEBUG 58944 --- [project] [    Test worker] org.hibernate.SQL                        : 
    insert 
    into
        upload_file
        (item_id, store_file_name, upload_file_name, file_id) 
    values
        (?, ?, ?, ?)
Hibernate: 
    insert 
    into
        upload_file
        (item_id, store_file_name, upload_file_name, file_id) 
    values
        (?, ?, ?, ?)
2024-04-29T19:41:38.673+09:00  INFO 58944 --- [project] [    Test worker] p6spy                                    : #1714387298673 | took 0ms | statement | connection 6| url jdbc:mysql://127.0.0.1:3306/project?serverTimezone=Asia/Seoul
insert into upload_file (item_id,store_file_name,upload_file_name,file_id) values (?,?,?,?)
insert into upload_file (item_id,store_file_name,upload_file_name,file_id) values (294,'java.io.StringReader@c2a7ded','java.io.StringReader@4ba61340',294);
2024-04-29T19:41:38.673+09:00 DEBUG 58944 --- [project] [    Test worker] org.hibernate.SQL                        : 
    insert 
    into
        item
        (name, price, quantity, dtype, item_id) 
    values
        (?, ?, ?, 'Book', ?)
Hibernate: 
    insert 
    into
        item
        (name, price, quantity, dtype, item_id) 
    values
        (?, ?, ?, 'Book', ?)
2024-04-29T19:41:38.673+09:00  INFO 58944 --- [project] [    Test worker] p6spy                                    : #1714387298673 | took 0ms | statement | connection 6| url jdbc:mysql://127.0.0.1:3306/project?serverTimezone=Asia/Seoul
insert into item (name,price,quantity,dtype,item_id) values (?,?,?,'Book',?)
insert into item (name,price,quantity,dtype,item_id) values ('i',295,295,'Book',295);
2024-04-29T19:41:38.673+09:00 DEBUG 58944 --- [project] [    Test worker] org.hibernate.SQL                        : 
    insert 
    into
        book
        (author, isbn, item_id) 
    values
        (?, ?, ?)
Hibernate: 
    insert 
    into
        book
        (author, isbn, item_id) 
    values
        (?, ?, ?)
2024-04-29T19:41:38.674+09:00  INFO 58944 --- [project] [    Test worker] p6spy                                    : #1714387298674 | took 0ms | statement | connection 6| url jdbc:mysql://127.0.0.1:3306/project?serverTimezone=Asia/Seoul
insert into book (author,isbn,item_id) values (?,?,?)
insert into book (author,isbn,item_id) values ('i','i',295);
2024-04-29T19:41:38.674+09:00 DEBUG 58944 --- [project] [    Test worker] org.hibernate.SQL                        : 
    insert 
    into
        upload_file
        (item_id, store_file_name, upload_file_name, file_id) 
    values
        (?, ?, ?, ?)
Hibernate: 
    insert 
    into
        upload_file
        (item_id, store_file_name, upload_file_name, file_id) 
    values
        (?, ?, ?, ?)
2024-04-29T19:41:38.674+09:00  INFO 58944 --- [project] [    Test worker] p6spy                                    : #1714387298674 | took 0ms | statement | connection 6| url jdbc:mysql://127.0.0.1:3306/project?serverTimezone=Asia/Seoul
insert into upload_file (item_id,store_file_name,upload_file_name,file_id) values (?,?,?,?)
insert into upload_file (item_id,store_file_name,upload_file_name,file_id) values (295,'java.io.StringReader@106361e9','java.io.StringReader@22974eba',295);
2024-04-29T19:41:38.675+09:00 DEBUG 58944 --- [project] [    Test worker] org.hibernate.SQL                        : 
    insert 
    into
        item
        (name, price, quantity, dtype, item_id) 
    values
        (?, ?, ?, 'Book', ?)
Hibernate: 
    insert 
    into
        item
        (name, price, quantity, dtype, item_id) 
    values
        (?, ?, ?, 'Book', ?)
2024-04-29T19:41:38.675+09:00  INFO 58944 --- [project] [    Test worker] p6spy                                    : #1714387298675 | took 0ms | statement | connection 6| url jdbc:mysql://127.0.0.1:3306/project?serverTimezone=Asia/Seoul
insert into item (name,price,quantity,dtype,item_id) values (?,?,?,'Book',?)
insert into item (name,price,quantity,dtype,item_id) values ('i',296,296,'Book',296);
2024-04-29T19:41:38.675+09:00 DEBUG 58944 --- [project] [    Test worker] org.hibernate.SQL                        : 
    insert 
    into
        book
        (author, isbn, item_id) 
    values
        (?, ?, ?)
Hibernate: 
    insert 
    into
        book
        (author, isbn, item_id) 
    values
        (?, ?, ?)
2024-04-29T19:41:38.675+09:00  INFO 58944 --- [project] [    Test worker] p6spy                                    : #1714387298675 | took 0ms | statement | connection 6| url jdbc:mysql://127.0.0.1:3306/project?serverTimezone=Asia/Seoul
insert into book (author,isbn,item_id) values (?,?,?)
insert into book (author,isbn,item_id) values ('i','i',296);
2024-04-29T19:41:38.675+09:00 DEBUG 58944 --- [project] [    Test worker] org.hibernate.SQL                        : 
    insert 
    into
        upload_file
        (item_id, store_file_name, upload_file_name, file_id) 
    values
        (?, ?, ?, ?)
Hibernate: 
    insert 
    into
        upload_file
        (item_id, store_file_name, upload_file_name, file_id) 
    values
        (?, ?, ?, ?)
2024-04-29T19:41:38.676+09:00  INFO 58944 --- [project] [    Test worker] p6spy                                    : #1714387298676 | took 0ms | statement | connection 6| url jdbc:mysql://127.0.0.1:3306/project?serverTimezone=Asia/Seoul
insert into upload_file (item_id,store_file_name,upload_file_name,file_id) values (?,?,?,?)
insert into upload_file (item_id,store_file_name,upload_file_name,file_id) values (296,'java.io.StringReader@4dc34411','java.io.StringReader@56d9bc5f',296);
2024-04-29T19:41:38.676+09:00 DEBUG 58944 --- [project] [    Test worker] org.hibernate.SQL                        : 
    insert 
    into
        item
        (name, price, quantity, dtype, item_id) 
    values
        (?, ?, ?, 'Book', ?)
Hibernate: 
    insert 
    into
        item
        (name, price, quantity, dtype, item_id) 
    values
        (?, ?, ?, 'Book', ?)
2024-04-29T19:41:38.676+09:00  INFO 58944 --- [project] [    Test worker] p6spy                                    : #1714387298676 | took 0ms | statement | connection 6| url jdbc:mysql://127.0.0.1:3306/project?serverTimezone=Asia/Seoul
insert into item (name,price,quantity,dtype,item_id) values (?,?,?,'Book',?)
insert into item (name,price,quantity,dtype,item_id) values ('i',297,297,'Book',297);
2024-04-29T19:41:38.676+09:00 DEBUG 58944 --- [project] [    Test worker] org.hibernate.SQL                        : 
    insert 
    into
        book
        (author, isbn, item_id) 
    values
        (?, ?, ?)
Hibernate: 
    insert 
    into
        book
        (author, isbn, item_id) 
    values
        (?, ?, ?)
2024-04-29T19:41:38.677+09:00  INFO 58944 --- [project] [    Test worker] p6spy                                    : #1714387298677 | took 0ms | statement | connection 6| url jdbc:mysql://127.0.0.1:3306/project?serverTimezone=Asia/Seoul
insert into book (author,isbn,item_id) values (?,?,?)
insert into book (author,isbn,item_id) values ('i','i',297);
2024-04-29T19:41:38.677+09:00 DEBUG 58944 --- [project] [    Test worker] org.hibernate.SQL                        : 
    insert 
    into
        upload_file
        (item_id, store_file_name, upload_file_name, file_id) 
    values
        (?, ?, ?, ?)
Hibernate: 
    insert 
    into
        upload_file
        (item_id, store_file_name, upload_file_name, file_id) 
    values
        (?, ?, ?, ?)
2024-04-29T19:41:38.677+09:00  INFO 58944 --- [project] [    Test worker] p6spy                                    : #1714387298677 | took 0ms | statement | connection 6| url jdbc:mysql://127.0.0.1:3306/project?serverTimezone=Asia/Seoul
insert into upload_file (item_id,store_file_name,upload_file_name,file_id) values (?,?,?,?)
insert into upload_file (item_id,store_file_name,upload_file_name,file_id) values (297,'java.io.StringReader@4ef435f3','java.io.StringReader@f25106c',297);
2024-04-29T19:41:38.677+09:00 DEBUG 58944 --- [project] [    Test worker] org.hibernate.SQL                        : 
    insert 
    into
        item
        (name, price, quantity, dtype, item_id) 
    values
        (?, ?, ?, 'Book', ?)
Hibernate: 
    insert 
    into
        item
        (name, price, quantity, dtype, item_id) 
    values
        (?, ?, ?, 'Book', ?)
2024-04-29T19:41:38.677+09:00  INFO 58944 --- [project] [    Test worker] p6spy                                    : #1714387298677 | took 0ms | statement | connection 6| url jdbc:mysql://127.0.0.1:3306/project?serverTimezone=Asia/Seoul
insert into item (name,price,quantity,dtype,item_id) values (?,?,?,'Book',?)
insert into item (name,price,quantity,dtype,item_id) values ('i',298,298,'Book',298);
2024-04-29T19:41:38.677+09:00 DEBUG 58944 --- [project] [    Test worker] org.hibernate.SQL                        : 
    insert 
    into
        book
        (author, isbn, item_id) 
    values
        (?, ?, ?)
Hibernate: 
    insert 
    into
        book
        (author, isbn, item_id) 
    values
        (?, ?, ?)
2024-04-29T19:41:38.678+09:00  INFO 58944 --- [project] [    Test worker] p6spy                                    : #1714387298678 | took 0ms | statement | connection 6| url jdbc:mysql://127.0.0.1:3306/project?serverTimezone=Asia/Seoul
insert into book (author,isbn,item_id) values (?,?,?)
insert into book (author,isbn,item_id) values ('i','i',298);
2024-04-29T19:41:38.678+09:00 DEBUG 58944 --- [project] [    Test worker] org.hibernate.SQL                        : 
    insert 
    into
        upload_file
        (item_id, store_file_name, upload_file_name, file_id) 
    values
        (?, ?, ?, ?)
Hibernate: 
    insert 
    into
        upload_file
        (item_id, store_file_name, upload_file_name, file_id) 
    values
        (?, ?, ?, ?)
2024-04-29T19:41:38.678+09:00  INFO 58944 --- [project] [    Test worker] p6spy                                    : #1714387298678 | took 0ms | statement | connection 6| url jdbc:mysql://127.0.0.1:3306/project?serverTimezone=Asia/Seoul
insert into upload_file (item_id,store_file_name,upload_file_name,file_id) values (?,?,?,?)
insert into upload_file (item_id,store_file_name,upload_file_name,file_id) values (298,'java.io.StringReader@6d2fe236','java.io.StringReader@68c7162b',298);
2024-04-29T19:41:38.678+09:00 DEBUG 58944 --- [project] [    Test worker] org.hibernate.SQL                        : 
    insert 
    into
        item
        (name, price, quantity, dtype, item_id) 
    values
        (?, ?, ?, 'Book', ?)
Hibernate: 
    insert 
    into
        item
        (name, price, quantity, dtype, item_id) 
    values
        (?, ?, ?, 'Book', ?)
2024-04-29T19:41:38.679+09:00  INFO 58944 --- [project] [    Test worker] p6spy                                    : #1714387298679 | took 0ms | statement | connection 6| url jdbc:mysql://127.0.0.1:3306/project?serverTimezone=Asia/Seoul
insert into item (name,price,quantity,dtype,item_id) values (?,?,?,'Book',?)
insert into item (name,price,quantity,dtype,item_id) values ('i',299,299,'Book',299);
2024-04-29T19:41:38.679+09:00 DEBUG 58944 --- [project] [    Test worker] org.hibernate.SQL                        : 
    insert 
    into
        book
        (author, isbn, item_id) 
    values
        (?, ?, ?)
Hibernate: 
    insert 
    into
        book
        (author, isbn, item_id) 
    values
        (?, ?, ?)
2024-04-29T19:41:38.679+09:00  INFO 58944 --- [project] [    Test worker] p6spy                                    : #1714387298679 | took 0ms | statement | connection 6| url jdbc:mysql://127.0.0.1:3306/project?serverTimezone=Asia/Seoul
insert into book (author,isbn,item_id) values (?,?,?)
insert into book (author,isbn,item_id) values ('i','i',299);
2024-04-29T19:41:38.679+09:00 DEBUG 58944 --- [project] [    Test worker] org.hibernate.SQL                        : 
    insert 
    into
        upload_file
        (item_id, store_file_name, upload_file_name, file_id) 
    values
        (?, ?, ?, ?)
Hibernate: 
    insert 
    into
        upload_file
        (item_id, store_file_name, upload_file_name, file_id) 
    values
        (?, ?, ?, ?)
2024-04-29T19:41:38.680+09:00  INFO 58944 --- [project] [    Test worker] p6spy                                    : #1714387298680 | took 0ms | statement | connection 6| url jdbc:mysql://127.0.0.1:3306/project?serverTimezone=Asia/Seoul
insert into upload_file (item_id,store_file_name,upload_file_name,file_id) values (?,?,?,?)
insert into upload_file (item_id,store_file_name,upload_file_name,file_id) values (299,'java.io.StringReader@79715834','java.io.StringReader@4d94b0af',299);
2024-04-29T19:41:38.680+09:00 DEBUG 58944 --- [project] [    Test worker] org.hibernate.SQL                        : 
    insert 
    into
        item
        (name, price, quantity, dtype, item_id) 
    values
        (?, ?, ?, 'Book', ?)
Hibernate: 
    insert 
    into
        item
        (name, price, quantity, dtype, item_id) 
    values
        (?, ?, ?, 'Book', ?)
2024-04-29T19:41:38.680+09:00  INFO 58944 --- [project] [    Test worker] p6spy                                    : #1714387298680 | took 0ms | statement | connection 6| url jdbc:mysql://127.0.0.1:3306/project?serverTimezone=Asia/Seoul
insert into item (name,price,quantity,dtype,item_id) values (?,?,?,'Book',?)
insert into item (name,price,quantity,dtype,item_id) values ('i',300,300,'Book',300);
2024-04-29T19:41:38.680+09:00 DEBUG 58944 --- [project] [    Test worker] org.hibernate.SQL                        : 
    insert 
    into
        book
        (author, isbn, item_id) 
    values
        (?, ?, ?)
Hibernate: 
    insert 
    into
        book
        (author, isbn, item_id) 
    values
        (?, ?, ?)
2024-04-29T19:41:38.681+09:00  INFO 58944 --- [project] [    Test worker] p6spy                                    : #1714387298681 | took 0ms | statement | connection 6| url jdbc:mysql://127.0.0.1:3306/project?serverTimezone=Asia/Seoul
insert into book (author,isbn,item_id) values (?,?,?)
insert into book (author,isbn,item_id) values ('i','i',300);
2024-04-29T19:41:38.681+09:00 DEBUG 58944 --- [project] [    Test worker] org.hibernate.SQL                        : 
    insert 
    into
        upload_file
        (item_id, store_file_name, upload_file_name, file_id) 
    values
        (?, ?, ?, ?)
Hibernate: 
    insert 
    into
        upload_file
        (item_id, store_file_name, upload_file_name, file_id) 
    values
        (?, ?, ?, ?)
2024-04-29T19:41:38.681+09:00  INFO 58944 --- [project] [    Test worker] p6spy                                    : #1714387298681 | took 0ms | statement | connection 6| url jdbc:mysql://127.0.0.1:3306/project?serverTimezone=Asia/Seoul
insert into upload_file (item_id,store_file_name,upload_file_name,file_id) values (?,?,?,?)
insert into upload_file (item_id,store_file_name,upload_file_name,file_id) values (300,'java.io.StringReader@109a28c8','java.io.StringReader@1fe8a2fc',300);
2024-04-29T19:41:38.688+09:00  INFO 58944 --- [project] [    Test worker] p6spy                                    : #1714387298688 | took 1ms | commit | connection 6| url jdbc:mysql://127.0.0.1:3306/project?serverTimezone=Asia/Seoul

;
2024-04-29T19:41:38.690+09:00 DEBUG 58944 --- [project] [    Test worker] o.s.orm.jpa.JpaTransactionManager        : Closing JPA EntityManager [SessionImpl(1742749668<open>)] after transaction
2024-04-29T19:41:39.550+09:00 TRACE 58944 --- [project] [    Test worker] o.s.t.i.TransactionInterceptor           : No need to create transaction for [org.springframework.data.jpa.repository.support.SimpleJpaRepository.pagingBook]: This method is not transactional.
2024-04-29T19:41:39.552+09:00  INFO 58944 --- [project] [    Test worker] s.project.aop.LogTraceAspect             : ==============advice 실행==============
2024-04-29T19:41:39.558+09:00  INFO 58944 --- [project] [    Test worker] s.p.a.log.trace.ThreadLocalLogTrace      : [04888ba7] Page shoppingmall.project.repository.impl.ItemRepositoryImpl.pagingBook(Pageable)
2024-04-29T19:41:40.178+09:00 DEBUG 58944 --- [project] [    Test worker] org.hibernate.SQL                        : 
    select
        uf1_0.item_id,
        i2_0.name,
        i2_0.price,
        i2_0.quantity,
        uf1_0.upload_file_name,
        uf1_0.store_file_name,
        b1_0.isbn,
        b1_0.author 
    from
        upload_file uf1_0 
    join
        item i2_0 
            on i2_0.item_id=uf1_0.item_id 
    left join
        item i1_0 
            on uf1_0.item_id=i1_0.item_id 
    left join
        book b1_0 
            on i1_0.item_id=b1_0.item_id 
    where
        i1_0.dtype=? 
    limit
        ?, ?
Hibernate: 
    select
        uf1_0.item_id,
        i2_0.name,
        i2_0.price,
        i2_0.quantity,
        uf1_0.upload_file_name,
        uf1_0.store_file_name,
        b1_0.isbn,
        b1_0.author 
    from
        upload_file uf1_0 
    join
        item i2_0 
            on i2_0.item_id=uf1_0.item_id 
    left join
        item i1_0 
            on uf1_0.item_id=i1_0.item_id 
    left join
        book b1_0 
            on i1_0.item_id=b1_0.item_id 
    where
        i1_0.dtype=? 
    limit
        ?, ?
2024-04-29T19:41:40.197+09:00  INFO 58944 --- [project] [    Test worker] p6spy                                    : #1714387300197 | took 8ms | statement | connection 21| url jdbc:mysql://127.0.0.1:3306/project?serverTimezone=Asia/Seoul
select uf1_0.item_id,i2_0.name,i2_0.price,i2_0.quantity,uf1_0.upload_file_name,uf1_0.store_file_name,b1_0.isbn,b1_0.author from upload_file uf1_0 join item i2_0 on i2_0.item_id=uf1_0.item_id left join item i1_0 on uf1_0.item_id=i1_0.item_id left join book b1_0 on i1_0.item_id=b1_0.item_id where i1_0.dtype=? limit ?,?
select uf1_0.item_id,i2_0.name,i2_0.price,i2_0.quantity,uf1_0.upload_file_name,uf1_0.store_file_name,b1_0.isbn,b1_0.author from upload_file uf1_0 join item i2_0 on i2_0.item_id=uf1_0.item_id left join item i1_0 on uf1_0.item_id=i1_0.item_id left join book b1_0 on i1_0.item_id=b1_0.item_id where i1_0.dtype='Book' limit 30,30;
2024-04-29T19:41:40.270+09:00 DEBUG 58944 --- [project] [    Test worker] org.hibernate.SQL                        : 
    select
        count(uf1_0.file_id) 
    from
        upload_file uf1_0 
    left join
        item i1_0 
            on i1_0.item_id=uf1_0.item_id 
    where
        i1_0.dtype=?
Hibernate: 
    select
        count(uf1_0.file_id) 
    from
        upload_file uf1_0 
    left join
        item i1_0 
            on i1_0.item_id=uf1_0.item_id 
    where
        i1_0.dtype=?
2024-04-29T19:41:40.274+09:00  INFO 58944 --- [project] [    Test worker] p6spy                                    : #1714387300274 | took 2ms | statement | connection 22| url jdbc:mysql://127.0.0.1:3306/project?serverTimezone=Asia/Seoul
select count(uf1_0.file_id) from upload_file uf1_0 left join item i1_0 on i1_0.item_id=uf1_0.item_id where i1_0.dtype=?
select count(uf1_0.file_id) from upload_file uf1_0 left join item i1_0 on i1_0.item_id=uf1_0.item_id where i1_0.dtype='Book';
2024-04-29T19:41:40.278+09:00  INFO 58944 --- [project] [    Test worker] s.p.a.log.trace.ThreadLocalLogTrace      : [04888ba7] Page shoppingmall.project.repository.impl.ItemRepositoryImpl.pagingBook(Pageable) time=720ms
2024-04-29T19:41:40.278+09:00  INFO 58944 --- [project] [    Test worker] s.project.aop.LogTraceAspect             : ==============advice 종료==============
2024-04-29T19:41:40.280+09:00  INFO 58944 --- [project] [    Test worker] shoppingmall.paging.PagingTest           : page.getTotalPages=10
2024-04-29T19:41:40.282+09:00  INFO 58944 --- [project] [    Test worker] shoppingmall.paging.PagingTest           : page.size=30
]]></system-out>
  <system-err><![CDATA[WARNING: A Java agent has been loaded dynamically (/Users/hanjihoon/.gradle/caches/modules-2/files-2.1/net.bytebuddy/byte-buddy-agent/1.14.12/be4984cb6fd1ef1d11f218a648889dfda44b8a15/byte-buddy-agent-1.14.12.jar)
WARNING: If a serviceability tool is in use, please run with -XX:+EnableDynamicAgentLoading to hide this warning
WARNING: If a serviceability tool is not in use, please run with -Djdk.instrument.traceUsage for more information
WARNING: Dynamic loading of agents will be disallowed by default in a future release
]]></system-err>
</testsuite>
